[2025-04-04T18:18:29.044+0000] {local_task_job_runner.py:123} INFO - ::group::Pre task execution logs
[2025-04-04T18:18:29.068+0000] {taskinstance.py:2614} INFO - Dependencies all met for dep_context=non-requeueable deps ti=<TaskInstance: my_dag.my_task scheduled__2025-04-03T00:00:00+00:00 [queued]>
[2025-04-04T18:18:29.077+0000] {taskinstance.py:2614} INFO - Dependencies all met for dep_context=requeueable deps ti=<TaskInstance: my_dag.my_task scheduled__2025-04-03T00:00:00+00:00 [queued]>
[2025-04-04T18:18:29.077+0000] {taskinstance.py:2867} INFO - Starting attempt 1 of 1
[2025-04-04T18:18:29.092+0000] {taskinstance.py:2890} INFO - Executing <Task(PythonOperator): my_task> on 2025-04-03 00:00:00+00:00
[2025-04-04T18:18:29.102+0000] {warnings.py:112} WARNING - /home/***/.local/lib/python3.12/site-packages/***/task/task_runner/standard_task_runner.py:70: DeprecationWarning: This process (pid=180) is multi-threaded, use of fork() may lead to deadlocks in the child.
  pid = os.fork()

[2025-04-04T18:18:29.104+0000] {standard_task_runner.py:72} INFO - Started process 188 to run task
[2025-04-04T18:18:29.105+0000] {standard_task_runner.py:104} INFO - Running: ['***', 'tasks', 'run', 'my_dag', 'my_task', 'scheduled__2025-04-03T00:00:00+00:00', '--job-id', '3', '--raw', '--subdir', 'DAGS_FOLDER/example1.py', '--cfg-path', '/tmp/tmpjs43vpp2']
[2025-04-04T18:18:29.106+0000] {standard_task_runner.py:105} INFO - Job 3: Subtask my_task
[2025-04-04T18:18:29.155+0000] {task_command.py:467} INFO - Running <TaskInstance: my_dag.my_task scheduled__2025-04-03T00:00:00+00:00 [running]> on host d494197b718d
[2025-04-04T18:18:29.241+0000] {taskinstance.py:3134} INFO - Exporting env vars: AIRFLOW_CTX_DAG_OWNER='***' AIRFLOW_CTX_DAG_ID='my_dag' AIRFLOW_CTX_TASK_ID='my_task' AIRFLOW_CTX_EXECUTION_DATE='2025-04-03T00:00:00+00:00' AIRFLOW_CTX_TRY_NUMBER='1' AIRFLOW_CTX_DAG_RUN_ID='scheduled__2025-04-03T00:00:00+00:00'
[2025-04-04T18:18:29.241+0000] {taskinstance.py:732} INFO - ::endgroup::
[2025-04-04T18:18:29.283+0000] {logging_mixin.py:190} INFO - {'conf': <Proxy at 0x7c55819268c0 with factory functools.partial(<function lazy_mapping_from_context.<locals>._deprecated_proxy_factory at 0x7c5581930a40>, 'conf', <***.configuration.AirflowConfigParser object at 0x7c558bd44cb0>)>,
 'conn': None,
 'dag': <DAG: my_dag>,
 'dag_run': <DagRun my_dag @ 2025-04-03 00:00:00+00:00: scheduled__2025-04-03T00:00:00+00:00, state:running, queued_at: 2025-04-04 18:18:28.260074+00:00. externally triggered: False>,
 'data_interval_end': DateTime(2025, 4, 4, 0, 0, 0, tzinfo=Timezone('UTC')),
 'data_interval_start': DateTime(2025, 4, 3, 0, 0, 0, tzinfo=Timezone('UTC')),
 'ds': '2025-04-03',
 'ds_nodash': '20250403',
 'execution_date': <Proxy at 0x7c5581a54c80 with factory functools.partial(<function lazy_mapping_from_context.<locals>._deprecated_proxy_factory at 0x7c5581930a40>, 'execution_date', DateTime(2025, 4, 3, 0, 0, 0, tzinfo=Timezone('UTC')))>,
 'expanded_ti_count': None,
 'inlet_events': InletEventsAccessors(_inlets=[], _datasets={}, _dataset_aliases={}, _session=<sqlalchemy.orm.session.Session object at 0x7c558b4219d0>),
 'inlets': [],
 'logical_date': DateTime(2025, 4, 3, 0, 0, 0, tzinfo=Timezone('UTC')),
 'macros': <module '***.macros' from '/home/***/.local/lib/python3.12/site-packages/***/macros/__init__.py'>,
 'map_index_template': None,
 'next_ds': <Proxy at 0x7c5581af3200 with factory functools.partial(<function lazy_mapping_from_context.<locals>._deprecated_proxy_factory at 0x7c5581930a40>, 'next_ds', '2025-04-04')>,
 'next_ds_nodash': <Proxy at 0x7c558197f980 with factory functools.partial(<function lazy_mapping_from_context.<locals>._deprecated_proxy_factory at 0x7c5581930a40>, 'next_ds_nodash', '20250404')>,
 'next_execution_date': <Proxy at 0x7c5581c2dac0 with factory functools.partial(<function lazy_mapping_from_context.<locals>._deprecated_proxy_factory at 0x7c5581930a40>, 'next_execution_date', DateTime(2025, 4, 4, 0, 0, 0, tzinfo=Timezone('UTC')))>,
 'outlet_events': <***.utils.context.OutletEventAccessors object at 0x7c5581ae3c20>,
 'outlets': [],
 'params': {},
 'prev_data_interval_end_success': None,
 'prev_data_interval_start_success': None,
 'prev_ds': <Proxy at 0x7c5581a8c280 with factory functools.partial(<function lazy_mapping_from_context.<locals>._deprecated_proxy_factory at 0x7c5581930a40>, 'prev_ds', '2025-04-02')>,
 'prev_ds_nodash': <Proxy at 0x7c5581bd1600 with factory functools.partial(<function lazy_mapping_from_context.<locals>._deprecated_proxy_factory at 0x7c5581930a40>, 'prev_ds_nodash', '20250402')>,
 'prev_end_date_success': None,
 'prev_execution_date': <Proxy at 0x7c558191fac0 with factory functools.partial(<function lazy_mapping_from_context.<locals>._deprecated_proxy_factory at 0x7c5581930a40>, 'prev_execution_date', DateTime(2025, 4, 2, 0, 0, 0, tzinfo=Timezone('UTC')))>,
 'prev_execution_date_success': <Proxy at 0x7c5581a33700 with factory functools.partial(<function lazy_mapping_from_context.<locals>._deprecated_proxy_factory at 0x7c5581930a40>, 'prev_execution_date_success', None)>,
 'prev_start_date_success': None,
 'run_id': 'scheduled__2025-04-03T00:00:00+00:00',
 'task': <Task(PythonOperator): my_task>,
 'task_instance': <TaskInstance: my_dag.my_task scheduled__2025-04-03T00:00:00+00:00 [running]>,
 'task_instance_key_str': 'my_dag__my_task__20250403',
 'templates_dict': None,
 'test_mode': False,
 'ti': <TaskInstance: my_dag.my_task scheduled__2025-04-03T00:00:00+00:00 [running]>,
 'tomorrow_ds': <Proxy at 0x7c5581980040 with factory functools.partial(<function lazy_mapping_from_context.<locals>._deprecated_proxy_factory at 0x7c5581930a40>, 'tomorrow_ds', '2025-04-04')>,
 'tomorrow_ds_nodash': <Proxy at 0x7c5581b33a80 with factory functools.partial(<function lazy_mapping_from_context.<locals>._deprecated_proxy_factory at 0x7c5581930a40>, 'tomorrow_ds_nodash', '20250404')>,
 'triggering_dataset_events': <Proxy at 0x7c55819269c0 with factory <function _get_template_context.<locals>.get_triggering_events at 0x7c5581acb7e0>>,
 'ts': '2025-04-03T00:00:00+00:00',
 'ts_nodash': '20250403T000000',
 'ts_nodash_with_tz': '20250403T000000+0000',
 'var': {'json': None, 'value': None},
 'yesterday_ds': <Proxy at 0x7c55819de8c0 with factory functools.partial(<function lazy_mapping_from_context.<locals>._deprecated_proxy_factory at 0x7c5581930a40>, 'yesterday_ds', '2025-04-02')>,
 'yesterday_ds_nodash': <Proxy at 0x7c55819dea80 with factory functools.partial(<function lazy_mapping_from_context.<locals>._deprecated_proxy_factory at 0x7c5581930a40>, 'yesterday_ds_nodash', '20250402')>}
[2025-04-04T18:18:29.283+0000] {python.py:240} INFO - Done. Returned value was: None
[2025-04-04T18:18:29.293+0000] {taskinstance.py:341} INFO - ::group::Post task execution logs
[2025-04-04T18:18:29.293+0000] {taskinstance.py:353} INFO - Marking task as SUCCESS. dag_id=my_dag, task_id=my_task, run_id=scheduled__2025-04-03T00:00:00+00:00, execution_date=20250403T000000, start_date=20250404T181829, end_date=20250404T181829
[2025-04-04T18:18:29.358+0000] {local_task_job_runner.py:266} INFO - Task exited with return code 0
[2025-04-04T18:18:29.374+0000] {taskinstance.py:3901} INFO - 0 downstream tasks scheduled from follow-on schedule check
[2025-04-04T18:18:29.377+0000] {local_task_job_runner.py:245} INFO - ::endgroup::
[2025-04-04T18:57:56.468+0000] {local_task_job_runner.py:123} INFO - ::group::Pre task execution logs
[2025-04-04T18:57:56.486+0000] {taskinstance.py:2614} INFO - Dependencies all met for dep_context=non-requeueable deps ti=<TaskInstance: my_dag.my_task scheduled__2025-04-03T00:00:00+00:00 [queued]>
[2025-04-04T18:57:56.494+0000] {taskinstance.py:2614} INFO - Dependencies all met for dep_context=requeueable deps ti=<TaskInstance: my_dag.my_task scheduled__2025-04-03T00:00:00+00:00 [queued]>
[2025-04-04T18:57:56.495+0000] {taskinstance.py:2867} INFO - Starting attempt 1 of 1
[2025-04-04T18:57:56.507+0000] {taskinstance.py:2890} INFO - Executing <Task(PythonOperator): my_task> on 2025-04-03 00:00:00+00:00
[2025-04-04T18:57:56.514+0000] {warnings.py:112} WARNING - /home/***/.local/lib/python3.12/site-packages/***/task/task_runner/standard_task_runner.py:70: DeprecationWarning: This process (pid=75) is multi-threaded, use of fork() may lead to deadlocks in the child.
  pid = os.fork()

[2025-04-04T18:57:56.516+0000] {standard_task_runner.py:72} INFO - Started process 76 to run task
[2025-04-04T18:57:56.516+0000] {standard_task_runner.py:104} INFO - Running: ['***', 'tasks', 'run', 'my_dag', 'my_task', 'scheduled__2025-04-03T00:00:00+00:00', '--job-id', '3', '--raw', '--subdir', 'DAGS_FOLDER/example1.py', '--cfg-path', '/tmp/tmpd45iubd3']
[2025-04-04T18:57:56.517+0000] {standard_task_runner.py:105} INFO - Job 3: Subtask my_task
[2025-04-04T18:57:56.559+0000] {task_command.py:467} INFO - Running <TaskInstance: my_dag.my_task scheduled__2025-04-03T00:00:00+00:00 [running]> on host 4e1f3b710550
[2025-04-04T18:57:56.636+0000] {taskinstance.py:3134} INFO - Exporting env vars: AIRFLOW_CTX_DAG_OWNER='***' AIRFLOW_CTX_DAG_ID='my_dag' AIRFLOW_CTX_TASK_ID='my_task' AIRFLOW_CTX_EXECUTION_DATE='2025-04-03T00:00:00+00:00' AIRFLOW_CTX_TRY_NUMBER='1' AIRFLOW_CTX_DAG_RUN_ID='scheduled__2025-04-03T00:00:00+00:00'
[2025-04-04T18:57:56.637+0000] {taskinstance.py:732} INFO - ::endgroup::
[2025-04-04T18:57:56.679+0000] {logging_mixin.py:190} INFO - ###################
[2025-04-04T18:57:56.679+0000] {logging_mixin.py:190} INFO - scheduled
[2025-04-04T18:57:56.680+0000] {logging_mixin.py:190} INFO - ###################
[2025-04-04T18:57:56.680+0000] {python.py:240} INFO - Done. Returned value was: None
[2025-04-04T18:57:56.688+0000] {taskinstance.py:341} INFO - ::group::Post task execution logs
[2025-04-04T18:57:56.689+0000] {taskinstance.py:353} INFO - Marking task as SUCCESS. dag_id=my_dag, task_id=my_task, run_id=scheduled__2025-04-03T00:00:00+00:00, execution_date=20250403T000000, start_date=20250404T185756, end_date=20250404T185756
[2025-04-04T18:57:56.730+0000] {local_task_job_runner.py:266} INFO - Task exited with return code 0
[2025-04-04T18:57:56.743+0000] {taskinstance.py:3901} INFO - 0 downstream tasks scheduled from follow-on schedule check
[2025-04-04T18:57:56.746+0000] {local_task_job_runner.py:245} INFO - ::endgroup::
