[2025-03-29T17:15:46.415+0000] {processor.py:186} INFO - Started process (PID=53) to work on /home/airflow/.local/lib/python3.12/site-packages/airflow/example_dags/example_setup_teardown.py
[2025-03-29T17:15:46.415+0000] {processor.py:914} INFO - Processing file /home/airflow/.local/lib/python3.12/site-packages/airflow/example_dags/example_setup_teardown.py for tasks to queue
[2025-03-29T17:15:46.417+0000] {logging_mixin.py:190} INFO - [2025-03-29T17:15:46.416+0000] {dagbag.py:588} INFO - Filling up the DagBag from /home/airflow/.local/lib/python3.12/site-packages/airflow/example_dags/example_setup_teardown.py
[2025-03-29T17:15:46.423+0000] {processor.py:925} INFO - DAG(s) 'example_setup_teardown' retrieved from /home/airflow/.local/lib/python3.12/site-packages/airflow/example_dags/example_setup_teardown.py
[2025-03-29T17:15:46.505+0000] {logging_mixin.py:190} INFO - [2025-03-29T17:15:46.505+0000] {override.py:1912} INFO - Created Permission View: can delete on DAG:example_setup_teardown
[2025-03-29T17:15:46.512+0000] {logging_mixin.py:190} INFO - [2025-03-29T17:15:46.512+0000] {override.py:1912} INFO - Created Permission View: can edit on DAG:example_setup_teardown
[2025-03-29T17:15:46.518+0000] {logging_mixin.py:190} INFO - [2025-03-29T17:15:46.518+0000] {override.py:1912} INFO - Created Permission View: can read on DAG:example_setup_teardown
[2025-03-29T17:15:46.524+0000] {logging_mixin.py:190} INFO - [2025-03-29T17:15:46.523+0000] {override.py:1912} INFO - Created Permission View: can delete on DAG Run:example_setup_teardown
[2025-03-29T17:15:46.529+0000] {logging_mixin.py:190} INFO - [2025-03-29T17:15:46.529+0000] {override.py:1912} INFO - Created Permission View: menu access on DAG Run:example_setup_teardown
[2025-03-29T17:15:46.536+0000] {logging_mixin.py:190} INFO - [2025-03-29T17:15:46.536+0000] {override.py:1912} INFO - Created Permission View: can read on DAG Run:example_setup_teardown
[2025-03-29T17:15:46.541+0000] {logging_mixin.py:190} INFO - [2025-03-29T17:15:46.541+0000] {override.py:1912} INFO - Created Permission View: can create on DAG Run:example_setup_teardown
[2025-03-29T17:15:46.541+0000] {logging_mixin.py:190} INFO - [2025-03-29T17:15:46.541+0000] {dag.py:3239} INFO - Sync 1 DAGs
[2025-03-29T17:15:46.554+0000] {logging_mixin.py:190} INFO - [2025-03-29T17:15:46.553+0000] {dag.py:3262} INFO - Creating ORM DAG for example_setup_teardown
[2025-03-29T17:15:46.554+0000] {logging_mixin.py:190} INFO - [2025-03-29T17:15:46.554+0000] {dag.py:4180} INFO - Setting next_dagrun for example_setup_teardown to None, run_after=None
[2025-03-29T17:15:46.567+0000] {processor.py:208} INFO - Processing /home/airflow/.local/lib/python3.12/site-packages/airflow/example_dags/example_setup_teardown.py took 0.156 seconds
[2025-03-29T17:16:17.734+0000] {processor.py:186} INFO - Started process (PID=116) to work on /home/airflow/.local/lib/python3.12/site-packages/airflow/example_dags/example_setup_teardown.py
[2025-03-29T17:16:17.735+0000] {processor.py:914} INFO - Processing file /home/airflow/.local/lib/python3.12/site-packages/airflow/example_dags/example_setup_teardown.py for tasks to queue
[2025-03-29T17:16:17.739+0000] {logging_mixin.py:190} INFO - [2025-03-29T17:16:17.738+0000] {dagbag.py:588} INFO - Filling up the DagBag from /home/airflow/.local/lib/python3.12/site-packages/airflow/example_dags/example_setup_teardown.py
[2025-03-29T17:16:17.745+0000] {processor.py:925} INFO - DAG(s) 'example_setup_teardown' retrieved from /home/airflow/.local/lib/python3.12/site-packages/airflow/example_dags/example_setup_teardown.py
[2025-03-29T17:16:17.763+0000] {logging_mixin.py:190} INFO - [2025-03-29T17:16:17.763+0000] {dag.py:3239} INFO - Sync 1 DAGs
[2025-03-29T17:16:17.777+0000] {logging_mixin.py:190} INFO - [2025-03-29T17:16:17.777+0000] {dag.py:4180} INFO - Setting next_dagrun for example_setup_teardown to None, run_after=None
[2025-03-29T17:16:17.795+0000] {processor.py:208} INFO - Processing /home/airflow/.local/lib/python3.12/site-packages/airflow/example_dags/example_setup_teardown.py took 0.066 seconds
[2025-03-29T17:16:48.816+0000] {processor.py:186} INFO - Started process (PID=179) to work on /home/airflow/.local/lib/python3.12/site-packages/airflow/example_dags/example_setup_teardown.py
[2025-03-29T17:16:48.817+0000] {processor.py:914} INFO - Processing file /home/airflow/.local/lib/python3.12/site-packages/airflow/example_dags/example_setup_teardown.py for tasks to queue
[2025-03-29T17:16:48.818+0000] {logging_mixin.py:190} INFO - [2025-03-29T17:16:48.818+0000] {dagbag.py:588} INFO - Filling up the DagBag from /home/airflow/.local/lib/python3.12/site-packages/airflow/example_dags/example_setup_teardown.py
[2025-03-29T17:16:48.823+0000] {processor.py:925} INFO - DAG(s) 'example_setup_teardown' retrieved from /home/airflow/.local/lib/python3.12/site-packages/airflow/example_dags/example_setup_teardown.py
[2025-03-29T17:16:48.836+0000] {logging_mixin.py:190} INFO - [2025-03-29T17:16:48.836+0000] {dag.py:3239} INFO - Sync 1 DAGs
[2025-03-29T17:16:48.848+0000] {logging_mixin.py:190} INFO - [2025-03-29T17:16:48.848+0000] {dag.py:4180} INFO - Setting next_dagrun for example_setup_teardown to None, run_after=None
[2025-03-29T17:16:48.862+0000] {processor.py:208} INFO - Processing /home/airflow/.local/lib/python3.12/site-packages/airflow/example_dags/example_setup_teardown.py took 0.050 seconds
[2025-03-29T17:17:19.325+0000] {processor.py:186} INFO - Started process (PID=242) to work on /home/airflow/.local/lib/python3.12/site-packages/airflow/example_dags/example_setup_teardown.py
[2025-03-29T17:17:19.325+0000] {processor.py:914} INFO - Processing file /home/airflow/.local/lib/python3.12/site-packages/airflow/example_dags/example_setup_teardown.py for tasks to queue
[2025-03-29T17:17:19.326+0000] {logging_mixin.py:190} INFO - [2025-03-29T17:17:19.326+0000] {dagbag.py:588} INFO - Filling up the DagBag from /home/airflow/.local/lib/python3.12/site-packages/airflow/example_dags/example_setup_teardown.py
[2025-03-29T17:17:19.331+0000] {processor.py:925} INFO - DAG(s) 'example_setup_teardown' retrieved from /home/airflow/.local/lib/python3.12/site-packages/airflow/example_dags/example_setup_teardown.py
[2025-03-29T17:17:19.344+0000] {logging_mixin.py:190} INFO - [2025-03-29T17:17:19.344+0000] {dag.py:3239} INFO - Sync 1 DAGs
[2025-03-29T17:17:19.353+0000] {logging_mixin.py:190} INFO - [2025-03-29T17:17:19.353+0000] {dag.py:4180} INFO - Setting next_dagrun for example_setup_teardown to None, run_after=None
[2025-03-29T17:17:19.365+0000] {processor.py:208} INFO - Processing /home/airflow/.local/lib/python3.12/site-packages/airflow/example_dags/example_setup_teardown.py took 0.043 seconds
[2025-03-29T17:17:50.669+0000] {processor.py:186} INFO - Started process (PID=305) to work on /home/airflow/.local/lib/python3.12/site-packages/airflow/example_dags/example_setup_teardown.py
[2025-03-29T17:17:50.669+0000] {processor.py:914} INFO - Processing file /home/airflow/.local/lib/python3.12/site-packages/airflow/example_dags/example_setup_teardown.py for tasks to queue
[2025-03-29T17:17:50.671+0000] {logging_mixin.py:190} INFO - [2025-03-29T17:17:50.670+0000] {dagbag.py:588} INFO - Filling up the DagBag from /home/airflow/.local/lib/python3.12/site-packages/airflow/example_dags/example_setup_teardown.py
[2025-03-29T17:17:50.676+0000] {processor.py:925} INFO - DAG(s) 'example_setup_teardown' retrieved from /home/airflow/.local/lib/python3.12/site-packages/airflow/example_dags/example_setup_teardown.py
[2025-03-29T17:17:50.689+0000] {logging_mixin.py:190} INFO - [2025-03-29T17:17:50.689+0000] {dag.py:3239} INFO - Sync 1 DAGs
[2025-03-29T17:17:50.699+0000] {logging_mixin.py:190} INFO - [2025-03-29T17:17:50.699+0000] {dag.py:4180} INFO - Setting next_dagrun for example_setup_teardown to None, run_after=None
[2025-03-29T17:17:50.712+0000] {processor.py:208} INFO - Processing /home/airflow/.local/lib/python3.12/site-packages/airflow/example_dags/example_setup_teardown.py took 0.046 seconds
[2025-03-29T17:18:22.037+0000] {processor.py:186} INFO - Started process (PID=368) to work on /home/airflow/.local/lib/python3.12/site-packages/airflow/example_dags/example_setup_teardown.py
[2025-03-29T17:18:22.038+0000] {processor.py:914} INFO - Processing file /home/airflow/.local/lib/python3.12/site-packages/airflow/example_dags/example_setup_teardown.py for tasks to queue
[2025-03-29T17:18:22.039+0000] {logging_mixin.py:190} INFO - [2025-03-29T17:18:22.039+0000] {dagbag.py:588} INFO - Filling up the DagBag from /home/airflow/.local/lib/python3.12/site-packages/airflow/example_dags/example_setup_teardown.py
[2025-03-29T17:18:22.045+0000] {processor.py:925} INFO - DAG(s) 'example_setup_teardown' retrieved from /home/airflow/.local/lib/python3.12/site-packages/airflow/example_dags/example_setup_teardown.py
[2025-03-29T17:18:22.059+0000] {logging_mixin.py:190} INFO - [2025-03-29T17:18:22.058+0000] {dag.py:3239} INFO - Sync 1 DAGs
[2025-03-29T17:18:22.069+0000] {logging_mixin.py:190} INFO - [2025-03-29T17:18:22.068+0000] {dag.py:4180} INFO - Setting next_dagrun for example_setup_teardown to None, run_after=None
[2025-03-29T17:18:22.080+0000] {processor.py:208} INFO - Processing /home/airflow/.local/lib/python3.12/site-packages/airflow/example_dags/example_setup_teardown.py took 0.046 seconds
[2025-03-29T17:18:52.780+0000] {processor.py:186} INFO - Started process (PID=431) to work on /home/airflow/.local/lib/python3.12/site-packages/airflow/example_dags/example_setup_teardown.py
[2025-03-29T17:18:52.780+0000] {processor.py:914} INFO - Processing file /home/airflow/.local/lib/python3.12/site-packages/airflow/example_dags/example_setup_teardown.py for tasks to queue
[2025-03-29T17:18:52.782+0000] {logging_mixin.py:190} INFO - [2025-03-29T17:18:52.781+0000] {dagbag.py:588} INFO - Filling up the DagBag from /home/airflow/.local/lib/python3.12/site-packages/airflow/example_dags/example_setup_teardown.py
[2025-03-29T17:18:52.787+0000] {processor.py:925} INFO - DAG(s) 'example_setup_teardown' retrieved from /home/airflow/.local/lib/python3.12/site-packages/airflow/example_dags/example_setup_teardown.py
[2025-03-29T17:18:52.800+0000] {logging_mixin.py:190} INFO - [2025-03-29T17:18:52.800+0000] {dag.py:3239} INFO - Sync 1 DAGs
[2025-03-29T17:18:52.810+0000] {logging_mixin.py:190} INFO - [2025-03-29T17:18:52.810+0000] {dag.py:4180} INFO - Setting next_dagrun for example_setup_teardown to None, run_after=None
[2025-03-29T17:18:52.823+0000] {processor.py:208} INFO - Processing /home/airflow/.local/lib/python3.12/site-packages/airflow/example_dags/example_setup_teardown.py took 0.046 seconds
[2025-03-29T17:19:24.177+0000] {processor.py:186} INFO - Started process (PID=494) to work on /home/airflow/.local/lib/python3.12/site-packages/airflow/example_dags/example_setup_teardown.py
[2025-03-29T17:19:24.177+0000] {processor.py:914} INFO - Processing file /home/airflow/.local/lib/python3.12/site-packages/airflow/example_dags/example_setup_teardown.py for tasks to queue
[2025-03-29T17:19:24.179+0000] {logging_mixin.py:190} INFO - [2025-03-29T17:19:24.178+0000] {dagbag.py:588} INFO - Filling up the DagBag from /home/airflow/.local/lib/python3.12/site-packages/airflow/example_dags/example_setup_teardown.py
[2025-03-29T17:19:24.183+0000] {processor.py:925} INFO - DAG(s) 'example_setup_teardown' retrieved from /home/airflow/.local/lib/python3.12/site-packages/airflow/example_dags/example_setup_teardown.py
[2025-03-29T17:19:24.195+0000] {logging_mixin.py:190} INFO - [2025-03-29T17:19:24.195+0000] {dag.py:3239} INFO - Sync 1 DAGs
[2025-03-29T17:19:24.204+0000] {logging_mixin.py:190} INFO - [2025-03-29T17:19:24.204+0000] {dag.py:4180} INFO - Setting next_dagrun for example_setup_teardown to None, run_after=None
[2025-03-29T17:19:24.216+0000] {processor.py:208} INFO - Processing /home/airflow/.local/lib/python3.12/site-packages/airflow/example_dags/example_setup_teardown.py took 0.042 seconds
[2025-03-29T17:19:55.669+0000] {processor.py:186} INFO - Started process (PID=557) to work on /home/airflow/.local/lib/python3.12/site-packages/airflow/example_dags/example_setup_teardown.py
[2025-03-29T17:19:55.670+0000] {processor.py:914} INFO - Processing file /home/airflow/.local/lib/python3.12/site-packages/airflow/example_dags/example_setup_teardown.py for tasks to queue
[2025-03-29T17:19:55.671+0000] {logging_mixin.py:190} INFO - [2025-03-29T17:19:55.671+0000] {dagbag.py:588} INFO - Filling up the DagBag from /home/airflow/.local/lib/python3.12/site-packages/airflow/example_dags/example_setup_teardown.py
[2025-03-29T17:19:55.677+0000] {processor.py:925} INFO - DAG(s) 'example_setup_teardown' retrieved from /home/airflow/.local/lib/python3.12/site-packages/airflow/example_dags/example_setup_teardown.py
[2025-03-29T17:19:55.690+0000] {logging_mixin.py:190} INFO - [2025-03-29T17:19:55.690+0000] {dag.py:3239} INFO - Sync 1 DAGs
[2025-03-29T17:19:55.699+0000] {logging_mixin.py:190} INFO - [2025-03-29T17:19:55.699+0000] {dag.py:4180} INFO - Setting next_dagrun for example_setup_teardown to None, run_after=None
[2025-03-29T17:19:55.711+0000] {processor.py:208} INFO - Processing /home/airflow/.local/lib/python3.12/site-packages/airflow/example_dags/example_setup_teardown.py took 0.045 seconds
[2025-03-29T17:20:26.137+0000] {processor.py:186} INFO - Started process (PID=620) to work on /home/airflow/.local/lib/python3.12/site-packages/airflow/example_dags/example_setup_teardown.py
[2025-03-29T17:20:26.138+0000] {processor.py:914} INFO - Processing file /home/airflow/.local/lib/python3.12/site-packages/airflow/example_dags/example_setup_teardown.py for tasks to queue
[2025-03-29T17:20:26.141+0000] {logging_mixin.py:190} INFO - [2025-03-29T17:20:26.141+0000] {dagbag.py:588} INFO - Filling up the DagBag from /home/airflow/.local/lib/python3.12/site-packages/airflow/example_dags/example_setup_teardown.py
[2025-03-29T17:20:26.149+0000] {processor.py:925} INFO - DAG(s) 'example_setup_teardown' retrieved from /home/airflow/.local/lib/python3.12/site-packages/airflow/example_dags/example_setup_teardown.py
[2025-03-29T17:20:26.166+0000] {logging_mixin.py:190} INFO - [2025-03-29T17:20:26.166+0000] {dag.py:3239} INFO - Sync 1 DAGs
[2025-03-29T17:20:26.180+0000] {logging_mixin.py:190} INFO - [2025-03-29T17:20:26.180+0000] {dag.py:4180} INFO - Setting next_dagrun for example_setup_teardown to None, run_after=None
[2025-03-29T17:20:26.198+0000] {processor.py:208} INFO - Processing /home/airflow/.local/lib/python3.12/site-packages/airflow/example_dags/example_setup_teardown.py took 0.065 seconds
[2025-03-29T17:20:57.571+0000] {processor.py:186} INFO - Started process (PID=689) to work on /home/airflow/.local/lib/python3.12/site-packages/airflow/example_dags/example_setup_teardown.py
[2025-03-29T17:20:57.572+0000] {processor.py:914} INFO - Processing file /home/airflow/.local/lib/python3.12/site-packages/airflow/example_dags/example_setup_teardown.py for tasks to queue
[2025-03-29T17:20:57.575+0000] {logging_mixin.py:190} INFO - [2025-03-29T17:20:57.574+0000] {dagbag.py:588} INFO - Filling up the DagBag from /home/airflow/.local/lib/python3.12/site-packages/airflow/example_dags/example_setup_teardown.py
[2025-03-29T17:20:57.581+0000] {processor.py:925} INFO - DAG(s) 'example_setup_teardown' retrieved from /home/airflow/.local/lib/python3.12/site-packages/airflow/example_dags/example_setup_teardown.py
[2025-03-29T17:20:57.596+0000] {logging_mixin.py:190} INFO - [2025-03-29T17:20:57.596+0000] {dag.py:3239} INFO - Sync 1 DAGs
[2025-03-29T17:20:57.606+0000] {logging_mixin.py:190} INFO - [2025-03-29T17:20:57.606+0000] {dag.py:4180} INFO - Setting next_dagrun for example_setup_teardown to None, run_after=None
[2025-03-29T17:20:57.630+0000] {processor.py:208} INFO - Processing /home/airflow/.local/lib/python3.12/site-packages/airflow/example_dags/example_setup_teardown.py took 0.063 seconds
[2025-03-29T17:21:28.131+0000] {processor.py:186} INFO - Started process (PID=752) to work on /home/airflow/.local/lib/python3.12/site-packages/airflow/example_dags/example_setup_teardown.py
[2025-03-29T17:21:28.132+0000] {processor.py:914} INFO - Processing file /home/airflow/.local/lib/python3.12/site-packages/airflow/example_dags/example_setup_teardown.py for tasks to queue
[2025-03-29T17:21:28.133+0000] {logging_mixin.py:190} INFO - [2025-03-29T17:21:28.133+0000] {dagbag.py:588} INFO - Filling up the DagBag from /home/airflow/.local/lib/python3.12/site-packages/airflow/example_dags/example_setup_teardown.py
[2025-03-29T17:21:28.138+0000] {processor.py:925} INFO - DAG(s) 'example_setup_teardown' retrieved from /home/airflow/.local/lib/python3.12/site-packages/airflow/example_dags/example_setup_teardown.py
[2025-03-29T17:21:28.150+0000] {logging_mixin.py:190} INFO - [2025-03-29T17:21:28.150+0000] {dag.py:3239} INFO - Sync 1 DAGs
[2025-03-29T17:21:28.159+0000] {logging_mixin.py:190} INFO - [2025-03-29T17:21:28.159+0000] {dag.py:4180} INFO - Setting next_dagrun for example_setup_teardown to None, run_after=None
[2025-03-29T17:21:28.171+0000] {processor.py:208} INFO - Processing /home/airflow/.local/lib/python3.12/site-packages/airflow/example_dags/example_setup_teardown.py took 0.044 seconds
[2025-03-29T17:21:59.409+0000] {processor.py:186} INFO - Started process (PID=815) to work on /home/airflow/.local/lib/python3.12/site-packages/airflow/example_dags/example_setup_teardown.py
[2025-03-29T17:21:59.410+0000] {processor.py:914} INFO - Processing file /home/airflow/.local/lib/python3.12/site-packages/airflow/example_dags/example_setup_teardown.py for tasks to queue
[2025-03-29T17:21:59.411+0000] {logging_mixin.py:190} INFO - [2025-03-29T17:21:59.411+0000] {dagbag.py:588} INFO - Filling up the DagBag from /home/airflow/.local/lib/python3.12/site-packages/airflow/example_dags/example_setup_teardown.py
[2025-03-29T17:21:59.416+0000] {processor.py:925} INFO - DAG(s) 'example_setup_teardown' retrieved from /home/airflow/.local/lib/python3.12/site-packages/airflow/example_dags/example_setup_teardown.py
[2025-03-29T17:21:59.428+0000] {logging_mixin.py:190} INFO - [2025-03-29T17:21:59.428+0000] {dag.py:3239} INFO - Sync 1 DAGs
[2025-03-29T17:21:59.437+0000] {logging_mixin.py:190} INFO - [2025-03-29T17:21:59.437+0000] {dag.py:4180} INFO - Setting next_dagrun for example_setup_teardown to None, run_after=None
[2025-03-29T17:21:59.449+0000] {processor.py:208} INFO - Processing /home/airflow/.local/lib/python3.12/site-packages/airflow/example_dags/example_setup_teardown.py took 0.043 seconds
[2025-03-29T17:22:30.997+0000] {processor.py:186} INFO - Started process (PID=878) to work on /home/airflow/.local/lib/python3.12/site-packages/airflow/example_dags/example_setup_teardown.py
[2025-03-29T17:22:30.998+0000] {processor.py:914} INFO - Processing file /home/airflow/.local/lib/python3.12/site-packages/airflow/example_dags/example_setup_teardown.py for tasks to queue
[2025-03-29T17:22:30.999+0000] {logging_mixin.py:190} INFO - [2025-03-29T17:22:30.999+0000] {dagbag.py:588} INFO - Filling up the DagBag from /home/airflow/.local/lib/python3.12/site-packages/airflow/example_dags/example_setup_teardown.py
[2025-03-29T17:22:31.005+0000] {processor.py:925} INFO - DAG(s) 'example_setup_teardown' retrieved from /home/airflow/.local/lib/python3.12/site-packages/airflow/example_dags/example_setup_teardown.py
[2025-03-29T17:22:31.018+0000] {logging_mixin.py:190} INFO - [2025-03-29T17:22:31.018+0000] {dag.py:3239} INFO - Sync 1 DAGs
[2025-03-29T17:22:31.027+0000] {logging_mixin.py:190} INFO - [2025-03-29T17:22:31.027+0000] {dag.py:4180} INFO - Setting next_dagrun for example_setup_teardown to None, run_after=None
[2025-03-29T17:22:31.039+0000] {processor.py:208} INFO - Processing /home/airflow/.local/lib/python3.12/site-packages/airflow/example_dags/example_setup_teardown.py took 0.046 seconds
[2025-03-29T17:23:01.600+0000] {processor.py:186} INFO - Started process (PID=941) to work on /home/airflow/.local/lib/python3.12/site-packages/airflow/example_dags/example_setup_teardown.py
[2025-03-29T17:23:01.601+0000] {processor.py:914} INFO - Processing file /home/airflow/.local/lib/python3.12/site-packages/airflow/example_dags/example_setup_teardown.py for tasks to queue
[2025-03-29T17:23:01.602+0000] {logging_mixin.py:190} INFO - [2025-03-29T17:23:01.602+0000] {dagbag.py:588} INFO - Filling up the DagBag from /home/airflow/.local/lib/python3.12/site-packages/airflow/example_dags/example_setup_teardown.py
[2025-03-29T17:23:01.607+0000] {processor.py:925} INFO - DAG(s) 'example_setup_teardown' retrieved from /home/airflow/.local/lib/python3.12/site-packages/airflow/example_dags/example_setup_teardown.py
[2025-03-29T17:23:01.619+0000] {logging_mixin.py:190} INFO - [2025-03-29T17:23:01.619+0000] {dag.py:3239} INFO - Sync 1 DAGs
[2025-03-29T17:23:01.628+0000] {logging_mixin.py:190} INFO - [2025-03-29T17:23:01.628+0000] {dag.py:4180} INFO - Setting next_dagrun for example_setup_teardown to None, run_after=None
[2025-03-29T17:23:01.641+0000] {processor.py:208} INFO - Processing /home/airflow/.local/lib/python3.12/site-packages/airflow/example_dags/example_setup_teardown.py took 0.044 seconds
[2025-03-29T17:26:06.517+0000] {processor.py:186} INFO - Started process (PID=53) to work on /home/airflow/.local/lib/python3.12/site-packages/airflow/example_dags/example_setup_teardown.py
[2025-03-29T17:26:06.518+0000] {processor.py:914} INFO - Processing file /home/airflow/.local/lib/python3.12/site-packages/airflow/example_dags/example_setup_teardown.py for tasks to queue
[2025-03-29T17:26:06.519+0000] {logging_mixin.py:190} INFO - [2025-03-29T17:26:06.519+0000] {dagbag.py:588} INFO - Filling up the DagBag from /home/airflow/.local/lib/python3.12/site-packages/airflow/example_dags/example_setup_teardown.py
[2025-03-29T17:26:06.526+0000] {processor.py:925} INFO - DAG(s) 'example_setup_teardown' retrieved from /home/airflow/.local/lib/python3.12/site-packages/airflow/example_dags/example_setup_teardown.py
[2025-03-29T17:26:06.625+0000] {logging_mixin.py:190} INFO - [2025-03-29T17:26:06.624+0000] {override.py:1912} INFO - Created Permission View: can delete on DAG:example_setup_teardown
[2025-03-29T17:26:06.634+0000] {logging_mixin.py:190} INFO - [2025-03-29T17:26:06.633+0000] {override.py:1912} INFO - Created Permission View: can read on DAG:example_setup_teardown
[2025-03-29T17:26:06.640+0000] {logging_mixin.py:190} INFO - [2025-03-29T17:26:06.640+0000] {override.py:1912} INFO - Created Permission View: can edit on DAG:example_setup_teardown
[2025-03-29T17:26:06.648+0000] {logging_mixin.py:190} INFO - [2025-03-29T17:26:06.647+0000] {override.py:1912} INFO - Created Permission View: can delete on DAG Run:example_setup_teardown
[2025-03-29T17:26:06.654+0000] {logging_mixin.py:190} INFO - [2025-03-29T17:26:06.653+0000] {override.py:1912} INFO - Created Permission View: can read on DAG Run:example_setup_teardown
[2025-03-29T17:26:06.659+0000] {logging_mixin.py:190} INFO - [2025-03-29T17:26:06.659+0000] {override.py:1912} INFO - Created Permission View: can create on DAG Run:example_setup_teardown
[2025-03-29T17:26:06.665+0000] {logging_mixin.py:190} INFO - [2025-03-29T17:26:06.665+0000] {override.py:1912} INFO - Created Permission View: menu access on DAG Run:example_setup_teardown
[2025-03-29T17:26:06.665+0000] {logging_mixin.py:190} INFO - [2025-03-29T17:26:06.665+0000] {dag.py:3239} INFO - Sync 1 DAGs
[2025-03-29T17:26:06.675+0000] {logging_mixin.py:190} INFO - [2025-03-29T17:26:06.675+0000] {dag.py:3262} INFO - Creating ORM DAG for example_setup_teardown
[2025-03-29T17:26:06.676+0000] {logging_mixin.py:190} INFO - [2025-03-29T17:26:06.676+0000] {dag.py:4180} INFO - Setting next_dagrun for example_setup_teardown to None, run_after=None
[2025-03-29T17:26:06.696+0000] {processor.py:208} INFO - Processing /home/airflow/.local/lib/python3.12/site-packages/airflow/example_dags/example_setup_teardown.py took 0.183 seconds
[2025-03-29T17:26:36.860+0000] {processor.py:186} INFO - Started process (PID=116) to work on /home/airflow/.local/lib/python3.12/site-packages/airflow/example_dags/example_setup_teardown.py
[2025-03-29T17:26:36.861+0000] {processor.py:914} INFO - Processing file /home/airflow/.local/lib/python3.12/site-packages/airflow/example_dags/example_setup_teardown.py for tasks to queue
[2025-03-29T17:26:36.862+0000] {logging_mixin.py:190} INFO - [2025-03-29T17:26:36.862+0000] {dagbag.py:588} INFO - Filling up the DagBag from /home/airflow/.local/lib/python3.12/site-packages/airflow/example_dags/example_setup_teardown.py
[2025-03-29T17:26:36.868+0000] {processor.py:925} INFO - DAG(s) 'example_setup_teardown' retrieved from /home/airflow/.local/lib/python3.12/site-packages/airflow/example_dags/example_setup_teardown.py
[2025-03-29T17:26:36.880+0000] {logging_mixin.py:190} INFO - [2025-03-29T17:26:36.880+0000] {dag.py:3239} INFO - Sync 1 DAGs
[2025-03-29T17:26:36.891+0000] {logging_mixin.py:190} INFO - [2025-03-29T17:26:36.891+0000] {dag.py:4180} INFO - Setting next_dagrun for example_setup_teardown to None, run_after=None
[2025-03-29T17:26:36.902+0000] {processor.py:208} INFO - Processing /home/airflow/.local/lib/python3.12/site-packages/airflow/example_dags/example_setup_teardown.py took 0.046 seconds
[2025-03-29T17:27:07.735+0000] {processor.py:186} INFO - Started process (PID=179) to work on /home/airflow/.local/lib/python3.12/site-packages/airflow/example_dags/example_setup_teardown.py
[2025-03-29T17:27:07.735+0000] {processor.py:914} INFO - Processing file /home/airflow/.local/lib/python3.12/site-packages/airflow/example_dags/example_setup_teardown.py for tasks to queue
[2025-03-29T17:27:07.737+0000] {logging_mixin.py:190} INFO - [2025-03-29T17:27:07.737+0000] {dagbag.py:588} INFO - Filling up the DagBag from /home/airflow/.local/lib/python3.12/site-packages/airflow/example_dags/example_setup_teardown.py
[2025-03-29T17:27:07.742+0000] {processor.py:925} INFO - DAG(s) 'example_setup_teardown' retrieved from /home/airflow/.local/lib/python3.12/site-packages/airflow/example_dags/example_setup_teardown.py
[2025-03-29T17:27:07.755+0000] {logging_mixin.py:190} INFO - [2025-03-29T17:27:07.755+0000] {dag.py:3239} INFO - Sync 1 DAGs
[2025-03-29T17:27:07.765+0000] {logging_mixin.py:190} INFO - [2025-03-29T17:27:07.765+0000] {dag.py:4180} INFO - Setting next_dagrun for example_setup_teardown to None, run_after=None
[2025-03-29T17:27:07.777+0000] {processor.py:208} INFO - Processing /home/airflow/.local/lib/python3.12/site-packages/airflow/example_dags/example_setup_teardown.py took 0.046 seconds
[2025-03-29T17:27:38.230+0000] {processor.py:186} INFO - Started process (PID=242) to work on /home/airflow/.local/lib/python3.12/site-packages/airflow/example_dags/example_setup_teardown.py
[2025-03-29T17:27:38.230+0000] {processor.py:914} INFO - Processing file /home/airflow/.local/lib/python3.12/site-packages/airflow/example_dags/example_setup_teardown.py for tasks to queue
[2025-03-29T17:27:38.232+0000] {logging_mixin.py:190} INFO - [2025-03-29T17:27:38.232+0000] {dagbag.py:588} INFO - Filling up the DagBag from /home/airflow/.local/lib/python3.12/site-packages/airflow/example_dags/example_setup_teardown.py
[2025-03-29T17:27:38.237+0000] {processor.py:925} INFO - DAG(s) 'example_setup_teardown' retrieved from /home/airflow/.local/lib/python3.12/site-packages/airflow/example_dags/example_setup_teardown.py
[2025-03-29T17:27:38.249+0000] {logging_mixin.py:190} INFO - [2025-03-29T17:27:38.249+0000] {dag.py:3239} INFO - Sync 1 DAGs
[2025-03-29T17:27:38.259+0000] {logging_mixin.py:190} INFO - [2025-03-29T17:27:38.259+0000] {dag.py:4180} INFO - Setting next_dagrun for example_setup_teardown to None, run_after=None
[2025-03-29T17:27:38.270+0000] {processor.py:208} INFO - Processing /home/airflow/.local/lib/python3.12/site-packages/airflow/example_dags/example_setup_teardown.py took 0.044 seconds
[2025-03-29T17:28:09.519+0000] {processor.py:186} INFO - Started process (PID=305) to work on /home/airflow/.local/lib/python3.12/site-packages/airflow/example_dags/example_setup_teardown.py
[2025-03-29T17:28:09.519+0000] {processor.py:914} INFO - Processing file /home/airflow/.local/lib/python3.12/site-packages/airflow/example_dags/example_setup_teardown.py for tasks to queue
[2025-03-29T17:28:09.521+0000] {logging_mixin.py:190} INFO - [2025-03-29T17:28:09.520+0000] {dagbag.py:588} INFO - Filling up the DagBag from /home/airflow/.local/lib/python3.12/site-packages/airflow/example_dags/example_setup_teardown.py
[2025-03-29T17:28:09.526+0000] {processor.py:925} INFO - DAG(s) 'example_setup_teardown' retrieved from /home/airflow/.local/lib/python3.12/site-packages/airflow/example_dags/example_setup_teardown.py
[2025-03-29T17:28:09.539+0000] {logging_mixin.py:190} INFO - [2025-03-29T17:28:09.539+0000] {dag.py:3239} INFO - Sync 1 DAGs
[2025-03-29T17:28:09.550+0000] {logging_mixin.py:190} INFO - [2025-03-29T17:28:09.550+0000] {dag.py:4180} INFO - Setting next_dagrun for example_setup_teardown to None, run_after=None
[2025-03-29T17:28:09.562+0000] {processor.py:208} INFO - Processing /home/airflow/.local/lib/python3.12/site-packages/airflow/example_dags/example_setup_teardown.py took 0.046 seconds
[2025-03-29T17:28:40.059+0000] {processor.py:186} INFO - Started process (PID=368) to work on /home/airflow/.local/lib/python3.12/site-packages/airflow/example_dags/example_setup_teardown.py
[2025-03-29T17:28:40.059+0000] {processor.py:914} INFO - Processing file /home/airflow/.local/lib/python3.12/site-packages/airflow/example_dags/example_setup_teardown.py for tasks to queue
[2025-03-29T17:28:40.060+0000] {logging_mixin.py:190} INFO - [2025-03-29T17:28:40.060+0000] {dagbag.py:588} INFO - Filling up the DagBag from /home/airflow/.local/lib/python3.12/site-packages/airflow/example_dags/example_setup_teardown.py
[2025-03-29T17:28:40.065+0000] {processor.py:925} INFO - DAG(s) 'example_setup_teardown' retrieved from /home/airflow/.local/lib/python3.12/site-packages/airflow/example_dags/example_setup_teardown.py
[2025-03-29T17:28:40.078+0000] {logging_mixin.py:190} INFO - [2025-03-29T17:28:40.078+0000] {dag.py:3239} INFO - Sync 1 DAGs
[2025-03-29T17:28:40.087+0000] {logging_mixin.py:190} INFO - [2025-03-29T17:28:40.087+0000] {dag.py:4180} INFO - Setting next_dagrun for example_setup_teardown to None, run_after=None
[2025-03-29T17:28:40.098+0000] {processor.py:208} INFO - Processing /home/airflow/.local/lib/python3.12/site-packages/airflow/example_dags/example_setup_teardown.py took 0.043 seconds
[2025-03-29T17:29:11.374+0000] {processor.py:186} INFO - Started process (PID=431) to work on /home/airflow/.local/lib/python3.12/site-packages/airflow/example_dags/example_setup_teardown.py
[2025-03-29T17:29:11.375+0000] {processor.py:914} INFO - Processing file /home/airflow/.local/lib/python3.12/site-packages/airflow/example_dags/example_setup_teardown.py for tasks to queue
[2025-03-29T17:29:11.376+0000] {logging_mixin.py:190} INFO - [2025-03-29T17:29:11.376+0000] {dagbag.py:588} INFO - Filling up the DagBag from /home/airflow/.local/lib/python3.12/site-packages/airflow/example_dags/example_setup_teardown.py
[2025-03-29T17:29:11.381+0000] {processor.py:925} INFO - DAG(s) 'example_setup_teardown' retrieved from /home/airflow/.local/lib/python3.12/site-packages/airflow/example_dags/example_setup_teardown.py
[2025-03-29T17:29:11.394+0000] {logging_mixin.py:190} INFO - [2025-03-29T17:29:11.394+0000] {dag.py:3239} INFO - Sync 1 DAGs
[2025-03-29T17:29:11.403+0000] {logging_mixin.py:190} INFO - [2025-03-29T17:29:11.403+0000] {dag.py:4180} INFO - Setting next_dagrun for example_setup_teardown to None, run_after=None
[2025-03-29T17:29:11.415+0000] {processor.py:208} INFO - Processing /home/airflow/.local/lib/python3.12/site-packages/airflow/example_dags/example_setup_teardown.py took 0.045 seconds
[2025-03-29T17:29:42.877+0000] {processor.py:186} INFO - Started process (PID=494) to work on /home/airflow/.local/lib/python3.12/site-packages/airflow/example_dags/example_setup_teardown.py
[2025-03-29T17:29:42.878+0000] {processor.py:914} INFO - Processing file /home/airflow/.local/lib/python3.12/site-packages/airflow/example_dags/example_setup_teardown.py for tasks to queue
[2025-03-29T17:29:42.879+0000] {logging_mixin.py:190} INFO - [2025-03-29T17:29:42.879+0000] {dagbag.py:588} INFO - Filling up the DagBag from /home/airflow/.local/lib/python3.12/site-packages/airflow/example_dags/example_setup_teardown.py
[2025-03-29T17:29:42.885+0000] {processor.py:925} INFO - DAG(s) 'example_setup_teardown' retrieved from /home/airflow/.local/lib/python3.12/site-packages/airflow/example_dags/example_setup_teardown.py
[2025-03-29T17:29:42.897+0000] {logging_mixin.py:190} INFO - [2025-03-29T17:29:42.897+0000] {dag.py:3239} INFO - Sync 1 DAGs
[2025-03-29T17:29:42.907+0000] {logging_mixin.py:190} INFO - [2025-03-29T17:29:42.907+0000] {dag.py:4180} INFO - Setting next_dagrun for example_setup_teardown to None, run_after=None
[2025-03-29T17:29:42.919+0000] {processor.py:208} INFO - Processing /home/airflow/.local/lib/python3.12/site-packages/airflow/example_dags/example_setup_teardown.py took 0.046 seconds
[2025-03-29T17:30:14.388+0000] {processor.py:186} INFO - Started process (PID=557) to work on /home/airflow/.local/lib/python3.12/site-packages/airflow/example_dags/example_setup_teardown.py
[2025-03-29T17:30:14.388+0000] {processor.py:914} INFO - Processing file /home/airflow/.local/lib/python3.12/site-packages/airflow/example_dags/example_setup_teardown.py for tasks to queue
[2025-03-29T17:30:14.390+0000] {logging_mixin.py:190} INFO - [2025-03-29T17:30:14.390+0000] {dagbag.py:588} INFO - Filling up the DagBag from /home/airflow/.local/lib/python3.12/site-packages/airflow/example_dags/example_setup_teardown.py
[2025-03-29T17:30:14.396+0000] {processor.py:925} INFO - DAG(s) 'example_setup_teardown' retrieved from /home/airflow/.local/lib/python3.12/site-packages/airflow/example_dags/example_setup_teardown.py
[2025-03-29T17:30:14.409+0000] {logging_mixin.py:190} INFO - [2025-03-29T17:30:14.409+0000] {dag.py:3239} INFO - Sync 1 DAGs
[2025-03-29T17:30:14.419+0000] {logging_mixin.py:190} INFO - [2025-03-29T17:30:14.419+0000] {dag.py:4180} INFO - Setting next_dagrun for example_setup_teardown to None, run_after=None
[2025-03-29T17:30:14.435+0000] {processor.py:208} INFO - Processing /home/airflow/.local/lib/python3.12/site-packages/airflow/example_dags/example_setup_teardown.py took 0.052 seconds
[2025-03-29T17:30:45.010+0000] {processor.py:186} INFO - Started process (PID=620) to work on /home/airflow/.local/lib/python3.12/site-packages/airflow/example_dags/example_setup_teardown.py
[2025-03-29T17:30:45.011+0000] {processor.py:914} INFO - Processing file /home/airflow/.local/lib/python3.12/site-packages/airflow/example_dags/example_setup_teardown.py for tasks to queue
[2025-03-29T17:30:45.012+0000] {logging_mixin.py:190} INFO - [2025-03-29T17:30:45.012+0000] {dagbag.py:588} INFO - Filling up the DagBag from /home/airflow/.local/lib/python3.12/site-packages/airflow/example_dags/example_setup_teardown.py
[2025-03-29T17:30:45.018+0000] {processor.py:925} INFO - DAG(s) 'example_setup_teardown' retrieved from /home/airflow/.local/lib/python3.12/site-packages/airflow/example_dags/example_setup_teardown.py
[2025-03-29T17:30:45.032+0000] {logging_mixin.py:190} INFO - [2025-03-29T17:30:45.032+0000] {dag.py:3239} INFO - Sync 1 DAGs
[2025-03-29T17:30:45.043+0000] {logging_mixin.py:190} INFO - [2025-03-29T17:30:45.043+0000] {dag.py:4180} INFO - Setting next_dagrun for example_setup_teardown to None, run_after=None
[2025-03-29T17:30:45.056+0000] {processor.py:208} INFO - Processing /home/airflow/.local/lib/python3.12/site-packages/airflow/example_dags/example_setup_teardown.py took 0.049 seconds
[2025-03-29T17:31:16.200+0000] {processor.py:186} INFO - Started process (PID=683) to work on /home/airflow/.local/lib/python3.12/site-packages/airflow/example_dags/example_setup_teardown.py
[2025-03-29T17:31:16.201+0000] {processor.py:914} INFO - Processing file /home/airflow/.local/lib/python3.12/site-packages/airflow/example_dags/example_setup_teardown.py for tasks to queue
[2025-03-29T17:31:16.202+0000] {logging_mixin.py:190} INFO - [2025-03-29T17:31:16.202+0000] {dagbag.py:588} INFO - Filling up the DagBag from /home/airflow/.local/lib/python3.12/site-packages/airflow/example_dags/example_setup_teardown.py
[2025-03-29T17:31:16.208+0000] {processor.py:925} INFO - DAG(s) 'example_setup_teardown' retrieved from /home/airflow/.local/lib/python3.12/site-packages/airflow/example_dags/example_setup_teardown.py
[2025-03-29T17:31:16.221+0000] {logging_mixin.py:190} INFO - [2025-03-29T17:31:16.221+0000] {dag.py:3239} INFO - Sync 1 DAGs
[2025-03-29T17:31:16.231+0000] {logging_mixin.py:190} INFO - [2025-03-29T17:31:16.231+0000] {dag.py:4180} INFO - Setting next_dagrun for example_setup_teardown to None, run_after=None
[2025-03-29T17:31:16.244+0000] {processor.py:208} INFO - Processing /home/airflow/.local/lib/python3.12/site-packages/airflow/example_dags/example_setup_teardown.py took 0.047 seconds
[2025-03-29T17:31:47.598+0000] {processor.py:186} INFO - Started process (PID=752) to work on /home/airflow/.local/lib/python3.12/site-packages/airflow/example_dags/example_setup_teardown.py
[2025-03-29T17:31:47.598+0000] {processor.py:914} INFO - Processing file /home/airflow/.local/lib/python3.12/site-packages/airflow/example_dags/example_setup_teardown.py for tasks to queue
[2025-03-29T17:31:47.599+0000] {logging_mixin.py:190} INFO - [2025-03-29T17:31:47.599+0000] {dagbag.py:588} INFO - Filling up the DagBag from /home/airflow/.local/lib/python3.12/site-packages/airflow/example_dags/example_setup_teardown.py
[2025-03-29T17:31:47.605+0000] {processor.py:925} INFO - DAG(s) 'example_setup_teardown' retrieved from /home/airflow/.local/lib/python3.12/site-packages/airflow/example_dags/example_setup_teardown.py
[2025-03-29T17:31:47.618+0000] {logging_mixin.py:190} INFO - [2025-03-29T17:31:47.617+0000] {dag.py:3239} INFO - Sync 1 DAGs
[2025-03-29T17:31:47.627+0000] {logging_mixin.py:190} INFO - [2025-03-29T17:31:47.627+0000] {dag.py:4180} INFO - Setting next_dagrun for example_setup_teardown to None, run_after=None
[2025-03-29T17:31:47.640+0000] {processor.py:208} INFO - Processing /home/airflow/.local/lib/python3.12/site-packages/airflow/example_dags/example_setup_teardown.py took 0.046 seconds
[2025-03-29T17:32:18.056+0000] {processor.py:186} INFO - Started process (PID=815) to work on /home/airflow/.local/lib/python3.12/site-packages/airflow/example_dags/example_setup_teardown.py
[2025-03-29T17:32:18.056+0000] {processor.py:914} INFO - Processing file /home/airflow/.local/lib/python3.12/site-packages/airflow/example_dags/example_setup_teardown.py for tasks to queue
[2025-03-29T17:32:18.058+0000] {logging_mixin.py:190} INFO - [2025-03-29T17:32:18.058+0000] {dagbag.py:588} INFO - Filling up the DagBag from /home/airflow/.local/lib/python3.12/site-packages/airflow/example_dags/example_setup_teardown.py
[2025-03-29T17:32:18.063+0000] {processor.py:925} INFO - DAG(s) 'example_setup_teardown' retrieved from /home/airflow/.local/lib/python3.12/site-packages/airflow/example_dags/example_setup_teardown.py
[2025-03-29T17:32:18.076+0000] {logging_mixin.py:190} INFO - [2025-03-29T17:32:18.076+0000] {dag.py:3239} INFO - Sync 1 DAGs
[2025-03-29T17:32:18.085+0000] {logging_mixin.py:190} INFO - [2025-03-29T17:32:18.085+0000] {dag.py:4180} INFO - Setting next_dagrun for example_setup_teardown to None, run_after=None
[2025-03-29T17:32:18.097+0000] {processor.py:208} INFO - Processing /home/airflow/.local/lib/python3.12/site-packages/airflow/example_dags/example_setup_teardown.py took 0.044 seconds
[2025-03-29T17:32:49.420+0000] {processor.py:186} INFO - Started process (PID=878) to work on /home/airflow/.local/lib/python3.12/site-packages/airflow/example_dags/example_setup_teardown.py
[2025-03-29T17:32:49.420+0000] {processor.py:914} INFO - Processing file /home/airflow/.local/lib/python3.12/site-packages/airflow/example_dags/example_setup_teardown.py for tasks to queue
[2025-03-29T17:32:49.421+0000] {logging_mixin.py:190} INFO - [2025-03-29T17:32:49.421+0000] {dagbag.py:588} INFO - Filling up the DagBag from /home/airflow/.local/lib/python3.12/site-packages/airflow/example_dags/example_setup_teardown.py
[2025-03-29T17:32:49.426+0000] {processor.py:925} INFO - DAG(s) 'example_setup_teardown' retrieved from /home/airflow/.local/lib/python3.12/site-packages/airflow/example_dags/example_setup_teardown.py
[2025-03-29T17:32:49.438+0000] {logging_mixin.py:190} INFO - [2025-03-29T17:32:49.438+0000] {dag.py:3239} INFO - Sync 1 DAGs
[2025-03-29T17:32:49.447+0000] {logging_mixin.py:190} INFO - [2025-03-29T17:32:49.447+0000] {dag.py:4180} INFO - Setting next_dagrun for example_setup_teardown to None, run_after=None
[2025-03-29T17:32:49.459+0000] {processor.py:208} INFO - Processing /home/airflow/.local/lib/python3.12/site-packages/airflow/example_dags/example_setup_teardown.py took 0.042 seconds
[2025-03-29T17:33:19.982+0000] {processor.py:186} INFO - Started process (PID=941) to work on /home/airflow/.local/lib/python3.12/site-packages/airflow/example_dags/example_setup_teardown.py
[2025-03-29T17:33:19.983+0000] {processor.py:914} INFO - Processing file /home/airflow/.local/lib/python3.12/site-packages/airflow/example_dags/example_setup_teardown.py for tasks to queue
[2025-03-29T17:33:19.984+0000] {logging_mixin.py:190} INFO - [2025-03-29T17:33:19.984+0000] {dagbag.py:588} INFO - Filling up the DagBag from /home/airflow/.local/lib/python3.12/site-packages/airflow/example_dags/example_setup_teardown.py
[2025-03-29T17:33:19.989+0000] {processor.py:925} INFO - DAG(s) 'example_setup_teardown' retrieved from /home/airflow/.local/lib/python3.12/site-packages/airflow/example_dags/example_setup_teardown.py
[2025-03-29T17:33:20.001+0000] {logging_mixin.py:190} INFO - [2025-03-29T17:33:20.001+0000] {dag.py:3239} INFO - Sync 1 DAGs
[2025-03-29T17:33:20.011+0000] {logging_mixin.py:190} INFO - [2025-03-29T17:33:20.010+0000] {dag.py:4180} INFO - Setting next_dagrun for example_setup_teardown to None, run_after=None
[2025-03-29T17:33:20.022+0000] {processor.py:208} INFO - Processing /home/airflow/.local/lib/python3.12/site-packages/airflow/example_dags/example_setup_teardown.py took 0.043 seconds
[2025-03-29T17:33:51.412+0000] {processor.py:186} INFO - Started process (PID=1004) to work on /home/airflow/.local/lib/python3.12/site-packages/airflow/example_dags/example_setup_teardown.py
[2025-03-29T17:33:51.413+0000] {processor.py:914} INFO - Processing file /home/airflow/.local/lib/python3.12/site-packages/airflow/example_dags/example_setup_teardown.py for tasks to queue
[2025-03-29T17:33:51.414+0000] {logging_mixin.py:190} INFO - [2025-03-29T17:33:51.414+0000] {dagbag.py:588} INFO - Filling up the DagBag from /home/airflow/.local/lib/python3.12/site-packages/airflow/example_dags/example_setup_teardown.py
[2025-03-29T17:33:51.419+0000] {processor.py:925} INFO - DAG(s) 'example_setup_teardown' retrieved from /home/airflow/.local/lib/python3.12/site-packages/airflow/example_dags/example_setup_teardown.py
[2025-03-29T17:33:51.438+0000] {logging_mixin.py:190} INFO - [2025-03-29T17:33:51.438+0000] {dag.py:3239} INFO - Sync 1 DAGs
[2025-03-29T17:33:51.454+0000] {logging_mixin.py:190} INFO - [2025-03-29T17:33:51.453+0000] {dag.py:4180} INFO - Setting next_dagrun for example_setup_teardown to None, run_after=None
[2025-03-29T17:33:51.470+0000] {processor.py:208} INFO - Processing /home/airflow/.local/lib/python3.12/site-packages/airflow/example_dags/example_setup_teardown.py took 0.061 seconds
[2025-03-29T17:34:22.064+0000] {processor.py:186} INFO - Started process (PID=1067) to work on /home/airflow/.local/lib/python3.12/site-packages/airflow/example_dags/example_setup_teardown.py
[2025-03-29T17:34:22.065+0000] {processor.py:914} INFO - Processing file /home/airflow/.local/lib/python3.12/site-packages/airflow/example_dags/example_setup_teardown.py for tasks to queue
[2025-03-29T17:34:22.066+0000] {logging_mixin.py:190} INFO - [2025-03-29T17:34:22.066+0000] {dagbag.py:588} INFO - Filling up the DagBag from /home/airflow/.local/lib/python3.12/site-packages/airflow/example_dags/example_setup_teardown.py
[2025-03-29T17:34:22.071+0000] {processor.py:925} INFO - DAG(s) 'example_setup_teardown' retrieved from /home/airflow/.local/lib/python3.12/site-packages/airflow/example_dags/example_setup_teardown.py
[2025-03-29T17:34:22.084+0000] {logging_mixin.py:190} INFO - [2025-03-29T17:34:22.084+0000] {dag.py:3239} INFO - Sync 1 DAGs
[2025-03-29T17:34:22.093+0000] {logging_mixin.py:190} INFO - [2025-03-29T17:34:22.093+0000] {dag.py:4180} INFO - Setting next_dagrun for example_setup_teardown to None, run_after=None
[2025-03-29T17:34:22.105+0000] {processor.py:208} INFO - Processing /home/airflow/.local/lib/python3.12/site-packages/airflow/example_dags/example_setup_teardown.py took 0.044 seconds
[2025-03-29T17:34:53.616+0000] {processor.py:186} INFO - Started process (PID=1130) to work on /home/airflow/.local/lib/python3.12/site-packages/airflow/example_dags/example_setup_teardown.py
[2025-03-29T17:34:53.617+0000] {processor.py:914} INFO - Processing file /home/airflow/.local/lib/python3.12/site-packages/airflow/example_dags/example_setup_teardown.py for tasks to queue
[2025-03-29T17:34:53.619+0000] {logging_mixin.py:190} INFO - [2025-03-29T17:34:53.618+0000] {dagbag.py:588} INFO - Filling up the DagBag from /home/airflow/.local/lib/python3.12/site-packages/airflow/example_dags/example_setup_teardown.py
[2025-03-29T17:34:53.625+0000] {processor.py:925} INFO - DAG(s) 'example_setup_teardown' retrieved from /home/airflow/.local/lib/python3.12/site-packages/airflow/example_dags/example_setup_teardown.py
[2025-03-29T17:34:53.640+0000] {logging_mixin.py:190} INFO - [2025-03-29T17:34:53.639+0000] {dag.py:3239} INFO - Sync 1 DAGs
[2025-03-29T17:34:53.650+0000] {logging_mixin.py:190} INFO - [2025-03-29T17:34:53.650+0000] {dag.py:4180} INFO - Setting next_dagrun for example_setup_teardown to None, run_after=None
[2025-03-29T17:34:53.663+0000] {processor.py:208} INFO - Processing /home/airflow/.local/lib/python3.12/site-packages/airflow/example_dags/example_setup_teardown.py took 0.051 seconds
[2025-03-29T17:35:24.551+0000] {processor.py:186} INFO - Started process (PID=1193) to work on /home/airflow/.local/lib/python3.12/site-packages/airflow/example_dags/example_setup_teardown.py
[2025-03-29T17:35:24.552+0000] {processor.py:914} INFO - Processing file /home/airflow/.local/lib/python3.12/site-packages/airflow/example_dags/example_setup_teardown.py for tasks to queue
[2025-03-29T17:35:24.554+0000] {logging_mixin.py:190} INFO - [2025-03-29T17:35:24.554+0000] {dagbag.py:588} INFO - Filling up the DagBag from /home/airflow/.local/lib/python3.12/site-packages/airflow/example_dags/example_setup_teardown.py
[2025-03-29T17:35:24.566+0000] {processor.py:925} INFO - DAG(s) 'example_setup_teardown' retrieved from /home/airflow/.local/lib/python3.12/site-packages/airflow/example_dags/example_setup_teardown.py
[2025-03-29T17:35:24.582+0000] {logging_mixin.py:190} INFO - [2025-03-29T17:35:24.581+0000] {dag.py:3239} INFO - Sync 1 DAGs
[2025-03-29T17:35:24.594+0000] {logging_mixin.py:190} INFO - [2025-03-29T17:35:24.593+0000] {dag.py:4180} INFO - Setting next_dagrun for example_setup_teardown to None, run_after=None
[2025-03-29T17:35:24.608+0000] {processor.py:208} INFO - Processing /home/airflow/.local/lib/python3.12/site-packages/airflow/example_dags/example_setup_teardown.py took 0.065 seconds
[2025-03-29T17:35:55.867+0000] {processor.py:186} INFO - Started process (PID=1256) to work on /home/airflow/.local/lib/python3.12/site-packages/airflow/example_dags/example_setup_teardown.py
[2025-03-29T17:35:55.867+0000] {processor.py:914} INFO - Processing file /home/airflow/.local/lib/python3.12/site-packages/airflow/example_dags/example_setup_teardown.py for tasks to queue
[2025-03-29T17:35:55.869+0000] {logging_mixin.py:190} INFO - [2025-03-29T17:35:55.869+0000] {dagbag.py:588} INFO - Filling up the DagBag from /home/airflow/.local/lib/python3.12/site-packages/airflow/example_dags/example_setup_teardown.py
[2025-03-29T17:35:55.874+0000] {processor.py:925} INFO - DAG(s) 'example_setup_teardown' retrieved from /home/airflow/.local/lib/python3.12/site-packages/airflow/example_dags/example_setup_teardown.py
[2025-03-29T17:35:55.888+0000] {logging_mixin.py:190} INFO - [2025-03-29T17:35:55.887+0000] {dag.py:3239} INFO - Sync 1 DAGs
[2025-03-29T17:35:55.898+0000] {logging_mixin.py:190} INFO - [2025-03-29T17:35:55.898+0000] {dag.py:4180} INFO - Setting next_dagrun for example_setup_teardown to None, run_after=None
[2025-03-29T17:35:55.911+0000] {processor.py:208} INFO - Processing /home/airflow/.local/lib/python3.12/site-packages/airflow/example_dags/example_setup_teardown.py took 0.047 seconds
[2025-03-29T17:36:27.233+0000] {processor.py:186} INFO - Started process (PID=1319) to work on /home/airflow/.local/lib/python3.12/site-packages/airflow/example_dags/example_setup_teardown.py
[2025-03-29T17:36:27.233+0000] {processor.py:914} INFO - Processing file /home/airflow/.local/lib/python3.12/site-packages/airflow/example_dags/example_setup_teardown.py for tasks to queue
[2025-03-29T17:36:27.234+0000] {logging_mixin.py:190} INFO - [2025-03-29T17:36:27.234+0000] {dagbag.py:588} INFO - Filling up the DagBag from /home/airflow/.local/lib/python3.12/site-packages/airflow/example_dags/example_setup_teardown.py
[2025-03-29T17:36:27.240+0000] {processor.py:925} INFO - DAG(s) 'example_setup_teardown' retrieved from /home/airflow/.local/lib/python3.12/site-packages/airflow/example_dags/example_setup_teardown.py
[2025-03-29T17:36:27.253+0000] {logging_mixin.py:190} INFO - [2025-03-29T17:36:27.252+0000] {dag.py:3239} INFO - Sync 1 DAGs
[2025-03-29T17:36:27.262+0000] {logging_mixin.py:190} INFO - [2025-03-29T17:36:27.262+0000] {dag.py:4180} INFO - Setting next_dagrun for example_setup_teardown to None, run_after=None
[2025-03-29T17:36:27.274+0000] {processor.py:208} INFO - Processing /home/airflow/.local/lib/python3.12/site-packages/airflow/example_dags/example_setup_teardown.py took 0.045 seconds
[2025-03-29T17:36:58.578+0000] {processor.py:186} INFO - Started process (PID=1382) to work on /home/airflow/.local/lib/python3.12/site-packages/airflow/example_dags/example_setup_teardown.py
[2025-03-29T17:36:58.578+0000] {processor.py:914} INFO - Processing file /home/airflow/.local/lib/python3.12/site-packages/airflow/example_dags/example_setup_teardown.py for tasks to queue
[2025-03-29T17:36:58.580+0000] {logging_mixin.py:190} INFO - [2025-03-29T17:36:58.580+0000] {dagbag.py:588} INFO - Filling up the DagBag from /home/airflow/.local/lib/python3.12/site-packages/airflow/example_dags/example_setup_teardown.py
[2025-03-29T17:36:58.585+0000] {processor.py:925} INFO - DAG(s) 'example_setup_teardown' retrieved from /home/airflow/.local/lib/python3.12/site-packages/airflow/example_dags/example_setup_teardown.py
[2025-03-29T17:36:58.603+0000] {logging_mixin.py:190} INFO - [2025-03-29T17:36:58.603+0000] {dag.py:3239} INFO - Sync 1 DAGs
[2025-03-29T17:36:58.614+0000] {logging_mixin.py:190} INFO - [2025-03-29T17:36:58.613+0000] {dag.py:4180} INFO - Setting next_dagrun for example_setup_teardown to None, run_after=None
[2025-03-29T17:36:58.627+0000] {processor.py:208} INFO - Processing /home/airflow/.local/lib/python3.12/site-packages/airflow/example_dags/example_setup_teardown.py took 0.053 seconds
[2025-03-29T17:37:29.748+0000] {processor.py:186} INFO - Started process (PID=1445) to work on /home/airflow/.local/lib/python3.12/site-packages/airflow/example_dags/example_setup_teardown.py
[2025-03-29T17:37:29.749+0000] {processor.py:914} INFO - Processing file /home/airflow/.local/lib/python3.12/site-packages/airflow/example_dags/example_setup_teardown.py for tasks to queue
[2025-03-29T17:37:29.750+0000] {logging_mixin.py:190} INFO - [2025-03-29T17:37:29.750+0000] {dagbag.py:588} INFO - Filling up the DagBag from /home/airflow/.local/lib/python3.12/site-packages/airflow/example_dags/example_setup_teardown.py
[2025-03-29T17:37:29.755+0000] {processor.py:925} INFO - DAG(s) 'example_setup_teardown' retrieved from /home/airflow/.local/lib/python3.12/site-packages/airflow/example_dags/example_setup_teardown.py
[2025-03-29T17:37:29.767+0000] {logging_mixin.py:190} INFO - [2025-03-29T17:37:29.767+0000] {dag.py:3239} INFO - Sync 1 DAGs
[2025-03-29T17:37:29.777+0000] {logging_mixin.py:190} INFO - [2025-03-29T17:37:29.777+0000] {dag.py:4180} INFO - Setting next_dagrun for example_setup_teardown to None, run_after=None
[2025-03-29T17:37:29.789+0000] {processor.py:208} INFO - Processing /home/airflow/.local/lib/python3.12/site-packages/airflow/example_dags/example_setup_teardown.py took 0.045 seconds
[2025-03-29T17:38:00.437+0000] {processor.py:186} INFO - Started process (PID=1508) to work on /home/airflow/.local/lib/python3.12/site-packages/airflow/example_dags/example_setup_teardown.py
[2025-03-29T17:38:00.438+0000] {processor.py:914} INFO - Processing file /home/airflow/.local/lib/python3.12/site-packages/airflow/example_dags/example_setup_teardown.py for tasks to queue
[2025-03-29T17:38:00.439+0000] {logging_mixin.py:190} INFO - [2025-03-29T17:38:00.439+0000] {dagbag.py:588} INFO - Filling up the DagBag from /home/airflow/.local/lib/python3.12/site-packages/airflow/example_dags/example_setup_teardown.py
[2025-03-29T17:38:00.444+0000] {processor.py:925} INFO - DAG(s) 'example_setup_teardown' retrieved from /home/airflow/.local/lib/python3.12/site-packages/airflow/example_dags/example_setup_teardown.py
[2025-03-29T17:38:00.456+0000] {logging_mixin.py:190} INFO - [2025-03-29T17:38:00.456+0000] {dag.py:3239} INFO - Sync 1 DAGs
[2025-03-29T17:38:00.465+0000] {logging_mixin.py:190} INFO - [2025-03-29T17:38:00.465+0000] {dag.py:4180} INFO - Setting next_dagrun for example_setup_teardown to None, run_after=None
[2025-03-29T17:38:00.476+0000] {processor.py:208} INFO - Processing /home/airflow/.local/lib/python3.12/site-packages/airflow/example_dags/example_setup_teardown.py took 0.043 seconds
[2025-03-29T17:38:31.669+0000] {processor.py:186} INFO - Started process (PID=1571) to work on /home/airflow/.local/lib/python3.12/site-packages/airflow/example_dags/example_setup_teardown.py
[2025-03-29T17:38:31.670+0000] {processor.py:914} INFO - Processing file /home/airflow/.local/lib/python3.12/site-packages/airflow/example_dags/example_setup_teardown.py for tasks to queue
[2025-03-29T17:38:31.671+0000] {logging_mixin.py:190} INFO - [2025-03-29T17:38:31.671+0000] {dagbag.py:588} INFO - Filling up the DagBag from /home/airflow/.local/lib/python3.12/site-packages/airflow/example_dags/example_setup_teardown.py
[2025-03-29T17:38:31.676+0000] {processor.py:925} INFO - DAG(s) 'example_setup_teardown' retrieved from /home/airflow/.local/lib/python3.12/site-packages/airflow/example_dags/example_setup_teardown.py
[2025-03-29T17:38:31.688+0000] {logging_mixin.py:190} INFO - [2025-03-29T17:38:31.688+0000] {dag.py:3239} INFO - Sync 1 DAGs
[2025-03-29T17:38:31.697+0000] {logging_mixin.py:190} INFO - [2025-03-29T17:38:31.697+0000] {dag.py:4180} INFO - Setting next_dagrun for example_setup_teardown to None, run_after=None
[2025-03-29T17:38:31.709+0000] {processor.py:208} INFO - Processing /home/airflow/.local/lib/python3.12/site-packages/airflow/example_dags/example_setup_teardown.py took 0.043 seconds
