[2025-03-29T17:15:50.441+0000] {processor.py:186} INFO - Started process (PID=87) to work on /home/airflow/.local/lib/python3.12/site-packages/airflow/example_dags/example_external_task_marker_dag.py
[2025-03-29T17:15:50.442+0000] {processor.py:914} INFO - Processing file /home/airflow/.local/lib/python3.12/site-packages/airflow/example_dags/example_external_task_marker_dag.py for tasks to queue
[2025-03-29T17:15:50.443+0000] {logging_mixin.py:190} INFO - [2025-03-29T17:15:50.443+0000] {dagbag.py:588} INFO - Filling up the DagBag from /home/airflow/.local/lib/python3.12/site-packages/airflow/example_dags/example_external_task_marker_dag.py
[2025-03-29T17:15:50.449+0000] {processor.py:925} INFO - DAG(s) 'example_external_task_marker_parent', 'example_external_task_marker_child' retrieved from /home/airflow/.local/lib/python3.12/site-packages/airflow/example_dags/example_external_task_marker_dag.py
[2025-03-29T17:15:50.521+0000] {logging_mixin.py:190} INFO - [2025-03-29T17:15:50.521+0000] {override.py:1912} INFO - Created Permission View: can delete on DAG:example_external_task_marker_parent
[2025-03-29T17:15:50.528+0000] {logging_mixin.py:190} INFO - [2025-03-29T17:15:50.528+0000] {override.py:1912} INFO - Created Permission View: can edit on DAG:example_external_task_marker_parent
[2025-03-29T17:15:50.533+0000] {logging_mixin.py:190} INFO - [2025-03-29T17:15:50.532+0000] {override.py:1912} INFO - Created Permission View: can read on DAG:example_external_task_marker_parent
[2025-03-29T17:15:50.539+0000] {logging_mixin.py:190} INFO - [2025-03-29T17:15:50.538+0000] {override.py:1912} INFO - Created Permission View: can delete on DAG Run:example_external_task_marker_parent
[2025-03-29T17:15:50.543+0000] {logging_mixin.py:190} INFO - [2025-03-29T17:15:50.543+0000] {override.py:1912} INFO - Created Permission View: menu access on DAG Run:example_external_task_marker_parent
[2025-03-29T17:15:50.548+0000] {logging_mixin.py:190} INFO - [2025-03-29T17:15:50.548+0000] {override.py:1912} INFO - Created Permission View: can read on DAG Run:example_external_task_marker_parent
[2025-03-29T17:15:50.552+0000] {logging_mixin.py:190} INFO - [2025-03-29T17:15:50.552+0000] {override.py:1912} INFO - Created Permission View: can create on DAG Run:example_external_task_marker_parent
[2025-03-29T17:15:50.562+0000] {logging_mixin.py:190} INFO - [2025-03-29T17:15:50.562+0000] {override.py:1912} INFO - Created Permission View: can delete on DAG:example_external_task_marker_child
[2025-03-29T17:15:50.566+0000] {logging_mixin.py:190} INFO - [2025-03-29T17:15:50.566+0000] {override.py:1912} INFO - Created Permission View: can edit on DAG:example_external_task_marker_child
[2025-03-29T17:15:50.571+0000] {logging_mixin.py:190} INFO - [2025-03-29T17:15:50.570+0000] {override.py:1912} INFO - Created Permission View: can read on DAG:example_external_task_marker_child
[2025-03-29T17:15:50.576+0000] {logging_mixin.py:190} INFO - [2025-03-29T17:15:50.576+0000] {override.py:1912} INFO - Created Permission View: can delete on DAG Run:example_external_task_marker_child
[2025-03-29T17:15:50.580+0000] {logging_mixin.py:190} INFO - [2025-03-29T17:15:50.580+0000] {override.py:1912} INFO - Created Permission View: menu access on DAG Run:example_external_task_marker_child
[2025-03-29T17:15:50.585+0000] {logging_mixin.py:190} INFO - [2025-03-29T17:15:50.585+0000] {override.py:1912} INFO - Created Permission View: can read on DAG Run:example_external_task_marker_child
[2025-03-29T17:15:50.590+0000] {logging_mixin.py:190} INFO - [2025-03-29T17:15:50.590+0000] {override.py:1912} INFO - Created Permission View: can create on DAG Run:example_external_task_marker_child
[2025-03-29T17:15:50.590+0000] {logging_mixin.py:190} INFO - [2025-03-29T17:15:50.590+0000] {dag.py:3239} INFO - Sync 2 DAGs
[2025-03-29T17:15:50.600+0000] {logging_mixin.py:190} INFO - [2025-03-29T17:15:50.599+0000] {dag.py:3262} INFO - Creating ORM DAG for example_external_task_marker_parent
[2025-03-29T17:15:50.600+0000] {logging_mixin.py:190} INFO - [2025-03-29T17:15:50.600+0000] {dag.py:3262} INFO - Creating ORM DAG for example_external_task_marker_child
[2025-03-29T17:15:50.600+0000] {logging_mixin.py:190} INFO - [2025-03-29T17:15:50.600+0000] {dag.py:4180} INFO - Setting next_dagrun for example_external_task_marker_child to None, run_after=None
[2025-03-29T17:15:50.601+0000] {logging_mixin.py:190} INFO - [2025-03-29T17:15:50.601+0000] {dag.py:4180} INFO - Setting next_dagrun for example_external_task_marker_parent to None, run_after=None
[2025-03-29T17:15:50.612+0000] {processor.py:208} INFO - Processing /home/airflow/.local/lib/python3.12/site-packages/airflow/example_dags/example_external_task_marker_dag.py took 0.174 seconds
[2025-03-29T17:16:21.088+0000] {processor.py:186} INFO - Started process (PID=150) to work on /home/airflow/.local/lib/python3.12/site-packages/airflow/example_dags/example_external_task_marker_dag.py
[2025-03-29T17:16:21.089+0000] {processor.py:914} INFO - Processing file /home/airflow/.local/lib/python3.12/site-packages/airflow/example_dags/example_external_task_marker_dag.py for tasks to queue
[2025-03-29T17:16:21.090+0000] {logging_mixin.py:190} INFO - [2025-03-29T17:16:21.090+0000] {dagbag.py:588} INFO - Filling up the DagBag from /home/airflow/.local/lib/python3.12/site-packages/airflow/example_dags/example_external_task_marker_dag.py
[2025-03-29T17:16:21.096+0000] {processor.py:925} INFO - DAG(s) 'example_external_task_marker_parent', 'example_external_task_marker_child' retrieved from /home/airflow/.local/lib/python3.12/site-packages/airflow/example_dags/example_external_task_marker_dag.py
[2025-03-29T17:16:21.110+0000] {logging_mixin.py:190} INFO - [2025-03-29T17:16:21.110+0000] {dag.py:3239} INFO - Sync 2 DAGs
[2025-03-29T17:16:21.120+0000] {logging_mixin.py:190} INFO - [2025-03-29T17:16:21.120+0000] {dag.py:4180} INFO - Setting next_dagrun for example_external_task_marker_child to None, run_after=None
[2025-03-29T17:16:21.123+0000] {logging_mixin.py:190} INFO - [2025-03-29T17:16:21.123+0000] {dag.py:4180} INFO - Setting next_dagrun for example_external_task_marker_parent to None, run_after=None
[2025-03-29T17:16:21.133+0000] {processor.py:208} INFO - Processing /home/airflow/.local/lib/python3.12/site-packages/airflow/example_dags/example_external_task_marker_dag.py took 0.049 seconds
[2025-03-29T17:16:51.758+0000] {processor.py:186} INFO - Started process (PID=213) to work on /home/airflow/.local/lib/python3.12/site-packages/airflow/example_dags/example_external_task_marker_dag.py
[2025-03-29T17:16:51.758+0000] {processor.py:914} INFO - Processing file /home/airflow/.local/lib/python3.12/site-packages/airflow/example_dags/example_external_task_marker_dag.py for tasks to queue
[2025-03-29T17:16:51.760+0000] {logging_mixin.py:190} INFO - [2025-03-29T17:16:51.759+0000] {dagbag.py:588} INFO - Filling up the DagBag from /home/airflow/.local/lib/python3.12/site-packages/airflow/example_dags/example_external_task_marker_dag.py
[2025-03-29T17:16:51.765+0000] {processor.py:925} INFO - DAG(s) 'example_external_task_marker_child', 'example_external_task_marker_parent' retrieved from /home/airflow/.local/lib/python3.12/site-packages/airflow/example_dags/example_external_task_marker_dag.py
[2025-03-29T17:16:51.779+0000] {logging_mixin.py:190} INFO - [2025-03-29T17:16:51.779+0000] {dag.py:3239} INFO - Sync 2 DAGs
[2025-03-29T17:16:51.789+0000] {logging_mixin.py:190} INFO - [2025-03-29T17:16:51.789+0000] {dag.py:4180} INFO - Setting next_dagrun for example_external_task_marker_child to None, run_after=None
[2025-03-29T17:16:51.791+0000] {logging_mixin.py:190} INFO - [2025-03-29T17:16:51.791+0000] {dag.py:4180} INFO - Setting next_dagrun for example_external_task_marker_parent to None, run_after=None
[2025-03-29T17:16:51.805+0000] {processor.py:208} INFO - Processing /home/airflow/.local/lib/python3.12/site-packages/airflow/example_dags/example_external_task_marker_dag.py took 0.051 seconds
[2025-03-29T17:17:23.086+0000] {processor.py:186} INFO - Started process (PID=276) to work on /home/airflow/.local/lib/python3.12/site-packages/airflow/example_dags/example_external_task_marker_dag.py
[2025-03-29T17:17:23.087+0000] {processor.py:914} INFO - Processing file /home/airflow/.local/lib/python3.12/site-packages/airflow/example_dags/example_external_task_marker_dag.py for tasks to queue
[2025-03-29T17:17:23.088+0000] {logging_mixin.py:190} INFO - [2025-03-29T17:17:23.088+0000] {dagbag.py:588} INFO - Filling up the DagBag from /home/airflow/.local/lib/python3.12/site-packages/airflow/example_dags/example_external_task_marker_dag.py
[2025-03-29T17:17:23.093+0000] {processor.py:925} INFO - DAG(s) 'example_external_task_marker_parent', 'example_external_task_marker_child' retrieved from /home/airflow/.local/lib/python3.12/site-packages/airflow/example_dags/example_external_task_marker_dag.py
[2025-03-29T17:17:23.111+0000] {logging_mixin.py:190} INFO - [2025-03-29T17:17:23.111+0000] {dag.py:3239} INFO - Sync 2 DAGs
[2025-03-29T17:17:23.122+0000] {logging_mixin.py:190} INFO - [2025-03-29T17:17:23.122+0000] {dag.py:4180} INFO - Setting next_dagrun for example_external_task_marker_child to None, run_after=None
[2025-03-29T17:17:23.125+0000] {logging_mixin.py:190} INFO - [2025-03-29T17:17:23.124+0000] {dag.py:4180} INFO - Setting next_dagrun for example_external_task_marker_parent to None, run_after=None
[2025-03-29T17:17:23.138+0000] {processor.py:208} INFO - Processing /home/airflow/.local/lib/python3.12/site-packages/airflow/example_dags/example_external_task_marker_dag.py took 0.055 seconds
[2025-03-29T17:17:54.481+0000] {processor.py:186} INFO - Started process (PID=339) to work on /home/airflow/.local/lib/python3.12/site-packages/airflow/example_dags/example_external_task_marker_dag.py
[2025-03-29T17:17:54.481+0000] {processor.py:914} INFO - Processing file /home/airflow/.local/lib/python3.12/site-packages/airflow/example_dags/example_external_task_marker_dag.py for tasks to queue
[2025-03-29T17:17:54.482+0000] {logging_mixin.py:190} INFO - [2025-03-29T17:17:54.482+0000] {dagbag.py:588} INFO - Filling up the DagBag from /home/airflow/.local/lib/python3.12/site-packages/airflow/example_dags/example_external_task_marker_dag.py
[2025-03-29T17:17:54.487+0000] {processor.py:925} INFO - DAG(s) 'example_external_task_marker_child', 'example_external_task_marker_parent' retrieved from /home/airflow/.local/lib/python3.12/site-packages/airflow/example_dags/example_external_task_marker_dag.py
[2025-03-29T17:17:54.500+0000] {logging_mixin.py:190} INFO - [2025-03-29T17:17:54.500+0000] {dag.py:3239} INFO - Sync 2 DAGs
[2025-03-29T17:17:54.512+0000] {logging_mixin.py:190} INFO - [2025-03-29T17:17:54.512+0000] {dag.py:4180} INFO - Setting next_dagrun for example_external_task_marker_child to None, run_after=None
[2025-03-29T17:17:54.515+0000] {logging_mixin.py:190} INFO - [2025-03-29T17:17:54.515+0000] {dag.py:4180} INFO - Setting next_dagrun for example_external_task_marker_parent to None, run_after=None
[2025-03-29T17:17:54.529+0000] {processor.py:208} INFO - Processing /home/airflow/.local/lib/python3.12/site-packages/airflow/example_dags/example_external_task_marker_dag.py took 0.051 seconds
[2025-03-29T17:18:24.860+0000] {processor.py:186} INFO - Started process (PID=401) to work on /home/airflow/.local/lib/python3.12/site-packages/airflow/example_dags/example_external_task_marker_dag.py
[2025-03-29T17:18:24.860+0000] {processor.py:914} INFO - Processing file /home/airflow/.local/lib/python3.12/site-packages/airflow/example_dags/example_external_task_marker_dag.py for tasks to queue
[2025-03-29T17:18:24.862+0000] {logging_mixin.py:190} INFO - [2025-03-29T17:18:24.862+0000] {dagbag.py:588} INFO - Filling up the DagBag from /home/airflow/.local/lib/python3.12/site-packages/airflow/example_dags/example_external_task_marker_dag.py
[2025-03-29T17:18:24.867+0000] {processor.py:925} INFO - DAG(s) 'example_external_task_marker_parent', 'example_external_task_marker_child' retrieved from /home/airflow/.local/lib/python3.12/site-packages/airflow/example_dags/example_external_task_marker_dag.py
[2025-03-29T17:18:24.882+0000] {logging_mixin.py:190} INFO - [2025-03-29T17:18:24.881+0000] {dag.py:3239} INFO - Sync 2 DAGs
[2025-03-29T17:18:24.896+0000] {logging_mixin.py:190} INFO - [2025-03-29T17:18:24.895+0000] {dag.py:4180} INFO - Setting next_dagrun for example_external_task_marker_child to None, run_after=None
[2025-03-29T17:18:24.900+0000] {logging_mixin.py:190} INFO - [2025-03-29T17:18:24.900+0000] {dag.py:4180} INFO - Setting next_dagrun for example_external_task_marker_parent to None, run_after=None
[2025-03-29T17:18:24.921+0000] {processor.py:208} INFO - Processing /home/airflow/.local/lib/python3.12/site-packages/airflow/example_dags/example_external_task_marker_dag.py took 0.065 seconds
[2025-03-29T17:18:55.581+0000] {processor.py:186} INFO - Started process (PID=465) to work on /home/airflow/.local/lib/python3.12/site-packages/airflow/example_dags/example_external_task_marker_dag.py
[2025-03-29T17:18:55.581+0000] {processor.py:914} INFO - Processing file /home/airflow/.local/lib/python3.12/site-packages/airflow/example_dags/example_external_task_marker_dag.py for tasks to queue
[2025-03-29T17:18:55.582+0000] {logging_mixin.py:190} INFO - [2025-03-29T17:18:55.582+0000] {dagbag.py:588} INFO - Filling up the DagBag from /home/airflow/.local/lib/python3.12/site-packages/airflow/example_dags/example_external_task_marker_dag.py
[2025-03-29T17:18:55.587+0000] {processor.py:925} INFO - DAG(s) 'example_external_task_marker_child', 'example_external_task_marker_parent' retrieved from /home/airflow/.local/lib/python3.12/site-packages/airflow/example_dags/example_external_task_marker_dag.py
[2025-03-29T17:18:55.601+0000] {logging_mixin.py:190} INFO - [2025-03-29T17:18:55.601+0000] {dag.py:3239} INFO - Sync 2 DAGs
[2025-03-29T17:18:55.611+0000] {logging_mixin.py:190} INFO - [2025-03-29T17:18:55.611+0000] {dag.py:4180} INFO - Setting next_dagrun for example_external_task_marker_child to None, run_after=None
[2025-03-29T17:18:55.613+0000] {logging_mixin.py:190} INFO - [2025-03-29T17:18:55.613+0000] {dag.py:4180} INFO - Setting next_dagrun for example_external_task_marker_parent to None, run_after=None
[2025-03-29T17:18:55.625+0000] {processor.py:208} INFO - Processing /home/airflow/.local/lib/python3.12/site-packages/airflow/example_dags/example_external_task_marker_dag.py took 0.048 seconds
[2025-03-29T17:19:27.032+0000] {processor.py:186} INFO - Started process (PID=534) to work on /home/airflow/.local/lib/python3.12/site-packages/airflow/example_dags/example_external_task_marker_dag.py
[2025-03-29T17:19:27.032+0000] {processor.py:914} INFO - Processing file /home/airflow/.local/lib/python3.12/site-packages/airflow/example_dags/example_external_task_marker_dag.py for tasks to queue
[2025-03-29T17:19:27.033+0000] {logging_mixin.py:190} INFO - [2025-03-29T17:19:27.033+0000] {dagbag.py:588} INFO - Filling up the DagBag from /home/airflow/.local/lib/python3.12/site-packages/airflow/example_dags/example_external_task_marker_dag.py
[2025-03-29T17:19:27.038+0000] {processor.py:925} INFO - DAG(s) 'example_external_task_marker_parent', 'example_external_task_marker_child' retrieved from /home/airflow/.local/lib/python3.12/site-packages/airflow/example_dags/example_external_task_marker_dag.py
[2025-03-29T17:19:27.052+0000] {logging_mixin.py:190} INFO - [2025-03-29T17:19:27.052+0000] {dag.py:3239} INFO - Sync 2 DAGs
[2025-03-29T17:19:27.062+0000] {logging_mixin.py:190} INFO - [2025-03-29T17:19:27.062+0000] {dag.py:4180} INFO - Setting next_dagrun for example_external_task_marker_child to None, run_after=None
[2025-03-29T17:19:27.065+0000] {logging_mixin.py:190} INFO - [2025-03-29T17:19:27.065+0000] {dag.py:4180} INFO - Setting next_dagrun for example_external_task_marker_parent to None, run_after=None
[2025-03-29T17:19:27.076+0000] {processor.py:208} INFO - Processing /home/airflow/.local/lib/python3.12/site-packages/airflow/example_dags/example_external_task_marker_dag.py took 0.048 seconds
[2025-03-29T17:19:57.567+0000] {processor.py:186} INFO - Started process (PID=597) to work on /home/airflow/.local/lib/python3.12/site-packages/airflow/example_dags/example_external_task_marker_dag.py
[2025-03-29T17:19:57.567+0000] {processor.py:914} INFO - Processing file /home/airflow/.local/lib/python3.12/site-packages/airflow/example_dags/example_external_task_marker_dag.py for tasks to queue
[2025-03-29T17:19:57.568+0000] {logging_mixin.py:190} INFO - [2025-03-29T17:19:57.568+0000] {dagbag.py:588} INFO - Filling up the DagBag from /home/airflow/.local/lib/python3.12/site-packages/airflow/example_dags/example_external_task_marker_dag.py
[2025-03-29T17:19:57.573+0000] {processor.py:925} INFO - DAG(s) 'example_external_task_marker_parent', 'example_external_task_marker_child' retrieved from /home/airflow/.local/lib/python3.12/site-packages/airflow/example_dags/example_external_task_marker_dag.py
[2025-03-29T17:19:57.588+0000] {logging_mixin.py:190} INFO - [2025-03-29T17:19:57.587+0000] {dag.py:3239} INFO - Sync 2 DAGs
[2025-03-29T17:19:57.597+0000] {logging_mixin.py:190} INFO - [2025-03-29T17:19:57.597+0000] {dag.py:4180} INFO - Setting next_dagrun for example_external_task_marker_child to None, run_after=None
[2025-03-29T17:19:57.600+0000] {logging_mixin.py:190} INFO - [2025-03-29T17:19:57.600+0000] {dag.py:4180} INFO - Setting next_dagrun for example_external_task_marker_parent to None, run_after=None
[2025-03-29T17:19:57.611+0000] {processor.py:208} INFO - Processing /home/airflow/.local/lib/python3.12/site-packages/airflow/example_dags/example_external_task_marker_dag.py took 0.048 seconds
[2025-03-29T17:20:28.976+0000] {processor.py:186} INFO - Started process (PID=660) to work on /home/airflow/.local/lib/python3.12/site-packages/airflow/example_dags/example_external_task_marker_dag.py
[2025-03-29T17:20:28.977+0000] {processor.py:914} INFO - Processing file /home/airflow/.local/lib/python3.12/site-packages/airflow/example_dags/example_external_task_marker_dag.py for tasks to queue
[2025-03-29T17:20:28.978+0000] {logging_mixin.py:190} INFO - [2025-03-29T17:20:28.978+0000] {dagbag.py:588} INFO - Filling up the DagBag from /home/airflow/.local/lib/python3.12/site-packages/airflow/example_dags/example_external_task_marker_dag.py
[2025-03-29T17:20:28.982+0000] {processor.py:925} INFO - DAG(s) 'example_external_task_marker_parent', 'example_external_task_marker_child' retrieved from /home/airflow/.local/lib/python3.12/site-packages/airflow/example_dags/example_external_task_marker_dag.py
[2025-03-29T17:20:28.996+0000] {logging_mixin.py:190} INFO - [2025-03-29T17:20:28.996+0000] {dag.py:3239} INFO - Sync 2 DAGs
[2025-03-29T17:20:29.005+0000] {logging_mixin.py:190} INFO - [2025-03-29T17:20:29.005+0000] {dag.py:4180} INFO - Setting next_dagrun for example_external_task_marker_child to None, run_after=None
[2025-03-29T17:20:29.008+0000] {logging_mixin.py:190} INFO - [2025-03-29T17:20:29.008+0000] {dag.py:4180} INFO - Setting next_dagrun for example_external_task_marker_parent to None, run_after=None
[2025-03-29T17:20:29.019+0000] {processor.py:208} INFO - Processing /home/airflow/.local/lib/python3.12/site-packages/airflow/example_dags/example_external_task_marker_dag.py took 0.046 seconds
[2025-03-29T17:20:59.586+0000] {processor.py:186} INFO - Started process (PID=723) to work on /home/airflow/.local/lib/python3.12/site-packages/airflow/example_dags/example_external_task_marker_dag.py
[2025-03-29T17:20:59.587+0000] {processor.py:914} INFO - Processing file /home/airflow/.local/lib/python3.12/site-packages/airflow/example_dags/example_external_task_marker_dag.py for tasks to queue
[2025-03-29T17:20:59.588+0000] {logging_mixin.py:190} INFO - [2025-03-29T17:20:59.588+0000] {dagbag.py:588} INFO - Filling up the DagBag from /home/airflow/.local/lib/python3.12/site-packages/airflow/example_dags/example_external_task_marker_dag.py
[2025-03-29T17:20:59.594+0000] {processor.py:925} INFO - DAG(s) 'example_external_task_marker_parent', 'example_external_task_marker_child' retrieved from /home/airflow/.local/lib/python3.12/site-packages/airflow/example_dags/example_external_task_marker_dag.py
[2025-03-29T17:20:59.609+0000] {logging_mixin.py:190} INFO - [2025-03-29T17:20:59.609+0000] {dag.py:3239} INFO - Sync 2 DAGs
[2025-03-29T17:20:59.620+0000] {logging_mixin.py:190} INFO - [2025-03-29T17:20:59.619+0000] {dag.py:4180} INFO - Setting next_dagrun for example_external_task_marker_child to None, run_after=None
[2025-03-29T17:20:59.623+0000] {logging_mixin.py:190} INFO - [2025-03-29T17:20:59.622+0000] {dag.py:4180} INFO - Setting next_dagrun for example_external_task_marker_parent to None, run_after=None
[2025-03-29T17:20:59.634+0000] {processor.py:208} INFO - Processing /home/airflow/.local/lib/python3.12/site-packages/airflow/example_dags/example_external_task_marker_dag.py took 0.051 seconds
[2025-03-29T17:21:30.889+0000] {processor.py:186} INFO - Started process (PID=786) to work on /home/airflow/.local/lib/python3.12/site-packages/airflow/example_dags/example_external_task_marker_dag.py
[2025-03-29T17:21:30.890+0000] {processor.py:914} INFO - Processing file /home/airflow/.local/lib/python3.12/site-packages/airflow/example_dags/example_external_task_marker_dag.py for tasks to queue
[2025-03-29T17:21:30.891+0000] {logging_mixin.py:190} INFO - [2025-03-29T17:21:30.891+0000] {dagbag.py:588} INFO - Filling up the DagBag from /home/airflow/.local/lib/python3.12/site-packages/airflow/example_dags/example_external_task_marker_dag.py
[2025-03-29T17:21:30.895+0000] {processor.py:925} INFO - DAG(s) 'example_external_task_marker_parent', 'example_external_task_marker_child' retrieved from /home/airflow/.local/lib/python3.12/site-packages/airflow/example_dags/example_external_task_marker_dag.py
[2025-03-29T17:21:30.910+0000] {logging_mixin.py:190} INFO - [2025-03-29T17:21:30.910+0000] {dag.py:3239} INFO - Sync 2 DAGs
[2025-03-29T17:21:30.919+0000] {logging_mixin.py:190} INFO - [2025-03-29T17:21:30.919+0000] {dag.py:4180} INFO - Setting next_dagrun for example_external_task_marker_child to None, run_after=None
[2025-03-29T17:21:30.922+0000] {logging_mixin.py:190} INFO - [2025-03-29T17:21:30.922+0000] {dag.py:4180} INFO - Setting next_dagrun for example_external_task_marker_parent to None, run_after=None
[2025-03-29T17:21:30.932+0000] {processor.py:208} INFO - Processing /home/airflow/.local/lib/python3.12/site-packages/airflow/example_dags/example_external_task_marker_dag.py took 0.047 seconds
[2025-03-29T17:22:02.234+0000] {processor.py:186} INFO - Started process (PID=849) to work on /home/airflow/.local/lib/python3.12/site-packages/airflow/example_dags/example_external_task_marker_dag.py
[2025-03-29T17:22:02.234+0000] {processor.py:914} INFO - Processing file /home/airflow/.local/lib/python3.12/site-packages/airflow/example_dags/example_external_task_marker_dag.py for tasks to queue
[2025-03-29T17:22:02.235+0000] {logging_mixin.py:190} INFO - [2025-03-29T17:22:02.235+0000] {dagbag.py:588} INFO - Filling up the DagBag from /home/airflow/.local/lib/python3.12/site-packages/airflow/example_dags/example_external_task_marker_dag.py
[2025-03-29T17:22:02.240+0000] {processor.py:925} INFO - DAG(s) 'example_external_task_marker_child', 'example_external_task_marker_parent' retrieved from /home/airflow/.local/lib/python3.12/site-packages/airflow/example_dags/example_external_task_marker_dag.py
[2025-03-29T17:22:02.254+0000] {logging_mixin.py:190} INFO - [2025-03-29T17:22:02.254+0000] {dag.py:3239} INFO - Sync 2 DAGs
[2025-03-29T17:22:02.264+0000] {logging_mixin.py:190} INFO - [2025-03-29T17:22:02.264+0000] {dag.py:4180} INFO - Setting next_dagrun for example_external_task_marker_child to None, run_after=None
[2025-03-29T17:22:02.267+0000] {logging_mixin.py:190} INFO - [2025-03-29T17:22:02.267+0000] {dag.py:4180} INFO - Setting next_dagrun for example_external_task_marker_parent to None, run_after=None
[2025-03-29T17:22:02.278+0000] {processor.py:208} INFO - Processing /home/airflow/.local/lib/python3.12/site-packages/airflow/example_dags/example_external_task_marker_dag.py took 0.048 seconds
[2025-03-29T17:22:32.940+0000] {processor.py:186} INFO - Started process (PID=912) to work on /home/airflow/.local/lib/python3.12/site-packages/airflow/example_dags/example_external_task_marker_dag.py
[2025-03-29T17:22:32.941+0000] {processor.py:914} INFO - Processing file /home/airflow/.local/lib/python3.12/site-packages/airflow/example_dags/example_external_task_marker_dag.py for tasks to queue
[2025-03-29T17:22:32.942+0000] {logging_mixin.py:190} INFO - [2025-03-29T17:22:32.942+0000] {dagbag.py:588} INFO - Filling up the DagBag from /home/airflow/.local/lib/python3.12/site-packages/airflow/example_dags/example_external_task_marker_dag.py
[2025-03-29T17:22:32.948+0000] {processor.py:925} INFO - DAG(s) 'example_external_task_marker_child', 'example_external_task_marker_parent' retrieved from /home/airflow/.local/lib/python3.12/site-packages/airflow/example_dags/example_external_task_marker_dag.py
[2025-03-29T17:22:32.962+0000] {logging_mixin.py:190} INFO - [2025-03-29T17:22:32.962+0000] {dag.py:3239} INFO - Sync 2 DAGs
[2025-03-29T17:22:32.973+0000] {logging_mixin.py:190} INFO - [2025-03-29T17:22:32.972+0000] {dag.py:4180} INFO - Setting next_dagrun for example_external_task_marker_child to None, run_after=None
[2025-03-29T17:22:32.975+0000] {logging_mixin.py:190} INFO - [2025-03-29T17:22:32.975+0000] {dag.py:4180} INFO - Setting next_dagrun for example_external_task_marker_parent to None, run_after=None
[2025-03-29T17:22:32.986+0000] {processor.py:208} INFO - Processing /home/airflow/.local/lib/python3.12/site-packages/airflow/example_dags/example_external_task_marker_dag.py took 0.049 seconds
[2025-03-29T17:23:03.616+0000] {processor.py:186} INFO - Started process (PID=975) to work on /home/airflow/.local/lib/python3.12/site-packages/airflow/example_dags/example_external_task_marker_dag.py
[2025-03-29T17:23:03.617+0000] {processor.py:914} INFO - Processing file /home/airflow/.local/lib/python3.12/site-packages/airflow/example_dags/example_external_task_marker_dag.py for tasks to queue
[2025-03-29T17:23:03.618+0000] {logging_mixin.py:190} INFO - [2025-03-29T17:23:03.618+0000] {dagbag.py:588} INFO - Filling up the DagBag from /home/airflow/.local/lib/python3.12/site-packages/airflow/example_dags/example_external_task_marker_dag.py
[2025-03-29T17:23:03.624+0000] {processor.py:925} INFO - DAG(s) 'example_external_task_marker_parent', 'example_external_task_marker_child' retrieved from /home/airflow/.local/lib/python3.12/site-packages/airflow/example_dags/example_external_task_marker_dag.py
[2025-03-29T17:23:03.643+0000] {logging_mixin.py:190} INFO - [2025-03-29T17:23:03.643+0000] {dag.py:3239} INFO - Sync 2 DAGs
[2025-03-29T17:23:03.655+0000] {logging_mixin.py:190} INFO - [2025-03-29T17:23:03.655+0000] {dag.py:4180} INFO - Setting next_dagrun for example_external_task_marker_child to None, run_after=None
[2025-03-29T17:23:03.658+0000] {logging_mixin.py:190} INFO - [2025-03-29T17:23:03.658+0000] {dag.py:4180} INFO - Setting next_dagrun for example_external_task_marker_parent to None, run_after=None
[2025-03-29T17:23:03.670+0000] {processor.py:208} INFO - Processing /home/airflow/.local/lib/python3.12/site-packages/airflow/example_dags/example_external_task_marker_dag.py took 0.057 seconds
[2025-03-29T17:26:13.630+0000] {processor.py:186} INFO - Started process (PID=87) to work on /home/airflow/.local/lib/python3.12/site-packages/airflow/example_dags/example_external_task_marker_dag.py
[2025-03-29T17:26:13.630+0000] {processor.py:914} INFO - Processing file /home/airflow/.local/lib/python3.12/site-packages/airflow/example_dags/example_external_task_marker_dag.py for tasks to queue
[2025-03-29T17:26:13.632+0000] {logging_mixin.py:190} INFO - [2025-03-29T17:26:13.632+0000] {dagbag.py:588} INFO - Filling up the DagBag from /home/airflow/.local/lib/python3.12/site-packages/airflow/example_dags/example_external_task_marker_dag.py
[2025-03-29T17:26:13.638+0000] {processor.py:925} INFO - DAG(s) 'example_external_task_marker_parent', 'example_external_task_marker_child' retrieved from /home/airflow/.local/lib/python3.12/site-packages/airflow/example_dags/example_external_task_marker_dag.py
[2025-03-29T17:26:13.715+0000] {logging_mixin.py:190} INFO - [2025-03-29T17:26:13.714+0000] {override.py:1912} INFO - Created Permission View: can delete on DAG:example_external_task_marker_parent
[2025-03-29T17:26:13.723+0000] {logging_mixin.py:190} INFO - [2025-03-29T17:26:13.722+0000] {override.py:1912} INFO - Created Permission View: can read on DAG:example_external_task_marker_parent
[2025-03-29T17:26:13.728+0000] {logging_mixin.py:190} INFO - [2025-03-29T17:26:13.728+0000] {override.py:1912} INFO - Created Permission View: can edit on DAG:example_external_task_marker_parent
[2025-03-29T17:26:13.733+0000] {logging_mixin.py:190} INFO - [2025-03-29T17:26:13.733+0000] {override.py:1912} INFO - Created Permission View: can delete on DAG Run:example_external_task_marker_parent
[2025-03-29T17:26:13.738+0000] {logging_mixin.py:190} INFO - [2025-03-29T17:26:13.738+0000] {override.py:1912} INFO - Created Permission View: can read on DAG Run:example_external_task_marker_parent
[2025-03-29T17:26:13.742+0000] {logging_mixin.py:190} INFO - [2025-03-29T17:26:13.742+0000] {override.py:1912} INFO - Created Permission View: can create on DAG Run:example_external_task_marker_parent
[2025-03-29T17:26:13.747+0000] {logging_mixin.py:190} INFO - [2025-03-29T17:26:13.747+0000] {override.py:1912} INFO - Created Permission View: menu access on DAG Run:example_external_task_marker_parent
[2025-03-29T17:26:13.757+0000] {logging_mixin.py:190} INFO - [2025-03-29T17:26:13.757+0000] {override.py:1912} INFO - Created Permission View: can delete on DAG:example_external_task_marker_child
[2025-03-29T17:26:13.763+0000] {logging_mixin.py:190} INFO - [2025-03-29T17:26:13.763+0000] {override.py:1912} INFO - Created Permission View: can read on DAG:example_external_task_marker_child
[2025-03-29T17:26:13.768+0000] {logging_mixin.py:190} INFO - [2025-03-29T17:26:13.767+0000] {override.py:1912} INFO - Created Permission View: can edit on DAG:example_external_task_marker_child
[2025-03-29T17:26:13.773+0000] {logging_mixin.py:190} INFO - [2025-03-29T17:26:13.773+0000] {override.py:1912} INFO - Created Permission View: can delete on DAG Run:example_external_task_marker_child
[2025-03-29T17:26:13.777+0000] {logging_mixin.py:190} INFO - [2025-03-29T17:26:13.777+0000] {override.py:1912} INFO - Created Permission View: can read on DAG Run:example_external_task_marker_child
[2025-03-29T17:26:13.782+0000] {logging_mixin.py:190} INFO - [2025-03-29T17:26:13.782+0000] {override.py:1912} INFO - Created Permission View: can create on DAG Run:example_external_task_marker_child
[2025-03-29T17:26:13.786+0000] {logging_mixin.py:190} INFO - [2025-03-29T17:26:13.786+0000] {override.py:1912} INFO - Created Permission View: menu access on DAG Run:example_external_task_marker_child
[2025-03-29T17:26:13.787+0000] {logging_mixin.py:190} INFO - [2025-03-29T17:26:13.786+0000] {dag.py:3239} INFO - Sync 2 DAGs
[2025-03-29T17:26:13.798+0000] {logging_mixin.py:190} INFO - [2025-03-29T17:26:13.798+0000] {dag.py:3262} INFO - Creating ORM DAG for example_external_task_marker_child
[2025-03-29T17:26:13.799+0000] {logging_mixin.py:190} INFO - [2025-03-29T17:26:13.799+0000] {dag.py:3262} INFO - Creating ORM DAG for example_external_task_marker_parent
[2025-03-29T17:26:13.800+0000] {logging_mixin.py:190} INFO - [2025-03-29T17:26:13.799+0000] {dag.py:4180} INFO - Setting next_dagrun for example_external_task_marker_child to None, run_after=None
[2025-03-29T17:26:13.800+0000] {logging_mixin.py:190} INFO - [2025-03-29T17:26:13.800+0000] {dag.py:4180} INFO - Setting next_dagrun for example_external_task_marker_parent to None, run_after=None
[2025-03-29T17:26:13.812+0000] {processor.py:208} INFO - Processing /home/airflow/.local/lib/python3.12/site-packages/airflow/example_dags/example_external_task_marker_dag.py took 0.186 seconds
[2025-03-29T17:26:43.961+0000] {processor.py:186} INFO - Started process (PID=150) to work on /home/airflow/.local/lib/python3.12/site-packages/airflow/example_dags/example_external_task_marker_dag.py
[2025-03-29T17:26:43.962+0000] {processor.py:914} INFO - Processing file /home/airflow/.local/lib/python3.12/site-packages/airflow/example_dags/example_external_task_marker_dag.py for tasks to queue
[2025-03-29T17:26:43.963+0000] {logging_mixin.py:190} INFO - [2025-03-29T17:26:43.963+0000] {dagbag.py:588} INFO - Filling up the DagBag from /home/airflow/.local/lib/python3.12/site-packages/airflow/example_dags/example_external_task_marker_dag.py
[2025-03-29T17:26:43.968+0000] {processor.py:925} INFO - DAG(s) 'example_external_task_marker_child', 'example_external_task_marker_parent' retrieved from /home/airflow/.local/lib/python3.12/site-packages/airflow/example_dags/example_external_task_marker_dag.py
[2025-03-29T17:26:43.984+0000] {logging_mixin.py:190} INFO - [2025-03-29T17:26:43.983+0000] {dag.py:3239} INFO - Sync 2 DAGs
[2025-03-29T17:26:43.994+0000] {logging_mixin.py:190} INFO - [2025-03-29T17:26:43.994+0000] {dag.py:4180} INFO - Setting next_dagrun for example_external_task_marker_child to None, run_after=None
[2025-03-29T17:26:43.997+0000] {logging_mixin.py:190} INFO - [2025-03-29T17:26:43.997+0000] {dag.py:4180} INFO - Setting next_dagrun for example_external_task_marker_parent to None, run_after=None
[2025-03-29T17:26:44.009+0000] {processor.py:208} INFO - Processing /home/airflow/.local/lib/python3.12/site-packages/airflow/example_dags/example_external_task_marker_dag.py took 0.052 seconds
[2025-03-29T17:27:14.453+0000] {processor.py:186} INFO - Started process (PID=212) to work on /home/airflow/.local/lib/python3.12/site-packages/airflow/example_dags/example_external_task_marker_dag.py
[2025-03-29T17:27:14.454+0000] {processor.py:914} INFO - Processing file /home/airflow/.local/lib/python3.12/site-packages/airflow/example_dags/example_external_task_marker_dag.py for tasks to queue
[2025-03-29T17:27:14.456+0000] {logging_mixin.py:190} INFO - [2025-03-29T17:27:14.456+0000] {dagbag.py:588} INFO - Filling up the DagBag from /home/airflow/.local/lib/python3.12/site-packages/airflow/example_dags/example_external_task_marker_dag.py
[2025-03-29T17:27:14.463+0000] {processor.py:925} INFO - DAG(s) 'example_external_task_marker_parent', 'example_external_task_marker_child' retrieved from /home/airflow/.local/lib/python3.12/site-packages/airflow/example_dags/example_external_task_marker_dag.py
[2025-03-29T17:27:14.481+0000] {logging_mixin.py:190} INFO - [2025-03-29T17:27:14.480+0000] {dag.py:3239} INFO - Sync 2 DAGs
[2025-03-29T17:27:14.491+0000] {logging_mixin.py:190} INFO - [2025-03-29T17:27:14.491+0000] {dag.py:4180} INFO - Setting next_dagrun for example_external_task_marker_child to None, run_after=None
[2025-03-29T17:27:14.495+0000] {logging_mixin.py:190} INFO - [2025-03-29T17:27:14.495+0000] {dag.py:4180} INFO - Setting next_dagrun for example_external_task_marker_parent to None, run_after=None
[2025-03-29T17:27:14.511+0000] {processor.py:208} INFO - Processing /home/airflow/.local/lib/python3.12/site-packages/airflow/example_dags/example_external_task_marker_dag.py took 0.062 seconds
[2025-03-29T17:27:44.885+0000] {processor.py:186} INFO - Started process (PID=275) to work on /home/airflow/.local/lib/python3.12/site-packages/airflow/example_dags/example_external_task_marker_dag.py
[2025-03-29T17:27:44.886+0000] {processor.py:914} INFO - Processing file /home/airflow/.local/lib/python3.12/site-packages/airflow/example_dags/example_external_task_marker_dag.py for tasks to queue
[2025-03-29T17:27:44.887+0000] {logging_mixin.py:190} INFO - [2025-03-29T17:27:44.887+0000] {dagbag.py:588} INFO - Filling up the DagBag from /home/airflow/.local/lib/python3.12/site-packages/airflow/example_dags/example_external_task_marker_dag.py
[2025-03-29T17:27:44.892+0000] {processor.py:925} INFO - DAG(s) 'example_external_task_marker_parent', 'example_external_task_marker_child' retrieved from /home/airflow/.local/lib/python3.12/site-packages/airflow/example_dags/example_external_task_marker_dag.py
[2025-03-29T17:27:44.906+0000] {logging_mixin.py:190} INFO - [2025-03-29T17:27:44.906+0000] {dag.py:3239} INFO - Sync 2 DAGs
[2025-03-29T17:27:44.915+0000] {logging_mixin.py:190} INFO - [2025-03-29T17:27:44.915+0000] {dag.py:4180} INFO - Setting next_dagrun for example_external_task_marker_child to None, run_after=None
[2025-03-29T17:27:44.918+0000] {logging_mixin.py:190} INFO - [2025-03-29T17:27:44.918+0000] {dag.py:4180} INFO - Setting next_dagrun for example_external_task_marker_parent to None, run_after=None
[2025-03-29T17:27:44.931+0000] {processor.py:208} INFO - Processing /home/airflow/.local/lib/python3.12/site-packages/airflow/example_dags/example_external_task_marker_dag.py took 0.049 seconds
[2025-03-29T17:28:16.162+0000] {processor.py:186} INFO - Started process (PID=344) to work on /home/airflow/.local/lib/python3.12/site-packages/airflow/example_dags/example_external_task_marker_dag.py
[2025-03-29T17:28:16.163+0000] {processor.py:914} INFO - Processing file /home/airflow/.local/lib/python3.12/site-packages/airflow/example_dags/example_external_task_marker_dag.py for tasks to queue
[2025-03-29T17:28:16.164+0000] {logging_mixin.py:190} INFO - [2025-03-29T17:28:16.164+0000] {dagbag.py:588} INFO - Filling up the DagBag from /home/airflow/.local/lib/python3.12/site-packages/airflow/example_dags/example_external_task_marker_dag.py
[2025-03-29T17:28:16.169+0000] {processor.py:925} INFO - DAG(s) 'example_external_task_marker_parent', 'example_external_task_marker_child' retrieved from /home/airflow/.local/lib/python3.12/site-packages/airflow/example_dags/example_external_task_marker_dag.py
[2025-03-29T17:28:16.183+0000] {logging_mixin.py:190} INFO - [2025-03-29T17:28:16.183+0000] {dag.py:3239} INFO - Sync 2 DAGs
[2025-03-29T17:28:16.193+0000] {logging_mixin.py:190} INFO - [2025-03-29T17:28:16.193+0000] {dag.py:4180} INFO - Setting next_dagrun for example_external_task_marker_child to None, run_after=None
[2025-03-29T17:28:16.196+0000] {logging_mixin.py:190} INFO - [2025-03-29T17:28:16.196+0000] {dag.py:4180} INFO - Setting next_dagrun for example_external_task_marker_parent to None, run_after=None
[2025-03-29T17:28:16.207+0000] {processor.py:208} INFO - Processing /home/airflow/.local/lib/python3.12/site-packages/airflow/example_dags/example_external_task_marker_dag.py took 0.048 seconds
[2025-03-29T17:28:46.706+0000] {processor.py:186} INFO - Started process (PID=407) to work on /home/airflow/.local/lib/python3.12/site-packages/airflow/example_dags/example_external_task_marker_dag.py
[2025-03-29T17:28:46.707+0000] {processor.py:914} INFO - Processing file /home/airflow/.local/lib/python3.12/site-packages/airflow/example_dags/example_external_task_marker_dag.py for tasks to queue
[2025-03-29T17:28:46.708+0000] {logging_mixin.py:190} INFO - [2025-03-29T17:28:46.708+0000] {dagbag.py:588} INFO - Filling up the DagBag from /home/airflow/.local/lib/python3.12/site-packages/airflow/example_dags/example_external_task_marker_dag.py
[2025-03-29T17:28:46.713+0000] {processor.py:925} INFO - DAG(s) 'example_external_task_marker_child', 'example_external_task_marker_parent' retrieved from /home/airflow/.local/lib/python3.12/site-packages/airflow/example_dags/example_external_task_marker_dag.py
[2025-03-29T17:28:46.726+0000] {logging_mixin.py:190} INFO - [2025-03-29T17:28:46.726+0000] {dag.py:3239} INFO - Sync 2 DAGs
[2025-03-29T17:28:46.737+0000] {logging_mixin.py:190} INFO - [2025-03-29T17:28:46.736+0000] {dag.py:4180} INFO - Setting next_dagrun for example_external_task_marker_child to None, run_after=None
[2025-03-29T17:28:46.739+0000] {logging_mixin.py:190} INFO - [2025-03-29T17:28:46.739+0000] {dag.py:4180} INFO - Setting next_dagrun for example_external_task_marker_parent to None, run_after=None
[2025-03-29T17:28:46.751+0000] {processor.py:208} INFO - Processing /home/airflow/.local/lib/python3.12/site-packages/airflow/example_dags/example_external_task_marker_dag.py took 0.048 seconds
[2025-03-29T17:29:18.089+0000] {processor.py:186} INFO - Started process (PID=471) to work on /home/airflow/.local/lib/python3.12/site-packages/airflow/example_dags/example_external_task_marker_dag.py
[2025-03-29T17:29:18.091+0000] {processor.py:914} INFO - Processing file /home/airflow/.local/lib/python3.12/site-packages/airflow/example_dags/example_external_task_marker_dag.py for tasks to queue
[2025-03-29T17:29:18.093+0000] {logging_mixin.py:190} INFO - [2025-03-29T17:29:18.092+0000] {dagbag.py:588} INFO - Filling up the DagBag from /home/airflow/.local/lib/python3.12/site-packages/airflow/example_dags/example_external_task_marker_dag.py
[2025-03-29T17:29:18.098+0000] {processor.py:925} INFO - DAG(s) 'example_external_task_marker_parent', 'example_external_task_marker_child' retrieved from /home/airflow/.local/lib/python3.12/site-packages/airflow/example_dags/example_external_task_marker_dag.py
[2025-03-29T17:29:18.113+0000] {logging_mixin.py:190} INFO - [2025-03-29T17:29:18.113+0000] {dag.py:3239} INFO - Sync 2 DAGs
[2025-03-29T17:29:18.123+0000] {logging_mixin.py:190} INFO - [2025-03-29T17:29:18.123+0000] {dag.py:4180} INFO - Setting next_dagrun for example_external_task_marker_child to None, run_after=None
[2025-03-29T17:29:18.126+0000] {logging_mixin.py:190} INFO - [2025-03-29T17:29:18.126+0000] {dag.py:4180} INFO - Setting next_dagrun for example_external_task_marker_parent to None, run_after=None
[2025-03-29T17:29:18.137+0000] {processor.py:208} INFO - Processing /home/airflow/.local/lib/python3.12/site-packages/airflow/example_dags/example_external_task_marker_dag.py took 0.051 seconds
[2025-03-29T17:29:49.542+0000] {processor.py:186} INFO - Started process (PID=534) to work on /home/airflow/.local/lib/python3.12/site-packages/airflow/example_dags/example_external_task_marker_dag.py
[2025-03-29T17:29:49.542+0000] {processor.py:914} INFO - Processing file /home/airflow/.local/lib/python3.12/site-packages/airflow/example_dags/example_external_task_marker_dag.py for tasks to queue
[2025-03-29T17:29:49.544+0000] {logging_mixin.py:190} INFO - [2025-03-29T17:29:49.544+0000] {dagbag.py:588} INFO - Filling up the DagBag from /home/airflow/.local/lib/python3.12/site-packages/airflow/example_dags/example_external_task_marker_dag.py
[2025-03-29T17:29:49.550+0000] {processor.py:925} INFO - DAG(s) 'example_external_task_marker_parent', 'example_external_task_marker_child' retrieved from /home/airflow/.local/lib/python3.12/site-packages/airflow/example_dags/example_external_task_marker_dag.py
[2025-03-29T17:29:49.566+0000] {logging_mixin.py:190} INFO - [2025-03-29T17:29:49.565+0000] {dag.py:3239} INFO - Sync 2 DAGs
[2025-03-29T17:29:49.577+0000] {logging_mixin.py:190} INFO - [2025-03-29T17:29:49.576+0000] {dag.py:4180} INFO - Setting next_dagrun for example_external_task_marker_child to None, run_after=None
[2025-03-29T17:29:49.579+0000] {logging_mixin.py:190} INFO - [2025-03-29T17:29:49.579+0000] {dag.py:4180} INFO - Setting next_dagrun for example_external_task_marker_parent to None, run_after=None
[2025-03-29T17:29:49.591+0000] {processor.py:208} INFO - Processing /home/airflow/.local/lib/python3.12/site-packages/airflow/example_dags/example_external_task_marker_dag.py took 0.053 seconds
[2025-03-29T17:30:20.204+0000] {processor.py:186} INFO - Started process (PID=596) to work on /home/airflow/.local/lib/python3.12/site-packages/airflow/example_dags/example_external_task_marker_dag.py
[2025-03-29T17:30:20.205+0000] {processor.py:914} INFO - Processing file /home/airflow/.local/lib/python3.12/site-packages/airflow/example_dags/example_external_task_marker_dag.py for tasks to queue
[2025-03-29T17:30:20.206+0000] {logging_mixin.py:190} INFO - [2025-03-29T17:30:20.206+0000] {dagbag.py:588} INFO - Filling up the DagBag from /home/airflow/.local/lib/python3.12/site-packages/airflow/example_dags/example_external_task_marker_dag.py
[2025-03-29T17:30:20.211+0000] {processor.py:925} INFO - DAG(s) 'example_external_task_marker_parent', 'example_external_task_marker_child' retrieved from /home/airflow/.local/lib/python3.12/site-packages/airflow/example_dags/example_external_task_marker_dag.py
[2025-03-29T17:30:20.228+0000] {logging_mixin.py:190} INFO - [2025-03-29T17:30:20.228+0000] {dag.py:3239} INFO - Sync 2 DAGs
[2025-03-29T17:30:20.239+0000] {logging_mixin.py:190} INFO - [2025-03-29T17:30:20.239+0000] {dag.py:4180} INFO - Setting next_dagrun for example_external_task_marker_child to None, run_after=None
[2025-03-29T17:30:20.242+0000] {logging_mixin.py:190} INFO - [2025-03-29T17:30:20.242+0000] {dag.py:4180} INFO - Setting next_dagrun for example_external_task_marker_parent to None, run_after=None
[2025-03-29T17:30:20.256+0000] {processor.py:208} INFO - Processing /home/airflow/.local/lib/python3.12/site-packages/airflow/example_dags/example_external_task_marker_dag.py took 0.055 seconds
[2025-03-29T17:30:51.657+0000] {processor.py:186} INFO - Started process (PID=660) to work on /home/airflow/.local/lib/python3.12/site-packages/airflow/example_dags/example_external_task_marker_dag.py
[2025-03-29T17:30:51.658+0000] {processor.py:914} INFO - Processing file /home/airflow/.local/lib/python3.12/site-packages/airflow/example_dags/example_external_task_marker_dag.py for tasks to queue
[2025-03-29T17:30:51.659+0000] {logging_mixin.py:190} INFO - [2025-03-29T17:30:51.659+0000] {dagbag.py:588} INFO - Filling up the DagBag from /home/airflow/.local/lib/python3.12/site-packages/airflow/example_dags/example_external_task_marker_dag.py
[2025-03-29T17:30:51.665+0000] {processor.py:925} INFO - DAG(s) 'example_external_task_marker_parent', 'example_external_task_marker_child' retrieved from /home/airflow/.local/lib/python3.12/site-packages/airflow/example_dags/example_external_task_marker_dag.py
[2025-03-29T17:30:51.680+0000] {logging_mixin.py:190} INFO - [2025-03-29T17:30:51.680+0000] {dag.py:3239} INFO - Sync 2 DAGs
[2025-03-29T17:30:51.690+0000] {logging_mixin.py:190} INFO - [2025-03-29T17:30:51.690+0000] {dag.py:4180} INFO - Setting next_dagrun for example_external_task_marker_child to None, run_after=None
[2025-03-29T17:30:51.693+0000] {logging_mixin.py:190} INFO - [2025-03-29T17:30:51.692+0000] {dag.py:4180} INFO - Setting next_dagrun for example_external_task_marker_parent to None, run_after=None
[2025-03-29T17:30:51.706+0000] {processor.py:208} INFO - Processing /home/airflow/.local/lib/python3.12/site-packages/airflow/example_dags/example_external_task_marker_dag.py took 0.054 seconds
[2025-03-29T17:31:22.914+0000] {processor.py:186} INFO - Started process (PID=723) to work on /home/airflow/.local/lib/python3.12/site-packages/airflow/example_dags/example_external_task_marker_dag.py
[2025-03-29T17:31:22.914+0000] {processor.py:914} INFO - Processing file /home/airflow/.local/lib/python3.12/site-packages/airflow/example_dags/example_external_task_marker_dag.py for tasks to queue
[2025-03-29T17:31:22.916+0000] {logging_mixin.py:190} INFO - [2025-03-29T17:31:22.916+0000] {dagbag.py:588} INFO - Filling up the DagBag from /home/airflow/.local/lib/python3.12/site-packages/airflow/example_dags/example_external_task_marker_dag.py
[2025-03-29T17:31:22.921+0000] {processor.py:925} INFO - DAG(s) 'example_external_task_marker_parent', 'example_external_task_marker_child' retrieved from /home/airflow/.local/lib/python3.12/site-packages/airflow/example_dags/example_external_task_marker_dag.py
[2025-03-29T17:31:22.936+0000] {logging_mixin.py:190} INFO - [2025-03-29T17:31:22.936+0000] {dag.py:3239} INFO - Sync 2 DAGs
[2025-03-29T17:31:22.947+0000] {logging_mixin.py:190} INFO - [2025-03-29T17:31:22.947+0000] {dag.py:4180} INFO - Setting next_dagrun for example_external_task_marker_child to None, run_after=None
[2025-03-29T17:31:22.949+0000] {logging_mixin.py:190} INFO - [2025-03-29T17:31:22.949+0000] {dag.py:4180} INFO - Setting next_dagrun for example_external_task_marker_parent to None, run_after=None
[2025-03-29T17:31:22.960+0000] {processor.py:208} INFO - Processing /home/airflow/.local/lib/python3.12/site-packages/airflow/example_dags/example_external_task_marker_dag.py took 0.051 seconds
[2025-03-29T17:31:53.441+0000] {processor.py:186} INFO - Started process (PID=785) to work on /home/airflow/.local/lib/python3.12/site-packages/airflow/example_dags/example_external_task_marker_dag.py
[2025-03-29T17:31:53.442+0000] {processor.py:914} INFO - Processing file /home/airflow/.local/lib/python3.12/site-packages/airflow/example_dags/example_external_task_marker_dag.py for tasks to queue
[2025-03-29T17:31:53.443+0000] {logging_mixin.py:190} INFO - [2025-03-29T17:31:53.443+0000] {dagbag.py:588} INFO - Filling up the DagBag from /home/airflow/.local/lib/python3.12/site-packages/airflow/example_dags/example_external_task_marker_dag.py
[2025-03-29T17:31:53.448+0000] {processor.py:925} INFO - DAG(s) 'example_external_task_marker_child', 'example_external_task_marker_parent' retrieved from /home/airflow/.local/lib/python3.12/site-packages/airflow/example_dags/example_external_task_marker_dag.py
[2025-03-29T17:31:53.462+0000] {logging_mixin.py:190} INFO - [2025-03-29T17:31:53.462+0000] {dag.py:3239} INFO - Sync 2 DAGs
[2025-03-29T17:31:53.472+0000] {logging_mixin.py:190} INFO - [2025-03-29T17:31:53.472+0000] {dag.py:4180} INFO - Setting next_dagrun for example_external_task_marker_child to None, run_after=None
[2025-03-29T17:31:53.475+0000] {logging_mixin.py:190} INFO - [2025-03-29T17:31:53.475+0000] {dag.py:4180} INFO - Setting next_dagrun for example_external_task_marker_parent to None, run_after=None
[2025-03-29T17:31:53.486+0000] {processor.py:208} INFO - Processing /home/airflow/.local/lib/python3.12/site-packages/airflow/example_dags/example_external_task_marker_dag.py took 0.048 seconds
[2025-03-29T17:32:24.714+0000] {processor.py:186} INFO - Started process (PID=849) to work on /home/airflow/.local/lib/python3.12/site-packages/airflow/example_dags/example_external_task_marker_dag.py
[2025-03-29T17:32:24.715+0000] {processor.py:914} INFO - Processing file /home/airflow/.local/lib/python3.12/site-packages/airflow/example_dags/example_external_task_marker_dag.py for tasks to queue
[2025-03-29T17:32:24.716+0000] {logging_mixin.py:190} INFO - [2025-03-29T17:32:24.716+0000] {dagbag.py:588} INFO - Filling up the DagBag from /home/airflow/.local/lib/python3.12/site-packages/airflow/example_dags/example_external_task_marker_dag.py
[2025-03-29T17:32:24.721+0000] {processor.py:925} INFO - DAG(s) 'example_external_task_marker_child', 'example_external_task_marker_parent' retrieved from /home/airflow/.local/lib/python3.12/site-packages/airflow/example_dags/example_external_task_marker_dag.py
[2025-03-29T17:32:24.736+0000] {logging_mixin.py:190} INFO - [2025-03-29T17:32:24.736+0000] {dag.py:3239} INFO - Sync 2 DAGs
[2025-03-29T17:32:24.746+0000] {logging_mixin.py:190} INFO - [2025-03-29T17:32:24.746+0000] {dag.py:4180} INFO - Setting next_dagrun for example_external_task_marker_child to None, run_after=None
[2025-03-29T17:32:24.749+0000] {logging_mixin.py:190} INFO - [2025-03-29T17:32:24.749+0000] {dag.py:4180} INFO - Setting next_dagrun for example_external_task_marker_parent to None, run_after=None
[2025-03-29T17:32:24.760+0000] {processor.py:208} INFO - Processing /home/airflow/.local/lib/python3.12/site-packages/airflow/example_dags/example_external_task_marker_dag.py took 0.049 seconds
[2025-03-29T17:32:55.216+0000] {processor.py:186} INFO - Started process (PID=911) to work on /home/airflow/.local/lib/python3.12/site-packages/airflow/example_dags/example_external_task_marker_dag.py
[2025-03-29T17:32:55.217+0000] {processor.py:914} INFO - Processing file /home/airflow/.local/lib/python3.12/site-packages/airflow/example_dags/example_external_task_marker_dag.py for tasks to queue
[2025-03-29T17:32:55.218+0000] {logging_mixin.py:190} INFO - [2025-03-29T17:32:55.218+0000] {dagbag.py:588} INFO - Filling up the DagBag from /home/airflow/.local/lib/python3.12/site-packages/airflow/example_dags/example_external_task_marker_dag.py
[2025-03-29T17:32:55.224+0000] {processor.py:925} INFO - DAG(s) 'example_external_task_marker_parent', 'example_external_task_marker_child' retrieved from /home/airflow/.local/lib/python3.12/site-packages/airflow/example_dags/example_external_task_marker_dag.py
[2025-03-29T17:32:55.240+0000] {logging_mixin.py:190} INFO - [2025-03-29T17:32:55.240+0000] {dag.py:3239} INFO - Sync 2 DAGs
[2025-03-29T17:32:55.253+0000] {logging_mixin.py:190} INFO - [2025-03-29T17:32:55.252+0000] {dag.py:4180} INFO - Setting next_dagrun for example_external_task_marker_child to None, run_after=None
[2025-03-29T17:32:55.256+0000] {logging_mixin.py:190} INFO - [2025-03-29T17:32:55.255+0000] {dag.py:4180} INFO - Setting next_dagrun for example_external_task_marker_parent to None, run_after=None
[2025-03-29T17:32:55.268+0000] {processor.py:208} INFO - Processing /home/airflow/.local/lib/python3.12/site-packages/airflow/example_dags/example_external_task_marker_dag.py took 0.055 seconds
[2025-03-29T17:33:26.722+0000] {processor.py:186} INFO - Started process (PID=975) to work on /home/airflow/.local/lib/python3.12/site-packages/airflow/example_dags/example_external_task_marker_dag.py
[2025-03-29T17:33:26.723+0000] {processor.py:914} INFO - Processing file /home/airflow/.local/lib/python3.12/site-packages/airflow/example_dags/example_external_task_marker_dag.py for tasks to queue
[2025-03-29T17:33:26.724+0000] {logging_mixin.py:190} INFO - [2025-03-29T17:33:26.724+0000] {dagbag.py:588} INFO - Filling up the DagBag from /home/airflow/.local/lib/python3.12/site-packages/airflow/example_dags/example_external_task_marker_dag.py
[2025-03-29T17:33:26.730+0000] {processor.py:925} INFO - DAG(s) 'example_external_task_marker_child', 'example_external_task_marker_parent' retrieved from /home/airflow/.local/lib/python3.12/site-packages/airflow/example_dags/example_external_task_marker_dag.py
[2025-03-29T17:33:26.746+0000] {logging_mixin.py:190} INFO - [2025-03-29T17:33:26.746+0000] {dag.py:3239} INFO - Sync 2 DAGs
[2025-03-29T17:33:26.759+0000] {logging_mixin.py:190} INFO - [2025-03-29T17:33:26.758+0000] {dag.py:4180} INFO - Setting next_dagrun for example_external_task_marker_child to None, run_after=None
[2025-03-29T17:33:26.762+0000] {logging_mixin.py:190} INFO - [2025-03-29T17:33:26.762+0000] {dag.py:4180} INFO - Setting next_dagrun for example_external_task_marker_parent to None, run_after=None
[2025-03-29T17:33:26.774+0000] {processor.py:208} INFO - Processing /home/airflow/.local/lib/python3.12/site-packages/airflow/example_dags/example_external_task_marker_dag.py took 0.055 seconds
[2025-03-29T17:33:57.390+0000] {processor.py:186} INFO - Started process (PID=1037) to work on /home/airflow/.local/lib/python3.12/site-packages/airflow/example_dags/example_external_task_marker_dag.py
[2025-03-29T17:33:57.391+0000] {processor.py:914} INFO - Processing file /home/airflow/.local/lib/python3.12/site-packages/airflow/example_dags/example_external_task_marker_dag.py for tasks to queue
[2025-03-29T17:33:57.392+0000] {logging_mixin.py:190} INFO - [2025-03-29T17:33:57.392+0000] {dagbag.py:588} INFO - Filling up the DagBag from /home/airflow/.local/lib/python3.12/site-packages/airflow/example_dags/example_external_task_marker_dag.py
[2025-03-29T17:33:57.397+0000] {processor.py:925} INFO - DAG(s) 'example_external_task_marker_child', 'example_external_task_marker_parent' retrieved from /home/airflow/.local/lib/python3.12/site-packages/airflow/example_dags/example_external_task_marker_dag.py
[2025-03-29T17:33:57.411+0000] {logging_mixin.py:190} INFO - [2025-03-29T17:33:57.411+0000] {dag.py:3239} INFO - Sync 2 DAGs
[2025-03-29T17:33:57.427+0000] {logging_mixin.py:190} INFO - [2025-03-29T17:33:57.426+0000] {dag.py:4180} INFO - Setting next_dagrun for example_external_task_marker_child to None, run_after=None
[2025-03-29T17:33:57.430+0000] {logging_mixin.py:190} INFO - [2025-03-29T17:33:57.430+0000] {dag.py:4180} INFO - Setting next_dagrun for example_external_task_marker_parent to None, run_after=None
[2025-03-29T17:33:57.443+0000] {processor.py:208} INFO - Processing /home/airflow/.local/lib/python3.12/site-packages/airflow/example_dags/example_external_task_marker_dag.py took 0.057 seconds
[2025-03-29T17:34:28.835+0000] {processor.py:186} INFO - Started process (PID=1101) to work on /home/airflow/.local/lib/python3.12/site-packages/airflow/example_dags/example_external_task_marker_dag.py
[2025-03-29T17:34:28.836+0000] {processor.py:914} INFO - Processing file /home/airflow/.local/lib/python3.12/site-packages/airflow/example_dags/example_external_task_marker_dag.py for tasks to queue
[2025-03-29T17:34:28.837+0000] {logging_mixin.py:190} INFO - [2025-03-29T17:34:28.837+0000] {dagbag.py:588} INFO - Filling up the DagBag from /home/airflow/.local/lib/python3.12/site-packages/airflow/example_dags/example_external_task_marker_dag.py
[2025-03-29T17:34:28.841+0000] {processor.py:925} INFO - DAG(s) 'example_external_task_marker_parent', 'example_external_task_marker_child' retrieved from /home/airflow/.local/lib/python3.12/site-packages/airflow/example_dags/example_external_task_marker_dag.py
[2025-03-29T17:34:28.856+0000] {logging_mixin.py:190} INFO - [2025-03-29T17:34:28.856+0000] {dag.py:3239} INFO - Sync 2 DAGs
[2025-03-29T17:34:28.866+0000] {logging_mixin.py:190} INFO - [2025-03-29T17:34:28.865+0000] {dag.py:4180} INFO - Setting next_dagrun for example_external_task_marker_child to None, run_after=None
[2025-03-29T17:34:28.868+0000] {logging_mixin.py:190} INFO - [2025-03-29T17:34:28.868+0000] {dag.py:4180} INFO - Setting next_dagrun for example_external_task_marker_parent to None, run_after=None
[2025-03-29T17:34:28.879+0000] {processor.py:208} INFO - Processing /home/airflow/.local/lib/python3.12/site-packages/airflow/example_dags/example_external_task_marker_dag.py took 0.047 seconds
[2025-03-29T17:34:59.601+0000] {processor.py:186} INFO - Started process (PID=1163) to work on /home/airflow/.local/lib/python3.12/site-packages/airflow/example_dags/example_external_task_marker_dag.py
[2025-03-29T17:34:59.602+0000] {processor.py:914} INFO - Processing file /home/airflow/.local/lib/python3.12/site-packages/airflow/example_dags/example_external_task_marker_dag.py for tasks to queue
[2025-03-29T17:34:59.604+0000] {logging_mixin.py:190} INFO - [2025-03-29T17:34:59.603+0000] {dagbag.py:588} INFO - Filling up the DagBag from /home/airflow/.local/lib/python3.12/site-packages/airflow/example_dags/example_external_task_marker_dag.py
[2025-03-29T17:34:59.613+0000] {processor.py:925} INFO - DAG(s) 'example_external_task_marker_child', 'example_external_task_marker_parent' retrieved from /home/airflow/.local/lib/python3.12/site-packages/airflow/example_dags/example_external_task_marker_dag.py
[2025-03-29T17:34:59.633+0000] {logging_mixin.py:190} INFO - [2025-03-29T17:34:59.633+0000] {dag.py:3239} INFO - Sync 2 DAGs
[2025-03-29T17:34:59.647+0000] {logging_mixin.py:190} INFO - [2025-03-29T17:34:59.647+0000] {dag.py:4180} INFO - Setting next_dagrun for example_external_task_marker_child to None, run_after=None
[2025-03-29T17:34:59.650+0000] {logging_mixin.py:190} INFO - [2025-03-29T17:34:59.650+0000] {dag.py:4180} INFO - Setting next_dagrun for example_external_task_marker_parent to None, run_after=None
[2025-03-29T17:34:59.664+0000] {processor.py:208} INFO - Processing /home/airflow/.local/lib/python3.12/site-packages/airflow/example_dags/example_external_task_marker_dag.py took 0.067 seconds
[2025-03-29T17:35:30.926+0000] {processor.py:186} INFO - Started process (PID=1226) to work on /home/airflow/.local/lib/python3.12/site-packages/airflow/example_dags/example_external_task_marker_dag.py
[2025-03-29T17:35:30.927+0000] {processor.py:914} INFO - Processing file /home/airflow/.local/lib/python3.12/site-packages/airflow/example_dags/example_external_task_marker_dag.py for tasks to queue
[2025-03-29T17:35:30.930+0000] {logging_mixin.py:190} INFO - [2025-03-29T17:35:30.930+0000] {dagbag.py:588} INFO - Filling up the DagBag from /home/airflow/.local/lib/python3.12/site-packages/airflow/example_dags/example_external_task_marker_dag.py
[2025-03-29T17:35:30.940+0000] {processor.py:925} INFO - DAG(s) 'example_external_task_marker_parent', 'example_external_task_marker_child' retrieved from /home/airflow/.local/lib/python3.12/site-packages/airflow/example_dags/example_external_task_marker_dag.py
[2025-03-29T17:35:30.962+0000] {logging_mixin.py:190} INFO - [2025-03-29T17:35:30.962+0000] {dag.py:3239} INFO - Sync 2 DAGs
[2025-03-29T17:35:30.980+0000] {logging_mixin.py:190} INFO - [2025-03-29T17:35:30.980+0000] {dag.py:4180} INFO - Setting next_dagrun for example_external_task_marker_child to None, run_after=None
[2025-03-29T17:35:30.984+0000] {logging_mixin.py:190} INFO - [2025-03-29T17:35:30.984+0000] {dag.py:4180} INFO - Setting next_dagrun for example_external_task_marker_parent to None, run_after=None
[2025-03-29T17:35:30.996+0000] {processor.py:208} INFO - Processing /home/airflow/.local/lib/python3.12/site-packages/airflow/example_dags/example_external_task_marker_dag.py took 0.073 seconds
[2025-03-29T17:36:01.742+0000] {processor.py:186} INFO - Started process (PID=1289) to work on /home/airflow/.local/lib/python3.12/site-packages/airflow/example_dags/example_external_task_marker_dag.py
[2025-03-29T17:36:01.743+0000] {processor.py:914} INFO - Processing file /home/airflow/.local/lib/python3.12/site-packages/airflow/example_dags/example_external_task_marker_dag.py for tasks to queue
[2025-03-29T17:36:01.744+0000] {logging_mixin.py:190} INFO - [2025-03-29T17:36:01.744+0000] {dagbag.py:588} INFO - Filling up the DagBag from /home/airflow/.local/lib/python3.12/site-packages/airflow/example_dags/example_external_task_marker_dag.py
[2025-03-29T17:36:01.749+0000] {processor.py:925} INFO - DAG(s) 'example_external_task_marker_parent', 'example_external_task_marker_child' retrieved from /home/airflow/.local/lib/python3.12/site-packages/airflow/example_dags/example_external_task_marker_dag.py
[2025-03-29T17:36:01.765+0000] {logging_mixin.py:190} INFO - [2025-03-29T17:36:01.765+0000] {dag.py:3239} INFO - Sync 2 DAGs
[2025-03-29T17:36:01.775+0000] {logging_mixin.py:190} INFO - [2025-03-29T17:36:01.775+0000] {dag.py:4180} INFO - Setting next_dagrun for example_external_task_marker_child to None, run_after=None
[2025-03-29T17:36:01.778+0000] {logging_mixin.py:190} INFO - [2025-03-29T17:36:01.778+0000] {dag.py:4180} INFO - Setting next_dagrun for example_external_task_marker_parent to None, run_after=None
[2025-03-29T17:36:01.789+0000] {processor.py:208} INFO - Processing /home/airflow/.local/lib/python3.12/site-packages/airflow/example_dags/example_external_task_marker_dag.py took 0.050 seconds
[2025-03-29T17:36:33.101+0000] {processor.py:186} INFO - Started process (PID=1352) to work on /home/airflow/.local/lib/python3.12/site-packages/airflow/example_dags/example_external_task_marker_dag.py
[2025-03-29T17:36:33.101+0000] {processor.py:914} INFO - Processing file /home/airflow/.local/lib/python3.12/site-packages/airflow/example_dags/example_external_task_marker_dag.py for tasks to queue
[2025-03-29T17:36:33.103+0000] {logging_mixin.py:190} INFO - [2025-03-29T17:36:33.102+0000] {dagbag.py:588} INFO - Filling up the DagBag from /home/airflow/.local/lib/python3.12/site-packages/airflow/example_dags/example_external_task_marker_dag.py
[2025-03-29T17:36:33.109+0000] {processor.py:925} INFO - DAG(s) 'example_external_task_marker_child', 'example_external_task_marker_parent' retrieved from /home/airflow/.local/lib/python3.12/site-packages/airflow/example_dags/example_external_task_marker_dag.py
[2025-03-29T17:36:33.125+0000] {logging_mixin.py:190} INFO - [2025-03-29T17:36:33.125+0000] {dag.py:3239} INFO - Sync 2 DAGs
[2025-03-29T17:36:33.137+0000] {logging_mixin.py:190} INFO - [2025-03-29T17:36:33.136+0000] {dag.py:4180} INFO - Setting next_dagrun for example_external_task_marker_child to None, run_after=None
[2025-03-29T17:36:33.140+0000] {logging_mixin.py:190} INFO - [2025-03-29T17:36:33.139+0000] {dag.py:4180} INFO - Setting next_dagrun for example_external_task_marker_parent to None, run_after=None
[2025-03-29T17:36:33.151+0000] {processor.py:208} INFO - Processing /home/airflow/.local/lib/python3.12/site-packages/airflow/example_dags/example_external_task_marker_dag.py took 0.055 seconds
[2025-03-29T17:37:04.324+0000] {processor.py:186} INFO - Started process (PID=1415) to work on /home/airflow/.local/lib/python3.12/site-packages/airflow/example_dags/example_external_task_marker_dag.py
[2025-03-29T17:37:04.325+0000] {processor.py:914} INFO - Processing file /home/airflow/.local/lib/python3.12/site-packages/airflow/example_dags/example_external_task_marker_dag.py for tasks to queue
[2025-03-29T17:37:04.326+0000] {logging_mixin.py:190} INFO - [2025-03-29T17:37:04.326+0000] {dagbag.py:588} INFO - Filling up the DagBag from /home/airflow/.local/lib/python3.12/site-packages/airflow/example_dags/example_external_task_marker_dag.py
[2025-03-29T17:37:04.332+0000] {processor.py:925} INFO - DAG(s) 'example_external_task_marker_child', 'example_external_task_marker_parent' retrieved from /home/airflow/.local/lib/python3.12/site-packages/airflow/example_dags/example_external_task_marker_dag.py
[2025-03-29T17:37:04.347+0000] {logging_mixin.py:190} INFO - [2025-03-29T17:37:04.347+0000] {dag.py:3239} INFO - Sync 2 DAGs
[2025-03-29T17:37:04.358+0000] {logging_mixin.py:190} INFO - [2025-03-29T17:37:04.358+0000] {dag.py:4180} INFO - Setting next_dagrun for example_external_task_marker_child to None, run_after=None
[2025-03-29T17:37:04.361+0000] {logging_mixin.py:190} INFO - [2025-03-29T17:37:04.361+0000] {dag.py:4180} INFO - Setting next_dagrun for example_external_task_marker_parent to None, run_after=None
[2025-03-29T17:37:04.374+0000] {processor.py:208} INFO - Processing /home/airflow/.local/lib/python3.12/site-packages/airflow/example_dags/example_external_task_marker_dag.py took 0.053 seconds
[2025-03-29T17:37:35.363+0000] {processor.py:186} INFO - Started process (PID=1478) to work on /home/airflow/.local/lib/python3.12/site-packages/airflow/example_dags/example_external_task_marker_dag.py
[2025-03-29T17:37:35.363+0000] {processor.py:914} INFO - Processing file /home/airflow/.local/lib/python3.12/site-packages/airflow/example_dags/example_external_task_marker_dag.py for tasks to queue
[2025-03-29T17:37:35.364+0000] {logging_mixin.py:190} INFO - [2025-03-29T17:37:35.364+0000] {dagbag.py:588} INFO - Filling up the DagBag from /home/airflow/.local/lib/python3.12/site-packages/airflow/example_dags/example_external_task_marker_dag.py
[2025-03-29T17:37:35.369+0000] {processor.py:925} INFO - DAG(s) 'example_external_task_marker_child', 'example_external_task_marker_parent' retrieved from /home/airflow/.local/lib/python3.12/site-packages/airflow/example_dags/example_external_task_marker_dag.py
[2025-03-29T17:37:35.385+0000] {logging_mixin.py:190} INFO - [2025-03-29T17:37:35.385+0000] {dag.py:3239} INFO - Sync 2 DAGs
[2025-03-29T17:37:35.396+0000] {logging_mixin.py:190} INFO - [2025-03-29T17:37:35.396+0000] {dag.py:4180} INFO - Setting next_dagrun for example_external_task_marker_child to None, run_after=None
[2025-03-29T17:37:35.399+0000] {logging_mixin.py:190} INFO - [2025-03-29T17:37:35.399+0000] {dag.py:4180} INFO - Setting next_dagrun for example_external_task_marker_parent to None, run_after=None
[2025-03-29T17:37:35.413+0000] {processor.py:208} INFO - Processing /home/airflow/.local/lib/python3.12/site-packages/airflow/example_dags/example_external_task_marker_dag.py took 0.053 seconds
[2025-03-29T17:38:06.245+0000] {processor.py:186} INFO - Started process (PID=1541) to work on /home/airflow/.local/lib/python3.12/site-packages/airflow/example_dags/example_external_task_marker_dag.py
[2025-03-29T17:38:06.245+0000] {processor.py:914} INFO - Processing file /home/airflow/.local/lib/python3.12/site-packages/airflow/example_dags/example_external_task_marker_dag.py for tasks to queue
[2025-03-29T17:38:06.247+0000] {logging_mixin.py:190} INFO - [2025-03-29T17:38:06.246+0000] {dagbag.py:588} INFO - Filling up the DagBag from /home/airflow/.local/lib/python3.12/site-packages/airflow/example_dags/example_external_task_marker_dag.py
[2025-03-29T17:38:06.252+0000] {processor.py:925} INFO - DAG(s) 'example_external_task_marker_child', 'example_external_task_marker_parent' retrieved from /home/airflow/.local/lib/python3.12/site-packages/airflow/example_dags/example_external_task_marker_dag.py
[2025-03-29T17:38:06.266+0000] {logging_mixin.py:190} INFO - [2025-03-29T17:38:06.266+0000] {dag.py:3239} INFO - Sync 2 DAGs
[2025-03-29T17:38:06.277+0000] {logging_mixin.py:190} INFO - [2025-03-29T17:38:06.276+0000] {dag.py:4180} INFO - Setting next_dagrun for example_external_task_marker_child to None, run_after=None
[2025-03-29T17:38:06.279+0000] {logging_mixin.py:190} INFO - [2025-03-29T17:38:06.279+0000] {dag.py:4180} INFO - Setting next_dagrun for example_external_task_marker_parent to None, run_after=None
[2025-03-29T17:38:06.291+0000] {processor.py:208} INFO - Processing /home/airflow/.local/lib/python3.12/site-packages/airflow/example_dags/example_external_task_marker_dag.py took 0.050 seconds
[2025-03-29T17:38:37.509+0000] {processor.py:186} INFO - Started process (PID=1604) to work on /home/airflow/.local/lib/python3.12/site-packages/airflow/example_dags/example_external_task_marker_dag.py
[2025-03-29T17:38:37.514+0000] {processor.py:914} INFO - Processing file /home/airflow/.local/lib/python3.12/site-packages/airflow/example_dags/example_external_task_marker_dag.py for tasks to queue
[2025-03-29T17:38:37.516+0000] {logging_mixin.py:190} INFO - [2025-03-29T17:38:37.516+0000] {dagbag.py:588} INFO - Filling up the DagBag from /home/airflow/.local/lib/python3.12/site-packages/airflow/example_dags/example_external_task_marker_dag.py
[2025-03-29T17:38:37.521+0000] {processor.py:925} INFO - DAG(s) 'example_external_task_marker_child', 'example_external_task_marker_parent' retrieved from /home/airflow/.local/lib/python3.12/site-packages/airflow/example_dags/example_external_task_marker_dag.py
[2025-03-29T17:38:37.536+0000] {logging_mixin.py:190} INFO - [2025-03-29T17:38:37.536+0000] {dag.py:3239} INFO - Sync 2 DAGs
[2025-03-29T17:38:37.547+0000] {logging_mixin.py:190} INFO - [2025-03-29T17:38:37.547+0000] {dag.py:4180} INFO - Setting next_dagrun for example_external_task_marker_child to None, run_after=None
[2025-03-29T17:38:37.549+0000] {logging_mixin.py:190} INFO - [2025-03-29T17:38:37.549+0000] {dag.py:4180} INFO - Setting next_dagrun for example_external_task_marker_parent to None, run_after=None
[2025-03-29T17:38:37.571+0000] {processor.py:208} INFO - Processing /home/airflow/.local/lib/python3.12/site-packages/airflow/example_dags/example_external_task_marker_dag.py took 0.065 seconds
