[2025-03-29T17:15:45.949+0000] {processor.py:186} INFO - Started process (PID=50) to work on /home/airflow/.local/lib/python3.12/site-packages/airflow/example_dags/example_dag_decorator.py
[2025-03-29T17:15:45.950+0000] {processor.py:914} INFO - Processing file /home/airflow/.local/lib/python3.12/site-packages/airflow/example_dags/example_dag_decorator.py for tasks to queue
[2025-03-29T17:15:45.951+0000] {logging_mixin.py:190} INFO - [2025-03-29T17:15:45.951+0000] {dagbag.py:588} INFO - Filling up the DagBag from /home/airflow/.local/lib/python3.12/site-packages/airflow/example_dags/example_dag_decorator.py
[2025-03-29T17:15:46.283+0000] {processor.py:925} INFO - DAG(s) 'example_dag_decorator' retrieved from /home/airflow/.local/lib/python3.12/site-packages/airflow/example_dags/example_dag_decorator.py
[2025-03-29T17:15:46.357+0000] {logging_mixin.py:190} INFO - [2025-03-29T17:15:46.357+0000] {override.py:1912} INFO - Created Permission View: can delete on DAG:example_dag_decorator
[2025-03-29T17:15:46.366+0000] {logging_mixin.py:190} INFO - [2025-03-29T17:15:46.365+0000] {override.py:1912} INFO - Created Permission View: can edit on DAG:example_dag_decorator
[2025-03-29T17:15:46.370+0000] {logging_mixin.py:190} INFO - [2025-03-29T17:15:46.370+0000] {override.py:1912} INFO - Created Permission View: can read on DAG:example_dag_decorator
[2025-03-29T17:15:46.376+0000] {logging_mixin.py:190} INFO - [2025-03-29T17:15:46.376+0000] {override.py:1912} INFO - Created Permission View: can delete on DAG Run:example_dag_decorator
[2025-03-29T17:15:46.381+0000] {logging_mixin.py:190} INFO - [2025-03-29T17:15:46.381+0000] {override.py:1912} INFO - Created Permission View: menu access on DAG Run:example_dag_decorator
[2025-03-29T17:15:46.386+0000] {logging_mixin.py:190} INFO - [2025-03-29T17:15:46.386+0000] {override.py:1912} INFO - Created Permission View: can read on DAG Run:example_dag_decorator
[2025-03-29T17:15:46.390+0000] {logging_mixin.py:190} INFO - [2025-03-29T17:15:46.390+0000] {override.py:1912} INFO - Created Permission View: can create on DAG Run:example_dag_decorator
[2025-03-29T17:15:46.391+0000] {logging_mixin.py:190} INFO - [2025-03-29T17:15:46.390+0000] {dag.py:3239} INFO - Sync 1 DAGs
[2025-03-29T17:15:46.399+0000] {logging_mixin.py:190} INFO - [2025-03-29T17:15:46.399+0000] {dag.py:3262} INFO - Creating ORM DAG for example_dag_decorator
[2025-03-29T17:15:46.400+0000] {logging_mixin.py:190} INFO - [2025-03-29T17:15:46.400+0000] {dag.py:4180} INFO - Setting next_dagrun for example_dag_decorator to None, run_after=None
[2025-03-29T17:15:46.411+0000] {processor.py:208} INFO - Processing /home/airflow/.local/lib/python3.12/site-packages/airflow/example_dags/example_dag_decorator.py took 0.466 seconds
[2025-03-29T17:16:17.444+0000] {processor.py:186} INFO - Started process (PID=113) to work on /home/airflow/.local/lib/python3.12/site-packages/airflow/example_dags/example_dag_decorator.py
[2025-03-29T17:16:17.445+0000] {processor.py:914} INFO - Processing file /home/airflow/.local/lib/python3.12/site-packages/airflow/example_dags/example_dag_decorator.py for tasks to queue
[2025-03-29T17:16:17.447+0000] {logging_mixin.py:190} INFO - [2025-03-29T17:16:17.446+0000] {dagbag.py:588} INFO - Filling up the DagBag from /home/airflow/.local/lib/python3.12/site-packages/airflow/example_dags/example_dag_decorator.py
[2025-03-29T17:16:17.567+0000] {processor.py:925} INFO - DAG(s) 'example_dag_decorator' retrieved from /home/airflow/.local/lib/python3.12/site-packages/airflow/example_dags/example_dag_decorator.py
[2025-03-29T17:16:17.675+0000] {logging_mixin.py:190} INFO - [2025-03-29T17:16:17.675+0000] {dag.py:3239} INFO - Sync 1 DAGs
[2025-03-29T17:16:17.686+0000] {logging_mixin.py:190} INFO - [2025-03-29T17:16:17.685+0000] {dag.py:4180} INFO - Setting next_dagrun for example_dag_decorator to None, run_after=None
[2025-03-29T17:16:17.702+0000] {processor.py:208} INFO - Processing /home/airflow/.local/lib/python3.12/site-packages/airflow/example_dags/example_dag_decorator.py took 0.265 seconds
[2025-03-29T17:16:48.660+0000] {processor.py:186} INFO - Started process (PID=176) to work on /home/airflow/.local/lib/python3.12/site-packages/airflow/example_dags/example_dag_decorator.py
[2025-03-29T17:16:48.660+0000] {processor.py:914} INFO - Processing file /home/airflow/.local/lib/python3.12/site-packages/airflow/example_dags/example_dag_decorator.py for tasks to queue
[2025-03-29T17:16:48.662+0000] {logging_mixin.py:190} INFO - [2025-03-29T17:16:48.661+0000] {dagbag.py:588} INFO - Filling up the DagBag from /home/airflow/.local/lib/python3.12/site-packages/airflow/example_dags/example_dag_decorator.py
[2025-03-29T17:16:48.728+0000] {processor.py:925} INFO - DAG(s) 'example_dag_decorator' retrieved from /home/airflow/.local/lib/python3.12/site-packages/airflow/example_dags/example_dag_decorator.py
[2025-03-29T17:16:48.817+0000] {logging_mixin.py:190} INFO - [2025-03-29T17:16:48.817+0000] {dag.py:3239} INFO - Sync 1 DAGs
[2025-03-29T17:16:48.825+0000] {logging_mixin.py:190} INFO - [2025-03-29T17:16:48.825+0000] {dag.py:4180} INFO - Setting next_dagrun for example_dag_decorator to None, run_after=None
[2025-03-29T17:16:48.839+0000] {processor.py:208} INFO - Processing /home/airflow/.local/lib/python3.12/site-packages/airflow/example_dags/example_dag_decorator.py took 0.183 seconds
[2025-03-29T17:17:19.124+0000] {processor.py:186} INFO - Started process (PID=239) to work on /home/airflow/.local/lib/python3.12/site-packages/airflow/example_dags/example_dag_decorator.py
[2025-03-29T17:17:19.125+0000] {processor.py:914} INFO - Processing file /home/airflow/.local/lib/python3.12/site-packages/airflow/example_dags/example_dag_decorator.py for tasks to queue
[2025-03-29T17:17:19.127+0000] {logging_mixin.py:190} INFO - [2025-03-29T17:17:19.127+0000] {dagbag.py:588} INFO - Filling up the DagBag from /home/airflow/.local/lib/python3.12/site-packages/airflow/example_dags/example_dag_decorator.py
[2025-03-29T17:17:19.203+0000] {processor.py:925} INFO - DAG(s) 'example_dag_decorator' retrieved from /home/airflow/.local/lib/python3.12/site-packages/airflow/example_dags/example_dag_decorator.py
[2025-03-29T17:17:19.282+0000] {logging_mixin.py:190} INFO - [2025-03-29T17:17:19.282+0000] {dag.py:3239} INFO - Sync 1 DAGs
[2025-03-29T17:17:19.290+0000] {logging_mixin.py:190} INFO - [2025-03-29T17:17:19.290+0000] {dag.py:4180} INFO - Setting next_dagrun for example_dag_decorator to None, run_after=None
[2025-03-29T17:17:19.305+0000] {processor.py:208} INFO - Processing /home/airflow/.local/lib/python3.12/site-packages/airflow/example_dags/example_dag_decorator.py took 0.186 seconds
[2025-03-29T17:17:50.464+0000] {processor.py:186} INFO - Started process (PID=302) to work on /home/airflow/.local/lib/python3.12/site-packages/airflow/example_dags/example_dag_decorator.py
[2025-03-29T17:17:50.464+0000] {processor.py:914} INFO - Processing file /home/airflow/.local/lib/python3.12/site-packages/airflow/example_dags/example_dag_decorator.py for tasks to queue
[2025-03-29T17:17:50.466+0000] {logging_mixin.py:190} INFO - [2025-03-29T17:17:50.465+0000] {dagbag.py:588} INFO - Filling up the DagBag from /home/airflow/.local/lib/python3.12/site-packages/airflow/example_dags/example_dag_decorator.py
[2025-03-29T17:17:50.555+0000] {processor.py:925} INFO - DAG(s) 'example_dag_decorator' retrieved from /home/airflow/.local/lib/python3.12/site-packages/airflow/example_dags/example_dag_decorator.py
[2025-03-29T17:17:50.636+0000] {logging_mixin.py:190} INFO - [2025-03-29T17:17:50.636+0000] {dag.py:3239} INFO - Sync 1 DAGs
[2025-03-29T17:17:50.645+0000] {logging_mixin.py:190} INFO - [2025-03-29T17:17:50.645+0000] {dag.py:4180} INFO - Setting next_dagrun for example_dag_decorator to None, run_after=None
[2025-03-29T17:17:50.657+0000] {processor.py:208} INFO - Processing /home/airflow/.local/lib/python3.12/site-packages/airflow/example_dags/example_dag_decorator.py took 0.198 seconds
[2025-03-29T17:18:21.813+0000] {processor.py:186} INFO - Started process (PID=365) to work on /home/airflow/.local/lib/python3.12/site-packages/airflow/example_dags/example_dag_decorator.py
[2025-03-29T17:18:21.814+0000] {processor.py:914} INFO - Processing file /home/airflow/.local/lib/python3.12/site-packages/airflow/example_dags/example_dag_decorator.py for tasks to queue
[2025-03-29T17:18:21.815+0000] {logging_mixin.py:190} INFO - [2025-03-29T17:18:21.815+0000] {dagbag.py:588} INFO - Filling up the DagBag from /home/airflow/.local/lib/python3.12/site-packages/airflow/example_dags/example_dag_decorator.py
[2025-03-29T17:18:21.890+0000] {processor.py:925} INFO - DAG(s) 'example_dag_decorator' retrieved from /home/airflow/.local/lib/python3.12/site-packages/airflow/example_dags/example_dag_decorator.py
[2025-03-29T17:18:21.990+0000] {logging_mixin.py:190} INFO - [2025-03-29T17:18:21.989+0000] {dag.py:3239} INFO - Sync 1 DAGs
[2025-03-29T17:18:21.999+0000] {logging_mixin.py:190} INFO - [2025-03-29T17:18:21.999+0000] {dag.py:4180} INFO - Setting next_dagrun for example_dag_decorator to None, run_after=None
[2025-03-29T17:18:22.014+0000] {processor.py:208} INFO - Processing /home/airflow/.local/lib/python3.12/site-packages/airflow/example_dags/example_dag_decorator.py took 0.205 seconds
[2025-03-29T17:18:52.587+0000] {processor.py:186} INFO - Started process (PID=428) to work on /home/airflow/.local/lib/python3.12/site-packages/airflow/example_dags/example_dag_decorator.py
[2025-03-29T17:18:52.587+0000] {processor.py:914} INFO - Processing file /home/airflow/.local/lib/python3.12/site-packages/airflow/example_dags/example_dag_decorator.py for tasks to queue
[2025-03-29T17:18:52.588+0000] {logging_mixin.py:190} INFO - [2025-03-29T17:18:52.588+0000] {dagbag.py:588} INFO - Filling up the DagBag from /home/airflow/.local/lib/python3.12/site-packages/airflow/example_dags/example_dag_decorator.py
[2025-03-29T17:18:52.664+0000] {processor.py:925} INFO - DAG(s) 'example_dag_decorator' retrieved from /home/airflow/.local/lib/python3.12/site-packages/airflow/example_dags/example_dag_decorator.py
[2025-03-29T17:18:52.738+0000] {logging_mixin.py:190} INFO - [2025-03-29T17:18:52.738+0000] {dag.py:3239} INFO - Sync 1 DAGs
[2025-03-29T17:18:52.746+0000] {logging_mixin.py:190} INFO - [2025-03-29T17:18:52.746+0000] {dag.py:4180} INFO - Setting next_dagrun for example_dag_decorator to None, run_after=None
[2025-03-29T17:18:52.758+0000] {processor.py:208} INFO - Processing /home/airflow/.local/lib/python3.12/site-packages/airflow/example_dags/example_dag_decorator.py took 0.175 seconds
[2025-03-29T17:19:24.023+0000] {processor.py:186} INFO - Started process (PID=491) to work on /home/airflow/.local/lib/python3.12/site-packages/airflow/example_dags/example_dag_decorator.py
[2025-03-29T17:19:24.023+0000] {processor.py:914} INFO - Processing file /home/airflow/.local/lib/python3.12/site-packages/airflow/example_dags/example_dag_decorator.py for tasks to queue
[2025-03-29T17:19:24.025+0000] {logging_mixin.py:190} INFO - [2025-03-29T17:19:24.024+0000] {dagbag.py:588} INFO - Filling up the DagBag from /home/airflow/.local/lib/python3.12/site-packages/airflow/example_dags/example_dag_decorator.py
[2025-03-29T17:19:24.109+0000] {processor.py:925} INFO - DAG(s) 'example_dag_decorator' retrieved from /home/airflow/.local/lib/python3.12/site-packages/airflow/example_dags/example_dag_decorator.py
[2025-03-29T17:19:24.186+0000] {logging_mixin.py:190} INFO - [2025-03-29T17:19:24.186+0000] {dag.py:3239} INFO - Sync 1 DAGs
[2025-03-29T17:19:24.194+0000] {logging_mixin.py:190} INFO - [2025-03-29T17:19:24.194+0000] {dag.py:4180} INFO - Setting next_dagrun for example_dag_decorator to None, run_after=None
[2025-03-29T17:19:24.205+0000] {processor.py:208} INFO - Processing /home/airflow/.local/lib/python3.12/site-packages/airflow/example_dags/example_dag_decorator.py took 0.185 seconds
[2025-03-29T17:19:55.434+0000] {processor.py:186} INFO - Started process (PID=554) to work on /home/airflow/.local/lib/python3.12/site-packages/airflow/example_dags/example_dag_decorator.py
[2025-03-29T17:19:55.435+0000] {processor.py:914} INFO - Processing file /home/airflow/.local/lib/python3.12/site-packages/airflow/example_dags/example_dag_decorator.py for tasks to queue
[2025-03-29T17:19:55.436+0000] {logging_mixin.py:190} INFO - [2025-03-29T17:19:55.436+0000] {dagbag.py:588} INFO - Filling up the DagBag from /home/airflow/.local/lib/python3.12/site-packages/airflow/example_dags/example_dag_decorator.py
[2025-03-29T17:19:55.526+0000] {processor.py:925} INFO - DAG(s) 'example_dag_decorator' retrieved from /home/airflow/.local/lib/python3.12/site-packages/airflow/example_dags/example_dag_decorator.py
[2025-03-29T17:19:55.624+0000] {logging_mixin.py:190} INFO - [2025-03-29T17:19:55.624+0000] {dag.py:3239} INFO - Sync 1 DAGs
[2025-03-29T17:19:55.633+0000] {logging_mixin.py:190} INFO - [2025-03-29T17:19:55.633+0000] {dag.py:4180} INFO - Setting next_dagrun for example_dag_decorator to None, run_after=None
[2025-03-29T17:19:55.645+0000] {processor.py:208} INFO - Processing /home/airflow/.local/lib/python3.12/site-packages/airflow/example_dags/example_dag_decorator.py took 0.220 seconds
[2025-03-29T17:20:25.940+0000] {processor.py:186} INFO - Started process (PID=617) to work on /home/airflow/.local/lib/python3.12/site-packages/airflow/example_dags/example_dag_decorator.py
[2025-03-29T17:20:25.941+0000] {processor.py:914} INFO - Processing file /home/airflow/.local/lib/python3.12/site-packages/airflow/example_dags/example_dag_decorator.py for tasks to queue
[2025-03-29T17:20:25.942+0000] {logging_mixin.py:190} INFO - [2025-03-29T17:20:25.942+0000] {dagbag.py:588} INFO - Filling up the DagBag from /home/airflow/.local/lib/python3.12/site-packages/airflow/example_dags/example_dag_decorator.py
[2025-03-29T17:20:26.011+0000] {processor.py:925} INFO - DAG(s) 'example_dag_decorator' retrieved from /home/airflow/.local/lib/python3.12/site-packages/airflow/example_dags/example_dag_decorator.py
[2025-03-29T17:20:26.084+0000] {logging_mixin.py:190} INFO - [2025-03-29T17:20:26.084+0000] {dag.py:3239} INFO - Sync 1 DAGs
[2025-03-29T17:20:26.097+0000] {logging_mixin.py:190} INFO - [2025-03-29T17:20:26.097+0000] {dag.py:4180} INFO - Setting next_dagrun for example_dag_decorator to None, run_after=None
[2025-03-29T17:20:26.111+0000] {processor.py:208} INFO - Processing /home/airflow/.local/lib/python3.12/site-packages/airflow/example_dags/example_dag_decorator.py took 0.175 seconds
[2025-03-29T17:20:57.375+0000] {processor.py:186} INFO - Started process (PID=686) to work on /home/airflow/.local/lib/python3.12/site-packages/airflow/example_dags/example_dag_decorator.py
[2025-03-29T17:20:57.376+0000] {processor.py:914} INFO - Processing file /home/airflow/.local/lib/python3.12/site-packages/airflow/example_dags/example_dag_decorator.py for tasks to queue
[2025-03-29T17:20:57.377+0000] {logging_mixin.py:190} INFO - [2025-03-29T17:20:57.377+0000] {dagbag.py:588} INFO - Filling up the DagBag from /home/airflow/.local/lib/python3.12/site-packages/airflow/example_dags/example_dag_decorator.py
[2025-03-29T17:20:57.447+0000] {processor.py:925} INFO - DAG(s) 'example_dag_decorator' retrieved from /home/airflow/.local/lib/python3.12/site-packages/airflow/example_dags/example_dag_decorator.py
[2025-03-29T17:20:57.526+0000] {logging_mixin.py:190} INFO - [2025-03-29T17:20:57.526+0000] {dag.py:3239} INFO - Sync 1 DAGs
[2025-03-29T17:20:57.535+0000] {logging_mixin.py:190} INFO - [2025-03-29T17:20:57.535+0000] {dag.py:4180} INFO - Setting next_dagrun for example_dag_decorator to None, run_after=None
[2025-03-29T17:20:57.549+0000] {processor.py:208} INFO - Processing /home/airflow/.local/lib/python3.12/site-packages/airflow/example_dags/example_dag_decorator.py took 0.177 seconds
[2025-03-29T17:21:27.943+0000] {processor.py:186} INFO - Started process (PID=749) to work on /home/airflow/.local/lib/python3.12/site-packages/airflow/example_dags/example_dag_decorator.py
[2025-03-29T17:21:27.944+0000] {processor.py:914} INFO - Processing file /home/airflow/.local/lib/python3.12/site-packages/airflow/example_dags/example_dag_decorator.py for tasks to queue
[2025-03-29T17:21:27.945+0000] {logging_mixin.py:190} INFO - [2025-03-29T17:21:27.945+0000] {dagbag.py:588} INFO - Filling up the DagBag from /home/airflow/.local/lib/python3.12/site-packages/airflow/example_dags/example_dag_decorator.py
[2025-03-29T17:21:28.018+0000] {processor.py:925} INFO - DAG(s) 'example_dag_decorator' retrieved from /home/airflow/.local/lib/python3.12/site-packages/airflow/example_dags/example_dag_decorator.py
[2025-03-29T17:21:28.091+0000] {logging_mixin.py:190} INFO - [2025-03-29T17:21:28.091+0000] {dag.py:3239} INFO - Sync 1 DAGs
[2025-03-29T17:21:28.099+0000] {logging_mixin.py:190} INFO - [2025-03-29T17:21:28.099+0000] {dag.py:4180} INFO - Setting next_dagrun for example_dag_decorator to None, run_after=None
[2025-03-29T17:21:28.111+0000] {processor.py:208} INFO - Processing /home/airflow/.local/lib/python3.12/site-packages/airflow/example_dags/example_dag_decorator.py took 0.171 seconds
[2025-03-29T17:21:59.219+0000] {processor.py:186} INFO - Started process (PID=812) to work on /home/airflow/.local/lib/python3.12/site-packages/airflow/example_dags/example_dag_decorator.py
[2025-03-29T17:21:59.219+0000] {processor.py:914} INFO - Processing file /home/airflow/.local/lib/python3.12/site-packages/airflow/example_dags/example_dag_decorator.py for tasks to queue
[2025-03-29T17:21:59.220+0000] {logging_mixin.py:190} INFO - [2025-03-29T17:21:59.220+0000] {dagbag.py:588} INFO - Filling up the DagBag from /home/airflow/.local/lib/python3.12/site-packages/airflow/example_dags/example_dag_decorator.py
[2025-03-29T17:21:59.291+0000] {processor.py:925} INFO - DAG(s) 'example_dag_decorator' retrieved from /home/airflow/.local/lib/python3.12/site-packages/airflow/example_dags/example_dag_decorator.py
[2025-03-29T17:21:59.369+0000] {logging_mixin.py:190} INFO - [2025-03-29T17:21:59.369+0000] {dag.py:3239} INFO - Sync 1 DAGs
[2025-03-29T17:21:59.377+0000] {logging_mixin.py:190} INFO - [2025-03-29T17:21:59.376+0000] {dag.py:4180} INFO - Setting next_dagrun for example_dag_decorator to None, run_after=None
[2025-03-29T17:21:59.389+0000] {processor.py:208} INFO - Processing /home/airflow/.local/lib/python3.12/site-packages/airflow/example_dags/example_dag_decorator.py took 0.174 seconds
[2025-03-29T17:22:30.787+0000] {processor.py:186} INFO - Started process (PID=875) to work on /home/airflow/.local/lib/python3.12/site-packages/airflow/example_dags/example_dag_decorator.py
[2025-03-29T17:22:30.789+0000] {processor.py:914} INFO - Processing file /home/airflow/.local/lib/python3.12/site-packages/airflow/example_dags/example_dag_decorator.py for tasks to queue
[2025-03-29T17:22:30.793+0000] {logging_mixin.py:190} INFO - [2025-03-29T17:22:30.792+0000] {dagbag.py:588} INFO - Filling up the DagBag from /home/airflow/.local/lib/python3.12/site-packages/airflow/example_dags/example_dag_decorator.py
[2025-03-29T17:22:30.874+0000] {processor.py:925} INFO - DAG(s) 'example_dag_decorator' retrieved from /home/airflow/.local/lib/python3.12/site-packages/airflow/example_dags/example_dag_decorator.py
[2025-03-29T17:22:30.954+0000] {logging_mixin.py:190} INFO - [2025-03-29T17:22:30.954+0000] {dag.py:3239} INFO - Sync 1 DAGs
[2025-03-29T17:22:30.963+0000] {logging_mixin.py:190} INFO - [2025-03-29T17:22:30.962+0000] {dag.py:4180} INFO - Setting next_dagrun for example_dag_decorator to None, run_after=None
[2025-03-29T17:22:30.976+0000] {processor.py:208} INFO - Processing /home/airflow/.local/lib/python3.12/site-packages/airflow/example_dags/example_dag_decorator.py took 0.195 seconds
[2025-03-29T17:23:01.411+0000] {processor.py:186} INFO - Started process (PID=938) to work on /home/airflow/.local/lib/python3.12/site-packages/airflow/example_dags/example_dag_decorator.py
[2025-03-29T17:23:01.412+0000] {processor.py:914} INFO - Processing file /home/airflow/.local/lib/python3.12/site-packages/airflow/example_dags/example_dag_decorator.py for tasks to queue
[2025-03-29T17:23:01.413+0000] {logging_mixin.py:190} INFO - [2025-03-29T17:23:01.413+0000] {dagbag.py:588} INFO - Filling up the DagBag from /home/airflow/.local/lib/python3.12/site-packages/airflow/example_dags/example_dag_decorator.py
[2025-03-29T17:23:01.484+0000] {processor.py:925} INFO - DAG(s) 'example_dag_decorator' retrieved from /home/airflow/.local/lib/python3.12/site-packages/airflow/example_dags/example_dag_decorator.py
[2025-03-29T17:23:01.558+0000] {logging_mixin.py:190} INFO - [2025-03-29T17:23:01.558+0000] {dag.py:3239} INFO - Sync 1 DAGs
[2025-03-29T17:23:01.566+0000] {logging_mixin.py:190} INFO - [2025-03-29T17:23:01.566+0000] {dag.py:4180} INFO - Setting next_dagrun for example_dag_decorator to None, run_after=None
[2025-03-29T17:23:01.578+0000] {processor.py:208} INFO - Processing /home/airflow/.local/lib/python3.12/site-packages/airflow/example_dags/example_dag_decorator.py took 0.171 seconds
[2025-03-29T17:26:05.948+0000] {processor.py:186} INFO - Started process (PID=50) to work on /home/airflow/.local/lib/python3.12/site-packages/airflow/example_dags/example_dag_decorator.py
[2025-03-29T17:26:05.949+0000] {processor.py:914} INFO - Processing file /home/airflow/.local/lib/python3.12/site-packages/airflow/example_dags/example_dag_decorator.py for tasks to queue
[2025-03-29T17:26:05.950+0000] {logging_mixin.py:190} INFO - [2025-03-29T17:26:05.950+0000] {dagbag.py:588} INFO - Filling up the DagBag from /home/airflow/.local/lib/python3.12/site-packages/airflow/example_dags/example_dag_decorator.py
[2025-03-29T17:26:06.344+0000] {processor.py:925} INFO - DAG(s) 'example_dag_decorator' retrieved from /home/airflow/.local/lib/python3.12/site-packages/airflow/example_dags/example_dag_decorator.py
[2025-03-29T17:26:06.439+0000] {logging_mixin.py:190} INFO - [2025-03-29T17:26:06.438+0000] {override.py:1912} INFO - Created Permission View: can delete on DAG:example_dag_decorator
[2025-03-29T17:26:06.447+0000] {logging_mixin.py:190} INFO - [2025-03-29T17:26:06.447+0000] {override.py:1912} INFO - Created Permission View: can read on DAG:example_dag_decorator
[2025-03-29T17:26:06.453+0000] {logging_mixin.py:190} INFO - [2025-03-29T17:26:06.453+0000] {override.py:1912} INFO - Created Permission View: can edit on DAG:example_dag_decorator
[2025-03-29T17:26:06.460+0000] {logging_mixin.py:190} INFO - [2025-03-29T17:26:06.459+0000] {override.py:1912} INFO - Created Permission View: can delete on DAG Run:example_dag_decorator
[2025-03-29T17:26:06.464+0000] {logging_mixin.py:190} INFO - [2025-03-29T17:26:06.464+0000] {override.py:1912} INFO - Created Permission View: can read on DAG Run:example_dag_decorator
[2025-03-29T17:26:06.469+0000] {logging_mixin.py:190} INFO - [2025-03-29T17:26:06.469+0000] {override.py:1912} INFO - Created Permission View: can create on DAG Run:example_dag_decorator
[2025-03-29T17:26:06.474+0000] {logging_mixin.py:190} INFO - [2025-03-29T17:26:06.473+0000] {override.py:1912} INFO - Created Permission View: menu access on DAG Run:example_dag_decorator
[2025-03-29T17:26:06.474+0000] {logging_mixin.py:190} INFO - [2025-03-29T17:26:06.474+0000] {dag.py:3239} INFO - Sync 1 DAGs
[2025-03-29T17:26:06.483+0000] {logging_mixin.py:190} INFO - [2025-03-29T17:26:06.483+0000] {dag.py:3262} INFO - Creating ORM DAG for example_dag_decorator
[2025-03-29T17:26:06.484+0000] {logging_mixin.py:190} INFO - [2025-03-29T17:26:06.483+0000] {dag.py:4180} INFO - Setting next_dagrun for example_dag_decorator to None, run_after=None
[2025-03-29T17:26:06.496+0000] {processor.py:208} INFO - Processing /home/airflow/.local/lib/python3.12/site-packages/airflow/example_dags/example_dag_decorator.py took 0.552 seconds
[2025-03-29T17:26:36.640+0000] {processor.py:186} INFO - Started process (PID=113) to work on /home/airflow/.local/lib/python3.12/site-packages/airflow/example_dags/example_dag_decorator.py
[2025-03-29T17:26:36.641+0000] {processor.py:914} INFO - Processing file /home/airflow/.local/lib/python3.12/site-packages/airflow/example_dags/example_dag_decorator.py for tasks to queue
[2025-03-29T17:26:36.642+0000] {logging_mixin.py:190} INFO - [2025-03-29T17:26:36.642+0000] {dagbag.py:588} INFO - Filling up the DagBag from /home/airflow/.local/lib/python3.12/site-packages/airflow/example_dags/example_dag_decorator.py
[2025-03-29T17:26:36.738+0000] {processor.py:925} INFO - DAG(s) 'example_dag_decorator' retrieved from /home/airflow/.local/lib/python3.12/site-packages/airflow/example_dags/example_dag_decorator.py
[2025-03-29T17:26:36.823+0000] {logging_mixin.py:190} INFO - [2025-03-29T17:26:36.823+0000] {dag.py:3239} INFO - Sync 1 DAGs
[2025-03-29T17:26:36.832+0000] {logging_mixin.py:190} INFO - [2025-03-29T17:26:36.832+0000] {dag.py:4180} INFO - Setting next_dagrun for example_dag_decorator to None, run_after=None
[2025-03-29T17:26:36.845+0000] {processor.py:208} INFO - Processing /home/airflow/.local/lib/python3.12/site-packages/airflow/example_dags/example_dag_decorator.py took 0.209 seconds
[2025-03-29T17:27:07.540+0000] {processor.py:186} INFO - Started process (PID=176) to work on /home/airflow/.local/lib/python3.12/site-packages/airflow/example_dags/example_dag_decorator.py
[2025-03-29T17:27:07.541+0000] {processor.py:914} INFO - Processing file /home/airflow/.local/lib/python3.12/site-packages/airflow/example_dags/example_dag_decorator.py for tasks to queue
[2025-03-29T17:27:07.542+0000] {logging_mixin.py:190} INFO - [2025-03-29T17:27:07.542+0000] {dagbag.py:588} INFO - Filling up the DagBag from /home/airflow/.local/lib/python3.12/site-packages/airflow/example_dags/example_dag_decorator.py
[2025-03-29T17:27:07.615+0000] {processor.py:925} INFO - DAG(s) 'example_dag_decorator' retrieved from /home/airflow/.local/lib/python3.12/site-packages/airflow/example_dags/example_dag_decorator.py
[2025-03-29T17:27:07.693+0000] {logging_mixin.py:190} INFO - [2025-03-29T17:27:07.693+0000] {dag.py:3239} INFO - Sync 1 DAGs
[2025-03-29T17:27:07.702+0000] {logging_mixin.py:190} INFO - [2025-03-29T17:27:07.702+0000] {dag.py:4180} INFO - Setting next_dagrun for example_dag_decorator to None, run_after=None
[2025-03-29T17:27:07.715+0000] {processor.py:208} INFO - Processing /home/airflow/.local/lib/python3.12/site-packages/airflow/example_dags/example_dag_decorator.py took 0.178 seconds
[2025-03-29T17:27:38.043+0000] {processor.py:186} INFO - Started process (PID=239) to work on /home/airflow/.local/lib/python3.12/site-packages/airflow/example_dags/example_dag_decorator.py
[2025-03-29T17:27:38.044+0000] {processor.py:914} INFO - Processing file /home/airflow/.local/lib/python3.12/site-packages/airflow/example_dags/example_dag_decorator.py for tasks to queue
[2025-03-29T17:27:38.045+0000] {logging_mixin.py:190} INFO - [2025-03-29T17:27:38.045+0000] {dagbag.py:588} INFO - Filling up the DagBag from /home/airflow/.local/lib/python3.12/site-packages/airflow/example_dags/example_dag_decorator.py
[2025-03-29T17:27:38.115+0000] {processor.py:925} INFO - DAG(s) 'example_dag_decorator' retrieved from /home/airflow/.local/lib/python3.12/site-packages/airflow/example_dags/example_dag_decorator.py
[2025-03-29T17:27:38.192+0000] {logging_mixin.py:190} INFO - [2025-03-29T17:27:38.192+0000] {dag.py:3239} INFO - Sync 1 DAGs
[2025-03-29T17:27:38.200+0000] {logging_mixin.py:190} INFO - [2025-03-29T17:27:38.200+0000] {dag.py:4180} INFO - Setting next_dagrun for example_dag_decorator to None, run_after=None
[2025-03-29T17:27:38.212+0000] {processor.py:208} INFO - Processing /home/airflow/.local/lib/python3.12/site-packages/airflow/example_dags/example_dag_decorator.py took 0.172 seconds
[2025-03-29T17:28:09.328+0000] {processor.py:186} INFO - Started process (PID=302) to work on /home/airflow/.local/lib/python3.12/site-packages/airflow/example_dags/example_dag_decorator.py
[2025-03-29T17:28:09.329+0000] {processor.py:914} INFO - Processing file /home/airflow/.local/lib/python3.12/site-packages/airflow/example_dags/example_dag_decorator.py for tasks to queue
[2025-03-29T17:28:09.330+0000] {logging_mixin.py:190} INFO - [2025-03-29T17:28:09.330+0000] {dagbag.py:588} INFO - Filling up the DagBag from /home/airflow/.local/lib/python3.12/site-packages/airflow/example_dags/example_dag_decorator.py
[2025-03-29T17:28:09.402+0000] {processor.py:925} INFO - DAG(s) 'example_dag_decorator' retrieved from /home/airflow/.local/lib/python3.12/site-packages/airflow/example_dags/example_dag_decorator.py
[2025-03-29T17:28:09.480+0000] {logging_mixin.py:190} INFO - [2025-03-29T17:28:09.479+0000] {dag.py:3239} INFO - Sync 1 DAGs
[2025-03-29T17:28:09.488+0000] {logging_mixin.py:190} INFO - [2025-03-29T17:28:09.488+0000] {dag.py:4180} INFO - Setting next_dagrun for example_dag_decorator to None, run_after=None
[2025-03-29T17:28:09.500+0000] {processor.py:208} INFO - Processing /home/airflow/.local/lib/python3.12/site-packages/airflow/example_dags/example_dag_decorator.py took 0.176 seconds
[2025-03-29T17:28:39.866+0000] {processor.py:186} INFO - Started process (PID=365) to work on /home/airflow/.local/lib/python3.12/site-packages/airflow/example_dags/example_dag_decorator.py
[2025-03-29T17:28:39.866+0000] {processor.py:914} INFO - Processing file /home/airflow/.local/lib/python3.12/site-packages/airflow/example_dags/example_dag_decorator.py for tasks to queue
[2025-03-29T17:28:39.868+0000] {logging_mixin.py:190} INFO - [2025-03-29T17:28:39.868+0000] {dagbag.py:588} INFO - Filling up the DagBag from /home/airflow/.local/lib/python3.12/site-packages/airflow/example_dags/example_dag_decorator.py
[2025-03-29T17:28:39.944+0000] {processor.py:925} INFO - DAG(s) 'example_dag_decorator' retrieved from /home/airflow/.local/lib/python3.12/site-packages/airflow/example_dags/example_dag_decorator.py
[2025-03-29T17:28:40.019+0000] {logging_mixin.py:190} INFO - [2025-03-29T17:28:40.019+0000] {dag.py:3239} INFO - Sync 1 DAGs
[2025-03-29T17:28:40.028+0000] {logging_mixin.py:190} INFO - [2025-03-29T17:28:40.028+0000] {dag.py:4180} INFO - Setting next_dagrun for example_dag_decorator to None, run_after=None
[2025-03-29T17:28:40.041+0000] {processor.py:208} INFO - Processing /home/airflow/.local/lib/python3.12/site-packages/airflow/example_dags/example_dag_decorator.py took 0.179 seconds
[2025-03-29T17:29:11.229+0000] {processor.py:186} INFO - Started process (PID=428) to work on /home/airflow/.local/lib/python3.12/site-packages/airflow/example_dags/example_dag_decorator.py
[2025-03-29T17:29:11.230+0000] {processor.py:914} INFO - Processing file /home/airflow/.local/lib/python3.12/site-packages/airflow/example_dags/example_dag_decorator.py for tasks to queue
[2025-03-29T17:29:11.231+0000] {logging_mixin.py:190} INFO - [2025-03-29T17:29:11.231+0000] {dagbag.py:588} INFO - Filling up the DagBag from /home/airflow/.local/lib/python3.12/site-packages/airflow/example_dags/example_dag_decorator.py
[2025-03-29T17:29:11.295+0000] {processor.py:925} INFO - DAG(s) 'example_dag_decorator' retrieved from /home/airflow/.local/lib/python3.12/site-packages/airflow/example_dags/example_dag_decorator.py
[2025-03-29T17:29:11.372+0000] {logging_mixin.py:190} INFO - [2025-03-29T17:29:11.372+0000] {dag.py:3239} INFO - Sync 1 DAGs
[2025-03-29T17:29:11.381+0000] {logging_mixin.py:190} INFO - [2025-03-29T17:29:11.381+0000] {dag.py:4180} INFO - Setting next_dagrun for example_dag_decorator to None, run_after=None
[2025-03-29T17:29:11.393+0000] {processor.py:208} INFO - Processing /home/airflow/.local/lib/python3.12/site-packages/airflow/example_dags/example_dag_decorator.py took 0.167 seconds
[2025-03-29T17:29:42.648+0000] {processor.py:186} INFO - Started process (PID=491) to work on /home/airflow/.local/lib/python3.12/site-packages/airflow/example_dags/example_dag_decorator.py
[2025-03-29T17:29:42.649+0000] {processor.py:914} INFO - Processing file /home/airflow/.local/lib/python3.12/site-packages/airflow/example_dags/example_dag_decorator.py for tasks to queue
[2025-03-29T17:29:42.651+0000] {logging_mixin.py:190} INFO - [2025-03-29T17:29:42.650+0000] {dagbag.py:588} INFO - Filling up the DagBag from /home/airflow/.local/lib/python3.12/site-packages/airflow/example_dags/example_dag_decorator.py
[2025-03-29T17:29:42.741+0000] {processor.py:925} INFO - DAG(s) 'example_dag_decorator' retrieved from /home/airflow/.local/lib/python3.12/site-packages/airflow/example_dags/example_dag_decorator.py
[2025-03-29T17:29:42.836+0000] {logging_mixin.py:190} INFO - [2025-03-29T17:29:42.835+0000] {dag.py:3239} INFO - Sync 1 DAGs
[2025-03-29T17:29:42.844+0000] {logging_mixin.py:190} INFO - [2025-03-29T17:29:42.844+0000] {dag.py:4180} INFO - Setting next_dagrun for example_dag_decorator to None, run_after=None
[2025-03-29T17:29:42.859+0000] {processor.py:208} INFO - Processing /home/airflow/.local/lib/python3.12/site-packages/airflow/example_dags/example_dag_decorator.py took 0.215 seconds
[2025-03-29T17:30:14.179+0000] {processor.py:186} INFO - Started process (PID=554) to work on /home/airflow/.local/lib/python3.12/site-packages/airflow/example_dags/example_dag_decorator.py
[2025-03-29T17:30:14.180+0000] {processor.py:914} INFO - Processing file /home/airflow/.local/lib/python3.12/site-packages/airflow/example_dags/example_dag_decorator.py for tasks to queue
[2025-03-29T17:30:14.182+0000] {logging_mixin.py:190} INFO - [2025-03-29T17:30:14.181+0000] {dagbag.py:588} INFO - Filling up the DagBag from /home/airflow/.local/lib/python3.12/site-packages/airflow/example_dags/example_dag_decorator.py
[2025-03-29T17:30:14.257+0000] {processor.py:925} INFO - DAG(s) 'example_dag_decorator' retrieved from /home/airflow/.local/lib/python3.12/site-packages/airflow/example_dags/example_dag_decorator.py
[2025-03-29T17:30:14.341+0000] {logging_mixin.py:190} INFO - [2025-03-29T17:30:14.341+0000] {dag.py:3239} INFO - Sync 1 DAGs
[2025-03-29T17:30:14.351+0000] {logging_mixin.py:190} INFO - [2025-03-29T17:30:14.351+0000] {dag.py:4180} INFO - Setting next_dagrun for example_dag_decorator to None, run_after=None
[2025-03-29T17:30:14.368+0000] {processor.py:208} INFO - Processing /home/airflow/.local/lib/python3.12/site-packages/airflow/example_dags/example_dag_decorator.py took 0.195 seconds
[2025-03-29T17:30:44.813+0000] {processor.py:186} INFO - Started process (PID=617) to work on /home/airflow/.local/lib/python3.12/site-packages/airflow/example_dags/example_dag_decorator.py
[2025-03-29T17:30:44.813+0000] {processor.py:914} INFO - Processing file /home/airflow/.local/lib/python3.12/site-packages/airflow/example_dags/example_dag_decorator.py for tasks to queue
[2025-03-29T17:30:44.815+0000] {logging_mixin.py:190} INFO - [2025-03-29T17:30:44.815+0000] {dagbag.py:588} INFO - Filling up the DagBag from /home/airflow/.local/lib/python3.12/site-packages/airflow/example_dags/example_dag_decorator.py
[2025-03-29T17:30:44.886+0000] {processor.py:925} INFO - DAG(s) 'example_dag_decorator' retrieved from /home/airflow/.local/lib/python3.12/site-packages/airflow/example_dags/example_dag_decorator.py
[2025-03-29T17:30:44.969+0000] {logging_mixin.py:190} INFO - [2025-03-29T17:30:44.969+0000] {dag.py:3239} INFO - Sync 1 DAGs
[2025-03-29T17:30:44.978+0000] {logging_mixin.py:190} INFO - [2025-03-29T17:30:44.978+0000] {dag.py:4180} INFO - Setting next_dagrun for example_dag_decorator to None, run_after=None
[2025-03-29T17:30:44.993+0000] {processor.py:208} INFO - Processing /home/airflow/.local/lib/python3.12/site-packages/airflow/example_dags/example_dag_decorator.py took 0.185 seconds
[2025-03-29T17:31:16.009+0000] {processor.py:186} INFO - Started process (PID=680) to work on /home/airflow/.local/lib/python3.12/site-packages/airflow/example_dags/example_dag_decorator.py
[2025-03-29T17:31:16.010+0000] {processor.py:914} INFO - Processing file /home/airflow/.local/lib/python3.12/site-packages/airflow/example_dags/example_dag_decorator.py for tasks to queue
[2025-03-29T17:31:16.011+0000] {logging_mixin.py:190} INFO - [2025-03-29T17:31:16.011+0000] {dagbag.py:588} INFO - Filling up the DagBag from /home/airflow/.local/lib/python3.12/site-packages/airflow/example_dags/example_dag_decorator.py
[2025-03-29T17:31:16.083+0000] {processor.py:925} INFO - DAG(s) 'example_dag_decorator' retrieved from /home/airflow/.local/lib/python3.12/site-packages/airflow/example_dags/example_dag_decorator.py
[2025-03-29T17:31:16.159+0000] {logging_mixin.py:190} INFO - [2025-03-29T17:31:16.159+0000] {dag.py:3239} INFO - Sync 1 DAGs
[2025-03-29T17:31:16.168+0000] {logging_mixin.py:190} INFO - [2025-03-29T17:31:16.168+0000] {dag.py:4180} INFO - Setting next_dagrun for example_dag_decorator to None, run_after=None
[2025-03-29T17:31:16.180+0000] {processor.py:208} INFO - Processing /home/airflow/.local/lib/python3.12/site-packages/airflow/example_dags/example_dag_decorator.py took 0.175 seconds
[2025-03-29T17:31:47.379+0000] {processor.py:186} INFO - Started process (PID=749) to work on /home/airflow/.local/lib/python3.12/site-packages/airflow/example_dags/example_dag_decorator.py
[2025-03-29T17:31:47.379+0000] {processor.py:914} INFO - Processing file /home/airflow/.local/lib/python3.12/site-packages/airflow/example_dags/example_dag_decorator.py for tasks to queue
[2025-03-29T17:31:47.381+0000] {logging_mixin.py:190} INFO - [2025-03-29T17:31:47.381+0000] {dagbag.py:588} INFO - Filling up the DagBag from /home/airflow/.local/lib/python3.12/site-packages/airflow/example_dags/example_dag_decorator.py
[2025-03-29T17:31:47.474+0000] {processor.py:925} INFO - DAG(s) 'example_dag_decorator' retrieved from /home/airflow/.local/lib/python3.12/site-packages/airflow/example_dags/example_dag_decorator.py
[2025-03-29T17:31:47.576+0000] {logging_mixin.py:190} INFO - [2025-03-29T17:31:47.576+0000] {dag.py:3239} INFO - Sync 1 DAGs
[2025-03-29T17:31:47.585+0000] {logging_mixin.py:190} INFO - [2025-03-29T17:31:47.584+0000] {dag.py:4180} INFO - Setting next_dagrun for example_dag_decorator to None, run_after=None
[2025-03-29T17:31:47.597+0000] {processor.py:208} INFO - Processing /home/airflow/.local/lib/python3.12/site-packages/airflow/example_dags/example_dag_decorator.py took 0.222 seconds
[2025-03-29T17:32:17.871+0000] {processor.py:186} INFO - Started process (PID=812) to work on /home/airflow/.local/lib/python3.12/site-packages/airflow/example_dags/example_dag_decorator.py
[2025-03-29T17:32:17.871+0000] {processor.py:914} INFO - Processing file /home/airflow/.local/lib/python3.12/site-packages/airflow/example_dags/example_dag_decorator.py for tasks to queue
[2025-03-29T17:32:17.873+0000] {logging_mixin.py:190} INFO - [2025-03-29T17:32:17.872+0000] {dagbag.py:588} INFO - Filling up the DagBag from /home/airflow/.local/lib/python3.12/site-packages/airflow/example_dags/example_dag_decorator.py
[2025-03-29T17:32:17.943+0000] {processor.py:925} INFO - DAG(s) 'example_dag_decorator' retrieved from /home/airflow/.local/lib/python3.12/site-packages/airflow/example_dags/example_dag_decorator.py
[2025-03-29T17:32:18.016+0000] {logging_mixin.py:190} INFO - [2025-03-29T17:32:18.016+0000] {dag.py:3239} INFO - Sync 1 DAGs
[2025-03-29T17:32:18.024+0000] {logging_mixin.py:190} INFO - [2025-03-29T17:32:18.024+0000] {dag.py:4180} INFO - Setting next_dagrun for example_dag_decorator to None, run_after=None
[2025-03-29T17:32:18.037+0000] {processor.py:208} INFO - Processing /home/airflow/.local/lib/python3.12/site-packages/airflow/example_dags/example_dag_decorator.py took 0.169 seconds
[2025-03-29T17:32:49.242+0000] {processor.py:186} INFO - Started process (PID=875) to work on /home/airflow/.local/lib/python3.12/site-packages/airflow/example_dags/example_dag_decorator.py
[2025-03-29T17:32:49.243+0000] {processor.py:914} INFO - Processing file /home/airflow/.local/lib/python3.12/site-packages/airflow/example_dags/example_dag_decorator.py for tasks to queue
[2025-03-29T17:32:49.244+0000] {logging_mixin.py:190} INFO - [2025-03-29T17:32:49.244+0000] {dagbag.py:588} INFO - Filling up the DagBag from /home/airflow/.local/lib/python3.12/site-packages/airflow/example_dags/example_dag_decorator.py
[2025-03-29T17:32:49.311+0000] {processor.py:925} INFO - DAG(s) 'example_dag_decorator' retrieved from /home/airflow/.local/lib/python3.12/site-packages/airflow/example_dags/example_dag_decorator.py
[2025-03-29T17:32:49.388+0000] {logging_mixin.py:190} INFO - [2025-03-29T17:32:49.387+0000] {dag.py:3239} INFO - Sync 1 DAGs
[2025-03-29T17:32:49.396+0000] {logging_mixin.py:190} INFO - [2025-03-29T17:32:49.395+0000] {dag.py:4180} INFO - Setting next_dagrun for example_dag_decorator to None, run_after=None
[2025-03-29T17:32:49.408+0000] {processor.py:208} INFO - Processing /home/airflow/.local/lib/python3.12/site-packages/airflow/example_dags/example_dag_decorator.py took 0.169 seconds
[2025-03-29T17:33:19.797+0000] {processor.py:186} INFO - Started process (PID=938) to work on /home/airflow/.local/lib/python3.12/site-packages/airflow/example_dags/example_dag_decorator.py
[2025-03-29T17:33:19.797+0000] {processor.py:914} INFO - Processing file /home/airflow/.local/lib/python3.12/site-packages/airflow/example_dags/example_dag_decorator.py for tasks to queue
[2025-03-29T17:33:19.799+0000] {logging_mixin.py:190} INFO - [2025-03-29T17:33:19.798+0000] {dagbag.py:588} INFO - Filling up the DagBag from /home/airflow/.local/lib/python3.12/site-packages/airflow/example_dags/example_dag_decorator.py
[2025-03-29T17:33:19.868+0000] {processor.py:925} INFO - DAG(s) 'example_dag_decorator' retrieved from /home/airflow/.local/lib/python3.12/site-packages/airflow/example_dags/example_dag_decorator.py
[2025-03-29T17:33:19.943+0000] {logging_mixin.py:190} INFO - [2025-03-29T17:33:19.943+0000] {dag.py:3239} INFO - Sync 1 DAGs
[2025-03-29T17:33:19.951+0000] {logging_mixin.py:190} INFO - [2025-03-29T17:33:19.951+0000] {dag.py:4180} INFO - Setting next_dagrun for example_dag_decorator to None, run_after=None
[2025-03-29T17:33:19.963+0000] {processor.py:208} INFO - Processing /home/airflow/.local/lib/python3.12/site-packages/airflow/example_dags/example_dag_decorator.py took 0.170 seconds
[2025-03-29T17:33:51.211+0000] {processor.py:186} INFO - Started process (PID=1001) to work on /home/airflow/.local/lib/python3.12/site-packages/airflow/example_dags/example_dag_decorator.py
[2025-03-29T17:33:51.211+0000] {processor.py:914} INFO - Processing file /home/airflow/.local/lib/python3.12/site-packages/airflow/example_dags/example_dag_decorator.py for tasks to queue
[2025-03-29T17:33:51.213+0000] {logging_mixin.py:190} INFO - [2025-03-29T17:33:51.212+0000] {dagbag.py:588} INFO - Filling up the DagBag from /home/airflow/.local/lib/python3.12/site-packages/airflow/example_dags/example_dag_decorator.py
[2025-03-29T17:33:51.296+0000] {processor.py:925} INFO - DAG(s) 'example_dag_decorator' retrieved from /home/airflow/.local/lib/python3.12/site-packages/airflow/example_dags/example_dag_decorator.py
[2025-03-29T17:33:51.378+0000] {logging_mixin.py:190} INFO - [2025-03-29T17:33:51.378+0000] {dag.py:3239} INFO - Sync 1 DAGs
[2025-03-29T17:33:51.387+0000] {logging_mixin.py:190} INFO - [2025-03-29T17:33:51.386+0000] {dag.py:4180} INFO - Setting next_dagrun for example_dag_decorator to None, run_after=None
[2025-03-29T17:33:51.400+0000] {processor.py:208} INFO - Processing /home/airflow/.local/lib/python3.12/site-packages/airflow/example_dags/example_dag_decorator.py took 0.193 seconds
[2025-03-29T17:34:21.865+0000] {processor.py:186} INFO - Started process (PID=1064) to work on /home/airflow/.local/lib/python3.12/site-packages/airflow/example_dags/example_dag_decorator.py
[2025-03-29T17:34:21.865+0000] {processor.py:914} INFO - Processing file /home/airflow/.local/lib/python3.12/site-packages/airflow/example_dags/example_dag_decorator.py for tasks to queue
[2025-03-29T17:34:21.867+0000] {logging_mixin.py:190} INFO - [2025-03-29T17:34:21.866+0000] {dagbag.py:588} INFO - Filling up the DagBag from /home/airflow/.local/lib/python3.12/site-packages/airflow/example_dags/example_dag_decorator.py
[2025-03-29T17:34:21.942+0000] {processor.py:925} INFO - DAG(s) 'example_dag_decorator' retrieved from /home/airflow/.local/lib/python3.12/site-packages/airflow/example_dags/example_dag_decorator.py
[2025-03-29T17:34:22.025+0000] {logging_mixin.py:190} INFO - [2025-03-29T17:34:22.025+0000] {dag.py:3239} INFO - Sync 1 DAGs
[2025-03-29T17:34:22.034+0000] {logging_mixin.py:190} INFO - [2025-03-29T17:34:22.034+0000] {dag.py:4180} INFO - Setting next_dagrun for example_dag_decorator to None, run_after=None
[2025-03-29T17:34:22.046+0000] {processor.py:208} INFO - Processing /home/airflow/.local/lib/python3.12/site-packages/airflow/example_dags/example_dag_decorator.py took 0.186 seconds
[2025-03-29T17:34:53.398+0000] {processor.py:186} INFO - Started process (PID=1127) to work on /home/airflow/.local/lib/python3.12/site-packages/airflow/example_dags/example_dag_decorator.py
[2025-03-29T17:34:53.399+0000] {processor.py:914} INFO - Processing file /home/airflow/.local/lib/python3.12/site-packages/airflow/example_dags/example_dag_decorator.py for tasks to queue
[2025-03-29T17:34:53.401+0000] {logging_mixin.py:190} INFO - [2025-03-29T17:34:53.401+0000] {dagbag.py:588} INFO - Filling up the DagBag from /home/airflow/.local/lib/python3.12/site-packages/airflow/example_dags/example_dag_decorator.py
[2025-03-29T17:34:53.481+0000] {processor.py:925} INFO - DAG(s) 'example_dag_decorator' retrieved from /home/airflow/.local/lib/python3.12/site-packages/airflow/example_dags/example_dag_decorator.py
[2025-03-29T17:34:53.568+0000] {logging_mixin.py:190} INFO - [2025-03-29T17:34:53.568+0000] {dag.py:3239} INFO - Sync 1 DAGs
[2025-03-29T17:34:53.579+0000] {logging_mixin.py:190} INFO - [2025-03-29T17:34:53.579+0000] {dag.py:4180} INFO - Setting next_dagrun for example_dag_decorator to None, run_after=None
[2025-03-29T17:34:53.593+0000] {processor.py:208} INFO - Processing /home/airflow/.local/lib/python3.12/site-packages/airflow/example_dags/example_dag_decorator.py took 0.200 seconds
[2025-03-29T17:35:24.274+0000] {processor.py:186} INFO - Started process (PID=1190) to work on /home/airflow/.local/lib/python3.12/site-packages/airflow/example_dags/example_dag_decorator.py
[2025-03-29T17:35:24.274+0000] {processor.py:914} INFO - Processing file /home/airflow/.local/lib/python3.12/site-packages/airflow/example_dags/example_dag_decorator.py for tasks to queue
[2025-03-29T17:35:24.277+0000] {logging_mixin.py:190} INFO - [2025-03-29T17:35:24.276+0000] {dagbag.py:588} INFO - Filling up the DagBag from /home/airflow/.local/lib/python3.12/site-packages/airflow/example_dags/example_dag_decorator.py
[2025-03-29T17:35:24.363+0000] {processor.py:925} INFO - DAG(s) 'example_dag_decorator' retrieved from /home/airflow/.local/lib/python3.12/site-packages/airflow/example_dags/example_dag_decorator.py
[2025-03-29T17:35:24.483+0000] {logging_mixin.py:190} INFO - [2025-03-29T17:35:24.483+0000] {dag.py:3239} INFO - Sync 1 DAGs
[2025-03-29T17:35:24.496+0000] {logging_mixin.py:190} INFO - [2025-03-29T17:35:24.496+0000] {dag.py:4180} INFO - Setting next_dagrun for example_dag_decorator to None, run_after=None
[2025-03-29T17:35:24.512+0000] {processor.py:208} INFO - Processing /home/airflow/.local/lib/python3.12/site-packages/airflow/example_dags/example_dag_decorator.py took 0.242 seconds
[2025-03-29T17:35:55.678+0000] {processor.py:186} INFO - Started process (PID=1253) to work on /home/airflow/.local/lib/python3.12/site-packages/airflow/example_dags/example_dag_decorator.py
[2025-03-29T17:35:55.678+0000] {processor.py:914} INFO - Processing file /home/airflow/.local/lib/python3.12/site-packages/airflow/example_dags/example_dag_decorator.py for tasks to queue
[2025-03-29T17:35:55.680+0000] {logging_mixin.py:190} INFO - [2025-03-29T17:35:55.680+0000] {dagbag.py:588} INFO - Filling up the DagBag from /home/airflow/.local/lib/python3.12/site-packages/airflow/example_dags/example_dag_decorator.py
[2025-03-29T17:35:55.752+0000] {processor.py:925} INFO - DAG(s) 'example_dag_decorator' retrieved from /home/airflow/.local/lib/python3.12/site-packages/airflow/example_dags/example_dag_decorator.py
[2025-03-29T17:35:55.826+0000] {logging_mixin.py:190} INFO - [2025-03-29T17:35:55.826+0000] {dag.py:3239} INFO - Sync 1 DAGs
[2025-03-29T17:35:55.835+0000] {logging_mixin.py:190} INFO - [2025-03-29T17:35:55.835+0000] {dag.py:4180} INFO - Setting next_dagrun for example_dag_decorator to None, run_after=None
[2025-03-29T17:35:55.848+0000] {processor.py:208} INFO - Processing /home/airflow/.local/lib/python3.12/site-packages/airflow/example_dags/example_dag_decorator.py took 0.173 seconds
[2025-03-29T17:36:27.015+0000] {processor.py:186} INFO - Started process (PID=1316) to work on /home/airflow/.local/lib/python3.12/site-packages/airflow/example_dags/example_dag_decorator.py
[2025-03-29T17:36:27.016+0000] {processor.py:914} INFO - Processing file /home/airflow/.local/lib/python3.12/site-packages/airflow/example_dags/example_dag_decorator.py for tasks to queue
[2025-03-29T17:36:27.017+0000] {logging_mixin.py:190} INFO - [2025-03-29T17:36:27.017+0000] {dagbag.py:588} INFO - Filling up the DagBag from /home/airflow/.local/lib/python3.12/site-packages/airflow/example_dags/example_dag_decorator.py
[2025-03-29T17:36:27.109+0000] {processor.py:925} INFO - DAG(s) 'example_dag_decorator' retrieved from /home/airflow/.local/lib/python3.12/site-packages/airflow/example_dags/example_dag_decorator.py
[2025-03-29T17:36:27.191+0000] {logging_mixin.py:190} INFO - [2025-03-29T17:36:27.191+0000] {dag.py:3239} INFO - Sync 1 DAGs
[2025-03-29T17:36:27.200+0000] {logging_mixin.py:190} INFO - [2025-03-29T17:36:27.200+0000] {dag.py:4180} INFO - Setting next_dagrun for example_dag_decorator to None, run_after=None
[2025-03-29T17:36:27.214+0000] {processor.py:208} INFO - Processing /home/airflow/.local/lib/python3.12/site-packages/airflow/example_dags/example_dag_decorator.py took 0.206 seconds
[2025-03-29T17:36:58.419+0000] {processor.py:186} INFO - Started process (PID=1379) to work on /home/airflow/.local/lib/python3.12/site-packages/airflow/example_dags/example_dag_decorator.py
[2025-03-29T17:36:58.419+0000] {processor.py:914} INFO - Processing file /home/airflow/.local/lib/python3.12/site-packages/airflow/example_dags/example_dag_decorator.py for tasks to queue
[2025-03-29T17:36:58.421+0000] {logging_mixin.py:190} INFO - [2025-03-29T17:36:58.420+0000] {dagbag.py:588} INFO - Filling up the DagBag from /home/airflow/.local/lib/python3.12/site-packages/airflow/example_dags/example_dag_decorator.py
[2025-03-29T17:36:58.490+0000] {processor.py:925} INFO - DAG(s) 'example_dag_decorator' retrieved from /home/airflow/.local/lib/python3.12/site-packages/airflow/example_dags/example_dag_decorator.py
[2025-03-29T17:36:58.572+0000] {logging_mixin.py:190} INFO - [2025-03-29T17:36:58.572+0000] {dag.py:3239} INFO - Sync 1 DAGs
[2025-03-29T17:36:58.582+0000] {logging_mixin.py:190} INFO - [2025-03-29T17:36:58.582+0000] {dag.py:4180} INFO - Setting next_dagrun for example_dag_decorator to None, run_after=None
[2025-03-29T17:36:58.595+0000] {processor.py:208} INFO - Processing /home/airflow/.local/lib/python3.12/site-packages/airflow/example_dags/example_dag_decorator.py took 0.180 seconds
[2025-03-29T17:37:29.555+0000] {processor.py:186} INFO - Started process (PID=1442) to work on /home/airflow/.local/lib/python3.12/site-packages/airflow/example_dags/example_dag_decorator.py
[2025-03-29T17:37:29.555+0000] {processor.py:914} INFO - Processing file /home/airflow/.local/lib/python3.12/site-packages/airflow/example_dags/example_dag_decorator.py for tasks to queue
[2025-03-29T17:37:29.556+0000] {logging_mixin.py:190} INFO - [2025-03-29T17:37:29.556+0000] {dagbag.py:588} INFO - Filling up the DagBag from /home/airflow/.local/lib/python3.12/site-packages/airflow/example_dags/example_dag_decorator.py
[2025-03-29T17:37:29.632+0000] {processor.py:925} INFO - DAG(s) 'example_dag_decorator' retrieved from /home/airflow/.local/lib/python3.12/site-packages/airflow/example_dags/example_dag_decorator.py
[2025-03-29T17:37:29.710+0000] {logging_mixin.py:190} INFO - [2025-03-29T17:37:29.709+0000] {dag.py:3239} INFO - Sync 1 DAGs
[2025-03-29T17:37:29.718+0000] {logging_mixin.py:190} INFO - [2025-03-29T17:37:29.718+0000] {dag.py:4180} INFO - Setting next_dagrun for example_dag_decorator to None, run_after=None
[2025-03-29T17:37:29.729+0000] {processor.py:208} INFO - Processing /home/airflow/.local/lib/python3.12/site-packages/airflow/example_dags/example_dag_decorator.py took 0.178 seconds
[2025-03-29T17:38:00.111+0000] {processor.py:186} INFO - Started process (PID=1505) to work on /home/airflow/.local/lib/python3.12/site-packages/airflow/example_dags/example_dag_decorator.py
[2025-03-29T17:38:00.112+0000] {processor.py:914} INFO - Processing file /home/airflow/.local/lib/python3.12/site-packages/airflow/example_dags/example_dag_decorator.py for tasks to queue
[2025-03-29T17:38:00.113+0000] {logging_mixin.py:190} INFO - [2025-03-29T17:38:00.113+0000] {dagbag.py:588} INFO - Filling up the DagBag from /home/airflow/.local/lib/python3.12/site-packages/airflow/example_dags/example_dag_decorator.py
[2025-03-29T17:38:00.178+0000] {processor.py:925} INFO - DAG(s) 'example_dag_decorator' retrieved from /home/airflow/.local/lib/python3.12/site-packages/airflow/example_dags/example_dag_decorator.py
[2025-03-29T17:38:00.252+0000] {logging_mixin.py:190} INFO - [2025-03-29T17:38:00.252+0000] {dag.py:3239} INFO - Sync 1 DAGs
[2025-03-29T17:38:00.260+0000] {logging_mixin.py:190} INFO - [2025-03-29T17:38:00.260+0000] {dag.py:4180} INFO - Setting next_dagrun for example_dag_decorator to None, run_after=None
[2025-03-29T17:38:00.273+0000] {processor.py:208} INFO - Processing /home/airflow/.local/lib/python3.12/site-packages/airflow/example_dags/example_dag_decorator.py took 0.165 seconds
[2025-03-29T17:38:31.488+0000] {processor.py:186} INFO - Started process (PID=1568) to work on /home/airflow/.local/lib/python3.12/site-packages/airflow/example_dags/example_dag_decorator.py
[2025-03-29T17:38:31.489+0000] {processor.py:914} INFO - Processing file /home/airflow/.local/lib/python3.12/site-packages/airflow/example_dags/example_dag_decorator.py for tasks to queue
[2025-03-29T17:38:31.490+0000] {logging_mixin.py:190} INFO - [2025-03-29T17:38:31.490+0000] {dagbag.py:588} INFO - Filling up the DagBag from /home/airflow/.local/lib/python3.12/site-packages/airflow/example_dags/example_dag_decorator.py
[2025-03-29T17:38:31.565+0000] {processor.py:925} INFO - DAG(s) 'example_dag_decorator' retrieved from /home/airflow/.local/lib/python3.12/site-packages/airflow/example_dags/example_dag_decorator.py
[2025-03-29T17:38:31.639+0000] {logging_mixin.py:190} INFO - [2025-03-29T17:38:31.639+0000] {dag.py:3239} INFO - Sync 1 DAGs
[2025-03-29T17:38:31.647+0000] {logging_mixin.py:190} INFO - [2025-03-29T17:38:31.646+0000] {dag.py:4180} INFO - Setting next_dagrun for example_dag_decorator to None, run_after=None
[2025-03-29T17:38:31.658+0000] {processor.py:208} INFO - Processing /home/airflow/.local/lib/python3.12/site-packages/airflow/example_dags/example_dag_decorator.py took 0.174 seconds
