[2025-03-29T17:15:48.285+0000] {processor.py:186} INFO - Started process (PID=72) to work on /home/airflow/.local/lib/python3.12/site-packages/airflow/example_dags/example_bash_operator.py
[2025-03-29T17:15:48.286+0000] {processor.py:914} INFO - Processing file /home/airflow/.local/lib/python3.12/site-packages/airflow/example_dags/example_bash_operator.py for tasks to queue
[2025-03-29T17:15:48.287+0000] {logging_mixin.py:190} INFO - [2025-03-29T17:15:48.287+0000] {dagbag.py:588} INFO - Filling up the DagBag from /home/airflow/.local/lib/python3.12/site-packages/airflow/example_dags/example_bash_operator.py
[2025-03-29T17:15:48.296+0000] {processor.py:925} INFO - DAG(s) 'example_bash_operator' retrieved from /home/airflow/.local/lib/python3.12/site-packages/airflow/example_dags/example_bash_operator.py
[2025-03-29T17:15:48.378+0000] {logging_mixin.py:190} INFO - [2025-03-29T17:15:48.378+0000] {override.py:1912} INFO - Created Permission View: can delete on DAG:example_bash_operator
[2025-03-29T17:15:48.386+0000] {logging_mixin.py:190} INFO - [2025-03-29T17:15:48.386+0000] {override.py:1912} INFO - Created Permission View: can edit on DAG:example_bash_operator
[2025-03-29T17:15:48.391+0000] {logging_mixin.py:190} INFO - [2025-03-29T17:15:48.390+0000] {override.py:1912} INFO - Created Permission View: can read on DAG:example_bash_operator
[2025-03-29T17:15:48.395+0000] {logging_mixin.py:190} INFO - [2025-03-29T17:15:48.395+0000] {override.py:1912} INFO - Created Permission View: can delete on DAG Run:example_bash_operator
[2025-03-29T17:15:48.400+0000] {logging_mixin.py:190} INFO - [2025-03-29T17:15:48.400+0000] {override.py:1912} INFO - Created Permission View: menu access on DAG Run:example_bash_operator
[2025-03-29T17:15:48.404+0000] {logging_mixin.py:190} INFO - [2025-03-29T17:15:48.403+0000] {override.py:1912} INFO - Created Permission View: can read on DAG Run:example_bash_operator
[2025-03-29T17:15:48.409+0000] {logging_mixin.py:190} INFO - [2025-03-29T17:15:48.408+0000] {override.py:1912} INFO - Created Permission View: can create on DAG Run:example_bash_operator
[2025-03-29T17:15:48.409+0000] {logging_mixin.py:190} INFO - [2025-03-29T17:15:48.409+0000] {dag.py:3239} INFO - Sync 1 DAGs
[2025-03-29T17:15:48.417+0000] {logging_mixin.py:190} INFO - [2025-03-29T17:15:48.417+0000] {dag.py:3262} INFO - Creating ORM DAG for example_bash_operator
[2025-03-29T17:15:48.424+0000] {logging_mixin.py:190} INFO - [2025-03-29T17:15:48.424+0000] {dag.py:4180} INFO - Setting next_dagrun for example_bash_operator to 2025-03-28 00:00:00+00:00, run_after=2025-03-29 00:00:00+00:00
[2025-03-29T17:15:48.434+0000] {processor.py:208} INFO - Processing /home/airflow/.local/lib/python3.12/site-packages/airflow/example_dags/example_bash_operator.py took 0.153 seconds
[2025-03-29T17:16:18.950+0000] {processor.py:186} INFO - Started process (PID=135) to work on /home/airflow/.local/lib/python3.12/site-packages/airflow/example_dags/example_bash_operator.py
[2025-03-29T17:16:18.951+0000] {processor.py:914} INFO - Processing file /home/airflow/.local/lib/python3.12/site-packages/airflow/example_dags/example_bash_operator.py for tasks to queue
[2025-03-29T17:16:18.953+0000] {logging_mixin.py:190} INFO - [2025-03-29T17:16:18.952+0000] {dagbag.py:588} INFO - Filling up the DagBag from /home/airflow/.local/lib/python3.12/site-packages/airflow/example_dags/example_bash_operator.py
[2025-03-29T17:16:18.975+0000] {processor.py:925} INFO - DAG(s) 'example_bash_operator' retrieved from /home/airflow/.local/lib/python3.12/site-packages/airflow/example_dags/example_bash_operator.py
[2025-03-29T17:16:18.999+0000] {logging_mixin.py:190} INFO - [2025-03-29T17:16:18.999+0000] {dag.py:3239} INFO - Sync 1 DAGs
[2025-03-29T17:16:19.027+0000] {logging_mixin.py:190} INFO - [2025-03-29T17:16:19.027+0000] {dag.py:4180} INFO - Setting next_dagrun for example_bash_operator to 2025-03-28 00:00:00+00:00, run_after=2025-03-29 00:00:00+00:00
[2025-03-29T17:16:19.045+0000] {processor.py:208} INFO - Processing /home/airflow/.local/lib/python3.12/site-packages/airflow/example_dags/example_bash_operator.py took 0.106 seconds
[2025-03-29T17:16:49.705+0000] {processor.py:186} INFO - Started process (PID=198) to work on /home/airflow/.local/lib/python3.12/site-packages/airflow/example_dags/example_bash_operator.py
[2025-03-29T17:16:49.706+0000] {processor.py:914} INFO - Processing file /home/airflow/.local/lib/python3.12/site-packages/airflow/example_dags/example_bash_operator.py for tasks to queue
[2025-03-29T17:16:49.707+0000] {logging_mixin.py:190} INFO - [2025-03-29T17:16:49.707+0000] {dagbag.py:588} INFO - Filling up the DagBag from /home/airflow/.local/lib/python3.12/site-packages/airflow/example_dags/example_bash_operator.py
[2025-03-29T17:16:49.716+0000] {processor.py:925} INFO - DAG(s) 'example_bash_operator' retrieved from /home/airflow/.local/lib/python3.12/site-packages/airflow/example_dags/example_bash_operator.py
[2025-03-29T17:16:49.733+0000] {logging_mixin.py:190} INFO - [2025-03-29T17:16:49.733+0000] {dag.py:3239} INFO - Sync 1 DAGs
[2025-03-29T17:16:49.748+0000] {logging_mixin.py:190} INFO - [2025-03-29T17:16:49.748+0000] {dag.py:4180} INFO - Setting next_dagrun for example_bash_operator to 2025-03-28 00:00:00+00:00, run_after=2025-03-29 00:00:00+00:00
[2025-03-29T17:16:49.763+0000] {processor.py:208} INFO - Processing /home/airflow/.local/lib/python3.12/site-packages/airflow/example_dags/example_bash_operator.py took 0.061 seconds
[2025-03-29T17:17:20.014+0000] {processor.py:186} INFO - Started process (PID=261) to work on /home/airflow/.local/lib/python3.12/site-packages/airflow/example_dags/example_bash_operator.py
[2025-03-29T17:17:20.015+0000] {processor.py:914} INFO - Processing file /home/airflow/.local/lib/python3.12/site-packages/airflow/example_dags/example_bash_operator.py for tasks to queue
[2025-03-29T17:17:20.016+0000] {logging_mixin.py:190} INFO - [2025-03-29T17:17:20.016+0000] {dagbag.py:588} INFO - Filling up the DagBag from /home/airflow/.local/lib/python3.12/site-packages/airflow/example_dags/example_bash_operator.py
[2025-03-29T17:17:20.025+0000] {processor.py:925} INFO - DAG(s) 'example_bash_operator' retrieved from /home/airflow/.local/lib/python3.12/site-packages/airflow/example_dags/example_bash_operator.py
[2025-03-29T17:17:20.043+0000] {logging_mixin.py:190} INFO - [2025-03-29T17:17:20.043+0000] {dag.py:3239} INFO - Sync 1 DAGs
[2025-03-29T17:17:20.058+0000] {logging_mixin.py:190} INFO - [2025-03-29T17:17:20.058+0000] {dag.py:4180} INFO - Setting next_dagrun for example_bash_operator to 2025-03-28 00:00:00+00:00, run_after=2025-03-29 00:00:00+00:00
[2025-03-29T17:17:20.075+0000] {processor.py:208} INFO - Processing /home/airflow/.local/lib/python3.12/site-packages/airflow/example_dags/example_bash_operator.py took 0.065 seconds
[2025-03-29T17:17:51.431+0000] {processor.py:186} INFO - Started process (PID=324) to work on /home/airflow/.local/lib/python3.12/site-packages/airflow/example_dags/example_bash_operator.py
[2025-03-29T17:17:51.431+0000] {processor.py:914} INFO - Processing file /home/airflow/.local/lib/python3.12/site-packages/airflow/example_dags/example_bash_operator.py for tasks to queue
[2025-03-29T17:17:51.433+0000] {logging_mixin.py:190} INFO - [2025-03-29T17:17:51.433+0000] {dagbag.py:588} INFO - Filling up the DagBag from /home/airflow/.local/lib/python3.12/site-packages/airflow/example_dags/example_bash_operator.py
[2025-03-29T17:17:51.442+0000] {processor.py:925} INFO - DAG(s) 'example_bash_operator' retrieved from /home/airflow/.local/lib/python3.12/site-packages/airflow/example_dags/example_bash_operator.py
[2025-03-29T17:17:51.460+0000] {logging_mixin.py:190} INFO - [2025-03-29T17:17:51.460+0000] {dag.py:3239} INFO - Sync 1 DAGs
[2025-03-29T17:17:51.478+0000] {logging_mixin.py:190} INFO - [2025-03-29T17:17:51.478+0000] {dag.py:4180} INFO - Setting next_dagrun for example_bash_operator to 2025-03-28 00:00:00+00:00, run_after=2025-03-29 00:00:00+00:00
[2025-03-29T17:17:51.491+0000] {processor.py:208} INFO - Processing /home/airflow/.local/lib/python3.12/site-packages/airflow/example_dags/example_bash_operator.py took 0.065 seconds
[2025-03-29T17:18:22.914+0000] {processor.py:186} INFO - Started process (PID=387) to work on /home/airflow/.local/lib/python3.12/site-packages/airflow/example_dags/example_bash_operator.py
[2025-03-29T17:18:22.914+0000] {processor.py:914} INFO - Processing file /home/airflow/.local/lib/python3.12/site-packages/airflow/example_dags/example_bash_operator.py for tasks to queue
[2025-03-29T17:18:22.916+0000] {logging_mixin.py:190} INFO - [2025-03-29T17:18:22.915+0000] {dagbag.py:588} INFO - Filling up the DagBag from /home/airflow/.local/lib/python3.12/site-packages/airflow/example_dags/example_bash_operator.py
[2025-03-29T17:18:22.925+0000] {processor.py:925} INFO - DAG(s) 'example_bash_operator' retrieved from /home/airflow/.local/lib/python3.12/site-packages/airflow/example_dags/example_bash_operator.py
[2025-03-29T17:18:22.945+0000] {logging_mixin.py:190} INFO - [2025-03-29T17:18:22.945+0000] {dag.py:3239} INFO - Sync 1 DAGs
[2025-03-29T17:18:22.963+0000] {logging_mixin.py:190} INFO - [2025-03-29T17:18:22.963+0000] {dag.py:4180} INFO - Setting next_dagrun for example_bash_operator to 2025-03-28 00:00:00+00:00, run_after=2025-03-29 00:00:00+00:00
[2025-03-29T17:18:22.975+0000] {processor.py:208} INFO - Processing /home/airflow/.local/lib/python3.12/site-packages/airflow/example_dags/example_bash_operator.py took 0.065 seconds
[2025-03-29T17:18:53.567+0000] {processor.py:186} INFO - Started process (PID=450) to work on /home/airflow/.local/lib/python3.12/site-packages/airflow/example_dags/example_bash_operator.py
[2025-03-29T17:18:53.567+0000] {processor.py:914} INFO - Processing file /home/airflow/.local/lib/python3.12/site-packages/airflow/example_dags/example_bash_operator.py for tasks to queue
[2025-03-29T17:18:53.568+0000] {logging_mixin.py:190} INFO - [2025-03-29T17:18:53.568+0000] {dagbag.py:588} INFO - Filling up the DagBag from /home/airflow/.local/lib/python3.12/site-packages/airflow/example_dags/example_bash_operator.py
[2025-03-29T17:18:53.576+0000] {processor.py:925} INFO - DAG(s) 'example_bash_operator' retrieved from /home/airflow/.local/lib/python3.12/site-packages/airflow/example_dags/example_bash_operator.py
[2025-03-29T17:18:53.593+0000] {logging_mixin.py:190} INFO - [2025-03-29T17:18:53.593+0000] {dag.py:3239} INFO - Sync 1 DAGs
[2025-03-29T17:18:53.610+0000] {logging_mixin.py:190} INFO - [2025-03-29T17:18:53.610+0000] {dag.py:4180} INFO - Setting next_dagrun for example_bash_operator to 2025-03-28 00:00:00+00:00, run_after=2025-03-29 00:00:00+00:00
[2025-03-29T17:18:53.622+0000] {processor.py:208} INFO - Processing /home/airflow/.local/lib/python3.12/site-packages/airflow/example_dags/example_bash_operator.py took 0.058 seconds
[2025-03-29T17:19:24.970+0000] {processor.py:186} INFO - Started process (PID=513) to work on /home/airflow/.local/lib/python3.12/site-packages/airflow/example_dags/example_bash_operator.py
[2025-03-29T17:19:24.971+0000] {processor.py:914} INFO - Processing file /home/airflow/.local/lib/python3.12/site-packages/airflow/example_dags/example_bash_operator.py for tasks to queue
[2025-03-29T17:19:24.972+0000] {logging_mixin.py:190} INFO - [2025-03-29T17:19:24.972+0000] {dagbag.py:588} INFO - Filling up the DagBag from /home/airflow/.local/lib/python3.12/site-packages/airflow/example_dags/example_bash_operator.py
[2025-03-29T17:19:24.981+0000] {processor.py:925} INFO - DAG(s) 'example_bash_operator' retrieved from /home/airflow/.local/lib/python3.12/site-packages/airflow/example_dags/example_bash_operator.py
[2025-03-29T17:19:25.000+0000] {logging_mixin.py:190} INFO - [2025-03-29T17:19:25.000+0000] {dag.py:3239} INFO - Sync 1 DAGs
[2025-03-29T17:19:25.016+0000] {logging_mixin.py:190} INFO - [2025-03-29T17:19:25.016+0000] {dag.py:4180} INFO - Setting next_dagrun for example_bash_operator to 2025-03-28 00:00:00+00:00, run_after=2025-03-29 00:00:00+00:00
[2025-03-29T17:19:25.028+0000] {processor.py:208} INFO - Processing /home/airflow/.local/lib/python3.12/site-packages/airflow/example_dags/example_bash_operator.py took 0.061 seconds
[2025-03-29T17:19:56.521+0000] {processor.py:186} INFO - Started process (PID=576) to work on /home/airflow/.local/lib/python3.12/site-packages/airflow/example_dags/example_bash_operator.py
[2025-03-29T17:19:56.521+0000] {processor.py:914} INFO - Processing file /home/airflow/.local/lib/python3.12/site-packages/airflow/example_dags/example_bash_operator.py for tasks to queue
[2025-03-29T17:19:56.523+0000] {logging_mixin.py:190} INFO - [2025-03-29T17:19:56.522+0000] {dagbag.py:588} INFO - Filling up the DagBag from /home/airflow/.local/lib/python3.12/site-packages/airflow/example_dags/example_bash_operator.py
[2025-03-29T17:19:56.531+0000] {processor.py:925} INFO - DAG(s) 'example_bash_operator' retrieved from /home/airflow/.local/lib/python3.12/site-packages/airflow/example_dags/example_bash_operator.py
[2025-03-29T17:19:56.549+0000] {logging_mixin.py:190} INFO - [2025-03-29T17:19:56.549+0000] {dag.py:3239} INFO - Sync 1 DAGs
[2025-03-29T17:19:56.565+0000] {logging_mixin.py:190} INFO - [2025-03-29T17:19:56.565+0000] {dag.py:4180} INFO - Setting next_dagrun for example_bash_operator to 2025-03-28 00:00:00+00:00, run_after=2025-03-29 00:00:00+00:00
[2025-03-29T17:19:56.578+0000] {processor.py:208} INFO - Processing /home/airflow/.local/lib/python3.12/site-packages/airflow/example_dags/example_bash_operator.py took 0.061 seconds
[2025-03-29T17:20:26.862+0000] {processor.py:186} INFO - Started process (PID=645) to work on /home/airflow/.local/lib/python3.12/site-packages/airflow/example_dags/example_bash_operator.py
[2025-03-29T17:20:26.863+0000] {processor.py:914} INFO - Processing file /home/airflow/.local/lib/python3.12/site-packages/airflow/example_dags/example_bash_operator.py for tasks to queue
[2025-03-29T17:20:26.864+0000] {logging_mixin.py:190} INFO - [2025-03-29T17:20:26.864+0000] {dagbag.py:588} INFO - Filling up the DagBag from /home/airflow/.local/lib/python3.12/site-packages/airflow/example_dags/example_bash_operator.py
[2025-03-29T17:20:26.872+0000] {processor.py:925} INFO - DAG(s) 'example_bash_operator' retrieved from /home/airflow/.local/lib/python3.12/site-packages/airflow/example_dags/example_bash_operator.py
[2025-03-29T17:20:26.889+0000] {logging_mixin.py:190} INFO - [2025-03-29T17:20:26.889+0000] {dag.py:3239} INFO - Sync 1 DAGs
[2025-03-29T17:20:26.905+0000] {logging_mixin.py:190} INFO - [2025-03-29T17:20:26.905+0000] {dag.py:4180} INFO - Setting next_dagrun for example_bash_operator to 2025-03-28 00:00:00+00:00, run_after=2025-03-29 00:00:00+00:00
[2025-03-29T17:20:26.917+0000] {processor.py:208} INFO - Processing /home/airflow/.local/lib/python3.12/site-packages/airflow/example_dags/example_bash_operator.py took 0.058 seconds
[2025-03-29T17:20:58.476+0000] {processor.py:186} INFO - Started process (PID=708) to work on /home/airflow/.local/lib/python3.12/site-packages/airflow/example_dags/example_bash_operator.py
[2025-03-29T17:20:58.477+0000] {processor.py:914} INFO - Processing file /home/airflow/.local/lib/python3.12/site-packages/airflow/example_dags/example_bash_operator.py for tasks to queue
[2025-03-29T17:20:58.478+0000] {logging_mixin.py:190} INFO - [2025-03-29T17:20:58.478+0000] {dagbag.py:588} INFO - Filling up the DagBag from /home/airflow/.local/lib/python3.12/site-packages/airflow/example_dags/example_bash_operator.py
[2025-03-29T17:20:58.491+0000] {processor.py:925} INFO - DAG(s) 'example_bash_operator' retrieved from /home/airflow/.local/lib/python3.12/site-packages/airflow/example_dags/example_bash_operator.py
[2025-03-29T17:20:58.512+0000] {logging_mixin.py:190} INFO - [2025-03-29T17:20:58.511+0000] {dag.py:3239} INFO - Sync 1 DAGs
[2025-03-29T17:20:58.534+0000] {logging_mixin.py:190} INFO - [2025-03-29T17:20:58.534+0000] {dag.py:4180} INFO - Setting next_dagrun for example_bash_operator to 2025-03-28 00:00:00+00:00, run_after=2025-03-29 00:00:00+00:00
[2025-03-29T17:20:58.552+0000] {processor.py:208} INFO - Processing /home/airflow/.local/lib/python3.12/site-packages/airflow/example_dags/example_bash_operator.py took 0.081 seconds
[2025-03-29T17:21:28.839+0000] {processor.py:186} INFO - Started process (PID=771) to work on /home/airflow/.local/lib/python3.12/site-packages/airflow/example_dags/example_bash_operator.py
[2025-03-29T17:21:28.840+0000] {processor.py:914} INFO - Processing file /home/airflow/.local/lib/python3.12/site-packages/airflow/example_dags/example_bash_operator.py for tasks to queue
[2025-03-29T17:21:28.841+0000] {logging_mixin.py:190} INFO - [2025-03-29T17:21:28.841+0000] {dagbag.py:588} INFO - Filling up the DagBag from /home/airflow/.local/lib/python3.12/site-packages/airflow/example_dags/example_bash_operator.py
[2025-03-29T17:21:28.850+0000] {processor.py:925} INFO - DAG(s) 'example_bash_operator' retrieved from /home/airflow/.local/lib/python3.12/site-packages/airflow/example_dags/example_bash_operator.py
[2025-03-29T17:21:28.867+0000] {logging_mixin.py:190} INFO - [2025-03-29T17:21:28.867+0000] {dag.py:3239} INFO - Sync 1 DAGs
[2025-03-29T17:21:28.883+0000] {logging_mixin.py:190} INFO - [2025-03-29T17:21:28.883+0000] {dag.py:4180} INFO - Setting next_dagrun for example_bash_operator to 2025-03-28 00:00:00+00:00, run_after=2025-03-29 00:00:00+00:00
[2025-03-29T17:21:28.895+0000] {processor.py:208} INFO - Processing /home/airflow/.local/lib/python3.12/site-packages/airflow/example_dags/example_bash_operator.py took 0.060 seconds
[2025-03-29T17:22:00.185+0000] {processor.py:186} INFO - Started process (PID=834) to work on /home/airflow/.local/lib/python3.12/site-packages/airflow/example_dags/example_bash_operator.py
[2025-03-29T17:22:00.185+0000] {processor.py:914} INFO - Processing file /home/airflow/.local/lib/python3.12/site-packages/airflow/example_dags/example_bash_operator.py for tasks to queue
[2025-03-29T17:22:00.187+0000] {logging_mixin.py:190} INFO - [2025-03-29T17:22:00.187+0000] {dagbag.py:588} INFO - Filling up the DagBag from /home/airflow/.local/lib/python3.12/site-packages/airflow/example_dags/example_bash_operator.py
[2025-03-29T17:22:00.196+0000] {processor.py:925} INFO - DAG(s) 'example_bash_operator' retrieved from /home/airflow/.local/lib/python3.12/site-packages/airflow/example_dags/example_bash_operator.py
[2025-03-29T17:22:00.216+0000] {logging_mixin.py:190} INFO - [2025-03-29T17:22:00.215+0000] {dag.py:3239} INFO - Sync 1 DAGs
[2025-03-29T17:22:00.233+0000] {logging_mixin.py:190} INFO - [2025-03-29T17:22:00.233+0000] {dag.py:4180} INFO - Setting next_dagrun for example_bash_operator to 2025-03-28 00:00:00+00:00, run_after=2025-03-29 00:00:00+00:00
[2025-03-29T17:22:00.249+0000] {processor.py:208} INFO - Processing /home/airflow/.local/lib/python3.12/site-packages/airflow/example_dags/example_bash_operator.py took 0.068 seconds
[2025-03-29T17:22:31.749+0000] {processor.py:186} INFO - Started process (PID=897) to work on /home/airflow/.local/lib/python3.12/site-packages/airflow/example_dags/example_bash_operator.py
[2025-03-29T17:22:31.750+0000] {processor.py:914} INFO - Processing file /home/airflow/.local/lib/python3.12/site-packages/airflow/example_dags/example_bash_operator.py for tasks to queue
[2025-03-29T17:22:31.752+0000] {logging_mixin.py:190} INFO - [2025-03-29T17:22:31.752+0000] {dagbag.py:588} INFO - Filling up the DagBag from /home/airflow/.local/lib/python3.12/site-packages/airflow/example_dags/example_bash_operator.py
[2025-03-29T17:22:31.767+0000] {processor.py:925} INFO - DAG(s) 'example_bash_operator' retrieved from /home/airflow/.local/lib/python3.12/site-packages/airflow/example_dags/example_bash_operator.py
[2025-03-29T17:22:31.797+0000] {logging_mixin.py:190} INFO - [2025-03-29T17:22:31.797+0000] {dag.py:3239} INFO - Sync 1 DAGs
[2025-03-29T17:22:31.818+0000] {logging_mixin.py:190} INFO - [2025-03-29T17:22:31.818+0000] {dag.py:4180} INFO - Setting next_dagrun for example_bash_operator to 2025-03-28 00:00:00+00:00, run_after=2025-03-29 00:00:00+00:00
[2025-03-29T17:22:31.835+0000] {processor.py:208} INFO - Processing /home/airflow/.local/lib/python3.12/site-packages/airflow/example_dags/example_bash_operator.py took 0.091 seconds
[2025-03-29T17:23:02.425+0000] {processor.py:186} INFO - Started process (PID=960) to work on /home/airflow/.local/lib/python3.12/site-packages/airflow/example_dags/example_bash_operator.py
[2025-03-29T17:23:02.426+0000] {processor.py:914} INFO - Processing file /home/airflow/.local/lib/python3.12/site-packages/airflow/example_dags/example_bash_operator.py for tasks to queue
[2025-03-29T17:23:02.427+0000] {logging_mixin.py:190} INFO - [2025-03-29T17:23:02.427+0000] {dagbag.py:588} INFO - Filling up the DagBag from /home/airflow/.local/lib/python3.12/site-packages/airflow/example_dags/example_bash_operator.py
[2025-03-29T17:23:02.435+0000] {processor.py:925} INFO - DAG(s) 'example_bash_operator' retrieved from /home/airflow/.local/lib/python3.12/site-packages/airflow/example_dags/example_bash_operator.py
[2025-03-29T17:23:02.453+0000] {logging_mixin.py:190} INFO - [2025-03-29T17:23:02.453+0000] {dag.py:3239} INFO - Sync 1 DAGs
[2025-03-29T17:23:02.469+0000] {logging_mixin.py:190} INFO - [2025-03-29T17:23:02.469+0000] {dag.py:4180} INFO - Setting next_dagrun for example_bash_operator to 2025-03-28 00:00:00+00:00, run_after=2025-03-29 00:00:00+00:00
[2025-03-29T17:23:02.481+0000] {processor.py:208} INFO - Processing /home/airflow/.local/lib/python3.12/site-packages/airflow/example_dags/example_bash_operator.py took 0.059 seconds
[2025-03-29T17:26:09.181+0000] {processor.py:186} INFO - Started process (PID=72) to work on /home/airflow/.local/lib/python3.12/site-packages/airflow/example_dags/example_bash_operator.py
[2025-03-29T17:26:09.183+0000] {processor.py:914} INFO - Processing file /home/airflow/.local/lib/python3.12/site-packages/airflow/example_dags/example_bash_operator.py for tasks to queue
[2025-03-29T17:26:09.186+0000] {logging_mixin.py:190} INFO - [2025-03-29T17:26:09.185+0000] {dagbag.py:588} INFO - Filling up the DagBag from /home/airflow/.local/lib/python3.12/site-packages/airflow/example_dags/example_bash_operator.py
[2025-03-29T17:26:09.205+0000] {processor.py:925} INFO - DAG(s) 'example_bash_operator' retrieved from /home/airflow/.local/lib/python3.12/site-packages/airflow/example_dags/example_bash_operator.py
[2025-03-29T17:26:09.377+0000] {logging_mixin.py:190} INFO - [2025-03-29T17:26:09.376+0000] {override.py:1912} INFO - Created Permission View: can delete on DAG:example_bash_operator
[2025-03-29T17:26:09.406+0000] {logging_mixin.py:190} INFO - [2025-03-29T17:26:09.406+0000] {override.py:1912} INFO - Created Permission View: can read on DAG:example_bash_operator
[2025-03-29T17:26:09.416+0000] {logging_mixin.py:190} INFO - [2025-03-29T17:26:09.416+0000] {override.py:1912} INFO - Created Permission View: can edit on DAG:example_bash_operator
[2025-03-29T17:26:09.447+0000] {logging_mixin.py:190} INFO - [2025-03-29T17:26:09.447+0000] {override.py:1912} INFO - Created Permission View: can delete on DAG Run:example_bash_operator
[2025-03-29T17:26:09.457+0000] {logging_mixin.py:190} INFO - [2025-03-29T17:26:09.457+0000] {override.py:1912} INFO - Created Permission View: can read on DAG Run:example_bash_operator
[2025-03-29T17:26:09.471+0000] {logging_mixin.py:190} INFO - [2025-03-29T17:26:09.471+0000] {override.py:1912} INFO - Created Permission View: can create on DAG Run:example_bash_operator
[2025-03-29T17:26:09.479+0000] {logging_mixin.py:190} INFO - [2025-03-29T17:26:09.478+0000] {override.py:1912} INFO - Created Permission View: menu access on DAG Run:example_bash_operator
[2025-03-29T17:26:09.479+0000] {logging_mixin.py:190} INFO - [2025-03-29T17:26:09.479+0000] {dag.py:3239} INFO - Sync 1 DAGs
[2025-03-29T17:26:09.496+0000] {logging_mixin.py:190} INFO - [2025-03-29T17:26:09.496+0000] {dag.py:3262} INFO - Creating ORM DAG for example_bash_operator
[2025-03-29T17:26:09.510+0000] {logging_mixin.py:190} INFO - [2025-03-29T17:26:09.509+0000] {dag.py:4180} INFO - Setting next_dagrun for example_bash_operator to 2025-03-28 00:00:00+00:00, run_after=2025-03-29 00:00:00+00:00
[2025-03-29T17:26:09.536+0000] {processor.py:208} INFO - Processing /home/airflow/.local/lib/python3.12/site-packages/airflow/example_dags/example_bash_operator.py took 0.362 seconds
[2025-03-29T17:26:39.697+0000] {processor.py:186} INFO - Started process (PID=135) to work on /home/airflow/.local/lib/python3.12/site-packages/airflow/example_dags/example_bash_operator.py
[2025-03-29T17:26:39.698+0000] {processor.py:914} INFO - Processing file /home/airflow/.local/lib/python3.12/site-packages/airflow/example_dags/example_bash_operator.py for tasks to queue
[2025-03-29T17:26:39.699+0000] {logging_mixin.py:190} INFO - [2025-03-29T17:26:39.699+0000] {dagbag.py:588} INFO - Filling up the DagBag from /home/airflow/.local/lib/python3.12/site-packages/airflow/example_dags/example_bash_operator.py
[2025-03-29T17:26:39.706+0000] {processor.py:925} INFO - DAG(s) 'example_bash_operator' retrieved from /home/airflow/.local/lib/python3.12/site-packages/airflow/example_dags/example_bash_operator.py
[2025-03-29T17:26:39.723+0000] {logging_mixin.py:190} INFO - [2025-03-29T17:26:39.722+0000] {dag.py:3239} INFO - Sync 1 DAGs
[2025-03-29T17:26:39.738+0000] {logging_mixin.py:190} INFO - [2025-03-29T17:26:39.737+0000] {dag.py:4180} INFO - Setting next_dagrun for example_bash_operator to 2025-03-28 00:00:00+00:00, run_after=2025-03-29 00:00:00+00:00
[2025-03-29T17:26:39.752+0000] {processor.py:208} INFO - Processing /home/airflow/.local/lib/python3.12/site-packages/airflow/example_dags/example_bash_operator.py took 0.058 seconds
[2025-03-29T17:27:10.564+0000] {processor.py:186} INFO - Started process (PID=198) to work on /home/airflow/.local/lib/python3.12/site-packages/airflow/example_dags/example_bash_operator.py
[2025-03-29T17:27:10.565+0000] {processor.py:914} INFO - Processing file /home/airflow/.local/lib/python3.12/site-packages/airflow/example_dags/example_bash_operator.py for tasks to queue
[2025-03-29T17:27:10.566+0000] {logging_mixin.py:190} INFO - [2025-03-29T17:27:10.566+0000] {dagbag.py:588} INFO - Filling up the DagBag from /home/airflow/.local/lib/python3.12/site-packages/airflow/example_dags/example_bash_operator.py
[2025-03-29T17:27:10.574+0000] {processor.py:925} INFO - DAG(s) 'example_bash_operator' retrieved from /home/airflow/.local/lib/python3.12/site-packages/airflow/example_dags/example_bash_operator.py
[2025-03-29T17:27:10.590+0000] {logging_mixin.py:190} INFO - [2025-03-29T17:27:10.590+0000] {dag.py:3239} INFO - Sync 1 DAGs
[2025-03-29T17:27:10.605+0000] {logging_mixin.py:190} INFO - [2025-03-29T17:27:10.605+0000] {dag.py:4180} INFO - Setting next_dagrun for example_bash_operator to 2025-03-28 00:00:00+00:00, run_after=2025-03-29 00:00:00+00:00
[2025-03-29T17:27:10.621+0000] {processor.py:208} INFO - Processing /home/airflow/.local/lib/python3.12/site-packages/airflow/example_dags/example_bash_operator.py took 0.060 seconds
[2025-03-29T17:27:41.036+0000] {processor.py:186} INFO - Started process (PID=261) to work on /home/airflow/.local/lib/python3.12/site-packages/airflow/example_dags/example_bash_operator.py
[2025-03-29T17:27:41.036+0000] {processor.py:914} INFO - Processing file /home/airflow/.local/lib/python3.12/site-packages/airflow/example_dags/example_bash_operator.py for tasks to queue
[2025-03-29T17:27:41.038+0000] {logging_mixin.py:190} INFO - [2025-03-29T17:27:41.037+0000] {dagbag.py:588} INFO - Filling up the DagBag from /home/airflow/.local/lib/python3.12/site-packages/airflow/example_dags/example_bash_operator.py
[2025-03-29T17:27:41.046+0000] {processor.py:925} INFO - DAG(s) 'example_bash_operator' retrieved from /home/airflow/.local/lib/python3.12/site-packages/airflow/example_dags/example_bash_operator.py
[2025-03-29T17:27:41.064+0000] {logging_mixin.py:190} INFO - [2025-03-29T17:27:41.063+0000] {dag.py:3239} INFO - Sync 1 DAGs
[2025-03-29T17:27:41.085+0000] {logging_mixin.py:190} INFO - [2025-03-29T17:27:41.085+0000] {dag.py:4180} INFO - Setting next_dagrun for example_bash_operator to 2025-03-28 00:00:00+00:00, run_after=2025-03-29 00:00:00+00:00
[2025-03-29T17:27:41.098+0000] {processor.py:208} INFO - Processing /home/airflow/.local/lib/python3.12/site-packages/airflow/example_dags/example_bash_operator.py took 0.066 seconds
[2025-03-29T17:28:11.229+0000] {processor.py:186} INFO - Started process (PID=324) to work on /home/airflow/.local/lib/python3.12/site-packages/airflow/example_dags/example_bash_operator.py
[2025-03-29T17:28:11.229+0000] {processor.py:914} INFO - Processing file /home/airflow/.local/lib/python3.12/site-packages/airflow/example_dags/example_bash_operator.py for tasks to queue
[2025-03-29T17:28:11.231+0000] {logging_mixin.py:190} INFO - [2025-03-29T17:28:11.230+0000] {dagbag.py:588} INFO - Filling up the DagBag from /home/airflow/.local/lib/python3.12/site-packages/airflow/example_dags/example_bash_operator.py
[2025-03-29T17:28:11.239+0000] {processor.py:925} INFO - DAG(s) 'example_bash_operator' retrieved from /home/airflow/.local/lib/python3.12/site-packages/airflow/example_dags/example_bash_operator.py
[2025-03-29T17:28:11.256+0000] {logging_mixin.py:190} INFO - [2025-03-29T17:28:11.256+0000] {dag.py:3239} INFO - Sync 1 DAGs
[2025-03-29T17:28:11.271+0000] {logging_mixin.py:190} INFO - [2025-03-29T17:28:11.271+0000] {dag.py:4180} INFO - Setting next_dagrun for example_bash_operator to 2025-03-28 00:00:00+00:00, run_after=2025-03-29 00:00:00+00:00
[2025-03-29T17:28:11.282+0000] {processor.py:208} INFO - Processing /home/airflow/.local/lib/python3.12/site-packages/airflow/example_dags/example_bash_operator.py took 0.057 seconds
[2025-03-29T17:28:41.752+0000] {processor.py:186} INFO - Started process (PID=387) to work on /home/airflow/.local/lib/python3.12/site-packages/airflow/example_dags/example_bash_operator.py
[2025-03-29T17:28:41.753+0000] {processor.py:914} INFO - Processing file /home/airflow/.local/lib/python3.12/site-packages/airflow/example_dags/example_bash_operator.py for tasks to queue
[2025-03-29T17:28:41.754+0000] {logging_mixin.py:190} INFO - [2025-03-29T17:28:41.754+0000] {dagbag.py:588} INFO - Filling up the DagBag from /home/airflow/.local/lib/python3.12/site-packages/airflow/example_dags/example_bash_operator.py
[2025-03-29T17:28:41.762+0000] {processor.py:925} INFO - DAG(s) 'example_bash_operator' retrieved from /home/airflow/.local/lib/python3.12/site-packages/airflow/example_dags/example_bash_operator.py
[2025-03-29T17:28:41.779+0000] {logging_mixin.py:190} INFO - [2025-03-29T17:28:41.779+0000] {dag.py:3239} INFO - Sync 1 DAGs
[2025-03-29T17:28:41.795+0000] {logging_mixin.py:190} INFO - [2025-03-29T17:28:41.795+0000] {dag.py:4180} INFO - Setting next_dagrun for example_bash_operator to 2025-03-28 00:00:00+00:00, run_after=2025-03-29 00:00:00+00:00
[2025-03-29T17:28:41.805+0000] {processor.py:208} INFO - Processing /home/airflow/.local/lib/python3.12/site-packages/airflow/example_dags/example_bash_operator.py took 0.057 seconds
[2025-03-29T17:29:12.089+0000] {processor.py:186} INFO - Started process (PID=450) to work on /home/airflow/.local/lib/python3.12/site-packages/airflow/example_dags/example_bash_operator.py
[2025-03-29T17:29:12.090+0000] {processor.py:914} INFO - Processing file /home/airflow/.local/lib/python3.12/site-packages/airflow/example_dags/example_bash_operator.py for tasks to queue
[2025-03-29T17:29:12.092+0000] {logging_mixin.py:190} INFO - [2025-03-29T17:29:12.091+0000] {dagbag.py:588} INFO - Filling up the DagBag from /home/airflow/.local/lib/python3.12/site-packages/airflow/example_dags/example_bash_operator.py
[2025-03-29T17:29:12.103+0000] {processor.py:925} INFO - DAG(s) 'example_bash_operator' retrieved from /home/airflow/.local/lib/python3.12/site-packages/airflow/example_dags/example_bash_operator.py
[2025-03-29T17:29:12.124+0000] {logging_mixin.py:190} INFO - [2025-03-29T17:29:12.124+0000] {dag.py:3239} INFO - Sync 1 DAGs
[2025-03-29T17:29:12.142+0000] {logging_mixin.py:190} INFO - [2025-03-29T17:29:12.142+0000] {dag.py:4180} INFO - Setting next_dagrun for example_bash_operator to 2025-03-28 00:00:00+00:00, run_after=2025-03-29 00:00:00+00:00
[2025-03-29T17:29:12.154+0000] {processor.py:208} INFO - Processing /home/airflow/.local/lib/python3.12/site-packages/airflow/example_dags/example_bash_operator.py took 0.069 seconds
[2025-03-29T17:29:43.583+0000] {processor.py:186} INFO - Started process (PID=513) to work on /home/airflow/.local/lib/python3.12/site-packages/airflow/example_dags/example_bash_operator.py
[2025-03-29T17:29:43.584+0000] {processor.py:914} INFO - Processing file /home/airflow/.local/lib/python3.12/site-packages/airflow/example_dags/example_bash_operator.py for tasks to queue
[2025-03-29T17:29:43.585+0000] {logging_mixin.py:190} INFO - [2025-03-29T17:29:43.585+0000] {dagbag.py:588} INFO - Filling up the DagBag from /home/airflow/.local/lib/python3.12/site-packages/airflow/example_dags/example_bash_operator.py
[2025-03-29T17:29:43.595+0000] {processor.py:925} INFO - DAG(s) 'example_bash_operator' retrieved from /home/airflow/.local/lib/python3.12/site-packages/airflow/example_dags/example_bash_operator.py
[2025-03-29T17:29:43.616+0000] {logging_mixin.py:190} INFO - [2025-03-29T17:29:43.615+0000] {dag.py:3239} INFO - Sync 1 DAGs
[2025-03-29T17:29:43.634+0000] {logging_mixin.py:190} INFO - [2025-03-29T17:29:43.634+0000] {dag.py:4180} INFO - Setting next_dagrun for example_bash_operator to 2025-03-28 00:00:00+00:00, run_after=2025-03-29 00:00:00+00:00
[2025-03-29T17:29:43.647+0000] {processor.py:208} INFO - Processing /home/airflow/.local/lib/python3.12/site-packages/airflow/example_dags/example_bash_operator.py took 0.068 seconds
[2025-03-29T17:30:15.174+0000] {processor.py:186} INFO - Started process (PID=576) to work on /home/airflow/.local/lib/python3.12/site-packages/airflow/example_dags/example_bash_operator.py
[2025-03-29T17:30:15.174+0000] {processor.py:914} INFO - Processing file /home/airflow/.local/lib/python3.12/site-packages/airflow/example_dags/example_bash_operator.py for tasks to queue
[2025-03-29T17:30:15.175+0000] {logging_mixin.py:190} INFO - [2025-03-29T17:30:15.175+0000] {dagbag.py:588} INFO - Filling up the DagBag from /home/airflow/.local/lib/python3.12/site-packages/airflow/example_dags/example_bash_operator.py
[2025-03-29T17:30:15.192+0000] {processor.py:925} INFO - DAG(s) 'example_bash_operator' retrieved from /home/airflow/.local/lib/python3.12/site-packages/airflow/example_dags/example_bash_operator.py
[2025-03-29T17:30:15.209+0000] {logging_mixin.py:190} INFO - [2025-03-29T17:30:15.209+0000] {dag.py:3239} INFO - Sync 1 DAGs
[2025-03-29T17:30:15.225+0000] {logging_mixin.py:190} INFO - [2025-03-29T17:30:15.225+0000] {dag.py:4180} INFO - Setting next_dagrun for example_bash_operator to 2025-03-28 00:00:00+00:00, run_after=2025-03-29 00:00:00+00:00
[2025-03-29T17:30:15.237+0000] {processor.py:208} INFO - Processing /home/airflow/.local/lib/python3.12/site-packages/airflow/example_dags/example_bash_operator.py took 0.068 seconds
[2025-03-29T17:30:45.698+0000] {processor.py:186} INFO - Started process (PID=639) to work on /home/airflow/.local/lib/python3.12/site-packages/airflow/example_dags/example_bash_operator.py
[2025-03-29T17:30:45.699+0000] {processor.py:914} INFO - Processing file /home/airflow/.local/lib/python3.12/site-packages/airflow/example_dags/example_bash_operator.py for tasks to queue
[2025-03-29T17:30:45.701+0000] {logging_mixin.py:190} INFO - [2025-03-29T17:30:45.700+0000] {dagbag.py:588} INFO - Filling up the DagBag from /home/airflow/.local/lib/python3.12/site-packages/airflow/example_dags/example_bash_operator.py
[2025-03-29T17:30:45.709+0000] {processor.py:925} INFO - DAG(s) 'example_bash_operator' retrieved from /home/airflow/.local/lib/python3.12/site-packages/airflow/example_dags/example_bash_operator.py
[2025-03-29T17:30:45.727+0000] {logging_mixin.py:190} INFO - [2025-03-29T17:30:45.727+0000] {dag.py:3239} INFO - Sync 1 DAGs
[2025-03-29T17:30:45.744+0000] {logging_mixin.py:190} INFO - [2025-03-29T17:30:45.744+0000] {dag.py:4180} INFO - Setting next_dagrun for example_bash_operator to 2025-03-28 00:00:00+00:00, run_after=2025-03-29 00:00:00+00:00
[2025-03-29T17:30:45.755+0000] {processor.py:208} INFO - Processing /home/airflow/.local/lib/python3.12/site-packages/airflow/example_dags/example_bash_operator.py took 0.061 seconds
[2025-03-29T17:31:16.923+0000] {processor.py:186} INFO - Started process (PID=708) to work on /home/airflow/.local/lib/python3.12/site-packages/airflow/example_dags/example_bash_operator.py
[2025-03-29T17:31:16.923+0000] {processor.py:914} INFO - Processing file /home/airflow/.local/lib/python3.12/site-packages/airflow/example_dags/example_bash_operator.py for tasks to queue
[2025-03-29T17:31:16.924+0000] {logging_mixin.py:190} INFO - [2025-03-29T17:31:16.924+0000] {dagbag.py:588} INFO - Filling up the DagBag from /home/airflow/.local/lib/python3.12/site-packages/airflow/example_dags/example_bash_operator.py
[2025-03-29T17:31:16.933+0000] {processor.py:925} INFO - DAG(s) 'example_bash_operator' retrieved from /home/airflow/.local/lib/python3.12/site-packages/airflow/example_dags/example_bash_operator.py
[2025-03-29T17:31:16.950+0000] {logging_mixin.py:190} INFO - [2025-03-29T17:31:16.950+0000] {dag.py:3239} INFO - Sync 1 DAGs
[2025-03-29T17:31:16.966+0000] {logging_mixin.py:190} INFO - [2025-03-29T17:31:16.966+0000] {dag.py:4180} INFO - Setting next_dagrun for example_bash_operator to 2025-03-28 00:00:00+00:00, run_after=2025-03-29 00:00:00+00:00
[2025-03-29T17:31:16.978+0000] {processor.py:208} INFO - Processing /home/airflow/.local/lib/python3.12/site-packages/airflow/example_dags/example_bash_operator.py took 0.059 seconds
[2025-03-29T17:31:48.320+0000] {processor.py:186} INFO - Started process (PID=771) to work on /home/airflow/.local/lib/python3.12/site-packages/airflow/example_dags/example_bash_operator.py
[2025-03-29T17:31:48.321+0000] {processor.py:914} INFO - Processing file /home/airflow/.local/lib/python3.12/site-packages/airflow/example_dags/example_bash_operator.py for tasks to queue
[2025-03-29T17:31:48.322+0000] {logging_mixin.py:190} INFO - [2025-03-29T17:31:48.322+0000] {dagbag.py:588} INFO - Filling up the DagBag from /home/airflow/.local/lib/python3.12/site-packages/airflow/example_dags/example_bash_operator.py
[2025-03-29T17:31:48.331+0000] {processor.py:925} INFO - DAG(s) 'example_bash_operator' retrieved from /home/airflow/.local/lib/python3.12/site-packages/airflow/example_dags/example_bash_operator.py
[2025-03-29T17:31:48.349+0000] {logging_mixin.py:190} INFO - [2025-03-29T17:31:48.349+0000] {dag.py:3239} INFO - Sync 1 DAGs
[2025-03-29T17:31:48.366+0000] {logging_mixin.py:190} INFO - [2025-03-29T17:31:48.366+0000] {dag.py:4180} INFO - Setting next_dagrun for example_bash_operator to 2025-03-28 00:00:00+00:00, run_after=2025-03-29 00:00:00+00:00
[2025-03-29T17:31:48.377+0000] {processor.py:208} INFO - Processing /home/airflow/.local/lib/python3.12/site-packages/airflow/example_dags/example_bash_operator.py took 0.060 seconds
[2025-03-29T17:32:18.711+0000] {processor.py:186} INFO - Started process (PID=834) to work on /home/airflow/.local/lib/python3.12/site-packages/airflow/example_dags/example_bash_operator.py
[2025-03-29T17:32:18.712+0000] {processor.py:914} INFO - Processing file /home/airflow/.local/lib/python3.12/site-packages/airflow/example_dags/example_bash_operator.py for tasks to queue
[2025-03-29T17:32:18.713+0000] {logging_mixin.py:190} INFO - [2025-03-29T17:32:18.713+0000] {dagbag.py:588} INFO - Filling up the DagBag from /home/airflow/.local/lib/python3.12/site-packages/airflow/example_dags/example_bash_operator.py
[2025-03-29T17:32:18.721+0000] {processor.py:925} INFO - DAG(s) 'example_bash_operator' retrieved from /home/airflow/.local/lib/python3.12/site-packages/airflow/example_dags/example_bash_operator.py
[2025-03-29T17:32:18.739+0000] {logging_mixin.py:190} INFO - [2025-03-29T17:32:18.739+0000] {dag.py:3239} INFO - Sync 1 DAGs
[2025-03-29T17:32:18.755+0000] {logging_mixin.py:190} INFO - [2025-03-29T17:32:18.754+0000] {dag.py:4180} INFO - Setting next_dagrun for example_bash_operator to 2025-03-28 00:00:00+00:00, run_after=2025-03-29 00:00:00+00:00
[2025-03-29T17:32:18.766+0000] {processor.py:208} INFO - Processing /home/airflow/.local/lib/python3.12/site-packages/airflow/example_dags/example_bash_operator.py took 0.058 seconds
[2025-03-29T17:32:50.191+0000] {processor.py:186} INFO - Started process (PID=897) to work on /home/airflow/.local/lib/python3.12/site-packages/airflow/example_dags/example_bash_operator.py
[2025-03-29T17:32:50.191+0000] {processor.py:914} INFO - Processing file /home/airflow/.local/lib/python3.12/site-packages/airflow/example_dags/example_bash_operator.py for tasks to queue
[2025-03-29T17:32:50.193+0000] {logging_mixin.py:190} INFO - [2025-03-29T17:32:50.192+0000] {dagbag.py:588} INFO - Filling up the DagBag from /home/airflow/.local/lib/python3.12/site-packages/airflow/example_dags/example_bash_operator.py
[2025-03-29T17:32:50.202+0000] {processor.py:925} INFO - DAG(s) 'example_bash_operator' retrieved from /home/airflow/.local/lib/python3.12/site-packages/airflow/example_dags/example_bash_operator.py
[2025-03-29T17:32:50.221+0000] {logging_mixin.py:190} INFO - [2025-03-29T17:32:50.221+0000] {dag.py:3239} INFO - Sync 1 DAGs
[2025-03-29T17:32:50.238+0000] {logging_mixin.py:190} INFO - [2025-03-29T17:32:50.238+0000] {dag.py:4180} INFO - Setting next_dagrun for example_bash_operator to 2025-03-28 00:00:00+00:00, run_after=2025-03-29 00:00:00+00:00
[2025-03-29T17:32:50.249+0000] {processor.py:208} INFO - Processing /home/airflow/.local/lib/python3.12/site-packages/airflow/example_dags/example_bash_operator.py took 0.062 seconds
[2025-03-29T17:33:20.700+0000] {processor.py:186} INFO - Started process (PID=960) to work on /home/airflow/.local/lib/python3.12/site-packages/airflow/example_dags/example_bash_operator.py
[2025-03-29T17:33:20.701+0000] {processor.py:914} INFO - Processing file /home/airflow/.local/lib/python3.12/site-packages/airflow/example_dags/example_bash_operator.py for tasks to queue
[2025-03-29T17:33:20.702+0000] {logging_mixin.py:190} INFO - [2025-03-29T17:33:20.702+0000] {dagbag.py:588} INFO - Filling up the DagBag from /home/airflow/.local/lib/python3.12/site-packages/airflow/example_dags/example_bash_operator.py
[2025-03-29T17:33:20.710+0000] {processor.py:925} INFO - DAG(s) 'example_bash_operator' retrieved from /home/airflow/.local/lib/python3.12/site-packages/airflow/example_dags/example_bash_operator.py
[2025-03-29T17:33:20.727+0000] {logging_mixin.py:190} INFO - [2025-03-29T17:33:20.727+0000] {dag.py:3239} INFO - Sync 1 DAGs
[2025-03-29T17:33:20.745+0000] {logging_mixin.py:190} INFO - [2025-03-29T17:33:20.745+0000] {dag.py:4180} INFO - Setting next_dagrun for example_bash_operator to 2025-03-28 00:00:00+00:00, run_after=2025-03-29 00:00:00+00:00
[2025-03-29T17:33:20.757+0000] {processor.py:208} INFO - Processing /home/airflow/.local/lib/python3.12/site-packages/airflow/example_dags/example_bash_operator.py took 0.060 seconds
[2025-03-29T17:33:52.326+0000] {processor.py:186} INFO - Started process (PID=1023) to work on /home/airflow/.local/lib/python3.12/site-packages/airflow/example_dags/example_bash_operator.py
[2025-03-29T17:33:52.326+0000] {processor.py:914} INFO - Processing file /home/airflow/.local/lib/python3.12/site-packages/airflow/example_dags/example_bash_operator.py for tasks to queue
[2025-03-29T17:33:52.328+0000] {logging_mixin.py:190} INFO - [2025-03-29T17:33:52.328+0000] {dagbag.py:588} INFO - Filling up the DagBag from /home/airflow/.local/lib/python3.12/site-packages/airflow/example_dags/example_bash_operator.py
[2025-03-29T17:33:52.336+0000] {processor.py:925} INFO - DAG(s) 'example_bash_operator' retrieved from /home/airflow/.local/lib/python3.12/site-packages/airflow/example_dags/example_bash_operator.py
[2025-03-29T17:33:52.352+0000] {logging_mixin.py:190} INFO - [2025-03-29T17:33:52.352+0000] {dag.py:3239} INFO - Sync 1 DAGs
[2025-03-29T17:33:52.367+0000] {logging_mixin.py:190} INFO - [2025-03-29T17:33:52.367+0000] {dag.py:4180} INFO - Setting next_dagrun for example_bash_operator to 2025-03-28 00:00:00+00:00, run_after=2025-03-29 00:00:00+00:00
[2025-03-29T17:33:52.381+0000] {processor.py:208} INFO - Processing /home/airflow/.local/lib/python3.12/site-packages/airflow/example_dags/example_bash_operator.py took 0.058 seconds
[2025-03-29T17:34:22.783+0000] {processor.py:186} INFO - Started process (PID=1086) to work on /home/airflow/.local/lib/python3.12/site-packages/airflow/example_dags/example_bash_operator.py
[2025-03-29T17:34:22.784+0000] {processor.py:914} INFO - Processing file /home/airflow/.local/lib/python3.12/site-packages/airflow/example_dags/example_bash_operator.py for tasks to queue
[2025-03-29T17:34:22.785+0000] {logging_mixin.py:190} INFO - [2025-03-29T17:34:22.785+0000] {dagbag.py:588} INFO - Filling up the DagBag from /home/airflow/.local/lib/python3.12/site-packages/airflow/example_dags/example_bash_operator.py
[2025-03-29T17:34:22.795+0000] {processor.py:925} INFO - DAG(s) 'example_bash_operator' retrieved from /home/airflow/.local/lib/python3.12/site-packages/airflow/example_dags/example_bash_operator.py
[2025-03-29T17:34:22.814+0000] {logging_mixin.py:190} INFO - [2025-03-29T17:34:22.814+0000] {dag.py:3239} INFO - Sync 1 DAGs
[2025-03-29T17:34:22.832+0000] {logging_mixin.py:190} INFO - [2025-03-29T17:34:22.832+0000] {dag.py:4180} INFO - Setting next_dagrun for example_bash_operator to 2025-03-28 00:00:00+00:00, run_after=2025-03-29 00:00:00+00:00
[2025-03-29T17:34:22.844+0000] {processor.py:208} INFO - Processing /home/airflow/.local/lib/python3.12/site-packages/airflow/example_dags/example_bash_operator.py took 0.065 seconds
[2025-03-29T17:34:54.324+0000] {processor.py:186} INFO - Started process (PID=1149) to work on /home/airflow/.local/lib/python3.12/site-packages/airflow/example_dags/example_bash_operator.py
[2025-03-29T17:34:54.325+0000] {processor.py:914} INFO - Processing file /home/airflow/.local/lib/python3.12/site-packages/airflow/example_dags/example_bash_operator.py for tasks to queue
[2025-03-29T17:34:54.326+0000] {logging_mixin.py:190} INFO - [2025-03-29T17:34:54.326+0000] {dagbag.py:588} INFO - Filling up the DagBag from /home/airflow/.local/lib/python3.12/site-packages/airflow/example_dags/example_bash_operator.py
[2025-03-29T17:34:54.338+0000] {processor.py:925} INFO - DAG(s) 'example_bash_operator' retrieved from /home/airflow/.local/lib/python3.12/site-packages/airflow/example_dags/example_bash_operator.py
[2025-03-29T17:34:54.371+0000] {logging_mixin.py:190} INFO - [2025-03-29T17:34:54.371+0000] {dag.py:3239} INFO - Sync 1 DAGs
[2025-03-29T17:34:54.392+0000] {logging_mixin.py:190} INFO - [2025-03-29T17:34:54.392+0000] {dag.py:4180} INFO - Setting next_dagrun for example_bash_operator to 2025-03-28 00:00:00+00:00, run_after=2025-03-29 00:00:00+00:00
[2025-03-29T17:34:54.406+0000] {processor.py:208} INFO - Processing /home/airflow/.local/lib/python3.12/site-packages/airflow/example_dags/example_bash_operator.py took 0.086 seconds
[2025-03-29T17:35:25.776+0000] {processor.py:186} INFO - Started process (PID=1212) to work on /home/airflow/.local/lib/python3.12/site-packages/airflow/example_dags/example_bash_operator.py
[2025-03-29T17:35:25.777+0000] {processor.py:914} INFO - Processing file /home/airflow/.local/lib/python3.12/site-packages/airflow/example_dags/example_bash_operator.py for tasks to queue
[2025-03-29T17:35:25.778+0000] {logging_mixin.py:190} INFO - [2025-03-29T17:35:25.778+0000] {dagbag.py:588} INFO - Filling up the DagBag from /home/airflow/.local/lib/python3.12/site-packages/airflow/example_dags/example_bash_operator.py
[2025-03-29T17:35:25.787+0000] {processor.py:925} INFO - DAG(s) 'example_bash_operator' retrieved from /home/airflow/.local/lib/python3.12/site-packages/airflow/example_dags/example_bash_operator.py
[2025-03-29T17:35:25.806+0000] {logging_mixin.py:190} INFO - [2025-03-29T17:35:25.806+0000] {dag.py:3239} INFO - Sync 1 DAGs
[2025-03-29T17:35:25.823+0000] {logging_mixin.py:190} INFO - [2025-03-29T17:35:25.823+0000] {dag.py:4180} INFO - Setting next_dagrun for example_bash_operator to 2025-03-28 00:00:00+00:00, run_after=2025-03-29 00:00:00+00:00
[2025-03-29T17:35:25.835+0000] {processor.py:208} INFO - Processing /home/airflow/.local/lib/python3.12/site-packages/airflow/example_dags/example_bash_operator.py took 0.062 seconds
[2025-03-29T17:35:56.729+0000] {processor.py:186} INFO - Started process (PID=1275) to work on /home/airflow/.local/lib/python3.12/site-packages/airflow/example_dags/example_bash_operator.py
[2025-03-29T17:35:56.730+0000] {processor.py:914} INFO - Processing file /home/airflow/.local/lib/python3.12/site-packages/airflow/example_dags/example_bash_operator.py for tasks to queue
[2025-03-29T17:35:56.731+0000] {logging_mixin.py:190} INFO - [2025-03-29T17:35:56.731+0000] {dagbag.py:588} INFO - Filling up the DagBag from /home/airflow/.local/lib/python3.12/site-packages/airflow/example_dags/example_bash_operator.py
[2025-03-29T17:35:56.740+0000] {processor.py:925} INFO - DAG(s) 'example_bash_operator' retrieved from /home/airflow/.local/lib/python3.12/site-packages/airflow/example_dags/example_bash_operator.py
[2025-03-29T17:35:56.760+0000] {logging_mixin.py:190} INFO - [2025-03-29T17:35:56.759+0000] {dag.py:3239} INFO - Sync 1 DAGs
[2025-03-29T17:35:56.776+0000] {logging_mixin.py:190} INFO - [2025-03-29T17:35:56.776+0000] {dag.py:4180} INFO - Setting next_dagrun for example_bash_operator to 2025-03-28 00:00:00+00:00, run_after=2025-03-29 00:00:00+00:00
[2025-03-29T17:35:56.789+0000] {processor.py:208} INFO - Processing /home/airflow/.local/lib/python3.12/site-packages/airflow/example_dags/example_bash_operator.py took 0.064 seconds
[2025-03-29T17:36:28.081+0000] {processor.py:186} INFO - Started process (PID=1338) to work on /home/airflow/.local/lib/python3.12/site-packages/airflow/example_dags/example_bash_operator.py
[2025-03-29T17:36:28.082+0000] {processor.py:914} INFO - Processing file /home/airflow/.local/lib/python3.12/site-packages/airflow/example_dags/example_bash_operator.py for tasks to queue
[2025-03-29T17:36:28.085+0000] {logging_mixin.py:190} INFO - [2025-03-29T17:36:28.084+0000] {dagbag.py:588} INFO - Filling up the DagBag from /home/airflow/.local/lib/python3.12/site-packages/airflow/example_dags/example_bash_operator.py
[2025-03-29T17:36:28.096+0000] {processor.py:925} INFO - DAG(s) 'example_bash_operator' retrieved from /home/airflow/.local/lib/python3.12/site-packages/airflow/example_dags/example_bash_operator.py
[2025-03-29T17:36:28.121+0000] {logging_mixin.py:190} INFO - [2025-03-29T17:36:28.120+0000] {dag.py:3239} INFO - Sync 1 DAGs
[2025-03-29T17:36:28.142+0000] {logging_mixin.py:190} INFO - [2025-03-29T17:36:28.142+0000] {dag.py:4180} INFO - Setting next_dagrun for example_bash_operator to 2025-03-28 00:00:00+00:00, run_after=2025-03-29 00:00:00+00:00
[2025-03-29T17:36:28.157+0000] {processor.py:208} INFO - Processing /home/airflow/.local/lib/python3.12/site-packages/airflow/example_dags/example_bash_operator.py took 0.080 seconds
[2025-03-29T17:36:59.315+0000] {processor.py:186} INFO - Started process (PID=1401) to work on /home/airflow/.local/lib/python3.12/site-packages/airflow/example_dags/example_bash_operator.py
[2025-03-29T17:36:59.316+0000] {processor.py:914} INFO - Processing file /home/airflow/.local/lib/python3.12/site-packages/airflow/example_dags/example_bash_operator.py for tasks to queue
[2025-03-29T17:36:59.317+0000] {logging_mixin.py:190} INFO - [2025-03-29T17:36:59.317+0000] {dagbag.py:588} INFO - Filling up the DagBag from /home/airflow/.local/lib/python3.12/site-packages/airflow/example_dags/example_bash_operator.py
[2025-03-29T17:36:59.326+0000] {processor.py:925} INFO - DAG(s) 'example_bash_operator' retrieved from /home/airflow/.local/lib/python3.12/site-packages/airflow/example_dags/example_bash_operator.py
[2025-03-29T17:36:59.344+0000] {logging_mixin.py:190} INFO - [2025-03-29T17:36:59.343+0000] {dag.py:3239} INFO - Sync 1 DAGs
[2025-03-29T17:36:59.360+0000] {logging_mixin.py:190} INFO - [2025-03-29T17:36:59.360+0000] {dag.py:4180} INFO - Setting next_dagrun for example_bash_operator to 2025-03-28 00:00:00+00:00, run_after=2025-03-29 00:00:00+00:00
[2025-03-29T17:36:59.371+0000] {processor.py:208} INFO - Processing /home/airflow/.local/lib/python3.12/site-packages/airflow/example_dags/example_bash_operator.py took 0.060 seconds
[2025-03-29T17:37:30.399+0000] {processor.py:186} INFO - Started process (PID=1464) to work on /home/airflow/.local/lib/python3.12/site-packages/airflow/example_dags/example_bash_operator.py
[2025-03-29T17:37:30.400+0000] {processor.py:914} INFO - Processing file /home/airflow/.local/lib/python3.12/site-packages/airflow/example_dags/example_bash_operator.py for tasks to queue
[2025-03-29T17:37:30.401+0000] {logging_mixin.py:190} INFO - [2025-03-29T17:37:30.401+0000] {dagbag.py:588} INFO - Filling up the DagBag from /home/airflow/.local/lib/python3.12/site-packages/airflow/example_dags/example_bash_operator.py
[2025-03-29T17:37:30.409+0000] {processor.py:925} INFO - DAG(s) 'example_bash_operator' retrieved from /home/airflow/.local/lib/python3.12/site-packages/airflow/example_dags/example_bash_operator.py
[2025-03-29T17:37:30.426+0000] {logging_mixin.py:190} INFO - [2025-03-29T17:37:30.426+0000] {dag.py:3239} INFO - Sync 1 DAGs
[2025-03-29T17:37:30.442+0000] {logging_mixin.py:190} INFO - [2025-03-29T17:37:30.442+0000] {dag.py:4180} INFO - Setting next_dagrun for example_bash_operator to 2025-03-28 00:00:00+00:00, run_after=2025-03-29 00:00:00+00:00
[2025-03-29T17:37:30.455+0000] {processor.py:208} INFO - Processing /home/airflow/.local/lib/python3.12/site-packages/airflow/example_dags/example_bash_operator.py took 0.059 seconds
[2025-03-29T17:38:01.292+0000] {processor.py:186} INFO - Started process (PID=1527) to work on /home/airflow/.local/lib/python3.12/site-packages/airflow/example_dags/example_bash_operator.py
[2025-03-29T17:38:01.293+0000] {processor.py:914} INFO - Processing file /home/airflow/.local/lib/python3.12/site-packages/airflow/example_dags/example_bash_operator.py for tasks to queue
[2025-03-29T17:38:01.294+0000] {logging_mixin.py:190} INFO - [2025-03-29T17:38:01.294+0000] {dagbag.py:588} INFO - Filling up the DagBag from /home/airflow/.local/lib/python3.12/site-packages/airflow/example_dags/example_bash_operator.py
[2025-03-29T17:38:01.303+0000] {processor.py:925} INFO - DAG(s) 'example_bash_operator' retrieved from /home/airflow/.local/lib/python3.12/site-packages/airflow/example_dags/example_bash_operator.py
[2025-03-29T17:38:01.325+0000] {logging_mixin.py:190} INFO - [2025-03-29T17:38:01.325+0000] {dag.py:3239} INFO - Sync 1 DAGs
[2025-03-29T17:38:01.342+0000] {logging_mixin.py:190} INFO - [2025-03-29T17:38:01.342+0000] {dag.py:4180} INFO - Setting next_dagrun for example_bash_operator to 2025-03-28 00:00:00+00:00, run_after=2025-03-29 00:00:00+00:00
[2025-03-29T17:38:01.354+0000] {processor.py:208} INFO - Processing /home/airflow/.local/lib/python3.12/site-packages/airflow/example_dags/example_bash_operator.py took 0.066 seconds
[2025-03-29T17:38:32.366+0000] {processor.py:186} INFO - Started process (PID=1590) to work on /home/airflow/.local/lib/python3.12/site-packages/airflow/example_dags/example_bash_operator.py
[2025-03-29T17:38:32.367+0000] {processor.py:914} INFO - Processing file /home/airflow/.local/lib/python3.12/site-packages/airflow/example_dags/example_bash_operator.py for tasks to queue
[2025-03-29T17:38:32.369+0000] {logging_mixin.py:190} INFO - [2025-03-29T17:38:32.368+0000] {dagbag.py:588} INFO - Filling up the DagBag from /home/airflow/.local/lib/python3.12/site-packages/airflow/example_dags/example_bash_operator.py
[2025-03-29T17:38:32.378+0000] {processor.py:925} INFO - DAG(s) 'example_bash_operator' retrieved from /home/airflow/.local/lib/python3.12/site-packages/airflow/example_dags/example_bash_operator.py
[2025-03-29T17:38:32.395+0000] {logging_mixin.py:190} INFO - [2025-03-29T17:38:32.394+0000] {dag.py:3239} INFO - Sync 1 DAGs
[2025-03-29T17:38:32.411+0000] {logging_mixin.py:190} INFO - [2025-03-29T17:38:32.411+0000] {dag.py:4180} INFO - Setting next_dagrun for example_bash_operator to 2025-03-28 00:00:00+00:00, run_after=2025-03-29 00:00:00+00:00
[2025-03-29T17:38:32.423+0000] {processor.py:208} INFO - Processing /home/airflow/.local/lib/python3.12/site-packages/airflow/example_dags/example_bash_operator.py took 0.062 seconds
