[2025-03-29T17:15:48.837+0000] {processor.py:186} INFO - Started process (PID=79) to work on /home/airflow/.local/lib/python3.12/site-packages/airflow/example_dags/example_dataset_alias.py
[2025-03-29T17:15:48.838+0000] {processor.py:914} INFO - Processing file /home/airflow/.local/lib/python3.12/site-packages/airflow/example_dags/example_dataset_alias.py for tasks to queue
[2025-03-29T17:15:48.839+0000] {logging_mixin.py:190} INFO - [2025-03-29T17:15:48.839+0000] {dagbag.py:588} INFO - Filling up the DagBag from /home/airflow/.local/lib/python3.12/site-packages/airflow/example_dags/example_dataset_alias.py
[2025-03-29T17:15:49.268+0000] {processor.py:925} INFO - DAG(s) 'dataset_alias_example_alias_consumer', 'dataset_s3_bucket_producer', 'dataset_s3_bucket_consumer', 'dataset_alias_example_alias_producer' retrieved from /home/airflow/.local/lib/python3.12/site-packages/airflow/example_dags/example_dataset_alias.py
[2025-03-29T17:15:49.340+0000] {logging_mixin.py:190} INFO - [2025-03-29T17:15:49.340+0000] {override.py:1912} INFO - Created Permission View: can delete on DAG:dataset_alias_example_alias_consumer
[2025-03-29T17:15:49.347+0000] {logging_mixin.py:190} INFO - [2025-03-29T17:15:49.347+0000] {override.py:1912} INFO - Created Permission View: can edit on DAG:dataset_alias_example_alias_consumer
[2025-03-29T17:15:49.352+0000] {logging_mixin.py:190} INFO - [2025-03-29T17:15:49.352+0000] {override.py:1912} INFO - Created Permission View: can read on DAG:dataset_alias_example_alias_consumer
[2025-03-29T17:15:49.358+0000] {logging_mixin.py:190} INFO - [2025-03-29T17:15:49.358+0000] {override.py:1912} INFO - Created Permission View: can delete on DAG Run:dataset_alias_example_alias_consumer
[2025-03-29T17:15:49.363+0000] {logging_mixin.py:190} INFO - [2025-03-29T17:15:49.363+0000] {override.py:1912} INFO - Created Permission View: menu access on DAG Run:dataset_alias_example_alias_consumer
[2025-03-29T17:15:49.368+0000] {logging_mixin.py:190} INFO - [2025-03-29T17:15:49.368+0000] {override.py:1912} INFO - Created Permission View: can read on DAG Run:dataset_alias_example_alias_consumer
[2025-03-29T17:15:49.372+0000] {logging_mixin.py:190} INFO - [2025-03-29T17:15:49.372+0000] {override.py:1912} INFO - Created Permission View: can create on DAG Run:dataset_alias_example_alias_consumer
[2025-03-29T17:15:49.382+0000] {logging_mixin.py:190} INFO - [2025-03-29T17:15:49.381+0000] {override.py:1912} INFO - Created Permission View: can delete on DAG:dataset_s3_bucket_producer
[2025-03-29T17:15:49.386+0000] {logging_mixin.py:190} INFO - [2025-03-29T17:15:49.386+0000] {override.py:1912} INFO - Created Permission View: can edit on DAG:dataset_s3_bucket_producer
[2025-03-29T17:15:49.391+0000] {logging_mixin.py:190} INFO - [2025-03-29T17:15:49.391+0000] {override.py:1912} INFO - Created Permission View: can read on DAG:dataset_s3_bucket_producer
[2025-03-29T17:15:49.396+0000] {logging_mixin.py:190} INFO - [2025-03-29T17:15:49.396+0000] {override.py:1912} INFO - Created Permission View: can delete on DAG Run:dataset_s3_bucket_producer
[2025-03-29T17:15:49.401+0000] {logging_mixin.py:190} INFO - [2025-03-29T17:15:49.400+0000] {override.py:1912} INFO - Created Permission View: menu access on DAG Run:dataset_s3_bucket_producer
[2025-03-29T17:15:49.405+0000] {logging_mixin.py:190} INFO - [2025-03-29T17:15:49.405+0000] {override.py:1912} INFO - Created Permission View: can read on DAG Run:dataset_s3_bucket_producer
[2025-03-29T17:15:49.409+0000] {logging_mixin.py:190} INFO - [2025-03-29T17:15:49.409+0000] {override.py:1912} INFO - Created Permission View: can create on DAG Run:dataset_s3_bucket_producer
[2025-03-29T17:15:49.419+0000] {logging_mixin.py:190} INFO - [2025-03-29T17:15:49.419+0000] {override.py:1912} INFO - Created Permission View: can delete on DAG:dataset_s3_bucket_consumer
[2025-03-29T17:15:49.423+0000] {logging_mixin.py:190} INFO - [2025-03-29T17:15:49.423+0000] {override.py:1912} INFO - Created Permission View: can edit on DAG:dataset_s3_bucket_consumer
[2025-03-29T17:15:49.427+0000] {logging_mixin.py:190} INFO - [2025-03-29T17:15:49.427+0000] {override.py:1912} INFO - Created Permission View: can read on DAG:dataset_s3_bucket_consumer
[2025-03-29T17:15:49.432+0000] {logging_mixin.py:190} INFO - [2025-03-29T17:15:49.432+0000] {override.py:1912} INFO - Created Permission View: can delete on DAG Run:dataset_s3_bucket_consumer
[2025-03-29T17:15:49.436+0000] {logging_mixin.py:190} INFO - [2025-03-29T17:15:49.436+0000] {override.py:1912} INFO - Created Permission View: menu access on DAG Run:dataset_s3_bucket_consumer
[2025-03-29T17:15:49.441+0000] {logging_mixin.py:190} INFO - [2025-03-29T17:15:49.441+0000] {override.py:1912} INFO - Created Permission View: can read on DAG Run:dataset_s3_bucket_consumer
[2025-03-29T17:15:49.445+0000] {logging_mixin.py:190} INFO - [2025-03-29T17:15:49.444+0000] {override.py:1912} INFO - Created Permission View: can create on DAG Run:dataset_s3_bucket_consumer
[2025-03-29T17:15:49.453+0000] {logging_mixin.py:190} INFO - [2025-03-29T17:15:49.453+0000] {override.py:1912} INFO - Created Permission View: can delete on DAG:dataset_alias_example_alias_producer
[2025-03-29T17:15:49.457+0000] {logging_mixin.py:190} INFO - [2025-03-29T17:15:49.457+0000] {override.py:1912} INFO - Created Permission View: can edit on DAG:dataset_alias_example_alias_producer
[2025-03-29T17:15:49.461+0000] {logging_mixin.py:190} INFO - [2025-03-29T17:15:49.461+0000] {override.py:1912} INFO - Created Permission View: can read on DAG:dataset_alias_example_alias_producer
[2025-03-29T17:15:49.467+0000] {logging_mixin.py:190} INFO - [2025-03-29T17:15:49.467+0000] {override.py:1912} INFO - Created Permission View: can delete on DAG Run:dataset_alias_example_alias_producer
[2025-03-29T17:15:49.472+0000] {logging_mixin.py:190} INFO - [2025-03-29T17:15:49.472+0000] {override.py:1912} INFO - Created Permission View: menu access on DAG Run:dataset_alias_example_alias_producer
[2025-03-29T17:15:49.476+0000] {logging_mixin.py:190} INFO - [2025-03-29T17:15:49.476+0000] {override.py:1912} INFO - Created Permission View: can read on DAG Run:dataset_alias_example_alias_producer
[2025-03-29T17:15:49.480+0000] {logging_mixin.py:190} INFO - [2025-03-29T17:15:49.480+0000] {override.py:1912} INFO - Created Permission View: can create on DAG Run:dataset_alias_example_alias_producer
[2025-03-29T17:15:49.481+0000] {logging_mixin.py:190} INFO - [2025-03-29T17:15:49.480+0000] {dag.py:3239} INFO - Sync 4 DAGs
[2025-03-29T17:15:49.491+0000] {logging_mixin.py:190} INFO - [2025-03-29T17:15:49.491+0000] {dag.py:3262} INFO - Creating ORM DAG for dataset_s3_bucket_consumer
[2025-03-29T17:15:49.492+0000] {logging_mixin.py:190} INFO - [2025-03-29T17:15:49.492+0000] {dag.py:3262} INFO - Creating ORM DAG for dataset_s3_bucket_producer
[2025-03-29T17:15:49.492+0000] {logging_mixin.py:190} INFO - [2025-03-29T17:15:49.492+0000] {dag.py:3262} INFO - Creating ORM DAG for dataset_alias_example_alias_producer
[2025-03-29T17:15:49.493+0000] {logging_mixin.py:190} INFO - [2025-03-29T17:15:49.493+0000] {dag.py:3262} INFO - Creating ORM DAG for dataset_alias_example_alias_consumer
[2025-03-29T17:15:49.500+0000] {logging_mixin.py:190} INFO - [2025-03-29T17:15:49.499+0000] {dag.py:4180} INFO - Setting next_dagrun for dataset_alias_example_alias_consumer to None, run_after=None
[2025-03-29T17:15:49.500+0000] {logging_mixin.py:190} INFO - [2025-03-29T17:15:49.500+0000] {dag.py:4180} INFO - Setting next_dagrun for dataset_alias_example_alias_producer to None, run_after=None
[2025-03-29T17:15:49.500+0000] {logging_mixin.py:190} INFO - [2025-03-29T17:15:49.500+0000] {dag.py:4180} INFO - Setting next_dagrun for dataset_s3_bucket_consumer to None, run_after=None
[2025-03-29T17:15:49.501+0000] {logging_mixin.py:190} INFO - [2025-03-29T17:15:49.501+0000] {dag.py:4180} INFO - Setting next_dagrun for dataset_s3_bucket_producer to None, run_after=None
[2025-03-29T17:15:49.522+0000] {processor.py:208} INFO - Processing /home/airflow/.local/lib/python3.12/site-packages/airflow/example_dags/example_dataset_alias.py took 0.688 seconds
[2025-03-29T17:16:20.334+0000] {processor.py:186} INFO - Started process (PID=142) to work on /home/airflow/.local/lib/python3.12/site-packages/airflow/example_dags/example_dataset_alias.py
[2025-03-29T17:16:20.334+0000] {processor.py:914} INFO - Processing file /home/airflow/.local/lib/python3.12/site-packages/airflow/example_dags/example_dataset_alias.py for tasks to queue
[2025-03-29T17:16:20.336+0000] {logging_mixin.py:190} INFO - [2025-03-29T17:16:20.336+0000] {dagbag.py:588} INFO - Filling up the DagBag from /home/airflow/.local/lib/python3.12/site-packages/airflow/example_dags/example_dataset_alias.py
[2025-03-29T17:16:20.772+0000] {processor.py:925} INFO - DAG(s) 'dataset_alias_example_alias_consumer', 'dataset_s3_bucket_producer', 'dataset_s3_bucket_consumer', 'dataset_alias_example_alias_producer' retrieved from /home/airflow/.local/lib/python3.12/site-packages/airflow/example_dags/example_dataset_alias.py
[2025-03-29T17:16:20.786+0000] {logging_mixin.py:190} INFO - [2025-03-29T17:16:20.785+0000] {dag.py:3239} INFO - Sync 4 DAGs
[2025-03-29T17:16:20.801+0000] {logging_mixin.py:190} INFO - [2025-03-29T17:16:20.801+0000] {dag.py:4180} INFO - Setting next_dagrun for dataset_alias_example_alias_consumer to None, run_after=None
[2025-03-29T17:16:20.802+0000] {logging_mixin.py:190} INFO - [2025-03-29T17:16:20.802+0000] {dag.py:4180} INFO - Setting next_dagrun for dataset_alias_example_alias_producer to None, run_after=None
[2025-03-29T17:16:20.803+0000] {logging_mixin.py:190} INFO - [2025-03-29T17:16:20.803+0000] {dag.py:4180} INFO - Setting next_dagrun for dataset_s3_bucket_consumer to None, run_after=None
[2025-03-29T17:16:20.804+0000] {logging_mixin.py:190} INFO - [2025-03-29T17:16:20.804+0000] {dag.py:4180} INFO - Setting next_dagrun for dataset_s3_bucket_producer to None, run_after=None
[2025-03-29T17:16:20.821+0000] {processor.py:208} INFO - Processing /home/airflow/.local/lib/python3.12/site-packages/airflow/example_dags/example_dataset_alias.py took 0.490 seconds
[2025-03-29T17:16:50.958+0000] {processor.py:186} INFO - Started process (PID=205) to work on /home/airflow/.local/lib/python3.12/site-packages/airflow/example_dags/example_dataset_alias.py
[2025-03-29T17:16:50.958+0000] {processor.py:914} INFO - Processing file /home/airflow/.local/lib/python3.12/site-packages/airflow/example_dags/example_dataset_alias.py for tasks to queue
[2025-03-29T17:16:50.960+0000] {logging_mixin.py:190} INFO - [2025-03-29T17:16:50.960+0000] {dagbag.py:588} INFO - Filling up the DagBag from /home/airflow/.local/lib/python3.12/site-packages/airflow/example_dags/example_dataset_alias.py
[2025-03-29T17:16:51.391+0000] {processor.py:925} INFO - DAG(s) 'dataset_alias_example_alias_producer', 'dataset_s3_bucket_producer', 'dataset_s3_bucket_consumer', 'dataset_alias_example_alias_consumer' retrieved from /home/airflow/.local/lib/python3.12/site-packages/airflow/example_dags/example_dataset_alias.py
[2025-03-29T17:16:51.404+0000] {logging_mixin.py:190} INFO - [2025-03-29T17:16:51.404+0000] {dag.py:3239} INFO - Sync 4 DAGs
[2025-03-29T17:16:51.419+0000] {logging_mixin.py:190} INFO - [2025-03-29T17:16:51.419+0000] {dag.py:4180} INFO - Setting next_dagrun for dataset_alias_example_alias_consumer to None, run_after=None
[2025-03-29T17:16:51.421+0000] {logging_mixin.py:190} INFO - [2025-03-29T17:16:51.421+0000] {dag.py:4180} INFO - Setting next_dagrun for dataset_alias_example_alias_producer to None, run_after=None
[2025-03-29T17:16:51.422+0000] {logging_mixin.py:190} INFO - [2025-03-29T17:16:51.422+0000] {dag.py:4180} INFO - Setting next_dagrun for dataset_s3_bucket_consumer to None, run_after=None
[2025-03-29T17:16:51.423+0000] {logging_mixin.py:190} INFO - [2025-03-29T17:16:51.423+0000] {dag.py:4180} INFO - Setting next_dagrun for dataset_s3_bucket_producer to None, run_after=None
[2025-03-29T17:16:51.439+0000] {processor.py:208} INFO - Processing /home/airflow/.local/lib/python3.12/site-packages/airflow/example_dags/example_dataset_alias.py took 0.485 seconds
[2025-03-29T17:17:22.312+0000] {processor.py:186} INFO - Started process (PID=268) to work on /home/airflow/.local/lib/python3.12/site-packages/airflow/example_dags/example_dataset_alias.py
[2025-03-29T17:17:22.314+0000] {processor.py:914} INFO - Processing file /home/airflow/.local/lib/python3.12/site-packages/airflow/example_dags/example_dataset_alias.py for tasks to queue
[2025-03-29T17:17:22.316+0000] {logging_mixin.py:190} INFO - [2025-03-29T17:17:22.316+0000] {dagbag.py:588} INFO - Filling up the DagBag from /home/airflow/.local/lib/python3.12/site-packages/airflow/example_dags/example_dataset_alias.py
[2025-03-29T17:17:22.718+0000] {processor.py:925} INFO - DAG(s) 'dataset_alias_example_alias_consumer', 'dataset_s3_bucket_consumer', 'dataset_alias_example_alias_producer', 'dataset_s3_bucket_producer' retrieved from /home/airflow/.local/lib/python3.12/site-packages/airflow/example_dags/example_dataset_alias.py
[2025-03-29T17:17:22.733+0000] {logging_mixin.py:190} INFO - [2025-03-29T17:17:22.732+0000] {dag.py:3239} INFO - Sync 4 DAGs
[2025-03-29T17:17:22.748+0000] {logging_mixin.py:190} INFO - [2025-03-29T17:17:22.748+0000] {dag.py:4180} INFO - Setting next_dagrun for dataset_alias_example_alias_consumer to None, run_after=None
[2025-03-29T17:17:22.749+0000] {logging_mixin.py:190} INFO - [2025-03-29T17:17:22.749+0000] {dag.py:4180} INFO - Setting next_dagrun for dataset_alias_example_alias_producer to None, run_after=None
[2025-03-29T17:17:22.750+0000] {logging_mixin.py:190} INFO - [2025-03-29T17:17:22.750+0000] {dag.py:4180} INFO - Setting next_dagrun for dataset_s3_bucket_consumer to None, run_after=None
[2025-03-29T17:17:22.751+0000] {logging_mixin.py:190} INFO - [2025-03-29T17:17:22.751+0000] {dag.py:4180} INFO - Setting next_dagrun for dataset_s3_bucket_producer to None, run_after=None
[2025-03-29T17:17:22.767+0000] {processor.py:208} INFO - Processing /home/airflow/.local/lib/python3.12/site-packages/airflow/example_dags/example_dataset_alias.py took 0.459 seconds
[2025-03-29T17:17:53.689+0000] {processor.py:186} INFO - Started process (PID=331) to work on /home/airflow/.local/lib/python3.12/site-packages/airflow/example_dags/example_dataset_alias.py
[2025-03-29T17:17:53.690+0000] {processor.py:914} INFO - Processing file /home/airflow/.local/lib/python3.12/site-packages/airflow/example_dags/example_dataset_alias.py for tasks to queue
[2025-03-29T17:17:53.692+0000] {logging_mixin.py:190} INFO - [2025-03-29T17:17:53.692+0000] {dagbag.py:588} INFO - Filling up the DagBag from /home/airflow/.local/lib/python3.12/site-packages/airflow/example_dags/example_dataset_alias.py
[2025-03-29T17:17:54.109+0000] {processor.py:925} INFO - DAG(s) 'dataset_alias_example_alias_consumer', 'dataset_s3_bucket_producer', 'dataset_s3_bucket_consumer', 'dataset_alias_example_alias_producer' retrieved from /home/airflow/.local/lib/python3.12/site-packages/airflow/example_dags/example_dataset_alias.py
[2025-03-29T17:17:54.123+0000] {logging_mixin.py:190} INFO - [2025-03-29T17:17:54.122+0000] {dag.py:3239} INFO - Sync 4 DAGs
[2025-03-29T17:17:54.139+0000] {logging_mixin.py:190} INFO - [2025-03-29T17:17:54.138+0000] {dag.py:4180} INFO - Setting next_dagrun for dataset_alias_example_alias_consumer to None, run_after=None
[2025-03-29T17:17:54.140+0000] {logging_mixin.py:190} INFO - [2025-03-29T17:17:54.140+0000] {dag.py:4180} INFO - Setting next_dagrun for dataset_alias_example_alias_producer to None, run_after=None
[2025-03-29T17:17:54.141+0000] {logging_mixin.py:190} INFO - [2025-03-29T17:17:54.141+0000] {dag.py:4180} INFO - Setting next_dagrun for dataset_s3_bucket_consumer to None, run_after=None
[2025-03-29T17:17:54.142+0000] {logging_mixin.py:190} INFO - [2025-03-29T17:17:54.142+0000] {dag.py:4180} INFO - Setting next_dagrun for dataset_s3_bucket_producer to None, run_after=None
[2025-03-29T17:17:54.157+0000] {processor.py:208} INFO - Processing /home/airflow/.local/lib/python3.12/site-packages/airflow/example_dags/example_dataset_alias.py took 0.472 seconds
[2025-03-29T17:18:24.202+0000] {processor.py:186} INFO - Started process (PID=394) to work on /home/airflow/.local/lib/python3.12/site-packages/airflow/example_dags/example_dataset_alias.py
[2025-03-29T17:18:24.203+0000] {processor.py:914} INFO - Processing file /home/airflow/.local/lib/python3.12/site-packages/airflow/example_dags/example_dataset_alias.py for tasks to queue
[2025-03-29T17:18:24.204+0000] {logging_mixin.py:190} INFO - [2025-03-29T17:18:24.204+0000] {dagbag.py:588} INFO - Filling up the DagBag from /home/airflow/.local/lib/python3.12/site-packages/airflow/example_dags/example_dataset_alias.py
[2025-03-29T17:18:24.607+0000] {processor.py:925} INFO - DAG(s) 'dataset_s3_bucket_producer', 'dataset_s3_bucket_consumer', 'dataset_alias_example_alias_producer', 'dataset_alias_example_alias_consumer' retrieved from /home/airflow/.local/lib/python3.12/site-packages/airflow/example_dags/example_dataset_alias.py
[2025-03-29T17:18:24.620+0000] {logging_mixin.py:190} INFO - [2025-03-29T17:18:24.620+0000] {dag.py:3239} INFO - Sync 4 DAGs
[2025-03-29T17:18:24.636+0000] {logging_mixin.py:190} INFO - [2025-03-29T17:18:24.636+0000] {dag.py:4180} INFO - Setting next_dagrun for dataset_alias_example_alias_consumer to None, run_after=None
[2025-03-29T17:18:24.637+0000] {logging_mixin.py:190} INFO - [2025-03-29T17:18:24.637+0000] {dag.py:4180} INFO - Setting next_dagrun for dataset_alias_example_alias_producer to None, run_after=None
[2025-03-29T17:18:24.638+0000] {logging_mixin.py:190} INFO - [2025-03-29T17:18:24.638+0000] {dag.py:4180} INFO - Setting next_dagrun for dataset_s3_bucket_consumer to None, run_after=None
[2025-03-29T17:18:24.639+0000] {logging_mixin.py:190} INFO - [2025-03-29T17:18:24.639+0000] {dag.py:4180} INFO - Setting next_dagrun for dataset_s3_bucket_producer to None, run_after=None
[2025-03-29T17:18:24.654+0000] {processor.py:208} INFO - Processing /home/airflow/.local/lib/python3.12/site-packages/airflow/example_dags/example_dataset_alias.py took 0.455 seconds
[2025-03-29T17:18:54.898+0000] {processor.py:186} INFO - Started process (PID=457) to work on /home/airflow/.local/lib/python3.12/site-packages/airflow/example_dags/example_dataset_alias.py
[2025-03-29T17:18:54.900+0000] {processor.py:914} INFO - Processing file /home/airflow/.local/lib/python3.12/site-packages/airflow/example_dags/example_dataset_alias.py for tasks to queue
[2025-03-29T17:18:54.901+0000] {logging_mixin.py:190} INFO - [2025-03-29T17:18:54.901+0000] {dagbag.py:588} INFO - Filling up the DagBag from /home/airflow/.local/lib/python3.12/site-packages/airflow/example_dags/example_dataset_alias.py
[2025-03-29T17:18:55.315+0000] {processor.py:925} INFO - DAG(s) 'dataset_alias_example_alias_consumer', 'dataset_alias_example_alias_producer', 'dataset_s3_bucket_producer', 'dataset_s3_bucket_consumer' retrieved from /home/airflow/.local/lib/python3.12/site-packages/airflow/example_dags/example_dataset_alias.py
[2025-03-29T17:18:55.329+0000] {logging_mixin.py:190} INFO - [2025-03-29T17:18:55.328+0000] {dag.py:3239} INFO - Sync 4 DAGs
[2025-03-29T17:18:55.344+0000] {logging_mixin.py:190} INFO - [2025-03-29T17:18:55.344+0000] {dag.py:4180} INFO - Setting next_dagrun for dataset_alias_example_alias_consumer to None, run_after=None
[2025-03-29T17:18:55.346+0000] {logging_mixin.py:190} INFO - [2025-03-29T17:18:55.346+0000] {dag.py:4180} INFO - Setting next_dagrun for dataset_alias_example_alias_producer to None, run_after=None
[2025-03-29T17:18:55.347+0000] {logging_mixin.py:190} INFO - [2025-03-29T17:18:55.347+0000] {dag.py:4180} INFO - Setting next_dagrun for dataset_s3_bucket_consumer to None, run_after=None
[2025-03-29T17:18:55.348+0000] {logging_mixin.py:190} INFO - [2025-03-29T17:18:55.347+0000] {dag.py:4180} INFO - Setting next_dagrun for dataset_s3_bucket_producer to None, run_after=None
[2025-03-29T17:18:55.362+0000] {processor.py:208} INFO - Processing /home/airflow/.local/lib/python3.12/site-packages/airflow/example_dags/example_dataset_alias.py took 0.468 seconds
[2025-03-29T17:19:26.245+0000] {processor.py:186} INFO - Started process (PID=520) to work on /home/airflow/.local/lib/python3.12/site-packages/airflow/example_dags/example_dataset_alias.py
[2025-03-29T17:19:26.247+0000] {processor.py:914} INFO - Processing file /home/airflow/.local/lib/python3.12/site-packages/airflow/example_dags/example_dataset_alias.py for tasks to queue
[2025-03-29T17:19:26.249+0000] {logging_mixin.py:190} INFO - [2025-03-29T17:19:26.249+0000] {dagbag.py:588} INFO - Filling up the DagBag from /home/airflow/.local/lib/python3.12/site-packages/airflow/example_dags/example_dataset_alias.py
[2025-03-29T17:19:26.668+0000] {processor.py:925} INFO - DAG(s) 'dataset_alias_example_alias_consumer', 'dataset_s3_bucket_consumer', 'dataset_alias_example_alias_producer', 'dataset_s3_bucket_producer' retrieved from /home/airflow/.local/lib/python3.12/site-packages/airflow/example_dags/example_dataset_alias.py
[2025-03-29T17:19:26.683+0000] {logging_mixin.py:190} INFO - [2025-03-29T17:19:26.682+0000] {dag.py:3239} INFO - Sync 4 DAGs
[2025-03-29T17:19:26.699+0000] {logging_mixin.py:190} INFO - [2025-03-29T17:19:26.698+0000] {dag.py:4180} INFO - Setting next_dagrun for dataset_alias_example_alias_consumer to None, run_after=None
[2025-03-29T17:19:26.700+0000] {logging_mixin.py:190} INFO - [2025-03-29T17:19:26.700+0000] {dag.py:4180} INFO - Setting next_dagrun for dataset_alias_example_alias_producer to None, run_after=None
[2025-03-29T17:19:26.701+0000] {logging_mixin.py:190} INFO - [2025-03-29T17:19:26.701+0000] {dag.py:4180} INFO - Setting next_dagrun for dataset_s3_bucket_consumer to None, run_after=None
[2025-03-29T17:19:26.702+0000] {logging_mixin.py:190} INFO - [2025-03-29T17:19:26.702+0000] {dag.py:4180} INFO - Setting next_dagrun for dataset_s3_bucket_producer to None, run_after=None
[2025-03-29T17:19:26.717+0000] {processor.py:208} INFO - Processing /home/airflow/.local/lib/python3.12/site-packages/airflow/example_dags/example_dataset_alias.py took 0.475 seconds
[2025-03-29T17:19:56.762+0000] {processor.py:186} INFO - Started process (PID=589) to work on /home/airflow/.local/lib/python3.12/site-packages/airflow/example_dags/example_dataset_alias.py
[2025-03-29T17:19:56.763+0000] {processor.py:914} INFO - Processing file /home/airflow/.local/lib/python3.12/site-packages/airflow/example_dags/example_dataset_alias.py for tasks to queue
[2025-03-29T17:19:56.764+0000] {logging_mixin.py:190} INFO - [2025-03-29T17:19:56.764+0000] {dagbag.py:588} INFO - Filling up the DagBag from /home/airflow/.local/lib/python3.12/site-packages/airflow/example_dags/example_dataset_alias.py
[2025-03-29T17:19:57.179+0000] {processor.py:925} INFO - DAG(s) 'dataset_alias_example_alias_producer', 'dataset_alias_example_alias_consumer', 'dataset_s3_bucket_producer', 'dataset_s3_bucket_consumer' retrieved from /home/airflow/.local/lib/python3.12/site-packages/airflow/example_dags/example_dataset_alias.py
[2025-03-29T17:19:57.194+0000] {logging_mixin.py:190} INFO - [2025-03-29T17:19:57.194+0000] {dag.py:3239} INFO - Sync 4 DAGs
[2025-03-29T17:19:57.210+0000] {logging_mixin.py:190} INFO - [2025-03-29T17:19:57.210+0000] {dag.py:4180} INFO - Setting next_dagrun for dataset_alias_example_alias_consumer to None, run_after=None
[2025-03-29T17:19:57.212+0000] {logging_mixin.py:190} INFO - [2025-03-29T17:19:57.211+0000] {dag.py:4180} INFO - Setting next_dagrun for dataset_alias_example_alias_producer to None, run_after=None
[2025-03-29T17:19:57.213+0000] {logging_mixin.py:190} INFO - [2025-03-29T17:19:57.212+0000] {dag.py:4180} INFO - Setting next_dagrun for dataset_s3_bucket_consumer to None, run_after=None
[2025-03-29T17:19:57.213+0000] {logging_mixin.py:190} INFO - [2025-03-29T17:19:57.213+0000] {dag.py:4180} INFO - Setting next_dagrun for dataset_s3_bucket_producer to None, run_after=None
[2025-03-29T17:19:57.227+0000] {processor.py:208} INFO - Processing /home/airflow/.local/lib/python3.12/site-packages/airflow/example_dags/example_dataset_alias.py took 0.469 seconds
[2025-03-29T17:20:28.145+0000] {processor.py:186} INFO - Started process (PID=652) to work on /home/airflow/.local/lib/python3.12/site-packages/airflow/example_dags/example_dataset_alias.py
[2025-03-29T17:20:28.145+0000] {processor.py:914} INFO - Processing file /home/airflow/.local/lib/python3.12/site-packages/airflow/example_dags/example_dataset_alias.py for tasks to queue
[2025-03-29T17:20:28.146+0000] {logging_mixin.py:190} INFO - [2025-03-29T17:20:28.146+0000] {dagbag.py:588} INFO - Filling up the DagBag from /home/airflow/.local/lib/python3.12/site-packages/airflow/example_dags/example_dataset_alias.py
[2025-03-29T17:20:28.615+0000] {processor.py:925} INFO - DAG(s) 'dataset_s3_bucket_producer', 'dataset_alias_example_alias_producer', 'dataset_s3_bucket_consumer', 'dataset_alias_example_alias_consumer' retrieved from /home/airflow/.local/lib/python3.12/site-packages/airflow/example_dags/example_dataset_alias.py
[2025-03-29T17:20:28.629+0000] {logging_mixin.py:190} INFO - [2025-03-29T17:20:28.629+0000] {dag.py:3239} INFO - Sync 4 DAGs
[2025-03-29T17:20:28.644+0000] {logging_mixin.py:190} INFO - [2025-03-29T17:20:28.644+0000] {dag.py:4180} INFO - Setting next_dagrun for dataset_alias_example_alias_consumer to None, run_after=None
[2025-03-29T17:20:28.646+0000] {logging_mixin.py:190} INFO - [2025-03-29T17:20:28.646+0000] {dag.py:4180} INFO - Setting next_dagrun for dataset_alias_example_alias_producer to None, run_after=None
[2025-03-29T17:20:28.647+0000] {logging_mixin.py:190} INFO - [2025-03-29T17:20:28.647+0000] {dag.py:4180} INFO - Setting next_dagrun for dataset_s3_bucket_consumer to None, run_after=None
[2025-03-29T17:20:28.648+0000] {logging_mixin.py:190} INFO - [2025-03-29T17:20:28.647+0000] {dag.py:4180} INFO - Setting next_dagrun for dataset_s3_bucket_producer to None, run_after=None
[2025-03-29T17:20:28.662+0000] {processor.py:208} INFO - Processing /home/airflow/.local/lib/python3.12/site-packages/airflow/example_dags/example_dataset_alias.py took 0.521 seconds
[2025-03-29T17:20:58.798+0000] {processor.py:186} INFO - Started process (PID=715) to work on /home/airflow/.local/lib/python3.12/site-packages/airflow/example_dags/example_dataset_alias.py
[2025-03-29T17:20:58.799+0000] {processor.py:914} INFO - Processing file /home/airflow/.local/lib/python3.12/site-packages/airflow/example_dags/example_dataset_alias.py for tasks to queue
[2025-03-29T17:20:58.800+0000] {logging_mixin.py:190} INFO - [2025-03-29T17:20:58.800+0000] {dagbag.py:588} INFO - Filling up the DagBag from /home/airflow/.local/lib/python3.12/site-packages/airflow/example_dags/example_dataset_alias.py
[2025-03-29T17:20:59.194+0000] {processor.py:925} INFO - DAG(s) 'dataset_s3_bucket_consumer', 'dataset_alias_example_alias_producer', 'dataset_s3_bucket_producer', 'dataset_alias_example_alias_consumer' retrieved from /home/airflow/.local/lib/python3.12/site-packages/airflow/example_dags/example_dataset_alias.py
[2025-03-29T17:20:59.207+0000] {logging_mixin.py:190} INFO - [2025-03-29T17:20:59.206+0000] {dag.py:3239} INFO - Sync 4 DAGs
[2025-03-29T17:20:59.225+0000] {logging_mixin.py:190} INFO - [2025-03-29T17:20:59.225+0000] {dag.py:4180} INFO - Setting next_dagrun for dataset_alias_example_alias_consumer to None, run_after=None
[2025-03-29T17:20:59.227+0000] {logging_mixin.py:190} INFO - [2025-03-29T17:20:59.227+0000] {dag.py:4180} INFO - Setting next_dagrun for dataset_alias_example_alias_producer to None, run_after=None
[2025-03-29T17:20:59.229+0000] {logging_mixin.py:190} INFO - [2025-03-29T17:20:59.229+0000] {dag.py:4180} INFO - Setting next_dagrun for dataset_s3_bucket_consumer to None, run_after=None
[2025-03-29T17:20:59.230+0000] {logging_mixin.py:190} INFO - [2025-03-29T17:20:59.230+0000] {dag.py:4180} INFO - Setting next_dagrun for dataset_s3_bucket_producer to None, run_after=None
[2025-03-29T17:20:59.246+0000] {processor.py:208} INFO - Processing /home/airflow/.local/lib/python3.12/site-packages/airflow/example_dags/example_dataset_alias.py took 0.451 seconds
[2025-03-29T17:21:30.128+0000] {processor.py:186} INFO - Started process (PID=778) to work on /home/airflow/.local/lib/python3.12/site-packages/airflow/example_dags/example_dataset_alias.py
[2025-03-29T17:21:30.130+0000] {processor.py:914} INFO - Processing file /home/airflow/.local/lib/python3.12/site-packages/airflow/example_dags/example_dataset_alias.py for tasks to queue
[2025-03-29T17:21:30.131+0000] {logging_mixin.py:190} INFO - [2025-03-29T17:21:30.131+0000] {dagbag.py:588} INFO - Filling up the DagBag from /home/airflow/.local/lib/python3.12/site-packages/airflow/example_dags/example_dataset_alias.py
[2025-03-29T17:21:30.522+0000] {processor.py:925} INFO - DAG(s) 'dataset_alias_example_alias_producer', 'dataset_alias_example_alias_consumer', 'dataset_s3_bucket_consumer', 'dataset_s3_bucket_producer' retrieved from /home/airflow/.local/lib/python3.12/site-packages/airflow/example_dags/example_dataset_alias.py
[2025-03-29T17:21:30.536+0000] {logging_mixin.py:190} INFO - [2025-03-29T17:21:30.536+0000] {dag.py:3239} INFO - Sync 4 DAGs
[2025-03-29T17:21:30.552+0000] {logging_mixin.py:190} INFO - [2025-03-29T17:21:30.552+0000] {dag.py:4180} INFO - Setting next_dagrun for dataset_alias_example_alias_consumer to None, run_after=None
[2025-03-29T17:21:30.554+0000] {logging_mixin.py:190} INFO - [2025-03-29T17:21:30.554+0000] {dag.py:4180} INFO - Setting next_dagrun for dataset_alias_example_alias_producer to None, run_after=None
[2025-03-29T17:21:30.555+0000] {logging_mixin.py:190} INFO - [2025-03-29T17:21:30.555+0000] {dag.py:4180} INFO - Setting next_dagrun for dataset_s3_bucket_consumer to None, run_after=None
[2025-03-29T17:21:30.556+0000] {logging_mixin.py:190} INFO - [2025-03-29T17:21:30.556+0000] {dag.py:4180} INFO - Setting next_dagrun for dataset_s3_bucket_producer to None, run_after=None
[2025-03-29T17:21:30.571+0000] {processor.py:208} INFO - Processing /home/airflow/.local/lib/python3.12/site-packages/airflow/example_dags/example_dataset_alias.py took 0.445 seconds
[2025-03-29T17:22:01.470+0000] {processor.py:186} INFO - Started process (PID=841) to work on /home/airflow/.local/lib/python3.12/site-packages/airflow/example_dags/example_dataset_alias.py
[2025-03-29T17:22:01.472+0000] {processor.py:914} INFO - Processing file /home/airflow/.local/lib/python3.12/site-packages/airflow/example_dags/example_dataset_alias.py for tasks to queue
[2025-03-29T17:22:01.475+0000] {logging_mixin.py:190} INFO - [2025-03-29T17:22:01.475+0000] {dagbag.py:588} INFO - Filling up the DagBag from /home/airflow/.local/lib/python3.12/site-packages/airflow/example_dags/example_dataset_alias.py
[2025-03-29T17:22:01.867+0000] {processor.py:925} INFO - DAG(s) 'dataset_s3_bucket_consumer', 'dataset_alias_example_alias_producer', 'dataset_s3_bucket_producer', 'dataset_alias_example_alias_consumer' retrieved from /home/airflow/.local/lib/python3.12/site-packages/airflow/example_dags/example_dataset_alias.py
[2025-03-29T17:22:01.881+0000] {logging_mixin.py:190} INFO - [2025-03-29T17:22:01.881+0000] {dag.py:3239} INFO - Sync 4 DAGs
[2025-03-29T17:22:01.897+0000] {logging_mixin.py:190} INFO - [2025-03-29T17:22:01.896+0000] {dag.py:4180} INFO - Setting next_dagrun for dataset_alias_example_alias_consumer to None, run_after=None
[2025-03-29T17:22:01.898+0000] {logging_mixin.py:190} INFO - [2025-03-29T17:22:01.898+0000] {dag.py:4180} INFO - Setting next_dagrun for dataset_alias_example_alias_producer to None, run_after=None
[2025-03-29T17:22:01.899+0000] {logging_mixin.py:190} INFO - [2025-03-29T17:22:01.899+0000] {dag.py:4180} INFO - Setting next_dagrun for dataset_s3_bucket_consumer to None, run_after=None
[2025-03-29T17:22:01.900+0000] {logging_mixin.py:190} INFO - [2025-03-29T17:22:01.900+0000] {dag.py:4180} INFO - Setting next_dagrun for dataset_s3_bucket_producer to None, run_after=None
[2025-03-29T17:22:01.916+0000] {processor.py:208} INFO - Processing /home/airflow/.local/lib/python3.12/site-packages/airflow/example_dags/example_dataset_alias.py took 0.454 seconds
[2025-03-29T17:22:32.079+0000] {processor.py:186} INFO - Started process (PID=904) to work on /home/airflow/.local/lib/python3.12/site-packages/airflow/example_dags/example_dataset_alias.py
[2025-03-29T17:22:32.079+0000] {processor.py:914} INFO - Processing file /home/airflow/.local/lib/python3.12/site-packages/airflow/example_dags/example_dataset_alias.py for tasks to queue
[2025-03-29T17:22:32.081+0000] {logging_mixin.py:190} INFO - [2025-03-29T17:22:32.080+0000] {dagbag.py:588} INFO - Filling up the DagBag from /home/airflow/.local/lib/python3.12/site-packages/airflow/example_dags/example_dataset_alias.py
[2025-03-29T17:22:32.515+0000] {processor.py:925} INFO - DAG(s) 'dataset_alias_example_alias_consumer', 'dataset_s3_bucket_producer', 'dataset_s3_bucket_consumer', 'dataset_alias_example_alias_producer' retrieved from /home/airflow/.local/lib/python3.12/site-packages/airflow/example_dags/example_dataset_alias.py
[2025-03-29T17:22:32.530+0000] {logging_mixin.py:190} INFO - [2025-03-29T17:22:32.530+0000] {dag.py:3239} INFO - Sync 4 DAGs
[2025-03-29T17:22:32.548+0000] {logging_mixin.py:190} INFO - [2025-03-29T17:22:32.548+0000] {dag.py:4180} INFO - Setting next_dagrun for dataset_alias_example_alias_consumer to None, run_after=None
[2025-03-29T17:22:32.551+0000] {logging_mixin.py:190} INFO - [2025-03-29T17:22:32.550+0000] {dag.py:4180} INFO - Setting next_dagrun for dataset_alias_example_alias_producer to None, run_after=None
[2025-03-29T17:22:32.552+0000] {logging_mixin.py:190} INFO - [2025-03-29T17:22:32.551+0000] {dag.py:4180} INFO - Setting next_dagrun for dataset_s3_bucket_consumer to None, run_after=None
[2025-03-29T17:22:32.552+0000] {logging_mixin.py:190} INFO - [2025-03-29T17:22:32.552+0000] {dag.py:4180} INFO - Setting next_dagrun for dataset_s3_bucket_producer to None, run_after=None
[2025-03-29T17:22:32.569+0000] {processor.py:208} INFO - Processing /home/airflow/.local/lib/python3.12/site-packages/airflow/example_dags/example_dataset_alias.py took 0.494 seconds
[2025-03-29T17:23:02.713+0000] {processor.py:186} INFO - Started process (PID=967) to work on /home/airflow/.local/lib/python3.12/site-packages/airflow/example_dags/example_dataset_alias.py
[2025-03-29T17:23:02.714+0000] {processor.py:914} INFO - Processing file /home/airflow/.local/lib/python3.12/site-packages/airflow/example_dags/example_dataset_alias.py for tasks to queue
[2025-03-29T17:23:02.715+0000] {logging_mixin.py:190} INFO - [2025-03-29T17:23:02.715+0000] {dagbag.py:588} INFO - Filling up the DagBag from /home/airflow/.local/lib/python3.12/site-packages/airflow/example_dags/example_dataset_alias.py
[2025-03-29T17:23:03.171+0000] {processor.py:925} INFO - DAG(s) 'dataset_s3_bucket_consumer', 'dataset_alias_example_alias_producer', 'dataset_alias_example_alias_consumer', 'dataset_s3_bucket_producer' retrieved from /home/airflow/.local/lib/python3.12/site-packages/airflow/example_dags/example_dataset_alias.py
[2025-03-29T17:23:03.186+0000] {logging_mixin.py:190} INFO - [2025-03-29T17:23:03.185+0000] {dag.py:3239} INFO - Sync 4 DAGs
[2025-03-29T17:23:03.207+0000] {logging_mixin.py:190} INFO - [2025-03-29T17:23:03.207+0000] {dag.py:4180} INFO - Setting next_dagrun for dataset_alias_example_alias_consumer to None, run_after=None
[2025-03-29T17:23:03.209+0000] {logging_mixin.py:190} INFO - [2025-03-29T17:23:03.209+0000] {dag.py:4180} INFO - Setting next_dagrun for dataset_alias_example_alias_producer to None, run_after=None
[2025-03-29T17:23:03.210+0000] {logging_mixin.py:190} INFO - [2025-03-29T17:23:03.210+0000] {dag.py:4180} INFO - Setting next_dagrun for dataset_s3_bucket_consumer to None, run_after=None
[2025-03-29T17:23:03.211+0000] {logging_mixin.py:190} INFO - [2025-03-29T17:23:03.211+0000] {dag.py:4180} INFO - Setting next_dagrun for dataset_s3_bucket_producer to None, run_after=None
[2025-03-29T17:23:03.227+0000] {processor.py:208} INFO - Processing /home/airflow/.local/lib/python3.12/site-packages/airflow/example_dags/example_dataset_alias.py took 0.517 seconds
[2025-03-29T17:26:10.896+0000] {processor.py:186} INFO - Started process (PID=79) to work on /home/airflow/.local/lib/python3.12/site-packages/airflow/example_dags/example_dataset_alias.py
[2025-03-29T17:26:10.897+0000] {processor.py:914} INFO - Processing file /home/airflow/.local/lib/python3.12/site-packages/airflow/example_dags/example_dataset_alias.py for tasks to queue
[2025-03-29T17:26:10.900+0000] {logging_mixin.py:190} INFO - [2025-03-29T17:26:10.899+0000] {dagbag.py:588} INFO - Filling up the DagBag from /home/airflow/.local/lib/python3.12/site-packages/airflow/example_dags/example_dataset_alias.py
[2025-03-29T17:26:11.972+0000] {processor.py:925} INFO - DAG(s) 'dataset_s3_bucket_producer', 'dataset_alias_example_alias_consumer', 'dataset_s3_bucket_consumer', 'dataset_alias_example_alias_producer' retrieved from /home/airflow/.local/lib/python3.12/site-packages/airflow/example_dags/example_dataset_alias.py
[2025-03-29T17:26:12.157+0000] {logging_mixin.py:190} INFO - [2025-03-29T17:26:12.156+0000] {override.py:1912} INFO - Created Permission View: can delete on DAG:dataset_s3_bucket_producer
[2025-03-29T17:26:12.180+0000] {logging_mixin.py:190} INFO - [2025-03-29T17:26:12.178+0000] {override.py:1912} INFO - Created Permission View: can read on DAG:dataset_s3_bucket_producer
[2025-03-29T17:26:12.195+0000] {logging_mixin.py:190} INFO - [2025-03-29T17:26:12.194+0000] {override.py:1912} INFO - Created Permission View: can edit on DAG:dataset_s3_bucket_producer
[2025-03-29T17:26:12.210+0000] {logging_mixin.py:190} INFO - [2025-03-29T17:26:12.210+0000] {override.py:1912} INFO - Created Permission View: can delete on DAG Run:dataset_s3_bucket_producer
[2025-03-29T17:26:12.223+0000] {logging_mixin.py:190} INFO - [2025-03-29T17:26:12.222+0000] {override.py:1912} INFO - Created Permission View: can read on DAG Run:dataset_s3_bucket_producer
[2025-03-29T17:26:12.241+0000] {logging_mixin.py:190} INFO - [2025-03-29T17:26:12.240+0000] {override.py:1912} INFO - Created Permission View: can create on DAG Run:dataset_s3_bucket_producer
[2025-03-29T17:26:12.253+0000] {logging_mixin.py:190} INFO - [2025-03-29T17:26:12.251+0000] {override.py:1912} INFO - Created Permission View: menu access on DAG Run:dataset_s3_bucket_producer
[2025-03-29T17:26:12.275+0000] {logging_mixin.py:190} INFO - [2025-03-29T17:26:12.274+0000] {override.py:1912} INFO - Created Permission View: can delete on DAG:dataset_alias_example_alias_consumer
[2025-03-29T17:26:12.285+0000] {logging_mixin.py:190} INFO - [2025-03-29T17:26:12.284+0000] {override.py:1912} INFO - Created Permission View: can read on DAG:dataset_alias_example_alias_consumer
[2025-03-29T17:26:12.293+0000] {logging_mixin.py:190} INFO - [2025-03-29T17:26:12.293+0000] {override.py:1912} INFO - Created Permission View: can edit on DAG:dataset_alias_example_alias_consumer
[2025-03-29T17:26:12.308+0000] {logging_mixin.py:190} INFO - [2025-03-29T17:26:12.308+0000] {override.py:1912} INFO - Created Permission View: can delete on DAG Run:dataset_alias_example_alias_consumer
[2025-03-29T17:26:12.322+0000] {logging_mixin.py:190} INFO - [2025-03-29T17:26:12.322+0000] {override.py:1912} INFO - Created Permission View: can read on DAG Run:dataset_alias_example_alias_consumer
[2025-03-29T17:26:12.331+0000] {logging_mixin.py:190} INFO - [2025-03-29T17:26:12.331+0000] {override.py:1912} INFO - Created Permission View: can create on DAG Run:dataset_alias_example_alias_consumer
[2025-03-29T17:26:12.341+0000] {logging_mixin.py:190} INFO - [2025-03-29T17:26:12.340+0000] {override.py:1912} INFO - Created Permission View: menu access on DAG Run:dataset_alias_example_alias_consumer
[2025-03-29T17:26:12.360+0000] {logging_mixin.py:190} INFO - [2025-03-29T17:26:12.360+0000] {override.py:1912} INFO - Created Permission View: can delete on DAG:dataset_s3_bucket_consumer
[2025-03-29T17:26:12.371+0000] {logging_mixin.py:190} INFO - [2025-03-29T17:26:12.371+0000] {override.py:1912} INFO - Created Permission View: can read on DAG:dataset_s3_bucket_consumer
[2025-03-29T17:26:12.382+0000] {logging_mixin.py:190} INFO - [2025-03-29T17:26:12.382+0000] {override.py:1912} INFO - Created Permission View: can edit on DAG:dataset_s3_bucket_consumer
[2025-03-29T17:26:12.391+0000] {logging_mixin.py:190} INFO - [2025-03-29T17:26:12.391+0000] {override.py:1912} INFO - Created Permission View: can delete on DAG Run:dataset_s3_bucket_consumer
[2025-03-29T17:26:12.405+0000] {logging_mixin.py:190} INFO - [2025-03-29T17:26:12.405+0000] {override.py:1912} INFO - Created Permission View: can read on DAG Run:dataset_s3_bucket_consumer
[2025-03-29T17:26:12.415+0000] {logging_mixin.py:190} INFO - [2025-03-29T17:26:12.415+0000] {override.py:1912} INFO - Created Permission View: can create on DAG Run:dataset_s3_bucket_consumer
[2025-03-29T17:26:12.424+0000] {logging_mixin.py:190} INFO - [2025-03-29T17:26:12.424+0000] {override.py:1912} INFO - Created Permission View: menu access on DAG Run:dataset_s3_bucket_consumer
[2025-03-29T17:26:12.444+0000] {logging_mixin.py:190} INFO - [2025-03-29T17:26:12.444+0000] {override.py:1912} INFO - Created Permission View: can delete on DAG:dataset_alias_example_alias_producer
[2025-03-29T17:26:12.452+0000] {logging_mixin.py:190} INFO - [2025-03-29T17:26:12.452+0000] {override.py:1912} INFO - Created Permission View: can read on DAG:dataset_alias_example_alias_producer
[2025-03-29T17:26:12.461+0000] {logging_mixin.py:190} INFO - [2025-03-29T17:26:12.461+0000] {override.py:1912} INFO - Created Permission View: can edit on DAG:dataset_alias_example_alias_producer
[2025-03-29T17:26:12.477+0000] {logging_mixin.py:190} INFO - [2025-03-29T17:26:12.477+0000] {override.py:1912} INFO - Created Permission View: can delete on DAG Run:dataset_alias_example_alias_producer
[2025-03-29T17:26:12.484+0000] {logging_mixin.py:190} INFO - [2025-03-29T17:26:12.484+0000] {override.py:1912} INFO - Created Permission View: can read on DAG Run:dataset_alias_example_alias_producer
[2025-03-29T17:26:12.493+0000] {logging_mixin.py:190} INFO - [2025-03-29T17:26:12.493+0000] {override.py:1912} INFO - Created Permission View: can create on DAG Run:dataset_alias_example_alias_producer
[2025-03-29T17:26:12.500+0000] {logging_mixin.py:190} INFO - [2025-03-29T17:26:12.499+0000] {override.py:1912} INFO - Created Permission View: menu access on DAG Run:dataset_alias_example_alias_producer
[2025-03-29T17:26:12.500+0000] {logging_mixin.py:190} INFO - [2025-03-29T17:26:12.500+0000] {dag.py:3239} INFO - Sync 4 DAGs
[2025-03-29T17:26:12.519+0000] {logging_mixin.py:190} INFO - [2025-03-29T17:26:12.518+0000] {dag.py:3262} INFO - Creating ORM DAG for dataset_s3_bucket_producer
[2025-03-29T17:26:12.519+0000] {logging_mixin.py:190} INFO - [2025-03-29T17:26:12.519+0000] {dag.py:3262} INFO - Creating ORM DAG for dataset_alias_example_alias_consumer
[2025-03-29T17:26:12.520+0000] {logging_mixin.py:190} INFO - [2025-03-29T17:26:12.520+0000] {dag.py:3262} INFO - Creating ORM DAG for dataset_s3_bucket_consumer
[2025-03-29T17:26:12.521+0000] {logging_mixin.py:190} INFO - [2025-03-29T17:26:12.521+0000] {dag.py:3262} INFO - Creating ORM DAG for dataset_alias_example_alias_producer
[2025-03-29T17:26:12.532+0000] {logging_mixin.py:190} INFO - [2025-03-29T17:26:12.531+0000] {dag.py:4180} INFO - Setting next_dagrun for dataset_alias_example_alias_consumer to None, run_after=None
[2025-03-29T17:26:12.533+0000] {logging_mixin.py:190} INFO - [2025-03-29T17:26:12.533+0000] {dag.py:4180} INFO - Setting next_dagrun for dataset_alias_example_alias_producer to None, run_after=None
[2025-03-29T17:26:12.533+0000] {logging_mixin.py:190} INFO - [2025-03-29T17:26:12.533+0000] {dag.py:4180} INFO - Setting next_dagrun for dataset_s3_bucket_consumer to None, run_after=None
[2025-03-29T17:26:12.534+0000] {logging_mixin.py:190} INFO - [2025-03-29T17:26:12.534+0000] {dag.py:4180} INFO - Setting next_dagrun for dataset_s3_bucket_producer to None, run_after=None
[2025-03-29T17:26:12.574+0000] {processor.py:208} INFO - Processing /home/airflow/.local/lib/python3.12/site-packages/airflow/example_dags/example_dataset_alias.py took 1.685 seconds
[2025-03-29T17:26:42.906+0000] {processor.py:186} INFO - Started process (PID=142) to work on /home/airflow/.local/lib/python3.12/site-packages/airflow/example_dags/example_dataset_alias.py
[2025-03-29T17:26:42.912+0000] {processor.py:914} INFO - Processing file /home/airflow/.local/lib/python3.12/site-packages/airflow/example_dags/example_dataset_alias.py for tasks to queue
[2025-03-29T17:26:42.913+0000] {logging_mixin.py:190} INFO - [2025-03-29T17:26:42.913+0000] {dagbag.py:588} INFO - Filling up the DagBag from /home/airflow/.local/lib/python3.12/site-packages/airflow/example_dags/example_dataset_alias.py
[2025-03-29T17:26:43.328+0000] {processor.py:925} INFO - DAG(s) 'dataset_s3_bucket_producer', 'dataset_alias_example_alias_consumer', 'dataset_alias_example_alias_producer', 'dataset_s3_bucket_consumer' retrieved from /home/airflow/.local/lib/python3.12/site-packages/airflow/example_dags/example_dataset_alias.py
[2025-03-29T17:26:43.341+0000] {logging_mixin.py:190} INFO - [2025-03-29T17:26:43.341+0000] {dag.py:3239} INFO - Sync 4 DAGs
[2025-03-29T17:26:43.357+0000] {logging_mixin.py:190} INFO - [2025-03-29T17:26:43.357+0000] {dag.py:4180} INFO - Setting next_dagrun for dataset_alias_example_alias_consumer to None, run_after=None
[2025-03-29T17:26:43.359+0000] {logging_mixin.py:190} INFO - [2025-03-29T17:26:43.359+0000] {dag.py:4180} INFO - Setting next_dagrun for dataset_alias_example_alias_producer to None, run_after=None
[2025-03-29T17:26:43.360+0000] {logging_mixin.py:190} INFO - [2025-03-29T17:26:43.360+0000] {dag.py:4180} INFO - Setting next_dagrun for dataset_s3_bucket_consumer to None, run_after=None
[2025-03-29T17:26:43.360+0000] {logging_mixin.py:190} INFO - [2025-03-29T17:26:43.360+0000] {dag.py:4180} INFO - Setting next_dagrun for dataset_s3_bucket_producer to None, run_after=None
[2025-03-29T17:26:43.375+0000] {processor.py:208} INFO - Processing /home/airflow/.local/lib/python3.12/site-packages/airflow/example_dags/example_dataset_alias.py took 0.472 seconds
[2025-03-29T17:27:13.843+0000] {processor.py:186} INFO - Started process (PID=205) to work on /home/airflow/.local/lib/python3.12/site-packages/airflow/example_dags/example_dataset_alias.py
[2025-03-29T17:27:13.844+0000] {processor.py:914} INFO - Processing file /home/airflow/.local/lib/python3.12/site-packages/airflow/example_dags/example_dataset_alias.py for tasks to queue
[2025-03-29T17:27:13.846+0000] {logging_mixin.py:190} INFO - [2025-03-29T17:27:13.845+0000] {dagbag.py:588} INFO - Filling up the DagBag from /home/airflow/.local/lib/python3.12/site-packages/airflow/example_dags/example_dataset_alias.py
[2025-03-29T17:27:14.303+0000] {processor.py:925} INFO - DAG(s) 'dataset_s3_bucket_consumer', 'dataset_alias_example_alias_consumer', 'dataset_alias_example_alias_producer', 'dataset_s3_bucket_producer' retrieved from /home/airflow/.local/lib/python3.12/site-packages/airflow/example_dags/example_dataset_alias.py
[2025-03-29T17:27:14.316+0000] {logging_mixin.py:190} INFO - [2025-03-29T17:27:14.316+0000] {dag.py:3239} INFO - Sync 4 DAGs
[2025-03-29T17:27:14.331+0000] {logging_mixin.py:190} INFO - [2025-03-29T17:27:14.331+0000] {dag.py:4180} INFO - Setting next_dagrun for dataset_alias_example_alias_consumer to None, run_after=None
[2025-03-29T17:27:14.334+0000] {logging_mixin.py:190} INFO - [2025-03-29T17:27:14.333+0000] {dag.py:4180} INFO - Setting next_dagrun for dataset_alias_example_alias_producer to None, run_after=None
[2025-03-29T17:27:14.335+0000] {logging_mixin.py:190} INFO - [2025-03-29T17:27:14.334+0000] {dag.py:4180} INFO - Setting next_dagrun for dataset_s3_bucket_consumer to None, run_after=None
[2025-03-29T17:27:14.335+0000] {logging_mixin.py:190} INFO - [2025-03-29T17:27:14.335+0000] {dag.py:4180} INFO - Setting next_dagrun for dataset_s3_bucket_producer to None, run_after=None
[2025-03-29T17:27:14.353+0000] {processor.py:208} INFO - Processing /home/airflow/.local/lib/python3.12/site-packages/airflow/example_dags/example_dataset_alias.py took 0.513 seconds
[2025-03-29T17:27:44.432+0000] {processor.py:186} INFO - Started process (PID=272) to work on /home/airflow/.local/lib/python3.12/site-packages/airflow/example_dags/example_dataset_alias.py
[2025-03-29T17:27:44.433+0000] {processor.py:914} INFO - Processing file /home/airflow/.local/lib/python3.12/site-packages/airflow/example_dags/example_dataset_alias.py for tasks to queue
[2025-03-29T17:27:44.434+0000] {logging_mixin.py:190} INFO - [2025-03-29T17:27:44.434+0000] {dagbag.py:588} INFO - Filling up the DagBag from /home/airflow/.local/lib/python3.12/site-packages/airflow/example_dags/example_dataset_alias.py
[2025-03-29T17:27:44.814+0000] {processor.py:925} INFO - DAG(s) 'dataset_s3_bucket_producer', 'dataset_alias_example_alias_consumer', 'dataset_s3_bucket_consumer', 'dataset_alias_example_alias_producer' retrieved from /home/airflow/.local/lib/python3.12/site-packages/airflow/example_dags/example_dataset_alias.py
[2025-03-29T17:27:44.827+0000] {logging_mixin.py:190} INFO - [2025-03-29T17:27:44.827+0000] {dag.py:3239} INFO - Sync 4 DAGs
[2025-03-29T17:27:44.841+0000] {logging_mixin.py:190} INFO - [2025-03-29T17:27:44.841+0000] {dag.py:4180} INFO - Setting next_dagrun for dataset_alias_example_alias_consumer to None, run_after=None
[2025-03-29T17:27:44.843+0000] {logging_mixin.py:190} INFO - [2025-03-29T17:27:44.843+0000] {dag.py:4180} INFO - Setting next_dagrun for dataset_alias_example_alias_producer to None, run_after=None
[2025-03-29T17:27:44.844+0000] {logging_mixin.py:190} INFO - [2025-03-29T17:27:44.843+0000] {dag.py:4180} INFO - Setting next_dagrun for dataset_s3_bucket_consumer to None, run_after=None
[2025-03-29T17:27:44.844+0000] {logging_mixin.py:190} INFO - [2025-03-29T17:27:44.844+0000] {dag.py:4180} INFO - Setting next_dagrun for dataset_s3_bucket_producer to None, run_after=None
[2025-03-29T17:27:44.860+0000] {processor.py:208} INFO - Processing /home/airflow/.local/lib/python3.12/site-packages/airflow/example_dags/example_dataset_alias.py took 0.431 seconds
[2025-03-29T17:28:15.624+0000] {processor.py:186} INFO - Started process (PID=336) to work on /home/airflow/.local/lib/python3.12/site-packages/airflow/example_dags/example_dataset_alias.py
[2025-03-29T17:28:15.626+0000] {processor.py:914} INFO - Processing file /home/airflow/.local/lib/python3.12/site-packages/airflow/example_dags/example_dataset_alias.py for tasks to queue
[2025-03-29T17:28:15.628+0000] {logging_mixin.py:190} INFO - [2025-03-29T17:28:15.627+0000] {dagbag.py:588} INFO - Filling up the DagBag from /home/airflow/.local/lib/python3.12/site-packages/airflow/example_dags/example_dataset_alias.py
[2025-03-29T17:28:16.084+0000] {processor.py:925} INFO - DAG(s) 'dataset_alias_example_alias_producer', 'dataset_alias_example_alias_consumer', 'dataset_s3_bucket_consumer', 'dataset_s3_bucket_producer' retrieved from /home/airflow/.local/lib/python3.12/site-packages/airflow/example_dags/example_dataset_alias.py
[2025-03-29T17:28:16.100+0000] {logging_mixin.py:190} INFO - [2025-03-29T17:28:16.099+0000] {dag.py:3239} INFO - Sync 4 DAGs
[2025-03-29T17:28:16.117+0000] {logging_mixin.py:190} INFO - [2025-03-29T17:28:16.117+0000] {dag.py:4180} INFO - Setting next_dagrun for dataset_alias_example_alias_consumer to None, run_after=None
[2025-03-29T17:28:16.119+0000] {logging_mixin.py:190} INFO - [2025-03-29T17:28:16.119+0000] {dag.py:4180} INFO - Setting next_dagrun for dataset_alias_example_alias_producer to None, run_after=None
[2025-03-29T17:28:16.120+0000] {logging_mixin.py:190} INFO - [2025-03-29T17:28:16.120+0000] {dag.py:4180} INFO - Setting next_dagrun for dataset_s3_bucket_consumer to None, run_after=None
[2025-03-29T17:28:16.121+0000] {logging_mixin.py:190} INFO - [2025-03-29T17:28:16.121+0000] {dag.py:4180} INFO - Setting next_dagrun for dataset_s3_bucket_producer to None, run_after=None
[2025-03-29T17:28:16.138+0000] {processor.py:208} INFO - Processing /home/airflow/.local/lib/python3.12/site-packages/airflow/example_dags/example_dataset_alias.py took 0.518 seconds
[2025-03-29T17:28:46.193+0000] {processor.py:186} INFO - Started process (PID=405) to work on /home/airflow/.local/lib/python3.12/site-packages/airflow/example_dags/example_dataset_alias.py
[2025-03-29T17:28:46.195+0000] {processor.py:914} INFO - Processing file /home/airflow/.local/lib/python3.12/site-packages/airflow/example_dags/example_dataset_alias.py for tasks to queue
[2025-03-29T17:28:46.196+0000] {logging_mixin.py:190} INFO - [2025-03-29T17:28:46.196+0000] {dagbag.py:588} INFO - Filling up the DagBag from /home/airflow/.local/lib/python3.12/site-packages/airflow/example_dags/example_dataset_alias.py
[2025-03-29T17:28:46.631+0000] {processor.py:925} INFO - DAG(s) 'dataset_alias_example_alias_producer', 'dataset_s3_bucket_producer', 'dataset_alias_example_alias_consumer', 'dataset_s3_bucket_consumer' retrieved from /home/airflow/.local/lib/python3.12/site-packages/airflow/example_dags/example_dataset_alias.py
[2025-03-29T17:28:46.646+0000] {logging_mixin.py:190} INFO - [2025-03-29T17:28:46.646+0000] {dag.py:3239} INFO - Sync 4 DAGs
[2025-03-29T17:28:46.664+0000] {logging_mixin.py:190} INFO - [2025-03-29T17:28:46.664+0000] {dag.py:4180} INFO - Setting next_dagrun for dataset_alias_example_alias_consumer to None, run_after=None
[2025-03-29T17:28:46.666+0000] {logging_mixin.py:190} INFO - [2025-03-29T17:28:46.666+0000] {dag.py:4180} INFO - Setting next_dagrun for dataset_alias_example_alias_producer to None, run_after=None
[2025-03-29T17:28:46.667+0000] {logging_mixin.py:190} INFO - [2025-03-29T17:28:46.667+0000] {dag.py:4180} INFO - Setting next_dagrun for dataset_s3_bucket_consumer to None, run_after=None
[2025-03-29T17:28:46.668+0000] {logging_mixin.py:190} INFO - [2025-03-29T17:28:46.668+0000] {dag.py:4180} INFO - Setting next_dagrun for dataset_s3_bucket_producer to None, run_after=None
[2025-03-29T17:28:46.683+0000] {processor.py:208} INFO - Processing /home/airflow/.local/lib/python3.12/site-packages/airflow/example_dags/example_dataset_alias.py took 0.493 seconds
[2025-03-29T17:29:17.573+0000] {processor.py:186} INFO - Started process (PID=468) to work on /home/airflow/.local/lib/python3.12/site-packages/airflow/example_dags/example_dataset_alias.py
[2025-03-29T17:29:17.575+0000] {processor.py:914} INFO - Processing file /home/airflow/.local/lib/python3.12/site-packages/airflow/example_dags/example_dataset_alias.py for tasks to queue
[2025-03-29T17:29:17.577+0000] {logging_mixin.py:190} INFO - [2025-03-29T17:29:17.576+0000] {dagbag.py:588} INFO - Filling up the DagBag from /home/airflow/.local/lib/python3.12/site-packages/airflow/example_dags/example_dataset_alias.py
[2025-03-29T17:29:17.982+0000] {processor.py:925} INFO - DAG(s) 'dataset_alias_example_alias_producer', 'dataset_s3_bucket_producer', 'dataset_alias_example_alias_consumer', 'dataset_s3_bucket_consumer' retrieved from /home/airflow/.local/lib/python3.12/site-packages/airflow/example_dags/example_dataset_alias.py
[2025-03-29T17:29:17.998+0000] {logging_mixin.py:190} INFO - [2025-03-29T17:29:17.997+0000] {dag.py:3239} INFO - Sync 4 DAGs
[2025-03-29T17:29:18.013+0000] {logging_mixin.py:190} INFO - [2025-03-29T17:29:18.013+0000] {dag.py:4180} INFO - Setting next_dagrun for dataset_alias_example_alias_consumer to None, run_after=None
[2025-03-29T17:29:18.015+0000] {logging_mixin.py:190} INFO - [2025-03-29T17:29:18.015+0000] {dag.py:4180} INFO - Setting next_dagrun for dataset_alias_example_alias_producer to None, run_after=None
[2025-03-29T17:29:18.016+0000] {logging_mixin.py:190} INFO - [2025-03-29T17:29:18.016+0000] {dag.py:4180} INFO - Setting next_dagrun for dataset_s3_bucket_consumer to None, run_after=None
[2025-03-29T17:29:18.017+0000] {logging_mixin.py:190} INFO - [2025-03-29T17:29:18.017+0000] {dag.py:4180} INFO - Setting next_dagrun for dataset_s3_bucket_producer to None, run_after=None
[2025-03-29T17:29:18.033+0000] {processor.py:208} INFO - Processing /home/airflow/.local/lib/python3.12/site-packages/airflow/example_dags/example_dataset_alias.py took 0.466 seconds
[2025-03-29T17:29:48.975+0000] {processor.py:186} INFO - Started process (PID=531) to work on /home/airflow/.local/lib/python3.12/site-packages/airflow/example_dags/example_dataset_alias.py
[2025-03-29T17:29:48.977+0000] {processor.py:914} INFO - Processing file /home/airflow/.local/lib/python3.12/site-packages/airflow/example_dags/example_dataset_alias.py for tasks to queue
[2025-03-29T17:29:48.978+0000] {logging_mixin.py:190} INFO - [2025-03-29T17:29:48.978+0000] {dagbag.py:588} INFO - Filling up the DagBag from /home/airflow/.local/lib/python3.12/site-packages/airflow/example_dags/example_dataset_alias.py
[2025-03-29T17:29:49.431+0000] {processor.py:925} INFO - DAG(s) 'dataset_s3_bucket_consumer', 'dataset_alias_example_alias_consumer', 'dataset_alias_example_alias_producer', 'dataset_s3_bucket_producer' retrieved from /home/airflow/.local/lib/python3.12/site-packages/airflow/example_dags/example_dataset_alias.py
[2025-03-29T17:29:49.447+0000] {logging_mixin.py:190} INFO - [2025-03-29T17:29:49.447+0000] {dag.py:3239} INFO - Sync 4 DAGs
[2025-03-29T17:29:49.465+0000] {logging_mixin.py:190} INFO - [2025-03-29T17:29:49.465+0000] {dag.py:4180} INFO - Setting next_dagrun for dataset_alias_example_alias_consumer to None, run_after=None
[2025-03-29T17:29:49.467+0000] {logging_mixin.py:190} INFO - [2025-03-29T17:29:49.467+0000] {dag.py:4180} INFO - Setting next_dagrun for dataset_alias_example_alias_producer to None, run_after=None
[2025-03-29T17:29:49.468+0000] {logging_mixin.py:190} INFO - [2025-03-29T17:29:49.468+0000] {dag.py:4180} INFO - Setting next_dagrun for dataset_s3_bucket_consumer to None, run_after=None
[2025-03-29T17:29:49.469+0000] {logging_mixin.py:190} INFO - [2025-03-29T17:29:49.469+0000] {dag.py:4180} INFO - Setting next_dagrun for dataset_s3_bucket_producer to None, run_after=None
[2025-03-29T17:29:49.485+0000] {processor.py:208} INFO - Processing /home/airflow/.local/lib/python3.12/site-packages/airflow/example_dags/example_dataset_alias.py took 0.514 seconds
[2025-03-29T17:30:19.721+0000] {processor.py:186} INFO - Started process (PID=594) to work on /home/airflow/.local/lib/python3.12/site-packages/airflow/example_dags/example_dataset_alias.py
[2025-03-29T17:30:19.722+0000] {processor.py:914} INFO - Processing file /home/airflow/.local/lib/python3.12/site-packages/airflow/example_dags/example_dataset_alias.py for tasks to queue
[2025-03-29T17:30:19.724+0000] {logging_mixin.py:190} INFO - [2025-03-29T17:30:19.724+0000] {dagbag.py:588} INFO - Filling up the DagBag from /home/airflow/.local/lib/python3.12/site-packages/airflow/example_dags/example_dataset_alias.py
[2025-03-29T17:30:20.133+0000] {processor.py:925} INFO - DAG(s) 'dataset_alias_example_alias_producer', 'dataset_s3_bucket_producer', 'dataset_s3_bucket_consumer', 'dataset_alias_example_alias_consumer' retrieved from /home/airflow/.local/lib/python3.12/site-packages/airflow/example_dags/example_dataset_alias.py
[2025-03-29T17:30:20.147+0000] {logging_mixin.py:190} INFO - [2025-03-29T17:30:20.146+0000] {dag.py:3239} INFO - Sync 4 DAGs
[2025-03-29T17:30:20.162+0000] {logging_mixin.py:190} INFO - [2025-03-29T17:30:20.162+0000] {dag.py:4180} INFO - Setting next_dagrun for dataset_alias_example_alias_consumer to None, run_after=None
[2025-03-29T17:30:20.164+0000] {logging_mixin.py:190} INFO - [2025-03-29T17:30:20.164+0000] {dag.py:4180} INFO - Setting next_dagrun for dataset_alias_example_alias_producer to None, run_after=None
[2025-03-29T17:30:20.165+0000] {logging_mixin.py:190} INFO - [2025-03-29T17:30:20.165+0000] {dag.py:4180} INFO - Setting next_dagrun for dataset_s3_bucket_consumer to None, run_after=None
[2025-03-29T17:30:20.166+0000] {logging_mixin.py:190} INFO - [2025-03-29T17:30:20.166+0000] {dag.py:4180} INFO - Setting next_dagrun for dataset_s3_bucket_producer to None, run_after=None
[2025-03-29T17:30:20.182+0000] {processor.py:208} INFO - Processing /home/airflow/.local/lib/python3.12/site-packages/airflow/example_dags/example_dataset_alias.py took 0.464 seconds
[2025-03-29T17:30:51.133+0000] {processor.py:186} INFO - Started process (PID=657) to work on /home/airflow/.local/lib/python3.12/site-packages/airflow/example_dags/example_dataset_alias.py
[2025-03-29T17:30:51.135+0000] {processor.py:914} INFO - Processing file /home/airflow/.local/lib/python3.12/site-packages/airflow/example_dags/example_dataset_alias.py for tasks to queue
[2025-03-29T17:30:51.136+0000] {logging_mixin.py:190} INFO - [2025-03-29T17:30:51.136+0000] {dagbag.py:588} INFO - Filling up the DagBag from /home/airflow/.local/lib/python3.12/site-packages/airflow/example_dags/example_dataset_alias.py
[2025-03-29T17:30:51.548+0000] {processor.py:925} INFO - DAG(s) 'dataset_s3_bucket_producer', 'dataset_alias_example_alias_producer', 'dataset_alias_example_alias_consumer', 'dataset_s3_bucket_consumer' retrieved from /home/airflow/.local/lib/python3.12/site-packages/airflow/example_dags/example_dataset_alias.py
[2025-03-29T17:30:51.562+0000] {logging_mixin.py:190} INFO - [2025-03-29T17:30:51.561+0000] {dag.py:3239} INFO - Sync 4 DAGs
[2025-03-29T17:30:51.579+0000] {logging_mixin.py:190} INFO - [2025-03-29T17:30:51.578+0000] {dag.py:4180} INFO - Setting next_dagrun for dataset_alias_example_alias_consumer to None, run_after=None
[2025-03-29T17:30:51.581+0000] {logging_mixin.py:190} INFO - [2025-03-29T17:30:51.581+0000] {dag.py:4180} INFO - Setting next_dagrun for dataset_alias_example_alias_producer to None, run_after=None
[2025-03-29T17:30:51.582+0000] {logging_mixin.py:190} INFO - [2025-03-29T17:30:51.582+0000] {dag.py:4180} INFO - Setting next_dagrun for dataset_s3_bucket_consumer to None, run_after=None
[2025-03-29T17:30:51.583+0000] {logging_mixin.py:190} INFO - [2025-03-29T17:30:51.583+0000] {dag.py:4180} INFO - Setting next_dagrun for dataset_s3_bucket_producer to None, run_after=None
[2025-03-29T17:30:51.599+0000] {processor.py:208} INFO - Processing /home/airflow/.local/lib/python3.12/site-packages/airflow/example_dags/example_dataset_alias.py took 0.469 seconds
[2025-03-29T17:31:22.399+0000] {processor.py:186} INFO - Started process (PID=720) to work on /home/airflow/.local/lib/python3.12/site-packages/airflow/example_dags/example_dataset_alias.py
[2025-03-29T17:31:22.401+0000] {processor.py:914} INFO - Processing file /home/airflow/.local/lib/python3.12/site-packages/airflow/example_dags/example_dataset_alias.py for tasks to queue
[2025-03-29T17:31:22.402+0000] {logging_mixin.py:190} INFO - [2025-03-29T17:31:22.402+0000] {dagbag.py:588} INFO - Filling up the DagBag from /home/airflow/.local/lib/python3.12/site-packages/airflow/example_dags/example_dataset_alias.py
[2025-03-29T17:31:22.812+0000] {processor.py:925} INFO - DAG(s) 'dataset_alias_example_alias_producer', 'dataset_s3_bucket_consumer', 'dataset_alias_example_alias_consumer', 'dataset_s3_bucket_producer' retrieved from /home/airflow/.local/lib/python3.12/site-packages/airflow/example_dags/example_dataset_alias.py
[2025-03-29T17:31:22.826+0000] {logging_mixin.py:190} INFO - [2025-03-29T17:31:22.825+0000] {dag.py:3239} INFO - Sync 4 DAGs
[2025-03-29T17:31:22.843+0000] {logging_mixin.py:190} INFO - [2025-03-29T17:31:22.843+0000] {dag.py:4180} INFO - Setting next_dagrun for dataset_alias_example_alias_consumer to None, run_after=None
[2025-03-29T17:31:22.844+0000] {logging_mixin.py:190} INFO - [2025-03-29T17:31:22.844+0000] {dag.py:4180} INFO - Setting next_dagrun for dataset_alias_example_alias_producer to None, run_after=None
[2025-03-29T17:31:22.846+0000] {logging_mixin.py:190} INFO - [2025-03-29T17:31:22.845+0000] {dag.py:4180} INFO - Setting next_dagrun for dataset_s3_bucket_consumer to None, run_after=None
[2025-03-29T17:31:22.846+0000] {logging_mixin.py:190} INFO - [2025-03-29T17:31:22.846+0000] {dag.py:4180} INFO - Setting next_dagrun for dataset_s3_bucket_producer to None, run_after=None
[2025-03-29T17:31:22.862+0000] {processor.py:208} INFO - Processing /home/airflow/.local/lib/python3.12/site-packages/airflow/example_dags/example_dataset_alias.py took 0.466 seconds
[2025-03-29T17:31:52.965+0000] {processor.py:186} INFO - Started process (PID=783) to work on /home/airflow/.local/lib/python3.12/site-packages/airflow/example_dags/example_dataset_alias.py
[2025-03-29T17:31:52.966+0000] {processor.py:914} INFO - Processing file /home/airflow/.local/lib/python3.12/site-packages/airflow/example_dags/example_dataset_alias.py for tasks to queue
[2025-03-29T17:31:52.968+0000] {logging_mixin.py:190} INFO - [2025-03-29T17:31:52.967+0000] {dagbag.py:588} INFO - Filling up the DagBag from /home/airflow/.local/lib/python3.12/site-packages/airflow/example_dags/example_dataset_alias.py
[2025-03-29T17:31:53.372+0000] {processor.py:925} INFO - DAG(s) 'dataset_alias_example_alias_consumer', 'dataset_s3_bucket_consumer', 'dataset_alias_example_alias_producer', 'dataset_s3_bucket_producer' retrieved from /home/airflow/.local/lib/python3.12/site-packages/airflow/example_dags/example_dataset_alias.py
[2025-03-29T17:31:53.385+0000] {logging_mixin.py:190} INFO - [2025-03-29T17:31:53.385+0000] {dag.py:3239} INFO - Sync 4 DAGs
[2025-03-29T17:31:53.401+0000] {logging_mixin.py:190} INFO - [2025-03-29T17:31:53.401+0000] {dag.py:4180} INFO - Setting next_dagrun for dataset_alias_example_alias_consumer to None, run_after=None
[2025-03-29T17:31:53.403+0000] {logging_mixin.py:190} INFO - [2025-03-29T17:31:53.403+0000] {dag.py:4180} INFO - Setting next_dagrun for dataset_alias_example_alias_producer to None, run_after=None
[2025-03-29T17:31:53.404+0000] {logging_mixin.py:190} INFO - [2025-03-29T17:31:53.404+0000] {dag.py:4180} INFO - Setting next_dagrun for dataset_s3_bucket_consumer to None, run_after=None
[2025-03-29T17:31:53.405+0000] {logging_mixin.py:190} INFO - [2025-03-29T17:31:53.404+0000] {dag.py:4180} INFO - Setting next_dagrun for dataset_s3_bucket_producer to None, run_after=None
[2025-03-29T17:31:53.419+0000] {processor.py:208} INFO - Processing /home/airflow/.local/lib/python3.12/site-packages/airflow/example_dags/example_dataset_alias.py took 0.457 seconds
[2025-03-29T17:32:24.210+0000] {processor.py:186} INFO - Started process (PID=846) to work on /home/airflow/.local/lib/python3.12/site-packages/airflow/example_dags/example_dataset_alias.py
[2025-03-29T17:32:24.212+0000] {processor.py:914} INFO - Processing file /home/airflow/.local/lib/python3.12/site-packages/airflow/example_dags/example_dataset_alias.py for tasks to queue
[2025-03-29T17:32:24.214+0000] {logging_mixin.py:190} INFO - [2025-03-29T17:32:24.214+0000] {dagbag.py:588} INFO - Filling up the DagBag from /home/airflow/.local/lib/python3.12/site-packages/airflow/example_dags/example_dataset_alias.py
[2025-03-29T17:32:24.615+0000] {processor.py:925} INFO - DAG(s) 'dataset_alias_example_alias_consumer', 'dataset_s3_bucket_producer', 'dataset_s3_bucket_consumer', 'dataset_alias_example_alias_producer' retrieved from /home/airflow/.local/lib/python3.12/site-packages/airflow/example_dags/example_dataset_alias.py
[2025-03-29T17:32:24.628+0000] {logging_mixin.py:190} INFO - [2025-03-29T17:32:24.628+0000] {dag.py:3239} INFO - Sync 4 DAGs
[2025-03-29T17:32:24.644+0000] {logging_mixin.py:190} INFO - [2025-03-29T17:32:24.644+0000] {dag.py:4180} INFO - Setting next_dagrun for dataset_alias_example_alias_consumer to None, run_after=None
[2025-03-29T17:32:24.645+0000] {logging_mixin.py:190} INFO - [2025-03-29T17:32:24.645+0000] {dag.py:4180} INFO - Setting next_dagrun for dataset_alias_example_alias_producer to None, run_after=None
[2025-03-29T17:32:24.646+0000] {logging_mixin.py:190} INFO - [2025-03-29T17:32:24.646+0000] {dag.py:4180} INFO - Setting next_dagrun for dataset_s3_bucket_consumer to None, run_after=None
[2025-03-29T17:32:24.647+0000] {logging_mixin.py:190} INFO - [2025-03-29T17:32:24.647+0000] {dag.py:4180} INFO - Setting next_dagrun for dataset_s3_bucket_producer to None, run_after=None
[2025-03-29T17:32:24.662+0000] {processor.py:208} INFO - Processing /home/airflow/.local/lib/python3.12/site-packages/airflow/example_dags/example_dataset_alias.py took 0.455 seconds
[2025-03-29T17:32:54.738+0000] {processor.py:186} INFO - Started process (PID=909) to work on /home/airflow/.local/lib/python3.12/site-packages/airflow/example_dags/example_dataset_alias.py
[2025-03-29T17:32:54.741+0000] {processor.py:914} INFO - Processing file /home/airflow/.local/lib/python3.12/site-packages/airflow/example_dags/example_dataset_alias.py for tasks to queue
[2025-03-29T17:32:54.746+0000] {logging_mixin.py:190} INFO - [2025-03-29T17:32:54.745+0000] {dagbag.py:588} INFO - Filling up the DagBag from /home/airflow/.local/lib/python3.12/site-packages/airflow/example_dags/example_dataset_alias.py
[2025-03-29T17:32:55.142+0000] {processor.py:925} INFO - DAG(s) 'dataset_s3_bucket_producer', 'dataset_s3_bucket_consumer', 'dataset_alias_example_alias_consumer', 'dataset_alias_example_alias_producer' retrieved from /home/airflow/.local/lib/python3.12/site-packages/airflow/example_dags/example_dataset_alias.py
[2025-03-29T17:32:55.156+0000] {logging_mixin.py:190} INFO - [2025-03-29T17:32:55.155+0000] {dag.py:3239} INFO - Sync 4 DAGs
[2025-03-29T17:32:55.170+0000] {logging_mixin.py:190} INFO - [2025-03-29T17:32:55.170+0000] {dag.py:4180} INFO - Setting next_dagrun for dataset_alias_example_alias_consumer to None, run_after=None
[2025-03-29T17:32:55.172+0000] {logging_mixin.py:190} INFO - [2025-03-29T17:32:55.172+0000] {dag.py:4180} INFO - Setting next_dagrun for dataset_alias_example_alias_producer to None, run_after=None
[2025-03-29T17:32:55.173+0000] {logging_mixin.py:190} INFO - [2025-03-29T17:32:55.173+0000] {dag.py:4180} INFO - Setting next_dagrun for dataset_s3_bucket_consumer to None, run_after=None
[2025-03-29T17:32:55.174+0000] {logging_mixin.py:190} INFO - [2025-03-29T17:32:55.174+0000] {dag.py:4180} INFO - Setting next_dagrun for dataset_s3_bucket_producer to None, run_after=None
[2025-03-29T17:32:55.188+0000] {processor.py:208} INFO - Processing /home/airflow/.local/lib/python3.12/site-packages/airflow/example_dags/example_dataset_alias.py took 0.467 seconds
[2025-03-29T17:33:26.169+0000] {processor.py:186} INFO - Started process (PID=972) to work on /home/airflow/.local/lib/python3.12/site-packages/airflow/example_dags/example_dataset_alias.py
[2025-03-29T17:33:26.171+0000] {processor.py:914} INFO - Processing file /home/airflow/.local/lib/python3.12/site-packages/airflow/example_dags/example_dataset_alias.py for tasks to queue
[2025-03-29T17:33:26.172+0000] {logging_mixin.py:190} INFO - [2025-03-29T17:33:26.172+0000] {dagbag.py:588} INFO - Filling up the DagBag from /home/airflow/.local/lib/python3.12/site-packages/airflow/example_dags/example_dataset_alias.py
[2025-03-29T17:33:26.625+0000] {processor.py:925} INFO - DAG(s) 'dataset_alias_example_alias_consumer', 'dataset_s3_bucket_producer', 'dataset_alias_example_alias_producer', 'dataset_s3_bucket_consumer' retrieved from /home/airflow/.local/lib/python3.12/site-packages/airflow/example_dags/example_dataset_alias.py
[2025-03-29T17:33:26.642+0000] {logging_mixin.py:190} INFO - [2025-03-29T17:33:26.641+0000] {dag.py:3239} INFO - Sync 4 DAGs
[2025-03-29T17:33:26.661+0000] {logging_mixin.py:190} INFO - [2025-03-29T17:33:26.660+0000] {dag.py:4180} INFO - Setting next_dagrun for dataset_alias_example_alias_consumer to None, run_after=None
[2025-03-29T17:33:26.663+0000] {logging_mixin.py:190} INFO - [2025-03-29T17:33:26.663+0000] {dag.py:4180} INFO - Setting next_dagrun for dataset_alias_example_alias_producer to None, run_after=None
[2025-03-29T17:33:26.664+0000] {logging_mixin.py:190} INFO - [2025-03-29T17:33:26.664+0000] {dag.py:4180} INFO - Setting next_dagrun for dataset_s3_bucket_consumer to None, run_after=None
[2025-03-29T17:33:26.665+0000] {logging_mixin.py:190} INFO - [2025-03-29T17:33:26.665+0000] {dag.py:4180} INFO - Setting next_dagrun for dataset_s3_bucket_producer to None, run_after=None
[2025-03-29T17:33:26.683+0000] {processor.py:208} INFO - Processing /home/airflow/.local/lib/python3.12/site-packages/airflow/example_dags/example_dataset_alias.py took 0.518 seconds
[2025-03-29T17:33:56.822+0000] {processor.py:186} INFO - Started process (PID=1035) to work on /home/airflow/.local/lib/python3.12/site-packages/airflow/example_dags/example_dataset_alias.py
[2025-03-29T17:33:56.823+0000] {processor.py:914} INFO - Processing file /home/airflow/.local/lib/python3.12/site-packages/airflow/example_dags/example_dataset_alias.py for tasks to queue
[2025-03-29T17:33:56.825+0000] {logging_mixin.py:190} INFO - [2025-03-29T17:33:56.825+0000] {dagbag.py:588} INFO - Filling up the DagBag from /home/airflow/.local/lib/python3.12/site-packages/airflow/example_dags/example_dataset_alias.py
[2025-03-29T17:33:57.306+0000] {processor.py:925} INFO - DAG(s) 'dataset_s3_bucket_consumer', 'dataset_alias_example_alias_consumer', 'dataset_s3_bucket_producer', 'dataset_alias_example_alias_producer' retrieved from /home/airflow/.local/lib/python3.12/site-packages/airflow/example_dags/example_dataset_alias.py
[2025-03-29T17:33:57.326+0000] {logging_mixin.py:190} INFO - [2025-03-29T17:33:57.326+0000] {dag.py:3239} INFO - Sync 4 DAGs
[2025-03-29T17:33:57.346+0000] {logging_mixin.py:190} INFO - [2025-03-29T17:33:57.345+0000] {dag.py:4180} INFO - Setting next_dagrun for dataset_alias_example_alias_consumer to None, run_after=None
[2025-03-29T17:33:57.348+0000] {logging_mixin.py:190} INFO - [2025-03-29T17:33:57.348+0000] {dag.py:4180} INFO - Setting next_dagrun for dataset_alias_example_alias_producer to None, run_after=None
[2025-03-29T17:33:57.350+0000] {logging_mixin.py:190} INFO - [2025-03-29T17:33:57.349+0000] {dag.py:4180} INFO - Setting next_dagrun for dataset_s3_bucket_consumer to None, run_after=None
[2025-03-29T17:33:57.351+0000] {logging_mixin.py:190} INFO - [2025-03-29T17:33:57.351+0000] {dag.py:4180} INFO - Setting next_dagrun for dataset_s3_bucket_producer to None, run_after=None
[2025-03-29T17:33:57.369+0000] {processor.py:208} INFO - Processing /home/airflow/.local/lib/python3.12/site-packages/airflow/example_dags/example_dataset_alias.py took 0.552 seconds
[2025-03-29T17:34:28.289+0000] {processor.py:186} INFO - Started process (PID=1098) to work on /home/airflow/.local/lib/python3.12/site-packages/airflow/example_dags/example_dataset_alias.py
[2025-03-29T17:34:28.291+0000] {processor.py:914} INFO - Processing file /home/airflow/.local/lib/python3.12/site-packages/airflow/example_dags/example_dataset_alias.py for tasks to queue
[2025-03-29T17:34:28.294+0000] {logging_mixin.py:190} INFO - [2025-03-29T17:34:28.293+0000] {dagbag.py:588} INFO - Filling up the DagBag from /home/airflow/.local/lib/python3.12/site-packages/airflow/example_dags/example_dataset_alias.py
[2025-03-29T17:34:28.741+0000] {processor.py:925} INFO - DAG(s) 'dataset_alias_example_alias_producer', 'dataset_alias_example_alias_consumer', 'dataset_s3_bucket_consumer', 'dataset_s3_bucket_producer' retrieved from /home/airflow/.local/lib/python3.12/site-packages/airflow/example_dags/example_dataset_alias.py
[2025-03-29T17:34:28.754+0000] {logging_mixin.py:190} INFO - [2025-03-29T17:34:28.754+0000] {dag.py:3239} INFO - Sync 4 DAGs
[2025-03-29T17:34:28.769+0000] {logging_mixin.py:190} INFO - [2025-03-29T17:34:28.769+0000] {dag.py:4180} INFO - Setting next_dagrun for dataset_alias_example_alias_consumer to None, run_after=None
[2025-03-29T17:34:28.770+0000] {logging_mixin.py:190} INFO - [2025-03-29T17:34:28.770+0000] {dag.py:4180} INFO - Setting next_dagrun for dataset_alias_example_alias_producer to None, run_after=None
[2025-03-29T17:34:28.771+0000] {logging_mixin.py:190} INFO - [2025-03-29T17:34:28.771+0000] {dag.py:4180} INFO - Setting next_dagrun for dataset_s3_bucket_consumer to None, run_after=None
[2025-03-29T17:34:28.772+0000] {logging_mixin.py:190} INFO - [2025-03-29T17:34:28.772+0000] {dag.py:4180} INFO - Setting next_dagrun for dataset_s3_bucket_producer to None, run_after=None
[2025-03-29T17:34:28.787+0000] {processor.py:208} INFO - Processing /home/airflow/.local/lib/python3.12/site-packages/airflow/example_dags/example_dataset_alias.py took 0.502 seconds
[2025-03-29T17:34:58.934+0000] {processor.py:186} INFO - Started process (PID=1161) to work on /home/airflow/.local/lib/python3.12/site-packages/airflow/example_dags/example_dataset_alias.py
[2025-03-29T17:34:58.936+0000] {processor.py:914} INFO - Processing file /home/airflow/.local/lib/python3.12/site-packages/airflow/example_dags/example_dataset_alias.py for tasks to queue
[2025-03-29T17:34:58.940+0000] {logging_mixin.py:190} INFO - [2025-03-29T17:34:58.940+0000] {dagbag.py:588} INFO - Filling up the DagBag from /home/airflow/.local/lib/python3.12/site-packages/airflow/example_dags/example_dataset_alias.py
[2025-03-29T17:34:59.509+0000] {processor.py:925} INFO - DAG(s) 'dataset_alias_example_alias_consumer', 'dataset_alias_example_alias_producer', 'dataset_s3_bucket_producer', 'dataset_s3_bucket_consumer' retrieved from /home/airflow/.local/lib/python3.12/site-packages/airflow/example_dags/example_dataset_alias.py
[2025-03-29T17:34:59.525+0000] {logging_mixin.py:190} INFO - [2025-03-29T17:34:59.525+0000] {dag.py:3239} INFO - Sync 4 DAGs
[2025-03-29T17:34:59.545+0000] {logging_mixin.py:190} INFO - [2025-03-29T17:34:59.545+0000] {dag.py:4180} INFO - Setting next_dagrun for dataset_alias_example_alias_consumer to None, run_after=None
[2025-03-29T17:34:59.547+0000] {logging_mixin.py:190} INFO - [2025-03-29T17:34:59.547+0000] {dag.py:4180} INFO - Setting next_dagrun for dataset_alias_example_alias_producer to None, run_after=None
[2025-03-29T17:34:59.548+0000] {logging_mixin.py:190} INFO - [2025-03-29T17:34:59.548+0000] {dag.py:4180} INFO - Setting next_dagrun for dataset_s3_bucket_consumer to None, run_after=None
[2025-03-29T17:34:59.548+0000] {logging_mixin.py:190} INFO - [2025-03-29T17:34:59.548+0000] {dag.py:4180} INFO - Setting next_dagrun for dataset_s3_bucket_producer to None, run_after=None
[2025-03-29T17:34:59.567+0000] {processor.py:208} INFO - Processing /home/airflow/.local/lib/python3.12/site-packages/airflow/example_dags/example_dataset_alias.py took 0.642 seconds
[2025-03-29T17:35:30.258+0000] {processor.py:186} INFO - Started process (PID=1224) to work on /home/airflow/.local/lib/python3.12/site-packages/airflow/example_dags/example_dataset_alias.py
[2025-03-29T17:35:30.260+0000] {processor.py:914} INFO - Processing file /home/airflow/.local/lib/python3.12/site-packages/airflow/example_dags/example_dataset_alias.py for tasks to queue
[2025-03-29T17:35:30.263+0000] {logging_mixin.py:190} INFO - [2025-03-29T17:35:30.262+0000] {dagbag.py:588} INFO - Filling up the DagBag from /home/airflow/.local/lib/python3.12/site-packages/airflow/example_dags/example_dataset_alias.py
[2025-03-29T17:35:30.824+0000] {processor.py:925} INFO - DAG(s) 'dataset_s3_bucket_producer', 'dataset_s3_bucket_consumer', 'dataset_alias_example_alias_consumer', 'dataset_alias_example_alias_producer' retrieved from /home/airflow/.local/lib/python3.12/site-packages/airflow/example_dags/example_dataset_alias.py
[2025-03-29T17:35:30.851+0000] {logging_mixin.py:190} INFO - [2025-03-29T17:35:30.850+0000] {dag.py:3239} INFO - Sync 4 DAGs
[2025-03-29T17:35:30.873+0000] {logging_mixin.py:190} INFO - [2025-03-29T17:35:30.873+0000] {dag.py:4180} INFO - Setting next_dagrun for dataset_alias_example_alias_consumer to None, run_after=None
[2025-03-29T17:35:30.875+0000] {logging_mixin.py:190} INFO - [2025-03-29T17:35:30.875+0000] {dag.py:4180} INFO - Setting next_dagrun for dataset_alias_example_alias_producer to None, run_after=None
[2025-03-29T17:35:30.876+0000] {logging_mixin.py:190} INFO - [2025-03-29T17:35:30.876+0000] {dag.py:4180} INFO - Setting next_dagrun for dataset_s3_bucket_consumer to None, run_after=None
[2025-03-29T17:35:30.877+0000] {logging_mixin.py:190} INFO - [2025-03-29T17:35:30.877+0000] {dag.py:4180} INFO - Setting next_dagrun for dataset_s3_bucket_producer to None, run_after=None
[2025-03-29T17:35:30.898+0000] {processor.py:208} INFO - Processing /home/airflow/.local/lib/python3.12/site-packages/airflow/example_dags/example_dataset_alias.py took 0.643 seconds
[2025-03-29T17:36:01.180+0000] {processor.py:186} INFO - Started process (PID=1287) to work on /home/airflow/.local/lib/python3.12/site-packages/airflow/example_dags/example_dataset_alias.py
[2025-03-29T17:36:01.181+0000] {processor.py:914} INFO - Processing file /home/airflow/.local/lib/python3.12/site-packages/airflow/example_dags/example_dataset_alias.py for tasks to queue
[2025-03-29T17:36:01.183+0000] {logging_mixin.py:190} INFO - [2025-03-29T17:36:01.183+0000] {dagbag.py:588} INFO - Filling up the DagBag from /home/airflow/.local/lib/python3.12/site-packages/airflow/example_dags/example_dataset_alias.py
[2025-03-29T17:36:01.673+0000] {processor.py:925} INFO - DAG(s) 'dataset_s3_bucket_producer', 'dataset_alias_example_alias_consumer', 'dataset_alias_example_alias_producer', 'dataset_s3_bucket_consumer' retrieved from /home/airflow/.local/lib/python3.12/site-packages/airflow/example_dags/example_dataset_alias.py
[2025-03-29T17:36:01.689+0000] {logging_mixin.py:190} INFO - [2025-03-29T17:36:01.689+0000] {dag.py:3239} INFO - Sync 4 DAGs
[2025-03-29T17:36:01.704+0000] {logging_mixin.py:190} INFO - [2025-03-29T17:36:01.704+0000] {dag.py:4180} INFO - Setting next_dagrun for dataset_alias_example_alias_consumer to None, run_after=None
[2025-03-29T17:36:01.705+0000] {logging_mixin.py:190} INFO - [2025-03-29T17:36:01.705+0000] {dag.py:4180} INFO - Setting next_dagrun for dataset_alias_example_alias_producer to None, run_after=None
[2025-03-29T17:36:01.706+0000] {logging_mixin.py:190} INFO - [2025-03-29T17:36:01.706+0000] {dag.py:4180} INFO - Setting next_dagrun for dataset_s3_bucket_consumer to None, run_after=None
[2025-03-29T17:36:01.707+0000] {logging_mixin.py:190} INFO - [2025-03-29T17:36:01.707+0000] {dag.py:4180} INFO - Setting next_dagrun for dataset_s3_bucket_producer to None, run_after=None
[2025-03-29T17:36:01.721+0000] {processor.py:208} INFO - Processing /home/airflow/.local/lib/python3.12/site-packages/airflow/example_dags/example_dataset_alias.py took 0.545 seconds
[2025-03-29T17:36:32.572+0000] {processor.py:186} INFO - Started process (PID=1350) to work on /home/airflow/.local/lib/python3.12/site-packages/airflow/example_dags/example_dataset_alias.py
[2025-03-29T17:36:32.574+0000] {processor.py:914} INFO - Processing file /home/airflow/.local/lib/python3.12/site-packages/airflow/example_dags/example_dataset_alias.py for tasks to queue
[2025-03-29T17:36:32.576+0000] {logging_mixin.py:190} INFO - [2025-03-29T17:36:32.576+0000] {dagbag.py:588} INFO - Filling up the DagBag from /home/airflow/.local/lib/python3.12/site-packages/airflow/example_dags/example_dataset_alias.py
[2025-03-29T17:36:33.022+0000] {processor.py:925} INFO - DAG(s) 'dataset_s3_bucket_consumer', 'dataset_s3_bucket_producer', 'dataset_alias_example_alias_producer', 'dataset_alias_example_alias_consumer' retrieved from /home/airflow/.local/lib/python3.12/site-packages/airflow/example_dags/example_dataset_alias.py
[2025-03-29T17:36:33.039+0000] {logging_mixin.py:190} INFO - [2025-03-29T17:36:33.039+0000] {dag.py:3239} INFO - Sync 4 DAGs
[2025-03-29T17:36:33.055+0000] {logging_mixin.py:190} INFO - [2025-03-29T17:36:33.055+0000] {dag.py:4180} INFO - Setting next_dagrun for dataset_alias_example_alias_consumer to None, run_after=None
[2025-03-29T17:36:33.057+0000] {logging_mixin.py:190} INFO - [2025-03-29T17:36:33.056+0000] {dag.py:4180} INFO - Setting next_dagrun for dataset_alias_example_alias_producer to None, run_after=None
[2025-03-29T17:36:33.058+0000] {logging_mixin.py:190} INFO - [2025-03-29T17:36:33.057+0000] {dag.py:4180} INFO - Setting next_dagrun for dataset_s3_bucket_consumer to None, run_after=None
[2025-03-29T17:36:33.058+0000] {logging_mixin.py:190} INFO - [2025-03-29T17:36:33.058+0000] {dag.py:4180} INFO - Setting next_dagrun for dataset_s3_bucket_producer to None, run_after=None
[2025-03-29T17:36:33.075+0000] {processor.py:208} INFO - Processing /home/airflow/.local/lib/python3.12/site-packages/airflow/example_dags/example_dataset_alias.py took 0.506 seconds
[2025-03-29T17:37:03.754+0000] {processor.py:186} INFO - Started process (PID=1413) to work on /home/airflow/.local/lib/python3.12/site-packages/airflow/example_dags/example_dataset_alias.py
[2025-03-29T17:37:03.756+0000] {processor.py:914} INFO - Processing file /home/airflow/.local/lib/python3.12/site-packages/airflow/example_dags/example_dataset_alias.py for tasks to queue
[2025-03-29T17:37:03.757+0000] {logging_mixin.py:190} INFO - [2025-03-29T17:37:03.757+0000] {dagbag.py:588} INFO - Filling up the DagBag from /home/airflow/.local/lib/python3.12/site-packages/airflow/example_dags/example_dataset_alias.py
[2025-03-29T17:37:04.250+0000] {processor.py:925} INFO - DAG(s) 'dataset_alias_example_alias_consumer', 'dataset_alias_example_alias_producer', 'dataset_s3_bucket_consumer', 'dataset_s3_bucket_producer' retrieved from /home/airflow/.local/lib/python3.12/site-packages/airflow/example_dags/example_dataset_alias.py
[2025-03-29T17:37:04.265+0000] {logging_mixin.py:190} INFO - [2025-03-29T17:37:04.264+0000] {dag.py:3239} INFO - Sync 4 DAGs
[2025-03-29T17:37:04.282+0000] {logging_mixin.py:190} INFO - [2025-03-29T17:37:04.282+0000] {dag.py:4180} INFO - Setting next_dagrun for dataset_alias_example_alias_consumer to None, run_after=None
[2025-03-29T17:37:04.284+0000] {logging_mixin.py:190} INFO - [2025-03-29T17:37:04.284+0000] {dag.py:4180} INFO - Setting next_dagrun for dataset_alias_example_alias_producer to None, run_after=None
[2025-03-29T17:37:04.285+0000] {logging_mixin.py:190} INFO - [2025-03-29T17:37:04.285+0000] {dag.py:4180} INFO - Setting next_dagrun for dataset_s3_bucket_consumer to None, run_after=None
[2025-03-29T17:37:04.286+0000] {logging_mixin.py:190} INFO - [2025-03-29T17:37:04.286+0000] {dag.py:4180} INFO - Setting next_dagrun for dataset_s3_bucket_producer to None, run_after=None
[2025-03-29T17:37:04.302+0000] {processor.py:208} INFO - Processing /home/airflow/.local/lib/python3.12/site-packages/airflow/example_dags/example_dataset_alias.py took 0.551 seconds
[2025-03-29T17:37:34.877+0000] {processor.py:186} INFO - Started process (PID=1476) to work on /home/airflow/.local/lib/python3.12/site-packages/airflow/example_dags/example_dataset_alias.py
[2025-03-29T17:37:34.879+0000] {processor.py:914} INFO - Processing file /home/airflow/.local/lib/python3.12/site-packages/airflow/example_dags/example_dataset_alias.py for tasks to queue
[2025-03-29T17:37:34.880+0000] {logging_mixin.py:190} INFO - [2025-03-29T17:37:34.880+0000] {dagbag.py:588} INFO - Filling up the DagBag from /home/airflow/.local/lib/python3.12/site-packages/airflow/example_dags/example_dataset_alias.py
[2025-03-29T17:37:35.295+0000] {processor.py:925} INFO - DAG(s) 'dataset_alias_example_alias_producer', 'dataset_alias_example_alias_consumer', 'dataset_s3_bucket_consumer', 'dataset_s3_bucket_producer' retrieved from /home/airflow/.local/lib/python3.12/site-packages/airflow/example_dags/example_dataset_alias.py
[2025-03-29T17:37:35.308+0000] {logging_mixin.py:190} INFO - [2025-03-29T17:37:35.308+0000] {dag.py:3239} INFO - Sync 4 DAGs
[2025-03-29T17:37:35.323+0000] {logging_mixin.py:190} INFO - [2025-03-29T17:37:35.323+0000] {dag.py:4180} INFO - Setting next_dagrun for dataset_alias_example_alias_consumer to None, run_after=None
[2025-03-29T17:37:35.325+0000] {logging_mixin.py:190} INFO - [2025-03-29T17:37:35.325+0000] {dag.py:4180} INFO - Setting next_dagrun for dataset_alias_example_alias_producer to None, run_after=None
[2025-03-29T17:37:35.326+0000] {logging_mixin.py:190} INFO - [2025-03-29T17:37:35.326+0000] {dag.py:4180} INFO - Setting next_dagrun for dataset_s3_bucket_consumer to None, run_after=None
[2025-03-29T17:37:35.327+0000] {logging_mixin.py:190} INFO - [2025-03-29T17:37:35.327+0000] {dag.py:4180} INFO - Setting next_dagrun for dataset_s3_bucket_producer to None, run_after=None
[2025-03-29T17:37:35.341+0000] {processor.py:208} INFO - Processing /home/airflow/.local/lib/python3.12/site-packages/airflow/example_dags/example_dataset_alias.py took 0.469 seconds
[2025-03-29T17:38:05.743+0000] {processor.py:186} INFO - Started process (PID=1539) to work on /home/airflow/.local/lib/python3.12/site-packages/airflow/example_dags/example_dataset_alias.py
[2025-03-29T17:38:05.745+0000] {processor.py:914} INFO - Processing file /home/airflow/.local/lib/python3.12/site-packages/airflow/example_dags/example_dataset_alias.py for tasks to queue
[2025-03-29T17:38:05.746+0000] {logging_mixin.py:190} INFO - [2025-03-29T17:38:05.746+0000] {dagbag.py:588} INFO - Filling up the DagBag from /home/airflow/.local/lib/python3.12/site-packages/airflow/example_dags/example_dataset_alias.py
[2025-03-29T17:38:06.175+0000] {processor.py:925} INFO - DAG(s) 'dataset_alias_example_alias_producer', 'dataset_alias_example_alias_consumer', 'dataset_s3_bucket_producer', 'dataset_s3_bucket_consumer' retrieved from /home/airflow/.local/lib/python3.12/site-packages/airflow/example_dags/example_dataset_alias.py
[2025-03-29T17:38:06.188+0000] {logging_mixin.py:190} INFO - [2025-03-29T17:38:06.188+0000] {dag.py:3239} INFO - Sync 4 DAGs
[2025-03-29T17:38:06.205+0000] {logging_mixin.py:190} INFO - [2025-03-29T17:38:06.205+0000] {dag.py:4180} INFO - Setting next_dagrun for dataset_alias_example_alias_consumer to None, run_after=None
[2025-03-29T17:38:06.207+0000] {logging_mixin.py:190} INFO - [2025-03-29T17:38:06.207+0000] {dag.py:4180} INFO - Setting next_dagrun for dataset_alias_example_alias_producer to None, run_after=None
[2025-03-29T17:38:06.208+0000] {logging_mixin.py:190} INFO - [2025-03-29T17:38:06.208+0000] {dag.py:4180} INFO - Setting next_dagrun for dataset_s3_bucket_consumer to None, run_after=None
[2025-03-29T17:38:06.209+0000] {logging_mixin.py:190} INFO - [2025-03-29T17:38:06.209+0000] {dag.py:4180} INFO - Setting next_dagrun for dataset_s3_bucket_producer to None, run_after=None
[2025-03-29T17:38:06.224+0000] {processor.py:208} INFO - Processing /home/airflow/.local/lib/python3.12/site-packages/airflow/example_dags/example_dataset_alias.py took 0.484 seconds
[2025-03-29T17:38:36.813+0000] {processor.py:186} INFO - Started process (PID=1602) to work on /home/airflow/.local/lib/python3.12/site-packages/airflow/example_dags/example_dataset_alias.py
[2025-03-29T17:38:36.910+0000] {processor.py:914} INFO - Processing file /home/airflow/.local/lib/python3.12/site-packages/airflow/example_dags/example_dataset_alias.py for tasks to queue
[2025-03-29T17:38:36.915+0000] {logging_mixin.py:190} INFO - [2025-03-29T17:38:36.915+0000] {dagbag.py:588} INFO - Filling up the DagBag from /home/airflow/.local/lib/python3.12/site-packages/airflow/example_dags/example_dataset_alias.py
[2025-03-29T17:38:37.309+0000] {processor.py:925} INFO - DAG(s) 'dataset_s3_bucket_consumer', 'dataset_alias_example_alias_consumer', 'dataset_alias_example_alias_producer', 'dataset_s3_bucket_producer' retrieved from /home/airflow/.local/lib/python3.12/site-packages/airflow/example_dags/example_dataset_alias.py
[2025-03-29T17:38:37.438+0000] {logging_mixin.py:190} INFO - [2025-03-29T17:38:37.437+0000] {dag.py:3239} INFO - Sync 4 DAGs
[2025-03-29T17:38:37.457+0000] {logging_mixin.py:190} INFO - [2025-03-29T17:38:37.457+0000] {dag.py:4180} INFO - Setting next_dagrun for dataset_alias_example_alias_consumer to None, run_after=None
[2025-03-29T17:38:37.459+0000] {logging_mixin.py:190} INFO - [2025-03-29T17:38:37.459+0000] {dag.py:4180} INFO - Setting next_dagrun for dataset_alias_example_alias_producer to None, run_after=None
[2025-03-29T17:38:37.461+0000] {logging_mixin.py:190} INFO - [2025-03-29T17:38:37.461+0000] {dag.py:4180} INFO - Setting next_dagrun for dataset_s3_bucket_consumer to None, run_after=None
[2025-03-29T17:38:37.462+0000] {logging_mixin.py:190} INFO - [2025-03-29T17:38:37.461+0000] {dag.py:4180} INFO - Setting next_dagrun for dataset_s3_bucket_producer to None, run_after=None
[2025-03-29T17:38:37.488+0000] {processor.py:208} INFO - Processing /home/airflow/.local/lib/python3.12/site-packages/airflow/example_dags/example_dataset_alias.py took 0.679 seconds
