[2025-03-29T17:15:49.886+0000] {processor.py:186} INFO - Started process (PID=83) to work on /home/airflow/.local/lib/python3.12/site-packages/airflow/example_dags/example_outlet_event_extra.py
[2025-03-29T17:15:49.887+0000] {processor.py:914} INFO - Processing file /home/airflow/.local/lib/python3.12/site-packages/airflow/example_dags/example_outlet_event_extra.py for tasks to queue
[2025-03-29T17:15:49.888+0000] {logging_mixin.py:190} INFO - [2025-03-29T17:15:49.888+0000] {dagbag.py:588} INFO - Filling up the DagBag from /home/airflow/.local/lib/python3.12/site-packages/airflow/example_dags/example_outlet_event_extra.py
[2025-03-29T17:15:50.331+0000] {processor.py:925} INFO - DAG(s) 'dataset_with_extra_by_yield', 'dataset_with_extra_from_classic_operator', 'dataset_with_extra_by_context' retrieved from /home/airflow/.local/lib/python3.12/site-packages/airflow/example_dags/example_outlet_event_extra.py
[2025-03-29T17:15:50.406+0000] {logging_mixin.py:190} INFO - [2025-03-29T17:15:50.405+0000] {override.py:1912} INFO - Created Permission View: can delete on DAG:dataset_with_extra_by_yield
[2025-03-29T17:15:50.413+0000] {logging_mixin.py:190} INFO - [2025-03-29T17:15:50.413+0000] {override.py:1912} INFO - Created Permission View: can edit on DAG:dataset_with_extra_by_yield
[2025-03-29T17:15:50.418+0000] {logging_mixin.py:190} INFO - [2025-03-29T17:15:50.418+0000] {override.py:1912} INFO - Created Permission View: can read on DAG:dataset_with_extra_by_yield
[2025-03-29T17:15:50.423+0000] {logging_mixin.py:190} INFO - [2025-03-29T17:15:50.423+0000] {override.py:1912} INFO - Created Permission View: can delete on DAG Run:dataset_with_extra_by_yield
[2025-03-29T17:15:50.428+0000] {logging_mixin.py:190} INFO - [2025-03-29T17:15:50.427+0000] {override.py:1912} INFO - Created Permission View: menu access on DAG Run:dataset_with_extra_by_yield
[2025-03-29T17:15:50.432+0000] {logging_mixin.py:190} INFO - [2025-03-29T17:15:50.432+0000] {override.py:1912} INFO - Created Permission View: can read on DAG Run:dataset_with_extra_by_yield
[2025-03-29T17:15:50.437+0000] {logging_mixin.py:190} INFO - [2025-03-29T17:15:50.436+0000] {override.py:1912} INFO - Created Permission View: can create on DAG Run:dataset_with_extra_by_yield
[2025-03-29T17:15:50.446+0000] {logging_mixin.py:190} INFO - [2025-03-29T17:15:50.446+0000] {override.py:1912} INFO - Created Permission View: can delete on DAG:dataset_with_extra_from_classic_operator
[2025-03-29T17:15:50.451+0000] {logging_mixin.py:190} INFO - [2025-03-29T17:15:50.451+0000] {override.py:1912} INFO - Created Permission View: can edit on DAG:dataset_with_extra_from_classic_operator
[2025-03-29T17:15:50.455+0000] {logging_mixin.py:190} INFO - [2025-03-29T17:15:50.455+0000] {override.py:1912} INFO - Created Permission View: can read on DAG:dataset_with_extra_from_classic_operator
[2025-03-29T17:15:50.460+0000] {logging_mixin.py:190} INFO - [2025-03-29T17:15:50.460+0000] {override.py:1912} INFO - Created Permission View: can delete on DAG Run:dataset_with_extra_from_classic_operator
[2025-03-29T17:15:50.464+0000] {logging_mixin.py:190} INFO - [2025-03-29T17:15:50.464+0000] {override.py:1912} INFO - Created Permission View: menu access on DAG Run:dataset_with_extra_from_classic_operator
[2025-03-29T17:15:50.468+0000] {logging_mixin.py:190} INFO - [2025-03-29T17:15:50.468+0000] {override.py:1912} INFO - Created Permission View: can read on DAG Run:dataset_with_extra_from_classic_operator
[2025-03-29T17:15:50.474+0000] {logging_mixin.py:190} INFO - [2025-03-29T17:15:50.474+0000] {override.py:1912} INFO - Created Permission View: can create on DAG Run:dataset_with_extra_from_classic_operator
[2025-03-29T17:15:50.483+0000] {logging_mixin.py:190} INFO - [2025-03-29T17:15:50.482+0000] {override.py:1912} INFO - Created Permission View: can delete on DAG:dataset_with_extra_by_context
[2025-03-29T17:15:50.487+0000] {logging_mixin.py:190} INFO - [2025-03-29T17:15:50.487+0000] {override.py:1912} INFO - Created Permission View: can edit on DAG:dataset_with_extra_by_context
[2025-03-29T17:15:50.492+0000] {logging_mixin.py:190} INFO - [2025-03-29T17:15:50.492+0000] {override.py:1912} INFO - Created Permission View: can read on DAG:dataset_with_extra_by_context
[2025-03-29T17:15:50.497+0000] {logging_mixin.py:190} INFO - [2025-03-29T17:15:50.497+0000] {override.py:1912} INFO - Created Permission View: can delete on DAG Run:dataset_with_extra_by_context
[2025-03-29T17:15:50.501+0000] {logging_mixin.py:190} INFO - [2025-03-29T17:15:50.501+0000] {override.py:1912} INFO - Created Permission View: menu access on DAG Run:dataset_with_extra_by_context
[2025-03-29T17:15:50.506+0000] {logging_mixin.py:190} INFO - [2025-03-29T17:15:50.505+0000] {override.py:1912} INFO - Created Permission View: can read on DAG Run:dataset_with_extra_by_context
[2025-03-29T17:15:50.510+0000] {logging_mixin.py:190} INFO - [2025-03-29T17:15:50.509+0000] {override.py:1912} INFO - Created Permission View: can create on DAG Run:dataset_with_extra_by_context
[2025-03-29T17:15:50.510+0000] {logging_mixin.py:190} INFO - [2025-03-29T17:15:50.510+0000] {dag.py:3239} INFO - Sync 3 DAGs
[2025-03-29T17:15:50.520+0000] {logging_mixin.py:190} INFO - [2025-03-29T17:15:50.519+0000] {dag.py:3262} INFO - Creating ORM DAG for dataset_with_extra_by_context
[2025-03-29T17:15:50.520+0000] {logging_mixin.py:190} INFO - [2025-03-29T17:15:50.520+0000] {dag.py:3262} INFO - Creating ORM DAG for dataset_with_extra_from_classic_operator
[2025-03-29T17:15:50.520+0000] {logging_mixin.py:190} INFO - [2025-03-29T17:15:50.520+0000] {dag.py:3262} INFO - Creating ORM DAG for dataset_with_extra_by_yield
[2025-03-29T17:15:50.528+0000] {logging_mixin.py:190} INFO - [2025-03-29T17:15:50.528+0000] {dag.py:4180} INFO - Setting next_dagrun for dataset_with_extra_by_context to 2025-03-28 00:00:00+00:00, run_after=2025-03-29 00:00:00+00:00
[2025-03-29T17:15:50.529+0000] {logging_mixin.py:190} INFO - [2025-03-29T17:15:50.529+0000] {dag.py:4180} INFO - Setting next_dagrun for dataset_with_extra_by_yield to 2025-03-28 00:00:00+00:00, run_after=2025-03-29 00:00:00+00:00
[2025-03-29T17:15:50.531+0000] {logging_mixin.py:190} INFO - [2025-03-29T17:15:50.531+0000] {dag.py:4180} INFO - Setting next_dagrun for dataset_with_extra_from_classic_operator to 2025-03-28 00:00:00+00:00, run_after=2025-03-29 00:00:00+00:00
[2025-03-29T17:15:50.547+0000] {processor.py:208} INFO - Processing /home/airflow/.local/lib/python3.12/site-packages/airflow/example_dags/example_outlet_event_extra.py took 0.664 seconds
[2025-03-29T17:16:20.981+0000] {processor.py:186} INFO - Started process (PID=148) to work on /home/airflow/.local/lib/python3.12/site-packages/airflow/example_dags/example_outlet_event_extra.py
[2025-03-29T17:16:20.982+0000] {processor.py:914} INFO - Processing file /home/airflow/.local/lib/python3.12/site-packages/airflow/example_dags/example_outlet_event_extra.py for tasks to queue
[2025-03-29T17:16:20.984+0000] {logging_mixin.py:190} INFO - [2025-03-29T17:16:20.983+0000] {dagbag.py:588} INFO - Filling up the DagBag from /home/airflow/.local/lib/python3.12/site-packages/airflow/example_dags/example_outlet_event_extra.py
[2025-03-29T17:16:21.404+0000] {processor.py:925} INFO - DAG(s) 'dataset_with_extra_from_classic_operator', 'dataset_with_extra_by_yield', 'dataset_with_extra_by_context' retrieved from /home/airflow/.local/lib/python3.12/site-packages/airflow/example_dags/example_outlet_event_extra.py
[2025-03-29T17:16:21.419+0000] {logging_mixin.py:190} INFO - [2025-03-29T17:16:21.419+0000] {dag.py:3239} INFO - Sync 3 DAGs
[2025-03-29T17:16:21.436+0000] {logging_mixin.py:190} INFO - [2025-03-29T17:16:21.436+0000] {dag.py:4180} INFO - Setting next_dagrun for dataset_with_extra_by_context to 2025-03-28 00:00:00+00:00, run_after=2025-03-29 00:00:00+00:00
[2025-03-29T17:16:21.439+0000] {logging_mixin.py:190} INFO - [2025-03-29T17:16:21.439+0000] {dag.py:4180} INFO - Setting next_dagrun for dataset_with_extra_by_yield to 2025-03-28 00:00:00+00:00, run_after=2025-03-29 00:00:00+00:00
[2025-03-29T17:16:21.441+0000] {logging_mixin.py:190} INFO - [2025-03-29T17:16:21.441+0000] {dag.py:4180} INFO - Setting next_dagrun for dataset_with_extra_from_classic_operator to 2025-03-28 00:00:00+00:00, run_after=2025-03-29 00:00:00+00:00
[2025-03-29T17:16:21.455+0000] {processor.py:208} INFO - Processing /home/airflow/.local/lib/python3.12/site-packages/airflow/example_dags/example_outlet_event_extra.py took 0.477 seconds
[2025-03-29T17:16:51.531+0000] {processor.py:186} INFO - Started process (PID=209) to work on /home/airflow/.local/lib/python3.12/site-packages/airflow/example_dags/example_outlet_event_extra.py
[2025-03-29T17:16:51.531+0000] {processor.py:914} INFO - Processing file /home/airflow/.local/lib/python3.12/site-packages/airflow/example_dags/example_outlet_event_extra.py for tasks to queue
[2025-03-29T17:16:51.533+0000] {logging_mixin.py:190} INFO - [2025-03-29T17:16:51.532+0000] {dagbag.py:588} INFO - Filling up the DagBag from /home/airflow/.local/lib/python3.12/site-packages/airflow/example_dags/example_outlet_event_extra.py
[2025-03-29T17:16:51.935+0000] {processor.py:925} INFO - DAG(s) 'dataset_with_extra_from_classic_operator', 'dataset_with_extra_by_yield', 'dataset_with_extra_by_context' retrieved from /home/airflow/.local/lib/python3.12/site-packages/airflow/example_dags/example_outlet_event_extra.py
[2025-03-29T17:16:51.949+0000] {logging_mixin.py:190} INFO - [2025-03-29T17:16:51.949+0000] {dag.py:3239} INFO - Sync 3 DAGs
[2025-03-29T17:16:51.966+0000] {logging_mixin.py:190} INFO - [2025-03-29T17:16:51.966+0000] {dag.py:4180} INFO - Setting next_dagrun for dataset_with_extra_by_context to 2025-03-28 00:00:00+00:00, run_after=2025-03-29 00:00:00+00:00
[2025-03-29T17:16:51.970+0000] {logging_mixin.py:190} INFO - [2025-03-29T17:16:51.969+0000] {dag.py:4180} INFO - Setting next_dagrun for dataset_with_extra_by_yield to 2025-03-28 00:00:00+00:00, run_after=2025-03-29 00:00:00+00:00
[2025-03-29T17:16:51.973+0000] {logging_mixin.py:190} INFO - [2025-03-29T17:16:51.972+0000] {dag.py:4180} INFO - Setting next_dagrun for dataset_with_extra_from_classic_operator to 2025-03-28 00:00:00+00:00, run_after=2025-03-29 00:00:00+00:00
[2025-03-29T17:16:51.989+0000] {processor.py:208} INFO - Processing /home/airflow/.local/lib/python3.12/site-packages/airflow/example_dags/example_outlet_event_extra.py took 0.462 seconds
[2025-03-29T17:17:22.858+0000] {processor.py:186} INFO - Started process (PID=272) to work on /home/airflow/.local/lib/python3.12/site-packages/airflow/example_dags/example_outlet_event_extra.py
[2025-03-29T17:17:22.858+0000] {processor.py:914} INFO - Processing file /home/airflow/.local/lib/python3.12/site-packages/airflow/example_dags/example_outlet_event_extra.py for tasks to queue
[2025-03-29T17:17:22.860+0000] {logging_mixin.py:190} INFO - [2025-03-29T17:17:22.859+0000] {dagbag.py:588} INFO - Filling up the DagBag from /home/airflow/.local/lib/python3.12/site-packages/airflow/example_dags/example_outlet_event_extra.py
[2025-03-29T17:17:23.268+0000] {processor.py:925} INFO - DAG(s) 'dataset_with_extra_from_classic_operator', 'dataset_with_extra_by_context', 'dataset_with_extra_by_yield' retrieved from /home/airflow/.local/lib/python3.12/site-packages/airflow/example_dags/example_outlet_event_extra.py
[2025-03-29T17:17:23.282+0000] {logging_mixin.py:190} INFO - [2025-03-29T17:17:23.282+0000] {dag.py:3239} INFO - Sync 3 DAGs
[2025-03-29T17:17:23.299+0000] {logging_mixin.py:190} INFO - [2025-03-29T17:17:23.299+0000] {dag.py:4180} INFO - Setting next_dagrun for dataset_with_extra_by_context to 2025-03-28 00:00:00+00:00, run_after=2025-03-29 00:00:00+00:00
[2025-03-29T17:17:23.303+0000] {logging_mixin.py:190} INFO - [2025-03-29T17:17:23.303+0000] {dag.py:4180} INFO - Setting next_dagrun for dataset_with_extra_by_yield to 2025-03-28 00:00:00+00:00, run_after=2025-03-29 00:00:00+00:00
[2025-03-29T17:17:23.305+0000] {logging_mixin.py:190} INFO - [2025-03-29T17:17:23.305+0000] {dag.py:4180} INFO - Setting next_dagrun for dataset_with_extra_from_classic_operator to 2025-03-28 00:00:00+00:00, run_after=2025-03-29 00:00:00+00:00
[2025-03-29T17:17:23.320+0000] {processor.py:208} INFO - Processing /home/airflow/.local/lib/python3.12/site-packages/airflow/example_dags/example_outlet_event_extra.py took 0.465 seconds
[2025-03-29T17:17:54.255+0000] {processor.py:186} INFO - Started process (PID=335) to work on /home/airflow/.local/lib/python3.12/site-packages/airflow/example_dags/example_outlet_event_extra.py
[2025-03-29T17:17:54.256+0000] {processor.py:914} INFO - Processing file /home/airflow/.local/lib/python3.12/site-packages/airflow/example_dags/example_outlet_event_extra.py for tasks to queue
[2025-03-29T17:17:54.257+0000] {logging_mixin.py:190} INFO - [2025-03-29T17:17:54.257+0000] {dagbag.py:588} INFO - Filling up the DagBag from /home/airflow/.local/lib/python3.12/site-packages/airflow/example_dags/example_outlet_event_extra.py
[2025-03-29T17:17:54.657+0000] {processor.py:925} INFO - DAG(s) 'dataset_with_extra_by_context', 'dataset_with_extra_from_classic_operator', 'dataset_with_extra_by_yield' retrieved from /home/airflow/.local/lib/python3.12/site-packages/airflow/example_dags/example_outlet_event_extra.py
[2025-03-29T17:17:54.675+0000] {logging_mixin.py:190} INFO - [2025-03-29T17:17:54.675+0000] {dag.py:3239} INFO - Sync 3 DAGs
[2025-03-29T17:17:54.693+0000] {logging_mixin.py:190} INFO - [2025-03-29T17:17:54.692+0000] {dag.py:4180} INFO - Setting next_dagrun for dataset_with_extra_by_context to 2025-03-28 00:00:00+00:00, run_after=2025-03-29 00:00:00+00:00
[2025-03-29T17:17:54.696+0000] {logging_mixin.py:190} INFO - [2025-03-29T17:17:54.696+0000] {dag.py:4180} INFO - Setting next_dagrun for dataset_with_extra_by_yield to 2025-03-28 00:00:00+00:00, run_after=2025-03-29 00:00:00+00:00
[2025-03-29T17:17:54.698+0000] {logging_mixin.py:190} INFO - [2025-03-29T17:17:54.698+0000] {dag.py:4180} INFO - Setting next_dagrun for dataset_with_extra_from_classic_operator to 2025-03-28 00:00:00+00:00, run_after=2025-03-29 00:00:00+00:00
[2025-03-29T17:17:54.712+0000] {processor.py:208} INFO - Processing /home/airflow/.local/lib/python3.12/site-packages/airflow/example_dags/example_outlet_event_extra.py took 0.460 seconds
[2025-03-29T17:18:24.950+0000] {processor.py:186} INFO - Started process (PID=403) to work on /home/airflow/.local/lib/python3.12/site-packages/airflow/example_dags/example_outlet_event_extra.py
[2025-03-29T17:18:24.950+0000] {processor.py:914} INFO - Processing file /home/airflow/.local/lib/python3.12/site-packages/airflow/example_dags/example_outlet_event_extra.py for tasks to queue
[2025-03-29T17:18:24.952+0000] {logging_mixin.py:190} INFO - [2025-03-29T17:18:24.951+0000] {dagbag.py:588} INFO - Filling up the DagBag from /home/airflow/.local/lib/python3.12/site-packages/airflow/example_dags/example_outlet_event_extra.py
[2025-03-29T17:18:25.323+0000] {processor.py:925} INFO - DAG(s) 'dataset_with_extra_by_yield', 'dataset_with_extra_from_classic_operator', 'dataset_with_extra_by_context' retrieved from /home/airflow/.local/lib/python3.12/site-packages/airflow/example_dags/example_outlet_event_extra.py
[2025-03-29T17:18:25.337+0000] {logging_mixin.py:190} INFO - [2025-03-29T17:18:25.337+0000] {dag.py:3239} INFO - Sync 3 DAGs
[2025-03-29T17:18:25.354+0000] {logging_mixin.py:190} INFO - [2025-03-29T17:18:25.354+0000] {dag.py:4180} INFO - Setting next_dagrun for dataset_with_extra_by_context to 2025-03-28 00:00:00+00:00, run_after=2025-03-29 00:00:00+00:00
[2025-03-29T17:18:25.357+0000] {logging_mixin.py:190} INFO - [2025-03-29T17:18:25.357+0000] {dag.py:4180} INFO - Setting next_dagrun for dataset_with_extra_by_yield to 2025-03-28 00:00:00+00:00, run_after=2025-03-29 00:00:00+00:00
[2025-03-29T17:18:25.359+0000] {logging_mixin.py:190} INFO - [2025-03-29T17:18:25.359+0000] {dag.py:4180} INFO - Setting next_dagrun for dataset_with_extra_from_classic_operator to 2025-03-28 00:00:00+00:00, run_after=2025-03-29 00:00:00+00:00
[2025-03-29T17:18:25.372+0000] {processor.py:208} INFO - Processing /home/airflow/.local/lib/python3.12/site-packages/airflow/example_dags/example_outlet_event_extra.py took 0.426 seconds
[2025-03-29T17:18:55.566+0000] {processor.py:186} INFO - Started process (PID=464) to work on /home/airflow/.local/lib/python3.12/site-packages/airflow/example_dags/example_outlet_event_extra.py
[2025-03-29T17:18:55.567+0000] {processor.py:914} INFO - Processing file /home/airflow/.local/lib/python3.12/site-packages/airflow/example_dags/example_outlet_event_extra.py for tasks to queue
[2025-03-29T17:18:55.568+0000] {logging_mixin.py:190} INFO - [2025-03-29T17:18:55.568+0000] {dagbag.py:588} INFO - Filling up the DagBag from /home/airflow/.local/lib/python3.12/site-packages/airflow/example_dags/example_outlet_event_extra.py
[2025-03-29T17:18:55.959+0000] {processor.py:925} INFO - DAG(s) 'dataset_with_extra_by_yield', 'dataset_with_extra_from_classic_operator', 'dataset_with_extra_by_context' retrieved from /home/airflow/.local/lib/python3.12/site-packages/airflow/example_dags/example_outlet_event_extra.py
[2025-03-29T17:18:55.974+0000] {logging_mixin.py:190} INFO - [2025-03-29T17:18:55.974+0000] {dag.py:3239} INFO - Sync 3 DAGs
[2025-03-29T17:18:55.990+0000] {logging_mixin.py:190} INFO - [2025-03-29T17:18:55.990+0000] {dag.py:4180} INFO - Setting next_dagrun for dataset_with_extra_by_context to 2025-03-28 00:00:00+00:00, run_after=2025-03-29 00:00:00+00:00
[2025-03-29T17:18:55.994+0000] {logging_mixin.py:190} INFO - [2025-03-29T17:18:55.994+0000] {dag.py:4180} INFO - Setting next_dagrun for dataset_with_extra_by_yield to 2025-03-28 00:00:00+00:00, run_after=2025-03-29 00:00:00+00:00
[2025-03-29T17:18:55.996+0000] {logging_mixin.py:190} INFO - [2025-03-29T17:18:55.996+0000] {dag.py:4180} INFO - Setting next_dagrun for dataset_with_extra_from_classic_operator to 2025-03-28 00:00:00+00:00, run_after=2025-03-29 00:00:00+00:00
[2025-03-29T17:18:56.011+0000] {processor.py:208} INFO - Processing /home/airflow/.local/lib/python3.12/site-packages/airflow/example_dags/example_outlet_event_extra.py took 0.448 seconds
[2025-03-29T17:19:26.809+0000] {processor.py:186} INFO - Started process (PID=530) to work on /home/airflow/.local/lib/python3.12/site-packages/airflow/example_dags/example_outlet_event_extra.py
[2025-03-29T17:19:26.809+0000] {processor.py:914} INFO - Processing file /home/airflow/.local/lib/python3.12/site-packages/airflow/example_dags/example_outlet_event_extra.py for tasks to queue
[2025-03-29T17:19:26.810+0000] {logging_mixin.py:190} INFO - [2025-03-29T17:19:26.810+0000] {dagbag.py:588} INFO - Filling up the DagBag from /home/airflow/.local/lib/python3.12/site-packages/airflow/example_dags/example_outlet_event_extra.py
[2025-03-29T17:19:27.213+0000] {processor.py:925} INFO - DAG(s) 'dataset_with_extra_from_classic_operator', 'dataset_with_extra_by_yield', 'dataset_with_extra_by_context' retrieved from /home/airflow/.local/lib/python3.12/site-packages/airflow/example_dags/example_outlet_event_extra.py
[2025-03-29T17:19:27.229+0000] {logging_mixin.py:190} INFO - [2025-03-29T17:19:27.229+0000] {dag.py:3239} INFO - Sync 3 DAGs
[2025-03-29T17:19:27.246+0000] {logging_mixin.py:190} INFO - [2025-03-29T17:19:27.246+0000] {dag.py:4180} INFO - Setting next_dagrun for dataset_with_extra_by_context to 2025-03-28 00:00:00+00:00, run_after=2025-03-29 00:00:00+00:00
[2025-03-29T17:19:27.250+0000] {logging_mixin.py:190} INFO - [2025-03-29T17:19:27.250+0000] {dag.py:4180} INFO - Setting next_dagrun for dataset_with_extra_by_yield to 2025-03-28 00:00:00+00:00, run_after=2025-03-29 00:00:00+00:00
[2025-03-29T17:19:27.252+0000] {logging_mixin.py:190} INFO - [2025-03-29T17:19:27.252+0000] {dag.py:4180} INFO - Setting next_dagrun for dataset_with_extra_from_classic_operator to 2025-03-28 00:00:00+00:00, run_after=2025-03-29 00:00:00+00:00
[2025-03-29T17:19:27.266+0000] {processor.py:208} INFO - Processing /home/airflow/.local/lib/python3.12/site-packages/airflow/example_dags/example_outlet_event_extra.py took 0.461 seconds
[2025-03-29T17:19:57.326+0000] {processor.py:186} INFO - Started process (PID=593) to work on /home/airflow/.local/lib/python3.12/site-packages/airflow/example_dags/example_outlet_event_extra.py
[2025-03-29T17:19:57.326+0000] {processor.py:914} INFO - Processing file /home/airflow/.local/lib/python3.12/site-packages/airflow/example_dags/example_outlet_event_extra.py for tasks to queue
[2025-03-29T17:19:57.328+0000] {logging_mixin.py:190} INFO - [2025-03-29T17:19:57.327+0000] {dagbag.py:588} INFO - Filling up the DagBag from /home/airflow/.local/lib/python3.12/site-packages/airflow/example_dags/example_outlet_event_extra.py
[2025-03-29T17:19:57.723+0000] {processor.py:925} INFO - DAG(s) 'dataset_with_extra_by_context', 'dataset_with_extra_by_yield', 'dataset_with_extra_from_classic_operator' retrieved from /home/airflow/.local/lib/python3.12/site-packages/airflow/example_dags/example_outlet_event_extra.py
[2025-03-29T17:19:57.737+0000] {logging_mixin.py:190} INFO - [2025-03-29T17:19:57.737+0000] {dag.py:3239} INFO - Sync 3 DAGs
[2025-03-29T17:19:57.755+0000] {logging_mixin.py:190} INFO - [2025-03-29T17:19:57.754+0000] {dag.py:4180} INFO - Setting next_dagrun for dataset_with_extra_by_context to 2025-03-28 00:00:00+00:00, run_after=2025-03-29 00:00:00+00:00
[2025-03-29T17:19:57.758+0000] {logging_mixin.py:190} INFO - [2025-03-29T17:19:57.758+0000] {dag.py:4180} INFO - Setting next_dagrun for dataset_with_extra_by_yield to 2025-03-28 00:00:00+00:00, run_after=2025-03-29 00:00:00+00:00
[2025-03-29T17:19:57.760+0000] {logging_mixin.py:190} INFO - [2025-03-29T17:19:57.760+0000] {dag.py:4180} INFO - Setting next_dagrun for dataset_with_extra_from_classic_operator to 2025-03-28 00:00:00+00:00, run_after=2025-03-29 00:00:00+00:00
[2025-03-29T17:19:57.775+0000] {processor.py:208} INFO - Processing /home/airflow/.local/lib/python3.12/site-packages/airflow/example_dags/example_outlet_event_extra.py took 0.453 seconds
[2025-03-29T17:20:28.754+0000] {processor.py:186} INFO - Started process (PID=656) to work on /home/airflow/.local/lib/python3.12/site-packages/airflow/example_dags/example_outlet_event_extra.py
[2025-03-29T17:20:28.755+0000] {processor.py:914} INFO - Processing file /home/airflow/.local/lib/python3.12/site-packages/airflow/example_dags/example_outlet_event_extra.py for tasks to queue
[2025-03-29T17:20:28.756+0000] {logging_mixin.py:190} INFO - [2025-03-29T17:20:28.756+0000] {dagbag.py:588} INFO - Filling up the DagBag from /home/airflow/.local/lib/python3.12/site-packages/airflow/example_dags/example_outlet_event_extra.py
[2025-03-29T17:20:29.149+0000] {processor.py:925} INFO - DAG(s) 'dataset_with_extra_by_context', 'dataset_with_extra_by_yield', 'dataset_with_extra_from_classic_operator' retrieved from /home/airflow/.local/lib/python3.12/site-packages/airflow/example_dags/example_outlet_event_extra.py
[2025-03-29T17:20:29.165+0000] {logging_mixin.py:190} INFO - [2025-03-29T17:20:29.165+0000] {dag.py:3239} INFO - Sync 3 DAGs
[2025-03-29T17:20:29.182+0000] {logging_mixin.py:190} INFO - [2025-03-29T17:20:29.182+0000] {dag.py:4180} INFO - Setting next_dagrun for dataset_with_extra_by_context to 2025-03-28 00:00:00+00:00, run_after=2025-03-29 00:00:00+00:00
[2025-03-29T17:20:29.186+0000] {logging_mixin.py:190} INFO - [2025-03-29T17:20:29.186+0000] {dag.py:4180} INFO - Setting next_dagrun for dataset_with_extra_by_yield to 2025-03-28 00:00:00+00:00, run_after=2025-03-29 00:00:00+00:00
[2025-03-29T17:20:29.188+0000] {logging_mixin.py:190} INFO - [2025-03-29T17:20:29.188+0000] {dag.py:4180} INFO - Setting next_dagrun for dataset_with_extra_from_classic_operator to 2025-03-28 00:00:00+00:00, run_after=2025-03-29 00:00:00+00:00
[2025-03-29T17:20:29.203+0000] {processor.py:208} INFO - Processing /home/airflow/.local/lib/python3.12/site-packages/airflow/example_dags/example_outlet_event_extra.py took 0.452 seconds
[2025-03-29T17:20:59.341+0000] {processor.py:186} INFO - Started process (PID=719) to work on /home/airflow/.local/lib/python3.12/site-packages/airflow/example_dags/example_outlet_event_extra.py
[2025-03-29T17:20:59.341+0000] {processor.py:914} INFO - Processing file /home/airflow/.local/lib/python3.12/site-packages/airflow/example_dags/example_outlet_event_extra.py for tasks to queue
[2025-03-29T17:20:59.343+0000] {logging_mixin.py:190} INFO - [2025-03-29T17:20:59.343+0000] {dagbag.py:588} INFO - Filling up the DagBag from /home/airflow/.local/lib/python3.12/site-packages/airflow/example_dags/example_outlet_event_extra.py
[2025-03-29T17:20:59.776+0000] {processor.py:925} INFO - DAG(s) 'dataset_with_extra_by_yield', 'dataset_with_extra_from_classic_operator', 'dataset_with_extra_by_context' retrieved from /home/airflow/.local/lib/python3.12/site-packages/airflow/example_dags/example_outlet_event_extra.py
[2025-03-29T17:20:59.793+0000] {logging_mixin.py:190} INFO - [2025-03-29T17:20:59.793+0000] {dag.py:3239} INFO - Sync 3 DAGs
[2025-03-29T17:20:59.814+0000] {logging_mixin.py:190} INFO - [2025-03-29T17:20:59.814+0000] {dag.py:4180} INFO - Setting next_dagrun for dataset_with_extra_by_context to 2025-03-28 00:00:00+00:00, run_after=2025-03-29 00:00:00+00:00
[2025-03-29T17:20:59.818+0000] {logging_mixin.py:190} INFO - [2025-03-29T17:20:59.818+0000] {dag.py:4180} INFO - Setting next_dagrun for dataset_with_extra_by_yield to 2025-03-28 00:00:00+00:00, run_after=2025-03-29 00:00:00+00:00
[2025-03-29T17:20:59.821+0000] {logging_mixin.py:190} INFO - [2025-03-29T17:20:59.821+0000] {dag.py:4180} INFO - Setting next_dagrun for dataset_with_extra_from_classic_operator to 2025-03-28 00:00:00+00:00, run_after=2025-03-29 00:00:00+00:00
[2025-03-29T17:20:59.837+0000] {processor.py:208} INFO - Processing /home/airflow/.local/lib/python3.12/site-packages/airflow/example_dags/example_outlet_event_extra.py took 0.501 seconds
[2025-03-29T17:21:30.662+0000] {processor.py:186} INFO - Started process (PID=782) to work on /home/airflow/.local/lib/python3.12/site-packages/airflow/example_dags/example_outlet_event_extra.py
[2025-03-29T17:21:30.663+0000] {processor.py:914} INFO - Processing file /home/airflow/.local/lib/python3.12/site-packages/airflow/example_dags/example_outlet_event_extra.py for tasks to queue
[2025-03-29T17:21:30.664+0000] {logging_mixin.py:190} INFO - [2025-03-29T17:21:30.664+0000] {dagbag.py:588} INFO - Filling up the DagBag from /home/airflow/.local/lib/python3.12/site-packages/airflow/example_dags/example_outlet_event_extra.py
[2025-03-29T17:21:31.064+0000] {processor.py:925} INFO - DAG(s) 'dataset_with_extra_from_classic_operator', 'dataset_with_extra_by_context', 'dataset_with_extra_by_yield' retrieved from /home/airflow/.local/lib/python3.12/site-packages/airflow/example_dags/example_outlet_event_extra.py
[2025-03-29T17:21:31.079+0000] {logging_mixin.py:190} INFO - [2025-03-29T17:21:31.078+0000] {dag.py:3239} INFO - Sync 3 DAGs
[2025-03-29T17:21:31.098+0000] {logging_mixin.py:190} INFO - [2025-03-29T17:21:31.097+0000] {dag.py:4180} INFO - Setting next_dagrun for dataset_with_extra_by_context to 2025-03-28 00:00:00+00:00, run_after=2025-03-29 00:00:00+00:00
[2025-03-29T17:21:31.102+0000] {logging_mixin.py:190} INFO - [2025-03-29T17:21:31.102+0000] {dag.py:4180} INFO - Setting next_dagrun for dataset_with_extra_by_yield to 2025-03-28 00:00:00+00:00, run_after=2025-03-29 00:00:00+00:00
[2025-03-29T17:21:31.104+0000] {logging_mixin.py:190} INFO - [2025-03-29T17:21:31.104+0000] {dag.py:4180} INFO - Setting next_dagrun for dataset_with_extra_from_classic_operator to 2025-03-28 00:00:00+00:00, run_after=2025-03-29 00:00:00+00:00
[2025-03-29T17:21:31.118+0000] {processor.py:208} INFO - Processing /home/airflow/.local/lib/python3.12/site-packages/airflow/example_dags/example_outlet_event_extra.py took 0.459 seconds
[2025-03-29T17:22:02.007+0000] {processor.py:186} INFO - Started process (PID=845) to work on /home/airflow/.local/lib/python3.12/site-packages/airflow/example_dags/example_outlet_event_extra.py
[2025-03-29T17:22:02.008+0000] {processor.py:914} INFO - Processing file /home/airflow/.local/lib/python3.12/site-packages/airflow/example_dags/example_outlet_event_extra.py for tasks to queue
[2025-03-29T17:22:02.009+0000] {logging_mixin.py:190} INFO - [2025-03-29T17:22:02.009+0000] {dagbag.py:588} INFO - Filling up the DagBag from /home/airflow/.local/lib/python3.12/site-packages/airflow/example_dags/example_outlet_event_extra.py
[2025-03-29T17:22:02.412+0000] {processor.py:925} INFO - DAG(s) 'dataset_with_extra_by_yield', 'dataset_with_extra_by_context', 'dataset_with_extra_from_classic_operator' retrieved from /home/airflow/.local/lib/python3.12/site-packages/airflow/example_dags/example_outlet_event_extra.py
[2025-03-29T17:22:02.429+0000] {logging_mixin.py:190} INFO - [2025-03-29T17:22:02.429+0000] {dag.py:3239} INFO - Sync 3 DAGs
[2025-03-29T17:22:02.450+0000] {logging_mixin.py:190} INFO - [2025-03-29T17:22:02.450+0000] {dag.py:4180} INFO - Setting next_dagrun for dataset_with_extra_by_context to 2025-03-28 00:00:00+00:00, run_after=2025-03-29 00:00:00+00:00
[2025-03-29T17:22:02.454+0000] {logging_mixin.py:190} INFO - [2025-03-29T17:22:02.454+0000] {dag.py:4180} INFO - Setting next_dagrun for dataset_with_extra_by_yield to 2025-03-28 00:00:00+00:00, run_after=2025-03-29 00:00:00+00:00
[2025-03-29T17:22:02.456+0000] {logging_mixin.py:190} INFO - [2025-03-29T17:22:02.456+0000] {dag.py:4180} INFO - Setting next_dagrun for dataset_with_extra_from_classic_operator to 2025-03-28 00:00:00+00:00, run_after=2025-03-29 00:00:00+00:00
[2025-03-29T17:22:02.471+0000] {processor.py:208} INFO - Processing /home/airflow/.local/lib/python3.12/site-packages/airflow/example_dags/example_outlet_event_extra.py took 0.467 seconds
[2025-03-29T17:22:32.729+0000] {processor.py:186} INFO - Started process (PID=908) to work on /home/airflow/.local/lib/python3.12/site-packages/airflow/example_dags/example_outlet_event_extra.py
[2025-03-29T17:22:32.730+0000] {processor.py:914} INFO - Processing file /home/airflow/.local/lib/python3.12/site-packages/airflow/example_dags/example_outlet_event_extra.py for tasks to queue
[2025-03-29T17:22:32.731+0000] {logging_mixin.py:190} INFO - [2025-03-29T17:22:32.731+0000] {dagbag.py:588} INFO - Filling up the DagBag from /home/airflow/.local/lib/python3.12/site-packages/airflow/example_dags/example_outlet_event_extra.py
[2025-03-29T17:22:33.162+0000] {processor.py:925} INFO - DAG(s) 'dataset_with_extra_by_yield', 'dataset_with_extra_by_context', 'dataset_with_extra_from_classic_operator' retrieved from /home/airflow/.local/lib/python3.12/site-packages/airflow/example_dags/example_outlet_event_extra.py
[2025-03-29T17:22:33.181+0000] {logging_mixin.py:190} INFO - [2025-03-29T17:22:33.180+0000] {dag.py:3239} INFO - Sync 3 DAGs
[2025-03-29T17:22:33.198+0000] {logging_mixin.py:190} INFO - [2025-03-29T17:22:33.198+0000] {dag.py:4180} INFO - Setting next_dagrun for dataset_with_extra_by_context to 2025-03-28 00:00:00+00:00, run_after=2025-03-29 00:00:00+00:00
[2025-03-29T17:22:33.202+0000] {logging_mixin.py:190} INFO - [2025-03-29T17:22:33.202+0000] {dag.py:4180} INFO - Setting next_dagrun for dataset_with_extra_by_yield to 2025-03-28 00:00:00+00:00, run_after=2025-03-29 00:00:00+00:00
[2025-03-29T17:22:33.204+0000] {logging_mixin.py:190} INFO - [2025-03-29T17:22:33.204+0000] {dag.py:4180} INFO - Setting next_dagrun for dataset_with_extra_from_classic_operator to 2025-03-28 00:00:00+00:00, run_after=2025-03-29 00:00:00+00:00
[2025-03-29T17:22:33.219+0000] {processor.py:208} INFO - Processing /home/airflow/.local/lib/python3.12/site-packages/airflow/example_dags/example_outlet_event_extra.py took 0.494 seconds
[2025-03-29T17:23:03.333+0000] {processor.py:186} INFO - Started process (PID=971) to work on /home/airflow/.local/lib/python3.12/site-packages/airflow/example_dags/example_outlet_event_extra.py
[2025-03-29T17:23:03.334+0000] {processor.py:914} INFO - Processing file /home/airflow/.local/lib/python3.12/site-packages/airflow/example_dags/example_outlet_event_extra.py for tasks to queue
[2025-03-29T17:23:03.335+0000] {logging_mixin.py:190} INFO - [2025-03-29T17:23:03.335+0000] {dagbag.py:588} INFO - Filling up the DagBag from /home/airflow/.local/lib/python3.12/site-packages/airflow/example_dags/example_outlet_event_extra.py
[2025-03-29T17:23:03.805+0000] {processor.py:925} INFO - DAG(s) 'dataset_with_extra_by_yield', 'dataset_with_extra_from_classic_operator', 'dataset_with_extra_by_context' retrieved from /home/airflow/.local/lib/python3.12/site-packages/airflow/example_dags/example_outlet_event_extra.py
[2025-03-29T17:23:03.820+0000] {logging_mixin.py:190} INFO - [2025-03-29T17:23:03.820+0000] {dag.py:3239} INFO - Sync 3 DAGs
[2025-03-29T17:23:03.837+0000] {logging_mixin.py:190} INFO - [2025-03-29T17:23:03.837+0000] {dag.py:4180} INFO - Setting next_dagrun for dataset_with_extra_by_context to 2025-03-28 00:00:00+00:00, run_after=2025-03-29 00:00:00+00:00
[2025-03-29T17:23:03.841+0000] {logging_mixin.py:190} INFO - [2025-03-29T17:23:03.841+0000] {dag.py:4180} INFO - Setting next_dagrun for dataset_with_extra_by_yield to 2025-03-28 00:00:00+00:00, run_after=2025-03-29 00:00:00+00:00
[2025-03-29T17:23:03.843+0000] {logging_mixin.py:190} INFO - [2025-03-29T17:23:03.843+0000] {dag.py:4180} INFO - Setting next_dagrun for dataset_with_extra_from_classic_operator to 2025-03-28 00:00:00+00:00, run_after=2025-03-29 00:00:00+00:00
[2025-03-29T17:23:03.857+0000] {processor.py:208} INFO - Processing /home/airflow/.local/lib/python3.12/site-packages/airflow/example_dags/example_outlet_event_extra.py took 0.529 seconds
[2025-03-29T17:26:13.042+0000] {processor.py:186} INFO - Started process (PID=83) to work on /home/airflow/.local/lib/python3.12/site-packages/airflow/example_dags/example_outlet_event_extra.py
[2025-03-29T17:26:13.043+0000] {processor.py:914} INFO - Processing file /home/airflow/.local/lib/python3.12/site-packages/airflow/example_dags/example_outlet_event_extra.py for tasks to queue
[2025-03-29T17:26:13.045+0000] {logging_mixin.py:190} INFO - [2025-03-29T17:26:13.045+0000] {dagbag.py:588} INFO - Filling up the DagBag from /home/airflow/.local/lib/python3.12/site-packages/airflow/example_dags/example_outlet_event_extra.py
[2025-03-29T17:26:13.528+0000] {processor.py:925} INFO - DAG(s) 'dataset_with_extra_from_classic_operator', 'dataset_with_extra_by_yield', 'dataset_with_extra_by_context' retrieved from /home/airflow/.local/lib/python3.12/site-packages/airflow/example_dags/example_outlet_event_extra.py
[2025-03-29T17:26:13.609+0000] {logging_mixin.py:190} INFO - [2025-03-29T17:26:13.609+0000] {override.py:1912} INFO - Created Permission View: can delete on DAG:dataset_with_extra_from_classic_operator
[2025-03-29T17:26:13.618+0000] {logging_mixin.py:190} INFO - [2025-03-29T17:26:13.617+0000] {override.py:1912} INFO - Created Permission View: can read on DAG:dataset_with_extra_from_classic_operator
[2025-03-29T17:26:13.623+0000] {logging_mixin.py:190} INFO - [2025-03-29T17:26:13.623+0000] {override.py:1912} INFO - Created Permission View: can edit on DAG:dataset_with_extra_from_classic_operator
[2025-03-29T17:26:13.630+0000] {logging_mixin.py:190} INFO - [2025-03-29T17:26:13.630+0000] {override.py:1912} INFO - Created Permission View: can delete on DAG Run:dataset_with_extra_from_classic_operator
[2025-03-29T17:26:13.635+0000] {logging_mixin.py:190} INFO - [2025-03-29T17:26:13.635+0000] {override.py:1912} INFO - Created Permission View: can read on DAG Run:dataset_with_extra_from_classic_operator
[2025-03-29T17:26:13.640+0000] {logging_mixin.py:190} INFO - [2025-03-29T17:26:13.640+0000] {override.py:1912} INFO - Created Permission View: can create on DAG Run:dataset_with_extra_from_classic_operator
[2025-03-29T17:26:13.646+0000] {logging_mixin.py:190} INFO - [2025-03-29T17:26:13.646+0000] {override.py:1912} INFO - Created Permission View: menu access on DAG Run:dataset_with_extra_from_classic_operator
[2025-03-29T17:26:13.656+0000] {logging_mixin.py:190} INFO - [2025-03-29T17:26:13.656+0000] {override.py:1912} INFO - Created Permission View: can delete on DAG:dataset_with_extra_by_yield
[2025-03-29T17:26:13.661+0000] {logging_mixin.py:190} INFO - [2025-03-29T17:26:13.661+0000] {override.py:1912} INFO - Created Permission View: can read on DAG:dataset_with_extra_by_yield
[2025-03-29T17:26:13.667+0000] {logging_mixin.py:190} INFO - [2025-03-29T17:26:13.666+0000] {override.py:1912} INFO - Created Permission View: can edit on DAG:dataset_with_extra_by_yield
[2025-03-29T17:26:13.674+0000] {logging_mixin.py:190} INFO - [2025-03-29T17:26:13.673+0000] {override.py:1912} INFO - Created Permission View: can delete on DAG Run:dataset_with_extra_by_yield
[2025-03-29T17:26:13.679+0000] {logging_mixin.py:190} INFO - [2025-03-29T17:26:13.678+0000] {override.py:1912} INFO - Created Permission View: can read on DAG Run:dataset_with_extra_by_yield
[2025-03-29T17:26:13.684+0000] {logging_mixin.py:190} INFO - [2025-03-29T17:26:13.684+0000] {override.py:1912} INFO - Created Permission View: can create on DAG Run:dataset_with_extra_by_yield
[2025-03-29T17:26:13.689+0000] {logging_mixin.py:190} INFO - [2025-03-29T17:26:13.689+0000] {override.py:1912} INFO - Created Permission View: menu access on DAG Run:dataset_with_extra_by_yield
[2025-03-29T17:26:13.699+0000] {logging_mixin.py:190} INFO - [2025-03-29T17:26:13.699+0000] {override.py:1912} INFO - Created Permission View: can delete on DAG:dataset_with_extra_by_context
[2025-03-29T17:26:13.704+0000] {logging_mixin.py:190} INFO - [2025-03-29T17:26:13.704+0000] {override.py:1912} INFO - Created Permission View: can read on DAG:dataset_with_extra_by_context
[2025-03-29T17:26:13.709+0000] {logging_mixin.py:190} INFO - [2025-03-29T17:26:13.709+0000] {override.py:1912} INFO - Created Permission View: can edit on DAG:dataset_with_extra_by_context
[2025-03-29T17:26:13.716+0000] {logging_mixin.py:190} INFO - [2025-03-29T17:26:13.716+0000] {override.py:1912} INFO - Created Permission View: can delete on DAG Run:dataset_with_extra_by_context
[2025-03-29T17:26:13.723+0000] {logging_mixin.py:190} INFO - [2025-03-29T17:26:13.723+0000] {override.py:1912} INFO - Created Permission View: can read on DAG Run:dataset_with_extra_by_context
[2025-03-29T17:26:13.729+0000] {logging_mixin.py:190} INFO - [2025-03-29T17:26:13.729+0000] {override.py:1912} INFO - Created Permission View: can create on DAG Run:dataset_with_extra_by_context
[2025-03-29T17:26:13.734+0000] {logging_mixin.py:190} INFO - [2025-03-29T17:26:13.734+0000] {override.py:1912} INFO - Created Permission View: menu access on DAG Run:dataset_with_extra_by_context
[2025-03-29T17:26:13.735+0000] {logging_mixin.py:190} INFO - [2025-03-29T17:26:13.735+0000] {dag.py:3239} INFO - Sync 3 DAGs
[2025-03-29T17:26:13.745+0000] {logging_mixin.py:190} INFO - [2025-03-29T17:26:13.745+0000] {dag.py:3262} INFO - Creating ORM DAG for dataset_with_extra_from_classic_operator
[2025-03-29T17:26:13.746+0000] {logging_mixin.py:190} INFO - [2025-03-29T17:26:13.746+0000] {dag.py:3262} INFO - Creating ORM DAG for dataset_with_extra_by_yield
[2025-03-29T17:26:13.746+0000] {logging_mixin.py:190} INFO - [2025-03-29T17:26:13.746+0000] {dag.py:3262} INFO - Creating ORM DAG for dataset_with_extra_by_context
[2025-03-29T17:26:13.755+0000] {logging_mixin.py:190} INFO - [2025-03-29T17:26:13.754+0000] {dag.py:4180} INFO - Setting next_dagrun for dataset_with_extra_by_context to 2025-03-28 00:00:00+00:00, run_after=2025-03-29 00:00:00+00:00
[2025-03-29T17:26:13.756+0000] {logging_mixin.py:190} INFO - [2025-03-29T17:26:13.756+0000] {dag.py:4180} INFO - Setting next_dagrun for dataset_with_extra_by_yield to 2025-03-28 00:00:00+00:00, run_after=2025-03-29 00:00:00+00:00
[2025-03-29T17:26:13.758+0000] {logging_mixin.py:190} INFO - [2025-03-29T17:26:13.758+0000] {dag.py:4180} INFO - Setting next_dagrun for dataset_with_extra_from_classic_operator to 2025-03-28 00:00:00+00:00, run_after=2025-03-29 00:00:00+00:00
[2025-03-29T17:26:13.777+0000] {processor.py:208} INFO - Processing /home/airflow/.local/lib/python3.12/site-packages/airflow/example_dags/example_outlet_event_extra.py took 0.743 seconds
[2025-03-29T17:26:43.895+0000] {processor.py:186} INFO - Started process (PID=148) to work on /home/airflow/.local/lib/python3.12/site-packages/airflow/example_dags/example_outlet_event_extra.py
[2025-03-29T17:26:43.895+0000] {processor.py:914} INFO - Processing file /home/airflow/.local/lib/python3.12/site-packages/airflow/example_dags/example_outlet_event_extra.py for tasks to queue
[2025-03-29T17:26:43.896+0000] {logging_mixin.py:190} INFO - [2025-03-29T17:26:43.896+0000] {dagbag.py:588} INFO - Filling up the DagBag from /home/airflow/.local/lib/python3.12/site-packages/airflow/example_dags/example_outlet_event_extra.py
[2025-03-29T17:26:44.305+0000] {processor.py:925} INFO - DAG(s) 'dataset_with_extra_by_context', 'dataset_with_extra_by_yield', 'dataset_with_extra_from_classic_operator' retrieved from /home/airflow/.local/lib/python3.12/site-packages/airflow/example_dags/example_outlet_event_extra.py
[2025-03-29T17:26:44.319+0000] {logging_mixin.py:190} INFO - [2025-03-29T17:26:44.319+0000] {dag.py:3239} INFO - Sync 3 DAGs
[2025-03-29T17:26:44.336+0000] {logging_mixin.py:190} INFO - [2025-03-29T17:26:44.335+0000] {dag.py:4180} INFO - Setting next_dagrun for dataset_with_extra_by_context to 2025-03-28 00:00:00+00:00, run_after=2025-03-29 00:00:00+00:00
[2025-03-29T17:26:44.339+0000] {logging_mixin.py:190} INFO - [2025-03-29T17:26:44.339+0000] {dag.py:4180} INFO - Setting next_dagrun for dataset_with_extra_by_yield to 2025-03-28 00:00:00+00:00, run_after=2025-03-29 00:00:00+00:00
[2025-03-29T17:26:44.341+0000] {logging_mixin.py:190} INFO - [2025-03-29T17:26:44.340+0000] {dag.py:4180} INFO - Setting next_dagrun for dataset_with_extra_from_classic_operator to 2025-03-28 00:00:00+00:00, run_after=2025-03-29 00:00:00+00:00
[2025-03-29T17:26:44.356+0000] {processor.py:208} INFO - Processing /home/airflow/.local/lib/python3.12/site-packages/airflow/example_dags/example_outlet_event_extra.py took 0.464 seconds
[2025-03-29T17:27:14.615+0000] {processor.py:186} INFO - Started process (PID=214) to work on /home/airflow/.local/lib/python3.12/site-packages/airflow/example_dags/example_outlet_event_extra.py
[2025-03-29T17:27:14.616+0000] {processor.py:914} INFO - Processing file /home/airflow/.local/lib/python3.12/site-packages/airflow/example_dags/example_outlet_event_extra.py for tasks to queue
[2025-03-29T17:27:14.617+0000] {logging_mixin.py:190} INFO - [2025-03-29T17:27:14.617+0000] {dagbag.py:588} INFO - Filling up the DagBag from /home/airflow/.local/lib/python3.12/site-packages/airflow/example_dags/example_outlet_event_extra.py
[2025-03-29T17:27:15.040+0000] {processor.py:925} INFO - DAG(s) 'dataset_with_extra_by_yield', 'dataset_with_extra_by_context', 'dataset_with_extra_from_classic_operator' retrieved from /home/airflow/.local/lib/python3.12/site-packages/airflow/example_dags/example_outlet_event_extra.py
[2025-03-29T17:27:15.055+0000] {logging_mixin.py:190} INFO - [2025-03-29T17:27:15.055+0000] {dag.py:3239} INFO - Sync 3 DAGs
[2025-03-29T17:27:15.072+0000] {logging_mixin.py:190} INFO - [2025-03-29T17:27:15.072+0000] {dag.py:4180} INFO - Setting next_dagrun for dataset_with_extra_by_context to 2025-03-28 00:00:00+00:00, run_after=2025-03-29 00:00:00+00:00
[2025-03-29T17:27:15.076+0000] {logging_mixin.py:190} INFO - [2025-03-29T17:27:15.076+0000] {dag.py:4180} INFO - Setting next_dagrun for dataset_with_extra_by_yield to 2025-03-28 00:00:00+00:00, run_after=2025-03-29 00:00:00+00:00
[2025-03-29T17:27:15.078+0000] {logging_mixin.py:190} INFO - [2025-03-29T17:27:15.077+0000] {dag.py:4180} INFO - Setting next_dagrun for dataset_with_extra_from_classic_operator to 2025-03-28 00:00:00+00:00, run_after=2025-03-29 00:00:00+00:00
[2025-03-29T17:27:15.091+0000] {processor.py:208} INFO - Processing /home/airflow/.local/lib/python3.12/site-packages/airflow/example_dags/example_outlet_event_extra.py took 0.479 seconds
[2025-03-29T17:27:45.295+0000] {processor.py:186} INFO - Started process (PID=281) to work on /home/airflow/.local/lib/python3.12/site-packages/airflow/example_dags/example_outlet_event_extra.py
[2025-03-29T17:27:45.295+0000] {processor.py:914} INFO - Processing file /home/airflow/.local/lib/python3.12/site-packages/airflow/example_dags/example_outlet_event_extra.py for tasks to queue
[2025-03-29T17:27:45.297+0000] {logging_mixin.py:190} INFO - [2025-03-29T17:27:45.296+0000] {dagbag.py:588} INFO - Filling up the DagBag from /home/airflow/.local/lib/python3.12/site-packages/airflow/example_dags/example_outlet_event_extra.py
[2025-03-29T17:27:45.662+0000] {processor.py:925} INFO - DAG(s) 'dataset_with_extra_by_context', 'dataset_with_extra_from_classic_operator', 'dataset_with_extra_by_yield' retrieved from /home/airflow/.local/lib/python3.12/site-packages/airflow/example_dags/example_outlet_event_extra.py
[2025-03-29T17:27:45.677+0000] {logging_mixin.py:190} INFO - [2025-03-29T17:27:45.677+0000] {dag.py:3239} INFO - Sync 3 DAGs
[2025-03-29T17:27:45.694+0000] {logging_mixin.py:190} INFO - [2025-03-29T17:27:45.693+0000] {dag.py:4180} INFO - Setting next_dagrun for dataset_with_extra_by_context to 2025-03-28 00:00:00+00:00, run_after=2025-03-29 00:00:00+00:00
[2025-03-29T17:27:45.697+0000] {logging_mixin.py:190} INFO - [2025-03-29T17:27:45.697+0000] {dag.py:4180} INFO - Setting next_dagrun for dataset_with_extra_by_yield to 2025-03-28 00:00:00+00:00, run_after=2025-03-29 00:00:00+00:00
[2025-03-29T17:27:45.699+0000] {logging_mixin.py:190} INFO - [2025-03-29T17:27:45.699+0000] {dag.py:4180} INFO - Setting next_dagrun for dataset_with_extra_from_classic_operator to 2025-03-28 00:00:00+00:00, run_after=2025-03-29 00:00:00+00:00
[2025-03-29T17:27:45.713+0000] {processor.py:208} INFO - Processing /home/airflow/.local/lib/python3.12/site-packages/airflow/example_dags/example_outlet_event_extra.py took 0.422 seconds
[2025-03-29T17:28:16.393+0000] {processor.py:186} INFO - Started process (PID=350) to work on /home/airflow/.local/lib/python3.12/site-packages/airflow/example_dags/example_outlet_event_extra.py
[2025-03-29T17:28:16.394+0000] {processor.py:914} INFO - Processing file /home/airflow/.local/lib/python3.12/site-packages/airflow/example_dags/example_outlet_event_extra.py for tasks to queue
[2025-03-29T17:28:16.395+0000] {logging_mixin.py:190} INFO - [2025-03-29T17:28:16.395+0000] {dagbag.py:588} INFO - Filling up the DagBag from /home/airflow/.local/lib/python3.12/site-packages/airflow/example_dags/example_outlet_event_extra.py
[2025-03-29T17:28:16.778+0000] {processor.py:925} INFO - DAG(s) 'dataset_with_extra_from_classic_operator', 'dataset_with_extra_by_yield', 'dataset_with_extra_by_context' retrieved from /home/airflow/.local/lib/python3.12/site-packages/airflow/example_dags/example_outlet_event_extra.py
[2025-03-29T17:28:16.793+0000] {logging_mixin.py:190} INFO - [2025-03-29T17:28:16.793+0000] {dag.py:3239} INFO - Sync 3 DAGs
[2025-03-29T17:28:16.808+0000] {logging_mixin.py:190} INFO - [2025-03-29T17:28:16.808+0000] {dag.py:4180} INFO - Setting next_dagrun for dataset_with_extra_by_context to 2025-03-28 00:00:00+00:00, run_after=2025-03-29 00:00:00+00:00
[2025-03-29T17:28:16.812+0000] {logging_mixin.py:190} INFO - [2025-03-29T17:28:16.812+0000] {dag.py:4180} INFO - Setting next_dagrun for dataset_with_extra_by_yield to 2025-03-28 00:00:00+00:00, run_after=2025-03-29 00:00:00+00:00
[2025-03-29T17:28:16.814+0000] {logging_mixin.py:190} INFO - [2025-03-29T17:28:16.813+0000] {dag.py:4180} INFO - Setting next_dagrun for dataset_with_extra_from_classic_operator to 2025-03-28 00:00:00+00:00, run_after=2025-03-29 00:00:00+00:00
[2025-03-29T17:28:16.829+0000] {processor.py:208} INFO - Processing /home/airflow/.local/lib/python3.12/site-packages/airflow/example_dags/example_outlet_event_extra.py took 0.439 seconds
[2025-03-29T17:28:46.935+0000] {processor.py:186} INFO - Started process (PID=413) to work on /home/airflow/.local/lib/python3.12/site-packages/airflow/example_dags/example_outlet_event_extra.py
[2025-03-29T17:28:46.936+0000] {processor.py:914} INFO - Processing file /home/airflow/.local/lib/python3.12/site-packages/airflow/example_dags/example_outlet_event_extra.py for tasks to queue
[2025-03-29T17:28:46.937+0000] {logging_mixin.py:190} INFO - [2025-03-29T17:28:46.937+0000] {dagbag.py:588} INFO - Filling up the DagBag from /home/airflow/.local/lib/python3.12/site-packages/airflow/example_dags/example_outlet_event_extra.py
[2025-03-29T17:28:47.376+0000] {processor.py:925} INFO - DAG(s) 'dataset_with_extra_by_context', 'dataset_with_extra_from_classic_operator', 'dataset_with_extra_by_yield' retrieved from /home/airflow/.local/lib/python3.12/site-packages/airflow/example_dags/example_outlet_event_extra.py
[2025-03-29T17:28:47.392+0000] {logging_mixin.py:190} INFO - [2025-03-29T17:28:47.392+0000] {dag.py:3239} INFO - Sync 3 DAGs
[2025-03-29T17:28:47.410+0000] {logging_mixin.py:190} INFO - [2025-03-29T17:28:47.410+0000] {dag.py:4180} INFO - Setting next_dagrun for dataset_with_extra_by_context to 2025-03-28 00:00:00+00:00, run_after=2025-03-29 00:00:00+00:00
[2025-03-29T17:28:47.414+0000] {logging_mixin.py:190} INFO - [2025-03-29T17:28:47.413+0000] {dag.py:4180} INFO - Setting next_dagrun for dataset_with_extra_by_yield to 2025-03-28 00:00:00+00:00, run_after=2025-03-29 00:00:00+00:00
[2025-03-29T17:28:47.416+0000] {logging_mixin.py:190} INFO - [2025-03-29T17:28:47.416+0000] {dag.py:4180} INFO - Setting next_dagrun for dataset_with_extra_from_classic_operator to 2025-03-28 00:00:00+00:00, run_after=2025-03-29 00:00:00+00:00
[2025-03-29T17:28:47.432+0000] {processor.py:208} INFO - Processing /home/airflow/.local/lib/python3.12/site-packages/airflow/example_dags/example_outlet_event_extra.py took 0.501 seconds
[2025-03-29T17:29:18.057+0000] {processor.py:186} INFO - Started process (PID=470) to work on /home/airflow/.local/lib/python3.12/site-packages/airflow/example_dags/example_outlet_event_extra.py
[2025-03-29T17:29:18.058+0000] {processor.py:914} INFO - Processing file /home/airflow/.local/lib/python3.12/site-packages/airflow/example_dags/example_outlet_event_extra.py for tasks to queue
[2025-03-29T17:29:18.059+0000] {logging_mixin.py:190} INFO - [2025-03-29T17:29:18.059+0000] {dagbag.py:588} INFO - Filling up the DagBag from /home/airflow/.local/lib/python3.12/site-packages/airflow/example_dags/example_outlet_event_extra.py
[2025-03-29T17:29:18.473+0000] {processor.py:925} INFO - DAG(s) 'dataset_with_extra_by_yield', 'dataset_with_extra_from_classic_operator', 'dataset_with_extra_by_context' retrieved from /home/airflow/.local/lib/python3.12/site-packages/airflow/example_dags/example_outlet_event_extra.py
[2025-03-29T17:29:18.492+0000] {logging_mixin.py:190} INFO - [2025-03-29T17:29:18.492+0000] {dag.py:3239} INFO - Sync 3 DAGs
[2025-03-29T17:29:18.510+0000] {logging_mixin.py:190} INFO - [2025-03-29T17:29:18.510+0000] {dag.py:4180} INFO - Setting next_dagrun for dataset_with_extra_by_context to 2025-03-28 00:00:00+00:00, run_after=2025-03-29 00:00:00+00:00
[2025-03-29T17:29:18.514+0000] {logging_mixin.py:190} INFO - [2025-03-29T17:29:18.514+0000] {dag.py:4180} INFO - Setting next_dagrun for dataset_with_extra_by_yield to 2025-03-28 00:00:00+00:00, run_after=2025-03-29 00:00:00+00:00
[2025-03-29T17:29:18.516+0000] {logging_mixin.py:190} INFO - [2025-03-29T17:29:18.516+0000] {dag.py:4180} INFO - Setting next_dagrun for dataset_with_extra_from_classic_operator to 2025-03-28 00:00:00+00:00, run_after=2025-03-29 00:00:00+00:00
[2025-03-29T17:29:18.532+0000] {processor.py:208} INFO - Processing /home/airflow/.local/lib/python3.12/site-packages/airflow/example_dags/example_outlet_event_extra.py took 0.479 seconds
[2025-03-29T17:29:49.510+0000] {processor.py:186} INFO - Started process (PID=533) to work on /home/airflow/.local/lib/python3.12/site-packages/airflow/example_dags/example_outlet_event_extra.py
[2025-03-29T17:29:49.511+0000] {processor.py:914} INFO - Processing file /home/airflow/.local/lib/python3.12/site-packages/airflow/example_dags/example_outlet_event_extra.py for tasks to queue
[2025-03-29T17:29:49.512+0000] {logging_mixin.py:190} INFO - [2025-03-29T17:29:49.512+0000] {dagbag.py:588} INFO - Filling up the DagBag from /home/airflow/.local/lib/python3.12/site-packages/airflow/example_dags/example_outlet_event_extra.py
[2025-03-29T17:29:49.971+0000] {processor.py:925} INFO - DAG(s) 'dataset_with_extra_by_context', 'dataset_with_extra_from_classic_operator', 'dataset_with_extra_by_yield' retrieved from /home/airflow/.local/lib/python3.12/site-packages/airflow/example_dags/example_outlet_event_extra.py
[2025-03-29T17:29:49.989+0000] {logging_mixin.py:190} INFO - [2025-03-29T17:29:49.989+0000] {dag.py:3239} INFO - Sync 3 DAGs
[2025-03-29T17:29:50.013+0000] {logging_mixin.py:190} INFO - [2025-03-29T17:29:50.013+0000] {dag.py:4180} INFO - Setting next_dagrun for dataset_with_extra_by_context to 2025-03-28 00:00:00+00:00, run_after=2025-03-29 00:00:00+00:00
[2025-03-29T17:29:50.018+0000] {logging_mixin.py:190} INFO - [2025-03-29T17:29:50.017+0000] {dag.py:4180} INFO - Setting next_dagrun for dataset_with_extra_by_yield to 2025-03-28 00:00:00+00:00, run_after=2025-03-29 00:00:00+00:00
[2025-03-29T17:29:50.020+0000] {logging_mixin.py:190} INFO - [2025-03-29T17:29:50.020+0000] {dag.py:4180} INFO - Setting next_dagrun for dataset_with_extra_from_classic_operator to 2025-03-28 00:00:00+00:00, run_after=2025-03-29 00:00:00+00:00
[2025-03-29T17:29:50.038+0000] {processor.py:208} INFO - Processing /home/airflow/.local/lib/python3.12/site-packages/airflow/example_dags/example_outlet_event_extra.py took 0.532 seconds
[2025-03-29T17:30:20.282+0000] {processor.py:186} INFO - Started process (PID=598) to work on /home/airflow/.local/lib/python3.12/site-packages/airflow/example_dags/example_outlet_event_extra.py
[2025-03-29T17:30:20.282+0000] {processor.py:914} INFO - Processing file /home/airflow/.local/lib/python3.12/site-packages/airflow/example_dags/example_outlet_event_extra.py for tasks to queue
[2025-03-29T17:30:20.284+0000] {logging_mixin.py:190} INFO - [2025-03-29T17:30:20.283+0000] {dagbag.py:588} INFO - Filling up the DagBag from /home/airflow/.local/lib/python3.12/site-packages/airflow/example_dags/example_outlet_event_extra.py
[2025-03-29T17:30:20.822+0000] {processor.py:925} INFO - DAG(s) 'dataset_with_extra_by_context', 'dataset_with_extra_by_yield', 'dataset_with_extra_from_classic_operator' retrieved from /home/airflow/.local/lib/python3.12/site-packages/airflow/example_dags/example_outlet_event_extra.py
[2025-03-29T17:30:20.851+0000] {logging_mixin.py:190} INFO - [2025-03-29T17:30:20.851+0000] {dag.py:3239} INFO - Sync 3 DAGs
[2025-03-29T17:30:20.872+0000] {logging_mixin.py:190} INFO - [2025-03-29T17:30:20.872+0000] {dag.py:4180} INFO - Setting next_dagrun for dataset_with_extra_by_context to 2025-03-28 00:00:00+00:00, run_after=2025-03-29 00:00:00+00:00
[2025-03-29T17:30:20.876+0000] {logging_mixin.py:190} INFO - [2025-03-29T17:30:20.876+0000] {dag.py:4180} INFO - Setting next_dagrun for dataset_with_extra_by_yield to 2025-03-28 00:00:00+00:00, run_after=2025-03-29 00:00:00+00:00
[2025-03-29T17:30:20.878+0000] {logging_mixin.py:190} INFO - [2025-03-29T17:30:20.878+0000] {dag.py:4180} INFO - Setting next_dagrun for dataset_with_extra_from_classic_operator to 2025-03-28 00:00:00+00:00, run_after=2025-03-29 00:00:00+00:00
[2025-03-29T17:30:20.892+0000] {processor.py:208} INFO - Processing /home/airflow/.local/lib/python3.12/site-packages/airflow/example_dags/example_outlet_event_extra.py took 0.615 seconds
[2025-03-29T17:30:51.620+0000] {processor.py:186} INFO - Started process (PID=659) to work on /home/airflow/.local/lib/python3.12/site-packages/airflow/example_dags/example_outlet_event_extra.py
[2025-03-29T17:30:51.620+0000] {processor.py:914} INFO - Processing file /home/airflow/.local/lib/python3.12/site-packages/airflow/example_dags/example_outlet_event_extra.py for tasks to queue
[2025-03-29T17:30:51.622+0000] {logging_mixin.py:190} INFO - [2025-03-29T17:30:51.621+0000] {dagbag.py:588} INFO - Filling up the DagBag from /home/airflow/.local/lib/python3.12/site-packages/airflow/example_dags/example_outlet_event_extra.py
[2025-03-29T17:30:52.034+0000] {processor.py:925} INFO - DAG(s) 'dataset_with_extra_by_yield', 'dataset_with_extra_from_classic_operator', 'dataset_with_extra_by_context' retrieved from /home/airflow/.local/lib/python3.12/site-packages/airflow/example_dags/example_outlet_event_extra.py
[2025-03-29T17:30:52.050+0000] {logging_mixin.py:190} INFO - [2025-03-29T17:30:52.050+0000] {dag.py:3239} INFO - Sync 3 DAGs
[2025-03-29T17:30:52.069+0000] {logging_mixin.py:190} INFO - [2025-03-29T17:30:52.068+0000] {dag.py:4180} INFO - Setting next_dagrun for dataset_with_extra_by_context to 2025-03-28 00:00:00+00:00, run_after=2025-03-29 00:00:00+00:00
[2025-03-29T17:30:52.072+0000] {logging_mixin.py:190} INFO - [2025-03-29T17:30:52.072+0000] {dag.py:4180} INFO - Setting next_dagrun for dataset_with_extra_by_yield to 2025-03-28 00:00:00+00:00, run_after=2025-03-29 00:00:00+00:00
[2025-03-29T17:30:52.074+0000] {logging_mixin.py:190} INFO - [2025-03-29T17:30:52.074+0000] {dag.py:4180} INFO - Setting next_dagrun for dataset_with_extra_from_classic_operator to 2025-03-28 00:00:00+00:00, run_after=2025-03-29 00:00:00+00:00
[2025-03-29T17:30:52.088+0000] {processor.py:208} INFO - Processing /home/airflow/.local/lib/python3.12/site-packages/airflow/example_dags/example_outlet_event_extra.py took 0.472 seconds
[2025-03-29T17:31:22.885+0000] {processor.py:186} INFO - Started process (PID=722) to work on /home/airflow/.local/lib/python3.12/site-packages/airflow/example_dags/example_outlet_event_extra.py
[2025-03-29T17:31:22.886+0000] {processor.py:914} INFO - Processing file /home/airflow/.local/lib/python3.12/site-packages/airflow/example_dags/example_outlet_event_extra.py for tasks to queue
[2025-03-29T17:31:22.887+0000] {logging_mixin.py:190} INFO - [2025-03-29T17:31:22.887+0000] {dagbag.py:588} INFO - Filling up the DagBag from /home/airflow/.local/lib/python3.12/site-packages/airflow/example_dags/example_outlet_event_extra.py
[2025-03-29T17:31:23.306+0000] {processor.py:925} INFO - DAG(s) 'dataset_with_extra_from_classic_operator', 'dataset_with_extra_by_yield', 'dataset_with_extra_by_context' retrieved from /home/airflow/.local/lib/python3.12/site-packages/airflow/example_dags/example_outlet_event_extra.py
[2025-03-29T17:31:23.323+0000] {logging_mixin.py:190} INFO - [2025-03-29T17:31:23.323+0000] {dag.py:3239} INFO - Sync 3 DAGs
[2025-03-29T17:31:23.343+0000] {logging_mixin.py:190} INFO - [2025-03-29T17:31:23.343+0000] {dag.py:4180} INFO - Setting next_dagrun for dataset_with_extra_by_context to 2025-03-28 00:00:00+00:00, run_after=2025-03-29 00:00:00+00:00
[2025-03-29T17:31:23.347+0000] {logging_mixin.py:190} INFO - [2025-03-29T17:31:23.347+0000] {dag.py:4180} INFO - Setting next_dagrun for dataset_with_extra_by_yield to 2025-03-28 00:00:00+00:00, run_after=2025-03-29 00:00:00+00:00
[2025-03-29T17:31:23.349+0000] {logging_mixin.py:190} INFO - [2025-03-29T17:31:23.349+0000] {dag.py:4180} INFO - Setting next_dagrun for dataset_with_extra_from_classic_operator to 2025-03-28 00:00:00+00:00, run_after=2025-03-29 00:00:00+00:00
[2025-03-29T17:31:23.364+0000] {processor.py:208} INFO - Processing /home/airflow/.local/lib/python3.12/site-packages/airflow/example_dags/example_outlet_event_extra.py took 0.482 seconds
[2025-03-29T17:31:53.467+0000] {processor.py:186} INFO - Started process (PID=786) to work on /home/airflow/.local/lib/python3.12/site-packages/airflow/example_dags/example_outlet_event_extra.py
[2025-03-29T17:31:53.468+0000] {processor.py:914} INFO - Processing file /home/airflow/.local/lib/python3.12/site-packages/airflow/example_dags/example_outlet_event_extra.py for tasks to queue
[2025-03-29T17:31:53.469+0000] {logging_mixin.py:190} INFO - [2025-03-29T17:31:53.469+0000] {dagbag.py:588} INFO - Filling up the DagBag from /home/airflow/.local/lib/python3.12/site-packages/airflow/example_dags/example_outlet_event_extra.py
[2025-03-29T17:31:53.889+0000] {processor.py:925} INFO - DAG(s) 'dataset_with_extra_by_yield', 'dataset_with_extra_from_classic_operator', 'dataset_with_extra_by_context' retrieved from /home/airflow/.local/lib/python3.12/site-packages/airflow/example_dags/example_outlet_event_extra.py
[2025-03-29T17:31:53.904+0000] {logging_mixin.py:190} INFO - [2025-03-29T17:31:53.904+0000] {dag.py:3239} INFO - Sync 3 DAGs
[2025-03-29T17:31:53.922+0000] {logging_mixin.py:190} INFO - [2025-03-29T17:31:53.922+0000] {dag.py:4180} INFO - Setting next_dagrun for dataset_with_extra_by_context to 2025-03-28 00:00:00+00:00, run_after=2025-03-29 00:00:00+00:00
[2025-03-29T17:31:53.926+0000] {logging_mixin.py:190} INFO - [2025-03-29T17:31:53.926+0000] {dag.py:4180} INFO - Setting next_dagrun for dataset_with_extra_by_yield to 2025-03-28 00:00:00+00:00, run_after=2025-03-29 00:00:00+00:00
[2025-03-29T17:31:53.928+0000] {logging_mixin.py:190} INFO - [2025-03-29T17:31:53.927+0000] {dag.py:4180} INFO - Setting next_dagrun for dataset_with_extra_from_classic_operator to 2025-03-28 00:00:00+00:00, run_after=2025-03-29 00:00:00+00:00
[2025-03-29T17:31:53.942+0000] {processor.py:208} INFO - Processing /home/airflow/.local/lib/python3.12/site-packages/airflow/example_dags/example_outlet_event_extra.py took 0.478 seconds
[2025-03-29T17:32:24.684+0000] {processor.py:186} INFO - Started process (PID=848) to work on /home/airflow/.local/lib/python3.12/site-packages/airflow/example_dags/example_outlet_event_extra.py
[2025-03-29T17:32:24.684+0000] {processor.py:914} INFO - Processing file /home/airflow/.local/lib/python3.12/site-packages/airflow/example_dags/example_outlet_event_extra.py for tasks to queue
[2025-03-29T17:32:24.686+0000] {logging_mixin.py:190} INFO - [2025-03-29T17:32:24.685+0000] {dagbag.py:588} INFO - Filling up the DagBag from /home/airflow/.local/lib/python3.12/site-packages/airflow/example_dags/example_outlet_event_extra.py
[2025-03-29T17:32:25.179+0000] {processor.py:925} INFO - DAG(s) 'dataset_with_extra_from_classic_operator', 'dataset_with_extra_by_yield', 'dataset_with_extra_by_context' retrieved from /home/airflow/.local/lib/python3.12/site-packages/airflow/example_dags/example_outlet_event_extra.py
[2025-03-29T17:32:25.199+0000] {logging_mixin.py:190} INFO - [2025-03-29T17:32:25.199+0000] {dag.py:3239} INFO - Sync 3 DAGs
[2025-03-29T17:32:25.225+0000] {logging_mixin.py:190} INFO - [2025-03-29T17:32:25.224+0000] {dag.py:4180} INFO - Setting next_dagrun for dataset_with_extra_by_context to 2025-03-28 00:00:00+00:00, run_after=2025-03-29 00:00:00+00:00
[2025-03-29T17:32:25.229+0000] {logging_mixin.py:190} INFO - [2025-03-29T17:32:25.229+0000] {dag.py:4180} INFO - Setting next_dagrun for dataset_with_extra_by_yield to 2025-03-28 00:00:00+00:00, run_after=2025-03-29 00:00:00+00:00
[2025-03-29T17:32:25.232+0000] {logging_mixin.py:190} INFO - [2025-03-29T17:32:25.232+0000] {dag.py:4180} INFO - Setting next_dagrun for dataset_with_extra_from_classic_operator to 2025-03-28 00:00:00+00:00, run_after=2025-03-29 00:00:00+00:00
[2025-03-29T17:32:25.251+0000] {processor.py:208} INFO - Processing /home/airflow/.local/lib/python3.12/site-packages/airflow/example_dags/example_outlet_event_extra.py took 0.570 seconds
[2025-03-29T17:32:55.578+0000] {processor.py:186} INFO - Started process (PID=916) to work on /home/airflow/.local/lib/python3.12/site-packages/airflow/example_dags/example_outlet_event_extra.py
[2025-03-29T17:32:55.579+0000] {processor.py:914} INFO - Processing file /home/airflow/.local/lib/python3.12/site-packages/airflow/example_dags/example_outlet_event_extra.py for tasks to queue
[2025-03-29T17:32:55.580+0000] {logging_mixin.py:190} INFO - [2025-03-29T17:32:55.580+0000] {dagbag.py:588} INFO - Filling up the DagBag from /home/airflow/.local/lib/python3.12/site-packages/airflow/example_dags/example_outlet_event_extra.py
[2025-03-29T17:32:55.973+0000] {processor.py:925} INFO - DAG(s) 'dataset_with_extra_by_context', 'dataset_with_extra_by_yield', 'dataset_with_extra_from_classic_operator' retrieved from /home/airflow/.local/lib/python3.12/site-packages/airflow/example_dags/example_outlet_event_extra.py
[2025-03-29T17:32:55.988+0000] {logging_mixin.py:190} INFO - [2025-03-29T17:32:55.988+0000] {dag.py:3239} INFO - Sync 3 DAGs
[2025-03-29T17:32:56.009+0000] {logging_mixin.py:190} INFO - [2025-03-29T17:32:56.009+0000] {dag.py:4180} INFO - Setting next_dagrun for dataset_with_extra_by_context to 2025-03-28 00:00:00+00:00, run_after=2025-03-29 00:00:00+00:00
[2025-03-29T17:32:56.013+0000] {logging_mixin.py:190} INFO - [2025-03-29T17:32:56.013+0000] {dag.py:4180} INFO - Setting next_dagrun for dataset_with_extra_by_yield to 2025-03-28 00:00:00+00:00, run_after=2025-03-29 00:00:00+00:00
[2025-03-29T17:32:56.016+0000] {logging_mixin.py:190} INFO - [2025-03-29T17:32:56.015+0000] {dag.py:4180} INFO - Setting next_dagrun for dataset_with_extra_from_classic_operator to 2025-03-28 00:00:00+00:00, run_after=2025-03-29 00:00:00+00:00
[2025-03-29T17:32:56.030+0000] {processor.py:208} INFO - Processing /home/airflow/.local/lib/python3.12/site-packages/airflow/example_dags/example_outlet_event_extra.py took 0.456 seconds
[2025-03-29T17:33:26.709+0000] {processor.py:186} INFO - Started process (PID=974) to work on /home/airflow/.local/lib/python3.12/site-packages/airflow/example_dags/example_outlet_event_extra.py
[2025-03-29T17:33:26.709+0000] {processor.py:914} INFO - Processing file /home/airflow/.local/lib/python3.12/site-packages/airflow/example_dags/example_outlet_event_extra.py for tasks to queue
[2025-03-29T17:33:26.711+0000] {logging_mixin.py:190} INFO - [2025-03-29T17:33:26.711+0000] {dagbag.py:588} INFO - Filling up the DagBag from /home/airflow/.local/lib/python3.12/site-packages/airflow/example_dags/example_outlet_event_extra.py
[2025-03-29T17:33:27.119+0000] {processor.py:925} INFO - DAG(s) 'dataset_with_extra_from_classic_operator', 'dataset_with_extra_by_context', 'dataset_with_extra_by_yield' retrieved from /home/airflow/.local/lib/python3.12/site-packages/airflow/example_dags/example_outlet_event_extra.py
[2025-03-29T17:33:27.135+0000] {logging_mixin.py:190} INFO - [2025-03-29T17:33:27.134+0000] {dag.py:3239} INFO - Sync 3 DAGs
[2025-03-29T17:33:27.152+0000] {logging_mixin.py:190} INFO - [2025-03-29T17:33:27.152+0000] {dag.py:4180} INFO - Setting next_dagrun for dataset_with_extra_by_context to 2025-03-28 00:00:00+00:00, run_after=2025-03-29 00:00:00+00:00
[2025-03-29T17:33:27.155+0000] {logging_mixin.py:190} INFO - [2025-03-29T17:33:27.155+0000] {dag.py:4180} INFO - Setting next_dagrun for dataset_with_extra_by_yield to 2025-03-28 00:00:00+00:00, run_after=2025-03-29 00:00:00+00:00
[2025-03-29T17:33:27.157+0000] {logging_mixin.py:190} INFO - [2025-03-29T17:33:27.157+0000] {dag.py:4180} INFO - Setting next_dagrun for dataset_with_extra_from_classic_operator to 2025-03-28 00:00:00+00:00, run_after=2025-03-29 00:00:00+00:00
[2025-03-29T17:33:27.172+0000] {processor.py:208} INFO - Processing /home/airflow/.local/lib/python3.12/site-packages/airflow/example_dags/example_outlet_event_extra.py took 0.467 seconds
[2025-03-29T17:33:57.409+0000] {processor.py:186} INFO - Started process (PID=1038) to work on /home/airflow/.local/lib/python3.12/site-packages/airflow/example_dags/example_outlet_event_extra.py
[2025-03-29T17:33:57.410+0000] {processor.py:914} INFO - Processing file /home/airflow/.local/lib/python3.12/site-packages/airflow/example_dags/example_outlet_event_extra.py for tasks to queue
[2025-03-29T17:33:57.411+0000] {logging_mixin.py:190} INFO - [2025-03-29T17:33:57.411+0000] {dagbag.py:588} INFO - Filling up the DagBag from /home/airflow/.local/lib/python3.12/site-packages/airflow/example_dags/example_outlet_event_extra.py
[2025-03-29T17:33:57.851+0000] {processor.py:925} INFO - DAG(s) 'dataset_with_extra_from_classic_operator', 'dataset_with_extra_by_context', 'dataset_with_extra_by_yield' retrieved from /home/airflow/.local/lib/python3.12/site-packages/airflow/example_dags/example_outlet_event_extra.py
[2025-03-29T17:33:57.868+0000] {logging_mixin.py:190} INFO - [2025-03-29T17:33:57.868+0000] {dag.py:3239} INFO - Sync 3 DAGs
[2025-03-29T17:33:57.885+0000] {logging_mixin.py:190} INFO - [2025-03-29T17:33:57.885+0000] {dag.py:4180} INFO - Setting next_dagrun for dataset_with_extra_by_context to 2025-03-28 00:00:00+00:00, run_after=2025-03-29 00:00:00+00:00
[2025-03-29T17:33:57.889+0000] {logging_mixin.py:190} INFO - [2025-03-29T17:33:57.889+0000] {dag.py:4180} INFO - Setting next_dagrun for dataset_with_extra_by_yield to 2025-03-28 00:00:00+00:00, run_after=2025-03-29 00:00:00+00:00
[2025-03-29T17:33:57.891+0000] {logging_mixin.py:190} INFO - [2025-03-29T17:33:57.891+0000] {dag.py:4180} INFO - Setting next_dagrun for dataset_with_extra_from_classic_operator to 2025-03-28 00:00:00+00:00, run_after=2025-03-29 00:00:00+00:00
[2025-03-29T17:33:57.908+0000] {processor.py:208} INFO - Processing /home/airflow/.local/lib/python3.12/site-packages/airflow/example_dags/example_outlet_event_extra.py took 0.502 seconds
[2025-03-29T17:34:28.808+0000] {processor.py:186} INFO - Started process (PID=1100) to work on /home/airflow/.local/lib/python3.12/site-packages/airflow/example_dags/example_outlet_event_extra.py
[2025-03-29T17:34:28.808+0000] {processor.py:914} INFO - Processing file /home/airflow/.local/lib/python3.12/site-packages/airflow/example_dags/example_outlet_event_extra.py for tasks to queue
[2025-03-29T17:34:28.810+0000] {logging_mixin.py:190} INFO - [2025-03-29T17:34:28.809+0000] {dagbag.py:588} INFO - Filling up the DagBag from /home/airflow/.local/lib/python3.12/site-packages/airflow/example_dags/example_outlet_event_extra.py
[2025-03-29T17:34:29.217+0000] {processor.py:925} INFO - DAG(s) 'dataset_with_extra_by_yield', 'dataset_with_extra_by_context', 'dataset_with_extra_from_classic_operator' retrieved from /home/airflow/.local/lib/python3.12/site-packages/airflow/example_dags/example_outlet_event_extra.py
[2025-03-29T17:34:29.236+0000] {logging_mixin.py:190} INFO - [2025-03-29T17:34:29.236+0000] {dag.py:3239} INFO - Sync 3 DAGs
[2025-03-29T17:34:29.257+0000] {logging_mixin.py:190} INFO - [2025-03-29T17:34:29.256+0000] {dag.py:4180} INFO - Setting next_dagrun for dataset_with_extra_by_context to 2025-03-28 00:00:00+00:00, run_after=2025-03-29 00:00:00+00:00
[2025-03-29T17:34:29.261+0000] {logging_mixin.py:190} INFO - [2025-03-29T17:34:29.261+0000] {dag.py:4180} INFO - Setting next_dagrun for dataset_with_extra_by_yield to 2025-03-28 00:00:00+00:00, run_after=2025-03-29 00:00:00+00:00
[2025-03-29T17:34:29.263+0000] {logging_mixin.py:190} INFO - [2025-03-29T17:34:29.263+0000] {dag.py:4180} INFO - Setting next_dagrun for dataset_with_extra_from_classic_operator to 2025-03-28 00:00:00+00:00, run_after=2025-03-29 00:00:00+00:00
[2025-03-29T17:34:29.277+0000] {processor.py:208} INFO - Processing /home/airflow/.local/lib/python3.12/site-packages/airflow/example_dags/example_outlet_event_extra.py took 0.472 seconds
[2025-03-29T17:34:59.626+0000] {processor.py:186} INFO - Started process (PID=1164) to work on /home/airflow/.local/lib/python3.12/site-packages/airflow/example_dags/example_outlet_event_extra.py
[2025-03-29T17:34:59.627+0000] {processor.py:914} INFO - Processing file /home/airflow/.local/lib/python3.12/site-packages/airflow/example_dags/example_outlet_event_extra.py for tasks to queue
[2025-03-29T17:34:59.629+0000] {logging_mixin.py:190} INFO - [2025-03-29T17:34:59.629+0000] {dagbag.py:588} INFO - Filling up the DagBag from /home/airflow/.local/lib/python3.12/site-packages/airflow/example_dags/example_outlet_event_extra.py
[2025-03-29T17:35:00.163+0000] {processor.py:925} INFO - DAG(s) 'dataset_with_extra_from_classic_operator', 'dataset_with_extra_by_context', 'dataset_with_extra_by_yield' retrieved from /home/airflow/.local/lib/python3.12/site-packages/airflow/example_dags/example_outlet_event_extra.py
[2025-03-29T17:35:00.179+0000] {logging_mixin.py:190} INFO - [2025-03-29T17:35:00.179+0000] {dag.py:3239} INFO - Sync 3 DAGs
[2025-03-29T17:35:00.197+0000] {logging_mixin.py:190} INFO - [2025-03-29T17:35:00.197+0000] {dag.py:4180} INFO - Setting next_dagrun for dataset_with_extra_by_context to 2025-03-28 00:00:00+00:00, run_after=2025-03-29 00:00:00+00:00
[2025-03-29T17:35:00.202+0000] {logging_mixin.py:190} INFO - [2025-03-29T17:35:00.201+0000] {dag.py:4180} INFO - Setting next_dagrun for dataset_with_extra_by_yield to 2025-03-28 00:00:00+00:00, run_after=2025-03-29 00:00:00+00:00
[2025-03-29T17:35:00.204+0000] {logging_mixin.py:190} INFO - [2025-03-29T17:35:00.204+0000] {dag.py:4180} INFO - Setting next_dagrun for dataset_with_extra_from_classic_operator to 2025-03-28 00:00:00+00:00, run_after=2025-03-29 00:00:00+00:00
[2025-03-29T17:35:00.225+0000] {processor.py:208} INFO - Processing /home/airflow/.local/lib/python3.12/site-packages/airflow/example_dags/example_outlet_event_extra.py took 0.607 seconds
[2025-03-29T17:35:31.353+0000] {processor.py:186} INFO - Started process (PID=1233) to work on /home/airflow/.local/lib/python3.12/site-packages/airflow/example_dags/example_outlet_event_extra.py
[2025-03-29T17:35:31.354+0000] {processor.py:914} INFO - Processing file /home/airflow/.local/lib/python3.12/site-packages/airflow/example_dags/example_outlet_event_extra.py for tasks to queue
[2025-03-29T17:35:31.358+0000] {logging_mixin.py:190} INFO - [2025-03-29T17:35:31.358+0000] {dagbag.py:588} INFO - Filling up the DagBag from /home/airflow/.local/lib/python3.12/site-packages/airflow/example_dags/example_outlet_event_extra.py
[2025-03-29T17:35:32.075+0000] {processor.py:925} INFO - DAG(s) 'dataset_with_extra_by_context', 'dataset_with_extra_by_yield', 'dataset_with_extra_from_classic_operator' retrieved from /home/airflow/.local/lib/python3.12/site-packages/airflow/example_dags/example_outlet_event_extra.py
[2025-03-29T17:35:32.112+0000] {logging_mixin.py:190} INFO - [2025-03-29T17:35:32.111+0000] {dag.py:3239} INFO - Sync 3 DAGs
[2025-03-29T17:35:32.141+0000] {logging_mixin.py:190} INFO - [2025-03-29T17:35:32.140+0000] {dag.py:4180} INFO - Setting next_dagrun for dataset_with_extra_by_context to 2025-03-28 00:00:00+00:00, run_after=2025-03-29 00:00:00+00:00
[2025-03-29T17:35:32.146+0000] {logging_mixin.py:190} INFO - [2025-03-29T17:35:32.146+0000] {dag.py:4180} INFO - Setting next_dagrun for dataset_with_extra_by_yield to 2025-03-28 00:00:00+00:00, run_after=2025-03-29 00:00:00+00:00
[2025-03-29T17:35:32.152+0000] {logging_mixin.py:190} INFO - [2025-03-29T17:35:32.152+0000] {dag.py:4180} INFO - Setting next_dagrun for dataset_with_extra_from_classic_operator to 2025-03-28 00:00:00+00:00, run_after=2025-03-29 00:00:00+00:00
[2025-03-29T17:35:32.194+0000] {processor.py:208} INFO - Processing /home/airflow/.local/lib/python3.12/site-packages/airflow/example_dags/example_outlet_event_extra.py took 0.847 seconds
[2025-03-29T17:36:03.177+0000] {processor.py:186} INFO - Started process (PID=1303) to work on /home/airflow/.local/lib/python3.12/site-packages/airflow/example_dags/example_outlet_event_extra.py
[2025-03-29T17:36:03.179+0000] {processor.py:914} INFO - Processing file /home/airflow/.local/lib/python3.12/site-packages/airflow/example_dags/example_outlet_event_extra.py for tasks to queue
[2025-03-29T17:36:03.180+0000] {logging_mixin.py:190} INFO - [2025-03-29T17:36:03.180+0000] {dagbag.py:588} INFO - Filling up the DagBag from /home/airflow/.local/lib/python3.12/site-packages/airflow/example_dags/example_outlet_event_extra.py
[2025-03-29T17:36:03.543+0000] {processor.py:925} INFO - DAG(s) 'dataset_with_extra_by_context', 'dataset_with_extra_from_classic_operator', 'dataset_with_extra_by_yield' retrieved from /home/airflow/.local/lib/python3.12/site-packages/airflow/example_dags/example_outlet_event_extra.py
[2025-03-29T17:36:03.557+0000] {logging_mixin.py:190} INFO - [2025-03-29T17:36:03.557+0000] {dag.py:3239} INFO - Sync 3 DAGs
[2025-03-29T17:36:03.573+0000] {logging_mixin.py:190} INFO - [2025-03-29T17:36:03.573+0000] {dag.py:4180} INFO - Setting next_dagrun for dataset_with_extra_by_context to 2025-03-28 00:00:00+00:00, run_after=2025-03-29 00:00:00+00:00
[2025-03-29T17:36:03.576+0000] {logging_mixin.py:190} INFO - [2025-03-29T17:36:03.576+0000] {dag.py:4180} INFO - Setting next_dagrun for dataset_with_extra_by_yield to 2025-03-28 00:00:00+00:00, run_after=2025-03-29 00:00:00+00:00
[2025-03-29T17:36:03.578+0000] {logging_mixin.py:190} INFO - [2025-03-29T17:36:03.578+0000] {dag.py:4180} INFO - Setting next_dagrun for dataset_with_extra_from_classic_operator to 2025-03-28 00:00:00+00:00, run_after=2025-03-29 00:00:00+00:00
[2025-03-29T17:36:03.594+0000] {processor.py:208} INFO - Processing /home/airflow/.local/lib/python3.12/site-packages/airflow/example_dags/example_outlet_event_extra.py took 0.420 seconds
[2025-03-29T17:36:34.592+0000] {processor.py:186} INFO - Started process (PID=1366) to work on /home/airflow/.local/lib/python3.12/site-packages/airflow/example_dags/example_outlet_event_extra.py
[2025-03-29T17:36:34.593+0000] {processor.py:914} INFO - Processing file /home/airflow/.local/lib/python3.12/site-packages/airflow/example_dags/example_outlet_event_extra.py for tasks to queue
[2025-03-29T17:36:34.595+0000] {logging_mixin.py:190} INFO - [2025-03-29T17:36:34.594+0000] {dagbag.py:588} INFO - Filling up the DagBag from /home/airflow/.local/lib/python3.12/site-packages/airflow/example_dags/example_outlet_event_extra.py
[2025-03-29T17:36:34.965+0000] {processor.py:925} INFO - DAG(s) 'dataset_with_extra_by_context', 'dataset_with_extra_from_classic_operator', 'dataset_with_extra_by_yield' retrieved from /home/airflow/.local/lib/python3.12/site-packages/airflow/example_dags/example_outlet_event_extra.py
[2025-03-29T17:36:34.981+0000] {logging_mixin.py:190} INFO - [2025-03-29T17:36:34.981+0000] {dag.py:3239} INFO - Sync 3 DAGs
[2025-03-29T17:36:34.997+0000] {logging_mixin.py:190} INFO - [2025-03-29T17:36:34.997+0000] {dag.py:4180} INFO - Setting next_dagrun for dataset_with_extra_by_context to 2025-03-28 00:00:00+00:00, run_after=2025-03-29 00:00:00+00:00
[2025-03-29T17:36:35.000+0000] {logging_mixin.py:190} INFO - [2025-03-29T17:36:35.000+0000] {dag.py:4180} INFO - Setting next_dagrun for dataset_with_extra_by_yield to 2025-03-28 00:00:00+00:00, run_after=2025-03-29 00:00:00+00:00
[2025-03-29T17:36:35.002+0000] {logging_mixin.py:190} INFO - [2025-03-29T17:36:35.002+0000] {dag.py:4180} INFO - Setting next_dagrun for dataset_with_extra_from_classic_operator to 2025-03-28 00:00:00+00:00, run_after=2025-03-29 00:00:00+00:00
[2025-03-29T17:36:35.015+0000] {processor.py:208} INFO - Processing /home/airflow/.local/lib/python3.12/site-packages/airflow/example_dags/example_outlet_event_extra.py took 0.427 seconds
[2025-03-29T17:37:05.753+0000] {processor.py:186} INFO - Started process (PID=1429) to work on /home/airflow/.local/lib/python3.12/site-packages/airflow/example_dags/example_outlet_event_extra.py
[2025-03-29T17:37:05.755+0000] {processor.py:914} INFO - Processing file /home/airflow/.local/lib/python3.12/site-packages/airflow/example_dags/example_outlet_event_extra.py for tasks to queue
[2025-03-29T17:37:05.756+0000] {logging_mixin.py:190} INFO - [2025-03-29T17:37:05.756+0000] {dagbag.py:588} INFO - Filling up the DagBag from /home/airflow/.local/lib/python3.12/site-packages/airflow/example_dags/example_outlet_event_extra.py
[2025-03-29T17:37:06.129+0000] {processor.py:925} INFO - DAG(s) 'dataset_with_extra_by_yield', 'dataset_with_extra_by_context', 'dataset_with_extra_from_classic_operator' retrieved from /home/airflow/.local/lib/python3.12/site-packages/airflow/example_dags/example_outlet_event_extra.py
[2025-03-29T17:37:06.144+0000] {logging_mixin.py:190} INFO - [2025-03-29T17:37:06.144+0000] {dag.py:3239} INFO - Sync 3 DAGs
[2025-03-29T17:37:06.162+0000] {logging_mixin.py:190} INFO - [2025-03-29T17:37:06.162+0000] {dag.py:4180} INFO - Setting next_dagrun for dataset_with_extra_by_context to 2025-03-28 00:00:00+00:00, run_after=2025-03-29 00:00:00+00:00
[2025-03-29T17:37:06.166+0000] {logging_mixin.py:190} INFO - [2025-03-29T17:37:06.165+0000] {dag.py:4180} INFO - Setting next_dagrun for dataset_with_extra_by_yield to 2025-03-28 00:00:00+00:00, run_after=2025-03-29 00:00:00+00:00
[2025-03-29T17:37:06.168+0000] {logging_mixin.py:190} INFO - [2025-03-29T17:37:06.167+0000] {dag.py:4180} INFO - Setting next_dagrun for dataset_with_extra_from_classic_operator to 2025-03-28 00:00:00+00:00, run_after=2025-03-29 00:00:00+00:00
[2025-03-29T17:37:06.183+0000] {processor.py:208} INFO - Processing /home/airflow/.local/lib/python3.12/site-packages/airflow/example_dags/example_outlet_event_extra.py took 0.434 seconds
[2025-03-29T17:37:36.800+0000] {processor.py:186} INFO - Started process (PID=1492) to work on /home/airflow/.local/lib/python3.12/site-packages/airflow/example_dags/example_outlet_event_extra.py
[2025-03-29T17:37:36.802+0000] {processor.py:914} INFO - Processing file /home/airflow/.local/lib/python3.12/site-packages/airflow/example_dags/example_outlet_event_extra.py for tasks to queue
[2025-03-29T17:37:36.803+0000] {logging_mixin.py:190} INFO - [2025-03-29T17:37:36.803+0000] {dagbag.py:588} INFO - Filling up the DagBag from /home/airflow/.local/lib/python3.12/site-packages/airflow/example_dags/example_outlet_event_extra.py
[2025-03-29T17:37:37.235+0000] {processor.py:925} INFO - DAG(s) 'dataset_with_extra_by_context', 'dataset_with_extra_from_classic_operator', 'dataset_with_extra_by_yield' retrieved from /home/airflow/.local/lib/python3.12/site-packages/airflow/example_dags/example_outlet_event_extra.py
[2025-03-29T17:37:37.252+0000] {logging_mixin.py:190} INFO - [2025-03-29T17:37:37.252+0000] {dag.py:3239} INFO - Sync 3 DAGs
[2025-03-29T17:37:37.269+0000] {logging_mixin.py:190} INFO - [2025-03-29T17:37:37.269+0000] {dag.py:4180} INFO - Setting next_dagrun for dataset_with_extra_by_context to 2025-03-28 00:00:00+00:00, run_after=2025-03-29 00:00:00+00:00
[2025-03-29T17:37:37.273+0000] {logging_mixin.py:190} INFO - [2025-03-29T17:37:37.273+0000] {dag.py:4180} INFO - Setting next_dagrun for dataset_with_extra_by_yield to 2025-03-28 00:00:00+00:00, run_after=2025-03-29 00:00:00+00:00
[2025-03-29T17:37:37.274+0000] {logging_mixin.py:190} INFO - [2025-03-29T17:37:37.274+0000] {dag.py:4180} INFO - Setting next_dagrun for dataset_with_extra_from_classic_operator to 2025-03-28 00:00:00+00:00, run_after=2025-03-29 00:00:00+00:00
[2025-03-29T17:37:37.289+0000] {processor.py:208} INFO - Processing /home/airflow/.local/lib/python3.12/site-packages/airflow/example_dags/example_outlet_event_extra.py took 0.494 seconds
[2025-03-29T17:38:07.734+0000] {processor.py:186} INFO - Started process (PID=1555) to work on /home/airflow/.local/lib/python3.12/site-packages/airflow/example_dags/example_outlet_event_extra.py
[2025-03-29T17:38:07.736+0000] {processor.py:914} INFO - Processing file /home/airflow/.local/lib/python3.12/site-packages/airflow/example_dags/example_outlet_event_extra.py for tasks to queue
[2025-03-29T17:38:07.737+0000] {logging_mixin.py:190} INFO - [2025-03-29T17:38:07.737+0000] {dagbag.py:588} INFO - Filling up the DagBag from /home/airflow/.local/lib/python3.12/site-packages/airflow/example_dags/example_outlet_event_extra.py
[2025-03-29T17:38:08.103+0000] {processor.py:925} INFO - DAG(s) 'dataset_with_extra_from_classic_operator', 'dataset_with_extra_by_yield', 'dataset_with_extra_by_context' retrieved from /home/airflow/.local/lib/python3.12/site-packages/airflow/example_dags/example_outlet_event_extra.py
[2025-03-29T17:38:08.118+0000] {logging_mixin.py:190} INFO - [2025-03-29T17:38:08.118+0000] {dag.py:3239} INFO - Sync 3 DAGs
[2025-03-29T17:38:08.135+0000] {logging_mixin.py:190} INFO - [2025-03-29T17:38:08.134+0000] {dag.py:4180} INFO - Setting next_dagrun for dataset_with_extra_by_context to 2025-03-28 00:00:00+00:00, run_after=2025-03-29 00:00:00+00:00
[2025-03-29T17:38:08.138+0000] {logging_mixin.py:190} INFO - [2025-03-29T17:38:08.138+0000] {dag.py:4180} INFO - Setting next_dagrun for dataset_with_extra_by_yield to 2025-03-28 00:00:00+00:00, run_after=2025-03-29 00:00:00+00:00
[2025-03-29T17:38:08.140+0000] {logging_mixin.py:190} INFO - [2025-03-29T17:38:08.139+0000] {dag.py:4180} INFO - Setting next_dagrun for dataset_with_extra_from_classic_operator to 2025-03-28 00:00:00+00:00, run_after=2025-03-29 00:00:00+00:00
[2025-03-29T17:38:08.154+0000] {processor.py:208} INFO - Processing /home/airflow/.local/lib/python3.12/site-packages/airflow/example_dags/example_outlet_event_extra.py took 0.423 seconds
[2025-03-29T17:38:39.005+0000] {processor.py:186} INFO - Started process (PID=1618) to work on /home/airflow/.local/lib/python3.12/site-packages/airflow/example_dags/example_outlet_event_extra.py
[2025-03-29T17:38:39.006+0000] {processor.py:914} INFO - Processing file /home/airflow/.local/lib/python3.12/site-packages/airflow/example_dags/example_outlet_event_extra.py for tasks to queue
[2025-03-29T17:38:39.008+0000] {logging_mixin.py:190} INFO - [2025-03-29T17:38:39.007+0000] {dagbag.py:588} INFO - Filling up the DagBag from /home/airflow/.local/lib/python3.12/site-packages/airflow/example_dags/example_outlet_event_extra.py
[2025-03-29T17:38:39.406+0000] {processor.py:925} INFO - DAG(s) 'dataset_with_extra_by_context', 'dataset_with_extra_from_classic_operator', 'dataset_with_extra_by_yield' retrieved from /home/airflow/.local/lib/python3.12/site-packages/airflow/example_dags/example_outlet_event_extra.py
[2025-03-29T17:38:39.423+0000] {logging_mixin.py:190} INFO - [2025-03-29T17:38:39.423+0000] {dag.py:3239} INFO - Sync 3 DAGs
[2025-03-29T17:38:39.441+0000] {logging_mixin.py:190} INFO - [2025-03-29T17:38:39.441+0000] {dag.py:4180} INFO - Setting next_dagrun for dataset_with_extra_by_context to 2025-03-28 00:00:00+00:00, run_after=2025-03-29 00:00:00+00:00
[2025-03-29T17:38:39.445+0000] {logging_mixin.py:190} INFO - [2025-03-29T17:38:39.445+0000] {dag.py:4180} INFO - Setting next_dagrun for dataset_with_extra_by_yield to 2025-03-28 00:00:00+00:00, run_after=2025-03-29 00:00:00+00:00
[2025-03-29T17:38:39.447+0000] {logging_mixin.py:190} INFO - [2025-03-29T17:38:39.447+0000] {dag.py:4180} INFO - Setting next_dagrun for dataset_with_extra_from_classic_operator to 2025-03-28 00:00:00+00:00, run_after=2025-03-29 00:00:00+00:00
[2025-03-29T17:38:39.469+0000] {processor.py:208} INFO - Processing /home/airflow/.local/lib/python3.12/site-packages/airflow/example_dags/example_outlet_event_extra.py took 0.467 seconds
