[2025-03-29T17:15:48.481+0000] {processor.py:186} INFO - Started process (PID=75) to work on /home/airflow/.local/lib/python3.12/site-packages/airflow/example_dags/example_branch_python_dop_operator_3.py
[2025-03-29T17:15:48.481+0000] {processor.py:914} INFO - Processing file /home/airflow/.local/lib/python3.12/site-packages/airflow/example_dags/example_branch_python_dop_operator_3.py for tasks to queue
[2025-03-29T17:15:48.482+0000] {logging_mixin.py:190} INFO - [2025-03-29T17:15:48.482+0000] {dagbag.py:588} INFO - Filling up the DagBag from /home/airflow/.local/lib/python3.12/site-packages/airflow/example_dags/example_branch_python_dop_operator_3.py
[2025-03-29T17:15:48.490+0000] {processor.py:925} INFO - DAG(s) 'example_branch_dop_operator_v3' retrieved from /home/airflow/.local/lib/python3.12/site-packages/airflow/example_dags/example_branch_python_dop_operator_3.py
[2025-03-29T17:15:48.585+0000] {logging_mixin.py:190} INFO - [2025-03-29T17:15:48.584+0000] {override.py:1912} INFO - Created Permission View: can delete on DAG:example_branch_dop_operator_v3
[2025-03-29T17:15:48.594+0000] {logging_mixin.py:190} INFO - [2025-03-29T17:15:48.593+0000] {override.py:1912} INFO - Created Permission View: can edit on DAG:example_branch_dop_operator_v3
[2025-03-29T17:15:48.599+0000] {logging_mixin.py:190} INFO - [2025-03-29T17:15:48.598+0000] {override.py:1912} INFO - Created Permission View: can read on DAG:example_branch_dop_operator_v3
[2025-03-29T17:15:48.604+0000] {logging_mixin.py:190} INFO - [2025-03-29T17:15:48.603+0000] {override.py:1912} INFO - Created Permission View: can delete on DAG Run:example_branch_dop_operator_v3
[2025-03-29T17:15:48.610+0000] {logging_mixin.py:190} INFO - [2025-03-29T17:15:48.610+0000] {override.py:1912} INFO - Created Permission View: menu access on DAG Run:example_branch_dop_operator_v3
[2025-03-29T17:15:48.614+0000] {logging_mixin.py:190} INFO - [2025-03-29T17:15:48.614+0000] {override.py:1912} INFO - Created Permission View: can read on DAG Run:example_branch_dop_operator_v3
[2025-03-29T17:15:48.618+0000] {logging_mixin.py:190} INFO - [2025-03-29T17:15:48.618+0000] {override.py:1912} INFO - Created Permission View: can create on DAG Run:example_branch_dop_operator_v3
[2025-03-29T17:15:48.619+0000] {logging_mixin.py:190} INFO - [2025-03-29T17:15:48.619+0000] {dag.py:3239} INFO - Sync 1 DAGs
[2025-03-29T17:15:48.627+0000] {logging_mixin.py:190} INFO - [2025-03-29T17:15:48.627+0000] {dag.py:3262} INFO - Creating ORM DAG for example_branch_dop_operator_v3
[2025-03-29T17:15:48.636+0000] {logging_mixin.py:190} INFO - [2025-03-29T17:15:48.636+0000] {dag.py:4180} INFO - Setting next_dagrun for example_branch_dop_operator_v3 to 2025-03-29 17:14:00+00:00, run_after=2025-03-29 17:15:00+00:00
[2025-03-29T17:15:48.647+0000] {processor.py:208} INFO - Processing /home/airflow/.local/lib/python3.12/site-packages/airflow/example_dags/example_branch_python_dop_operator_3.py took 0.170 seconds
[2025-03-29T17:16:19.129+0000] {processor.py:186} INFO - Started process (PID=138) to work on /home/airflow/.local/lib/python3.12/site-packages/airflow/example_dags/example_branch_python_dop_operator_3.py
[2025-03-29T17:16:19.133+0000] {processor.py:914} INFO - Processing file /home/airflow/.local/lib/python3.12/site-packages/airflow/example_dags/example_branch_python_dop_operator_3.py for tasks to queue
[2025-03-29T17:16:19.137+0000] {logging_mixin.py:190} INFO - [2025-03-29T17:16:19.136+0000] {dagbag.py:588} INFO - Filling up the DagBag from /home/airflow/.local/lib/python3.12/site-packages/airflow/example_dags/example_branch_python_dop_operator_3.py
[2025-03-29T17:16:19.149+0000] {processor.py:925} INFO - DAG(s) 'example_branch_dop_operator_v3' retrieved from /home/airflow/.local/lib/python3.12/site-packages/airflow/example_dags/example_branch_python_dop_operator_3.py
[2025-03-29T17:16:19.176+0000] {logging_mixin.py:190} INFO - [2025-03-29T17:16:19.175+0000] {dag.py:3239} INFO - Sync 1 DAGs
[2025-03-29T17:16:19.202+0000] {logging_mixin.py:190} INFO - [2025-03-29T17:16:19.202+0000] {dag.py:4180} INFO - Setting next_dagrun for example_branch_dop_operator_v3 to 2025-03-29 17:15:00+00:00, run_after=2025-03-29 17:16:00+00:00
[2025-03-29T17:16:19.220+0000] {processor.py:208} INFO - Processing /home/airflow/.local/lib/python3.12/site-packages/airflow/example_dags/example_branch_python_dop_operator_3.py took 0.099 seconds
[2025-03-29T17:16:49.791+0000] {processor.py:186} INFO - Started process (PID=201) to work on /home/airflow/.local/lib/python3.12/site-packages/airflow/example_dags/example_branch_python_dop_operator_3.py
[2025-03-29T17:16:49.791+0000] {processor.py:914} INFO - Processing file /home/airflow/.local/lib/python3.12/site-packages/airflow/example_dags/example_branch_python_dop_operator_3.py for tasks to queue
[2025-03-29T17:16:49.792+0000] {logging_mixin.py:190} INFO - [2025-03-29T17:16:49.792+0000] {dagbag.py:588} INFO - Filling up the DagBag from /home/airflow/.local/lib/python3.12/site-packages/airflow/example_dags/example_branch_python_dop_operator_3.py
[2025-03-29T17:16:49.799+0000] {processor.py:925} INFO - DAG(s) 'example_branch_dop_operator_v3' retrieved from /home/airflow/.local/lib/python3.12/site-packages/airflow/example_dags/example_branch_python_dop_operator_3.py
[2025-03-29T17:16:49.810+0000] {logging_mixin.py:190} INFO - [2025-03-29T17:16:49.810+0000] {dag.py:3239} INFO - Sync 1 DAGs
[2025-03-29T17:16:49.827+0000] {logging_mixin.py:190} INFO - [2025-03-29T17:16:49.827+0000] {dag.py:4180} INFO - Setting next_dagrun for example_branch_dop_operator_v3 to 2025-03-29 17:15:00+00:00, run_after=2025-03-29 17:16:00+00:00
[2025-03-29T17:16:49.840+0000] {processor.py:208} INFO - Processing /home/airflow/.local/lib/python3.12/site-packages/airflow/example_dags/example_branch_python_dop_operator_3.py took 0.053 seconds
[2025-03-29T17:17:20.149+0000] {processor.py:186} INFO - Started process (PID=264) to work on /home/airflow/.local/lib/python3.12/site-packages/airflow/example_dags/example_branch_python_dop_operator_3.py
[2025-03-29T17:17:20.150+0000] {processor.py:914} INFO - Processing file /home/airflow/.local/lib/python3.12/site-packages/airflow/example_dags/example_branch_python_dop_operator_3.py for tasks to queue
[2025-03-29T17:17:20.151+0000] {logging_mixin.py:190} INFO - [2025-03-29T17:17:20.151+0000] {dagbag.py:588} INFO - Filling up the DagBag from /home/airflow/.local/lib/python3.12/site-packages/airflow/example_dags/example_branch_python_dop_operator_3.py
[2025-03-29T17:17:20.158+0000] {processor.py:925} INFO - DAG(s) 'example_branch_dop_operator_v3' retrieved from /home/airflow/.local/lib/python3.12/site-packages/airflow/example_dags/example_branch_python_dop_operator_3.py
[2025-03-29T17:17:20.170+0000] {logging_mixin.py:190} INFO - [2025-03-29T17:17:20.169+0000] {dag.py:3239} INFO - Sync 1 DAGs
[2025-03-29T17:17:20.186+0000] {logging_mixin.py:190} INFO - [2025-03-29T17:17:20.186+0000] {dag.py:4180} INFO - Setting next_dagrun for example_branch_dop_operator_v3 to 2025-03-29 17:16:00+00:00, run_after=2025-03-29 17:17:00+00:00
[2025-03-29T17:17:20.201+0000] {processor.py:208} INFO - Processing /home/airflow/.local/lib/python3.12/site-packages/airflow/example_dags/example_branch_python_dop_operator_3.py took 0.055 seconds
[2025-03-29T17:17:51.525+0000] {processor.py:186} INFO - Started process (PID=327) to work on /home/airflow/.local/lib/python3.12/site-packages/airflow/example_dags/example_branch_python_dop_operator_3.py
[2025-03-29T17:17:51.525+0000] {processor.py:914} INFO - Processing file /home/airflow/.local/lib/python3.12/site-packages/airflow/example_dags/example_branch_python_dop_operator_3.py for tasks to queue
[2025-03-29T17:17:51.527+0000] {logging_mixin.py:190} INFO - [2025-03-29T17:17:51.526+0000] {dagbag.py:588} INFO - Filling up the DagBag from /home/airflow/.local/lib/python3.12/site-packages/airflow/example_dags/example_branch_python_dop_operator_3.py
[2025-03-29T17:17:51.535+0000] {processor.py:925} INFO - DAG(s) 'example_branch_dop_operator_v3' retrieved from /home/airflow/.local/lib/python3.12/site-packages/airflow/example_dags/example_branch_python_dop_operator_3.py
[2025-03-29T17:17:51.549+0000] {logging_mixin.py:190} INFO - [2025-03-29T17:17:51.549+0000] {dag.py:3239} INFO - Sync 1 DAGs
[2025-03-29T17:17:51.568+0000] {logging_mixin.py:190} INFO - [2025-03-29T17:17:51.568+0000] {dag.py:4180} INFO - Setting next_dagrun for example_branch_dop_operator_v3 to 2025-03-29 17:16:00+00:00, run_after=2025-03-29 17:17:00+00:00
[2025-03-29T17:17:51.583+0000] {processor.py:208} INFO - Processing /home/airflow/.local/lib/python3.12/site-packages/airflow/example_dags/example_branch_python_dop_operator_3.py took 0.062 seconds
[2025-03-29T17:18:23.050+0000] {processor.py:186} INFO - Started process (PID=390) to work on /home/airflow/.local/lib/python3.12/site-packages/airflow/example_dags/example_branch_python_dop_operator_3.py
[2025-03-29T17:18:23.051+0000] {processor.py:914} INFO - Processing file /home/airflow/.local/lib/python3.12/site-packages/airflow/example_dags/example_branch_python_dop_operator_3.py for tasks to queue
[2025-03-29T17:18:23.052+0000] {logging_mixin.py:190} INFO - [2025-03-29T17:18:23.052+0000] {dagbag.py:588} INFO - Filling up the DagBag from /home/airflow/.local/lib/python3.12/site-packages/airflow/example_dags/example_branch_python_dop_operator_3.py
[2025-03-29T17:18:23.058+0000] {processor.py:925} INFO - DAG(s) 'example_branch_dop_operator_v3' retrieved from /home/airflow/.local/lib/python3.12/site-packages/airflow/example_dags/example_branch_python_dop_operator_3.py
[2025-03-29T17:18:23.070+0000] {logging_mixin.py:190} INFO - [2025-03-29T17:18:23.070+0000] {dag.py:3239} INFO - Sync 1 DAGs
[2025-03-29T17:18:23.087+0000] {logging_mixin.py:190} INFO - [2025-03-29T17:18:23.087+0000] {dag.py:4180} INFO - Setting next_dagrun for example_branch_dop_operator_v3 to 2025-03-29 17:17:00+00:00, run_after=2025-03-29 17:18:00+00:00
[2025-03-29T17:18:23.102+0000] {processor.py:208} INFO - Processing /home/airflow/.local/lib/python3.12/site-packages/airflow/example_dags/example_branch_python_dop_operator_3.py took 0.055 seconds
[2025-03-29T17:18:53.729+0000] {processor.py:186} INFO - Started process (PID=453) to work on /home/airflow/.local/lib/python3.12/site-packages/airflow/example_dags/example_branch_python_dop_operator_3.py
[2025-03-29T17:18:53.730+0000] {processor.py:914} INFO - Processing file /home/airflow/.local/lib/python3.12/site-packages/airflow/example_dags/example_branch_python_dop_operator_3.py for tasks to queue
[2025-03-29T17:18:53.732+0000] {logging_mixin.py:190} INFO - [2025-03-29T17:18:53.732+0000] {dagbag.py:588} INFO - Filling up the DagBag from /home/airflow/.local/lib/python3.12/site-packages/airflow/example_dags/example_branch_python_dop_operator_3.py
[2025-03-29T17:18:53.740+0000] {processor.py:925} INFO - DAG(s) 'example_branch_dop_operator_v3' retrieved from /home/airflow/.local/lib/python3.12/site-packages/airflow/example_dags/example_branch_python_dop_operator_3.py
[2025-03-29T17:18:53.753+0000] {logging_mixin.py:190} INFO - [2025-03-29T17:18:53.753+0000] {dag.py:3239} INFO - Sync 1 DAGs
[2025-03-29T17:18:53.770+0000] {logging_mixin.py:190} INFO - [2025-03-29T17:18:53.770+0000] {dag.py:4180} INFO - Setting next_dagrun for example_branch_dop_operator_v3 to 2025-03-29 17:17:00+00:00, run_after=2025-03-29 17:18:00+00:00
[2025-03-29T17:18:53.788+0000] {processor.py:208} INFO - Processing /home/airflow/.local/lib/python3.12/site-packages/airflow/example_dags/example_branch_python_dop_operator_3.py took 0.065 seconds
[2025-03-29T17:19:25.064+0000] {processor.py:186} INFO - Started process (PID=516) to work on /home/airflow/.local/lib/python3.12/site-packages/airflow/example_dags/example_branch_python_dop_operator_3.py
[2025-03-29T17:19:25.064+0000] {processor.py:914} INFO - Processing file /home/airflow/.local/lib/python3.12/site-packages/airflow/example_dags/example_branch_python_dop_operator_3.py for tasks to queue
[2025-03-29T17:19:25.065+0000] {logging_mixin.py:190} INFO - [2025-03-29T17:19:25.065+0000] {dagbag.py:588} INFO - Filling up the DagBag from /home/airflow/.local/lib/python3.12/site-packages/airflow/example_dags/example_branch_python_dop_operator_3.py
[2025-03-29T17:19:25.072+0000] {processor.py:925} INFO - DAG(s) 'example_branch_dop_operator_v3' retrieved from /home/airflow/.local/lib/python3.12/site-packages/airflow/example_dags/example_branch_python_dop_operator_3.py
[2025-03-29T17:19:25.088+0000] {logging_mixin.py:190} INFO - [2025-03-29T17:19:25.088+0000] {dag.py:3239} INFO - Sync 1 DAGs
[2025-03-29T17:19:25.110+0000] {logging_mixin.py:190} INFO - [2025-03-29T17:19:25.110+0000] {dag.py:4180} INFO - Setting next_dagrun for example_branch_dop_operator_v3 to 2025-03-29 17:18:00+00:00, run_after=2025-03-29 17:19:00+00:00
[2025-03-29T17:19:25.129+0000] {processor.py:208} INFO - Processing /home/airflow/.local/lib/python3.12/site-packages/airflow/example_dags/example_branch_python_dop_operator_3.py took 0.068 seconds
[2025-03-29T17:19:56.619+0000] {processor.py:186} INFO - Started process (PID=579) to work on /home/airflow/.local/lib/python3.12/site-packages/airflow/example_dags/example_branch_python_dop_operator_3.py
[2025-03-29T17:19:56.620+0000] {processor.py:914} INFO - Processing file /home/airflow/.local/lib/python3.12/site-packages/airflow/example_dags/example_branch_python_dop_operator_3.py for tasks to queue
[2025-03-29T17:19:56.622+0000] {logging_mixin.py:190} INFO - [2025-03-29T17:19:56.621+0000] {dagbag.py:588} INFO - Filling up the DagBag from /home/airflow/.local/lib/python3.12/site-packages/airflow/example_dags/example_branch_python_dop_operator_3.py
[2025-03-29T17:19:56.630+0000] {processor.py:925} INFO - DAG(s) 'example_branch_dop_operator_v3' retrieved from /home/airflow/.local/lib/python3.12/site-packages/airflow/example_dags/example_branch_python_dop_operator_3.py
[2025-03-29T17:19:56.642+0000] {logging_mixin.py:190} INFO - [2025-03-29T17:19:56.642+0000] {dag.py:3239} INFO - Sync 1 DAGs
[2025-03-29T17:19:56.660+0000] {logging_mixin.py:190} INFO - [2025-03-29T17:19:56.660+0000] {dag.py:4180} INFO - Setting next_dagrun for example_branch_dop_operator_v3 to 2025-03-29 17:18:00+00:00, run_after=2025-03-29 17:19:00+00:00
[2025-03-29T17:19:56.672+0000] {processor.py:208} INFO - Processing /home/airflow/.local/lib/python3.12/site-packages/airflow/example_dags/example_branch_python_dop_operator_3.py took 0.056 seconds
[2025-03-29T17:20:27.006+0000] {processor.py:186} INFO - Started process (PID=648) to work on /home/airflow/.local/lib/python3.12/site-packages/airflow/example_dags/example_branch_python_dop_operator_3.py
[2025-03-29T17:20:27.007+0000] {processor.py:914} INFO - Processing file /home/airflow/.local/lib/python3.12/site-packages/airflow/example_dags/example_branch_python_dop_operator_3.py for tasks to queue
[2025-03-29T17:20:27.008+0000] {logging_mixin.py:190} INFO - [2025-03-29T17:20:27.008+0000] {dagbag.py:588} INFO - Filling up the DagBag from /home/airflow/.local/lib/python3.12/site-packages/airflow/example_dags/example_branch_python_dop_operator_3.py
[2025-03-29T17:20:27.014+0000] {processor.py:925} INFO - DAG(s) 'example_branch_dop_operator_v3' retrieved from /home/airflow/.local/lib/python3.12/site-packages/airflow/example_dags/example_branch_python_dop_operator_3.py
[2025-03-29T17:20:27.026+0000] {logging_mixin.py:190} INFO - [2025-03-29T17:20:27.026+0000] {dag.py:3239} INFO - Sync 1 DAGs
[2025-03-29T17:20:27.043+0000] {logging_mixin.py:190} INFO - [2025-03-29T17:20:27.043+0000] {dag.py:4180} INFO - Setting next_dagrun for example_branch_dop_operator_v3 to 2025-03-29 17:19:00+00:00, run_after=2025-03-29 17:20:00+00:00
[2025-03-29T17:20:27.055+0000] {processor.py:208} INFO - Processing /home/airflow/.local/lib/python3.12/site-packages/airflow/example_dags/example_branch_python_dop_operator_3.py took 0.053 seconds
[2025-03-29T17:20:58.655+0000] {processor.py:186} INFO - Started process (PID=711) to work on /home/airflow/.local/lib/python3.12/site-packages/airflow/example_dags/example_branch_python_dop_operator_3.py
[2025-03-29T17:20:58.656+0000] {processor.py:914} INFO - Processing file /home/airflow/.local/lib/python3.12/site-packages/airflow/example_dags/example_branch_python_dop_operator_3.py for tasks to queue
[2025-03-29T17:20:58.658+0000] {logging_mixin.py:190} INFO - [2025-03-29T17:20:58.658+0000] {dagbag.py:588} INFO - Filling up the DagBag from /home/airflow/.local/lib/python3.12/site-packages/airflow/example_dags/example_branch_python_dop_operator_3.py
[2025-03-29T17:20:58.668+0000] {processor.py:925} INFO - DAG(s) 'example_branch_dop_operator_v3' retrieved from /home/airflow/.local/lib/python3.12/site-packages/airflow/example_dags/example_branch_python_dop_operator_3.py
[2025-03-29T17:20:58.682+0000] {logging_mixin.py:190} INFO - [2025-03-29T17:20:58.682+0000] {dag.py:3239} INFO - Sync 1 DAGs
[2025-03-29T17:20:58.699+0000] {logging_mixin.py:190} INFO - [2025-03-29T17:20:58.699+0000] {dag.py:4180} INFO - Setting next_dagrun for example_branch_dop_operator_v3 to 2025-03-29 17:19:00+00:00, run_after=2025-03-29 17:20:00+00:00
[2025-03-29T17:20:58.711+0000] {processor.py:208} INFO - Processing /home/airflow/.local/lib/python3.12/site-packages/airflow/example_dags/example_branch_python_dop_operator_3.py took 0.063 seconds
[2025-03-29T17:21:28.967+0000] {processor.py:186} INFO - Started process (PID=774) to work on /home/airflow/.local/lib/python3.12/site-packages/airflow/example_dags/example_branch_python_dop_operator_3.py
[2025-03-29T17:21:28.968+0000] {processor.py:914} INFO - Processing file /home/airflow/.local/lib/python3.12/site-packages/airflow/example_dags/example_branch_python_dop_operator_3.py for tasks to queue
[2025-03-29T17:21:28.969+0000] {logging_mixin.py:190} INFO - [2025-03-29T17:21:28.969+0000] {dagbag.py:588} INFO - Filling up the DagBag from /home/airflow/.local/lib/python3.12/site-packages/airflow/example_dags/example_branch_python_dop_operator_3.py
[2025-03-29T17:21:28.976+0000] {processor.py:925} INFO - DAG(s) 'example_branch_dop_operator_v3' retrieved from /home/airflow/.local/lib/python3.12/site-packages/airflow/example_dags/example_branch_python_dop_operator_3.py
[2025-03-29T17:21:28.988+0000] {logging_mixin.py:190} INFO - [2025-03-29T17:21:28.988+0000] {dag.py:3239} INFO - Sync 1 DAGs
[2025-03-29T17:21:29.005+0000] {logging_mixin.py:190} INFO - [2025-03-29T17:21:29.005+0000] {dag.py:4180} INFO - Setting next_dagrun for example_branch_dop_operator_v3 to 2025-03-29 17:20:00+00:00, run_after=2025-03-29 17:21:00+00:00
[2025-03-29T17:21:29.017+0000] {processor.py:208} INFO - Processing /home/airflow/.local/lib/python3.12/site-packages/airflow/example_dags/example_branch_python_dop_operator_3.py took 0.053 seconds
[2025-03-29T17:22:00.281+0000] {processor.py:186} INFO - Started process (PID=837) to work on /home/airflow/.local/lib/python3.12/site-packages/airflow/example_dags/example_branch_python_dop_operator_3.py
[2025-03-29T17:22:00.281+0000] {processor.py:914} INFO - Processing file /home/airflow/.local/lib/python3.12/site-packages/airflow/example_dags/example_branch_python_dop_operator_3.py for tasks to queue
[2025-03-29T17:22:00.283+0000] {logging_mixin.py:190} INFO - [2025-03-29T17:22:00.283+0000] {dagbag.py:588} INFO - Filling up the DagBag from /home/airflow/.local/lib/python3.12/site-packages/airflow/example_dags/example_branch_python_dop_operator_3.py
[2025-03-29T17:22:00.290+0000] {processor.py:925} INFO - DAG(s) 'example_branch_dop_operator_v3' retrieved from /home/airflow/.local/lib/python3.12/site-packages/airflow/example_dags/example_branch_python_dop_operator_3.py
[2025-03-29T17:22:00.302+0000] {logging_mixin.py:190} INFO - [2025-03-29T17:22:00.302+0000] {dag.py:3239} INFO - Sync 1 DAGs
[2025-03-29T17:22:00.320+0000] {logging_mixin.py:190} INFO - [2025-03-29T17:22:00.320+0000] {dag.py:4180} INFO - Setting next_dagrun for example_branch_dop_operator_v3 to 2025-03-29 17:21:00+00:00, run_after=2025-03-29 17:22:00+00:00
[2025-03-29T17:22:00.334+0000] {processor.py:208} INFO - Processing /home/airflow/.local/lib/python3.12/site-packages/airflow/example_dags/example_branch_python_dop_operator_3.py took 0.057 seconds
[2025-03-29T17:22:31.895+0000] {processor.py:186} INFO - Started process (PID=900) to work on /home/airflow/.local/lib/python3.12/site-packages/airflow/example_dags/example_branch_python_dop_operator_3.py
[2025-03-29T17:22:31.895+0000] {processor.py:914} INFO - Processing file /home/airflow/.local/lib/python3.12/site-packages/airflow/example_dags/example_branch_python_dop_operator_3.py for tasks to queue
[2025-03-29T17:22:31.897+0000] {logging_mixin.py:190} INFO - [2025-03-29T17:22:31.897+0000] {dagbag.py:588} INFO - Filling up the DagBag from /home/airflow/.local/lib/python3.12/site-packages/airflow/example_dags/example_branch_python_dop_operator_3.py
[2025-03-29T17:22:31.907+0000] {processor.py:925} INFO - DAG(s) 'example_branch_dop_operator_v3' retrieved from /home/airflow/.local/lib/python3.12/site-packages/airflow/example_dags/example_branch_python_dop_operator_3.py
[2025-03-29T17:22:31.927+0000] {logging_mixin.py:190} INFO - [2025-03-29T17:22:31.926+0000] {dag.py:3239} INFO - Sync 1 DAGs
[2025-03-29T17:22:31.951+0000] {logging_mixin.py:190} INFO - [2025-03-29T17:22:31.951+0000] {dag.py:4180} INFO - Setting next_dagrun for example_branch_dop_operator_v3 to 2025-03-29 17:21:00+00:00, run_after=2025-03-29 17:22:00+00:00
[2025-03-29T17:22:31.968+0000] {processor.py:208} INFO - Processing /home/airflow/.local/lib/python3.12/site-packages/airflow/example_dags/example_branch_python_dop_operator_3.py took 0.083 seconds
[2025-03-29T17:23:02.558+0000] {processor.py:186} INFO - Started process (PID=963) to work on /home/airflow/.local/lib/python3.12/site-packages/airflow/example_dags/example_branch_python_dop_operator_3.py
[2025-03-29T17:23:02.560+0000] {processor.py:914} INFO - Processing file /home/airflow/.local/lib/python3.12/site-packages/airflow/example_dags/example_branch_python_dop_operator_3.py for tasks to queue
[2025-03-29T17:23:02.561+0000] {logging_mixin.py:190} INFO - [2025-03-29T17:23:02.561+0000] {dagbag.py:588} INFO - Filling up the DagBag from /home/airflow/.local/lib/python3.12/site-packages/airflow/example_dags/example_branch_python_dop_operator_3.py
[2025-03-29T17:23:02.568+0000] {processor.py:925} INFO - DAG(s) 'example_branch_dop_operator_v3' retrieved from /home/airflow/.local/lib/python3.12/site-packages/airflow/example_dags/example_branch_python_dop_operator_3.py
[2025-03-29T17:23:02.582+0000] {logging_mixin.py:190} INFO - [2025-03-29T17:23:02.582+0000] {dag.py:3239} INFO - Sync 1 DAGs
[2025-03-29T17:23:02.600+0000] {logging_mixin.py:190} INFO - [2025-03-29T17:23:02.599+0000] {dag.py:4180} INFO - Setting next_dagrun for example_branch_dop_operator_v3 to 2025-03-29 17:22:00+00:00, run_after=2025-03-29 17:23:00+00:00
[2025-03-29T17:23:02.612+0000] {processor.py:208} INFO - Processing /home/airflow/.local/lib/python3.12/site-packages/airflow/example_dags/example_branch_python_dop_operator_3.py took 0.057 seconds
[2025-03-29T17:26:10.058+0000] {processor.py:186} INFO - Started process (PID=75) to work on /home/airflow/.local/lib/python3.12/site-packages/airflow/example_dags/example_branch_python_dop_operator_3.py
[2025-03-29T17:26:10.060+0000] {processor.py:914} INFO - Processing file /home/airflow/.local/lib/python3.12/site-packages/airflow/example_dags/example_branch_python_dop_operator_3.py for tasks to queue
[2025-03-29T17:26:10.062+0000] {logging_mixin.py:190} INFO - [2025-03-29T17:26:10.061+0000] {dagbag.py:588} INFO - Filling up the DagBag from /home/airflow/.local/lib/python3.12/site-packages/airflow/example_dags/example_branch_python_dop_operator_3.py
[2025-03-29T17:26:10.076+0000] {processor.py:925} INFO - DAG(s) 'example_branch_dop_operator_v3' retrieved from /home/airflow/.local/lib/python3.12/site-packages/airflow/example_dags/example_branch_python_dop_operator_3.py
[2025-03-29T17:26:10.215+0000] {logging_mixin.py:190} INFO - [2025-03-29T17:26:10.214+0000] {override.py:1912} INFO - Created Permission View: can delete on DAG:example_branch_dop_operator_v3
[2025-03-29T17:26:10.224+0000] {logging_mixin.py:190} INFO - [2025-03-29T17:26:10.223+0000] {override.py:1912} INFO - Created Permission View: can read on DAG:example_branch_dop_operator_v3
[2025-03-29T17:26:10.231+0000] {logging_mixin.py:190} INFO - [2025-03-29T17:26:10.231+0000] {override.py:1912} INFO - Created Permission View: can edit on DAG:example_branch_dop_operator_v3
[2025-03-29T17:26:10.239+0000] {logging_mixin.py:190} INFO - [2025-03-29T17:26:10.238+0000] {override.py:1912} INFO - Created Permission View: can delete on DAG Run:example_branch_dop_operator_v3
[2025-03-29T17:26:10.256+0000] {logging_mixin.py:190} INFO - [2025-03-29T17:26:10.256+0000] {override.py:1912} INFO - Created Permission View: can read on DAG Run:example_branch_dop_operator_v3
[2025-03-29T17:26:10.263+0000] {logging_mixin.py:190} INFO - [2025-03-29T17:26:10.263+0000] {override.py:1912} INFO - Created Permission View: can create on DAG Run:example_branch_dop_operator_v3
[2025-03-29T17:26:10.270+0000] {logging_mixin.py:190} INFO - [2025-03-29T17:26:10.270+0000] {override.py:1912} INFO - Created Permission View: menu access on DAG Run:example_branch_dop_operator_v3
[2025-03-29T17:26:10.271+0000] {logging_mixin.py:190} INFO - [2025-03-29T17:26:10.271+0000] {dag.py:3239} INFO - Sync 1 DAGs
[2025-03-29T17:26:10.281+0000] {logging_mixin.py:190} INFO - [2025-03-29T17:26:10.281+0000] {dag.py:3262} INFO - Creating ORM DAG for example_branch_dop_operator_v3
[2025-03-29T17:26:10.294+0000] {logging_mixin.py:190} INFO - [2025-03-29T17:26:10.294+0000] {dag.py:4180} INFO - Setting next_dagrun for example_branch_dop_operator_v3 to 2025-03-29 17:25:00+00:00, run_after=2025-03-29 17:26:00+00:00
[2025-03-29T17:26:10.310+0000] {processor.py:208} INFO - Processing /home/airflow/.local/lib/python3.12/site-packages/airflow/example_dags/example_branch_python_dop_operator_3.py took 0.260 seconds
[2025-03-29T17:26:41.740+0000] {processor.py:186} INFO - Started process (PID=138) to work on /home/airflow/.local/lib/python3.12/site-packages/airflow/example_dags/example_branch_python_dop_operator_3.py
[2025-03-29T17:26:41.742+0000] {processor.py:914} INFO - Processing file /home/airflow/.local/lib/python3.12/site-packages/airflow/example_dags/example_branch_python_dop_operator_3.py for tasks to queue
[2025-03-29T17:26:41.743+0000] {logging_mixin.py:190} INFO - [2025-03-29T17:26:41.743+0000] {dagbag.py:588} INFO - Filling up the DagBag from /home/airflow/.local/lib/python3.12/site-packages/airflow/example_dags/example_branch_python_dop_operator_3.py
[2025-03-29T17:26:41.750+0000] {processor.py:925} INFO - DAG(s) 'example_branch_dop_operator_v3' retrieved from /home/airflow/.local/lib/python3.12/site-packages/airflow/example_dags/example_branch_python_dop_operator_3.py
[2025-03-29T17:26:41.762+0000] {logging_mixin.py:190} INFO - [2025-03-29T17:26:41.762+0000] {dag.py:3239} INFO - Sync 1 DAGs
[2025-03-29T17:26:41.779+0000] {logging_mixin.py:190} INFO - [2025-03-29T17:26:41.779+0000] {dag.py:4180} INFO - Setting next_dagrun for example_branch_dop_operator_v3 to 2025-03-29 17:25:00+00:00, run_after=2025-03-29 17:26:00+00:00
[2025-03-29T17:26:41.794+0000] {processor.py:208} INFO - Processing /home/airflow/.local/lib/python3.12/site-packages/airflow/example_dags/example_branch_python_dop_operator_3.py took 0.057 seconds
[2025-03-29T17:27:12.668+0000] {processor.py:186} INFO - Started process (PID=201) to work on /home/airflow/.local/lib/python3.12/site-packages/airflow/example_dags/example_branch_python_dop_operator_3.py
[2025-03-29T17:27:12.672+0000] {processor.py:914} INFO - Processing file /home/airflow/.local/lib/python3.12/site-packages/airflow/example_dags/example_branch_python_dop_operator_3.py for tasks to queue
[2025-03-29T17:27:12.674+0000] {logging_mixin.py:190} INFO - [2025-03-29T17:27:12.674+0000] {dagbag.py:588} INFO - Filling up the DagBag from /home/airflow/.local/lib/python3.12/site-packages/airflow/example_dags/example_branch_python_dop_operator_3.py
[2025-03-29T17:27:12.682+0000] {processor.py:925} INFO - DAG(s) 'example_branch_dop_operator_v3' retrieved from /home/airflow/.local/lib/python3.12/site-packages/airflow/example_dags/example_branch_python_dop_operator_3.py
[2025-03-29T17:27:12.695+0000] {logging_mixin.py:190} INFO - [2025-03-29T17:27:12.695+0000] {dag.py:3239} INFO - Sync 1 DAGs
[2025-03-29T17:27:12.714+0000] {logging_mixin.py:190} INFO - [2025-03-29T17:27:12.714+0000] {dag.py:4180} INFO - Setting next_dagrun for example_branch_dop_operator_v3 to 2025-03-29 17:26:00+00:00, run_after=2025-03-29 17:27:00+00:00
[2025-03-29T17:27:12.727+0000] {processor.py:208} INFO - Processing /home/airflow/.local/lib/python3.12/site-packages/airflow/example_dags/example_branch_python_dop_operator_3.py took 0.067 seconds
[2025-03-29T17:27:43.156+0000] {processor.py:186} INFO - Started process (PID=264) to work on /home/airflow/.local/lib/python3.12/site-packages/airflow/example_dags/example_branch_python_dop_operator_3.py
[2025-03-29T17:27:43.157+0000] {processor.py:914} INFO - Processing file /home/airflow/.local/lib/python3.12/site-packages/airflow/example_dags/example_branch_python_dop_operator_3.py for tasks to queue
[2025-03-29T17:27:43.160+0000] {logging_mixin.py:190} INFO - [2025-03-29T17:27:43.159+0000] {dagbag.py:588} INFO - Filling up the DagBag from /home/airflow/.local/lib/python3.12/site-packages/airflow/example_dags/example_branch_python_dop_operator_3.py
[2025-03-29T17:27:43.167+0000] {processor.py:925} INFO - DAG(s) 'example_branch_dop_operator_v3' retrieved from /home/airflow/.local/lib/python3.12/site-packages/airflow/example_dags/example_branch_python_dop_operator_3.py
[2025-03-29T17:27:43.181+0000] {logging_mixin.py:190} INFO - [2025-03-29T17:27:43.181+0000] {dag.py:3239} INFO - Sync 1 DAGs
[2025-03-29T17:27:43.198+0000] {logging_mixin.py:190} INFO - [2025-03-29T17:27:43.198+0000] {dag.py:4180} INFO - Setting next_dagrun for example_branch_dop_operator_v3 to 2025-03-29 17:26:00+00:00, run_after=2025-03-29 17:27:00+00:00
[2025-03-29T17:27:43.210+0000] {processor.py:208} INFO - Processing /home/airflow/.local/lib/python3.12/site-packages/airflow/example_dags/example_branch_python_dop_operator_3.py took 0.058 seconds
[2025-03-29T17:28:13.322+0000] {processor.py:186} INFO - Started process (PID=327) to work on /home/airflow/.local/lib/python3.12/site-packages/airflow/example_dags/example_branch_python_dop_operator_3.py
[2025-03-29T17:28:13.324+0000] {processor.py:914} INFO - Processing file /home/airflow/.local/lib/python3.12/site-packages/airflow/example_dags/example_branch_python_dop_operator_3.py for tasks to queue
[2025-03-29T17:28:13.326+0000] {logging_mixin.py:190} INFO - [2025-03-29T17:28:13.325+0000] {dagbag.py:588} INFO - Filling up the DagBag from /home/airflow/.local/lib/python3.12/site-packages/airflow/example_dags/example_branch_python_dop_operator_3.py
[2025-03-29T17:28:13.333+0000] {processor.py:925} INFO - DAG(s) 'example_branch_dop_operator_v3' retrieved from /home/airflow/.local/lib/python3.12/site-packages/airflow/example_dags/example_branch_python_dop_operator_3.py
[2025-03-29T17:28:13.345+0000] {logging_mixin.py:190} INFO - [2025-03-29T17:28:13.344+0000] {dag.py:3239} INFO - Sync 1 DAGs
[2025-03-29T17:28:13.361+0000] {logging_mixin.py:190} INFO - [2025-03-29T17:28:13.361+0000] {dag.py:4180} INFO - Setting next_dagrun for example_branch_dop_operator_v3 to 2025-03-29 17:27:00+00:00, run_after=2025-03-29 17:28:00+00:00
[2025-03-29T17:28:13.377+0000] {processor.py:208} INFO - Processing /home/airflow/.local/lib/python3.12/site-packages/airflow/example_dags/example_branch_python_dop_operator_3.py took 0.058 seconds
[2025-03-29T17:28:43.893+0000] {processor.py:186} INFO - Started process (PID=390) to work on /home/airflow/.local/lib/python3.12/site-packages/airflow/example_dags/example_branch_python_dop_operator_3.py
[2025-03-29T17:28:43.895+0000] {processor.py:914} INFO - Processing file /home/airflow/.local/lib/python3.12/site-packages/airflow/example_dags/example_branch_python_dop_operator_3.py for tasks to queue
[2025-03-29T17:28:43.897+0000] {logging_mixin.py:190} INFO - [2025-03-29T17:28:43.896+0000] {dagbag.py:588} INFO - Filling up the DagBag from /home/airflow/.local/lib/python3.12/site-packages/airflow/example_dags/example_branch_python_dop_operator_3.py
[2025-03-29T17:28:43.903+0000] {processor.py:925} INFO - DAG(s) 'example_branch_dop_operator_v3' retrieved from /home/airflow/.local/lib/python3.12/site-packages/airflow/example_dags/example_branch_python_dop_operator_3.py
[2025-03-29T17:28:43.917+0000] {logging_mixin.py:190} INFO - [2025-03-29T17:28:43.917+0000] {dag.py:3239} INFO - Sync 1 DAGs
[2025-03-29T17:28:43.934+0000] {logging_mixin.py:190} INFO - [2025-03-29T17:28:43.934+0000] {dag.py:4180} INFO - Setting next_dagrun for example_branch_dop_operator_v3 to 2025-03-29 17:27:00+00:00, run_after=2025-03-29 17:28:00+00:00
[2025-03-29T17:28:43.955+0000] {processor.py:208} INFO - Processing /home/airflow/.local/lib/python3.12/site-packages/airflow/example_dags/example_branch_python_dop_operator_3.py took 0.067 seconds
[2025-03-29T17:29:14.241+0000] {processor.py:186} INFO - Started process (PID=453) to work on /home/airflow/.local/lib/python3.12/site-packages/airflow/example_dags/example_branch_python_dop_operator_3.py
[2025-03-29T17:29:14.242+0000] {processor.py:914} INFO - Processing file /home/airflow/.local/lib/python3.12/site-packages/airflow/example_dags/example_branch_python_dop_operator_3.py for tasks to queue
[2025-03-29T17:29:14.244+0000] {logging_mixin.py:190} INFO - [2025-03-29T17:29:14.244+0000] {dagbag.py:588} INFO - Filling up the DagBag from /home/airflow/.local/lib/python3.12/site-packages/airflow/example_dags/example_branch_python_dop_operator_3.py
[2025-03-29T17:29:14.253+0000] {processor.py:925} INFO - DAG(s) 'example_branch_dop_operator_v3' retrieved from /home/airflow/.local/lib/python3.12/site-packages/airflow/example_dags/example_branch_python_dop_operator_3.py
[2025-03-29T17:29:14.267+0000] {logging_mixin.py:190} INFO - [2025-03-29T17:29:14.267+0000] {dag.py:3239} INFO - Sync 1 DAGs
[2025-03-29T17:29:14.284+0000] {logging_mixin.py:190} INFO - [2025-03-29T17:29:14.284+0000] {dag.py:4180} INFO - Setting next_dagrun for example_branch_dop_operator_v3 to 2025-03-29 17:28:00+00:00, run_after=2025-03-29 17:29:00+00:00
[2025-03-29T17:29:14.298+0000] {processor.py:208} INFO - Processing /home/airflow/.local/lib/python3.12/site-packages/airflow/example_dags/example_branch_python_dop_operator_3.py took 0.063 seconds
[2025-03-29T17:29:44.696+0000] {processor.py:186} INFO - Started process (PID=516) to work on /home/airflow/.local/lib/python3.12/site-packages/airflow/example_dags/example_branch_python_dop_operator_3.py
[2025-03-29T17:29:44.696+0000] {processor.py:914} INFO - Processing file /home/airflow/.local/lib/python3.12/site-packages/airflow/example_dags/example_branch_python_dop_operator_3.py for tasks to queue
[2025-03-29T17:29:44.698+0000] {logging_mixin.py:190} INFO - [2025-03-29T17:29:44.698+0000] {dagbag.py:588} INFO - Filling up the DagBag from /home/airflow/.local/lib/python3.12/site-packages/airflow/example_dags/example_branch_python_dop_operator_3.py
[2025-03-29T17:29:44.704+0000] {processor.py:925} INFO - DAG(s) 'example_branch_dop_operator_v3' retrieved from /home/airflow/.local/lib/python3.12/site-packages/airflow/example_dags/example_branch_python_dop_operator_3.py
[2025-03-29T17:29:44.717+0000] {logging_mixin.py:190} INFO - [2025-03-29T17:29:44.716+0000] {dag.py:3239} INFO - Sync 1 DAGs
[2025-03-29T17:29:44.733+0000] {logging_mixin.py:190} INFO - [2025-03-29T17:29:44.733+0000] {dag.py:4180} INFO - Setting next_dagrun for example_branch_dop_operator_v3 to 2025-03-29 17:28:00+00:00, run_after=2025-03-29 17:29:00+00:00
[2025-03-29T17:29:44.749+0000] {processor.py:208} INFO - Processing /home/airflow/.local/lib/python3.12/site-packages/airflow/example_dags/example_branch_python_dop_operator_3.py took 0.057 seconds
[2025-03-29T17:30:15.296+0000] {processor.py:186} INFO - Started process (PID=579) to work on /home/airflow/.local/lib/python3.12/site-packages/airflow/example_dags/example_branch_python_dop_operator_3.py
[2025-03-29T17:30:15.296+0000] {processor.py:914} INFO - Processing file /home/airflow/.local/lib/python3.12/site-packages/airflow/example_dags/example_branch_python_dop_operator_3.py for tasks to queue
[2025-03-29T17:30:15.297+0000] {logging_mixin.py:190} INFO - [2025-03-29T17:30:15.297+0000] {dagbag.py:588} INFO - Filling up the DagBag from /home/airflow/.local/lib/python3.12/site-packages/airflow/example_dags/example_branch_python_dop_operator_3.py
[2025-03-29T17:30:15.304+0000] {processor.py:925} INFO - DAG(s) 'example_branch_dop_operator_v3' retrieved from /home/airflow/.local/lib/python3.12/site-packages/airflow/example_dags/example_branch_python_dop_operator_3.py
[2025-03-29T17:30:15.317+0000] {logging_mixin.py:190} INFO - [2025-03-29T17:30:15.317+0000] {dag.py:3239} INFO - Sync 1 DAGs
[2025-03-29T17:30:15.335+0000] {logging_mixin.py:190} INFO - [2025-03-29T17:30:15.334+0000] {dag.py:4180} INFO - Setting next_dagrun for example_branch_dop_operator_v3 to 2025-03-29 17:29:00+00:00, run_after=2025-03-29 17:30:00+00:00
[2025-03-29T17:30:15.347+0000] {processor.py:208} INFO - Processing /home/airflow/.local/lib/python3.12/site-packages/airflow/example_dags/example_branch_python_dop_operator_3.py took 0.055 seconds
[2025-03-29T17:30:45.792+0000] {processor.py:186} INFO - Started process (PID=642) to work on /home/airflow/.local/lib/python3.12/site-packages/airflow/example_dags/example_branch_python_dop_operator_3.py
[2025-03-29T17:30:45.792+0000] {processor.py:914} INFO - Processing file /home/airflow/.local/lib/python3.12/site-packages/airflow/example_dags/example_branch_python_dop_operator_3.py for tasks to queue
[2025-03-29T17:30:45.793+0000] {logging_mixin.py:190} INFO - [2025-03-29T17:30:45.793+0000] {dagbag.py:588} INFO - Filling up the DagBag from /home/airflow/.local/lib/python3.12/site-packages/airflow/example_dags/example_branch_python_dop_operator_3.py
[2025-03-29T17:30:45.800+0000] {processor.py:925} INFO - DAG(s) 'example_branch_dop_operator_v3' retrieved from /home/airflow/.local/lib/python3.12/site-packages/airflow/example_dags/example_branch_python_dop_operator_3.py
[2025-03-29T17:30:45.814+0000] {logging_mixin.py:190} INFO - [2025-03-29T17:30:45.814+0000] {dag.py:3239} INFO - Sync 1 DAGs
[2025-03-29T17:30:45.832+0000] {logging_mixin.py:190} INFO - [2025-03-29T17:30:45.832+0000] {dag.py:4180} INFO - Setting next_dagrun for example_branch_dop_operator_v3 to 2025-03-29 17:29:00+00:00, run_after=2025-03-29 17:30:00+00:00
[2025-03-29T17:30:45.844+0000] {processor.py:208} INFO - Processing /home/airflow/.local/lib/python3.12/site-packages/airflow/example_dags/example_branch_python_dop_operator_3.py took 0.056 seconds
[2025-03-29T17:31:17.024+0000] {processor.py:186} INFO - Started process (PID=711) to work on /home/airflow/.local/lib/python3.12/site-packages/airflow/example_dags/example_branch_python_dop_operator_3.py
[2025-03-29T17:31:17.025+0000] {processor.py:914} INFO - Processing file /home/airflow/.local/lib/python3.12/site-packages/airflow/example_dags/example_branch_python_dop_operator_3.py for tasks to queue
[2025-03-29T17:31:17.026+0000] {logging_mixin.py:190} INFO - [2025-03-29T17:31:17.026+0000] {dagbag.py:588} INFO - Filling up the DagBag from /home/airflow/.local/lib/python3.12/site-packages/airflow/example_dags/example_branch_python_dop_operator_3.py
[2025-03-29T17:31:17.032+0000] {processor.py:925} INFO - DAG(s) 'example_branch_dop_operator_v3' retrieved from /home/airflow/.local/lib/python3.12/site-packages/airflow/example_dags/example_branch_python_dop_operator_3.py
[2025-03-29T17:31:17.045+0000] {logging_mixin.py:190} INFO - [2025-03-29T17:31:17.044+0000] {dag.py:3239} INFO - Sync 1 DAGs
[2025-03-29T17:31:17.062+0000] {logging_mixin.py:190} INFO - [2025-03-29T17:31:17.062+0000] {dag.py:4180} INFO - Setting next_dagrun for example_branch_dop_operator_v3 to 2025-03-29 17:30:00+00:00, run_after=2025-03-29 17:31:00+00:00
[2025-03-29T17:31:17.074+0000] {processor.py:208} INFO - Processing /home/airflow/.local/lib/python3.12/site-packages/airflow/example_dags/example_branch_python_dop_operator_3.py took 0.053 seconds
[2025-03-29T17:31:48.464+0000] {processor.py:186} INFO - Started process (PID=774) to work on /home/airflow/.local/lib/python3.12/site-packages/airflow/example_dags/example_branch_python_dop_operator_3.py
[2025-03-29T17:31:48.465+0000] {processor.py:914} INFO - Processing file /home/airflow/.local/lib/python3.12/site-packages/airflow/example_dags/example_branch_python_dop_operator_3.py for tasks to queue
[2025-03-29T17:31:48.466+0000] {logging_mixin.py:190} INFO - [2025-03-29T17:31:48.466+0000] {dagbag.py:588} INFO - Filling up the DagBag from /home/airflow/.local/lib/python3.12/site-packages/airflow/example_dags/example_branch_python_dop_operator_3.py
[2025-03-29T17:31:48.473+0000] {processor.py:925} INFO - DAG(s) 'example_branch_dop_operator_v3' retrieved from /home/airflow/.local/lib/python3.12/site-packages/airflow/example_dags/example_branch_python_dop_operator_3.py
[2025-03-29T17:31:48.485+0000] {logging_mixin.py:190} INFO - [2025-03-29T17:31:48.485+0000] {dag.py:3239} INFO - Sync 1 DAGs
[2025-03-29T17:31:48.510+0000] {logging_mixin.py:190} INFO - [2025-03-29T17:31:48.510+0000] {dag.py:4180} INFO - Setting next_dagrun for example_branch_dop_operator_v3 to 2025-03-29 17:30:00+00:00, run_after=2025-03-29 17:31:00+00:00
[2025-03-29T17:31:48.526+0000] {processor.py:208} INFO - Processing /home/airflow/.local/lib/python3.12/site-packages/airflow/example_dags/example_branch_python_dop_operator_3.py took 0.066 seconds
[2025-03-29T17:32:18.837+0000] {processor.py:186} INFO - Started process (PID=837) to work on /home/airflow/.local/lib/python3.12/site-packages/airflow/example_dags/example_branch_python_dop_operator_3.py
[2025-03-29T17:32:18.838+0000] {processor.py:914} INFO - Processing file /home/airflow/.local/lib/python3.12/site-packages/airflow/example_dags/example_branch_python_dop_operator_3.py for tasks to queue
[2025-03-29T17:32:18.839+0000] {logging_mixin.py:190} INFO - [2025-03-29T17:32:18.839+0000] {dagbag.py:588} INFO - Filling up the DagBag from /home/airflow/.local/lib/python3.12/site-packages/airflow/example_dags/example_branch_python_dop_operator_3.py
[2025-03-29T17:32:18.846+0000] {processor.py:925} INFO - DAG(s) 'example_branch_dop_operator_v3' retrieved from /home/airflow/.local/lib/python3.12/site-packages/airflow/example_dags/example_branch_python_dop_operator_3.py
[2025-03-29T17:32:18.858+0000] {logging_mixin.py:190} INFO - [2025-03-29T17:32:18.857+0000] {dag.py:3239} INFO - Sync 1 DAGs
[2025-03-29T17:32:18.876+0000] {logging_mixin.py:190} INFO - [2025-03-29T17:32:18.875+0000] {dag.py:4180} INFO - Setting next_dagrun for example_branch_dop_operator_v3 to 2025-03-29 17:31:00+00:00, run_after=2025-03-29 17:32:00+00:00
[2025-03-29T17:32:18.888+0000] {processor.py:208} INFO - Processing /home/airflow/.local/lib/python3.12/site-packages/airflow/example_dags/example_branch_python_dop_operator_3.py took 0.053 seconds
[2025-03-29T17:32:50.316+0000] {processor.py:186} INFO - Started process (PID=900) to work on /home/airflow/.local/lib/python3.12/site-packages/airflow/example_dags/example_branch_python_dop_operator_3.py
[2025-03-29T17:32:50.317+0000] {processor.py:914} INFO - Processing file /home/airflow/.local/lib/python3.12/site-packages/airflow/example_dags/example_branch_python_dop_operator_3.py for tasks to queue
[2025-03-29T17:32:50.318+0000] {logging_mixin.py:190} INFO - [2025-03-29T17:32:50.318+0000] {dagbag.py:588} INFO - Filling up the DagBag from /home/airflow/.local/lib/python3.12/site-packages/airflow/example_dags/example_branch_python_dop_operator_3.py
[2025-03-29T17:32:50.328+0000] {processor.py:925} INFO - DAG(s) 'example_branch_dop_operator_v3' retrieved from /home/airflow/.local/lib/python3.12/site-packages/airflow/example_dags/example_branch_python_dop_operator_3.py
[2025-03-29T17:32:50.346+0000] {logging_mixin.py:190} INFO - [2025-03-29T17:32:50.346+0000] {dag.py:3239} INFO - Sync 1 DAGs
[2025-03-29T17:32:50.372+0000] {logging_mixin.py:190} INFO - [2025-03-29T17:32:50.372+0000] {dag.py:4180} INFO - Setting next_dagrun for example_branch_dop_operator_v3 to 2025-03-29 17:31:00+00:00, run_after=2025-03-29 17:32:00+00:00
[2025-03-29T17:32:50.391+0000] {processor.py:208} INFO - Processing /home/airflow/.local/lib/python3.12/site-packages/airflow/example_dags/example_branch_python_dop_operator_3.py took 0.080 seconds
[2025-03-29T17:33:20.822+0000] {processor.py:186} INFO - Started process (PID=963) to work on /home/airflow/.local/lib/python3.12/site-packages/airflow/example_dags/example_branch_python_dop_operator_3.py
[2025-03-29T17:33:20.822+0000] {processor.py:914} INFO - Processing file /home/airflow/.local/lib/python3.12/site-packages/airflow/example_dags/example_branch_python_dop_operator_3.py for tasks to queue
[2025-03-29T17:33:20.824+0000] {logging_mixin.py:190} INFO - [2025-03-29T17:33:20.823+0000] {dagbag.py:588} INFO - Filling up the DagBag from /home/airflow/.local/lib/python3.12/site-packages/airflow/example_dags/example_branch_python_dop_operator_3.py
[2025-03-29T17:33:20.830+0000] {processor.py:925} INFO - DAG(s) 'example_branch_dop_operator_v3' retrieved from /home/airflow/.local/lib/python3.12/site-packages/airflow/example_dags/example_branch_python_dop_operator_3.py
[2025-03-29T17:33:20.842+0000] {logging_mixin.py:190} INFO - [2025-03-29T17:33:20.842+0000] {dag.py:3239} INFO - Sync 1 DAGs
[2025-03-29T17:33:20.860+0000] {logging_mixin.py:190} INFO - [2025-03-29T17:33:20.860+0000] {dag.py:4180} INFO - Setting next_dagrun for example_branch_dop_operator_v3 to 2025-03-29 17:32:00+00:00, run_after=2025-03-29 17:33:00+00:00
[2025-03-29T17:33:20.872+0000] {processor.py:208} INFO - Processing /home/airflow/.local/lib/python3.12/site-packages/airflow/example_dags/example_branch_python_dop_operator_3.py took 0.054 seconds
[2025-03-29T17:33:52.459+0000] {processor.py:186} INFO - Started process (PID=1026) to work on /home/airflow/.local/lib/python3.12/site-packages/airflow/example_dags/example_branch_python_dop_operator_3.py
[2025-03-29T17:33:52.459+0000] {processor.py:914} INFO - Processing file /home/airflow/.local/lib/python3.12/site-packages/airflow/example_dags/example_branch_python_dop_operator_3.py for tasks to queue
[2025-03-29T17:33:52.460+0000] {logging_mixin.py:190} INFO - [2025-03-29T17:33:52.460+0000] {dagbag.py:588} INFO - Filling up the DagBag from /home/airflow/.local/lib/python3.12/site-packages/airflow/example_dags/example_branch_python_dop_operator_3.py
[2025-03-29T17:33:52.466+0000] {processor.py:925} INFO - DAG(s) 'example_branch_dop_operator_v3' retrieved from /home/airflow/.local/lib/python3.12/site-packages/airflow/example_dags/example_branch_python_dop_operator_3.py
[2025-03-29T17:33:52.477+0000] {logging_mixin.py:190} INFO - [2025-03-29T17:33:52.477+0000] {dag.py:3239} INFO - Sync 1 DAGs
[2025-03-29T17:33:52.493+0000] {logging_mixin.py:190} INFO - [2025-03-29T17:33:52.493+0000] {dag.py:4180} INFO - Setting next_dagrun for example_branch_dop_operator_v3 to 2025-03-29 17:32:00+00:00, run_after=2025-03-29 17:33:00+00:00
[2025-03-29T17:33:52.504+0000] {processor.py:208} INFO - Processing /home/airflow/.local/lib/python3.12/site-packages/airflow/example_dags/example_branch_python_dop_operator_3.py took 0.049 seconds
[2025-03-29T17:34:22.922+0000] {processor.py:186} INFO - Started process (PID=1089) to work on /home/airflow/.local/lib/python3.12/site-packages/airflow/example_dags/example_branch_python_dop_operator_3.py
[2025-03-29T17:34:22.923+0000] {processor.py:914} INFO - Processing file /home/airflow/.local/lib/python3.12/site-packages/airflow/example_dags/example_branch_python_dop_operator_3.py for tasks to queue
[2025-03-29T17:34:22.925+0000] {logging_mixin.py:190} INFO - [2025-03-29T17:34:22.925+0000] {dagbag.py:588} INFO - Filling up the DagBag from /home/airflow/.local/lib/python3.12/site-packages/airflow/example_dags/example_branch_python_dop_operator_3.py
[2025-03-29T17:34:22.936+0000] {processor.py:925} INFO - DAG(s) 'example_branch_dop_operator_v3' retrieved from /home/airflow/.local/lib/python3.12/site-packages/airflow/example_dags/example_branch_python_dop_operator_3.py
[2025-03-29T17:34:22.950+0000] {logging_mixin.py:190} INFO - [2025-03-29T17:34:22.950+0000] {dag.py:3239} INFO - Sync 1 DAGs
[2025-03-29T17:34:22.972+0000] {logging_mixin.py:190} INFO - [2025-03-29T17:34:22.972+0000] {dag.py:4180} INFO - Setting next_dagrun for example_branch_dop_operator_v3 to 2025-03-29 17:33:00+00:00, run_after=2025-03-29 17:34:00+00:00
[2025-03-29T17:34:22.987+0000] {processor.py:208} INFO - Processing /home/airflow/.local/lib/python3.12/site-packages/airflow/example_dags/example_branch_python_dop_operator_3.py took 0.068 seconds
[2025-03-29T17:34:54.482+0000] {processor.py:186} INFO - Started process (PID=1152) to work on /home/airflow/.local/lib/python3.12/site-packages/airflow/example_dags/example_branch_python_dop_operator_3.py
[2025-03-29T17:34:54.482+0000] {processor.py:914} INFO - Processing file /home/airflow/.local/lib/python3.12/site-packages/airflow/example_dags/example_branch_python_dop_operator_3.py for tasks to queue
[2025-03-29T17:34:54.484+0000] {logging_mixin.py:190} INFO - [2025-03-29T17:34:54.483+0000] {dagbag.py:588} INFO - Filling up the DagBag from /home/airflow/.local/lib/python3.12/site-packages/airflow/example_dags/example_branch_python_dop_operator_3.py
[2025-03-29T17:34:54.494+0000] {processor.py:925} INFO - DAG(s) 'example_branch_dop_operator_v3' retrieved from /home/airflow/.local/lib/python3.12/site-packages/airflow/example_dags/example_branch_python_dop_operator_3.py
[2025-03-29T17:34:54.516+0000] {logging_mixin.py:190} INFO - [2025-03-29T17:34:54.515+0000] {dag.py:3239} INFO - Sync 1 DAGs
[2025-03-29T17:34:54.540+0000] {logging_mixin.py:190} INFO - [2025-03-29T17:34:54.540+0000] {dag.py:4180} INFO - Setting next_dagrun for example_branch_dop_operator_v3 to 2025-03-29 17:33:00+00:00, run_after=2025-03-29 17:34:00+00:00
[2025-03-29T17:34:54.558+0000] {processor.py:208} INFO - Processing /home/airflow/.local/lib/python3.12/site-packages/airflow/example_dags/example_branch_python_dop_operator_3.py took 0.080 seconds
[2025-03-29T17:35:25.878+0000] {processor.py:186} INFO - Started process (PID=1215) to work on /home/airflow/.local/lib/python3.12/site-packages/airflow/example_dags/example_branch_python_dop_operator_3.py
[2025-03-29T17:35:25.878+0000] {processor.py:914} INFO - Processing file /home/airflow/.local/lib/python3.12/site-packages/airflow/example_dags/example_branch_python_dop_operator_3.py for tasks to queue
[2025-03-29T17:35:25.880+0000] {logging_mixin.py:190} INFO - [2025-03-29T17:35:25.879+0000] {dagbag.py:588} INFO - Filling up the DagBag from /home/airflow/.local/lib/python3.12/site-packages/airflow/example_dags/example_branch_python_dop_operator_3.py
[2025-03-29T17:35:25.886+0000] {processor.py:925} INFO - DAG(s) 'example_branch_dop_operator_v3' retrieved from /home/airflow/.local/lib/python3.12/site-packages/airflow/example_dags/example_branch_python_dop_operator_3.py
[2025-03-29T17:35:25.900+0000] {logging_mixin.py:190} INFO - [2025-03-29T17:35:25.899+0000] {dag.py:3239} INFO - Sync 1 DAGs
[2025-03-29T17:35:25.918+0000] {logging_mixin.py:190} INFO - [2025-03-29T17:35:25.918+0000] {dag.py:4180} INFO - Setting next_dagrun for example_branch_dop_operator_v3 to 2025-03-29 17:34:00+00:00, run_after=2025-03-29 17:35:00+00:00
[2025-03-29T17:35:25.930+0000] {processor.py:208} INFO - Processing /home/airflow/.local/lib/python3.12/site-packages/airflow/example_dags/example_branch_python_dop_operator_3.py took 0.056 seconds
[2025-03-29T17:35:56.832+0000] {processor.py:186} INFO - Started process (PID=1278) to work on /home/airflow/.local/lib/python3.12/site-packages/airflow/example_dags/example_branch_python_dop_operator_3.py
[2025-03-29T17:35:56.832+0000] {processor.py:914} INFO - Processing file /home/airflow/.local/lib/python3.12/site-packages/airflow/example_dags/example_branch_python_dop_operator_3.py for tasks to queue
[2025-03-29T17:35:56.834+0000] {logging_mixin.py:190} INFO - [2025-03-29T17:35:56.833+0000] {dagbag.py:588} INFO - Filling up the DagBag from /home/airflow/.local/lib/python3.12/site-packages/airflow/example_dags/example_branch_python_dop_operator_3.py
[2025-03-29T17:35:56.842+0000] {processor.py:925} INFO - DAG(s) 'example_branch_dop_operator_v3' retrieved from /home/airflow/.local/lib/python3.12/site-packages/airflow/example_dags/example_branch_python_dop_operator_3.py
[2025-03-29T17:35:56.856+0000] {logging_mixin.py:190} INFO - [2025-03-29T17:35:56.856+0000] {dag.py:3239} INFO - Sync 1 DAGs
[2025-03-29T17:35:56.879+0000] {logging_mixin.py:190} INFO - [2025-03-29T17:35:56.879+0000] {dag.py:4180} INFO - Setting next_dagrun for example_branch_dop_operator_v3 to 2025-03-29 17:34:00+00:00, run_after=2025-03-29 17:35:00+00:00
[2025-03-29T17:35:56.893+0000] {processor.py:208} INFO - Processing /home/airflow/.local/lib/python3.12/site-packages/airflow/example_dags/example_branch_python_dop_operator_3.py took 0.066 seconds
[2025-03-29T17:36:28.193+0000] {processor.py:186} INFO - Started process (PID=1341) to work on /home/airflow/.local/lib/python3.12/site-packages/airflow/example_dags/example_branch_python_dop_operator_3.py
[2025-03-29T17:36:28.194+0000] {processor.py:914} INFO - Processing file /home/airflow/.local/lib/python3.12/site-packages/airflow/example_dags/example_branch_python_dop_operator_3.py for tasks to queue
[2025-03-29T17:36:28.195+0000] {logging_mixin.py:190} INFO - [2025-03-29T17:36:28.195+0000] {dagbag.py:588} INFO - Filling up the DagBag from /home/airflow/.local/lib/python3.12/site-packages/airflow/example_dags/example_branch_python_dop_operator_3.py
[2025-03-29T17:36:28.205+0000] {processor.py:925} INFO - DAG(s) 'example_branch_dop_operator_v3' retrieved from /home/airflow/.local/lib/python3.12/site-packages/airflow/example_dags/example_branch_python_dop_operator_3.py
[2025-03-29T17:36:28.220+0000] {logging_mixin.py:190} INFO - [2025-03-29T17:36:28.220+0000] {dag.py:3239} INFO - Sync 1 DAGs
[2025-03-29T17:36:28.242+0000] {logging_mixin.py:190} INFO - [2025-03-29T17:36:28.242+0000] {dag.py:4180} INFO - Setting next_dagrun for example_branch_dop_operator_v3 to 2025-03-29 17:35:00+00:00, run_after=2025-03-29 17:36:00+00:00
[2025-03-29T17:36:28.260+0000] {processor.py:208} INFO - Processing /home/airflow/.local/lib/python3.12/site-packages/airflow/example_dags/example_branch_python_dop_operator_3.py took 0.070 seconds
[2025-03-29T17:36:59.428+0000] {processor.py:186} INFO - Started process (PID=1404) to work on /home/airflow/.local/lib/python3.12/site-packages/airflow/example_dags/example_branch_python_dop_operator_3.py
[2025-03-29T17:36:59.429+0000] {processor.py:914} INFO - Processing file /home/airflow/.local/lib/python3.12/site-packages/airflow/example_dags/example_branch_python_dop_operator_3.py for tasks to queue
[2025-03-29T17:36:59.430+0000] {logging_mixin.py:190} INFO - [2025-03-29T17:36:59.430+0000] {dagbag.py:588} INFO - Filling up the DagBag from /home/airflow/.local/lib/python3.12/site-packages/airflow/example_dags/example_branch_python_dop_operator_3.py
[2025-03-29T17:36:59.437+0000] {processor.py:925} INFO - DAG(s) 'example_branch_dop_operator_v3' retrieved from /home/airflow/.local/lib/python3.12/site-packages/airflow/example_dags/example_branch_python_dop_operator_3.py
[2025-03-29T17:36:59.449+0000] {logging_mixin.py:190} INFO - [2025-03-29T17:36:59.449+0000] {dag.py:3239} INFO - Sync 1 DAGs
[2025-03-29T17:36:59.467+0000] {logging_mixin.py:190} INFO - [2025-03-29T17:36:59.467+0000] {dag.py:4180} INFO - Setting next_dagrun for example_branch_dop_operator_v3 to 2025-03-29 17:35:00+00:00, run_after=2025-03-29 17:36:00+00:00
[2025-03-29T17:36:59.479+0000] {processor.py:208} INFO - Processing /home/airflow/.local/lib/python3.12/site-packages/airflow/example_dags/example_branch_python_dop_operator_3.py took 0.055 seconds
[2025-03-29T17:37:30.524+0000] {processor.py:186} INFO - Started process (PID=1467) to work on /home/airflow/.local/lib/python3.12/site-packages/airflow/example_dags/example_branch_python_dop_operator_3.py
[2025-03-29T17:37:30.524+0000] {processor.py:914} INFO - Processing file /home/airflow/.local/lib/python3.12/site-packages/airflow/example_dags/example_branch_python_dop_operator_3.py for tasks to queue
[2025-03-29T17:37:30.526+0000] {logging_mixin.py:190} INFO - [2025-03-29T17:37:30.525+0000] {dagbag.py:588} INFO - Filling up the DagBag from /home/airflow/.local/lib/python3.12/site-packages/airflow/example_dags/example_branch_python_dop_operator_3.py
[2025-03-29T17:37:30.532+0000] {processor.py:925} INFO - DAG(s) 'example_branch_dop_operator_v3' retrieved from /home/airflow/.local/lib/python3.12/site-packages/airflow/example_dags/example_branch_python_dop_operator_3.py
[2025-03-29T17:37:30.545+0000] {logging_mixin.py:190} INFO - [2025-03-29T17:37:30.544+0000] {dag.py:3239} INFO - Sync 1 DAGs
[2025-03-29T17:37:30.562+0000] {logging_mixin.py:190} INFO - [2025-03-29T17:37:30.562+0000] {dag.py:4180} INFO - Setting next_dagrun for example_branch_dop_operator_v3 to 2025-03-29 17:36:00+00:00, run_after=2025-03-29 17:37:00+00:00
[2025-03-29T17:37:30.574+0000] {processor.py:208} INFO - Processing /home/airflow/.local/lib/python3.12/site-packages/airflow/example_dags/example_branch_python_dop_operator_3.py took 0.054 seconds
[2025-03-29T17:38:01.373+0000] {processor.py:186} INFO - Started process (PID=1530) to work on /home/airflow/.local/lib/python3.12/site-packages/airflow/example_dags/example_branch_python_dop_operator_3.py
[2025-03-29T17:38:01.374+0000] {processor.py:914} INFO - Processing file /home/airflow/.local/lib/python3.12/site-packages/airflow/example_dags/example_branch_python_dop_operator_3.py for tasks to queue
[2025-03-29T17:38:01.375+0000] {logging_mixin.py:190} INFO - [2025-03-29T17:38:01.375+0000] {dagbag.py:588} INFO - Filling up the DagBag from /home/airflow/.local/lib/python3.12/site-packages/airflow/example_dags/example_branch_python_dop_operator_3.py
[2025-03-29T17:38:01.381+0000] {processor.py:925} INFO - DAG(s) 'example_branch_dop_operator_v3' retrieved from /home/airflow/.local/lib/python3.12/site-packages/airflow/example_dags/example_branch_python_dop_operator_3.py
[2025-03-29T17:38:01.393+0000] {logging_mixin.py:190} INFO - [2025-03-29T17:38:01.393+0000] {dag.py:3239} INFO - Sync 1 DAGs
[2025-03-29T17:38:01.411+0000] {logging_mixin.py:190} INFO - [2025-03-29T17:38:01.411+0000] {dag.py:4180} INFO - Setting next_dagrun for example_branch_dop_operator_v3 to 2025-03-29 17:37:00+00:00, run_after=2025-03-29 17:38:00+00:00
[2025-03-29T17:38:01.423+0000] {processor.py:208} INFO - Processing /home/airflow/.local/lib/python3.12/site-packages/airflow/example_dags/example_branch_python_dop_operator_3.py took 0.053 seconds
[2025-03-29T17:38:32.444+0000] {processor.py:186} INFO - Started process (PID=1593) to work on /home/airflow/.local/lib/python3.12/site-packages/airflow/example_dags/example_branch_python_dop_operator_3.py
[2025-03-29T17:38:32.444+0000] {processor.py:914} INFO - Processing file /home/airflow/.local/lib/python3.12/site-packages/airflow/example_dags/example_branch_python_dop_operator_3.py for tasks to queue
[2025-03-29T17:38:32.446+0000] {logging_mixin.py:190} INFO - [2025-03-29T17:38:32.445+0000] {dagbag.py:588} INFO - Filling up the DagBag from /home/airflow/.local/lib/python3.12/site-packages/airflow/example_dags/example_branch_python_dop_operator_3.py
[2025-03-29T17:38:32.452+0000] {processor.py:925} INFO - DAG(s) 'example_branch_dop_operator_v3' retrieved from /home/airflow/.local/lib/python3.12/site-packages/airflow/example_dags/example_branch_python_dop_operator_3.py
[2025-03-29T17:38:32.465+0000] {logging_mixin.py:190} INFO - [2025-03-29T17:38:32.465+0000] {dag.py:3239} INFO - Sync 1 DAGs
[2025-03-29T17:38:32.482+0000] {logging_mixin.py:190} INFO - [2025-03-29T17:38:32.482+0000] {dag.py:4180} INFO - Setting next_dagrun for example_branch_dop_operator_v3 to 2025-03-29 17:37:00+00:00, run_after=2025-03-29 17:38:00+00:00
[2025-03-29T17:38:32.494+0000] {processor.py:208} INFO - Processing /home/airflow/.local/lib/python3.12/site-packages/airflow/example_dags/example_branch_python_dop_operator_3.py took 0.053 seconds
