[2025-03-29T17:15:47.485+0000] {processor.py:186} INFO - Started process (PID=63) to work on /home/airflow/.local/lib/python3.12/site-packages/airflow/example_dags/example_kubernetes_executor.py
[2025-03-29T17:15:47.485+0000] {processor.py:914} INFO - Processing file /home/airflow/.local/lib/python3.12/site-packages/airflow/example_dags/example_kubernetes_executor.py for tasks to queue
[2025-03-29T17:15:47.487+0000] {logging_mixin.py:190} INFO - [2025-03-29T17:15:47.486+0000] {dagbag.py:588} INFO - Filling up the DagBag from /home/airflow/.local/lib/python3.12/site-packages/airflow/example_dags/example_kubernetes_executor.py
[2025-03-29T17:15:47.497+0000] {processor.py:925} INFO - DAG(s) 'example_kubernetes_executor' retrieved from /home/airflow/.local/lib/python3.12/site-packages/airflow/example_dags/example_kubernetes_executor.py
[2025-03-29T17:15:47.582+0000] {logging_mixin.py:190} INFO - [2025-03-29T17:15:47.582+0000] {override.py:1912} INFO - Created Permission View: can delete on DAG:example_kubernetes_executor
[2025-03-29T17:15:47.595+0000] {logging_mixin.py:190} INFO - [2025-03-29T17:15:47.594+0000] {override.py:1912} INFO - Created Permission View: can edit on DAG:example_kubernetes_executor
[2025-03-29T17:15:47.599+0000] {logging_mixin.py:190} INFO - [2025-03-29T17:15:47.599+0000] {override.py:1912} INFO - Created Permission View: can read on DAG:example_kubernetes_executor
[2025-03-29T17:15:47.605+0000] {logging_mixin.py:190} INFO - [2025-03-29T17:15:47.604+0000] {override.py:1912} INFO - Created Permission View: can delete on DAG Run:example_kubernetes_executor
[2025-03-29T17:15:47.609+0000] {logging_mixin.py:190} INFO - [2025-03-29T17:15:47.609+0000] {override.py:1912} INFO - Created Permission View: menu access on DAG Run:example_kubernetes_executor
[2025-03-29T17:15:47.613+0000] {logging_mixin.py:190} INFO - [2025-03-29T17:15:47.613+0000] {override.py:1912} INFO - Created Permission View: can read on DAG Run:example_kubernetes_executor
[2025-03-29T17:15:47.617+0000] {logging_mixin.py:190} INFO - [2025-03-29T17:15:47.617+0000] {override.py:1912} INFO - Created Permission View: can create on DAG Run:example_kubernetes_executor
[2025-03-29T17:15:47.618+0000] {logging_mixin.py:190} INFO - [2025-03-29T17:15:47.618+0000] {dag.py:3239} INFO - Sync 1 DAGs
[2025-03-29T17:15:47.627+0000] {logging_mixin.py:190} INFO - [2025-03-29T17:15:47.627+0000] {dag.py:3262} INFO - Creating ORM DAG for example_kubernetes_executor
[2025-03-29T17:15:47.628+0000] {logging_mixin.py:190} INFO - [2025-03-29T17:15:47.628+0000] {dag.py:4180} INFO - Setting next_dagrun for example_kubernetes_executor to None, run_after=None
[2025-03-29T17:15:47.638+0000] {processor.py:208} INFO - Processing /home/airflow/.local/lib/python3.12/site-packages/airflow/example_dags/example_kubernetes_executor.py took 0.157 seconds
[2025-03-29T17:16:18.343+0000] {processor.py:186} INFO - Started process (PID=126) to work on /home/airflow/.local/lib/python3.12/site-packages/airflow/example_dags/example_kubernetes_executor.py
[2025-03-29T17:16:18.344+0000] {processor.py:914} INFO - Processing file /home/airflow/.local/lib/python3.12/site-packages/airflow/example_dags/example_kubernetes_executor.py for tasks to queue
[2025-03-29T17:16:18.345+0000] {logging_mixin.py:190} INFO - [2025-03-29T17:16:18.345+0000] {dagbag.py:588} INFO - Filling up the DagBag from /home/airflow/.local/lib/python3.12/site-packages/airflow/example_dags/example_kubernetes_executor.py
[2025-03-29T17:16:18.358+0000] {processor.py:925} INFO - DAG(s) 'example_kubernetes_executor' retrieved from /home/airflow/.local/lib/python3.12/site-packages/airflow/example_dags/example_kubernetes_executor.py
[2025-03-29T17:16:18.378+0000] {logging_mixin.py:190} INFO - [2025-03-29T17:16:18.378+0000] {dag.py:3239} INFO - Sync 1 DAGs
[2025-03-29T17:16:18.391+0000] {logging_mixin.py:190} INFO - [2025-03-29T17:16:18.390+0000] {dag.py:4180} INFO - Setting next_dagrun for example_kubernetes_executor to None, run_after=None
[2025-03-29T17:16:18.408+0000] {processor.py:208} INFO - Processing /home/airflow/.local/lib/python3.12/site-packages/airflow/example_dags/example_kubernetes_executor.py took 0.072 seconds
[2025-03-29T17:16:49.221+0000] {processor.py:186} INFO - Started process (PID=189) to work on /home/airflow/.local/lib/python3.12/site-packages/airflow/example_dags/example_kubernetes_executor.py
[2025-03-29T17:16:49.223+0000] {processor.py:914} INFO - Processing file /home/airflow/.local/lib/python3.12/site-packages/airflow/example_dags/example_kubernetes_executor.py for tasks to queue
[2025-03-29T17:16:49.225+0000] {logging_mixin.py:190} INFO - [2025-03-29T17:16:49.225+0000] {dagbag.py:588} INFO - Filling up the DagBag from /home/airflow/.local/lib/python3.12/site-packages/airflow/example_dags/example_kubernetes_executor.py
[2025-03-29T17:16:49.238+0000] {processor.py:925} INFO - DAG(s) 'example_kubernetes_executor' retrieved from /home/airflow/.local/lib/python3.12/site-packages/airflow/example_dags/example_kubernetes_executor.py
[2025-03-29T17:16:49.258+0000] {logging_mixin.py:190} INFO - [2025-03-29T17:16:49.258+0000] {dag.py:3239} INFO - Sync 1 DAGs
[2025-03-29T17:16:49.269+0000] {logging_mixin.py:190} INFO - [2025-03-29T17:16:49.268+0000] {dag.py:4180} INFO - Setting next_dagrun for example_kubernetes_executor to None, run_after=None
[2025-03-29T17:16:49.285+0000] {processor.py:208} INFO - Processing /home/airflow/.local/lib/python3.12/site-packages/airflow/example_dags/example_kubernetes_executor.py took 0.070 seconds
[2025-03-29T17:17:19.703+0000] {processor.py:186} INFO - Started process (PID=252) to work on /home/airflow/.local/lib/python3.12/site-packages/airflow/example_dags/example_kubernetes_executor.py
[2025-03-29T17:17:19.704+0000] {processor.py:914} INFO - Processing file /home/airflow/.local/lib/python3.12/site-packages/airflow/example_dags/example_kubernetes_executor.py for tasks to queue
[2025-03-29T17:17:19.705+0000] {logging_mixin.py:190} INFO - [2025-03-29T17:17:19.705+0000] {dagbag.py:588} INFO - Filling up the DagBag from /home/airflow/.local/lib/python3.12/site-packages/airflow/example_dags/example_kubernetes_executor.py
[2025-03-29T17:17:19.714+0000] {processor.py:925} INFO - DAG(s) 'example_kubernetes_executor' retrieved from /home/airflow/.local/lib/python3.12/site-packages/airflow/example_dags/example_kubernetes_executor.py
[2025-03-29T17:17:19.730+0000] {logging_mixin.py:190} INFO - [2025-03-29T17:17:19.729+0000] {dag.py:3239} INFO - Sync 1 DAGs
[2025-03-29T17:17:19.739+0000] {logging_mixin.py:190} INFO - [2025-03-29T17:17:19.739+0000] {dag.py:4180} INFO - Setting next_dagrun for example_kubernetes_executor to None, run_after=None
[2025-03-29T17:17:19.750+0000] {processor.py:208} INFO - Processing /home/airflow/.local/lib/python3.12/site-packages/airflow/example_dags/example_kubernetes_executor.py took 0.051 seconds
[2025-03-29T17:17:51.105+0000] {processor.py:186} INFO - Started process (PID=315) to work on /home/airflow/.local/lib/python3.12/site-packages/airflow/example_dags/example_kubernetes_executor.py
[2025-03-29T17:17:51.105+0000] {processor.py:914} INFO - Processing file /home/airflow/.local/lib/python3.12/site-packages/airflow/example_dags/example_kubernetes_executor.py for tasks to queue
[2025-03-29T17:17:51.107+0000] {logging_mixin.py:190} INFO - [2025-03-29T17:17:51.106+0000] {dagbag.py:588} INFO - Filling up the DagBag from /home/airflow/.local/lib/python3.12/site-packages/airflow/example_dags/example_kubernetes_executor.py
[2025-03-29T17:17:51.116+0000] {processor.py:925} INFO - DAG(s) 'example_kubernetes_executor' retrieved from /home/airflow/.local/lib/python3.12/site-packages/airflow/example_dags/example_kubernetes_executor.py
[2025-03-29T17:17:51.131+0000] {logging_mixin.py:190} INFO - [2025-03-29T17:17:51.131+0000] {dag.py:3239} INFO - Sync 1 DAGs
[2025-03-29T17:17:51.140+0000] {logging_mixin.py:190} INFO - [2025-03-29T17:17:51.140+0000] {dag.py:4180} INFO - Setting next_dagrun for example_kubernetes_executor to None, run_after=None
[2025-03-29T17:17:51.152+0000] {processor.py:208} INFO - Processing /home/airflow/.local/lib/python3.12/site-packages/airflow/example_dags/example_kubernetes_executor.py took 0.051 seconds
[2025-03-29T17:18:22.438+0000] {processor.py:186} INFO - Started process (PID=378) to work on /home/airflow/.local/lib/python3.12/site-packages/airflow/example_dags/example_kubernetes_executor.py
[2025-03-29T17:18:22.438+0000] {processor.py:914} INFO - Processing file /home/airflow/.local/lib/python3.12/site-packages/airflow/example_dags/example_kubernetes_executor.py for tasks to queue
[2025-03-29T17:18:22.439+0000] {logging_mixin.py:190} INFO - [2025-03-29T17:18:22.439+0000] {dagbag.py:588} INFO - Filling up the DagBag from /home/airflow/.local/lib/python3.12/site-packages/airflow/example_dags/example_kubernetes_executor.py
[2025-03-29T17:18:22.448+0000] {processor.py:925} INFO - DAG(s) 'example_kubernetes_executor' retrieved from /home/airflow/.local/lib/python3.12/site-packages/airflow/example_dags/example_kubernetes_executor.py
[2025-03-29T17:18:22.463+0000] {logging_mixin.py:190} INFO - [2025-03-29T17:18:22.462+0000] {dag.py:3239} INFO - Sync 1 DAGs
[2025-03-29T17:18:22.474+0000] {logging_mixin.py:190} INFO - [2025-03-29T17:18:22.474+0000] {dag.py:4180} INFO - Setting next_dagrun for example_kubernetes_executor to None, run_after=None
[2025-03-29T17:18:22.487+0000] {processor.py:208} INFO - Processing /home/airflow/.local/lib/python3.12/site-packages/airflow/example_dags/example_kubernetes_executor.py took 0.053 seconds
[2025-03-29T17:18:53.155+0000] {processor.py:186} INFO - Started process (PID=441) to work on /home/airflow/.local/lib/python3.12/site-packages/airflow/example_dags/example_kubernetes_executor.py
[2025-03-29T17:18:53.155+0000] {processor.py:914} INFO - Processing file /home/airflow/.local/lib/python3.12/site-packages/airflow/example_dags/example_kubernetes_executor.py for tasks to queue
[2025-03-29T17:18:53.156+0000] {logging_mixin.py:190} INFO - [2025-03-29T17:18:53.156+0000] {dagbag.py:588} INFO - Filling up the DagBag from /home/airflow/.local/lib/python3.12/site-packages/airflow/example_dags/example_kubernetes_executor.py
[2025-03-29T17:18:53.167+0000] {processor.py:925} INFO - DAG(s) 'example_kubernetes_executor' retrieved from /home/airflow/.local/lib/python3.12/site-packages/airflow/example_dags/example_kubernetes_executor.py
[2025-03-29T17:18:53.184+0000] {logging_mixin.py:190} INFO - [2025-03-29T17:18:53.184+0000] {dag.py:3239} INFO - Sync 1 DAGs
[2025-03-29T17:18:53.194+0000] {logging_mixin.py:190} INFO - [2025-03-29T17:18:53.194+0000] {dag.py:4180} INFO - Setting next_dagrun for example_kubernetes_executor to None, run_after=None
[2025-03-29T17:18:53.208+0000] {processor.py:208} INFO - Processing /home/airflow/.local/lib/python3.12/site-packages/airflow/example_dags/example_kubernetes_executor.py took 0.057 seconds
[2025-03-29T17:19:24.565+0000] {processor.py:186} INFO - Started process (PID=504) to work on /home/airflow/.local/lib/python3.12/site-packages/airflow/example_dags/example_kubernetes_executor.py
[2025-03-29T17:19:24.565+0000] {processor.py:914} INFO - Processing file /home/airflow/.local/lib/python3.12/site-packages/airflow/example_dags/example_kubernetes_executor.py for tasks to queue
[2025-03-29T17:19:24.566+0000] {logging_mixin.py:190} INFO - [2025-03-29T17:19:24.566+0000] {dagbag.py:588} INFO - Filling up the DagBag from /home/airflow/.local/lib/python3.12/site-packages/airflow/example_dags/example_kubernetes_executor.py
[2025-03-29T17:19:24.576+0000] {processor.py:925} INFO - DAG(s) 'example_kubernetes_executor' retrieved from /home/airflow/.local/lib/python3.12/site-packages/airflow/example_dags/example_kubernetes_executor.py
[2025-03-29T17:19:24.591+0000] {logging_mixin.py:190} INFO - [2025-03-29T17:19:24.591+0000] {dag.py:3239} INFO - Sync 1 DAGs
[2025-03-29T17:19:24.600+0000] {logging_mixin.py:190} INFO - [2025-03-29T17:19:24.600+0000] {dag.py:4180} INFO - Setting next_dagrun for example_kubernetes_executor to None, run_after=None
[2025-03-29T17:19:24.617+0000] {processor.py:208} INFO - Processing /home/airflow/.local/lib/python3.12/site-packages/airflow/example_dags/example_kubernetes_executor.py took 0.056 seconds
[2025-03-29T17:19:56.089+0000] {processor.py:186} INFO - Started process (PID=567) to work on /home/airflow/.local/lib/python3.12/site-packages/airflow/example_dags/example_kubernetes_executor.py
[2025-03-29T17:19:56.090+0000] {processor.py:914} INFO - Processing file /home/airflow/.local/lib/python3.12/site-packages/airflow/example_dags/example_kubernetes_executor.py for tasks to queue
[2025-03-29T17:19:56.091+0000] {logging_mixin.py:190} INFO - [2025-03-29T17:19:56.091+0000] {dagbag.py:588} INFO - Filling up the DagBag from /home/airflow/.local/lib/python3.12/site-packages/airflow/example_dags/example_kubernetes_executor.py
[2025-03-29T17:19:56.100+0000] {processor.py:925} INFO - DAG(s) 'example_kubernetes_executor' retrieved from /home/airflow/.local/lib/python3.12/site-packages/airflow/example_dags/example_kubernetes_executor.py
[2025-03-29T17:19:56.115+0000] {logging_mixin.py:190} INFO - [2025-03-29T17:19:56.115+0000] {dag.py:3239} INFO - Sync 1 DAGs
[2025-03-29T17:19:56.125+0000] {logging_mixin.py:190} INFO - [2025-03-29T17:19:56.124+0000] {dag.py:4180} INFO - Setting next_dagrun for example_kubernetes_executor to None, run_after=None
[2025-03-29T17:19:56.136+0000] {processor.py:208} INFO - Processing /home/airflow/.local/lib/python3.12/site-packages/airflow/example_dags/example_kubernetes_executor.py took 0.051 seconds
[2025-03-29T17:20:26.542+0000] {processor.py:186} INFO - Started process (PID=630) to work on /home/airflow/.local/lib/python3.12/site-packages/airflow/example_dags/example_kubernetes_executor.py
[2025-03-29T17:20:26.543+0000] {processor.py:914} INFO - Processing file /home/airflow/.local/lib/python3.12/site-packages/airflow/example_dags/example_kubernetes_executor.py for tasks to queue
[2025-03-29T17:20:26.544+0000] {logging_mixin.py:190} INFO - [2025-03-29T17:20:26.544+0000] {dagbag.py:588} INFO - Filling up the DagBag from /home/airflow/.local/lib/python3.12/site-packages/airflow/example_dags/example_kubernetes_executor.py
[2025-03-29T17:20:26.552+0000] {processor.py:925} INFO - DAG(s) 'example_kubernetes_executor' retrieved from /home/airflow/.local/lib/python3.12/site-packages/airflow/example_dags/example_kubernetes_executor.py
[2025-03-29T17:20:26.567+0000] {logging_mixin.py:190} INFO - [2025-03-29T17:20:26.567+0000] {dag.py:3239} INFO - Sync 1 DAGs
[2025-03-29T17:20:26.576+0000] {logging_mixin.py:190} INFO - [2025-03-29T17:20:26.576+0000] {dag.py:4180} INFO - Setting next_dagrun for example_kubernetes_executor to None, run_after=None
[2025-03-29T17:20:26.588+0000] {processor.py:208} INFO - Processing /home/airflow/.local/lib/python3.12/site-packages/airflow/example_dags/example_kubernetes_executor.py took 0.049 seconds
[2025-03-29T17:20:58.052+0000] {processor.py:186} INFO - Started process (PID=699) to work on /home/airflow/.local/lib/python3.12/site-packages/airflow/example_dags/example_kubernetes_executor.py
[2025-03-29T17:20:58.052+0000] {processor.py:914} INFO - Processing file /home/airflow/.local/lib/python3.12/site-packages/airflow/example_dags/example_kubernetes_executor.py for tasks to queue
[2025-03-29T17:20:58.054+0000] {logging_mixin.py:190} INFO - [2025-03-29T17:20:58.054+0000] {dagbag.py:588} INFO - Filling up the DagBag from /home/airflow/.local/lib/python3.12/site-packages/airflow/example_dags/example_kubernetes_executor.py
[2025-03-29T17:20:58.063+0000] {processor.py:925} INFO - DAG(s) 'example_kubernetes_executor' retrieved from /home/airflow/.local/lib/python3.12/site-packages/airflow/example_dags/example_kubernetes_executor.py
[2025-03-29T17:20:58.079+0000] {logging_mixin.py:190} INFO - [2025-03-29T17:20:58.079+0000] {dag.py:3239} INFO - Sync 1 DAGs
[2025-03-29T17:20:58.088+0000] {logging_mixin.py:190} INFO - [2025-03-29T17:20:58.088+0000] {dag.py:4180} INFO - Setting next_dagrun for example_kubernetes_executor to None, run_after=None
[2025-03-29T17:20:58.100+0000] {processor.py:208} INFO - Processing /home/airflow/.local/lib/python3.12/site-packages/airflow/example_dags/example_kubernetes_executor.py took 0.051 seconds
[2025-03-29T17:21:28.518+0000] {processor.py:186} INFO - Started process (PID=762) to work on /home/airflow/.local/lib/python3.12/site-packages/airflow/example_dags/example_kubernetes_executor.py
[2025-03-29T17:21:28.519+0000] {processor.py:914} INFO - Processing file /home/airflow/.local/lib/python3.12/site-packages/airflow/example_dags/example_kubernetes_executor.py for tasks to queue
[2025-03-29T17:21:28.520+0000] {logging_mixin.py:190} INFO - [2025-03-29T17:21:28.519+0000] {dagbag.py:588} INFO - Filling up the DagBag from /home/airflow/.local/lib/python3.12/site-packages/airflow/example_dags/example_kubernetes_executor.py
[2025-03-29T17:21:28.529+0000] {processor.py:925} INFO - DAG(s) 'example_kubernetes_executor' retrieved from /home/airflow/.local/lib/python3.12/site-packages/airflow/example_dags/example_kubernetes_executor.py
[2025-03-29T17:21:28.544+0000] {logging_mixin.py:190} INFO - [2025-03-29T17:21:28.544+0000] {dag.py:3239} INFO - Sync 1 DAGs
[2025-03-29T17:21:28.555+0000] {logging_mixin.py:190} INFO - [2025-03-29T17:21:28.554+0000] {dag.py:4180} INFO - Setting next_dagrun for example_kubernetes_executor to None, run_after=None
[2025-03-29T17:21:28.566+0000] {processor.py:208} INFO - Processing /home/airflow/.local/lib/python3.12/site-packages/airflow/example_dags/example_kubernetes_executor.py took 0.052 seconds
[2025-03-29T17:21:59.820+0000] {processor.py:186} INFO - Started process (PID=825) to work on /home/airflow/.local/lib/python3.12/site-packages/airflow/example_dags/example_kubernetes_executor.py
[2025-03-29T17:21:59.821+0000] {processor.py:914} INFO - Processing file /home/airflow/.local/lib/python3.12/site-packages/airflow/example_dags/example_kubernetes_executor.py for tasks to queue
[2025-03-29T17:21:59.822+0000] {logging_mixin.py:190} INFO - [2025-03-29T17:21:59.822+0000] {dagbag.py:588} INFO - Filling up the DagBag from /home/airflow/.local/lib/python3.12/site-packages/airflow/example_dags/example_kubernetes_executor.py
[2025-03-29T17:21:59.832+0000] {processor.py:925} INFO - DAG(s) 'example_kubernetes_executor' retrieved from /home/airflow/.local/lib/python3.12/site-packages/airflow/example_dags/example_kubernetes_executor.py
[2025-03-29T17:21:59.852+0000] {logging_mixin.py:190} INFO - [2025-03-29T17:21:59.852+0000] {dag.py:3239} INFO - Sync 1 DAGs
[2025-03-29T17:21:59.865+0000] {logging_mixin.py:190} INFO - [2025-03-29T17:21:59.865+0000] {dag.py:4180} INFO - Setting next_dagrun for example_kubernetes_executor to None, run_after=None
[2025-03-29T17:21:59.880+0000] {processor.py:208} INFO - Processing /home/airflow/.local/lib/python3.12/site-packages/airflow/example_dags/example_kubernetes_executor.py took 0.064 seconds
[2025-03-29T17:22:31.407+0000] {processor.py:186} INFO - Started process (PID=888) to work on /home/airflow/.local/lib/python3.12/site-packages/airflow/example_dags/example_kubernetes_executor.py
[2025-03-29T17:22:31.407+0000] {processor.py:914} INFO - Processing file /home/airflow/.local/lib/python3.12/site-packages/airflow/example_dags/example_kubernetes_executor.py for tasks to queue
[2025-03-29T17:22:31.409+0000] {logging_mixin.py:190} INFO - [2025-03-29T17:22:31.409+0000] {dagbag.py:588} INFO - Filling up the DagBag from /home/airflow/.local/lib/python3.12/site-packages/airflow/example_dags/example_kubernetes_executor.py
[2025-03-29T17:22:31.418+0000] {processor.py:925} INFO - DAG(s) 'example_kubernetes_executor' retrieved from /home/airflow/.local/lib/python3.12/site-packages/airflow/example_dags/example_kubernetes_executor.py
[2025-03-29T17:22:31.434+0000] {logging_mixin.py:190} INFO - [2025-03-29T17:22:31.434+0000] {dag.py:3239} INFO - Sync 1 DAGs
[2025-03-29T17:22:31.445+0000] {logging_mixin.py:190} INFO - [2025-03-29T17:22:31.444+0000] {dag.py:4180} INFO - Setting next_dagrun for example_kubernetes_executor to None, run_after=None
[2025-03-29T17:22:31.457+0000] {processor.py:208} INFO - Processing /home/airflow/.local/lib/python3.12/site-packages/airflow/example_dags/example_kubernetes_executor.py took 0.054 seconds
[2025-03-29T17:23:01.995+0000] {processor.py:186} INFO - Started process (PID=951) to work on /home/airflow/.local/lib/python3.12/site-packages/airflow/example_dags/example_kubernetes_executor.py
[2025-03-29T17:23:01.996+0000] {processor.py:914} INFO - Processing file /home/airflow/.local/lib/python3.12/site-packages/airflow/example_dags/example_kubernetes_executor.py for tasks to queue
[2025-03-29T17:23:01.997+0000] {logging_mixin.py:190} INFO - [2025-03-29T17:23:01.997+0000] {dagbag.py:588} INFO - Filling up the DagBag from /home/airflow/.local/lib/python3.12/site-packages/airflow/example_dags/example_kubernetes_executor.py
[2025-03-29T17:23:02.006+0000] {processor.py:925} INFO - DAG(s) 'example_kubernetes_executor' retrieved from /home/airflow/.local/lib/python3.12/site-packages/airflow/example_dags/example_kubernetes_executor.py
[2025-03-29T17:23:02.021+0000] {logging_mixin.py:190} INFO - [2025-03-29T17:23:02.021+0000] {dag.py:3239} INFO - Sync 1 DAGs
[2025-03-29T17:23:02.030+0000] {logging_mixin.py:190} INFO - [2025-03-29T17:23:02.030+0000] {dag.py:4180} INFO - Setting next_dagrun for example_kubernetes_executor to None, run_after=None
[2025-03-29T17:23:02.041+0000] {processor.py:208} INFO - Processing /home/airflow/.local/lib/python3.12/site-packages/airflow/example_dags/example_kubernetes_executor.py took 0.050 seconds
[2025-03-29T17:26:07.745+0000] {processor.py:186} INFO - Started process (PID=63) to work on /home/airflow/.local/lib/python3.12/site-packages/airflow/example_dags/example_kubernetes_executor.py
[2025-03-29T17:26:07.746+0000] {processor.py:914} INFO - Processing file /home/airflow/.local/lib/python3.12/site-packages/airflow/example_dags/example_kubernetes_executor.py for tasks to queue
[2025-03-29T17:26:07.747+0000] {logging_mixin.py:190} INFO - [2025-03-29T17:26:07.747+0000] {dagbag.py:588} INFO - Filling up the DagBag from /home/airflow/.local/lib/python3.12/site-packages/airflow/example_dags/example_kubernetes_executor.py
[2025-03-29T17:26:07.759+0000] {processor.py:925} INFO - DAG(s) 'example_kubernetes_executor' retrieved from /home/airflow/.local/lib/python3.12/site-packages/airflow/example_dags/example_kubernetes_executor.py
[2025-03-29T17:26:07.851+0000] {logging_mixin.py:190} INFO - [2025-03-29T17:26:07.851+0000] {override.py:1912} INFO - Created Permission View: can delete on DAG:example_kubernetes_executor
[2025-03-29T17:26:07.861+0000] {logging_mixin.py:190} INFO - [2025-03-29T17:26:07.861+0000] {override.py:1912} INFO - Created Permission View: can read on DAG:example_kubernetes_executor
[2025-03-29T17:26:07.891+0000] {logging_mixin.py:190} INFO - [2025-03-29T17:26:07.891+0000] {override.py:1912} INFO - Created Permission View: can edit on DAG:example_kubernetes_executor
[2025-03-29T17:26:07.911+0000] {logging_mixin.py:190} INFO - [2025-03-29T17:26:07.911+0000] {override.py:1912} INFO - Created Permission View: can delete on DAG Run:example_kubernetes_executor
[2025-03-29T17:26:07.930+0000] {logging_mixin.py:190} INFO - [2025-03-29T17:26:07.930+0000] {override.py:1912} INFO - Created Permission View: can read on DAG Run:example_kubernetes_executor
[2025-03-29T17:26:07.935+0000] {logging_mixin.py:190} INFO - [2025-03-29T17:26:07.935+0000] {override.py:1912} INFO - Created Permission View: can create on DAG Run:example_kubernetes_executor
[2025-03-29T17:26:07.941+0000] {logging_mixin.py:190} INFO - [2025-03-29T17:26:07.940+0000] {override.py:1912} INFO - Created Permission View: menu access on DAG Run:example_kubernetes_executor
[2025-03-29T17:26:07.941+0000] {logging_mixin.py:190} INFO - [2025-03-29T17:26:07.941+0000] {dag.py:3239} INFO - Sync 1 DAGs
[2025-03-29T17:26:07.953+0000] {logging_mixin.py:190} INFO - [2025-03-29T17:26:07.953+0000] {dag.py:3262} INFO - Creating ORM DAG for example_kubernetes_executor
[2025-03-29T17:26:07.954+0000] {logging_mixin.py:190} INFO - [2025-03-29T17:26:07.954+0000] {dag.py:4180} INFO - Setting next_dagrun for example_kubernetes_executor to None, run_after=None
[2025-03-29T17:26:07.968+0000] {processor.py:208} INFO - Processing /home/airflow/.local/lib/python3.12/site-packages/airflow/example_dags/example_kubernetes_executor.py took 0.228 seconds
[2025-03-29T17:26:38.285+0000] {processor.py:186} INFO - Started process (PID=126) to work on /home/airflow/.local/lib/python3.12/site-packages/airflow/example_dags/example_kubernetes_executor.py
[2025-03-29T17:26:38.286+0000] {processor.py:914} INFO - Processing file /home/airflow/.local/lib/python3.12/site-packages/airflow/example_dags/example_kubernetes_executor.py for tasks to queue
[2025-03-29T17:26:38.288+0000] {logging_mixin.py:190} INFO - [2025-03-29T17:26:38.287+0000] {dagbag.py:588} INFO - Filling up the DagBag from /home/airflow/.local/lib/python3.12/site-packages/airflow/example_dags/example_kubernetes_executor.py
[2025-03-29T17:26:38.297+0000] {processor.py:925} INFO - DAG(s) 'example_kubernetes_executor' retrieved from /home/airflow/.local/lib/python3.12/site-packages/airflow/example_dags/example_kubernetes_executor.py
[2025-03-29T17:26:38.312+0000] {logging_mixin.py:190} INFO - [2025-03-29T17:26:38.312+0000] {dag.py:3239} INFO - Sync 1 DAGs
[2025-03-29T17:26:38.321+0000] {logging_mixin.py:190} INFO - [2025-03-29T17:26:38.321+0000] {dag.py:4180} INFO - Setting next_dagrun for example_kubernetes_executor to None, run_after=None
[2025-03-29T17:26:38.333+0000] {processor.py:208} INFO - Processing /home/airflow/.local/lib/python3.12/site-packages/airflow/example_dags/example_kubernetes_executor.py took 0.051 seconds
[2025-03-29T17:27:09.161+0000] {processor.py:186} INFO - Started process (PID=189) to work on /home/airflow/.local/lib/python3.12/site-packages/airflow/example_dags/example_kubernetes_executor.py
[2025-03-29T17:27:09.161+0000] {processor.py:914} INFO - Processing file /home/airflow/.local/lib/python3.12/site-packages/airflow/example_dags/example_kubernetes_executor.py for tasks to queue
[2025-03-29T17:27:09.163+0000] {logging_mixin.py:190} INFO - [2025-03-29T17:27:09.162+0000] {dagbag.py:588} INFO - Filling up the DagBag from /home/airflow/.local/lib/python3.12/site-packages/airflow/example_dags/example_kubernetes_executor.py
[2025-03-29T17:27:09.172+0000] {processor.py:925} INFO - DAG(s) 'example_kubernetes_executor' retrieved from /home/airflow/.local/lib/python3.12/site-packages/airflow/example_dags/example_kubernetes_executor.py
[2025-03-29T17:27:09.187+0000] {logging_mixin.py:190} INFO - [2025-03-29T17:27:09.187+0000] {dag.py:3239} INFO - Sync 1 DAGs
[2025-03-29T17:27:09.197+0000] {logging_mixin.py:190} INFO - [2025-03-29T17:27:09.197+0000] {dag.py:4180} INFO - Setting next_dagrun for example_kubernetes_executor to None, run_after=None
[2025-03-29T17:27:09.211+0000] {processor.py:208} INFO - Processing /home/airflow/.local/lib/python3.12/site-packages/airflow/example_dags/example_kubernetes_executor.py took 0.054 seconds
[2025-03-29T17:27:39.672+0000] {processor.py:186} INFO - Started process (PID=252) to work on /home/airflow/.local/lib/python3.12/site-packages/airflow/example_dags/example_kubernetes_executor.py
[2025-03-29T17:27:39.673+0000] {processor.py:914} INFO - Processing file /home/airflow/.local/lib/python3.12/site-packages/airflow/example_dags/example_kubernetes_executor.py for tasks to queue
[2025-03-29T17:27:39.675+0000] {logging_mixin.py:190} INFO - [2025-03-29T17:27:39.675+0000] {dagbag.py:588} INFO - Filling up the DagBag from /home/airflow/.local/lib/python3.12/site-packages/airflow/example_dags/example_kubernetes_executor.py
[2025-03-29T17:27:39.684+0000] {processor.py:925} INFO - DAG(s) 'example_kubernetes_executor' retrieved from /home/airflow/.local/lib/python3.12/site-packages/airflow/example_dags/example_kubernetes_executor.py
[2025-03-29T17:27:39.699+0000] {logging_mixin.py:190} INFO - [2025-03-29T17:27:39.699+0000] {dag.py:3239} INFO - Sync 1 DAGs
[2025-03-29T17:27:39.708+0000] {logging_mixin.py:190} INFO - [2025-03-29T17:27:39.708+0000] {dag.py:4180} INFO - Setting next_dagrun for example_kubernetes_executor to None, run_after=None
[2025-03-29T17:27:39.720+0000] {processor.py:208} INFO - Processing /home/airflow/.local/lib/python3.12/site-packages/airflow/example_dags/example_kubernetes_executor.py took 0.051 seconds
[2025-03-29T17:28:09.915+0000] {processor.py:186} INFO - Started process (PID=315) to work on /home/airflow/.local/lib/python3.12/site-packages/airflow/example_dags/example_kubernetes_executor.py
[2025-03-29T17:28:09.916+0000] {processor.py:914} INFO - Processing file /home/airflow/.local/lib/python3.12/site-packages/airflow/example_dags/example_kubernetes_executor.py for tasks to queue
[2025-03-29T17:28:09.917+0000] {logging_mixin.py:190} INFO - [2025-03-29T17:28:09.917+0000] {dagbag.py:588} INFO - Filling up the DagBag from /home/airflow/.local/lib/python3.12/site-packages/airflow/example_dags/example_kubernetes_executor.py
[2025-03-29T17:28:09.929+0000] {processor.py:925} INFO - DAG(s) 'example_kubernetes_executor' retrieved from /home/airflow/.local/lib/python3.12/site-packages/airflow/example_dags/example_kubernetes_executor.py
[2025-03-29T17:28:09.945+0000] {logging_mixin.py:190} INFO - [2025-03-29T17:28:09.945+0000] {dag.py:3239} INFO - Sync 1 DAGs
[2025-03-29T17:28:09.955+0000] {logging_mixin.py:190} INFO - [2025-03-29T17:28:09.955+0000] {dag.py:4180} INFO - Setting next_dagrun for example_kubernetes_executor to None, run_after=None
[2025-03-29T17:28:09.968+0000] {processor.py:208} INFO - Processing /home/airflow/.local/lib/python3.12/site-packages/airflow/example_dags/example_kubernetes_executor.py took 0.056 seconds
[2025-03-29T17:28:40.446+0000] {processor.py:186} INFO - Started process (PID=378) to work on /home/airflow/.local/lib/python3.12/site-packages/airflow/example_dags/example_kubernetes_executor.py
[2025-03-29T17:28:40.447+0000] {processor.py:914} INFO - Processing file /home/airflow/.local/lib/python3.12/site-packages/airflow/example_dags/example_kubernetes_executor.py for tasks to queue
[2025-03-29T17:28:40.448+0000] {logging_mixin.py:190} INFO - [2025-03-29T17:28:40.448+0000] {dagbag.py:588} INFO - Filling up the DagBag from /home/airflow/.local/lib/python3.12/site-packages/airflow/example_dags/example_kubernetes_executor.py
[2025-03-29T17:28:40.458+0000] {processor.py:925} INFO - DAG(s) 'example_kubernetes_executor' retrieved from /home/airflow/.local/lib/python3.12/site-packages/airflow/example_dags/example_kubernetes_executor.py
[2025-03-29T17:28:40.473+0000] {logging_mixin.py:190} INFO - [2025-03-29T17:28:40.472+0000] {dag.py:3239} INFO - Sync 1 DAGs
[2025-03-29T17:28:40.482+0000] {logging_mixin.py:190} INFO - [2025-03-29T17:28:40.482+0000] {dag.py:4180} INFO - Setting next_dagrun for example_kubernetes_executor to None, run_after=None
[2025-03-29T17:28:40.494+0000] {processor.py:208} INFO - Processing /home/airflow/.local/lib/python3.12/site-packages/airflow/example_dags/example_kubernetes_executor.py took 0.051 seconds
[2025-03-29T17:29:11.745+0000] {processor.py:186} INFO - Started process (PID=441) to work on /home/airflow/.local/lib/python3.12/site-packages/airflow/example_dags/example_kubernetes_executor.py
[2025-03-29T17:29:11.745+0000] {processor.py:914} INFO - Processing file /home/airflow/.local/lib/python3.12/site-packages/airflow/example_dags/example_kubernetes_executor.py for tasks to queue
[2025-03-29T17:29:11.746+0000] {logging_mixin.py:190} INFO - [2025-03-29T17:29:11.746+0000] {dagbag.py:588} INFO - Filling up the DagBag from /home/airflow/.local/lib/python3.12/site-packages/airflow/example_dags/example_kubernetes_executor.py
[2025-03-29T17:29:11.755+0000] {processor.py:925} INFO - DAG(s) 'example_kubernetes_executor' retrieved from /home/airflow/.local/lib/python3.12/site-packages/airflow/example_dags/example_kubernetes_executor.py
[2025-03-29T17:29:11.772+0000] {logging_mixin.py:190} INFO - [2025-03-29T17:29:11.771+0000] {dag.py:3239} INFO - Sync 1 DAGs
[2025-03-29T17:29:11.782+0000] {logging_mixin.py:190} INFO - [2025-03-29T17:29:11.781+0000] {dag.py:4180} INFO - Setting next_dagrun for example_kubernetes_executor to None, run_after=None
[2025-03-29T17:29:11.793+0000] {processor.py:208} INFO - Processing /home/airflow/.local/lib/python3.12/site-packages/airflow/example_dags/example_kubernetes_executor.py took 0.052 seconds
[2025-03-29T17:29:43.262+0000] {processor.py:186} INFO - Started process (PID=504) to work on /home/airflow/.local/lib/python3.12/site-packages/airflow/example_dags/example_kubernetes_executor.py
[2025-03-29T17:29:43.263+0000] {processor.py:914} INFO - Processing file /home/airflow/.local/lib/python3.12/site-packages/airflow/example_dags/example_kubernetes_executor.py for tasks to queue
[2025-03-29T17:29:43.264+0000] {logging_mixin.py:190} INFO - [2025-03-29T17:29:43.264+0000] {dagbag.py:588} INFO - Filling up the DagBag from /home/airflow/.local/lib/python3.12/site-packages/airflow/example_dags/example_kubernetes_executor.py
[2025-03-29T17:29:43.273+0000] {processor.py:925} INFO - DAG(s) 'example_kubernetes_executor' retrieved from /home/airflow/.local/lib/python3.12/site-packages/airflow/example_dags/example_kubernetes_executor.py
[2025-03-29T17:29:43.288+0000] {logging_mixin.py:190} INFO - [2025-03-29T17:29:43.287+0000] {dag.py:3239} INFO - Sync 1 DAGs
[2025-03-29T17:29:43.298+0000] {logging_mixin.py:190} INFO - [2025-03-29T17:29:43.297+0000] {dag.py:4180} INFO - Setting next_dagrun for example_kubernetes_executor to None, run_after=None
[2025-03-29T17:29:43.309+0000] {processor.py:208} INFO - Processing /home/airflow/.local/lib/python3.12/site-packages/airflow/example_dags/example_kubernetes_executor.py took 0.050 seconds
[2025-03-29T17:30:14.833+0000] {processor.py:186} INFO - Started process (PID=567) to work on /home/airflow/.local/lib/python3.12/site-packages/airflow/example_dags/example_kubernetes_executor.py
[2025-03-29T17:30:14.833+0000] {processor.py:914} INFO - Processing file /home/airflow/.local/lib/python3.12/site-packages/airflow/example_dags/example_kubernetes_executor.py for tasks to queue
[2025-03-29T17:30:14.835+0000] {logging_mixin.py:190} INFO - [2025-03-29T17:30:14.835+0000] {dagbag.py:588} INFO - Filling up the DagBag from /home/airflow/.local/lib/python3.12/site-packages/airflow/example_dags/example_kubernetes_executor.py
[2025-03-29T17:30:14.846+0000] {processor.py:925} INFO - DAG(s) 'example_kubernetes_executor' retrieved from /home/airflow/.local/lib/python3.12/site-packages/airflow/example_dags/example_kubernetes_executor.py
[2025-03-29T17:30:14.863+0000] {logging_mixin.py:190} INFO - [2025-03-29T17:30:14.863+0000] {dag.py:3239} INFO - Sync 1 DAGs
[2025-03-29T17:30:14.873+0000] {logging_mixin.py:190} INFO - [2025-03-29T17:30:14.873+0000] {dag.py:4180} INFO - Setting next_dagrun for example_kubernetes_executor to None, run_after=None
[2025-03-29T17:30:14.886+0000] {processor.py:208} INFO - Processing /home/airflow/.local/lib/python3.12/site-packages/airflow/example_dags/example_kubernetes_executor.py took 0.058 seconds
[2025-03-29T17:30:45.400+0000] {processor.py:186} INFO - Started process (PID=630) to work on /home/airflow/.local/lib/python3.12/site-packages/airflow/example_dags/example_kubernetes_executor.py
[2025-03-29T17:30:45.401+0000] {processor.py:914} INFO - Processing file /home/airflow/.local/lib/python3.12/site-packages/airflow/example_dags/example_kubernetes_executor.py for tasks to queue
[2025-03-29T17:30:45.402+0000] {logging_mixin.py:190} INFO - [2025-03-29T17:30:45.402+0000] {dagbag.py:588} INFO - Filling up the DagBag from /home/airflow/.local/lib/python3.12/site-packages/airflow/example_dags/example_kubernetes_executor.py
[2025-03-29T17:30:45.411+0000] {processor.py:925} INFO - DAG(s) 'example_kubernetes_executor' retrieved from /home/airflow/.local/lib/python3.12/site-packages/airflow/example_dags/example_kubernetes_executor.py
[2025-03-29T17:30:45.425+0000] {logging_mixin.py:190} INFO - [2025-03-29T17:30:45.425+0000] {dag.py:3239} INFO - Sync 1 DAGs
[2025-03-29T17:30:45.435+0000] {logging_mixin.py:190} INFO - [2025-03-29T17:30:45.434+0000] {dag.py:4180} INFO - Setting next_dagrun for example_kubernetes_executor to None, run_after=None
[2025-03-29T17:30:45.446+0000] {processor.py:208} INFO - Processing /home/airflow/.local/lib/python3.12/site-packages/airflow/example_dags/example_kubernetes_executor.py took 0.049 seconds
[2025-03-29T17:31:16.585+0000] {processor.py:186} INFO - Started process (PID=699) to work on /home/airflow/.local/lib/python3.12/site-packages/airflow/example_dags/example_kubernetes_executor.py
[2025-03-29T17:31:16.586+0000] {processor.py:914} INFO - Processing file /home/airflow/.local/lib/python3.12/site-packages/airflow/example_dags/example_kubernetes_executor.py for tasks to queue
[2025-03-29T17:31:16.587+0000] {logging_mixin.py:190} INFO - [2025-03-29T17:31:16.587+0000] {dagbag.py:588} INFO - Filling up the DagBag from /home/airflow/.local/lib/python3.12/site-packages/airflow/example_dags/example_kubernetes_executor.py
[2025-03-29T17:31:16.597+0000] {processor.py:925} INFO - DAG(s) 'example_kubernetes_executor' retrieved from /home/airflow/.local/lib/python3.12/site-packages/airflow/example_dags/example_kubernetes_executor.py
[2025-03-29T17:31:16.614+0000] {logging_mixin.py:190} INFO - [2025-03-29T17:31:16.614+0000] {dag.py:3239} INFO - Sync 1 DAGs
[2025-03-29T17:31:16.624+0000] {logging_mixin.py:190} INFO - [2025-03-29T17:31:16.624+0000] {dag.py:4180} INFO - Setting next_dagrun for example_kubernetes_executor to None, run_after=None
[2025-03-29T17:31:16.636+0000] {processor.py:208} INFO - Processing /home/airflow/.local/lib/python3.12/site-packages/airflow/example_dags/example_kubernetes_executor.py took 0.054 seconds
[2025-03-29T17:31:47.987+0000] {processor.py:186} INFO - Started process (PID=762) to work on /home/airflow/.local/lib/python3.12/site-packages/airflow/example_dags/example_kubernetes_executor.py
[2025-03-29T17:31:47.987+0000] {processor.py:914} INFO - Processing file /home/airflow/.local/lib/python3.12/site-packages/airflow/example_dags/example_kubernetes_executor.py for tasks to queue
[2025-03-29T17:31:47.988+0000] {logging_mixin.py:190} INFO - [2025-03-29T17:31:47.988+0000] {dagbag.py:588} INFO - Filling up the DagBag from /home/airflow/.local/lib/python3.12/site-packages/airflow/example_dags/example_kubernetes_executor.py
[2025-03-29T17:31:47.998+0000] {processor.py:925} INFO - DAG(s) 'example_kubernetes_executor' retrieved from /home/airflow/.local/lib/python3.12/site-packages/airflow/example_dags/example_kubernetes_executor.py
[2025-03-29T17:31:48.014+0000] {logging_mixin.py:190} INFO - [2025-03-29T17:31:48.013+0000] {dag.py:3239} INFO - Sync 1 DAGs
[2025-03-29T17:31:48.024+0000] {logging_mixin.py:190} INFO - [2025-03-29T17:31:48.024+0000] {dag.py:4180} INFO - Setting next_dagrun for example_kubernetes_executor to None, run_after=None
[2025-03-29T17:31:48.036+0000] {processor.py:208} INFO - Processing /home/airflow/.local/lib/python3.12/site-packages/airflow/example_dags/example_kubernetes_executor.py took 0.053 seconds
[2025-03-29T17:32:18.408+0000] {processor.py:186} INFO - Started process (PID=825) to work on /home/airflow/.local/lib/python3.12/site-packages/airflow/example_dags/example_kubernetes_executor.py
[2025-03-29T17:32:18.409+0000] {processor.py:914} INFO - Processing file /home/airflow/.local/lib/python3.12/site-packages/airflow/example_dags/example_kubernetes_executor.py for tasks to queue
[2025-03-29T17:32:18.410+0000] {logging_mixin.py:190} INFO - [2025-03-29T17:32:18.410+0000] {dagbag.py:588} INFO - Filling up the DagBag from /home/airflow/.local/lib/python3.12/site-packages/airflow/example_dags/example_kubernetes_executor.py
[2025-03-29T17:32:18.419+0000] {processor.py:925} INFO - DAG(s) 'example_kubernetes_executor' retrieved from /home/airflow/.local/lib/python3.12/site-packages/airflow/example_dags/example_kubernetes_executor.py
[2025-03-29T17:32:18.434+0000] {logging_mixin.py:190} INFO - [2025-03-29T17:32:18.434+0000] {dag.py:3239} INFO - Sync 1 DAGs
[2025-03-29T17:32:18.444+0000] {logging_mixin.py:190} INFO - [2025-03-29T17:32:18.444+0000] {dag.py:4180} INFO - Setting next_dagrun for example_kubernetes_executor to None, run_after=None
[2025-03-29T17:32:18.456+0000] {processor.py:208} INFO - Processing /home/airflow/.local/lib/python3.12/site-packages/airflow/example_dags/example_kubernetes_executor.py took 0.051 seconds
[2025-03-29T17:32:49.798+0000] {processor.py:186} INFO - Started process (PID=888) to work on /home/airflow/.local/lib/python3.12/site-packages/airflow/example_dags/example_kubernetes_executor.py
[2025-03-29T17:32:49.798+0000] {processor.py:914} INFO - Processing file /home/airflow/.local/lib/python3.12/site-packages/airflow/example_dags/example_kubernetes_executor.py for tasks to queue
[2025-03-29T17:32:49.799+0000] {logging_mixin.py:190} INFO - [2025-03-29T17:32:49.799+0000] {dagbag.py:588} INFO - Filling up the DagBag from /home/airflow/.local/lib/python3.12/site-packages/airflow/example_dags/example_kubernetes_executor.py
[2025-03-29T17:32:49.808+0000] {processor.py:925} INFO - DAG(s) 'example_kubernetes_executor' retrieved from /home/airflow/.local/lib/python3.12/site-packages/airflow/example_dags/example_kubernetes_executor.py
[2025-03-29T17:32:49.823+0000] {logging_mixin.py:190} INFO - [2025-03-29T17:32:49.823+0000] {dag.py:3239} INFO - Sync 1 DAGs
[2025-03-29T17:32:49.834+0000] {logging_mixin.py:190} INFO - [2025-03-29T17:32:49.833+0000] {dag.py:4180} INFO - Setting next_dagrun for example_kubernetes_executor to None, run_after=None
[2025-03-29T17:32:49.850+0000] {processor.py:208} INFO - Processing /home/airflow/.local/lib/python3.12/site-packages/airflow/example_dags/example_kubernetes_executor.py took 0.056 seconds
[2025-03-29T17:33:20.388+0000] {processor.py:186} INFO - Started process (PID=951) to work on /home/airflow/.local/lib/python3.12/site-packages/airflow/example_dags/example_kubernetes_executor.py
[2025-03-29T17:33:20.389+0000] {processor.py:914} INFO - Processing file /home/airflow/.local/lib/python3.12/site-packages/airflow/example_dags/example_kubernetes_executor.py for tasks to queue
[2025-03-29T17:33:20.390+0000] {logging_mixin.py:190} INFO - [2025-03-29T17:33:20.390+0000] {dagbag.py:588} INFO - Filling up the DagBag from /home/airflow/.local/lib/python3.12/site-packages/airflow/example_dags/example_kubernetes_executor.py
[2025-03-29T17:33:20.399+0000] {processor.py:925} INFO - DAG(s) 'example_kubernetes_executor' retrieved from /home/airflow/.local/lib/python3.12/site-packages/airflow/example_dags/example_kubernetes_executor.py
[2025-03-29T17:33:20.416+0000] {logging_mixin.py:190} INFO - [2025-03-29T17:33:20.415+0000] {dag.py:3239} INFO - Sync 1 DAGs
[2025-03-29T17:33:20.425+0000] {logging_mixin.py:190} INFO - [2025-03-29T17:33:20.425+0000] {dag.py:4180} INFO - Setting next_dagrun for example_kubernetes_executor to None, run_after=None
[2025-03-29T17:33:20.437+0000] {processor.py:208} INFO - Processing /home/airflow/.local/lib/python3.12/site-packages/airflow/example_dags/example_kubernetes_executor.py took 0.052 seconds
[2025-03-29T17:33:51.912+0000] {processor.py:186} INFO - Started process (PID=1014) to work on /home/airflow/.local/lib/python3.12/site-packages/airflow/example_dags/example_kubernetes_executor.py
[2025-03-29T17:33:51.912+0000] {processor.py:914} INFO - Processing file /home/airflow/.local/lib/python3.12/site-packages/airflow/example_dags/example_kubernetes_executor.py for tasks to queue
[2025-03-29T17:33:51.914+0000] {logging_mixin.py:190} INFO - [2025-03-29T17:33:51.913+0000] {dagbag.py:588} INFO - Filling up the DagBag from /home/airflow/.local/lib/python3.12/site-packages/airflow/example_dags/example_kubernetes_executor.py
[2025-03-29T17:33:51.924+0000] {processor.py:925} INFO - DAG(s) 'example_kubernetes_executor' retrieved from /home/airflow/.local/lib/python3.12/site-packages/airflow/example_dags/example_kubernetes_executor.py
[2025-03-29T17:33:51.942+0000] {logging_mixin.py:190} INFO - [2025-03-29T17:33:51.941+0000] {dag.py:3239} INFO - Sync 1 DAGs
[2025-03-29T17:33:51.954+0000] {logging_mixin.py:190} INFO - [2025-03-29T17:33:51.954+0000] {dag.py:4180} INFO - Setting next_dagrun for example_kubernetes_executor to None, run_after=None
[2025-03-29T17:33:51.969+0000] {processor.py:208} INFO - Processing /home/airflow/.local/lib/python3.12/site-packages/airflow/example_dags/example_kubernetes_executor.py took 0.061 seconds
[2025-03-29T17:34:22.456+0000] {processor.py:186} INFO - Started process (PID=1077) to work on /home/airflow/.local/lib/python3.12/site-packages/airflow/example_dags/example_kubernetes_executor.py
[2025-03-29T17:34:22.457+0000] {processor.py:914} INFO - Processing file /home/airflow/.local/lib/python3.12/site-packages/airflow/example_dags/example_kubernetes_executor.py for tasks to queue
[2025-03-29T17:34:22.460+0000] {logging_mixin.py:190} INFO - [2025-03-29T17:34:22.459+0000] {dagbag.py:588} INFO - Filling up the DagBag from /home/airflow/.local/lib/python3.12/site-packages/airflow/example_dags/example_kubernetes_executor.py
[2025-03-29T17:34:22.470+0000] {processor.py:925} INFO - DAG(s) 'example_kubernetes_executor' retrieved from /home/airflow/.local/lib/python3.12/site-packages/airflow/example_dags/example_kubernetes_executor.py
[2025-03-29T17:34:22.487+0000] {logging_mixin.py:190} INFO - [2025-03-29T17:34:22.486+0000] {dag.py:3239} INFO - Sync 1 DAGs
[2025-03-29T17:34:22.497+0000] {logging_mixin.py:190} INFO - [2025-03-29T17:34:22.497+0000] {dag.py:4180} INFO - Setting next_dagrun for example_kubernetes_executor to None, run_after=None
[2025-03-29T17:34:22.509+0000] {processor.py:208} INFO - Processing /home/airflow/.local/lib/python3.12/site-packages/airflow/example_dags/example_kubernetes_executor.py took 0.058 seconds
[2025-03-29T17:34:53.994+0000] {processor.py:186} INFO - Started process (PID=1140) to work on /home/airflow/.local/lib/python3.12/site-packages/airflow/example_dags/example_kubernetes_executor.py
[2025-03-29T17:34:53.995+0000] {processor.py:914} INFO - Processing file /home/airflow/.local/lib/python3.12/site-packages/airflow/example_dags/example_kubernetes_executor.py for tasks to queue
[2025-03-29T17:34:53.996+0000] {logging_mixin.py:190} INFO - [2025-03-29T17:34:53.996+0000] {dagbag.py:588} INFO - Filling up the DagBag from /home/airflow/.local/lib/python3.12/site-packages/airflow/example_dags/example_kubernetes_executor.py
[2025-03-29T17:34:54.007+0000] {processor.py:925} INFO - DAG(s) 'example_kubernetes_executor' retrieved from /home/airflow/.local/lib/python3.12/site-packages/airflow/example_dags/example_kubernetes_executor.py
[2025-03-29T17:34:54.024+0000] {logging_mixin.py:190} INFO - [2025-03-29T17:34:54.024+0000] {dag.py:3239} INFO - Sync 1 DAGs
[2025-03-29T17:34:54.035+0000] {logging_mixin.py:190} INFO - [2025-03-29T17:34:54.034+0000] {dag.py:4180} INFO - Setting next_dagrun for example_kubernetes_executor to None, run_after=None
[2025-03-29T17:34:54.047+0000] {processor.py:208} INFO - Processing /home/airflow/.local/lib/python3.12/site-packages/airflow/example_dags/example_kubernetes_executor.py took 0.057 seconds
[2025-03-29T17:35:25.164+0000] {processor.py:186} INFO - Started process (PID=1203) to work on /home/airflow/.local/lib/python3.12/site-packages/airflow/example_dags/example_kubernetes_executor.py
[2025-03-29T17:35:25.165+0000] {processor.py:914} INFO - Processing file /home/airflow/.local/lib/python3.12/site-packages/airflow/example_dags/example_kubernetes_executor.py for tasks to queue
[2025-03-29T17:35:25.170+0000] {logging_mixin.py:190} INFO - [2025-03-29T17:35:25.169+0000] {dagbag.py:588} INFO - Filling up the DagBag from /home/airflow/.local/lib/python3.12/site-packages/airflow/example_dags/example_kubernetes_executor.py
[2025-03-29T17:35:25.191+0000] {processor.py:925} INFO - DAG(s) 'example_kubernetes_executor' retrieved from /home/airflow/.local/lib/python3.12/site-packages/airflow/example_dags/example_kubernetes_executor.py
[2025-03-29T17:35:25.221+0000] {logging_mixin.py:190} INFO - [2025-03-29T17:35:25.221+0000] {dag.py:3239} INFO - Sync 1 DAGs
[2025-03-29T17:35:25.237+0000] {logging_mixin.py:190} INFO - [2025-03-29T17:35:25.237+0000] {dag.py:4180} INFO - Setting next_dagrun for example_kubernetes_executor to None, run_after=None
[2025-03-29T17:35:25.256+0000] {processor.py:208} INFO - Processing /home/airflow/.local/lib/python3.12/site-packages/airflow/example_dags/example_kubernetes_executor.py took 0.095 seconds
[2025-03-29T17:35:56.333+0000] {processor.py:186} INFO - Started process (PID=1266) to work on /home/airflow/.local/lib/python3.12/site-packages/airflow/example_dags/example_kubernetes_executor.py
[2025-03-29T17:35:56.334+0000] {processor.py:914} INFO - Processing file /home/airflow/.local/lib/python3.12/site-packages/airflow/example_dags/example_kubernetes_executor.py for tasks to queue
[2025-03-29T17:35:56.337+0000] {logging_mixin.py:190} INFO - [2025-03-29T17:35:56.336+0000] {dagbag.py:588} INFO - Filling up the DagBag from /home/airflow/.local/lib/python3.12/site-packages/airflow/example_dags/example_kubernetes_executor.py
[2025-03-29T17:35:56.348+0000] {processor.py:925} INFO - DAG(s) 'example_kubernetes_executor' retrieved from /home/airflow/.local/lib/python3.12/site-packages/airflow/example_dags/example_kubernetes_executor.py
[2025-03-29T17:35:56.367+0000] {logging_mixin.py:190} INFO - [2025-03-29T17:35:56.367+0000] {dag.py:3239} INFO - Sync 1 DAGs
[2025-03-29T17:35:56.380+0000] {logging_mixin.py:190} INFO - [2025-03-29T17:35:56.380+0000] {dag.py:4180} INFO - Setting next_dagrun for example_kubernetes_executor to None, run_after=None
[2025-03-29T17:35:56.396+0000] {processor.py:208} INFO - Processing /home/airflow/.local/lib/python3.12/site-packages/airflow/example_dags/example_kubernetes_executor.py took 0.066 seconds
[2025-03-29T17:36:27.657+0000] {processor.py:186} INFO - Started process (PID=1329) to work on /home/airflow/.local/lib/python3.12/site-packages/airflow/example_dags/example_kubernetes_executor.py
[2025-03-29T17:36:27.658+0000] {processor.py:914} INFO - Processing file /home/airflow/.local/lib/python3.12/site-packages/airflow/example_dags/example_kubernetes_executor.py for tasks to queue
[2025-03-29T17:36:27.659+0000] {logging_mixin.py:190} INFO - [2025-03-29T17:36:27.659+0000] {dagbag.py:588} INFO - Filling up the DagBag from /home/airflow/.local/lib/python3.12/site-packages/airflow/example_dags/example_kubernetes_executor.py
[2025-03-29T17:36:27.673+0000] {processor.py:925} INFO - DAG(s) 'example_kubernetes_executor' retrieved from /home/airflow/.local/lib/python3.12/site-packages/airflow/example_dags/example_kubernetes_executor.py
[2025-03-29T17:36:27.700+0000] {logging_mixin.py:190} INFO - [2025-03-29T17:36:27.700+0000] {dag.py:3239} INFO - Sync 1 DAGs
[2025-03-29T17:36:27.718+0000] {logging_mixin.py:190} INFO - [2025-03-29T17:36:27.718+0000] {dag.py:4180} INFO - Setting next_dagrun for example_kubernetes_executor to None, run_after=None
[2025-03-29T17:36:27.733+0000] {processor.py:208} INFO - Processing /home/airflow/.local/lib/python3.12/site-packages/airflow/example_dags/example_kubernetes_executor.py took 0.085 seconds
[2025-03-29T17:36:58.961+0000] {processor.py:186} INFO - Started process (PID=1392) to work on /home/airflow/.local/lib/python3.12/site-packages/airflow/example_dags/example_kubernetes_executor.py
[2025-03-29T17:36:58.961+0000] {processor.py:914} INFO - Processing file /home/airflow/.local/lib/python3.12/site-packages/airflow/example_dags/example_kubernetes_executor.py for tasks to queue
[2025-03-29T17:36:58.963+0000] {logging_mixin.py:190} INFO - [2025-03-29T17:36:58.962+0000] {dagbag.py:588} INFO - Filling up the DagBag from /home/airflow/.local/lib/python3.12/site-packages/airflow/example_dags/example_kubernetes_executor.py
[2025-03-29T17:36:58.971+0000] {processor.py:925} INFO - DAG(s) 'example_kubernetes_executor' retrieved from /home/airflow/.local/lib/python3.12/site-packages/airflow/example_dags/example_kubernetes_executor.py
[2025-03-29T17:36:58.987+0000] {logging_mixin.py:190} INFO - [2025-03-29T17:36:58.987+0000] {dag.py:3239} INFO - Sync 1 DAGs
[2025-03-29T17:36:58.996+0000] {logging_mixin.py:190} INFO - [2025-03-29T17:36:58.996+0000] {dag.py:4180} INFO - Setting next_dagrun for example_kubernetes_executor to None, run_after=None
[2025-03-29T17:36:59.007+0000] {processor.py:208} INFO - Processing /home/airflow/.local/lib/python3.12/site-packages/airflow/example_dags/example_kubernetes_executor.py took 0.050 seconds
[2025-03-29T17:37:30.093+0000] {processor.py:186} INFO - Started process (PID=1455) to work on /home/airflow/.local/lib/python3.12/site-packages/airflow/example_dags/example_kubernetes_executor.py
[2025-03-29T17:37:30.094+0000] {processor.py:914} INFO - Processing file /home/airflow/.local/lib/python3.12/site-packages/airflow/example_dags/example_kubernetes_executor.py for tasks to queue
[2025-03-29T17:37:30.095+0000] {logging_mixin.py:190} INFO - [2025-03-29T17:37:30.095+0000] {dagbag.py:588} INFO - Filling up the DagBag from /home/airflow/.local/lib/python3.12/site-packages/airflow/example_dags/example_kubernetes_executor.py
[2025-03-29T17:37:30.104+0000] {processor.py:925} INFO - DAG(s) 'example_kubernetes_executor' retrieved from /home/airflow/.local/lib/python3.12/site-packages/airflow/example_dags/example_kubernetes_executor.py
[2025-03-29T17:37:30.119+0000] {logging_mixin.py:190} INFO - [2025-03-29T17:37:30.119+0000] {dag.py:3239} INFO - Sync 1 DAGs
[2025-03-29T17:37:30.129+0000] {logging_mixin.py:190} INFO - [2025-03-29T17:37:30.129+0000] {dag.py:4180} INFO - Setting next_dagrun for example_kubernetes_executor to None, run_after=None
[2025-03-29T17:37:30.141+0000] {processor.py:208} INFO - Processing /home/airflow/.local/lib/python3.12/site-packages/airflow/example_dags/example_kubernetes_executor.py took 0.051 seconds
[2025-03-29T17:38:00.878+0000] {processor.py:186} INFO - Started process (PID=1518) to work on /home/airflow/.local/lib/python3.12/site-packages/airflow/example_dags/example_kubernetes_executor.py
[2025-03-29T17:38:00.879+0000] {processor.py:914} INFO - Processing file /home/airflow/.local/lib/python3.12/site-packages/airflow/example_dags/example_kubernetes_executor.py for tasks to queue
[2025-03-29T17:38:00.880+0000] {logging_mixin.py:190} INFO - [2025-03-29T17:38:00.880+0000] {dagbag.py:588} INFO - Filling up the DagBag from /home/airflow/.local/lib/python3.12/site-packages/airflow/example_dags/example_kubernetes_executor.py
[2025-03-29T17:38:00.888+0000] {processor.py:925} INFO - DAG(s) 'example_kubernetes_executor' retrieved from /home/airflow/.local/lib/python3.12/site-packages/airflow/example_dags/example_kubernetes_executor.py
[2025-03-29T17:38:00.903+0000] {logging_mixin.py:190} INFO - [2025-03-29T17:38:00.903+0000] {dag.py:3239} INFO - Sync 1 DAGs
[2025-03-29T17:38:00.912+0000] {logging_mixin.py:190} INFO - [2025-03-29T17:38:00.912+0000] {dag.py:4180} INFO - Setting next_dagrun for example_kubernetes_executor to None, run_after=None
[2025-03-29T17:38:00.923+0000] {processor.py:208} INFO - Processing /home/airflow/.local/lib/python3.12/site-packages/airflow/example_dags/example_kubernetes_executor.py took 0.048 seconds
[2025-03-29T17:38:32.039+0000] {processor.py:186} INFO - Started process (PID=1581) to work on /home/airflow/.local/lib/python3.12/site-packages/airflow/example_dags/example_kubernetes_executor.py
[2025-03-29T17:38:32.039+0000] {processor.py:914} INFO - Processing file /home/airflow/.local/lib/python3.12/site-packages/airflow/example_dags/example_kubernetes_executor.py for tasks to queue
[2025-03-29T17:38:32.040+0000] {logging_mixin.py:190} INFO - [2025-03-29T17:38:32.040+0000] {dagbag.py:588} INFO - Filling up the DagBag from /home/airflow/.local/lib/python3.12/site-packages/airflow/example_dags/example_kubernetes_executor.py
[2025-03-29T17:38:32.049+0000] {processor.py:925} INFO - DAG(s) 'example_kubernetes_executor' retrieved from /home/airflow/.local/lib/python3.12/site-packages/airflow/example_dags/example_kubernetes_executor.py
[2025-03-29T17:38:32.065+0000] {logging_mixin.py:190} INFO - [2025-03-29T17:38:32.064+0000] {dag.py:3239} INFO - Sync 1 DAGs
[2025-03-29T17:38:32.075+0000] {logging_mixin.py:190} INFO - [2025-03-29T17:38:32.074+0000] {dag.py:4180} INFO - Setting next_dagrun for example_kubernetes_executor to None, run_after=None
[2025-03-29T17:38:32.086+0000] {processor.py:208} INFO - Processing /home/airflow/.local/lib/python3.12/site-packages/airflow/example_dags/example_kubernetes_executor.py took 0.050 seconds
