[2025-03-29T17:15:47.664+0000] {processor.py:186} INFO - Started process (PID=65) to work on /home/airflow/.local/lib/python3.12/site-packages/airflow/example_dags/example_bash_decorator.py
[2025-03-29T17:15:47.664+0000] {processor.py:914} INFO - Processing file /home/airflow/.local/lib/python3.12/site-packages/airflow/example_dags/example_bash_decorator.py for tasks to queue
[2025-03-29T17:15:47.666+0000] {logging_mixin.py:190} INFO - [2025-03-29T17:15:47.665+0000] {dagbag.py:588} INFO - Filling up the DagBag from /home/airflow/.local/lib/python3.12/site-packages/airflow/example_dags/example_bash_decorator.py
[2025-03-29T17:15:47.677+0000] {processor.py:925} INFO - DAG(s) 'example_bash_decorator' retrieved from /home/airflow/.local/lib/python3.12/site-packages/airflow/example_dags/example_bash_decorator.py
[2025-03-29T17:15:47.756+0000] {logging_mixin.py:190} INFO - [2025-03-29T17:15:47.755+0000] {override.py:1912} INFO - Created Permission View: can delete on DAG:example_bash_decorator
[2025-03-29T17:15:47.763+0000] {logging_mixin.py:190} INFO - [2025-03-29T17:15:47.763+0000] {override.py:1912} INFO - Created Permission View: can edit on DAG:example_bash_decorator
[2025-03-29T17:15:47.768+0000] {logging_mixin.py:190} INFO - [2025-03-29T17:15:47.767+0000] {override.py:1912} INFO - Created Permission View: can read on DAG:example_bash_decorator
[2025-03-29T17:15:47.774+0000] {logging_mixin.py:190} INFO - [2025-03-29T17:15:47.774+0000] {override.py:1912} INFO - Created Permission View: can delete on DAG Run:example_bash_decorator
[2025-03-29T17:15:47.779+0000] {logging_mixin.py:190} INFO - [2025-03-29T17:15:47.779+0000] {override.py:1912} INFO - Created Permission View: menu access on DAG Run:example_bash_decorator
[2025-03-29T17:15:47.786+0000] {logging_mixin.py:190} INFO - [2025-03-29T17:15:47.785+0000] {override.py:1912} INFO - Created Permission View: can read on DAG Run:example_bash_decorator
[2025-03-29T17:15:47.790+0000] {logging_mixin.py:190} INFO - [2025-03-29T17:15:47.790+0000] {override.py:1912} INFO - Created Permission View: can create on DAG Run:example_bash_decorator
[2025-03-29T17:15:47.791+0000] {logging_mixin.py:190} INFO - [2025-03-29T17:15:47.791+0000] {dag.py:3239} INFO - Sync 1 DAGs
[2025-03-29T17:15:47.800+0000] {logging_mixin.py:190} INFO - [2025-03-29T17:15:47.800+0000] {dag.py:3262} INFO - Creating ORM DAG for example_bash_decorator
[2025-03-29T17:15:47.800+0000] {logging_mixin.py:190} INFO - [2025-03-29T17:15:47.800+0000] {dag.py:4180} INFO - Setting next_dagrun for example_bash_decorator to None, run_after=None
[2025-03-29T17:15:47.811+0000] {processor.py:208} INFO - Processing /home/airflow/.local/lib/python3.12/site-packages/airflow/example_dags/example_bash_decorator.py took 0.151 seconds
[2025-03-29T17:16:18.559+0000] {processor.py:186} INFO - Started process (PID=128) to work on /home/airflow/.local/lib/python3.12/site-packages/airflow/example_dags/example_bash_decorator.py
[2025-03-29T17:16:18.560+0000] {processor.py:914} INFO - Processing file /home/airflow/.local/lib/python3.12/site-packages/airflow/example_dags/example_bash_decorator.py for tasks to queue
[2025-03-29T17:16:18.562+0000] {logging_mixin.py:190} INFO - [2025-03-29T17:16:18.561+0000] {dagbag.py:588} INFO - Filling up the DagBag from /home/airflow/.local/lib/python3.12/site-packages/airflow/example_dags/example_bash_decorator.py
[2025-03-29T17:16:18.576+0000] {processor.py:925} INFO - DAG(s) 'example_bash_decorator' retrieved from /home/airflow/.local/lib/python3.12/site-packages/airflow/example_dags/example_bash_decorator.py
[2025-03-29T17:16:18.597+0000] {logging_mixin.py:190} INFO - [2025-03-29T17:16:18.597+0000] {dag.py:3239} INFO - Sync 1 DAGs
[2025-03-29T17:16:18.613+0000] {logging_mixin.py:190} INFO - [2025-03-29T17:16:18.612+0000] {dag.py:4180} INFO - Setting next_dagrun for example_bash_decorator to None, run_after=None
[2025-03-29T17:16:18.634+0000] {processor.py:208} INFO - Processing /home/airflow/.local/lib/python3.12/site-packages/airflow/example_dags/example_bash_decorator.py took 0.083 seconds
[2025-03-29T17:16:49.325+0000] {processor.py:186} INFO - Started process (PID=191) to work on /home/airflow/.local/lib/python3.12/site-packages/airflow/example_dags/example_bash_decorator.py
[2025-03-29T17:16:49.326+0000] {processor.py:914} INFO - Processing file /home/airflow/.local/lib/python3.12/site-packages/airflow/example_dags/example_bash_decorator.py for tasks to queue
[2025-03-29T17:16:49.327+0000] {logging_mixin.py:190} INFO - [2025-03-29T17:16:49.327+0000] {dagbag.py:588} INFO - Filling up the DagBag from /home/airflow/.local/lib/python3.12/site-packages/airflow/example_dags/example_bash_decorator.py
[2025-03-29T17:16:49.344+0000] {processor.py:925} INFO - DAG(s) 'example_bash_decorator' retrieved from /home/airflow/.local/lib/python3.12/site-packages/airflow/example_dags/example_bash_decorator.py
[2025-03-29T17:16:49.369+0000] {logging_mixin.py:190} INFO - [2025-03-29T17:16:49.369+0000] {dag.py:3239} INFO - Sync 1 DAGs
[2025-03-29T17:16:49.387+0000] {logging_mixin.py:190} INFO - [2025-03-29T17:16:49.387+0000] {dag.py:4180} INFO - Setting next_dagrun for example_bash_decorator to None, run_after=None
[2025-03-29T17:16:49.409+0000] {processor.py:208} INFO - Processing /home/airflow/.local/lib/python3.12/site-packages/airflow/example_dags/example_bash_decorator.py took 0.089 seconds
[2025-03-29T17:17:19.772+0000] {processor.py:186} INFO - Started process (PID=254) to work on /home/airflow/.local/lib/python3.12/site-packages/airflow/example_dags/example_bash_decorator.py
[2025-03-29T17:17:19.772+0000] {processor.py:914} INFO - Processing file /home/airflow/.local/lib/python3.12/site-packages/airflow/example_dags/example_bash_decorator.py for tasks to queue
[2025-03-29T17:17:19.773+0000] {logging_mixin.py:190} INFO - [2025-03-29T17:17:19.773+0000] {dagbag.py:588} INFO - Filling up the DagBag from /home/airflow/.local/lib/python3.12/site-packages/airflow/example_dags/example_bash_decorator.py
[2025-03-29T17:17:19.783+0000] {processor.py:925} INFO - DAG(s) 'example_bash_decorator' retrieved from /home/airflow/.local/lib/python3.12/site-packages/airflow/example_dags/example_bash_decorator.py
[2025-03-29T17:17:19.799+0000] {logging_mixin.py:190} INFO - [2025-03-29T17:17:19.798+0000] {dag.py:3239} INFO - Sync 1 DAGs
[2025-03-29T17:17:19.808+0000] {logging_mixin.py:190} INFO - [2025-03-29T17:17:19.808+0000] {dag.py:4180} INFO - Setting next_dagrun for example_bash_decorator to None, run_after=None
[2025-03-29T17:17:19.820+0000] {processor.py:208} INFO - Processing /home/airflow/.local/lib/python3.12/site-packages/airflow/example_dags/example_bash_decorator.py took 0.052 seconds
[2025-03-29T17:17:51.174+0000] {processor.py:186} INFO - Started process (PID=317) to work on /home/airflow/.local/lib/python3.12/site-packages/airflow/example_dags/example_bash_decorator.py
[2025-03-29T17:17:51.174+0000] {processor.py:914} INFO - Processing file /home/airflow/.local/lib/python3.12/site-packages/airflow/example_dags/example_bash_decorator.py for tasks to queue
[2025-03-29T17:17:51.176+0000] {logging_mixin.py:190} INFO - [2025-03-29T17:17:51.175+0000] {dagbag.py:588} INFO - Filling up the DagBag from /home/airflow/.local/lib/python3.12/site-packages/airflow/example_dags/example_bash_decorator.py
[2025-03-29T17:17:51.185+0000] {processor.py:925} INFO - DAG(s) 'example_bash_decorator' retrieved from /home/airflow/.local/lib/python3.12/site-packages/airflow/example_dags/example_bash_decorator.py
[2025-03-29T17:17:51.200+0000] {logging_mixin.py:190} INFO - [2025-03-29T17:17:51.200+0000] {dag.py:3239} INFO - Sync 1 DAGs
[2025-03-29T17:17:51.210+0000] {logging_mixin.py:190} INFO - [2025-03-29T17:17:51.209+0000] {dag.py:4180} INFO - Setting next_dagrun for example_bash_decorator to None, run_after=None
[2025-03-29T17:17:51.221+0000] {processor.py:208} INFO - Processing /home/airflow/.local/lib/python3.12/site-packages/airflow/example_dags/example_bash_decorator.py took 0.050 seconds
[2025-03-29T17:18:22.585+0000] {processor.py:186} INFO - Started process (PID=380) to work on /home/airflow/.local/lib/python3.12/site-packages/airflow/example_dags/example_bash_decorator.py
[2025-03-29T17:18:22.585+0000] {processor.py:914} INFO - Processing file /home/airflow/.local/lib/python3.12/site-packages/airflow/example_dags/example_bash_decorator.py for tasks to queue
[2025-03-29T17:18:22.586+0000] {logging_mixin.py:190} INFO - [2025-03-29T17:18:22.586+0000] {dagbag.py:588} INFO - Filling up the DagBag from /home/airflow/.local/lib/python3.12/site-packages/airflow/example_dags/example_bash_decorator.py
[2025-03-29T17:18:22.595+0000] {processor.py:925} INFO - DAG(s) 'example_bash_decorator' retrieved from /home/airflow/.local/lib/python3.12/site-packages/airflow/example_dags/example_bash_decorator.py
[2025-03-29T17:18:22.608+0000] {logging_mixin.py:190} INFO - [2025-03-29T17:18:22.608+0000] {dag.py:3239} INFO - Sync 1 DAGs
[2025-03-29T17:18:22.617+0000] {logging_mixin.py:190} INFO - [2025-03-29T17:18:22.617+0000] {dag.py:4180} INFO - Setting next_dagrun for example_bash_decorator to None, run_after=None
[2025-03-29T17:18:22.630+0000] {processor.py:208} INFO - Processing /home/airflow/.local/lib/python3.12/site-packages/airflow/example_dags/example_bash_decorator.py took 0.049 seconds
[2025-03-29T17:18:53.234+0000] {processor.py:186} INFO - Started process (PID=443) to work on /home/airflow/.local/lib/python3.12/site-packages/airflow/example_dags/example_bash_decorator.py
[2025-03-29T17:18:53.235+0000] {processor.py:914} INFO - Processing file /home/airflow/.local/lib/python3.12/site-packages/airflow/example_dags/example_bash_decorator.py for tasks to queue
[2025-03-29T17:18:53.236+0000] {logging_mixin.py:190} INFO - [2025-03-29T17:18:53.236+0000] {dagbag.py:588} INFO - Filling up the DagBag from /home/airflow/.local/lib/python3.12/site-packages/airflow/example_dags/example_bash_decorator.py
[2025-03-29T17:18:53.246+0000] {processor.py:925} INFO - DAG(s) 'example_bash_decorator' retrieved from /home/airflow/.local/lib/python3.12/site-packages/airflow/example_dags/example_bash_decorator.py
[2025-03-29T17:18:53.261+0000] {logging_mixin.py:190} INFO - [2025-03-29T17:18:53.261+0000] {dag.py:3239} INFO - Sync 1 DAGs
[2025-03-29T17:18:53.270+0000] {logging_mixin.py:190} INFO - [2025-03-29T17:18:53.270+0000] {dag.py:4180} INFO - Setting next_dagrun for example_bash_decorator to None, run_after=None
[2025-03-29T17:18:53.281+0000] {processor.py:208} INFO - Processing /home/airflow/.local/lib/python3.12/site-packages/airflow/example_dags/example_bash_decorator.py took 0.050 seconds
[2025-03-29T17:19:24.644+0000] {processor.py:186} INFO - Started process (PID=506) to work on /home/airflow/.local/lib/python3.12/site-packages/airflow/example_dags/example_bash_decorator.py
[2025-03-29T17:19:24.645+0000] {processor.py:914} INFO - Processing file /home/airflow/.local/lib/python3.12/site-packages/airflow/example_dags/example_bash_decorator.py for tasks to queue
[2025-03-29T17:19:24.646+0000] {logging_mixin.py:190} INFO - [2025-03-29T17:19:24.646+0000] {dagbag.py:588} INFO - Filling up the DagBag from /home/airflow/.local/lib/python3.12/site-packages/airflow/example_dags/example_bash_decorator.py
[2025-03-29T17:19:24.656+0000] {processor.py:925} INFO - DAG(s) 'example_bash_decorator' retrieved from /home/airflow/.local/lib/python3.12/site-packages/airflow/example_dags/example_bash_decorator.py
[2025-03-29T17:19:24.670+0000] {logging_mixin.py:190} INFO - [2025-03-29T17:19:24.670+0000] {dag.py:3239} INFO - Sync 1 DAGs
[2025-03-29T17:19:24.679+0000] {logging_mixin.py:190} INFO - [2025-03-29T17:19:24.679+0000] {dag.py:4180} INFO - Setting next_dagrun for example_bash_decorator to None, run_after=None
[2025-03-29T17:19:24.697+0000] {processor.py:208} INFO - Processing /home/airflow/.local/lib/python3.12/site-packages/airflow/example_dags/example_bash_decorator.py took 0.056 seconds
[2025-03-29T17:19:56.247+0000] {processor.py:186} INFO - Started process (PID=569) to work on /home/airflow/.local/lib/python3.12/site-packages/airflow/example_dags/example_bash_decorator.py
[2025-03-29T17:19:56.248+0000] {processor.py:914} INFO - Processing file /home/airflow/.local/lib/python3.12/site-packages/airflow/example_dags/example_bash_decorator.py for tasks to queue
[2025-03-29T17:19:56.249+0000] {logging_mixin.py:190} INFO - [2025-03-29T17:19:56.249+0000] {dagbag.py:588} INFO - Filling up the DagBag from /home/airflow/.local/lib/python3.12/site-packages/airflow/example_dags/example_bash_decorator.py
[2025-03-29T17:19:56.260+0000] {processor.py:925} INFO - DAG(s) 'example_bash_decorator' retrieved from /home/airflow/.local/lib/python3.12/site-packages/airflow/example_dags/example_bash_decorator.py
[2025-03-29T17:19:56.278+0000] {logging_mixin.py:190} INFO - [2025-03-29T17:19:56.278+0000] {dag.py:3239} INFO - Sync 1 DAGs
[2025-03-29T17:19:56.287+0000] {logging_mixin.py:190} INFO - [2025-03-29T17:19:56.287+0000] {dag.py:4180} INFO - Setting next_dagrun for example_bash_decorator to None, run_after=None
[2025-03-29T17:19:56.298+0000] {processor.py:208} INFO - Processing /home/airflow/.local/lib/python3.12/site-packages/airflow/example_dags/example_bash_decorator.py took 0.055 seconds
[2025-03-29T17:20:26.609+0000] {processor.py:186} INFO - Started process (PID=632) to work on /home/airflow/.local/lib/python3.12/site-packages/airflow/example_dags/example_bash_decorator.py
[2025-03-29T17:20:26.609+0000] {processor.py:914} INFO - Processing file /home/airflow/.local/lib/python3.12/site-packages/airflow/example_dags/example_bash_decorator.py for tasks to queue
[2025-03-29T17:20:26.611+0000] {logging_mixin.py:190} INFO - [2025-03-29T17:20:26.611+0000] {dagbag.py:588} INFO - Filling up the DagBag from /home/airflow/.local/lib/python3.12/site-packages/airflow/example_dags/example_bash_decorator.py
[2025-03-29T17:20:26.621+0000] {processor.py:925} INFO - DAG(s) 'example_bash_decorator' retrieved from /home/airflow/.local/lib/python3.12/site-packages/airflow/example_dags/example_bash_decorator.py
[2025-03-29T17:20:26.636+0000] {logging_mixin.py:190} INFO - [2025-03-29T17:20:26.636+0000] {dag.py:3239} INFO - Sync 1 DAGs
[2025-03-29T17:20:26.647+0000] {logging_mixin.py:190} INFO - [2025-03-29T17:20:26.647+0000] {dag.py:4180} INFO - Setting next_dagrun for example_bash_decorator to None, run_after=None
[2025-03-29T17:20:26.659+0000] {processor.py:208} INFO - Processing /home/airflow/.local/lib/python3.12/site-packages/airflow/example_dags/example_bash_decorator.py took 0.054 seconds
[2025-03-29T17:20:58.120+0000] {processor.py:186} INFO - Started process (PID=701) to work on /home/airflow/.local/lib/python3.12/site-packages/airflow/example_dags/example_bash_decorator.py
[2025-03-29T17:20:58.120+0000] {processor.py:914} INFO - Processing file /home/airflow/.local/lib/python3.12/site-packages/airflow/example_dags/example_bash_decorator.py for tasks to queue
[2025-03-29T17:20:58.121+0000] {logging_mixin.py:190} INFO - [2025-03-29T17:20:58.121+0000] {dagbag.py:588} INFO - Filling up the DagBag from /home/airflow/.local/lib/python3.12/site-packages/airflow/example_dags/example_bash_decorator.py
[2025-03-29T17:20:58.131+0000] {processor.py:925} INFO - DAG(s) 'example_bash_decorator' retrieved from /home/airflow/.local/lib/python3.12/site-packages/airflow/example_dags/example_bash_decorator.py
[2025-03-29T17:20:58.145+0000] {logging_mixin.py:190} INFO - [2025-03-29T17:20:58.145+0000] {dag.py:3239} INFO - Sync 1 DAGs
[2025-03-29T17:20:58.154+0000] {logging_mixin.py:190} INFO - [2025-03-29T17:20:58.154+0000] {dag.py:4180} INFO - Setting next_dagrun for example_bash_decorator to None, run_after=None
[2025-03-29T17:20:58.170+0000] {processor.py:208} INFO - Processing /home/airflow/.local/lib/python3.12/site-packages/airflow/example_dags/example_bash_decorator.py took 0.054 seconds
[2025-03-29T17:21:28.586+0000] {processor.py:186} INFO - Started process (PID=764) to work on /home/airflow/.local/lib/python3.12/site-packages/airflow/example_dags/example_bash_decorator.py
[2025-03-29T17:21:28.586+0000] {processor.py:914} INFO - Processing file /home/airflow/.local/lib/python3.12/site-packages/airflow/example_dags/example_bash_decorator.py for tasks to queue
[2025-03-29T17:21:28.587+0000] {logging_mixin.py:190} INFO - [2025-03-29T17:21:28.587+0000] {dagbag.py:588} INFO - Filling up the DagBag from /home/airflow/.local/lib/python3.12/site-packages/airflow/example_dags/example_bash_decorator.py
[2025-03-29T17:21:28.596+0000] {processor.py:925} INFO - DAG(s) 'example_bash_decorator' retrieved from /home/airflow/.local/lib/python3.12/site-packages/airflow/example_dags/example_bash_decorator.py
[2025-03-29T17:21:28.610+0000] {logging_mixin.py:190} INFO - [2025-03-29T17:21:28.610+0000] {dag.py:3239} INFO - Sync 1 DAGs
[2025-03-29T17:21:28.620+0000] {logging_mixin.py:190} INFO - [2025-03-29T17:21:28.620+0000] {dag.py:4180} INFO - Setting next_dagrun for example_bash_decorator to None, run_after=None
[2025-03-29T17:21:28.631+0000] {processor.py:208} INFO - Processing /home/airflow/.local/lib/python3.12/site-packages/airflow/example_dags/example_bash_decorator.py took 0.049 seconds
[2025-03-29T17:21:59.906+0000] {processor.py:186} INFO - Started process (PID=827) to work on /home/airflow/.local/lib/python3.12/site-packages/airflow/example_dags/example_bash_decorator.py
[2025-03-29T17:21:59.907+0000] {processor.py:914} INFO - Processing file /home/airflow/.local/lib/python3.12/site-packages/airflow/example_dags/example_bash_decorator.py for tasks to queue
[2025-03-29T17:21:59.908+0000] {logging_mixin.py:190} INFO - [2025-03-29T17:21:59.908+0000] {dagbag.py:588} INFO - Filling up the DagBag from /home/airflow/.local/lib/python3.12/site-packages/airflow/example_dags/example_bash_decorator.py
[2025-03-29T17:21:59.920+0000] {processor.py:925} INFO - DAG(s) 'example_bash_decorator' retrieved from /home/airflow/.local/lib/python3.12/site-packages/airflow/example_dags/example_bash_decorator.py
[2025-03-29T17:21:59.936+0000] {logging_mixin.py:190} INFO - [2025-03-29T17:21:59.936+0000] {dag.py:3239} INFO - Sync 1 DAGs
[2025-03-29T17:21:59.946+0000] {logging_mixin.py:190} INFO - [2025-03-29T17:21:59.946+0000] {dag.py:4180} INFO - Setting next_dagrun for example_bash_decorator to None, run_after=None
[2025-03-29T17:21:59.959+0000] {processor.py:208} INFO - Processing /home/airflow/.local/lib/python3.12/site-packages/airflow/example_dags/example_bash_decorator.py took 0.056 seconds
[2025-03-29T17:22:31.479+0000] {processor.py:186} INFO - Started process (PID=890) to work on /home/airflow/.local/lib/python3.12/site-packages/airflow/example_dags/example_bash_decorator.py
[2025-03-29T17:22:31.479+0000] {processor.py:914} INFO - Processing file /home/airflow/.local/lib/python3.12/site-packages/airflow/example_dags/example_bash_decorator.py for tasks to queue
[2025-03-29T17:22:31.481+0000] {logging_mixin.py:190} INFO - [2025-03-29T17:22:31.480+0000] {dagbag.py:588} INFO - Filling up the DagBag from /home/airflow/.local/lib/python3.12/site-packages/airflow/example_dags/example_bash_decorator.py
[2025-03-29T17:22:31.490+0000] {processor.py:925} INFO - DAG(s) 'example_bash_decorator' retrieved from /home/airflow/.local/lib/python3.12/site-packages/airflow/example_dags/example_bash_decorator.py
[2025-03-29T17:22:31.504+0000] {logging_mixin.py:190} INFO - [2025-03-29T17:22:31.504+0000] {dag.py:3239} INFO - Sync 1 DAGs
[2025-03-29T17:22:31.513+0000] {logging_mixin.py:190} INFO - [2025-03-29T17:22:31.513+0000] {dag.py:4180} INFO - Setting next_dagrun for example_bash_decorator to None, run_after=None
[2025-03-29T17:22:31.525+0000] {processor.py:208} INFO - Processing /home/airflow/.local/lib/python3.12/site-packages/airflow/example_dags/example_bash_decorator.py took 0.049 seconds
[2025-03-29T17:23:02.129+0000] {processor.py:186} INFO - Started process (PID=953) to work on /home/airflow/.local/lib/python3.12/site-packages/airflow/example_dags/example_bash_decorator.py
[2025-03-29T17:23:02.130+0000] {processor.py:914} INFO - Processing file /home/airflow/.local/lib/python3.12/site-packages/airflow/example_dags/example_bash_decorator.py for tasks to queue
[2025-03-29T17:23:02.131+0000] {logging_mixin.py:190} INFO - [2025-03-29T17:23:02.131+0000] {dagbag.py:588} INFO - Filling up the DagBag from /home/airflow/.local/lib/python3.12/site-packages/airflow/example_dags/example_bash_decorator.py
[2025-03-29T17:23:02.140+0000] {processor.py:925} INFO - DAG(s) 'example_bash_decorator' retrieved from /home/airflow/.local/lib/python3.12/site-packages/airflow/example_dags/example_bash_decorator.py
[2025-03-29T17:23:02.154+0000] {logging_mixin.py:190} INFO - [2025-03-29T17:23:02.154+0000] {dag.py:3239} INFO - Sync 1 DAGs
[2025-03-29T17:23:02.163+0000] {logging_mixin.py:190} INFO - [2025-03-29T17:23:02.163+0000] {dag.py:4180} INFO - Setting next_dagrun for example_bash_decorator to None, run_after=None
[2025-03-29T17:23:02.174+0000] {processor.py:208} INFO - Processing /home/airflow/.local/lib/python3.12/site-packages/airflow/example_dags/example_bash_decorator.py took 0.049 seconds
[2025-03-29T17:26:08.012+0000] {processor.py:186} INFO - Started process (PID=65) to work on /home/airflow/.local/lib/python3.12/site-packages/airflow/example_dags/example_bash_decorator.py
[2025-03-29T17:26:08.013+0000] {processor.py:914} INFO - Processing file /home/airflow/.local/lib/python3.12/site-packages/airflow/example_dags/example_bash_decorator.py for tasks to queue
[2025-03-29T17:26:08.015+0000] {logging_mixin.py:190} INFO - [2025-03-29T17:26:08.015+0000] {dagbag.py:588} INFO - Filling up the DagBag from /home/airflow/.local/lib/python3.12/site-packages/airflow/example_dags/example_bash_decorator.py
[2025-03-29T17:26:08.034+0000] {processor.py:925} INFO - DAG(s) 'example_bash_decorator' retrieved from /home/airflow/.local/lib/python3.12/site-packages/airflow/example_dags/example_bash_decorator.py
[2025-03-29T17:26:08.148+0000] {logging_mixin.py:190} INFO - [2025-03-29T17:26:08.147+0000] {override.py:1912} INFO - Created Permission View: can delete on DAG:example_bash_decorator
[2025-03-29T17:26:08.164+0000] {logging_mixin.py:190} INFO - [2025-03-29T17:26:08.164+0000] {override.py:1912} INFO - Created Permission View: can read on DAG:example_bash_decorator
[2025-03-29T17:26:08.189+0000] {logging_mixin.py:190} INFO - [2025-03-29T17:26:08.188+0000] {override.py:1912} INFO - Created Permission View: can edit on DAG:example_bash_decorator
[2025-03-29T17:26:08.202+0000] {logging_mixin.py:190} INFO - [2025-03-29T17:26:08.201+0000] {override.py:1912} INFO - Created Permission View: can delete on DAG Run:example_bash_decorator
[2025-03-29T17:26:08.209+0000] {logging_mixin.py:190} INFO - [2025-03-29T17:26:08.208+0000] {override.py:1912} INFO - Created Permission View: can read on DAG Run:example_bash_decorator
[2025-03-29T17:26:08.224+0000] {logging_mixin.py:190} INFO - [2025-03-29T17:26:08.224+0000] {override.py:1912} INFO - Created Permission View: can create on DAG Run:example_bash_decorator
[2025-03-29T17:26:08.243+0000] {logging_mixin.py:190} INFO - [2025-03-29T17:26:08.243+0000] {override.py:1912} INFO - Created Permission View: menu access on DAG Run:example_bash_decorator
[2025-03-29T17:26:08.244+0000] {logging_mixin.py:190} INFO - [2025-03-29T17:26:08.243+0000] {dag.py:3239} INFO - Sync 1 DAGs
[2025-03-29T17:26:08.258+0000] {logging_mixin.py:190} INFO - [2025-03-29T17:26:08.258+0000] {dag.py:3262} INFO - Creating ORM DAG for example_bash_decorator
[2025-03-29T17:26:08.259+0000] {logging_mixin.py:190} INFO - [2025-03-29T17:26:08.258+0000] {dag.py:4180} INFO - Setting next_dagrun for example_bash_decorator to None, run_after=None
[2025-03-29T17:26:08.278+0000] {processor.py:208} INFO - Processing /home/airflow/.local/lib/python3.12/site-packages/airflow/example_dags/example_bash_decorator.py took 0.270 seconds
[2025-03-29T17:26:38.350+0000] {processor.py:186} INFO - Started process (PID=128) to work on /home/airflow/.local/lib/python3.12/site-packages/airflow/example_dags/example_bash_decorator.py
[2025-03-29T17:26:38.351+0000] {processor.py:914} INFO - Processing file /home/airflow/.local/lib/python3.12/site-packages/airflow/example_dags/example_bash_decorator.py for tasks to queue
[2025-03-29T17:26:38.352+0000] {logging_mixin.py:190} INFO - [2025-03-29T17:26:38.352+0000] {dagbag.py:588} INFO - Filling up the DagBag from /home/airflow/.local/lib/python3.12/site-packages/airflow/example_dags/example_bash_decorator.py
[2025-03-29T17:26:38.361+0000] {processor.py:925} INFO - DAG(s) 'example_bash_decorator' retrieved from /home/airflow/.local/lib/python3.12/site-packages/airflow/example_dags/example_bash_decorator.py
[2025-03-29T17:26:38.377+0000] {logging_mixin.py:190} INFO - [2025-03-29T17:26:38.377+0000] {dag.py:3239} INFO - Sync 1 DAGs
[2025-03-29T17:26:38.388+0000] {logging_mixin.py:190} INFO - [2025-03-29T17:26:38.388+0000] {dag.py:4180} INFO - Setting next_dagrun for example_bash_decorator to None, run_after=None
[2025-03-29T17:26:38.403+0000] {processor.py:208} INFO - Processing /home/airflow/.local/lib/python3.12/site-packages/airflow/example_dags/example_bash_decorator.py took 0.056 seconds
[2025-03-29T17:27:09.231+0000] {processor.py:186} INFO - Started process (PID=191) to work on /home/airflow/.local/lib/python3.12/site-packages/airflow/example_dags/example_bash_decorator.py
[2025-03-29T17:27:09.232+0000] {processor.py:914} INFO - Processing file /home/airflow/.local/lib/python3.12/site-packages/airflow/example_dags/example_bash_decorator.py for tasks to queue
[2025-03-29T17:27:09.233+0000] {logging_mixin.py:190} INFO - [2025-03-29T17:27:09.233+0000] {dagbag.py:588} INFO - Filling up the DagBag from /home/airflow/.local/lib/python3.12/site-packages/airflow/example_dags/example_bash_decorator.py
[2025-03-29T17:27:09.245+0000] {processor.py:925} INFO - DAG(s) 'example_bash_decorator' retrieved from /home/airflow/.local/lib/python3.12/site-packages/airflow/example_dags/example_bash_decorator.py
[2025-03-29T17:27:09.263+0000] {logging_mixin.py:190} INFO - [2025-03-29T17:27:09.263+0000] {dag.py:3239} INFO - Sync 1 DAGs
[2025-03-29T17:27:09.273+0000] {logging_mixin.py:190} INFO - [2025-03-29T17:27:09.273+0000] {dag.py:4180} INFO - Setting next_dagrun for example_bash_decorator to None, run_after=None
[2025-03-29T17:27:09.286+0000] {processor.py:208} INFO - Processing /home/airflow/.local/lib/python3.12/site-packages/airflow/example_dags/example_bash_decorator.py took 0.058 seconds
[2025-03-29T17:27:39.738+0000] {processor.py:186} INFO - Started process (PID=254) to work on /home/airflow/.local/lib/python3.12/site-packages/airflow/example_dags/example_bash_decorator.py
[2025-03-29T17:27:39.738+0000] {processor.py:914} INFO - Processing file /home/airflow/.local/lib/python3.12/site-packages/airflow/example_dags/example_bash_decorator.py for tasks to queue
[2025-03-29T17:27:39.740+0000] {logging_mixin.py:190} INFO - [2025-03-29T17:27:39.739+0000] {dagbag.py:588} INFO - Filling up the DagBag from /home/airflow/.local/lib/python3.12/site-packages/airflow/example_dags/example_bash_decorator.py
[2025-03-29T17:27:39.749+0000] {processor.py:925} INFO - DAG(s) 'example_bash_decorator' retrieved from /home/airflow/.local/lib/python3.12/site-packages/airflow/example_dags/example_bash_decorator.py
[2025-03-29T17:27:39.763+0000] {logging_mixin.py:190} INFO - [2025-03-29T17:27:39.763+0000] {dag.py:3239} INFO - Sync 1 DAGs
[2025-03-29T17:27:39.774+0000] {logging_mixin.py:190} INFO - [2025-03-29T17:27:39.774+0000] {dag.py:4180} INFO - Setting next_dagrun for example_bash_decorator to None, run_after=None
[2025-03-29T17:27:39.789+0000] {processor.py:208} INFO - Processing /home/airflow/.local/lib/python3.12/site-packages/airflow/example_dags/example_bash_decorator.py took 0.054 seconds
[2025-03-29T17:28:09.986+0000] {processor.py:186} INFO - Started process (PID=317) to work on /home/airflow/.local/lib/python3.12/site-packages/airflow/example_dags/example_bash_decorator.py
[2025-03-29T17:28:09.987+0000] {processor.py:914} INFO - Processing file /home/airflow/.local/lib/python3.12/site-packages/airflow/example_dags/example_bash_decorator.py for tasks to queue
[2025-03-29T17:28:09.988+0000] {logging_mixin.py:190} INFO - [2025-03-29T17:28:09.988+0000] {dagbag.py:588} INFO - Filling up the DagBag from /home/airflow/.local/lib/python3.12/site-packages/airflow/example_dags/example_bash_decorator.py
[2025-03-29T17:28:09.998+0000] {processor.py:925} INFO - DAG(s) 'example_bash_decorator' retrieved from /home/airflow/.local/lib/python3.12/site-packages/airflow/example_dags/example_bash_decorator.py
[2025-03-29T17:28:10.013+0000] {logging_mixin.py:190} INFO - [2025-03-29T17:28:10.013+0000] {dag.py:3239} INFO - Sync 1 DAGs
[2025-03-29T17:28:10.023+0000] {logging_mixin.py:190} INFO - [2025-03-29T17:28:10.023+0000] {dag.py:4180} INFO - Setting next_dagrun for example_bash_decorator to None, run_after=None
[2025-03-29T17:28:10.035+0000] {processor.py:208} INFO - Processing /home/airflow/.local/lib/python3.12/site-packages/airflow/example_dags/example_bash_decorator.py took 0.052 seconds
[2025-03-29T17:28:40.512+0000] {processor.py:186} INFO - Started process (PID=380) to work on /home/airflow/.local/lib/python3.12/site-packages/airflow/example_dags/example_bash_decorator.py
[2025-03-29T17:28:40.513+0000] {processor.py:914} INFO - Processing file /home/airflow/.local/lib/python3.12/site-packages/airflow/example_dags/example_bash_decorator.py for tasks to queue
[2025-03-29T17:28:40.514+0000] {logging_mixin.py:190} INFO - [2025-03-29T17:28:40.514+0000] {dagbag.py:588} INFO - Filling up the DagBag from /home/airflow/.local/lib/python3.12/site-packages/airflow/example_dags/example_bash_decorator.py
[2025-03-29T17:28:40.525+0000] {processor.py:925} INFO - DAG(s) 'example_bash_decorator' retrieved from /home/airflow/.local/lib/python3.12/site-packages/airflow/example_dags/example_bash_decorator.py
[2025-03-29T17:28:40.540+0000] {logging_mixin.py:190} INFO - [2025-03-29T17:28:40.540+0000] {dag.py:3239} INFO - Sync 1 DAGs
[2025-03-29T17:28:40.550+0000] {logging_mixin.py:190} INFO - [2025-03-29T17:28:40.549+0000] {dag.py:4180} INFO - Setting next_dagrun for example_bash_decorator to None, run_after=None
[2025-03-29T17:28:40.560+0000] {processor.py:208} INFO - Processing /home/airflow/.local/lib/python3.12/site-packages/airflow/example_dags/example_bash_decorator.py took 0.052 seconds
[2025-03-29T17:29:11.815+0000] {processor.py:186} INFO - Started process (PID=443) to work on /home/airflow/.local/lib/python3.12/site-packages/airflow/example_dags/example_bash_decorator.py
[2025-03-29T17:29:11.815+0000] {processor.py:914} INFO - Processing file /home/airflow/.local/lib/python3.12/site-packages/airflow/example_dags/example_bash_decorator.py for tasks to queue
[2025-03-29T17:29:11.816+0000] {logging_mixin.py:190} INFO - [2025-03-29T17:29:11.816+0000] {dagbag.py:588} INFO - Filling up the DagBag from /home/airflow/.local/lib/python3.12/site-packages/airflow/example_dags/example_bash_decorator.py
[2025-03-29T17:29:11.825+0000] {processor.py:925} INFO - DAG(s) 'example_bash_decorator' retrieved from /home/airflow/.local/lib/python3.12/site-packages/airflow/example_dags/example_bash_decorator.py
[2025-03-29T17:29:11.839+0000] {logging_mixin.py:190} INFO - [2025-03-29T17:29:11.839+0000] {dag.py:3239} INFO - Sync 1 DAGs
[2025-03-29T17:29:11.848+0000] {logging_mixin.py:190} INFO - [2025-03-29T17:29:11.848+0000] {dag.py:4180} INFO - Setting next_dagrun for example_bash_decorator to None, run_after=None
[2025-03-29T17:29:11.860+0000] {processor.py:208} INFO - Processing /home/airflow/.local/lib/python3.12/site-packages/airflow/example_dags/example_bash_decorator.py took 0.049 seconds
[2025-03-29T17:29:43.330+0000] {processor.py:186} INFO - Started process (PID=506) to work on /home/airflow/.local/lib/python3.12/site-packages/airflow/example_dags/example_bash_decorator.py
[2025-03-29T17:29:43.330+0000] {processor.py:914} INFO - Processing file /home/airflow/.local/lib/python3.12/site-packages/airflow/example_dags/example_bash_decorator.py for tasks to queue
[2025-03-29T17:29:43.331+0000] {logging_mixin.py:190} INFO - [2025-03-29T17:29:43.331+0000] {dagbag.py:588} INFO - Filling up the DagBag from /home/airflow/.local/lib/python3.12/site-packages/airflow/example_dags/example_bash_decorator.py
[2025-03-29T17:29:43.342+0000] {processor.py:925} INFO - DAG(s) 'example_bash_decorator' retrieved from /home/airflow/.local/lib/python3.12/site-packages/airflow/example_dags/example_bash_decorator.py
[2025-03-29T17:29:43.358+0000] {logging_mixin.py:190} INFO - [2025-03-29T17:29:43.358+0000] {dag.py:3239} INFO - Sync 1 DAGs
[2025-03-29T17:29:43.368+0000] {logging_mixin.py:190} INFO - [2025-03-29T17:29:43.368+0000] {dag.py:4180} INFO - Setting next_dagrun for example_bash_decorator to None, run_after=None
[2025-03-29T17:29:43.380+0000] {processor.py:208} INFO - Processing /home/airflow/.local/lib/python3.12/site-packages/airflow/example_dags/example_bash_decorator.py took 0.054 seconds
[2025-03-29T17:30:14.905+0000] {processor.py:186} INFO - Started process (PID=569) to work on /home/airflow/.local/lib/python3.12/site-packages/airflow/example_dags/example_bash_decorator.py
[2025-03-29T17:30:14.906+0000] {processor.py:914} INFO - Processing file /home/airflow/.local/lib/python3.12/site-packages/airflow/example_dags/example_bash_decorator.py for tasks to queue
[2025-03-29T17:30:14.907+0000] {logging_mixin.py:190} INFO - [2025-03-29T17:30:14.907+0000] {dagbag.py:588} INFO - Filling up the DagBag from /home/airflow/.local/lib/python3.12/site-packages/airflow/example_dags/example_bash_decorator.py
[2025-03-29T17:30:14.917+0000] {processor.py:925} INFO - DAG(s) 'example_bash_decorator' retrieved from /home/airflow/.local/lib/python3.12/site-packages/airflow/example_dags/example_bash_decorator.py
[2025-03-29T17:30:14.933+0000] {logging_mixin.py:190} INFO - [2025-03-29T17:30:14.933+0000] {dag.py:3239} INFO - Sync 1 DAGs
[2025-03-29T17:30:14.944+0000] {logging_mixin.py:190} INFO - [2025-03-29T17:30:14.943+0000] {dag.py:4180} INFO - Setting next_dagrun for example_bash_decorator to None, run_after=None
[2025-03-29T17:30:14.957+0000] {processor.py:208} INFO - Processing /home/airflow/.local/lib/python3.12/site-packages/airflow/example_dags/example_bash_decorator.py took 0.055 seconds
[2025-03-29T17:30:45.463+0000] {processor.py:186} INFO - Started process (PID=632) to work on /home/airflow/.local/lib/python3.12/site-packages/airflow/example_dags/example_bash_decorator.py
[2025-03-29T17:30:45.464+0000] {processor.py:914} INFO - Processing file /home/airflow/.local/lib/python3.12/site-packages/airflow/example_dags/example_bash_decorator.py for tasks to queue
[2025-03-29T17:30:45.465+0000] {logging_mixin.py:190} INFO - [2025-03-29T17:30:45.464+0000] {dagbag.py:588} INFO - Filling up the DagBag from /home/airflow/.local/lib/python3.12/site-packages/airflow/example_dags/example_bash_decorator.py
[2025-03-29T17:30:45.474+0000] {processor.py:925} INFO - DAG(s) 'example_bash_decorator' retrieved from /home/airflow/.local/lib/python3.12/site-packages/airflow/example_dags/example_bash_decorator.py
[2025-03-29T17:30:45.490+0000] {logging_mixin.py:190} INFO - [2025-03-29T17:30:45.490+0000] {dag.py:3239} INFO - Sync 1 DAGs
[2025-03-29T17:30:45.499+0000] {logging_mixin.py:190} INFO - [2025-03-29T17:30:45.499+0000] {dag.py:4180} INFO - Setting next_dagrun for example_bash_decorator to None, run_after=None
[2025-03-29T17:30:45.511+0000] {processor.py:208} INFO - Processing /home/airflow/.local/lib/python3.12/site-packages/airflow/example_dags/example_bash_decorator.py took 0.052 seconds
[2025-03-29T17:31:16.654+0000] {processor.py:186} INFO - Started process (PID=701) to work on /home/airflow/.local/lib/python3.12/site-packages/airflow/example_dags/example_bash_decorator.py
[2025-03-29T17:31:16.654+0000] {processor.py:914} INFO - Processing file /home/airflow/.local/lib/python3.12/site-packages/airflow/example_dags/example_bash_decorator.py for tasks to queue
[2025-03-29T17:31:16.655+0000] {logging_mixin.py:190} INFO - [2025-03-29T17:31:16.655+0000] {dagbag.py:588} INFO - Filling up the DagBag from /home/airflow/.local/lib/python3.12/site-packages/airflow/example_dags/example_bash_decorator.py
[2025-03-29T17:31:16.665+0000] {processor.py:925} INFO - DAG(s) 'example_bash_decorator' retrieved from /home/airflow/.local/lib/python3.12/site-packages/airflow/example_dags/example_bash_decorator.py
[2025-03-29T17:31:16.679+0000] {logging_mixin.py:190} INFO - [2025-03-29T17:31:16.679+0000] {dag.py:3239} INFO - Sync 1 DAGs
[2025-03-29T17:31:16.689+0000] {logging_mixin.py:190} INFO - [2025-03-29T17:31:16.689+0000] {dag.py:4180} INFO - Setting next_dagrun for example_bash_decorator to None, run_after=None
[2025-03-29T17:31:16.700+0000] {processor.py:208} INFO - Processing /home/airflow/.local/lib/python3.12/site-packages/airflow/example_dags/example_bash_decorator.py took 0.050 seconds
[2025-03-29T17:31:48.057+0000] {processor.py:186} INFO - Started process (PID=764) to work on /home/airflow/.local/lib/python3.12/site-packages/airflow/example_dags/example_bash_decorator.py
[2025-03-29T17:31:48.058+0000] {processor.py:914} INFO - Processing file /home/airflow/.local/lib/python3.12/site-packages/airflow/example_dags/example_bash_decorator.py for tasks to queue
[2025-03-29T17:31:48.059+0000] {logging_mixin.py:190} INFO - [2025-03-29T17:31:48.059+0000] {dagbag.py:588} INFO - Filling up the DagBag from /home/airflow/.local/lib/python3.12/site-packages/airflow/example_dags/example_bash_decorator.py
[2025-03-29T17:31:48.069+0000] {processor.py:925} INFO - DAG(s) 'example_bash_decorator' retrieved from /home/airflow/.local/lib/python3.12/site-packages/airflow/example_dags/example_bash_decorator.py
[2025-03-29T17:31:48.085+0000] {logging_mixin.py:190} INFO - [2025-03-29T17:31:48.084+0000] {dag.py:3239} INFO - Sync 1 DAGs
[2025-03-29T17:31:48.095+0000] {logging_mixin.py:190} INFO - [2025-03-29T17:31:48.095+0000] {dag.py:4180} INFO - Setting next_dagrun for example_bash_decorator to None, run_after=None
[2025-03-29T17:31:48.106+0000] {processor.py:208} INFO - Processing /home/airflow/.local/lib/python3.12/site-packages/airflow/example_dags/example_bash_decorator.py took 0.053 seconds
[2025-03-29T17:32:18.474+0000] {processor.py:186} INFO - Started process (PID=827) to work on /home/airflow/.local/lib/python3.12/site-packages/airflow/example_dags/example_bash_decorator.py
[2025-03-29T17:32:18.475+0000] {processor.py:914} INFO - Processing file /home/airflow/.local/lib/python3.12/site-packages/airflow/example_dags/example_bash_decorator.py for tasks to queue
[2025-03-29T17:32:18.476+0000] {logging_mixin.py:190} INFO - [2025-03-29T17:32:18.476+0000] {dagbag.py:588} INFO - Filling up the DagBag from /home/airflow/.local/lib/python3.12/site-packages/airflow/example_dags/example_bash_decorator.py
[2025-03-29T17:32:18.486+0000] {processor.py:925} INFO - DAG(s) 'example_bash_decorator' retrieved from /home/airflow/.local/lib/python3.12/site-packages/airflow/example_dags/example_bash_decorator.py
[2025-03-29T17:32:18.501+0000] {logging_mixin.py:190} INFO - [2025-03-29T17:32:18.501+0000] {dag.py:3239} INFO - Sync 1 DAGs
[2025-03-29T17:32:18.511+0000] {logging_mixin.py:190} INFO - [2025-03-29T17:32:18.511+0000] {dag.py:4180} INFO - Setting next_dagrun for example_bash_decorator to None, run_after=None
[2025-03-29T17:32:18.523+0000] {processor.py:208} INFO - Processing /home/airflow/.local/lib/python3.12/site-packages/airflow/example_dags/example_bash_decorator.py took 0.052 seconds
[2025-03-29T17:32:49.871+0000] {processor.py:186} INFO - Started process (PID=890) to work on /home/airflow/.local/lib/python3.12/site-packages/airflow/example_dags/example_bash_decorator.py
[2025-03-29T17:32:49.871+0000] {processor.py:914} INFO - Processing file /home/airflow/.local/lib/python3.12/site-packages/airflow/example_dags/example_bash_decorator.py for tasks to queue
[2025-03-29T17:32:49.872+0000] {logging_mixin.py:190} INFO - [2025-03-29T17:32:49.872+0000] {dagbag.py:588} INFO - Filling up the DagBag from /home/airflow/.local/lib/python3.12/site-packages/airflow/example_dags/example_bash_decorator.py
[2025-03-29T17:32:49.882+0000] {processor.py:925} INFO - DAG(s) 'example_bash_decorator' retrieved from /home/airflow/.local/lib/python3.12/site-packages/airflow/example_dags/example_bash_decorator.py
[2025-03-29T17:32:49.895+0000] {logging_mixin.py:190} INFO - [2025-03-29T17:32:49.895+0000] {dag.py:3239} INFO - Sync 1 DAGs
[2025-03-29T17:32:49.904+0000] {logging_mixin.py:190} INFO - [2025-03-29T17:32:49.904+0000] {dag.py:4180} INFO - Setting next_dagrun for example_bash_decorator to None, run_after=None
[2025-03-29T17:32:49.916+0000] {processor.py:208} INFO - Processing /home/airflow/.local/lib/python3.12/site-packages/airflow/example_dags/example_bash_decorator.py took 0.049 seconds
[2025-03-29T17:33:20.455+0000] {processor.py:186} INFO - Started process (PID=953) to work on /home/airflow/.local/lib/python3.12/site-packages/airflow/example_dags/example_bash_decorator.py
[2025-03-29T17:33:20.455+0000] {processor.py:914} INFO - Processing file /home/airflow/.local/lib/python3.12/site-packages/airflow/example_dags/example_bash_decorator.py for tasks to queue
[2025-03-29T17:33:20.457+0000] {logging_mixin.py:190} INFO - [2025-03-29T17:33:20.456+0000] {dagbag.py:588} INFO - Filling up the DagBag from /home/airflow/.local/lib/python3.12/site-packages/airflow/example_dags/example_bash_decorator.py
[2025-03-29T17:33:20.466+0000] {processor.py:925} INFO - DAG(s) 'example_bash_decorator' retrieved from /home/airflow/.local/lib/python3.12/site-packages/airflow/example_dags/example_bash_decorator.py
[2025-03-29T17:33:20.481+0000] {logging_mixin.py:190} INFO - [2025-03-29T17:33:20.480+0000] {dag.py:3239} INFO - Sync 1 DAGs
[2025-03-29T17:33:20.490+0000] {logging_mixin.py:190} INFO - [2025-03-29T17:33:20.490+0000] {dag.py:4180} INFO - Setting next_dagrun for example_bash_decorator to None, run_after=None
[2025-03-29T17:33:20.502+0000] {processor.py:208} INFO - Processing /home/airflow/.local/lib/python3.12/site-packages/airflow/example_dags/example_bash_decorator.py took 0.050 seconds
[2025-03-29T17:33:51.990+0000] {processor.py:186} INFO - Started process (PID=1016) to work on /home/airflow/.local/lib/python3.12/site-packages/airflow/example_dags/example_bash_decorator.py
[2025-03-29T17:33:51.991+0000] {processor.py:914} INFO - Processing file /home/airflow/.local/lib/python3.12/site-packages/airflow/example_dags/example_bash_decorator.py for tasks to queue
[2025-03-29T17:33:51.992+0000] {logging_mixin.py:190} INFO - [2025-03-29T17:33:51.992+0000] {dagbag.py:588} INFO - Filling up the DagBag from /home/airflow/.local/lib/python3.12/site-packages/airflow/example_dags/example_bash_decorator.py
[2025-03-29T17:33:52.003+0000] {processor.py:925} INFO - DAG(s) 'example_bash_decorator' retrieved from /home/airflow/.local/lib/python3.12/site-packages/airflow/example_dags/example_bash_decorator.py
[2025-03-29T17:33:52.019+0000] {logging_mixin.py:190} INFO - [2025-03-29T17:33:52.019+0000] {dag.py:3239} INFO - Sync 1 DAGs
[2025-03-29T17:33:52.029+0000] {logging_mixin.py:190} INFO - [2025-03-29T17:33:52.029+0000] {dag.py:4180} INFO - Setting next_dagrun for example_bash_decorator to None, run_after=None
[2025-03-29T17:33:52.042+0000] {processor.py:208} INFO - Processing /home/airflow/.local/lib/python3.12/site-packages/airflow/example_dags/example_bash_decorator.py took 0.055 seconds
[2025-03-29T17:34:22.529+0000] {processor.py:186} INFO - Started process (PID=1079) to work on /home/airflow/.local/lib/python3.12/site-packages/airflow/example_dags/example_bash_decorator.py
[2025-03-29T17:34:22.530+0000] {processor.py:914} INFO - Processing file /home/airflow/.local/lib/python3.12/site-packages/airflow/example_dags/example_bash_decorator.py for tasks to queue
[2025-03-29T17:34:22.531+0000] {logging_mixin.py:190} INFO - [2025-03-29T17:34:22.531+0000] {dagbag.py:588} INFO - Filling up the DagBag from /home/airflow/.local/lib/python3.12/site-packages/airflow/example_dags/example_bash_decorator.py
[2025-03-29T17:34:22.541+0000] {processor.py:925} INFO - DAG(s) 'example_bash_decorator' retrieved from /home/airflow/.local/lib/python3.12/site-packages/airflow/example_dags/example_bash_decorator.py
[2025-03-29T17:34:22.558+0000] {logging_mixin.py:190} INFO - [2025-03-29T17:34:22.558+0000] {dag.py:3239} INFO - Sync 1 DAGs
[2025-03-29T17:34:22.568+0000] {logging_mixin.py:190} INFO - [2025-03-29T17:34:22.568+0000] {dag.py:4180} INFO - Setting next_dagrun for example_bash_decorator to None, run_after=None
[2025-03-29T17:34:22.580+0000] {processor.py:208} INFO - Processing /home/airflow/.local/lib/python3.12/site-packages/airflow/example_dags/example_bash_decorator.py took 0.055 seconds
[2025-03-29T17:34:54.070+0000] {processor.py:186} INFO - Started process (PID=1142) to work on /home/airflow/.local/lib/python3.12/site-packages/airflow/example_dags/example_bash_decorator.py
[2025-03-29T17:34:54.070+0000] {processor.py:914} INFO - Processing file /home/airflow/.local/lib/python3.12/site-packages/airflow/example_dags/example_bash_decorator.py for tasks to queue
[2025-03-29T17:34:54.072+0000] {logging_mixin.py:190} INFO - [2025-03-29T17:34:54.072+0000] {dagbag.py:588} INFO - Filling up the DagBag from /home/airflow/.local/lib/python3.12/site-packages/airflow/example_dags/example_bash_decorator.py
[2025-03-29T17:34:54.082+0000] {processor.py:925} INFO - DAG(s) 'example_bash_decorator' retrieved from /home/airflow/.local/lib/python3.12/site-packages/airflow/example_dags/example_bash_decorator.py
[2025-03-29T17:34:54.097+0000] {logging_mixin.py:190} INFO - [2025-03-29T17:34:54.097+0000] {dag.py:3239} INFO - Sync 1 DAGs
[2025-03-29T17:34:54.107+0000] {logging_mixin.py:190} INFO - [2025-03-29T17:34:54.107+0000] {dag.py:4180} INFO - Setting next_dagrun for example_bash_decorator to None, run_after=None
[2025-03-29T17:34:54.119+0000] {processor.py:208} INFO - Processing /home/airflow/.local/lib/python3.12/site-packages/airflow/example_dags/example_bash_decorator.py took 0.053 seconds
[2025-03-29T17:35:25.298+0000] {processor.py:186} INFO - Started process (PID=1205) to work on /home/airflow/.local/lib/python3.12/site-packages/airflow/example_dags/example_bash_decorator.py
[2025-03-29T17:35:25.298+0000] {processor.py:914} INFO - Processing file /home/airflow/.local/lib/python3.12/site-packages/airflow/example_dags/example_bash_decorator.py for tasks to queue
[2025-03-29T17:35:25.300+0000] {logging_mixin.py:190} INFO - [2025-03-29T17:35:25.299+0000] {dagbag.py:588} INFO - Filling up the DagBag from /home/airflow/.local/lib/python3.12/site-packages/airflow/example_dags/example_bash_decorator.py
[2025-03-29T17:35:25.315+0000] {processor.py:925} INFO - DAG(s) 'example_bash_decorator' retrieved from /home/airflow/.local/lib/python3.12/site-packages/airflow/example_dags/example_bash_decorator.py
[2025-03-29T17:35:25.334+0000] {logging_mixin.py:190} INFO - [2025-03-29T17:35:25.334+0000] {dag.py:3239} INFO - Sync 1 DAGs
[2025-03-29T17:35:25.350+0000] {logging_mixin.py:190} INFO - [2025-03-29T17:35:25.350+0000] {dag.py:4180} INFO - Setting next_dagrun for example_bash_decorator to None, run_after=None
[2025-03-29T17:35:25.372+0000] {processor.py:208} INFO - Processing /home/airflow/.local/lib/python3.12/site-packages/airflow/example_dags/example_bash_decorator.py took 0.084 seconds
[2025-03-29T17:35:56.431+0000] {processor.py:186} INFO - Started process (PID=1268) to work on /home/airflow/.local/lib/python3.12/site-packages/airflow/example_dags/example_bash_decorator.py
[2025-03-29T17:35:56.431+0000] {processor.py:914} INFO - Processing file /home/airflow/.local/lib/python3.12/site-packages/airflow/example_dags/example_bash_decorator.py for tasks to queue
[2025-03-29T17:35:56.432+0000] {logging_mixin.py:190} INFO - [2025-03-29T17:35:56.432+0000] {dagbag.py:588} INFO - Filling up the DagBag from /home/airflow/.local/lib/python3.12/site-packages/airflow/example_dags/example_bash_decorator.py
[2025-03-29T17:35:56.446+0000] {processor.py:925} INFO - DAG(s) 'example_bash_decorator' retrieved from /home/airflow/.local/lib/python3.12/site-packages/airflow/example_dags/example_bash_decorator.py
[2025-03-29T17:35:56.465+0000] {logging_mixin.py:190} INFO - [2025-03-29T17:35:56.464+0000] {dag.py:3239} INFO - Sync 1 DAGs
[2025-03-29T17:35:56.475+0000] {logging_mixin.py:190} INFO - [2025-03-29T17:35:56.474+0000] {dag.py:4180} INFO - Setting next_dagrun for example_bash_decorator to None, run_after=None
[2025-03-29T17:35:56.487+0000] {processor.py:208} INFO - Processing /home/airflow/.local/lib/python3.12/site-packages/airflow/example_dags/example_bash_decorator.py took 0.060 seconds
[2025-03-29T17:36:27.759+0000] {processor.py:186} INFO - Started process (PID=1331) to work on /home/airflow/.local/lib/python3.12/site-packages/airflow/example_dags/example_bash_decorator.py
[2025-03-29T17:36:27.759+0000] {processor.py:914} INFO - Processing file /home/airflow/.local/lib/python3.12/site-packages/airflow/example_dags/example_bash_decorator.py for tasks to queue
[2025-03-29T17:36:27.761+0000] {logging_mixin.py:190} INFO - [2025-03-29T17:36:27.760+0000] {dagbag.py:588} INFO - Filling up the DagBag from /home/airflow/.local/lib/python3.12/site-packages/airflow/example_dags/example_bash_decorator.py
[2025-03-29T17:36:27.774+0000] {processor.py:925} INFO - DAG(s) 'example_bash_decorator' retrieved from /home/airflow/.local/lib/python3.12/site-packages/airflow/example_dags/example_bash_decorator.py
[2025-03-29T17:36:27.791+0000] {logging_mixin.py:190} INFO - [2025-03-29T17:36:27.791+0000] {dag.py:3239} INFO - Sync 1 DAGs
[2025-03-29T17:36:27.804+0000] {logging_mixin.py:190} INFO - [2025-03-29T17:36:27.803+0000] {dag.py:4180} INFO - Setting next_dagrun for example_bash_decorator to None, run_after=None
[2025-03-29T17:36:27.823+0000] {processor.py:208} INFO - Processing /home/airflow/.local/lib/python3.12/site-packages/airflow/example_dags/example_bash_decorator.py took 0.068 seconds
[2025-03-29T17:36:59.030+0000] {processor.py:186} INFO - Started process (PID=1394) to work on /home/airflow/.local/lib/python3.12/site-packages/airflow/example_dags/example_bash_decorator.py
[2025-03-29T17:36:59.030+0000] {processor.py:914} INFO - Processing file /home/airflow/.local/lib/python3.12/site-packages/airflow/example_dags/example_bash_decorator.py for tasks to queue
[2025-03-29T17:36:59.032+0000] {logging_mixin.py:190} INFO - [2025-03-29T17:36:59.031+0000] {dagbag.py:588} INFO - Filling up the DagBag from /home/airflow/.local/lib/python3.12/site-packages/airflow/example_dags/example_bash_decorator.py
[2025-03-29T17:36:59.041+0000] {processor.py:925} INFO - DAG(s) 'example_bash_decorator' retrieved from /home/airflow/.local/lib/python3.12/site-packages/airflow/example_dags/example_bash_decorator.py
[2025-03-29T17:36:59.056+0000] {logging_mixin.py:190} INFO - [2025-03-29T17:36:59.056+0000] {dag.py:3239} INFO - Sync 1 DAGs
[2025-03-29T17:36:59.065+0000] {logging_mixin.py:190} INFO - [2025-03-29T17:36:59.065+0000] {dag.py:4180} INFO - Setting next_dagrun for example_bash_decorator to None, run_after=None
[2025-03-29T17:36:59.078+0000] {processor.py:208} INFO - Processing /home/airflow/.local/lib/python3.12/site-packages/airflow/example_dags/example_bash_decorator.py took 0.052 seconds
[2025-03-29T17:37:30.158+0000] {processor.py:186} INFO - Started process (PID=1457) to work on /home/airflow/.local/lib/python3.12/site-packages/airflow/example_dags/example_bash_decorator.py
[2025-03-29T17:37:30.159+0000] {processor.py:914} INFO - Processing file /home/airflow/.local/lib/python3.12/site-packages/airflow/example_dags/example_bash_decorator.py for tasks to queue
[2025-03-29T17:37:30.160+0000] {logging_mixin.py:190} INFO - [2025-03-29T17:37:30.160+0000] {dagbag.py:588} INFO - Filling up the DagBag from /home/airflow/.local/lib/python3.12/site-packages/airflow/example_dags/example_bash_decorator.py
[2025-03-29T17:37:30.169+0000] {processor.py:925} INFO - DAG(s) 'example_bash_decorator' retrieved from /home/airflow/.local/lib/python3.12/site-packages/airflow/example_dags/example_bash_decorator.py
[2025-03-29T17:37:30.184+0000] {logging_mixin.py:190} INFO - [2025-03-29T17:37:30.184+0000] {dag.py:3239} INFO - Sync 1 DAGs
[2025-03-29T17:37:30.194+0000] {logging_mixin.py:190} INFO - [2025-03-29T17:37:30.193+0000] {dag.py:4180} INFO - Setting next_dagrun for example_bash_decorator to None, run_after=None
[2025-03-29T17:37:30.204+0000] {processor.py:208} INFO - Processing /home/airflow/.local/lib/python3.12/site-packages/airflow/example_dags/example_bash_decorator.py took 0.049 seconds
[2025-03-29T17:38:00.946+0000] {processor.py:186} INFO - Started process (PID=1520) to work on /home/airflow/.local/lib/python3.12/site-packages/airflow/example_dags/example_bash_decorator.py
[2025-03-29T17:38:00.946+0000] {processor.py:914} INFO - Processing file /home/airflow/.local/lib/python3.12/site-packages/airflow/example_dags/example_bash_decorator.py for tasks to queue
[2025-03-29T17:38:00.948+0000] {logging_mixin.py:190} INFO - [2025-03-29T17:38:00.947+0000] {dagbag.py:588} INFO - Filling up the DagBag from /home/airflow/.local/lib/python3.12/site-packages/airflow/example_dags/example_bash_decorator.py
[2025-03-29T17:38:00.958+0000] {processor.py:925} INFO - DAG(s) 'example_bash_decorator' retrieved from /home/airflow/.local/lib/python3.12/site-packages/airflow/example_dags/example_bash_decorator.py
[2025-03-29T17:38:00.972+0000] {logging_mixin.py:190} INFO - [2025-03-29T17:38:00.971+0000] {dag.py:3239} INFO - Sync 1 DAGs
[2025-03-29T17:38:00.982+0000] {logging_mixin.py:190} INFO - [2025-03-29T17:38:00.982+0000] {dag.py:4180} INFO - Setting next_dagrun for example_bash_decorator to None, run_after=None
[2025-03-29T17:38:00.993+0000] {processor.py:208} INFO - Processing /home/airflow/.local/lib/python3.12/site-packages/airflow/example_dags/example_bash_decorator.py took 0.051 seconds
[2025-03-29T17:38:32.103+0000] {processor.py:186} INFO - Started process (PID=1583) to work on /home/airflow/.local/lib/python3.12/site-packages/airflow/example_dags/example_bash_decorator.py
[2025-03-29T17:38:32.104+0000] {processor.py:914} INFO - Processing file /home/airflow/.local/lib/python3.12/site-packages/airflow/example_dags/example_bash_decorator.py for tasks to queue
[2025-03-29T17:38:32.105+0000] {logging_mixin.py:190} INFO - [2025-03-29T17:38:32.105+0000] {dagbag.py:588} INFO - Filling up the DagBag from /home/airflow/.local/lib/python3.12/site-packages/airflow/example_dags/example_bash_decorator.py
[2025-03-29T17:38:32.114+0000] {processor.py:925} INFO - DAG(s) 'example_bash_decorator' retrieved from /home/airflow/.local/lib/python3.12/site-packages/airflow/example_dags/example_bash_decorator.py
[2025-03-29T17:38:32.130+0000] {logging_mixin.py:190} INFO - [2025-03-29T17:38:32.130+0000] {dag.py:3239} INFO - Sync 1 DAGs
[2025-03-29T17:38:32.141+0000] {logging_mixin.py:190} INFO - [2025-03-29T17:38:32.141+0000] {dag.py:4180} INFO - Setting next_dagrun for example_bash_decorator to None, run_after=None
[2025-03-29T17:38:32.154+0000] {processor.py:208} INFO - Processing /home/airflow/.local/lib/python3.12/site-packages/airflow/example_dags/example_bash_decorator.py took 0.054 seconds
