[2025-03-29T17:15:46.044+0000] {processor.py:186} INFO - Started process (PID=51) to work on /home/airflow/.local/lib/python3.12/site-packages/airflow/example_dags/example_subdag_operator.py
[2025-03-29T17:15:46.045+0000] {processor.py:914} INFO - Processing file /home/airflow/.local/lib/python3.12/site-packages/airflow/example_dags/example_subdag_operator.py for tasks to queue
[2025-03-29T17:15:46.046+0000] {logging_mixin.py:190} INFO - [2025-03-29T17:15:46.046+0000] {dagbag.py:588} INFO - Filling up the DagBag from /home/airflow/.local/lib/python3.12/site-packages/airflow/example_dags/example_subdag_operator.py
[2025-03-29T17:15:46.068+0000] {processor.py:925} INFO - DAG(s) 'example_subdag_operator.section-1', 'example_subdag_operator.section-2', 'example_subdag_operator' retrieved from /home/airflow/.local/lib/python3.12/site-packages/airflow/example_dags/example_subdag_operator.py
[2025-03-29T17:15:46.141+0000] {logging_mixin.py:190} INFO - [2025-03-29T17:15:46.141+0000] {override.py:1912} INFO - Created Permission View: can delete on DAG:example_subdag_operator
[2025-03-29T17:15:46.148+0000] {logging_mixin.py:190} INFO - [2025-03-29T17:15:46.148+0000] {override.py:1912} INFO - Created Permission View: can edit on DAG:example_subdag_operator
[2025-03-29T17:15:46.153+0000] {logging_mixin.py:190} INFO - [2025-03-29T17:15:46.153+0000] {override.py:1912} INFO - Created Permission View: can read on DAG:example_subdag_operator
[2025-03-29T17:15:46.159+0000] {logging_mixin.py:190} INFO - [2025-03-29T17:15:46.158+0000] {override.py:1912} INFO - Created Permission View: can delete on DAG Run:example_subdag_operator
[2025-03-29T17:15:46.163+0000] {logging_mixin.py:190} INFO - [2025-03-29T17:15:46.163+0000] {override.py:1912} INFO - Created Permission View: menu access on DAG Run:example_subdag_operator
[2025-03-29T17:15:46.168+0000] {logging_mixin.py:190} INFO - [2025-03-29T17:15:46.168+0000] {override.py:1912} INFO - Created Permission View: can read on DAG Run:example_subdag_operator
[2025-03-29T17:15:46.173+0000] {logging_mixin.py:190} INFO - [2025-03-29T17:15:46.173+0000] {override.py:1912} INFO - Created Permission View: can create on DAG Run:example_subdag_operator
[2025-03-29T17:15:46.173+0000] {logging_mixin.py:190} INFO - [2025-03-29T17:15:46.173+0000] {dag.py:3239} INFO - Sync 3 DAGs
[2025-03-29T17:15:46.183+0000] {logging_mixin.py:190} INFO - [2025-03-29T17:15:46.183+0000] {dag.py:3262} INFO - Creating ORM DAG for example_subdag_operator.section-2
[2025-03-29T17:15:46.184+0000] {logging_mixin.py:190} INFO - [2025-03-29T17:15:46.183+0000] {dag.py:3262} INFO - Creating ORM DAG for example_subdag_operator.section-1
[2025-03-29T17:15:46.184+0000] {logging_mixin.py:190} INFO - [2025-03-29T17:15:46.184+0000] {dag.py:3262} INFO - Creating ORM DAG for example_subdag_operator
[2025-03-29T17:15:46.191+0000] {logging_mixin.py:190} INFO - [2025-03-29T17:15:46.191+0000] {dag.py:4180} INFO - Setting next_dagrun for example_subdag_operator to 2022-01-01 00:00:00+00:00, run_after=2022-01-01 00:00:00+00:00
[2025-03-29T17:15:46.191+0000] {logging_mixin.py:190} INFO - [2025-03-29T17:15:46.191+0000] {dag.py:4180} INFO - Setting next_dagrun for example_subdag_operator.section-1 to None, run_after=None
[2025-03-29T17:15:46.192+0000] {logging_mixin.py:190} INFO - [2025-03-29T17:15:46.191+0000] {dag.py:4180} INFO - Setting next_dagrun for example_subdag_operator.section-2 to None, run_after=None
[2025-03-29T17:15:46.199+0000] {logging_mixin.py:190} INFO - [2025-03-29T17:15:46.199+0000] {dag.py:3239} INFO - Sync 2 DAGs
[2025-03-29T17:15:46.203+0000] {logging_mixin.py:190} INFO - [2025-03-29T17:15:46.202+0000] {dag.py:4180} INFO - Setting next_dagrun for example_subdag_operator.section-1 to None, run_after=None
[2025-03-29T17:15:46.205+0000] {logging_mixin.py:190} INFO - [2025-03-29T17:15:46.205+0000] {dag.py:4180} INFO - Setting next_dagrun for example_subdag_operator.section-2 to None, run_after=None
[2025-03-29T17:15:46.213+0000] {processor.py:208} INFO - Processing /home/airflow/.local/lib/python3.12/site-packages/airflow/example_dags/example_subdag_operator.py took 0.172 seconds
[2025-03-29T17:16:17.527+0000] {processor.py:186} INFO - Started process (PID=114) to work on /home/airflow/.local/lib/python3.12/site-packages/airflow/example_dags/example_subdag_operator.py
[2025-03-29T17:16:17.528+0000] {processor.py:914} INFO - Processing file /home/airflow/.local/lib/python3.12/site-packages/airflow/example_dags/example_subdag_operator.py for tasks to queue
[2025-03-29T17:16:17.529+0000] {logging_mixin.py:190} INFO - [2025-03-29T17:16:17.529+0000] {dagbag.py:588} INFO - Filling up the DagBag from /home/airflow/.local/lib/python3.12/site-packages/airflow/example_dags/example_subdag_operator.py
[2025-03-29T17:16:17.556+0000] {processor.py:925} INFO - DAG(s) 'example_subdag_operator.section-1', 'example_subdag_operator.section-2', 'example_subdag_operator' retrieved from /home/airflow/.local/lib/python3.12/site-packages/airflow/example_dags/example_subdag_operator.py
[2025-03-29T17:16:17.570+0000] {logging_mixin.py:190} INFO - [2025-03-29T17:16:17.570+0000] {dag.py:3239} INFO - Sync 3 DAGs
[2025-03-29T17:16:17.592+0000] {logging_mixin.py:190} INFO - [2025-03-29T17:16:17.592+0000] {dag.py:4180} INFO - Setting next_dagrun for example_subdag_operator to 2022-01-01 00:00:00+00:00, run_after=2022-01-01 00:00:00+00:00
[2025-03-29T17:16:17.594+0000] {logging_mixin.py:190} INFO - [2025-03-29T17:16:17.594+0000] {dag.py:4180} INFO - Setting next_dagrun for example_subdag_operator.section-1 to None, run_after=None
[2025-03-29T17:16:17.595+0000] {logging_mixin.py:190} INFO - [2025-03-29T17:16:17.595+0000] {dag.py:4180} INFO - Setting next_dagrun for example_subdag_operator.section-2 to None, run_after=None
[2025-03-29T17:16:17.601+0000] {logging_mixin.py:190} INFO - [2025-03-29T17:16:17.600+0000] {dag.py:3239} INFO - Sync 2 DAGs
[2025-03-29T17:16:17.607+0000] {logging_mixin.py:190} INFO - [2025-03-29T17:16:17.607+0000] {dag.py:4180} INFO - Setting next_dagrun for example_subdag_operator.section-1 to None, run_after=None
[2025-03-29T17:16:17.607+0000] {logging_mixin.py:190} INFO - [2025-03-29T17:16:17.607+0000] {dag.py:4180} INFO - Setting next_dagrun for example_subdag_operator.section-2 to None, run_after=None
[2025-03-29T17:16:17.615+0000] {processor.py:208} INFO - Processing /home/airflow/.local/lib/python3.12/site-packages/airflow/example_dags/example_subdag_operator.py took 0.091 seconds
[2025-03-29T17:16:48.666+0000] {processor.py:186} INFO - Started process (PID=177) to work on /home/airflow/.local/lib/python3.12/site-packages/airflow/example_dags/example_subdag_operator.py
[2025-03-29T17:16:48.667+0000] {processor.py:914} INFO - Processing file /home/airflow/.local/lib/python3.12/site-packages/airflow/example_dags/example_subdag_operator.py for tasks to queue
[2025-03-29T17:16:48.668+0000] {logging_mixin.py:190} INFO - [2025-03-29T17:16:48.668+0000] {dagbag.py:588} INFO - Filling up the DagBag from /home/airflow/.local/lib/python3.12/site-packages/airflow/example_dags/example_subdag_operator.py
[2025-03-29T17:16:48.684+0000] {processor.py:925} INFO - DAG(s) 'example_subdag_operator.section-1', 'example_subdag_operator.section-2', 'example_subdag_operator' retrieved from /home/airflow/.local/lib/python3.12/site-packages/airflow/example_dags/example_subdag_operator.py
[2025-03-29T17:16:48.694+0000] {logging_mixin.py:190} INFO - [2025-03-29T17:16:48.694+0000] {dag.py:3239} INFO - Sync 3 DAGs
[2025-03-29T17:16:48.709+0000] {logging_mixin.py:190} INFO - [2025-03-29T17:16:48.708+0000] {dag.py:4180} INFO - Setting next_dagrun for example_subdag_operator to 2022-01-01 00:00:00+00:00, run_after=2022-01-01 00:00:00+00:00
[2025-03-29T17:16:48.711+0000] {logging_mixin.py:190} INFO - [2025-03-29T17:16:48.711+0000] {dag.py:4180} INFO - Setting next_dagrun for example_subdag_operator.section-1 to None, run_after=None
[2025-03-29T17:16:48.712+0000] {logging_mixin.py:190} INFO - [2025-03-29T17:16:48.712+0000] {dag.py:4180} INFO - Setting next_dagrun for example_subdag_operator.section-2 to None, run_after=None
[2025-03-29T17:16:48.716+0000] {logging_mixin.py:190} INFO - [2025-03-29T17:16:48.716+0000] {dag.py:3239} INFO - Sync 2 DAGs
[2025-03-29T17:16:48.719+0000] {logging_mixin.py:190} INFO - [2025-03-29T17:16:48.719+0000] {dag.py:4180} INFO - Setting next_dagrun for example_subdag_operator.section-1 to None, run_after=None
[2025-03-29T17:16:48.720+0000] {logging_mixin.py:190} INFO - [2025-03-29T17:16:48.720+0000] {dag.py:4180} INFO - Setting next_dagrun for example_subdag_operator.section-2 to None, run_after=None
[2025-03-29T17:16:48.727+0000] {processor.py:208} INFO - Processing /home/airflow/.local/lib/python3.12/site-packages/airflow/example_dags/example_subdag_operator.py took 0.064 seconds
[2025-03-29T17:17:19.164+0000] {processor.py:186} INFO - Started process (PID=240) to work on /home/airflow/.local/lib/python3.12/site-packages/airflow/example_dags/example_subdag_operator.py
[2025-03-29T17:17:19.164+0000] {processor.py:914} INFO - Processing file /home/airflow/.local/lib/python3.12/site-packages/airflow/example_dags/example_subdag_operator.py for tasks to queue
[2025-03-29T17:17:19.166+0000] {logging_mixin.py:190} INFO - [2025-03-29T17:17:19.165+0000] {dagbag.py:588} INFO - Filling up the DagBag from /home/airflow/.local/lib/python3.12/site-packages/airflow/example_dags/example_subdag_operator.py
[2025-03-29T17:17:19.185+0000] {processor.py:925} INFO - DAG(s) 'example_subdag_operator.section-1', 'example_subdag_operator.section-2', 'example_subdag_operator' retrieved from /home/airflow/.local/lib/python3.12/site-packages/airflow/example_dags/example_subdag_operator.py
[2025-03-29T17:17:19.198+0000] {logging_mixin.py:190} INFO - [2025-03-29T17:17:19.198+0000] {dag.py:3239} INFO - Sync 3 DAGs
[2025-03-29T17:17:19.215+0000] {logging_mixin.py:190} INFO - [2025-03-29T17:17:19.214+0000] {dag.py:4180} INFO - Setting next_dagrun for example_subdag_operator to 2022-01-01 00:00:00+00:00, run_after=2022-01-01 00:00:00+00:00
[2025-03-29T17:17:19.217+0000] {logging_mixin.py:190} INFO - [2025-03-29T17:17:19.217+0000] {dag.py:4180} INFO - Setting next_dagrun for example_subdag_operator.section-1 to None, run_after=None
[2025-03-29T17:17:19.218+0000] {logging_mixin.py:190} INFO - [2025-03-29T17:17:19.218+0000] {dag.py:4180} INFO - Setting next_dagrun for example_subdag_operator.section-2 to None, run_after=None
[2025-03-29T17:17:19.222+0000] {logging_mixin.py:190} INFO - [2025-03-29T17:17:19.222+0000] {dag.py:3239} INFO - Sync 2 DAGs
[2025-03-29T17:17:19.226+0000] {logging_mixin.py:190} INFO - [2025-03-29T17:17:19.226+0000] {dag.py:4180} INFO - Setting next_dagrun for example_subdag_operator.section-1 to None, run_after=None
[2025-03-29T17:17:19.226+0000] {logging_mixin.py:190} INFO - [2025-03-29T17:17:19.226+0000] {dag.py:4180} INFO - Setting next_dagrun for example_subdag_operator.section-2 to None, run_after=None
[2025-03-29T17:17:19.235+0000] {processor.py:208} INFO - Processing /home/airflow/.local/lib/python3.12/site-packages/airflow/example_dags/example_subdag_operator.py took 0.075 seconds
[2025-03-29T17:17:50.518+0000] {processor.py:186} INFO - Started process (PID=303) to work on /home/airflow/.local/lib/python3.12/site-packages/airflow/example_dags/example_subdag_operator.py
[2025-03-29T17:17:50.518+0000] {processor.py:914} INFO - Processing file /home/airflow/.local/lib/python3.12/site-packages/airflow/example_dags/example_subdag_operator.py for tasks to queue
[2025-03-29T17:17:50.520+0000] {logging_mixin.py:190} INFO - [2025-03-29T17:17:50.519+0000] {dagbag.py:588} INFO - Filling up the DagBag from /home/airflow/.local/lib/python3.12/site-packages/airflow/example_dags/example_subdag_operator.py
[2025-03-29T17:17:50.536+0000] {processor.py:925} INFO - DAG(s) 'example_subdag_operator.section-1', 'example_subdag_operator.section-2', 'example_subdag_operator' retrieved from /home/airflow/.local/lib/python3.12/site-packages/airflow/example_dags/example_subdag_operator.py
[2025-03-29T17:17:50.546+0000] {logging_mixin.py:190} INFO - [2025-03-29T17:17:50.546+0000] {dag.py:3239} INFO - Sync 3 DAGs
[2025-03-29T17:17:50.562+0000] {logging_mixin.py:190} INFO - [2025-03-29T17:17:50.562+0000] {dag.py:4180} INFO - Setting next_dagrun for example_subdag_operator to 2022-01-01 00:00:00+00:00, run_after=2022-01-01 00:00:00+00:00
[2025-03-29T17:17:50.564+0000] {logging_mixin.py:190} INFO - [2025-03-29T17:17:50.564+0000] {dag.py:4180} INFO - Setting next_dagrun for example_subdag_operator.section-1 to None, run_after=None
[2025-03-29T17:17:50.565+0000] {logging_mixin.py:190} INFO - [2025-03-29T17:17:50.565+0000] {dag.py:4180} INFO - Setting next_dagrun for example_subdag_operator.section-2 to None, run_after=None
[2025-03-29T17:17:50.569+0000] {logging_mixin.py:190} INFO - [2025-03-29T17:17:50.569+0000] {dag.py:3239} INFO - Sync 2 DAGs
[2025-03-29T17:17:50.573+0000] {logging_mixin.py:190} INFO - [2025-03-29T17:17:50.573+0000] {dag.py:4180} INFO - Setting next_dagrun for example_subdag_operator.section-1 to None, run_after=None
[2025-03-29T17:17:50.573+0000] {logging_mixin.py:190} INFO - [2025-03-29T17:17:50.573+0000] {dag.py:4180} INFO - Setting next_dagrun for example_subdag_operator.section-2 to None, run_after=None
[2025-03-29T17:17:50.580+0000] {processor.py:208} INFO - Processing /home/airflow/.local/lib/python3.12/site-packages/airflow/example_dags/example_subdag_operator.py took 0.065 seconds
[2025-03-29T17:18:21.875+0000] {processor.py:186} INFO - Started process (PID=366) to work on /home/airflow/.local/lib/python3.12/site-packages/airflow/example_dags/example_subdag_operator.py
[2025-03-29T17:18:21.876+0000] {processor.py:914} INFO - Processing file /home/airflow/.local/lib/python3.12/site-packages/airflow/example_dags/example_subdag_operator.py for tasks to queue
[2025-03-29T17:18:21.877+0000] {logging_mixin.py:190} INFO - [2025-03-29T17:18:21.877+0000] {dagbag.py:588} INFO - Filling up the DagBag from /home/airflow/.local/lib/python3.12/site-packages/airflow/example_dags/example_subdag_operator.py
[2025-03-29T17:18:21.901+0000] {processor.py:925} INFO - DAG(s) 'example_subdag_operator.section-1', 'example_subdag_operator.section-2', 'example_subdag_operator' retrieved from /home/airflow/.local/lib/python3.12/site-packages/airflow/example_dags/example_subdag_operator.py
[2025-03-29T17:18:21.911+0000] {logging_mixin.py:190} INFO - [2025-03-29T17:18:21.911+0000] {dag.py:3239} INFO - Sync 3 DAGs
[2025-03-29T17:18:21.929+0000] {logging_mixin.py:190} INFO - [2025-03-29T17:18:21.929+0000] {dag.py:4180} INFO - Setting next_dagrun for example_subdag_operator to 2022-01-01 00:00:00+00:00, run_after=2022-01-01 00:00:00+00:00
[2025-03-29T17:18:21.932+0000] {logging_mixin.py:190} INFO - [2025-03-29T17:18:21.932+0000] {dag.py:4180} INFO - Setting next_dagrun for example_subdag_operator.section-1 to None, run_after=None
[2025-03-29T17:18:21.933+0000] {logging_mixin.py:190} INFO - [2025-03-29T17:18:21.933+0000] {dag.py:4180} INFO - Setting next_dagrun for example_subdag_operator.section-2 to None, run_after=None
[2025-03-29T17:18:21.939+0000] {logging_mixin.py:190} INFO - [2025-03-29T17:18:21.939+0000] {dag.py:3239} INFO - Sync 2 DAGs
[2025-03-29T17:18:21.943+0000] {logging_mixin.py:190} INFO - [2025-03-29T17:18:21.943+0000] {dag.py:4180} INFO - Setting next_dagrun for example_subdag_operator.section-1 to None, run_after=None
[2025-03-29T17:18:21.943+0000] {logging_mixin.py:190} INFO - [2025-03-29T17:18:21.943+0000] {dag.py:4180} INFO - Setting next_dagrun for example_subdag_operator.section-2 to None, run_after=None
[2025-03-29T17:18:21.952+0000] {processor.py:208} INFO - Processing /home/airflow/.local/lib/python3.12/site-packages/airflow/example_dags/example_subdag_operator.py took 0.081 seconds
[2025-03-29T17:18:52.650+0000] {processor.py:186} INFO - Started process (PID=429) to work on /home/airflow/.local/lib/python3.12/site-packages/airflow/example_dags/example_subdag_operator.py
[2025-03-29T17:18:52.651+0000] {processor.py:914} INFO - Processing file /home/airflow/.local/lib/python3.12/site-packages/airflow/example_dags/example_subdag_operator.py for tasks to queue
[2025-03-29T17:18:52.652+0000] {logging_mixin.py:190} INFO - [2025-03-29T17:18:52.652+0000] {dagbag.py:588} INFO - Filling up the DagBag from /home/airflow/.local/lib/python3.12/site-packages/airflow/example_dags/example_subdag_operator.py
[2025-03-29T17:18:52.669+0000] {processor.py:925} INFO - DAG(s) 'example_subdag_operator.section-1', 'example_subdag_operator.section-2', 'example_subdag_operator' retrieved from /home/airflow/.local/lib/python3.12/site-packages/airflow/example_dags/example_subdag_operator.py
[2025-03-29T17:18:52.679+0000] {logging_mixin.py:190} INFO - [2025-03-29T17:18:52.679+0000] {dag.py:3239} INFO - Sync 3 DAGs
[2025-03-29T17:18:52.695+0000] {logging_mixin.py:190} INFO - [2025-03-29T17:18:52.694+0000] {dag.py:4180} INFO - Setting next_dagrun for example_subdag_operator to 2022-01-01 00:00:00+00:00, run_after=2022-01-01 00:00:00+00:00
[2025-03-29T17:18:52.697+0000] {logging_mixin.py:190} INFO - [2025-03-29T17:18:52.697+0000] {dag.py:4180} INFO - Setting next_dagrun for example_subdag_operator.section-1 to None, run_after=None
[2025-03-29T17:18:52.698+0000] {logging_mixin.py:190} INFO - [2025-03-29T17:18:52.698+0000] {dag.py:4180} INFO - Setting next_dagrun for example_subdag_operator.section-2 to None, run_after=None
[2025-03-29T17:18:52.702+0000] {logging_mixin.py:190} INFO - [2025-03-29T17:18:52.702+0000] {dag.py:3239} INFO - Sync 2 DAGs
[2025-03-29T17:18:52.706+0000] {logging_mixin.py:190} INFO - [2025-03-29T17:18:52.706+0000] {dag.py:4180} INFO - Setting next_dagrun for example_subdag_operator.section-1 to None, run_after=None
[2025-03-29T17:18:52.706+0000] {logging_mixin.py:190} INFO - [2025-03-29T17:18:52.706+0000] {dag.py:4180} INFO - Setting next_dagrun for example_subdag_operator.section-2 to None, run_after=None
[2025-03-29T17:18:52.716+0000] {processor.py:208} INFO - Processing /home/airflow/.local/lib/python3.12/site-packages/airflow/example_dags/example_subdag_operator.py took 0.069 seconds
[2025-03-29T17:19:24.029+0000] {processor.py:186} INFO - Started process (PID=492) to work on /home/airflow/.local/lib/python3.12/site-packages/airflow/example_dags/example_subdag_operator.py
[2025-03-29T17:19:24.029+0000] {processor.py:914} INFO - Processing file /home/airflow/.local/lib/python3.12/site-packages/airflow/example_dags/example_subdag_operator.py for tasks to queue
[2025-03-29T17:19:24.031+0000] {logging_mixin.py:190} INFO - [2025-03-29T17:19:24.030+0000] {dagbag.py:588} INFO - Filling up the DagBag from /home/airflow/.local/lib/python3.12/site-packages/airflow/example_dags/example_subdag_operator.py
[2025-03-29T17:19:24.046+0000] {processor.py:925} INFO - DAG(s) 'example_subdag_operator.section-1', 'example_subdag_operator.section-2', 'example_subdag_operator' retrieved from /home/airflow/.local/lib/python3.12/site-packages/airflow/example_dags/example_subdag_operator.py
[2025-03-29T17:19:24.056+0000] {logging_mixin.py:190} INFO - [2025-03-29T17:19:24.056+0000] {dag.py:3239} INFO - Sync 3 DAGs
[2025-03-29T17:19:24.070+0000] {logging_mixin.py:190} INFO - [2025-03-29T17:19:24.070+0000] {dag.py:4180} INFO - Setting next_dagrun for example_subdag_operator to 2022-01-01 00:00:00+00:00, run_after=2022-01-01 00:00:00+00:00
[2025-03-29T17:19:24.073+0000] {logging_mixin.py:190} INFO - [2025-03-29T17:19:24.072+0000] {dag.py:4180} INFO - Setting next_dagrun for example_subdag_operator.section-1 to None, run_after=None
[2025-03-29T17:19:24.073+0000] {logging_mixin.py:190} INFO - [2025-03-29T17:19:24.073+0000] {dag.py:4180} INFO - Setting next_dagrun for example_subdag_operator.section-2 to None, run_after=None
[2025-03-29T17:19:24.077+0000] {logging_mixin.py:190} INFO - [2025-03-29T17:19:24.077+0000] {dag.py:3239} INFO - Sync 2 DAGs
[2025-03-29T17:19:24.081+0000] {logging_mixin.py:190} INFO - [2025-03-29T17:19:24.080+0000] {dag.py:4180} INFO - Setting next_dagrun for example_subdag_operator.section-1 to None, run_after=None
[2025-03-29T17:19:24.081+0000] {logging_mixin.py:190} INFO - [2025-03-29T17:19:24.081+0000] {dag.py:4180} INFO - Setting next_dagrun for example_subdag_operator.section-2 to None, run_after=None
[2025-03-29T17:19:24.088+0000] {processor.py:208} INFO - Processing /home/airflow/.local/lib/python3.12/site-packages/airflow/example_dags/example_subdag_operator.py took 0.062 seconds
[2025-03-29T17:19:55.519+0000] {processor.py:186} INFO - Started process (PID=555) to work on /home/airflow/.local/lib/python3.12/site-packages/airflow/example_dags/example_subdag_operator.py
[2025-03-29T17:19:55.520+0000] {processor.py:914} INFO - Processing file /home/airflow/.local/lib/python3.12/site-packages/airflow/example_dags/example_subdag_operator.py for tasks to queue
[2025-03-29T17:19:55.521+0000] {logging_mixin.py:190} INFO - [2025-03-29T17:19:55.521+0000] {dagbag.py:588} INFO - Filling up the DagBag from /home/airflow/.local/lib/python3.12/site-packages/airflow/example_dags/example_subdag_operator.py
[2025-03-29T17:19:55.545+0000] {processor.py:925} INFO - DAG(s) 'example_subdag_operator.section-1', 'example_subdag_operator.section-2', 'example_subdag_operator' retrieved from /home/airflow/.local/lib/python3.12/site-packages/airflow/example_dags/example_subdag_operator.py
[2025-03-29T17:19:55.559+0000] {logging_mixin.py:190} INFO - [2025-03-29T17:19:55.559+0000] {dag.py:3239} INFO - Sync 3 DAGs
[2025-03-29T17:19:55.577+0000] {logging_mixin.py:190} INFO - [2025-03-29T17:19:55.577+0000] {dag.py:4180} INFO - Setting next_dagrun for example_subdag_operator to 2022-01-01 00:00:00+00:00, run_after=2022-01-01 00:00:00+00:00
[2025-03-29T17:19:55.579+0000] {logging_mixin.py:190} INFO - [2025-03-29T17:19:55.579+0000] {dag.py:4180} INFO - Setting next_dagrun for example_subdag_operator.section-1 to None, run_after=None
[2025-03-29T17:19:55.580+0000] {logging_mixin.py:190} INFO - [2025-03-29T17:19:55.580+0000] {dag.py:4180} INFO - Setting next_dagrun for example_subdag_operator.section-2 to None, run_after=None
[2025-03-29T17:19:55.585+0000] {logging_mixin.py:190} INFO - [2025-03-29T17:19:55.585+0000] {dag.py:3239} INFO - Sync 2 DAGs
[2025-03-29T17:19:55.588+0000] {logging_mixin.py:190} INFO - [2025-03-29T17:19:55.588+0000] {dag.py:4180} INFO - Setting next_dagrun for example_subdag_operator.section-1 to None, run_after=None
[2025-03-29T17:19:55.589+0000] {logging_mixin.py:190} INFO - [2025-03-29T17:19:55.588+0000] {dag.py:4180} INFO - Setting next_dagrun for example_subdag_operator.section-2 to None, run_after=None
[2025-03-29T17:19:55.596+0000] {processor.py:208} INFO - Processing /home/airflow/.local/lib/python3.12/site-packages/airflow/example_dags/example_subdag_operator.py took 0.082 seconds
[2025-03-29T17:20:25.994+0000] {processor.py:186} INFO - Started process (PID=618) to work on /home/airflow/.local/lib/python3.12/site-packages/airflow/example_dags/example_subdag_operator.py
[2025-03-29T17:20:25.994+0000] {processor.py:914} INFO - Processing file /home/airflow/.local/lib/python3.12/site-packages/airflow/example_dags/example_subdag_operator.py for tasks to queue
[2025-03-29T17:20:25.995+0000] {logging_mixin.py:190} INFO - [2025-03-29T17:20:25.995+0000] {dagbag.py:588} INFO - Filling up the DagBag from /home/airflow/.local/lib/python3.12/site-packages/airflow/example_dags/example_subdag_operator.py
[2025-03-29T17:20:26.011+0000] {processor.py:925} INFO - DAG(s) 'example_subdag_operator.section-1', 'example_subdag_operator.section-2', 'example_subdag_operator' retrieved from /home/airflow/.local/lib/python3.12/site-packages/airflow/example_dags/example_subdag_operator.py
[2025-03-29T17:20:26.020+0000] {logging_mixin.py:190} INFO - [2025-03-29T17:20:26.020+0000] {dag.py:3239} INFO - Sync 3 DAGs
[2025-03-29T17:20:26.035+0000] {logging_mixin.py:190} INFO - [2025-03-29T17:20:26.035+0000] {dag.py:4180} INFO - Setting next_dagrun for example_subdag_operator to 2022-01-01 00:00:00+00:00, run_after=2022-01-01 00:00:00+00:00
[2025-03-29T17:20:26.037+0000] {logging_mixin.py:190} INFO - [2025-03-29T17:20:26.037+0000] {dag.py:4180} INFO - Setting next_dagrun for example_subdag_operator.section-1 to None, run_after=None
[2025-03-29T17:20:26.038+0000] {logging_mixin.py:190} INFO - [2025-03-29T17:20:26.038+0000] {dag.py:4180} INFO - Setting next_dagrun for example_subdag_operator.section-2 to None, run_after=None
[2025-03-29T17:20:26.042+0000] {logging_mixin.py:190} INFO - [2025-03-29T17:20:26.042+0000] {dag.py:3239} INFO - Sync 2 DAGs
[2025-03-29T17:20:26.045+0000] {logging_mixin.py:190} INFO - [2025-03-29T17:20:26.045+0000] {dag.py:4180} INFO - Setting next_dagrun for example_subdag_operator.section-1 to None, run_after=None
[2025-03-29T17:20:26.046+0000] {logging_mixin.py:190} INFO - [2025-03-29T17:20:26.045+0000] {dag.py:4180} INFO - Setting next_dagrun for example_subdag_operator.section-2 to None, run_after=None
[2025-03-29T17:20:26.052+0000] {processor.py:208} INFO - Processing /home/airflow/.local/lib/python3.12/site-packages/airflow/example_dags/example_subdag_operator.py took 0.062 seconds
[2025-03-29T17:20:57.423+0000] {processor.py:186} INFO - Started process (PID=687) to work on /home/airflow/.local/lib/python3.12/site-packages/airflow/example_dags/example_subdag_operator.py
[2025-03-29T17:20:57.424+0000] {processor.py:914} INFO - Processing file /home/airflow/.local/lib/python3.12/site-packages/airflow/example_dags/example_subdag_operator.py for tasks to queue
[2025-03-29T17:20:57.425+0000] {logging_mixin.py:190} INFO - [2025-03-29T17:20:57.425+0000] {dagbag.py:588} INFO - Filling up the DagBag from /home/airflow/.local/lib/python3.12/site-packages/airflow/example_dags/example_subdag_operator.py
[2025-03-29T17:20:57.441+0000] {processor.py:925} INFO - DAG(s) 'example_subdag_operator.section-1', 'example_subdag_operator.section-2', 'example_subdag_operator' retrieved from /home/airflow/.local/lib/python3.12/site-packages/airflow/example_dags/example_subdag_operator.py
[2025-03-29T17:20:57.451+0000] {logging_mixin.py:190} INFO - [2025-03-29T17:20:57.451+0000] {dag.py:3239} INFO - Sync 3 DAGs
[2025-03-29T17:20:57.466+0000] {logging_mixin.py:190} INFO - [2025-03-29T17:20:57.466+0000] {dag.py:4180} INFO - Setting next_dagrun for example_subdag_operator to 2022-01-01 00:00:00+00:00, run_after=2022-01-01 00:00:00+00:00
[2025-03-29T17:20:57.469+0000] {logging_mixin.py:190} INFO - [2025-03-29T17:20:57.469+0000] {dag.py:4180} INFO - Setting next_dagrun for example_subdag_operator.section-1 to None, run_after=None
[2025-03-29T17:20:57.469+0000] {logging_mixin.py:190} INFO - [2025-03-29T17:20:57.469+0000] {dag.py:4180} INFO - Setting next_dagrun for example_subdag_operator.section-2 to None, run_after=None
[2025-03-29T17:20:57.474+0000] {logging_mixin.py:190} INFO - [2025-03-29T17:20:57.474+0000] {dag.py:3239} INFO - Sync 2 DAGs
[2025-03-29T17:20:57.477+0000] {logging_mixin.py:190} INFO - [2025-03-29T17:20:57.477+0000] {dag.py:4180} INFO - Setting next_dagrun for example_subdag_operator.section-1 to None, run_after=None
[2025-03-29T17:20:57.477+0000] {logging_mixin.py:190} INFO - [2025-03-29T17:20:57.477+0000] {dag.py:4180} INFO - Setting next_dagrun for example_subdag_operator.section-2 to None, run_after=None
[2025-03-29T17:20:57.485+0000] {processor.py:208} INFO - Processing /home/airflow/.local/lib/python3.12/site-packages/airflow/example_dags/example_subdag_operator.py took 0.065 seconds
[2025-03-29T17:21:28.001+0000] {processor.py:186} INFO - Started process (PID=750) to work on /home/airflow/.local/lib/python3.12/site-packages/airflow/example_dags/example_subdag_operator.py
[2025-03-29T17:21:28.001+0000] {processor.py:914} INFO - Processing file /home/airflow/.local/lib/python3.12/site-packages/airflow/example_dags/example_subdag_operator.py for tasks to queue
[2025-03-29T17:21:28.003+0000] {logging_mixin.py:190} INFO - [2025-03-29T17:21:28.002+0000] {dagbag.py:588} INFO - Filling up the DagBag from /home/airflow/.local/lib/python3.12/site-packages/airflow/example_dags/example_subdag_operator.py
[2025-03-29T17:21:28.018+0000] {processor.py:925} INFO - DAG(s) 'example_subdag_operator.section-1', 'example_subdag_operator.section-2', 'example_subdag_operator' retrieved from /home/airflow/.local/lib/python3.12/site-packages/airflow/example_dags/example_subdag_operator.py
[2025-03-29T17:21:28.028+0000] {logging_mixin.py:190} INFO - [2025-03-29T17:21:28.027+0000] {dag.py:3239} INFO - Sync 3 DAGs
[2025-03-29T17:21:28.042+0000] {logging_mixin.py:190} INFO - [2025-03-29T17:21:28.042+0000] {dag.py:4180} INFO - Setting next_dagrun for example_subdag_operator to 2022-01-01 00:00:00+00:00, run_after=2022-01-01 00:00:00+00:00
[2025-03-29T17:21:28.044+0000] {logging_mixin.py:190} INFO - [2025-03-29T17:21:28.044+0000] {dag.py:4180} INFO - Setting next_dagrun for example_subdag_operator.section-1 to None, run_after=None
[2025-03-29T17:21:28.045+0000] {logging_mixin.py:190} INFO - [2025-03-29T17:21:28.045+0000] {dag.py:4180} INFO - Setting next_dagrun for example_subdag_operator.section-2 to None, run_after=None
[2025-03-29T17:21:28.049+0000] {logging_mixin.py:190} INFO - [2025-03-29T17:21:28.049+0000] {dag.py:3239} INFO - Sync 2 DAGs
[2025-03-29T17:21:28.053+0000] {logging_mixin.py:190} INFO - [2025-03-29T17:21:28.052+0000] {dag.py:4180} INFO - Setting next_dagrun for example_subdag_operator.section-1 to None, run_after=None
[2025-03-29T17:21:28.053+0000] {logging_mixin.py:190} INFO - [2025-03-29T17:21:28.053+0000] {dag.py:4180} INFO - Setting next_dagrun for example_subdag_operator.section-2 to None, run_after=None
[2025-03-29T17:21:28.059+0000] {processor.py:208} INFO - Processing /home/airflow/.local/lib/python3.12/site-packages/airflow/example_dags/example_subdag_operator.py took 0.062 seconds
[2025-03-29T17:21:59.269+0000] {processor.py:186} INFO - Started process (PID=813) to work on /home/airflow/.local/lib/python3.12/site-packages/airflow/example_dags/example_subdag_operator.py
[2025-03-29T17:21:59.270+0000] {processor.py:914} INFO - Processing file /home/airflow/.local/lib/python3.12/site-packages/airflow/example_dags/example_subdag_operator.py for tasks to queue
[2025-03-29T17:21:59.271+0000] {logging_mixin.py:190} INFO - [2025-03-29T17:21:59.271+0000] {dagbag.py:588} INFO - Filling up the DagBag from /home/airflow/.local/lib/python3.12/site-packages/airflow/example_dags/example_subdag_operator.py
[2025-03-29T17:21:59.286+0000] {processor.py:925} INFO - DAG(s) 'example_subdag_operator.section-1', 'example_subdag_operator.section-2', 'example_subdag_operator' retrieved from /home/airflow/.local/lib/python3.12/site-packages/airflow/example_dags/example_subdag_operator.py
[2025-03-29T17:21:59.296+0000] {logging_mixin.py:190} INFO - [2025-03-29T17:21:59.296+0000] {dag.py:3239} INFO - Sync 3 DAGs
[2025-03-29T17:21:59.311+0000] {logging_mixin.py:190} INFO - [2025-03-29T17:21:59.310+0000] {dag.py:4180} INFO - Setting next_dagrun for example_subdag_operator to 2022-01-01 00:00:00+00:00, run_after=2022-01-01 00:00:00+00:00
[2025-03-29T17:21:59.313+0000] {logging_mixin.py:190} INFO - [2025-03-29T17:21:59.313+0000] {dag.py:4180} INFO - Setting next_dagrun for example_subdag_operator.section-1 to None, run_after=None
[2025-03-29T17:21:59.314+0000] {logging_mixin.py:190} INFO - [2025-03-29T17:21:59.314+0000] {dag.py:4180} INFO - Setting next_dagrun for example_subdag_operator.section-2 to None, run_after=None
[2025-03-29T17:21:59.318+0000] {logging_mixin.py:190} INFO - [2025-03-29T17:21:59.318+0000] {dag.py:3239} INFO - Sync 2 DAGs
[2025-03-29T17:21:59.321+0000] {logging_mixin.py:190} INFO - [2025-03-29T17:21:59.321+0000] {dag.py:4180} INFO - Setting next_dagrun for example_subdag_operator.section-1 to None, run_after=None
[2025-03-29T17:21:59.321+0000] {logging_mixin.py:190} INFO - [2025-03-29T17:21:59.321+0000] {dag.py:4180} INFO - Setting next_dagrun for example_subdag_operator.section-2 to None, run_after=None
[2025-03-29T17:21:59.328+0000] {processor.py:208} INFO - Processing /home/airflow/.local/lib/python3.12/site-packages/airflow/example_dags/example_subdag_operator.py took 0.063 seconds
[2025-03-29T17:22:30.848+0000] {processor.py:186} INFO - Started process (PID=876) to work on /home/airflow/.local/lib/python3.12/site-packages/airflow/example_dags/example_subdag_operator.py
[2025-03-29T17:22:30.848+0000] {processor.py:914} INFO - Processing file /home/airflow/.local/lib/python3.12/site-packages/airflow/example_dags/example_subdag_operator.py for tasks to queue
[2025-03-29T17:22:30.850+0000] {logging_mixin.py:190} INFO - [2025-03-29T17:22:30.849+0000] {dagbag.py:588} INFO - Filling up the DagBag from /home/airflow/.local/lib/python3.12/site-packages/airflow/example_dags/example_subdag_operator.py
[2025-03-29T17:22:30.866+0000] {processor.py:925} INFO - DAG(s) 'example_subdag_operator.section-1', 'example_subdag_operator.section-2', 'example_subdag_operator' retrieved from /home/airflow/.local/lib/python3.12/site-packages/airflow/example_dags/example_subdag_operator.py
[2025-03-29T17:22:30.876+0000] {logging_mixin.py:190} INFO - [2025-03-29T17:22:30.876+0000] {dag.py:3239} INFO - Sync 3 DAGs
[2025-03-29T17:22:30.892+0000] {logging_mixin.py:190} INFO - [2025-03-29T17:22:30.892+0000] {dag.py:4180} INFO - Setting next_dagrun for example_subdag_operator to 2022-01-01 00:00:00+00:00, run_after=2022-01-01 00:00:00+00:00
[2025-03-29T17:22:30.895+0000] {logging_mixin.py:190} INFO - [2025-03-29T17:22:30.895+0000] {dag.py:4180} INFO - Setting next_dagrun for example_subdag_operator.section-1 to None, run_after=None
[2025-03-29T17:22:30.896+0000] {logging_mixin.py:190} INFO - [2025-03-29T17:22:30.895+0000] {dag.py:4180} INFO - Setting next_dagrun for example_subdag_operator.section-2 to None, run_after=None
[2025-03-29T17:22:30.901+0000] {logging_mixin.py:190} INFO - [2025-03-29T17:22:30.900+0000] {dag.py:3239} INFO - Sync 2 DAGs
[2025-03-29T17:22:30.904+0000] {logging_mixin.py:190} INFO - [2025-03-29T17:22:30.904+0000] {dag.py:4180} INFO - Setting next_dagrun for example_subdag_operator.section-1 to None, run_after=None
[2025-03-29T17:22:30.904+0000] {logging_mixin.py:190} INFO - [2025-03-29T17:22:30.904+0000] {dag.py:4180} INFO - Setting next_dagrun for example_subdag_operator.section-2 to None, run_after=None
[2025-03-29T17:22:30.911+0000] {processor.py:208} INFO - Processing /home/airflow/.local/lib/python3.12/site-packages/airflow/example_dags/example_subdag_operator.py took 0.067 seconds
[2025-03-29T17:23:01.465+0000] {processor.py:186} INFO - Started process (PID=939) to work on /home/airflow/.local/lib/python3.12/site-packages/airflow/example_dags/example_subdag_operator.py
[2025-03-29T17:23:01.467+0000] {processor.py:914} INFO - Processing file /home/airflow/.local/lib/python3.12/site-packages/airflow/example_dags/example_subdag_operator.py for tasks to queue
[2025-03-29T17:23:01.468+0000] {logging_mixin.py:190} INFO - [2025-03-29T17:23:01.468+0000] {dagbag.py:588} INFO - Filling up the DagBag from /home/airflow/.local/lib/python3.12/site-packages/airflow/example_dags/example_subdag_operator.py
[2025-03-29T17:23:01.484+0000] {processor.py:925} INFO - DAG(s) 'example_subdag_operator.section-1', 'example_subdag_operator.section-2', 'example_subdag_operator' retrieved from /home/airflow/.local/lib/python3.12/site-packages/airflow/example_dags/example_subdag_operator.py
[2025-03-29T17:23:01.494+0000] {logging_mixin.py:190} INFO - [2025-03-29T17:23:01.494+0000] {dag.py:3239} INFO - Sync 3 DAGs
[2025-03-29T17:23:01.509+0000] {logging_mixin.py:190} INFO - [2025-03-29T17:23:01.509+0000] {dag.py:4180} INFO - Setting next_dagrun for example_subdag_operator to 2022-01-01 00:00:00+00:00, run_after=2022-01-01 00:00:00+00:00
[2025-03-29T17:23:01.511+0000] {logging_mixin.py:190} INFO - [2025-03-29T17:23:01.511+0000] {dag.py:4180} INFO - Setting next_dagrun for example_subdag_operator.section-1 to None, run_after=None
[2025-03-29T17:23:01.512+0000] {logging_mixin.py:190} INFO - [2025-03-29T17:23:01.512+0000] {dag.py:4180} INFO - Setting next_dagrun for example_subdag_operator.section-2 to None, run_after=None
[2025-03-29T17:23:01.516+0000] {logging_mixin.py:190} INFO - [2025-03-29T17:23:01.516+0000] {dag.py:3239} INFO - Sync 2 DAGs
[2025-03-29T17:23:01.519+0000] {logging_mixin.py:190} INFO - [2025-03-29T17:23:01.519+0000] {dag.py:4180} INFO - Setting next_dagrun for example_subdag_operator.section-1 to None, run_after=None
[2025-03-29T17:23:01.519+0000] {logging_mixin.py:190} INFO - [2025-03-29T17:23:01.519+0000] {dag.py:4180} INFO - Setting next_dagrun for example_subdag_operator.section-2 to None, run_after=None
[2025-03-29T17:23:01.526+0000] {processor.py:208} INFO - Processing /home/airflow/.local/lib/python3.12/site-packages/airflow/example_dags/example_subdag_operator.py took 0.065 seconds
[2025-03-29T17:26:06.106+0000] {processor.py:186} INFO - Started process (PID=51) to work on /home/airflow/.local/lib/python3.12/site-packages/airflow/example_dags/example_subdag_operator.py
[2025-03-29T17:26:06.107+0000] {processor.py:914} INFO - Processing file /home/airflow/.local/lib/python3.12/site-packages/airflow/example_dags/example_subdag_operator.py for tasks to queue
[2025-03-29T17:26:06.108+0000] {logging_mixin.py:190} INFO - [2025-03-29T17:26:06.108+0000] {dagbag.py:588} INFO - Filling up the DagBag from /home/airflow/.local/lib/python3.12/site-packages/airflow/example_dags/example_subdag_operator.py
[2025-03-29T17:26:06.135+0000] {processor.py:925} INFO - DAG(s) 'example_subdag_operator.section-1', 'example_subdag_operator.section-2', 'example_subdag_operator' retrieved from /home/airflow/.local/lib/python3.12/site-packages/airflow/example_dags/example_subdag_operator.py
[2025-03-29T17:26:06.247+0000] {logging_mixin.py:190} INFO - [2025-03-29T17:26:06.246+0000] {override.py:1912} INFO - Created Permission View: can delete on DAG:example_subdag_operator
[2025-03-29T17:26:06.259+0000] {logging_mixin.py:190} INFO - [2025-03-29T17:26:06.258+0000] {override.py:1912} INFO - Created Permission View: can read on DAG:example_subdag_operator
[2025-03-29T17:26:06.264+0000] {logging_mixin.py:190} INFO - [2025-03-29T17:26:06.264+0000] {override.py:1912} INFO - Created Permission View: can edit on DAG:example_subdag_operator
[2025-03-29T17:26:06.270+0000] {logging_mixin.py:190} INFO - [2025-03-29T17:26:06.269+0000] {override.py:1912} INFO - Created Permission View: can delete on DAG Run:example_subdag_operator
[2025-03-29T17:26:06.277+0000] {logging_mixin.py:190} INFO - [2025-03-29T17:26:06.276+0000] {override.py:1912} INFO - Created Permission View: can read on DAG Run:example_subdag_operator
[2025-03-29T17:26:06.283+0000] {logging_mixin.py:190} INFO - [2025-03-29T17:26:06.283+0000] {override.py:1912} INFO - Created Permission View: can create on DAG Run:example_subdag_operator
[2025-03-29T17:26:06.288+0000] {logging_mixin.py:190} INFO - [2025-03-29T17:26:06.288+0000] {override.py:1912} INFO - Created Permission View: menu access on DAG Run:example_subdag_operator
[2025-03-29T17:26:06.289+0000] {logging_mixin.py:190} INFO - [2025-03-29T17:26:06.289+0000] {dag.py:3239} INFO - Sync 3 DAGs
[2025-03-29T17:26:06.299+0000] {logging_mixin.py:190} INFO - [2025-03-29T17:26:06.299+0000] {dag.py:3262} INFO - Creating ORM DAG for example_subdag_operator.section-1
[2025-03-29T17:26:06.300+0000] {logging_mixin.py:190} INFO - [2025-03-29T17:26:06.300+0000] {dag.py:3262} INFO - Creating ORM DAG for example_subdag_operator
[2025-03-29T17:26:06.300+0000] {logging_mixin.py:190} INFO - [2025-03-29T17:26:06.300+0000] {dag.py:3262} INFO - Creating ORM DAG for example_subdag_operator.section-2
[2025-03-29T17:26:06.309+0000] {logging_mixin.py:190} INFO - [2025-03-29T17:26:06.308+0000] {dag.py:4180} INFO - Setting next_dagrun for example_subdag_operator to 2022-01-01 00:00:00+00:00, run_after=2022-01-01 00:00:00+00:00
[2025-03-29T17:26:06.309+0000] {logging_mixin.py:190} INFO - [2025-03-29T17:26:06.309+0000] {dag.py:4180} INFO - Setting next_dagrun for example_subdag_operator.section-1 to None, run_after=None
[2025-03-29T17:26:06.309+0000] {logging_mixin.py:190} INFO - [2025-03-29T17:26:06.309+0000] {dag.py:4180} INFO - Setting next_dagrun for example_subdag_operator.section-2 to None, run_after=None
[2025-03-29T17:26:06.319+0000] {logging_mixin.py:190} INFO - [2025-03-29T17:26:06.319+0000] {dag.py:3239} INFO - Sync 2 DAGs
[2025-03-29T17:26:06.324+0000] {logging_mixin.py:190} INFO - [2025-03-29T17:26:06.324+0000] {dag.py:4180} INFO - Setting next_dagrun for example_subdag_operator.section-1 to None, run_after=None
[2025-03-29T17:26:06.327+0000] {logging_mixin.py:190} INFO - [2025-03-29T17:26:06.327+0000] {dag.py:4180} INFO - Setting next_dagrun for example_subdag_operator.section-2 to None, run_after=None
[2025-03-29T17:26:06.339+0000] {processor.py:208} INFO - Processing /home/airflow/.local/lib/python3.12/site-packages/airflow/example_dags/example_subdag_operator.py took 0.237 seconds
[2025-03-29T17:26:36.688+0000] {processor.py:186} INFO - Started process (PID=114) to work on /home/airflow/.local/lib/python3.12/site-packages/airflow/example_dags/example_subdag_operator.py
[2025-03-29T17:26:36.689+0000] {processor.py:914} INFO - Processing file /home/airflow/.local/lib/python3.12/site-packages/airflow/example_dags/example_subdag_operator.py for tasks to queue
[2025-03-29T17:26:36.690+0000] {logging_mixin.py:190} INFO - [2025-03-29T17:26:36.690+0000] {dagbag.py:588} INFO - Filling up the DagBag from /home/airflow/.local/lib/python3.12/site-packages/airflow/example_dags/example_subdag_operator.py
[2025-03-29T17:26:36.713+0000] {processor.py:925} INFO - DAG(s) 'example_subdag_operator.section-1', 'example_subdag_operator.section-2', 'example_subdag_operator' retrieved from /home/airflow/.local/lib/python3.12/site-packages/airflow/example_dags/example_subdag_operator.py
[2025-03-29T17:26:36.724+0000] {logging_mixin.py:190} INFO - [2025-03-29T17:26:36.724+0000] {dag.py:3239} INFO - Sync 3 DAGs
[2025-03-29T17:26:36.741+0000] {logging_mixin.py:190} INFO - [2025-03-29T17:26:36.741+0000] {dag.py:4180} INFO - Setting next_dagrun for example_subdag_operator to 2022-01-01 00:00:00+00:00, run_after=2022-01-01 00:00:00+00:00
[2025-03-29T17:26:36.744+0000] {logging_mixin.py:190} INFO - [2025-03-29T17:26:36.744+0000] {dag.py:4180} INFO - Setting next_dagrun for example_subdag_operator.section-1 to None, run_after=None
[2025-03-29T17:26:36.745+0000] {logging_mixin.py:190} INFO - [2025-03-29T17:26:36.745+0000] {dag.py:4180} INFO - Setting next_dagrun for example_subdag_operator.section-2 to None, run_after=None
[2025-03-29T17:26:36.750+0000] {logging_mixin.py:190} INFO - [2025-03-29T17:26:36.750+0000] {dag.py:3239} INFO - Sync 2 DAGs
[2025-03-29T17:26:36.755+0000] {logging_mixin.py:190} INFO - [2025-03-29T17:26:36.755+0000] {dag.py:4180} INFO - Setting next_dagrun for example_subdag_operator.section-1 to None, run_after=None
[2025-03-29T17:26:36.755+0000] {logging_mixin.py:190} INFO - [2025-03-29T17:26:36.755+0000] {dag.py:4180} INFO - Setting next_dagrun for example_subdag_operator.section-2 to None, run_after=None
[2025-03-29T17:26:36.763+0000] {processor.py:208} INFO - Processing /home/airflow/.local/lib/python3.12/site-packages/airflow/example_dags/example_subdag_operator.py took 0.078 seconds
[2025-03-29T17:27:07.598+0000] {processor.py:186} INFO - Started process (PID=177) to work on /home/airflow/.local/lib/python3.12/site-packages/airflow/example_dags/example_subdag_operator.py
[2025-03-29T17:27:07.599+0000] {processor.py:914} INFO - Processing file /home/airflow/.local/lib/python3.12/site-packages/airflow/example_dags/example_subdag_operator.py for tasks to queue
[2025-03-29T17:27:07.600+0000] {logging_mixin.py:190} INFO - [2025-03-29T17:27:07.600+0000] {dagbag.py:588} INFO - Filling up the DagBag from /home/airflow/.local/lib/python3.12/site-packages/airflow/example_dags/example_subdag_operator.py
[2025-03-29T17:27:07.616+0000] {processor.py:925} INFO - DAG(s) 'example_subdag_operator.section-1', 'example_subdag_operator.section-2', 'example_subdag_operator' retrieved from /home/airflow/.local/lib/python3.12/site-packages/airflow/example_dags/example_subdag_operator.py
[2025-03-29T17:27:07.627+0000] {logging_mixin.py:190} INFO - [2025-03-29T17:27:07.627+0000] {dag.py:3239} INFO - Sync 3 DAGs
[2025-03-29T17:27:07.643+0000] {logging_mixin.py:190} INFO - [2025-03-29T17:27:07.643+0000] {dag.py:4180} INFO - Setting next_dagrun for example_subdag_operator to 2022-01-01 00:00:00+00:00, run_after=2022-01-01 00:00:00+00:00
[2025-03-29T17:27:07.645+0000] {logging_mixin.py:190} INFO - [2025-03-29T17:27:07.645+0000] {dag.py:4180} INFO - Setting next_dagrun for example_subdag_operator.section-1 to None, run_after=None
[2025-03-29T17:27:07.646+0000] {logging_mixin.py:190} INFO - [2025-03-29T17:27:07.646+0000] {dag.py:4180} INFO - Setting next_dagrun for example_subdag_operator.section-2 to None, run_after=None
[2025-03-29T17:27:07.651+0000] {logging_mixin.py:190} INFO - [2025-03-29T17:27:07.650+0000] {dag.py:3239} INFO - Sync 2 DAGs
[2025-03-29T17:27:07.654+0000] {logging_mixin.py:190} INFO - [2025-03-29T17:27:07.654+0000] {dag.py:4180} INFO - Setting next_dagrun for example_subdag_operator.section-1 to None, run_after=None
[2025-03-29T17:27:07.654+0000] {logging_mixin.py:190} INFO - [2025-03-29T17:27:07.654+0000] {dag.py:4180} INFO - Setting next_dagrun for example_subdag_operator.section-2 to None, run_after=None
[2025-03-29T17:27:07.664+0000] {processor.py:208} INFO - Processing /home/airflow/.local/lib/python3.12/site-packages/airflow/example_dags/example_subdag_operator.py took 0.070 seconds
[2025-03-29T17:27:38.097+0000] {processor.py:186} INFO - Started process (PID=240) to work on /home/airflow/.local/lib/python3.12/site-packages/airflow/example_dags/example_subdag_operator.py
[2025-03-29T17:27:38.098+0000] {processor.py:914} INFO - Processing file /home/airflow/.local/lib/python3.12/site-packages/airflow/example_dags/example_subdag_operator.py for tasks to queue
[2025-03-29T17:27:38.099+0000] {logging_mixin.py:190} INFO - [2025-03-29T17:27:38.099+0000] {dagbag.py:588} INFO - Filling up the DagBag from /home/airflow/.local/lib/python3.12/site-packages/airflow/example_dags/example_subdag_operator.py
[2025-03-29T17:27:38.115+0000] {processor.py:925} INFO - DAG(s) 'example_subdag_operator.section-1', 'example_subdag_operator.section-2', 'example_subdag_operator' retrieved from /home/airflow/.local/lib/python3.12/site-packages/airflow/example_dags/example_subdag_operator.py
[2025-03-29T17:27:38.125+0000] {logging_mixin.py:190} INFO - [2025-03-29T17:27:38.124+0000] {dag.py:3239} INFO - Sync 3 DAGs
[2025-03-29T17:27:38.140+0000] {logging_mixin.py:190} INFO - [2025-03-29T17:27:38.139+0000] {dag.py:4180} INFO - Setting next_dagrun for example_subdag_operator to 2022-01-01 00:00:00+00:00, run_after=2022-01-01 00:00:00+00:00
[2025-03-29T17:27:38.142+0000] {logging_mixin.py:190} INFO - [2025-03-29T17:27:38.142+0000] {dag.py:4180} INFO - Setting next_dagrun for example_subdag_operator.section-1 to None, run_after=None
[2025-03-29T17:27:38.143+0000] {logging_mixin.py:190} INFO - [2025-03-29T17:27:38.143+0000] {dag.py:4180} INFO - Setting next_dagrun for example_subdag_operator.section-2 to None, run_after=None
[2025-03-29T17:27:38.147+0000] {logging_mixin.py:190} INFO - [2025-03-29T17:27:38.147+0000] {dag.py:3239} INFO - Sync 2 DAGs
[2025-03-29T17:27:38.150+0000] {logging_mixin.py:190} INFO - [2025-03-29T17:27:38.150+0000] {dag.py:4180} INFO - Setting next_dagrun for example_subdag_operator.section-1 to None, run_after=None
[2025-03-29T17:27:38.150+0000] {logging_mixin.py:190} INFO - [2025-03-29T17:27:38.150+0000] {dag.py:4180} INFO - Setting next_dagrun for example_subdag_operator.section-2 to None, run_after=None
[2025-03-29T17:27:38.156+0000] {processor.py:208} INFO - Processing /home/airflow/.local/lib/python3.12/site-packages/airflow/example_dags/example_subdag_operator.py took 0.063 seconds
[2025-03-29T17:28:09.383+0000] {processor.py:186} INFO - Started process (PID=303) to work on /home/airflow/.local/lib/python3.12/site-packages/airflow/example_dags/example_subdag_operator.py
[2025-03-29T17:28:09.384+0000] {processor.py:914} INFO - Processing file /home/airflow/.local/lib/python3.12/site-packages/airflow/example_dags/example_subdag_operator.py for tasks to queue
[2025-03-29T17:28:09.385+0000] {logging_mixin.py:190} INFO - [2025-03-29T17:28:09.385+0000] {dagbag.py:588} INFO - Filling up the DagBag from /home/airflow/.local/lib/python3.12/site-packages/airflow/example_dags/example_subdag_operator.py
[2025-03-29T17:28:09.401+0000] {processor.py:925} INFO - DAG(s) 'example_subdag_operator.section-1', 'example_subdag_operator.section-2', 'example_subdag_operator' retrieved from /home/airflow/.local/lib/python3.12/site-packages/airflow/example_dags/example_subdag_operator.py
[2025-03-29T17:28:09.410+0000] {logging_mixin.py:190} INFO - [2025-03-29T17:28:09.410+0000] {dag.py:3239} INFO - Sync 3 DAGs
[2025-03-29T17:28:09.426+0000] {logging_mixin.py:190} INFO - [2025-03-29T17:28:09.426+0000] {dag.py:4180} INFO - Setting next_dagrun for example_subdag_operator to 2022-01-01 00:00:00+00:00, run_after=2022-01-01 00:00:00+00:00
[2025-03-29T17:28:09.428+0000] {logging_mixin.py:190} INFO - [2025-03-29T17:28:09.428+0000] {dag.py:4180} INFO - Setting next_dagrun for example_subdag_operator.section-1 to None, run_after=None
[2025-03-29T17:28:09.429+0000] {logging_mixin.py:190} INFO - [2025-03-29T17:28:09.429+0000] {dag.py:4180} INFO - Setting next_dagrun for example_subdag_operator.section-2 to None, run_after=None
[2025-03-29T17:28:09.433+0000] {logging_mixin.py:190} INFO - [2025-03-29T17:28:09.433+0000] {dag.py:3239} INFO - Sync 2 DAGs
[2025-03-29T17:28:09.436+0000] {logging_mixin.py:190} INFO - [2025-03-29T17:28:09.436+0000] {dag.py:4180} INFO - Setting next_dagrun for example_subdag_operator.section-1 to None, run_after=None
[2025-03-29T17:28:09.437+0000] {logging_mixin.py:190} INFO - [2025-03-29T17:28:09.437+0000] {dag.py:4180} INFO - Setting next_dagrun for example_subdag_operator.section-2 to None, run_after=None
[2025-03-29T17:28:09.443+0000] {processor.py:208} INFO - Processing /home/airflow/.local/lib/python3.12/site-packages/airflow/example_dags/example_subdag_operator.py took 0.063 seconds
[2025-03-29T17:28:39.936+0000] {processor.py:186} INFO - Started process (PID=366) to work on /home/airflow/.local/lib/python3.12/site-packages/airflow/example_dags/example_subdag_operator.py
[2025-03-29T17:28:39.937+0000] {processor.py:914} INFO - Processing file /home/airflow/.local/lib/python3.12/site-packages/airflow/example_dags/example_subdag_operator.py for tasks to queue
[2025-03-29T17:28:39.938+0000] {logging_mixin.py:190} INFO - [2025-03-29T17:28:39.938+0000] {dagbag.py:588} INFO - Filling up the DagBag from /home/airflow/.local/lib/python3.12/site-packages/airflow/example_dags/example_subdag_operator.py
[2025-03-29T17:28:39.955+0000] {processor.py:925} INFO - DAG(s) 'example_subdag_operator.section-1', 'example_subdag_operator.section-2', 'example_subdag_operator' retrieved from /home/airflow/.local/lib/python3.12/site-packages/airflow/example_dags/example_subdag_operator.py
[2025-03-29T17:28:39.965+0000] {logging_mixin.py:190} INFO - [2025-03-29T17:28:39.965+0000] {dag.py:3239} INFO - Sync 3 DAGs
[2025-03-29T17:28:39.980+0000] {logging_mixin.py:190} INFO - [2025-03-29T17:28:39.980+0000] {dag.py:4180} INFO - Setting next_dagrun for example_subdag_operator to 2022-01-01 00:00:00+00:00, run_after=2022-01-01 00:00:00+00:00
[2025-03-29T17:28:39.983+0000] {logging_mixin.py:190} INFO - [2025-03-29T17:28:39.983+0000] {dag.py:4180} INFO - Setting next_dagrun for example_subdag_operator.section-1 to None, run_after=None
[2025-03-29T17:28:39.983+0000] {logging_mixin.py:190} INFO - [2025-03-29T17:28:39.983+0000] {dag.py:4180} INFO - Setting next_dagrun for example_subdag_operator.section-2 to None, run_after=None
[2025-03-29T17:28:39.988+0000] {logging_mixin.py:190} INFO - [2025-03-29T17:28:39.987+0000] {dag.py:3239} INFO - Sync 2 DAGs
[2025-03-29T17:28:39.991+0000] {logging_mixin.py:190} INFO - [2025-03-29T17:28:39.991+0000] {dag.py:4180} INFO - Setting next_dagrun for example_subdag_operator.section-1 to None, run_after=None
[2025-03-29T17:28:39.991+0000] {logging_mixin.py:190} INFO - [2025-03-29T17:28:39.991+0000] {dag.py:4180} INFO - Setting next_dagrun for example_subdag_operator.section-2 to None, run_after=None
[2025-03-29T17:28:40.000+0000] {processor.py:208} INFO - Processing /home/airflow/.local/lib/python3.12/site-packages/airflow/example_dags/example_subdag_operator.py took 0.067 seconds
[2025-03-29T17:29:11.234+0000] {processor.py:186} INFO - Started process (PID=429) to work on /home/airflow/.local/lib/python3.12/site-packages/airflow/example_dags/example_subdag_operator.py
[2025-03-29T17:29:11.234+0000] {processor.py:914} INFO - Processing file /home/airflow/.local/lib/python3.12/site-packages/airflow/example_dags/example_subdag_operator.py for tasks to queue
[2025-03-29T17:29:11.236+0000] {logging_mixin.py:190} INFO - [2025-03-29T17:29:11.235+0000] {dagbag.py:588} INFO - Filling up the DagBag from /home/airflow/.local/lib/python3.12/site-packages/airflow/example_dags/example_subdag_operator.py
[2025-03-29T17:29:11.251+0000] {processor.py:925} INFO - DAG(s) 'example_subdag_operator.section-1', 'example_subdag_operator.section-2', 'example_subdag_operator' retrieved from /home/airflow/.local/lib/python3.12/site-packages/airflow/example_dags/example_subdag_operator.py
[2025-03-29T17:29:11.260+0000] {logging_mixin.py:190} INFO - [2025-03-29T17:29:11.260+0000] {dag.py:3239} INFO - Sync 3 DAGs
[2025-03-29T17:29:11.275+0000] {logging_mixin.py:190} INFO - [2025-03-29T17:29:11.275+0000] {dag.py:4180} INFO - Setting next_dagrun for example_subdag_operator to 2022-01-01 00:00:00+00:00, run_after=2022-01-01 00:00:00+00:00
[2025-03-29T17:29:11.277+0000] {logging_mixin.py:190} INFO - [2025-03-29T17:29:11.277+0000] {dag.py:4180} INFO - Setting next_dagrun for example_subdag_operator.section-1 to None, run_after=None
[2025-03-29T17:29:11.278+0000] {logging_mixin.py:190} INFO - [2025-03-29T17:29:11.278+0000] {dag.py:4180} INFO - Setting next_dagrun for example_subdag_operator.section-2 to None, run_after=None
[2025-03-29T17:29:11.282+0000] {logging_mixin.py:190} INFO - [2025-03-29T17:29:11.282+0000] {dag.py:3239} INFO - Sync 2 DAGs
[2025-03-29T17:29:11.285+0000] {logging_mixin.py:190} INFO - [2025-03-29T17:29:11.285+0000] {dag.py:4180} INFO - Setting next_dagrun for example_subdag_operator.section-1 to None, run_after=None
[2025-03-29T17:29:11.285+0000] {logging_mixin.py:190} INFO - [2025-03-29T17:29:11.285+0000] {dag.py:4180} INFO - Setting next_dagrun for example_subdag_operator.section-2 to None, run_after=None
[2025-03-29T17:29:11.292+0000] {processor.py:208} INFO - Processing /home/airflow/.local/lib/python3.12/site-packages/airflow/example_dags/example_subdag_operator.py took 0.061 seconds
[2025-03-29T17:29:42.707+0000] {processor.py:186} INFO - Started process (PID=492) to work on /home/airflow/.local/lib/python3.12/site-packages/airflow/example_dags/example_subdag_operator.py
[2025-03-29T17:29:42.708+0000] {processor.py:914} INFO - Processing file /home/airflow/.local/lib/python3.12/site-packages/airflow/example_dags/example_subdag_operator.py for tasks to queue
[2025-03-29T17:29:42.709+0000] {logging_mixin.py:190} INFO - [2025-03-29T17:29:42.709+0000] {dagbag.py:588} INFO - Filling up the DagBag from /home/airflow/.local/lib/python3.12/site-packages/airflow/example_dags/example_subdag_operator.py
[2025-03-29T17:29:42.727+0000] {processor.py:925} INFO - DAG(s) 'example_subdag_operator.section-1', 'example_subdag_operator.section-2', 'example_subdag_operator' retrieved from /home/airflow/.local/lib/python3.12/site-packages/airflow/example_dags/example_subdag_operator.py
[2025-03-29T17:29:42.742+0000] {logging_mixin.py:190} INFO - [2025-03-29T17:29:42.742+0000] {dag.py:3239} INFO - Sync 3 DAGs
[2025-03-29T17:29:42.765+0000] {logging_mixin.py:190} INFO - [2025-03-29T17:29:42.765+0000] {dag.py:4180} INFO - Setting next_dagrun for example_subdag_operator to 2022-01-01 00:00:00+00:00, run_after=2022-01-01 00:00:00+00:00
[2025-03-29T17:29:42.769+0000] {logging_mixin.py:190} INFO - [2025-03-29T17:29:42.769+0000] {dag.py:4180} INFO - Setting next_dagrun for example_subdag_operator.section-1 to None, run_after=None
[2025-03-29T17:29:42.771+0000] {logging_mixin.py:190} INFO - [2025-03-29T17:29:42.770+0000] {dag.py:4180} INFO - Setting next_dagrun for example_subdag_operator.section-2 to None, run_after=None
[2025-03-29T17:29:42.778+0000] {logging_mixin.py:190} INFO - [2025-03-29T17:29:42.778+0000] {dag.py:3239} INFO - Sync 2 DAGs
[2025-03-29T17:29:42.783+0000] {logging_mixin.py:190} INFO - [2025-03-29T17:29:42.783+0000] {dag.py:4180} INFO - Setting next_dagrun for example_subdag_operator.section-1 to None, run_after=None
[2025-03-29T17:29:42.784+0000] {logging_mixin.py:190} INFO - [2025-03-29T17:29:42.784+0000] {dag.py:4180} INFO - Setting next_dagrun for example_subdag_operator.section-2 to None, run_after=None
[2025-03-29T17:29:42.793+0000] {processor.py:208} INFO - Processing /home/airflow/.local/lib/python3.12/site-packages/airflow/example_dags/example_subdag_operator.py took 0.089 seconds
[2025-03-29T17:30:14.234+0000] {processor.py:186} INFO - Started process (PID=555) to work on /home/airflow/.local/lib/python3.12/site-packages/airflow/example_dags/example_subdag_operator.py
[2025-03-29T17:30:14.235+0000] {processor.py:914} INFO - Processing file /home/airflow/.local/lib/python3.12/site-packages/airflow/example_dags/example_subdag_operator.py for tasks to queue
[2025-03-29T17:30:14.236+0000] {logging_mixin.py:190} INFO - [2025-03-29T17:30:14.236+0000] {dagbag.py:588} INFO - Filling up the DagBag from /home/airflow/.local/lib/python3.12/site-packages/airflow/example_dags/example_subdag_operator.py
[2025-03-29T17:30:14.251+0000] {processor.py:925} INFO - DAG(s) 'example_subdag_operator.section-1', 'example_subdag_operator.section-2', 'example_subdag_operator' retrieved from /home/airflow/.local/lib/python3.12/site-packages/airflow/example_dags/example_subdag_operator.py
[2025-03-29T17:30:14.262+0000] {logging_mixin.py:190} INFO - [2025-03-29T17:30:14.261+0000] {dag.py:3239} INFO - Sync 3 DAGs
[2025-03-29T17:30:14.278+0000] {logging_mixin.py:190} INFO - [2025-03-29T17:30:14.278+0000] {dag.py:4180} INFO - Setting next_dagrun for example_subdag_operator to 2022-01-01 00:00:00+00:00, run_after=2022-01-01 00:00:00+00:00
[2025-03-29T17:30:14.281+0000] {logging_mixin.py:190} INFO - [2025-03-29T17:30:14.281+0000] {dag.py:4180} INFO - Setting next_dagrun for example_subdag_operator.section-1 to None, run_after=None
[2025-03-29T17:30:14.281+0000] {logging_mixin.py:190} INFO - [2025-03-29T17:30:14.281+0000] {dag.py:4180} INFO - Setting next_dagrun for example_subdag_operator.section-2 to None, run_after=None
[2025-03-29T17:30:14.286+0000] {logging_mixin.py:190} INFO - [2025-03-29T17:30:14.286+0000] {dag.py:3239} INFO - Sync 2 DAGs
[2025-03-29T17:30:14.290+0000] {logging_mixin.py:190} INFO - [2025-03-29T17:30:14.290+0000] {dag.py:4180} INFO - Setting next_dagrun for example_subdag_operator.section-1 to None, run_after=None
[2025-03-29T17:30:14.290+0000] {logging_mixin.py:190} INFO - [2025-03-29T17:30:14.290+0000] {dag.py:4180} INFO - Setting next_dagrun for example_subdag_operator.section-2 to None, run_after=None
[2025-03-29T17:30:14.299+0000] {processor.py:208} INFO - Processing /home/airflow/.local/lib/python3.12/site-packages/airflow/example_dags/example_subdag_operator.py took 0.068 seconds
[2025-03-29T17:30:44.864+0000] {processor.py:186} INFO - Started process (PID=618) to work on /home/airflow/.local/lib/python3.12/site-packages/airflow/example_dags/example_subdag_operator.py
[2025-03-29T17:30:44.864+0000] {processor.py:914} INFO - Processing file /home/airflow/.local/lib/python3.12/site-packages/airflow/example_dags/example_subdag_operator.py for tasks to queue
[2025-03-29T17:30:44.866+0000] {logging_mixin.py:190} INFO - [2025-03-29T17:30:44.865+0000] {dagbag.py:588} INFO - Filling up the DagBag from /home/airflow/.local/lib/python3.12/site-packages/airflow/example_dags/example_subdag_operator.py
[2025-03-29T17:30:44.881+0000] {processor.py:925} INFO - DAG(s) 'example_subdag_operator.section-1', 'example_subdag_operator.section-2', 'example_subdag_operator' retrieved from /home/airflow/.local/lib/python3.12/site-packages/airflow/example_dags/example_subdag_operator.py
[2025-03-29T17:30:44.890+0000] {logging_mixin.py:190} INFO - [2025-03-29T17:30:44.890+0000] {dag.py:3239} INFO - Sync 3 DAGs
[2025-03-29T17:30:44.906+0000] {logging_mixin.py:190} INFO - [2025-03-29T17:30:44.905+0000] {dag.py:4180} INFO - Setting next_dagrun for example_subdag_operator to 2022-01-01 00:00:00+00:00, run_after=2022-01-01 00:00:00+00:00
[2025-03-29T17:30:44.908+0000] {logging_mixin.py:190} INFO - [2025-03-29T17:30:44.908+0000] {dag.py:4180} INFO - Setting next_dagrun for example_subdag_operator.section-1 to None, run_after=None
[2025-03-29T17:30:44.909+0000] {logging_mixin.py:190} INFO - [2025-03-29T17:30:44.908+0000] {dag.py:4180} INFO - Setting next_dagrun for example_subdag_operator.section-2 to None, run_after=None
[2025-03-29T17:30:44.913+0000] {logging_mixin.py:190} INFO - [2025-03-29T17:30:44.913+0000] {dag.py:3239} INFO - Sync 2 DAGs
[2025-03-29T17:30:44.916+0000] {logging_mixin.py:190} INFO - [2025-03-29T17:30:44.916+0000] {dag.py:4180} INFO - Setting next_dagrun for example_subdag_operator.section-1 to None, run_after=None
[2025-03-29T17:30:44.916+0000] {logging_mixin.py:190} INFO - [2025-03-29T17:30:44.916+0000] {dag.py:4180} INFO - Setting next_dagrun for example_subdag_operator.section-2 to None, run_after=None
[2025-03-29T17:30:44.924+0000] {processor.py:208} INFO - Processing /home/airflow/.local/lib/python3.12/site-packages/airflow/example_dags/example_subdag_operator.py took 0.063 seconds
[2025-03-29T17:31:16.067+0000] {processor.py:186} INFO - Started process (PID=681) to work on /home/airflow/.local/lib/python3.12/site-packages/airflow/example_dags/example_subdag_operator.py
[2025-03-29T17:31:16.067+0000] {processor.py:914} INFO - Processing file /home/airflow/.local/lib/python3.12/site-packages/airflow/example_dags/example_subdag_operator.py for tasks to queue
[2025-03-29T17:31:16.068+0000] {logging_mixin.py:190} INFO - [2025-03-29T17:31:16.068+0000] {dagbag.py:588} INFO - Filling up the DagBag from /home/airflow/.local/lib/python3.12/site-packages/airflow/example_dags/example_subdag_operator.py
[2025-03-29T17:31:16.084+0000] {processor.py:925} INFO - DAG(s) 'example_subdag_operator.section-1', 'example_subdag_operator.section-2', 'example_subdag_operator' retrieved from /home/airflow/.local/lib/python3.12/site-packages/airflow/example_dags/example_subdag_operator.py
[2025-03-29T17:31:16.093+0000] {logging_mixin.py:190} INFO - [2025-03-29T17:31:16.093+0000] {dag.py:3239} INFO - Sync 3 DAGs
[2025-03-29T17:31:16.109+0000] {logging_mixin.py:190} INFO - [2025-03-29T17:31:16.109+0000] {dag.py:4180} INFO - Setting next_dagrun for example_subdag_operator to 2022-01-01 00:00:00+00:00, run_after=2022-01-01 00:00:00+00:00
[2025-03-29T17:31:16.111+0000] {logging_mixin.py:190} INFO - [2025-03-29T17:31:16.111+0000] {dag.py:4180} INFO - Setting next_dagrun for example_subdag_operator.section-1 to None, run_after=None
[2025-03-29T17:31:16.112+0000] {logging_mixin.py:190} INFO - [2025-03-29T17:31:16.112+0000] {dag.py:4180} INFO - Setting next_dagrun for example_subdag_operator.section-2 to None, run_after=None
[2025-03-29T17:31:16.116+0000] {logging_mixin.py:190} INFO - [2025-03-29T17:31:16.116+0000] {dag.py:3239} INFO - Sync 2 DAGs
[2025-03-29T17:31:16.119+0000] {logging_mixin.py:190} INFO - [2025-03-29T17:31:16.119+0000] {dag.py:4180} INFO - Setting next_dagrun for example_subdag_operator.section-1 to None, run_after=None
[2025-03-29T17:31:16.120+0000] {logging_mixin.py:190} INFO - [2025-03-29T17:31:16.120+0000] {dag.py:4180} INFO - Setting next_dagrun for example_subdag_operator.section-2 to None, run_after=None
[2025-03-29T17:31:16.127+0000] {processor.py:208} INFO - Processing /home/airflow/.local/lib/python3.12/site-packages/airflow/example_dags/example_subdag_operator.py took 0.064 seconds
[2025-03-29T17:31:47.441+0000] {processor.py:186} INFO - Started process (PID=750) to work on /home/airflow/.local/lib/python3.12/site-packages/airflow/example_dags/example_subdag_operator.py
[2025-03-29T17:31:47.441+0000] {processor.py:914} INFO - Processing file /home/airflow/.local/lib/python3.12/site-packages/airflow/example_dags/example_subdag_operator.py for tasks to queue
[2025-03-29T17:31:47.443+0000] {logging_mixin.py:190} INFO - [2025-03-29T17:31:47.442+0000] {dagbag.py:588} INFO - Filling up the DagBag from /home/airflow/.local/lib/python3.12/site-packages/airflow/example_dags/example_subdag_operator.py
[2025-03-29T17:31:47.459+0000] {processor.py:925} INFO - DAG(s) 'example_subdag_operator.section-1', 'example_subdag_operator.section-2', 'example_subdag_operator' retrieved from /home/airflow/.local/lib/python3.12/site-packages/airflow/example_dags/example_subdag_operator.py
[2025-03-29T17:31:47.471+0000] {logging_mixin.py:190} INFO - [2025-03-29T17:31:47.471+0000] {dag.py:3239} INFO - Sync 3 DAGs
[2025-03-29T17:31:47.486+0000] {logging_mixin.py:190} INFO - [2025-03-29T17:31:47.486+0000] {dag.py:4180} INFO - Setting next_dagrun for example_subdag_operator to 2022-01-01 00:00:00+00:00, run_after=2022-01-01 00:00:00+00:00
[2025-03-29T17:31:47.489+0000] {logging_mixin.py:190} INFO - [2025-03-29T17:31:47.488+0000] {dag.py:4180} INFO - Setting next_dagrun for example_subdag_operator.section-1 to None, run_after=None
[2025-03-29T17:31:47.489+0000] {logging_mixin.py:190} INFO - [2025-03-29T17:31:47.489+0000] {dag.py:4180} INFO - Setting next_dagrun for example_subdag_operator.section-2 to None, run_after=None
[2025-03-29T17:31:47.494+0000] {logging_mixin.py:190} INFO - [2025-03-29T17:31:47.494+0000] {dag.py:3239} INFO - Sync 2 DAGs
[2025-03-29T17:31:47.497+0000] {logging_mixin.py:190} INFO - [2025-03-29T17:31:47.497+0000] {dag.py:4180} INFO - Setting next_dagrun for example_subdag_operator.section-1 to None, run_after=None
[2025-03-29T17:31:47.497+0000] {logging_mixin.py:190} INFO - [2025-03-29T17:31:47.497+0000] {dag.py:4180} INFO - Setting next_dagrun for example_subdag_operator.section-2 to None, run_after=None
[2025-03-29T17:31:47.505+0000] {processor.py:208} INFO - Processing /home/airflow/.local/lib/python3.12/site-packages/airflow/example_dags/example_subdag_operator.py took 0.067 seconds
[2025-03-29T17:32:17.926+0000] {processor.py:186} INFO - Started process (PID=813) to work on /home/airflow/.local/lib/python3.12/site-packages/airflow/example_dags/example_subdag_operator.py
[2025-03-29T17:32:17.926+0000] {processor.py:914} INFO - Processing file /home/airflow/.local/lib/python3.12/site-packages/airflow/example_dags/example_subdag_operator.py for tasks to queue
[2025-03-29T17:32:17.927+0000] {logging_mixin.py:190} INFO - [2025-03-29T17:32:17.927+0000] {dagbag.py:588} INFO - Filling up the DagBag from /home/airflow/.local/lib/python3.12/site-packages/airflow/example_dags/example_subdag_operator.py
[2025-03-29T17:32:17.943+0000] {processor.py:925} INFO - DAG(s) 'example_subdag_operator.section-1', 'example_subdag_operator.section-2', 'example_subdag_operator' retrieved from /home/airflow/.local/lib/python3.12/site-packages/airflow/example_dags/example_subdag_operator.py
[2025-03-29T17:32:17.953+0000] {logging_mixin.py:190} INFO - [2025-03-29T17:32:17.953+0000] {dag.py:3239} INFO - Sync 3 DAGs
[2025-03-29T17:32:17.968+0000] {logging_mixin.py:190} INFO - [2025-03-29T17:32:17.968+0000] {dag.py:4180} INFO - Setting next_dagrun for example_subdag_operator to 2022-01-01 00:00:00+00:00, run_after=2022-01-01 00:00:00+00:00
[2025-03-29T17:32:17.970+0000] {logging_mixin.py:190} INFO - [2025-03-29T17:32:17.970+0000] {dag.py:4180} INFO - Setting next_dagrun for example_subdag_operator.section-1 to None, run_after=None
[2025-03-29T17:32:17.971+0000] {logging_mixin.py:190} INFO - [2025-03-29T17:32:17.971+0000] {dag.py:4180} INFO - Setting next_dagrun for example_subdag_operator.section-2 to None, run_after=None
[2025-03-29T17:32:17.975+0000] {logging_mixin.py:190} INFO - [2025-03-29T17:32:17.975+0000] {dag.py:3239} INFO - Sync 2 DAGs
[2025-03-29T17:32:17.979+0000] {logging_mixin.py:190} INFO - [2025-03-29T17:32:17.979+0000] {dag.py:4180} INFO - Setting next_dagrun for example_subdag_operator.section-1 to None, run_after=None
[2025-03-29T17:32:17.979+0000] {logging_mixin.py:190} INFO - [2025-03-29T17:32:17.979+0000] {dag.py:4180} INFO - Setting next_dagrun for example_subdag_operator.section-2 to None, run_after=None
[2025-03-29T17:32:17.986+0000] {processor.py:208} INFO - Processing /home/airflow/.local/lib/python3.12/site-packages/airflow/example_dags/example_subdag_operator.py took 0.064 seconds
[2025-03-29T17:32:49.281+0000] {processor.py:186} INFO - Started process (PID=876) to work on /home/airflow/.local/lib/python3.12/site-packages/airflow/example_dags/example_subdag_operator.py
[2025-03-29T17:32:49.281+0000] {processor.py:914} INFO - Processing file /home/airflow/.local/lib/python3.12/site-packages/airflow/example_dags/example_subdag_operator.py for tasks to queue
[2025-03-29T17:32:49.282+0000] {logging_mixin.py:190} INFO - [2025-03-29T17:32:49.282+0000] {dagbag.py:588} INFO - Filling up the DagBag from /home/airflow/.local/lib/python3.12/site-packages/airflow/example_dags/example_subdag_operator.py
[2025-03-29T17:32:49.297+0000] {processor.py:925} INFO - DAG(s) 'example_subdag_operator.section-1', 'example_subdag_operator.section-2', 'example_subdag_operator' retrieved from /home/airflow/.local/lib/python3.12/site-packages/airflow/example_dags/example_subdag_operator.py
[2025-03-29T17:32:49.306+0000] {logging_mixin.py:190} INFO - [2025-03-29T17:32:49.306+0000] {dag.py:3239} INFO - Sync 3 DAGs
[2025-03-29T17:32:49.321+0000] {logging_mixin.py:190} INFO - [2025-03-29T17:32:49.321+0000] {dag.py:4180} INFO - Setting next_dagrun for example_subdag_operator to 2022-01-01 00:00:00+00:00, run_after=2022-01-01 00:00:00+00:00
[2025-03-29T17:32:49.323+0000] {logging_mixin.py:190} INFO - [2025-03-29T17:32:49.323+0000] {dag.py:4180} INFO - Setting next_dagrun for example_subdag_operator.section-1 to None, run_after=None
[2025-03-29T17:32:49.324+0000] {logging_mixin.py:190} INFO - [2025-03-29T17:32:49.324+0000] {dag.py:4180} INFO - Setting next_dagrun for example_subdag_operator.section-2 to None, run_after=None
[2025-03-29T17:32:49.328+0000] {logging_mixin.py:190} INFO - [2025-03-29T17:32:49.328+0000] {dag.py:3239} INFO - Sync 2 DAGs
[2025-03-29T17:32:49.331+0000] {logging_mixin.py:190} INFO - [2025-03-29T17:32:49.331+0000] {dag.py:4180} INFO - Setting next_dagrun for example_subdag_operator.section-1 to None, run_after=None
[2025-03-29T17:32:49.332+0000] {logging_mixin.py:190} INFO - [2025-03-29T17:32:49.332+0000] {dag.py:4180} INFO - Setting next_dagrun for example_subdag_operator.section-2 to None, run_after=None
[2025-03-29T17:32:49.338+0000] {processor.py:208} INFO - Processing /home/airflow/.local/lib/python3.12/site-packages/airflow/example_dags/example_subdag_operator.py took 0.061 seconds
[2025-03-29T17:33:19.849+0000] {processor.py:186} INFO - Started process (PID=939) to work on /home/airflow/.local/lib/python3.12/site-packages/airflow/example_dags/example_subdag_operator.py
[2025-03-29T17:33:19.849+0000] {processor.py:914} INFO - Processing file /home/airflow/.local/lib/python3.12/site-packages/airflow/example_dags/example_subdag_operator.py for tasks to queue
[2025-03-29T17:33:19.850+0000] {logging_mixin.py:190} INFO - [2025-03-29T17:33:19.850+0000] {dagbag.py:588} INFO - Filling up the DagBag from /home/airflow/.local/lib/python3.12/site-packages/airflow/example_dags/example_subdag_operator.py
[2025-03-29T17:33:19.866+0000] {processor.py:925} INFO - DAG(s) 'example_subdag_operator.section-1', 'example_subdag_operator.section-2', 'example_subdag_operator' retrieved from /home/airflow/.local/lib/python3.12/site-packages/airflow/example_dags/example_subdag_operator.py
[2025-03-29T17:33:19.876+0000] {logging_mixin.py:190} INFO - [2025-03-29T17:33:19.876+0000] {dag.py:3239} INFO - Sync 3 DAGs
[2025-03-29T17:33:19.891+0000] {logging_mixin.py:190} INFO - [2025-03-29T17:33:19.890+0000] {dag.py:4180} INFO - Setting next_dagrun for example_subdag_operator to 2022-01-01 00:00:00+00:00, run_after=2022-01-01 00:00:00+00:00
[2025-03-29T17:33:19.893+0000] {logging_mixin.py:190} INFO - [2025-03-29T17:33:19.893+0000] {dag.py:4180} INFO - Setting next_dagrun for example_subdag_operator.section-1 to None, run_after=None
[2025-03-29T17:33:19.894+0000] {logging_mixin.py:190} INFO - [2025-03-29T17:33:19.893+0000] {dag.py:4180} INFO - Setting next_dagrun for example_subdag_operator.section-2 to None, run_after=None
[2025-03-29T17:33:19.898+0000] {logging_mixin.py:190} INFO - [2025-03-29T17:33:19.897+0000] {dag.py:3239} INFO - Sync 2 DAGs
[2025-03-29T17:33:19.901+0000] {logging_mixin.py:190} INFO - [2025-03-29T17:33:19.901+0000] {dag.py:4180} INFO - Setting next_dagrun for example_subdag_operator.section-1 to None, run_after=None
[2025-03-29T17:33:19.901+0000] {logging_mixin.py:190} INFO - [2025-03-29T17:33:19.901+0000] {dag.py:4180} INFO - Setting next_dagrun for example_subdag_operator.section-2 to None, run_after=None
[2025-03-29T17:33:19.907+0000] {processor.py:208} INFO - Processing /home/airflow/.local/lib/python3.12/site-packages/airflow/example_dags/example_subdag_operator.py took 0.062 seconds
[2025-03-29T17:33:51.252+0000] {processor.py:186} INFO - Started process (PID=1002) to work on /home/airflow/.local/lib/python3.12/site-packages/airflow/example_dags/example_subdag_operator.py
[2025-03-29T17:33:51.253+0000] {processor.py:914} INFO - Processing file /home/airflow/.local/lib/python3.12/site-packages/airflow/example_dags/example_subdag_operator.py for tasks to queue
[2025-03-29T17:33:51.254+0000] {logging_mixin.py:190} INFO - [2025-03-29T17:33:51.254+0000] {dagbag.py:588} INFO - Filling up the DagBag from /home/airflow/.local/lib/python3.12/site-packages/airflow/example_dags/example_subdag_operator.py
[2025-03-29T17:33:51.271+0000] {processor.py:925} INFO - DAG(s) 'example_subdag_operator.section-1', 'example_subdag_operator.section-2', 'example_subdag_operator' retrieved from /home/airflow/.local/lib/python3.12/site-packages/airflow/example_dags/example_subdag_operator.py
[2025-03-29T17:33:51.282+0000] {logging_mixin.py:190} INFO - [2025-03-29T17:33:51.282+0000] {dag.py:3239} INFO - Sync 3 DAGs
[2025-03-29T17:33:51.300+0000] {logging_mixin.py:190} INFO - [2025-03-29T17:33:51.300+0000] {dag.py:4180} INFO - Setting next_dagrun for example_subdag_operator to 2022-01-01 00:00:00+00:00, run_after=2022-01-01 00:00:00+00:00
[2025-03-29T17:33:51.303+0000] {logging_mixin.py:190} INFO - [2025-03-29T17:33:51.303+0000] {dag.py:4180} INFO - Setting next_dagrun for example_subdag_operator.section-1 to None, run_after=None
[2025-03-29T17:33:51.304+0000] {logging_mixin.py:190} INFO - [2025-03-29T17:33:51.304+0000] {dag.py:4180} INFO - Setting next_dagrun for example_subdag_operator.section-2 to None, run_after=None
[2025-03-29T17:33:51.308+0000] {logging_mixin.py:190} INFO - [2025-03-29T17:33:51.308+0000] {dag.py:3239} INFO - Sync 2 DAGs
[2025-03-29T17:33:51.312+0000] {logging_mixin.py:190} INFO - [2025-03-29T17:33:51.312+0000] {dag.py:4180} INFO - Setting next_dagrun for example_subdag_operator.section-1 to None, run_after=None
[2025-03-29T17:33:51.313+0000] {logging_mixin.py:190} INFO - [2025-03-29T17:33:51.313+0000] {dag.py:4180} INFO - Setting next_dagrun for example_subdag_operator.section-2 to None, run_after=None
[2025-03-29T17:33:51.321+0000] {processor.py:208} INFO - Processing /home/airflow/.local/lib/python3.12/site-packages/airflow/example_dags/example_subdag_operator.py took 0.072 seconds
[2025-03-29T17:34:21.912+0000] {processor.py:186} INFO - Started process (PID=1065) to work on /home/airflow/.local/lib/python3.12/site-packages/airflow/example_dags/example_subdag_operator.py
[2025-03-29T17:34:21.913+0000] {processor.py:914} INFO - Processing file /home/airflow/.local/lib/python3.12/site-packages/airflow/example_dags/example_subdag_operator.py for tasks to queue
[2025-03-29T17:34:21.914+0000] {logging_mixin.py:190} INFO - [2025-03-29T17:34:21.914+0000] {dagbag.py:588} INFO - Filling up the DagBag from /home/airflow/.local/lib/python3.12/site-packages/airflow/example_dags/example_subdag_operator.py
[2025-03-29T17:34:21.933+0000] {processor.py:925} INFO - DAG(s) 'example_subdag_operator.section-1', 'example_subdag_operator.section-2', 'example_subdag_operator' retrieved from /home/airflow/.local/lib/python3.12/site-packages/airflow/example_dags/example_subdag_operator.py
[2025-03-29T17:34:21.944+0000] {logging_mixin.py:190} INFO - [2025-03-29T17:34:21.943+0000] {dag.py:3239} INFO - Sync 3 DAGs
[2025-03-29T17:34:21.959+0000] {logging_mixin.py:190} INFO - [2025-03-29T17:34:21.959+0000] {dag.py:4180} INFO - Setting next_dagrun for example_subdag_operator to 2022-01-01 00:00:00+00:00, run_after=2022-01-01 00:00:00+00:00
[2025-03-29T17:34:21.962+0000] {logging_mixin.py:190} INFO - [2025-03-29T17:34:21.962+0000] {dag.py:4180} INFO - Setting next_dagrun for example_subdag_operator.section-1 to None, run_after=None
[2025-03-29T17:34:21.962+0000] {logging_mixin.py:190} INFO - [2025-03-29T17:34:21.962+0000] {dag.py:4180} INFO - Setting next_dagrun for example_subdag_operator.section-2 to None, run_after=None
[2025-03-29T17:34:21.967+0000] {logging_mixin.py:190} INFO - [2025-03-29T17:34:21.967+0000] {dag.py:3239} INFO - Sync 2 DAGs
[2025-03-29T17:34:21.970+0000] {logging_mixin.py:190} INFO - [2025-03-29T17:34:21.970+0000] {dag.py:4180} INFO - Setting next_dagrun for example_subdag_operator.section-1 to None, run_after=None
[2025-03-29T17:34:21.971+0000] {logging_mixin.py:190} INFO - [2025-03-29T17:34:21.971+0000] {dag.py:4180} INFO - Setting next_dagrun for example_subdag_operator.section-2 to None, run_after=None
[2025-03-29T17:34:21.978+0000] {processor.py:208} INFO - Processing /home/airflow/.local/lib/python3.12/site-packages/airflow/example_dags/example_subdag_operator.py took 0.070 seconds
[2025-03-29T17:34:53.464+0000] {processor.py:186} INFO - Started process (PID=1128) to work on /home/airflow/.local/lib/python3.12/site-packages/airflow/example_dags/example_subdag_operator.py
[2025-03-29T17:34:53.465+0000] {processor.py:914} INFO - Processing file /home/airflow/.local/lib/python3.12/site-packages/airflow/example_dags/example_subdag_operator.py for tasks to queue
[2025-03-29T17:34:53.466+0000] {logging_mixin.py:190} INFO - [2025-03-29T17:34:53.466+0000] {dagbag.py:588} INFO - Filling up the DagBag from /home/airflow/.local/lib/python3.12/site-packages/airflow/example_dags/example_subdag_operator.py
[2025-03-29T17:34:53.483+0000] {processor.py:925} INFO - DAG(s) 'example_subdag_operator.section-1', 'example_subdag_operator.section-2', 'example_subdag_operator' retrieved from /home/airflow/.local/lib/python3.12/site-packages/airflow/example_dags/example_subdag_operator.py
[2025-03-29T17:34:53.496+0000] {logging_mixin.py:190} INFO - [2025-03-29T17:34:53.496+0000] {dag.py:3239} INFO - Sync 3 DAGs
[2025-03-29T17:34:53.515+0000] {logging_mixin.py:190} INFO - [2025-03-29T17:34:53.515+0000] {dag.py:4180} INFO - Setting next_dagrun for example_subdag_operator to 2022-01-01 00:00:00+00:00, run_after=2022-01-01 00:00:00+00:00
[2025-03-29T17:34:53.518+0000] {logging_mixin.py:190} INFO - [2025-03-29T17:34:53.518+0000] {dag.py:4180} INFO - Setting next_dagrun for example_subdag_operator.section-1 to None, run_after=None
[2025-03-29T17:34:53.519+0000] {logging_mixin.py:190} INFO - [2025-03-29T17:34:53.519+0000] {dag.py:4180} INFO - Setting next_dagrun for example_subdag_operator.section-2 to None, run_after=None
[2025-03-29T17:34:53.524+0000] {logging_mixin.py:190} INFO - [2025-03-29T17:34:53.524+0000] {dag.py:3239} INFO - Sync 2 DAGs
[2025-03-29T17:34:53.528+0000] {logging_mixin.py:190} INFO - [2025-03-29T17:34:53.528+0000] {dag.py:4180} INFO - Setting next_dagrun for example_subdag_operator.section-1 to None, run_after=None
[2025-03-29T17:34:53.529+0000] {logging_mixin.py:190} INFO - [2025-03-29T17:34:53.528+0000] {dag.py:4180} INFO - Setting next_dagrun for example_subdag_operator.section-2 to None, run_after=None
[2025-03-29T17:34:53.536+0000] {processor.py:208} INFO - Processing /home/airflow/.local/lib/python3.12/site-packages/airflow/example_dags/example_subdag_operator.py took 0.076 seconds
[2025-03-29T17:35:24.344+0000] {processor.py:186} INFO - Started process (PID=1191) to work on /home/airflow/.local/lib/python3.12/site-packages/airflow/example_dags/example_subdag_operator.py
[2025-03-29T17:35:24.344+0000] {processor.py:914} INFO - Processing file /home/airflow/.local/lib/python3.12/site-packages/airflow/example_dags/example_subdag_operator.py for tasks to queue
[2025-03-29T17:35:24.346+0000] {logging_mixin.py:190} INFO - [2025-03-29T17:35:24.346+0000] {dagbag.py:588} INFO - Filling up the DagBag from /home/airflow/.local/lib/python3.12/site-packages/airflow/example_dags/example_subdag_operator.py
[2025-03-29T17:35:24.371+0000] {processor.py:925} INFO - DAG(s) 'example_subdag_operator.section-1', 'example_subdag_operator.section-2', 'example_subdag_operator' retrieved from /home/airflow/.local/lib/python3.12/site-packages/airflow/example_dags/example_subdag_operator.py
[2025-03-29T17:35:24.390+0000] {logging_mixin.py:190} INFO - [2025-03-29T17:35:24.389+0000] {dag.py:3239} INFO - Sync 3 DAGs
[2025-03-29T17:35:24.413+0000] {logging_mixin.py:190} INFO - [2025-03-29T17:35:24.413+0000] {dag.py:4180} INFO - Setting next_dagrun for example_subdag_operator to 2022-01-01 00:00:00+00:00, run_after=2022-01-01 00:00:00+00:00
[2025-03-29T17:35:24.416+0000] {logging_mixin.py:190} INFO - [2025-03-29T17:35:24.416+0000] {dag.py:4180} INFO - Setting next_dagrun for example_subdag_operator.section-1 to None, run_after=None
[2025-03-29T17:35:24.417+0000] {logging_mixin.py:190} INFO - [2025-03-29T17:35:24.417+0000] {dag.py:4180} INFO - Setting next_dagrun for example_subdag_operator.section-2 to None, run_after=None
[2025-03-29T17:35:24.422+0000] {logging_mixin.py:190} INFO - [2025-03-29T17:35:24.422+0000] {dag.py:3239} INFO - Sync 2 DAGs
[2025-03-29T17:35:24.429+0000] {logging_mixin.py:190} INFO - [2025-03-29T17:35:24.429+0000] {dag.py:4180} INFO - Setting next_dagrun for example_subdag_operator.section-1 to None, run_after=None
[2025-03-29T17:35:24.429+0000] {logging_mixin.py:190} INFO - [2025-03-29T17:35:24.429+0000] {dag.py:4180} INFO - Setting next_dagrun for example_subdag_operator.section-2 to None, run_after=None
[2025-03-29T17:35:24.444+0000] {processor.py:208} INFO - Processing /home/airflow/.local/lib/python3.12/site-packages/airflow/example_dags/example_subdag_operator.py took 0.104 seconds
[2025-03-29T17:35:55.737+0000] {processor.py:186} INFO - Started process (PID=1254) to work on /home/airflow/.local/lib/python3.12/site-packages/airflow/example_dags/example_subdag_operator.py
[2025-03-29T17:35:55.737+0000] {processor.py:914} INFO - Processing file /home/airflow/.local/lib/python3.12/site-packages/airflow/example_dags/example_subdag_operator.py for tasks to queue
[2025-03-29T17:35:55.739+0000] {logging_mixin.py:190} INFO - [2025-03-29T17:35:55.738+0000] {dagbag.py:588} INFO - Filling up the DagBag from /home/airflow/.local/lib/python3.12/site-packages/airflow/example_dags/example_subdag_operator.py
[2025-03-29T17:35:55.755+0000] {processor.py:925} INFO - DAG(s) 'example_subdag_operator.section-1', 'example_subdag_operator.section-2', 'example_subdag_operator' retrieved from /home/airflow/.local/lib/python3.12/site-packages/airflow/example_dags/example_subdag_operator.py
[2025-03-29T17:35:55.765+0000] {logging_mixin.py:190} INFO - [2025-03-29T17:35:55.765+0000] {dag.py:3239} INFO - Sync 3 DAGs
[2025-03-29T17:35:55.780+0000] {logging_mixin.py:190} INFO - [2025-03-29T17:35:55.780+0000] {dag.py:4180} INFO - Setting next_dagrun for example_subdag_operator to 2022-01-01 00:00:00+00:00, run_after=2022-01-01 00:00:00+00:00
[2025-03-29T17:35:55.782+0000] {logging_mixin.py:190} INFO - [2025-03-29T17:35:55.782+0000] {dag.py:4180} INFO - Setting next_dagrun for example_subdag_operator.section-1 to None, run_after=None
[2025-03-29T17:35:55.783+0000] {logging_mixin.py:190} INFO - [2025-03-29T17:35:55.783+0000] {dag.py:4180} INFO - Setting next_dagrun for example_subdag_operator.section-2 to None, run_after=None
[2025-03-29T17:35:55.787+0000] {logging_mixin.py:190} INFO - [2025-03-29T17:35:55.787+0000] {dag.py:3239} INFO - Sync 2 DAGs
[2025-03-29T17:35:55.791+0000] {logging_mixin.py:190} INFO - [2025-03-29T17:35:55.790+0000] {dag.py:4180} INFO - Setting next_dagrun for example_subdag_operator.section-1 to None, run_after=None
[2025-03-29T17:35:55.791+0000] {logging_mixin.py:190} INFO - [2025-03-29T17:35:55.791+0000] {dag.py:4180} INFO - Setting next_dagrun for example_subdag_operator.section-2 to None, run_after=None
[2025-03-29T17:35:55.798+0000] {processor.py:208} INFO - Processing /home/airflow/.local/lib/python3.12/site-packages/airflow/example_dags/example_subdag_operator.py took 0.065 seconds
[2025-03-29T17:36:27.085+0000] {processor.py:186} INFO - Started process (PID=1317) to work on /home/airflow/.local/lib/python3.12/site-packages/airflow/example_dags/example_subdag_operator.py
[2025-03-29T17:36:27.085+0000] {processor.py:914} INFO - Processing file /home/airflow/.local/lib/python3.12/site-packages/airflow/example_dags/example_subdag_operator.py for tasks to queue
[2025-03-29T17:36:27.087+0000] {logging_mixin.py:190} INFO - [2025-03-29T17:36:27.086+0000] {dagbag.py:588} INFO - Filling up the DagBag from /home/airflow/.local/lib/python3.12/site-packages/airflow/example_dags/example_subdag_operator.py
[2025-03-29T17:36:27.104+0000] {processor.py:925} INFO - DAG(s) 'example_subdag_operator.section-1', 'example_subdag_operator.section-2', 'example_subdag_operator' retrieved from /home/airflow/.local/lib/python3.12/site-packages/airflow/example_dags/example_subdag_operator.py
[2025-03-29T17:36:27.116+0000] {logging_mixin.py:190} INFO - [2025-03-29T17:36:27.116+0000] {dag.py:3239} INFO - Sync 3 DAGs
[2025-03-29T17:36:27.134+0000] {logging_mixin.py:190} INFO - [2025-03-29T17:36:27.134+0000] {dag.py:4180} INFO - Setting next_dagrun for example_subdag_operator to 2022-01-01 00:00:00+00:00, run_after=2022-01-01 00:00:00+00:00
[2025-03-29T17:36:27.137+0000] {logging_mixin.py:190} INFO - [2025-03-29T17:36:27.137+0000] {dag.py:4180} INFO - Setting next_dagrun for example_subdag_operator.section-1 to None, run_after=None
[2025-03-29T17:36:27.138+0000] {logging_mixin.py:190} INFO - [2025-03-29T17:36:27.138+0000] {dag.py:4180} INFO - Setting next_dagrun for example_subdag_operator.section-2 to None, run_after=None
[2025-03-29T17:36:27.142+0000] {logging_mixin.py:190} INFO - [2025-03-29T17:36:27.142+0000] {dag.py:3239} INFO - Sync 2 DAGs
[2025-03-29T17:36:27.146+0000] {logging_mixin.py:190} INFO - [2025-03-29T17:36:27.146+0000] {dag.py:4180} INFO - Setting next_dagrun for example_subdag_operator.section-1 to None, run_after=None
[2025-03-29T17:36:27.146+0000] {logging_mixin.py:190} INFO - [2025-03-29T17:36:27.146+0000] {dag.py:4180} INFO - Setting next_dagrun for example_subdag_operator.section-2 to None, run_after=None
[2025-03-29T17:36:27.154+0000] {processor.py:208} INFO - Processing /home/airflow/.local/lib/python3.12/site-packages/airflow/example_dags/example_subdag_operator.py took 0.074 seconds
[2025-03-29T17:36:58.424+0000] {processor.py:186} INFO - Started process (PID=1380) to work on /home/airflow/.local/lib/python3.12/site-packages/airflow/example_dags/example_subdag_operator.py
[2025-03-29T17:36:58.425+0000] {processor.py:914} INFO - Processing file /home/airflow/.local/lib/python3.12/site-packages/airflow/example_dags/example_subdag_operator.py for tasks to queue
[2025-03-29T17:36:58.426+0000] {logging_mixin.py:190} INFO - [2025-03-29T17:36:58.426+0000] {dagbag.py:588} INFO - Filling up the DagBag from /home/airflow/.local/lib/python3.12/site-packages/airflow/example_dags/example_subdag_operator.py
[2025-03-29T17:36:58.443+0000] {processor.py:925} INFO - DAG(s) 'example_subdag_operator.section-1', 'example_subdag_operator.section-2', 'example_subdag_operator' retrieved from /home/airflow/.local/lib/python3.12/site-packages/airflow/example_dags/example_subdag_operator.py
[2025-03-29T17:36:58.453+0000] {logging_mixin.py:190} INFO - [2025-03-29T17:36:58.453+0000] {dag.py:3239} INFO - Sync 3 DAGs
[2025-03-29T17:36:58.468+0000] {logging_mixin.py:190} INFO - [2025-03-29T17:36:58.468+0000] {dag.py:4180} INFO - Setting next_dagrun for example_subdag_operator to 2022-01-01 00:00:00+00:00, run_after=2022-01-01 00:00:00+00:00
[2025-03-29T17:36:58.470+0000] {logging_mixin.py:190} INFO - [2025-03-29T17:36:58.470+0000] {dag.py:4180} INFO - Setting next_dagrun for example_subdag_operator.section-1 to None, run_after=None
[2025-03-29T17:36:58.471+0000] {logging_mixin.py:190} INFO - [2025-03-29T17:36:58.471+0000] {dag.py:4180} INFO - Setting next_dagrun for example_subdag_operator.section-2 to None, run_after=None
[2025-03-29T17:36:58.475+0000] {logging_mixin.py:190} INFO - [2025-03-29T17:36:58.475+0000] {dag.py:3239} INFO - Sync 2 DAGs
[2025-03-29T17:36:58.478+0000] {logging_mixin.py:190} INFO - [2025-03-29T17:36:58.478+0000] {dag.py:4180} INFO - Setting next_dagrun for example_subdag_operator.section-1 to None, run_after=None
[2025-03-29T17:36:58.478+0000] {logging_mixin.py:190} INFO - [2025-03-29T17:36:58.478+0000] {dag.py:4180} INFO - Setting next_dagrun for example_subdag_operator.section-2 to None, run_after=None
[2025-03-29T17:36:58.486+0000] {processor.py:208} INFO - Processing /home/airflow/.local/lib/python3.12/site-packages/airflow/example_dags/example_subdag_operator.py took 0.066 seconds
[2025-03-29T17:37:29.613+0000] {processor.py:186} INFO - Started process (PID=1443) to work on /home/airflow/.local/lib/python3.12/site-packages/airflow/example_dags/example_subdag_operator.py
[2025-03-29T17:37:29.613+0000] {processor.py:914} INFO - Processing file /home/airflow/.local/lib/python3.12/site-packages/airflow/example_dags/example_subdag_operator.py for tasks to queue
[2025-03-29T17:37:29.614+0000] {logging_mixin.py:190} INFO - [2025-03-29T17:37:29.614+0000] {dagbag.py:588} INFO - Filling up the DagBag from /home/airflow/.local/lib/python3.12/site-packages/airflow/example_dags/example_subdag_operator.py
[2025-03-29T17:37:29.633+0000] {processor.py:925} INFO - DAG(s) 'example_subdag_operator.section-1', 'example_subdag_operator.section-2', 'example_subdag_operator' retrieved from /home/airflow/.local/lib/python3.12/site-packages/airflow/example_dags/example_subdag_operator.py
[2025-03-29T17:37:29.646+0000] {logging_mixin.py:190} INFO - [2025-03-29T17:37:29.646+0000] {dag.py:3239} INFO - Sync 3 DAGs
[2025-03-29T17:37:29.662+0000] {logging_mixin.py:190} INFO - [2025-03-29T17:37:29.662+0000] {dag.py:4180} INFO - Setting next_dagrun for example_subdag_operator to 2022-01-01 00:00:00+00:00, run_after=2022-01-01 00:00:00+00:00
[2025-03-29T17:37:29.664+0000] {logging_mixin.py:190} INFO - [2025-03-29T17:37:29.664+0000] {dag.py:4180} INFO - Setting next_dagrun for example_subdag_operator.section-1 to None, run_after=None
[2025-03-29T17:37:29.665+0000] {logging_mixin.py:190} INFO - [2025-03-29T17:37:29.665+0000] {dag.py:4180} INFO - Setting next_dagrun for example_subdag_operator.section-2 to None, run_after=None
[2025-03-29T17:37:29.669+0000] {logging_mixin.py:190} INFO - [2025-03-29T17:37:29.669+0000] {dag.py:3239} INFO - Sync 2 DAGs
[2025-03-29T17:37:29.673+0000] {logging_mixin.py:190} INFO - [2025-03-29T17:37:29.672+0000] {dag.py:4180} INFO - Setting next_dagrun for example_subdag_operator.section-1 to None, run_after=None
[2025-03-29T17:37:29.673+0000] {logging_mixin.py:190} INFO - [2025-03-29T17:37:29.673+0000] {dag.py:4180} INFO - Setting next_dagrun for example_subdag_operator.section-2 to None, run_after=None
[2025-03-29T17:37:29.680+0000] {processor.py:208} INFO - Processing /home/airflow/.local/lib/python3.12/site-packages/airflow/example_dags/example_subdag_operator.py took 0.071 seconds
[2025-03-29T17:38:00.293+0000] {processor.py:186} INFO - Started process (PID=1506) to work on /home/airflow/.local/lib/python3.12/site-packages/airflow/example_dags/example_subdag_operator.py
[2025-03-29T17:38:00.294+0000] {processor.py:914} INFO - Processing file /home/airflow/.local/lib/python3.12/site-packages/airflow/example_dags/example_subdag_operator.py for tasks to queue
[2025-03-29T17:38:00.295+0000] {logging_mixin.py:190} INFO - [2025-03-29T17:38:00.295+0000] {dagbag.py:588} INFO - Filling up the DagBag from /home/airflow/.local/lib/python3.12/site-packages/airflow/example_dags/example_subdag_operator.py
[2025-03-29T17:38:00.312+0000] {processor.py:925} INFO - DAG(s) 'example_subdag_operator.section-1', 'example_subdag_operator.section-2', 'example_subdag_operator' retrieved from /home/airflow/.local/lib/python3.12/site-packages/airflow/example_dags/example_subdag_operator.py
[2025-03-29T17:38:00.322+0000] {logging_mixin.py:190} INFO - [2025-03-29T17:38:00.322+0000] {dag.py:3239} INFO - Sync 3 DAGs
[2025-03-29T17:38:00.336+0000] {logging_mixin.py:190} INFO - [2025-03-29T17:38:00.336+0000] {dag.py:4180} INFO - Setting next_dagrun for example_subdag_operator to 2022-01-01 00:00:00+00:00, run_after=2022-01-01 00:00:00+00:00
[2025-03-29T17:38:00.339+0000] {logging_mixin.py:190} INFO - [2025-03-29T17:38:00.339+0000] {dag.py:4180} INFO - Setting next_dagrun for example_subdag_operator.section-1 to None, run_after=None
[2025-03-29T17:38:00.339+0000] {logging_mixin.py:190} INFO - [2025-03-29T17:38:00.339+0000] {dag.py:4180} INFO - Setting next_dagrun for example_subdag_operator.section-2 to None, run_after=None
[2025-03-29T17:38:00.344+0000] {logging_mixin.py:190} INFO - [2025-03-29T17:38:00.344+0000] {dag.py:3239} INFO - Sync 2 DAGs
[2025-03-29T17:38:00.347+0000] {logging_mixin.py:190} INFO - [2025-03-29T17:38:00.347+0000] {dag.py:4180} INFO - Setting next_dagrun for example_subdag_operator.section-1 to None, run_after=None
[2025-03-29T17:38:00.348+0000] {logging_mixin.py:190} INFO - [2025-03-29T17:38:00.347+0000] {dag.py:4180} INFO - Setting next_dagrun for example_subdag_operator.section-2 to None, run_after=None
[2025-03-29T17:38:00.355+0000] {processor.py:208} INFO - Processing /home/airflow/.local/lib/python3.12/site-packages/airflow/example_dags/example_subdag_operator.py took 0.066 seconds
[2025-03-29T17:38:31.529+0000] {processor.py:186} INFO - Started process (PID=1569) to work on /home/airflow/.local/lib/python3.12/site-packages/airflow/example_dags/example_subdag_operator.py
[2025-03-29T17:38:31.530+0000] {processor.py:914} INFO - Processing file /home/airflow/.local/lib/python3.12/site-packages/airflow/example_dags/example_subdag_operator.py for tasks to queue
[2025-03-29T17:38:31.531+0000] {logging_mixin.py:190} INFO - [2025-03-29T17:38:31.531+0000] {dagbag.py:588} INFO - Filling up the DagBag from /home/airflow/.local/lib/python3.12/site-packages/airflow/example_dags/example_subdag_operator.py
[2025-03-29T17:38:31.547+0000] {processor.py:925} INFO - DAG(s) 'example_subdag_operator.section-1', 'example_subdag_operator.section-2', 'example_subdag_operator' retrieved from /home/airflow/.local/lib/python3.12/site-packages/airflow/example_dags/example_subdag_operator.py
[2025-03-29T17:38:31.556+0000] {logging_mixin.py:190} INFO - [2025-03-29T17:38:31.556+0000] {dag.py:3239} INFO - Sync 3 DAGs
[2025-03-29T17:38:31.571+0000] {logging_mixin.py:190} INFO - [2025-03-29T17:38:31.571+0000] {dag.py:4180} INFO - Setting next_dagrun for example_subdag_operator to 2022-01-01 00:00:00+00:00, run_after=2022-01-01 00:00:00+00:00
[2025-03-29T17:38:31.574+0000] {logging_mixin.py:190} INFO - [2025-03-29T17:38:31.573+0000] {dag.py:4180} INFO - Setting next_dagrun for example_subdag_operator.section-1 to None, run_after=None
[2025-03-29T17:38:31.574+0000] {logging_mixin.py:190} INFO - [2025-03-29T17:38:31.574+0000] {dag.py:4180} INFO - Setting next_dagrun for example_subdag_operator.section-2 to None, run_after=None
[2025-03-29T17:38:31.578+0000] {logging_mixin.py:190} INFO - [2025-03-29T17:38:31.578+0000] {dag.py:3239} INFO - Sync 2 DAGs
[2025-03-29T17:38:31.582+0000] {logging_mixin.py:190} INFO - [2025-03-29T17:38:31.582+0000] {dag.py:4180} INFO - Setting next_dagrun for example_subdag_operator.section-1 to None, run_after=None
[2025-03-29T17:38:31.583+0000] {logging_mixin.py:190} INFO - [2025-03-29T17:38:31.583+0000] {dag.py:4180} INFO - Setting next_dagrun for example_subdag_operator.section-2 to None, run_after=None
[2025-03-29T17:38:31.590+0000] {processor.py:208} INFO - Processing /home/airflow/.local/lib/python3.12/site-packages/airflow/example_dags/example_subdag_operator.py took 0.065 seconds
