[2025-03-29T17:15:44.167+0000] {processor.py:186} INFO - Started process (PID=46) to work on /home/airflow/.local/lib/python3.12/site-packages/airflow/example_dags/example_task_group.py
[2025-03-29T17:15:44.168+0000] {processor.py:914} INFO - Processing file /home/airflow/.local/lib/python3.12/site-packages/airflow/example_dags/example_task_group.py for tasks to queue
[2025-03-29T17:15:44.171+0000] {logging_mixin.py:190} INFO - [2025-03-29T17:15:44.170+0000] {dagbag.py:588} INFO - Filling up the DagBag from /home/airflow/.local/lib/python3.12/site-packages/airflow/example_dags/example_task_group.py
[2025-03-29T17:15:44.184+0000] {processor.py:925} INFO - DAG(s) 'example_task_group' retrieved from /home/airflow/.local/lib/python3.12/site-packages/airflow/example_dags/example_task_group.py
[2025-03-29T17:15:44.299+0000] {logging_mixin.py:190} INFO - [2025-03-29T17:15:44.298+0000] {override.py:1912} INFO - Created Permission View: can delete on DAG:example_task_group
[2025-03-29T17:15:44.316+0000] {logging_mixin.py:190} INFO - [2025-03-29T17:15:44.316+0000] {override.py:1912} INFO - Created Permission View: can edit on DAG:example_task_group
[2025-03-29T17:15:44.325+0000] {logging_mixin.py:190} INFO - [2025-03-29T17:15:44.323+0000] {override.py:1912} INFO - Created Permission View: can read on DAG:example_task_group
[2025-03-29T17:15:44.336+0000] {logging_mixin.py:190} INFO - [2025-03-29T17:15:44.335+0000] {override.py:1912} INFO - Created Permission View: can delete on DAG Run:example_task_group
[2025-03-29T17:15:44.345+0000] {logging_mixin.py:190} INFO - [2025-03-29T17:15:44.344+0000] {override.py:1912} INFO - Created Permission View: menu access on DAG Run:example_task_group
[2025-03-29T17:15:44.351+0000] {logging_mixin.py:190} INFO - [2025-03-29T17:15:44.351+0000] {override.py:1912} INFO - Created Permission View: can read on DAG Run:example_task_group
[2025-03-29T17:15:44.358+0000] {logging_mixin.py:190} INFO - [2025-03-29T17:15:44.357+0000] {override.py:1912} INFO - Created Permission View: can create on DAG Run:example_task_group
[2025-03-29T17:15:44.358+0000] {logging_mixin.py:190} INFO - [2025-03-29T17:15:44.358+0000] {dag.py:3239} INFO - Sync 1 DAGs
[2025-03-29T17:15:44.371+0000] {logging_mixin.py:190} INFO - [2025-03-29T17:15:44.371+0000] {dag.py:3262} INFO - Creating ORM DAG for example_task_group
[2025-03-29T17:15:44.372+0000] {logging_mixin.py:190} INFO - [2025-03-29T17:15:44.372+0000] {dag.py:4180} INFO - Setting next_dagrun for example_task_group to None, run_after=None
[2025-03-29T17:15:44.393+0000] {processor.py:208} INFO - Processing /home/airflow/.local/lib/python3.12/site-packages/airflow/example_dags/example_task_group.py took 0.235 seconds
[2025-03-29T17:16:14.539+0000] {processor.py:186} INFO - Started process (PID=108) to work on /home/airflow/.local/lib/python3.12/site-packages/airflow/example_dags/example_task_group.py
[2025-03-29T17:16:14.540+0000] {processor.py:914} INFO - Processing file /home/airflow/.local/lib/python3.12/site-packages/airflow/example_dags/example_task_group.py for tasks to queue
[2025-03-29T17:16:14.542+0000] {logging_mixin.py:190} INFO - [2025-03-29T17:16:14.542+0000] {dagbag.py:588} INFO - Filling up the DagBag from /home/airflow/.local/lib/python3.12/site-packages/airflow/example_dags/example_task_group.py
[2025-03-29T17:16:14.551+0000] {processor.py:925} INFO - DAG(s) 'example_task_group' retrieved from /home/airflow/.local/lib/python3.12/site-packages/airflow/example_dags/example_task_group.py
[2025-03-29T17:16:14.568+0000] {logging_mixin.py:190} INFO - [2025-03-29T17:16:14.567+0000] {dag.py:3239} INFO - Sync 1 DAGs
[2025-03-29T17:16:14.579+0000] {logging_mixin.py:190} INFO - [2025-03-29T17:16:14.579+0000] {dag.py:4180} INFO - Setting next_dagrun for example_task_group to None, run_after=None
[2025-03-29T17:16:14.596+0000] {processor.py:208} INFO - Processing /home/airflow/.local/lib/python3.12/site-packages/airflow/example_dags/example_task_group.py took 0.061 seconds
[2025-03-29T17:16:44.896+0000] {processor.py:186} INFO - Started process (PID=171) to work on /home/airflow/.local/lib/python3.12/site-packages/airflow/example_dags/example_task_group.py
[2025-03-29T17:16:44.896+0000] {processor.py:914} INFO - Processing file /home/airflow/.local/lib/python3.12/site-packages/airflow/example_dags/example_task_group.py for tasks to queue
[2025-03-29T17:16:44.898+0000] {logging_mixin.py:190} INFO - [2025-03-29T17:16:44.898+0000] {dagbag.py:588} INFO - Filling up the DagBag from /home/airflow/.local/lib/python3.12/site-packages/airflow/example_dags/example_task_group.py
[2025-03-29T17:16:44.904+0000] {processor.py:925} INFO - DAG(s) 'example_task_group' retrieved from /home/airflow/.local/lib/python3.12/site-packages/airflow/example_dags/example_task_group.py
[2025-03-29T17:16:44.916+0000] {logging_mixin.py:190} INFO - [2025-03-29T17:16:44.916+0000] {dag.py:3239} INFO - Sync 1 DAGs
[2025-03-29T17:16:44.925+0000] {logging_mixin.py:190} INFO - [2025-03-29T17:16:44.925+0000] {dag.py:4180} INFO - Setting next_dagrun for example_task_group to None, run_after=None
[2025-03-29T17:16:44.937+0000] {processor.py:208} INFO - Processing /home/airflow/.local/lib/python3.12/site-packages/airflow/example_dags/example_task_group.py took 0.044 seconds
[2025-03-29T17:17:15.512+0000] {processor.py:186} INFO - Started process (PID=234) to work on /home/airflow/.local/lib/python3.12/site-packages/airflow/example_dags/example_task_group.py
[2025-03-29T17:17:15.513+0000] {processor.py:914} INFO - Processing file /home/airflow/.local/lib/python3.12/site-packages/airflow/example_dags/example_task_group.py for tasks to queue
[2025-03-29T17:17:15.514+0000] {logging_mixin.py:190} INFO - [2025-03-29T17:17:15.514+0000] {dagbag.py:588} INFO - Filling up the DagBag from /home/airflow/.local/lib/python3.12/site-packages/airflow/example_dags/example_task_group.py
[2025-03-29T17:17:15.520+0000] {processor.py:925} INFO - DAG(s) 'example_task_group' retrieved from /home/airflow/.local/lib/python3.12/site-packages/airflow/example_dags/example_task_group.py
[2025-03-29T17:17:15.534+0000] {logging_mixin.py:190} INFO - [2025-03-29T17:17:15.534+0000] {dag.py:3239} INFO - Sync 1 DAGs
[2025-03-29T17:17:15.543+0000] {logging_mixin.py:190} INFO - [2025-03-29T17:17:15.543+0000] {dag.py:4180} INFO - Setting next_dagrun for example_task_group to None, run_after=None
[2025-03-29T17:17:15.557+0000] {processor.py:208} INFO - Processing /home/airflow/.local/lib/python3.12/site-packages/airflow/example_dags/example_task_group.py took 0.049 seconds
[2025-03-29T17:17:45.842+0000] {processor.py:186} INFO - Started process (PID=297) to work on /home/airflow/.local/lib/python3.12/site-packages/airflow/example_dags/example_task_group.py
[2025-03-29T17:17:45.843+0000] {processor.py:914} INFO - Processing file /home/airflow/.local/lib/python3.12/site-packages/airflow/example_dags/example_task_group.py for tasks to queue
[2025-03-29T17:17:45.845+0000] {logging_mixin.py:190} INFO - [2025-03-29T17:17:45.845+0000] {dagbag.py:588} INFO - Filling up the DagBag from /home/airflow/.local/lib/python3.12/site-packages/airflow/example_dags/example_task_group.py
[2025-03-29T17:17:45.853+0000] {processor.py:925} INFO - DAG(s) 'example_task_group' retrieved from /home/airflow/.local/lib/python3.12/site-packages/airflow/example_dags/example_task_group.py
[2025-03-29T17:17:45.873+0000] {logging_mixin.py:190} INFO - [2025-03-29T17:17:45.873+0000] {dag.py:3239} INFO - Sync 1 DAGs
[2025-03-29T17:17:45.884+0000] {logging_mixin.py:190} INFO - [2025-03-29T17:17:45.884+0000] {dag.py:4180} INFO - Setting next_dagrun for example_task_group to None, run_after=None
[2025-03-29T17:17:45.897+0000] {processor.py:208} INFO - Processing /home/airflow/.local/lib/python3.12/site-packages/airflow/example_dags/example_task_group.py took 0.061 seconds
[2025-03-29T17:18:16.159+0000] {processor.py:186} INFO - Started process (PID=360) to work on /home/airflow/.local/lib/python3.12/site-packages/airflow/example_dags/example_task_group.py
[2025-03-29T17:18:16.159+0000] {processor.py:914} INFO - Processing file /home/airflow/.local/lib/python3.12/site-packages/airflow/example_dags/example_task_group.py for tasks to queue
[2025-03-29T17:18:16.161+0000] {logging_mixin.py:190} INFO - [2025-03-29T17:18:16.161+0000] {dagbag.py:588} INFO - Filling up the DagBag from /home/airflow/.local/lib/python3.12/site-packages/airflow/example_dags/example_task_group.py
[2025-03-29T17:18:16.166+0000] {processor.py:925} INFO - DAG(s) 'example_task_group' retrieved from /home/airflow/.local/lib/python3.12/site-packages/airflow/example_dags/example_task_group.py
[2025-03-29T17:18:16.178+0000] {logging_mixin.py:190} INFO - [2025-03-29T17:18:16.178+0000] {dag.py:3239} INFO - Sync 1 DAGs
[2025-03-29T17:18:16.186+0000] {logging_mixin.py:190} INFO - [2025-03-29T17:18:16.186+0000] {dag.py:4180} INFO - Setting next_dagrun for example_task_group to None, run_after=None
[2025-03-29T17:18:16.198+0000] {processor.py:208} INFO - Processing /home/airflow/.local/lib/python3.12/site-packages/airflow/example_dags/example_task_group.py took 0.042 seconds
[2025-03-29T17:18:46.985+0000] {processor.py:186} INFO - Started process (PID=423) to work on /home/airflow/.local/lib/python3.12/site-packages/airflow/example_dags/example_task_group.py
[2025-03-29T17:18:46.985+0000] {processor.py:914} INFO - Processing file /home/airflow/.local/lib/python3.12/site-packages/airflow/example_dags/example_task_group.py for tasks to queue
[2025-03-29T17:18:46.987+0000] {logging_mixin.py:190} INFO - [2025-03-29T17:18:46.987+0000] {dagbag.py:588} INFO - Filling up the DagBag from /home/airflow/.local/lib/python3.12/site-packages/airflow/example_dags/example_task_group.py
[2025-03-29T17:18:46.992+0000] {processor.py:925} INFO - DAG(s) 'example_task_group' retrieved from /home/airflow/.local/lib/python3.12/site-packages/airflow/example_dags/example_task_group.py
[2025-03-29T17:18:47.005+0000] {logging_mixin.py:190} INFO - [2025-03-29T17:18:47.005+0000] {dag.py:3239} INFO - Sync 1 DAGs
[2025-03-29T17:18:47.014+0000] {logging_mixin.py:190} INFO - [2025-03-29T17:18:47.014+0000] {dag.py:4180} INFO - Setting next_dagrun for example_task_group to None, run_after=None
[2025-03-29T17:18:47.025+0000] {processor.py:208} INFO - Processing /home/airflow/.local/lib/python3.12/site-packages/airflow/example_dags/example_task_group.py took 0.044 seconds
[2025-03-29T17:19:17.367+0000] {processor.py:186} INFO - Started process (PID=486) to work on /home/airflow/.local/lib/python3.12/site-packages/airflow/example_dags/example_task_group.py
[2025-03-29T17:19:17.368+0000] {processor.py:914} INFO - Processing file /home/airflow/.local/lib/python3.12/site-packages/airflow/example_dags/example_task_group.py for tasks to queue
[2025-03-29T17:19:17.369+0000] {logging_mixin.py:190} INFO - [2025-03-29T17:19:17.369+0000] {dagbag.py:588} INFO - Filling up the DagBag from /home/airflow/.local/lib/python3.12/site-packages/airflow/example_dags/example_task_group.py
[2025-03-29T17:19:17.375+0000] {processor.py:925} INFO - DAG(s) 'example_task_group' retrieved from /home/airflow/.local/lib/python3.12/site-packages/airflow/example_dags/example_task_group.py
[2025-03-29T17:19:17.388+0000] {logging_mixin.py:190} INFO - [2025-03-29T17:19:17.388+0000] {dag.py:3239} INFO - Sync 1 DAGs
[2025-03-29T17:19:17.396+0000] {logging_mixin.py:190} INFO - [2025-03-29T17:19:17.396+0000] {dag.py:4180} INFO - Setting next_dagrun for example_task_group to None, run_after=None
[2025-03-29T17:19:17.408+0000] {processor.py:208} INFO - Processing /home/airflow/.local/lib/python3.12/site-packages/airflow/example_dags/example_task_group.py took 0.044 seconds
[2025-03-29T17:19:47.750+0000] {processor.py:186} INFO - Started process (PID=549) to work on /home/airflow/.local/lib/python3.12/site-packages/airflow/example_dags/example_task_group.py
[2025-03-29T17:19:47.750+0000] {processor.py:914} INFO - Processing file /home/airflow/.local/lib/python3.12/site-packages/airflow/example_dags/example_task_group.py for tasks to queue
[2025-03-29T17:19:47.752+0000] {logging_mixin.py:190} INFO - [2025-03-29T17:19:47.751+0000] {dagbag.py:588} INFO - Filling up the DagBag from /home/airflow/.local/lib/python3.12/site-packages/airflow/example_dags/example_task_group.py
[2025-03-29T17:19:47.757+0000] {processor.py:925} INFO - DAG(s) 'example_task_group' retrieved from /home/airflow/.local/lib/python3.12/site-packages/airflow/example_dags/example_task_group.py
[2025-03-29T17:19:47.770+0000] {logging_mixin.py:190} INFO - [2025-03-29T17:19:47.770+0000] {dag.py:3239} INFO - Sync 1 DAGs
[2025-03-29T17:19:47.779+0000] {logging_mixin.py:190} INFO - [2025-03-29T17:19:47.779+0000] {dag.py:4180} INFO - Setting next_dagrun for example_task_group to None, run_after=None
[2025-03-29T17:19:47.791+0000] {processor.py:208} INFO - Processing /home/airflow/.local/lib/python3.12/site-packages/airflow/example_dags/example_task_group.py took 0.045 seconds
[2025-03-29T17:20:18.260+0000] {processor.py:186} INFO - Started process (PID=612) to work on /home/airflow/.local/lib/python3.12/site-packages/airflow/example_dags/example_task_group.py
[2025-03-29T17:20:18.261+0000] {processor.py:914} INFO - Processing file /home/airflow/.local/lib/python3.12/site-packages/airflow/example_dags/example_task_group.py for tasks to queue
[2025-03-29T17:20:18.263+0000] {logging_mixin.py:190} INFO - [2025-03-29T17:20:18.262+0000] {dagbag.py:588} INFO - Filling up the DagBag from /home/airflow/.local/lib/python3.12/site-packages/airflow/example_dags/example_task_group.py
[2025-03-29T17:20:18.269+0000] {processor.py:925} INFO - DAG(s) 'example_task_group' retrieved from /home/airflow/.local/lib/python3.12/site-packages/airflow/example_dags/example_task_group.py
[2025-03-29T17:20:18.283+0000] {logging_mixin.py:190} INFO - [2025-03-29T17:20:18.283+0000] {dag.py:3239} INFO - Sync 1 DAGs
[2025-03-29T17:20:18.293+0000] {logging_mixin.py:190} INFO - [2025-03-29T17:20:18.292+0000] {dag.py:4180} INFO - Setting next_dagrun for example_task_group to None, run_after=None
[2025-03-29T17:20:18.304+0000] {processor.py:208} INFO - Processing /home/airflow/.local/lib/python3.12/site-packages/airflow/example_dags/example_task_group.py took 0.048 seconds
[2025-03-29T17:20:48.698+0000] {processor.py:186} INFO - Started process (PID=675) to work on /home/airflow/.local/lib/python3.12/site-packages/airflow/example_dags/example_task_group.py
[2025-03-29T17:20:48.699+0000] {processor.py:914} INFO - Processing file /home/airflow/.local/lib/python3.12/site-packages/airflow/example_dags/example_task_group.py for tasks to queue
[2025-03-29T17:20:48.701+0000] {logging_mixin.py:190} INFO - [2025-03-29T17:20:48.700+0000] {dagbag.py:588} INFO - Filling up the DagBag from /home/airflow/.local/lib/python3.12/site-packages/airflow/example_dags/example_task_group.py
[2025-03-29T17:20:48.706+0000] {processor.py:925} INFO - DAG(s) 'example_task_group' retrieved from /home/airflow/.local/lib/python3.12/site-packages/airflow/example_dags/example_task_group.py
[2025-03-29T17:20:48.720+0000] {logging_mixin.py:190} INFO - [2025-03-29T17:20:48.720+0000] {dag.py:3239} INFO - Sync 1 DAGs
[2025-03-29T17:20:48.730+0000] {logging_mixin.py:190} INFO - [2025-03-29T17:20:48.729+0000] {dag.py:4180} INFO - Setting next_dagrun for example_task_group to None, run_after=None
[2025-03-29T17:20:48.742+0000] {processor.py:208} INFO - Processing /home/airflow/.local/lib/python3.12/site-packages/airflow/example_dags/example_task_group.py took 0.047 seconds
[2025-03-29T17:21:19.362+0000] {processor.py:186} INFO - Started process (PID=738) to work on /home/airflow/.local/lib/python3.12/site-packages/airflow/example_dags/example_task_group.py
[2025-03-29T17:21:19.362+0000] {processor.py:914} INFO - Processing file /home/airflow/.local/lib/python3.12/site-packages/airflow/example_dags/example_task_group.py for tasks to queue
[2025-03-29T17:21:19.364+0000] {logging_mixin.py:190} INFO - [2025-03-29T17:21:19.364+0000] {dagbag.py:588} INFO - Filling up the DagBag from /home/airflow/.local/lib/python3.12/site-packages/airflow/example_dags/example_task_group.py
[2025-03-29T17:21:19.371+0000] {processor.py:925} INFO - DAG(s) 'example_task_group' retrieved from /home/airflow/.local/lib/python3.12/site-packages/airflow/example_dags/example_task_group.py
[2025-03-29T17:21:19.384+0000] {logging_mixin.py:190} INFO - [2025-03-29T17:21:19.384+0000] {dag.py:3239} INFO - Sync 1 DAGs
[2025-03-29T17:21:19.394+0000] {logging_mixin.py:190} INFO - [2025-03-29T17:21:19.394+0000] {dag.py:4180} INFO - Setting next_dagrun for example_task_group to None, run_after=None
[2025-03-29T17:21:19.407+0000] {processor.py:208} INFO - Processing /home/airflow/.local/lib/python3.12/site-packages/airflow/example_dags/example_task_group.py took 0.048 seconds
[2025-03-29T17:21:49.610+0000] {processor.py:186} INFO - Started process (PID=801) to work on /home/airflow/.local/lib/python3.12/site-packages/airflow/example_dags/example_task_group.py
[2025-03-29T17:21:49.611+0000] {processor.py:914} INFO - Processing file /home/airflow/.local/lib/python3.12/site-packages/airflow/example_dags/example_task_group.py for tasks to queue
[2025-03-29T17:21:49.612+0000] {logging_mixin.py:190} INFO - [2025-03-29T17:21:49.612+0000] {dagbag.py:588} INFO - Filling up the DagBag from /home/airflow/.local/lib/python3.12/site-packages/airflow/example_dags/example_task_group.py
[2025-03-29T17:21:49.619+0000] {processor.py:925} INFO - DAG(s) 'example_task_group' retrieved from /home/airflow/.local/lib/python3.12/site-packages/airflow/example_dags/example_task_group.py
[2025-03-29T17:21:49.632+0000] {logging_mixin.py:190} INFO - [2025-03-29T17:21:49.632+0000] {dag.py:3239} INFO - Sync 1 DAGs
[2025-03-29T17:21:49.642+0000] {logging_mixin.py:190} INFO - [2025-03-29T17:21:49.642+0000] {dag.py:4180} INFO - Setting next_dagrun for example_task_group to None, run_after=None
[2025-03-29T17:21:49.655+0000] {processor.py:208} INFO - Processing /home/airflow/.local/lib/python3.12/site-packages/airflow/example_dags/example_task_group.py took 0.048 seconds
[2025-03-29T17:22:19.952+0000] {processor.py:186} INFO - Started process (PID=864) to work on /home/airflow/.local/lib/python3.12/site-packages/airflow/example_dags/example_task_group.py
[2025-03-29T17:22:19.953+0000] {processor.py:914} INFO - Processing file /home/airflow/.local/lib/python3.12/site-packages/airflow/example_dags/example_task_group.py for tasks to queue
[2025-03-29T17:22:19.955+0000] {logging_mixin.py:190} INFO - [2025-03-29T17:22:19.954+0000] {dagbag.py:588} INFO - Filling up the DagBag from /home/airflow/.local/lib/python3.12/site-packages/airflow/example_dags/example_task_group.py
[2025-03-29T17:22:19.962+0000] {processor.py:925} INFO - DAG(s) 'example_task_group' retrieved from /home/airflow/.local/lib/python3.12/site-packages/airflow/example_dags/example_task_group.py
[2025-03-29T17:22:19.975+0000] {logging_mixin.py:190} INFO - [2025-03-29T17:22:19.974+0000] {dag.py:3239} INFO - Sync 1 DAGs
[2025-03-29T17:22:19.983+0000] {logging_mixin.py:190} INFO - [2025-03-29T17:22:19.983+0000] {dag.py:4180} INFO - Setting next_dagrun for example_task_group to None, run_after=None
[2025-03-29T17:22:19.995+0000] {processor.py:208} INFO - Processing /home/airflow/.local/lib/python3.12/site-packages/airflow/example_dags/example_task_group.py took 0.046 seconds
[2025-03-29T17:22:50.719+0000] {processor.py:186} INFO - Started process (PID=927) to work on /home/airflow/.local/lib/python3.12/site-packages/airflow/example_dags/example_task_group.py
[2025-03-29T17:22:50.719+0000] {processor.py:914} INFO - Processing file /home/airflow/.local/lib/python3.12/site-packages/airflow/example_dags/example_task_group.py for tasks to queue
[2025-03-29T17:22:50.721+0000] {logging_mixin.py:190} INFO - [2025-03-29T17:22:50.720+0000] {dagbag.py:588} INFO - Filling up the DagBag from /home/airflow/.local/lib/python3.12/site-packages/airflow/example_dags/example_task_group.py
[2025-03-29T17:22:50.727+0000] {processor.py:925} INFO - DAG(s) 'example_task_group' retrieved from /home/airflow/.local/lib/python3.12/site-packages/airflow/example_dags/example_task_group.py
[2025-03-29T17:22:50.742+0000] {logging_mixin.py:190} INFO - [2025-03-29T17:22:50.741+0000] {dag.py:3239} INFO - Sync 1 DAGs
[2025-03-29T17:22:50.752+0000] {logging_mixin.py:190} INFO - [2025-03-29T17:22:50.752+0000] {dag.py:4180} INFO - Setting next_dagrun for example_task_group to None, run_after=None
[2025-03-29T17:22:50.766+0000] {processor.py:208} INFO - Processing /home/airflow/.local/lib/python3.12/site-packages/airflow/example_dags/example_task_group.py took 0.052 seconds
[2025-03-29T17:26:03.972+0000] {processor.py:186} INFO - Started process (PID=46) to work on /home/airflow/.local/lib/python3.12/site-packages/airflow/example_dags/example_task_group.py
[2025-03-29T17:26:03.973+0000] {processor.py:914} INFO - Processing file /home/airflow/.local/lib/python3.12/site-packages/airflow/example_dags/example_task_group.py for tasks to queue
[2025-03-29T17:26:03.975+0000] {logging_mixin.py:190} INFO - [2025-03-29T17:26:03.974+0000] {dagbag.py:588} INFO - Filling up the DagBag from /home/airflow/.local/lib/python3.12/site-packages/airflow/example_dags/example_task_group.py
[2025-03-29T17:26:03.981+0000] {processor.py:925} INFO - DAG(s) 'example_task_group' retrieved from /home/airflow/.local/lib/python3.12/site-packages/airflow/example_dags/example_task_group.py
[2025-03-29T17:26:04.069+0000] {logging_mixin.py:190} INFO - [2025-03-29T17:26:04.068+0000] {override.py:1912} INFO - Created Permission View: can delete on DAG:example_task_group
[2025-03-29T17:26:04.078+0000] {logging_mixin.py:190} INFO - [2025-03-29T17:26:04.077+0000] {override.py:1912} INFO - Created Permission View: can read on DAG:example_task_group
[2025-03-29T17:26:04.083+0000] {logging_mixin.py:190} INFO - [2025-03-29T17:26:04.082+0000] {override.py:1912} INFO - Created Permission View: can edit on DAG:example_task_group
[2025-03-29T17:26:04.088+0000] {logging_mixin.py:190} INFO - [2025-03-29T17:26:04.088+0000] {override.py:1912} INFO - Created Permission View: can delete on DAG Run:example_task_group
[2025-03-29T17:26:04.093+0000] {logging_mixin.py:190} INFO - [2025-03-29T17:26:04.092+0000] {override.py:1912} INFO - Created Permission View: can read on DAG Run:example_task_group
[2025-03-29T17:26:04.097+0000] {logging_mixin.py:190} INFO - [2025-03-29T17:26:04.097+0000] {override.py:1912} INFO - Created Permission View: can create on DAG Run:example_task_group
[2025-03-29T17:26:04.102+0000] {logging_mixin.py:190} INFO - [2025-03-29T17:26:04.102+0000] {override.py:1912} INFO - Created Permission View: menu access on DAG Run:example_task_group
[2025-03-29T17:26:04.103+0000] {logging_mixin.py:190} INFO - [2025-03-29T17:26:04.103+0000] {dag.py:3239} INFO - Sync 1 DAGs
[2025-03-29T17:26:04.112+0000] {logging_mixin.py:190} INFO - [2025-03-29T17:26:04.112+0000] {dag.py:3262} INFO - Creating ORM DAG for example_task_group
[2025-03-29T17:26:04.113+0000] {logging_mixin.py:190} INFO - [2025-03-29T17:26:04.113+0000] {dag.py:4180} INFO - Setting next_dagrun for example_task_group to None, run_after=None
[2025-03-29T17:26:04.125+0000] {processor.py:208} INFO - Processing /home/airflow/.local/lib/python3.12/site-packages/airflow/example_dags/example_task_group.py took 0.157 seconds
[2025-03-29T17:26:35.091+0000] {processor.py:186} INFO - Started process (PID=108) to work on /home/airflow/.local/lib/python3.12/site-packages/airflow/example_dags/example_task_group.py
[2025-03-29T17:26:35.092+0000] {processor.py:914} INFO - Processing file /home/airflow/.local/lib/python3.12/site-packages/airflow/example_dags/example_task_group.py for tasks to queue
[2025-03-29T17:26:35.093+0000] {logging_mixin.py:190} INFO - [2025-03-29T17:26:35.093+0000] {dagbag.py:588} INFO - Filling up the DagBag from /home/airflow/.local/lib/python3.12/site-packages/airflow/example_dags/example_task_group.py
[2025-03-29T17:26:35.098+0000] {processor.py:925} INFO - DAG(s) 'example_task_group' retrieved from /home/airflow/.local/lib/python3.12/site-packages/airflow/example_dags/example_task_group.py
[2025-03-29T17:26:35.112+0000] {logging_mixin.py:190} INFO - [2025-03-29T17:26:35.111+0000] {dag.py:3239} INFO - Sync 1 DAGs
[2025-03-29T17:26:35.121+0000] {logging_mixin.py:190} INFO - [2025-03-29T17:26:35.120+0000] {dag.py:4180} INFO - Setting next_dagrun for example_task_group to None, run_after=None
[2025-03-29T17:26:35.132+0000] {processor.py:208} INFO - Processing /home/airflow/.local/lib/python3.12/site-packages/airflow/example_dags/example_task_group.py took 0.045 seconds
[2025-03-29T17:27:05.942+0000] {processor.py:186} INFO - Started process (PID=171) to work on /home/airflow/.local/lib/python3.12/site-packages/airflow/example_dags/example_task_group.py
[2025-03-29T17:27:05.947+0000] {processor.py:914} INFO - Processing file /home/airflow/.local/lib/python3.12/site-packages/airflow/example_dags/example_task_group.py for tasks to queue
[2025-03-29T17:27:05.950+0000] {logging_mixin.py:190} INFO - [2025-03-29T17:27:05.949+0000] {dagbag.py:588} INFO - Filling up the DagBag from /home/airflow/.local/lib/python3.12/site-packages/airflow/example_dags/example_task_group.py
[2025-03-29T17:27:05.959+0000] {processor.py:925} INFO - DAG(s) 'example_task_group' retrieved from /home/airflow/.local/lib/python3.12/site-packages/airflow/example_dags/example_task_group.py
[2025-03-29T17:27:05.984+0000] {logging_mixin.py:190} INFO - [2025-03-29T17:27:05.983+0000] {dag.py:3239} INFO - Sync 1 DAGs
[2025-03-29T17:27:06.002+0000] {logging_mixin.py:190} INFO - [2025-03-29T17:27:06.002+0000] {dag.py:4180} INFO - Setting next_dagrun for example_task_group to None, run_after=None
[2025-03-29T17:27:06.024+0000] {processor.py:208} INFO - Processing /home/airflow/.local/lib/python3.12/site-packages/airflow/example_dags/example_task_group.py took 0.095 seconds
[2025-03-29T17:27:36.480+0000] {processor.py:186} INFO - Started process (PID=234) to work on /home/airflow/.local/lib/python3.12/site-packages/airflow/example_dags/example_task_group.py
[2025-03-29T17:27:36.482+0000] {processor.py:914} INFO - Processing file /home/airflow/.local/lib/python3.12/site-packages/airflow/example_dags/example_task_group.py for tasks to queue
[2025-03-29T17:27:36.484+0000] {logging_mixin.py:190} INFO - [2025-03-29T17:27:36.484+0000] {dagbag.py:588} INFO - Filling up the DagBag from /home/airflow/.local/lib/python3.12/site-packages/airflow/example_dags/example_task_group.py
[2025-03-29T17:27:36.489+0000] {processor.py:925} INFO - DAG(s) 'example_task_group' retrieved from /home/airflow/.local/lib/python3.12/site-packages/airflow/example_dags/example_task_group.py
[2025-03-29T17:27:36.504+0000] {logging_mixin.py:190} INFO - [2025-03-29T17:27:36.504+0000] {dag.py:3239} INFO - Sync 1 DAGs
[2025-03-29T17:27:36.515+0000] {logging_mixin.py:190} INFO - [2025-03-29T17:27:36.514+0000] {dag.py:4180} INFO - Setting next_dagrun for example_task_group to None, run_after=None
[2025-03-29T17:27:36.531+0000] {processor.py:208} INFO - Processing /home/airflow/.local/lib/python3.12/site-packages/airflow/example_dags/example_task_group.py took 0.054 seconds
[2025-03-29T17:28:06.777+0000] {processor.py:186} INFO - Started process (PID=297) to work on /home/airflow/.local/lib/python3.12/site-packages/airflow/example_dags/example_task_group.py
[2025-03-29T17:28:06.778+0000] {processor.py:914} INFO - Processing file /home/airflow/.local/lib/python3.12/site-packages/airflow/example_dags/example_task_group.py for tasks to queue
[2025-03-29T17:28:06.780+0000] {logging_mixin.py:190} INFO - [2025-03-29T17:28:06.780+0000] {dagbag.py:588} INFO - Filling up the DagBag from /home/airflow/.local/lib/python3.12/site-packages/airflow/example_dags/example_task_group.py
[2025-03-29T17:28:06.786+0000] {processor.py:925} INFO - DAG(s) 'example_task_group' retrieved from /home/airflow/.local/lib/python3.12/site-packages/airflow/example_dags/example_task_group.py
[2025-03-29T17:28:06.802+0000] {logging_mixin.py:190} INFO - [2025-03-29T17:28:06.802+0000] {dag.py:3239} INFO - Sync 1 DAGs
[2025-03-29T17:28:06.812+0000] {logging_mixin.py:190} INFO - [2025-03-29T17:28:06.812+0000] {dag.py:4180} INFO - Setting next_dagrun for example_task_group to None, run_after=None
[2025-03-29T17:28:06.844+0000] {processor.py:208} INFO - Processing /home/airflow/.local/lib/python3.12/site-packages/airflow/example_dags/example_task_group.py took 0.070 seconds
[2025-03-29T17:28:37.285+0000] {processor.py:186} INFO - Started process (PID=360) to work on /home/airflow/.local/lib/python3.12/site-packages/airflow/example_dags/example_task_group.py
[2025-03-29T17:28:37.287+0000] {processor.py:914} INFO - Processing file /home/airflow/.local/lib/python3.12/site-packages/airflow/example_dags/example_task_group.py for tasks to queue
[2025-03-29T17:28:37.288+0000] {logging_mixin.py:190} INFO - [2025-03-29T17:28:37.288+0000] {dagbag.py:588} INFO - Filling up the DagBag from /home/airflow/.local/lib/python3.12/site-packages/airflow/example_dags/example_task_group.py
[2025-03-29T17:28:37.294+0000] {processor.py:925} INFO - DAG(s) 'example_task_group' retrieved from /home/airflow/.local/lib/python3.12/site-packages/airflow/example_dags/example_task_group.py
[2025-03-29T17:28:37.308+0000] {logging_mixin.py:190} INFO - [2025-03-29T17:28:37.308+0000] {dag.py:3239} INFO - Sync 1 DAGs
[2025-03-29T17:28:37.317+0000] {logging_mixin.py:190} INFO - [2025-03-29T17:28:37.317+0000] {dag.py:4180} INFO - Setting next_dagrun for example_task_group to None, run_after=None
[2025-03-29T17:28:37.332+0000] {processor.py:208} INFO - Processing /home/airflow/.local/lib/python3.12/site-packages/airflow/example_dags/example_task_group.py took 0.051 seconds
[2025-03-29T17:29:07.585+0000] {processor.py:186} INFO - Started process (PID=423) to work on /home/airflow/.local/lib/python3.12/site-packages/airflow/example_dags/example_task_group.py
[2025-03-29T17:29:07.588+0000] {processor.py:914} INFO - Processing file /home/airflow/.local/lib/python3.12/site-packages/airflow/example_dags/example_task_group.py for tasks to queue
[2025-03-29T17:29:07.590+0000] {logging_mixin.py:190} INFO - [2025-03-29T17:29:07.590+0000] {dagbag.py:588} INFO - Filling up the DagBag from /home/airflow/.local/lib/python3.12/site-packages/airflow/example_dags/example_task_group.py
[2025-03-29T17:29:07.598+0000] {processor.py:925} INFO - DAG(s) 'example_task_group' retrieved from /home/airflow/.local/lib/python3.12/site-packages/airflow/example_dags/example_task_group.py
[2025-03-29T17:29:07.621+0000] {logging_mixin.py:190} INFO - [2025-03-29T17:29:07.621+0000] {dag.py:3239} INFO - Sync 1 DAGs
[2025-03-29T17:29:07.639+0000] {logging_mixin.py:190} INFO - [2025-03-29T17:29:07.639+0000] {dag.py:4180} INFO - Setting next_dagrun for example_task_group to None, run_after=None
[2025-03-29T17:29:07.654+0000] {processor.py:208} INFO - Processing /home/airflow/.local/lib/python3.12/site-packages/airflow/example_dags/example_task_group.py took 0.073 seconds
[2025-03-29T17:29:37.919+0000] {processor.py:186} INFO - Started process (PID=486) to work on /home/airflow/.local/lib/python3.12/site-packages/airflow/example_dags/example_task_group.py
[2025-03-29T17:29:37.921+0000] {processor.py:914} INFO - Processing file /home/airflow/.local/lib/python3.12/site-packages/airflow/example_dags/example_task_group.py for tasks to queue
[2025-03-29T17:29:37.923+0000] {logging_mixin.py:190} INFO - [2025-03-29T17:29:37.923+0000] {dagbag.py:588} INFO - Filling up the DagBag from /home/airflow/.local/lib/python3.12/site-packages/airflow/example_dags/example_task_group.py
[2025-03-29T17:29:37.930+0000] {processor.py:925} INFO - DAG(s) 'example_task_group' retrieved from /home/airflow/.local/lib/python3.12/site-packages/airflow/example_dags/example_task_group.py
[2025-03-29T17:29:37.946+0000] {logging_mixin.py:190} INFO - [2025-03-29T17:29:37.946+0000] {dag.py:3239} INFO - Sync 1 DAGs
[2025-03-29T17:29:37.957+0000] {logging_mixin.py:190} INFO - [2025-03-29T17:29:37.957+0000] {dag.py:4180} INFO - Setting next_dagrun for example_task_group to None, run_after=None
[2025-03-29T17:29:37.974+0000] {processor.py:208} INFO - Processing /home/airflow/.local/lib/python3.12/site-packages/airflow/example_dags/example_task_group.py took 0.059 seconds
[2025-03-29T17:30:08.499+0000] {processor.py:186} INFO - Started process (PID=549) to work on /home/airflow/.local/lib/python3.12/site-packages/airflow/example_dags/example_task_group.py
[2025-03-29T17:30:08.501+0000] {processor.py:914} INFO - Processing file /home/airflow/.local/lib/python3.12/site-packages/airflow/example_dags/example_task_group.py for tasks to queue
[2025-03-29T17:30:08.502+0000] {logging_mixin.py:190} INFO - [2025-03-29T17:30:08.502+0000] {dagbag.py:588} INFO - Filling up the DagBag from /home/airflow/.local/lib/python3.12/site-packages/airflow/example_dags/example_task_group.py
[2025-03-29T17:30:08.508+0000] {processor.py:925} INFO - DAG(s) 'example_task_group' retrieved from /home/airflow/.local/lib/python3.12/site-packages/airflow/example_dags/example_task_group.py
[2025-03-29T17:30:08.523+0000] {logging_mixin.py:190} INFO - [2025-03-29T17:30:08.523+0000] {dag.py:3239} INFO - Sync 1 DAGs
[2025-03-29T17:30:08.533+0000] {logging_mixin.py:190} INFO - [2025-03-29T17:30:08.533+0000] {dag.py:4180} INFO - Setting next_dagrun for example_task_group to None, run_after=None
[2025-03-29T17:30:08.548+0000] {processor.py:208} INFO - Processing /home/airflow/.local/lib/python3.12/site-packages/airflow/example_dags/example_task_group.py took 0.053 seconds
[2025-03-29T17:30:39.162+0000] {processor.py:186} INFO - Started process (PID=612) to work on /home/airflow/.local/lib/python3.12/site-packages/airflow/example_dags/example_task_group.py
[2025-03-29T17:30:39.165+0000] {processor.py:914} INFO - Processing file /home/airflow/.local/lib/python3.12/site-packages/airflow/example_dags/example_task_group.py for tasks to queue
[2025-03-29T17:30:39.166+0000] {logging_mixin.py:190} INFO - [2025-03-29T17:30:39.166+0000] {dagbag.py:588} INFO - Filling up the DagBag from /home/airflow/.local/lib/python3.12/site-packages/airflow/example_dags/example_task_group.py
[2025-03-29T17:30:39.173+0000] {processor.py:925} INFO - DAG(s) 'example_task_group' retrieved from /home/airflow/.local/lib/python3.12/site-packages/airflow/example_dags/example_task_group.py
[2025-03-29T17:30:39.189+0000] {logging_mixin.py:190} INFO - [2025-03-29T17:30:39.189+0000] {dag.py:3239} INFO - Sync 1 DAGs
[2025-03-29T17:30:39.200+0000] {logging_mixin.py:190} INFO - [2025-03-29T17:30:39.200+0000] {dag.py:4180} INFO - Setting next_dagrun for example_task_group to None, run_after=None
[2025-03-29T17:30:39.216+0000] {processor.py:208} INFO - Processing /home/airflow/.local/lib/python3.12/site-packages/airflow/example_dags/example_task_group.py took 0.058 seconds
[2025-03-29T17:31:09.431+0000] {processor.py:186} INFO - Started process (PID=675) to work on /home/airflow/.local/lib/python3.12/site-packages/airflow/example_dags/example_task_group.py
[2025-03-29T17:31:09.433+0000] {processor.py:914} INFO - Processing file /home/airflow/.local/lib/python3.12/site-packages/airflow/example_dags/example_task_group.py for tasks to queue
[2025-03-29T17:31:09.435+0000] {logging_mixin.py:190} INFO - [2025-03-29T17:31:09.434+0000] {dagbag.py:588} INFO - Filling up the DagBag from /home/airflow/.local/lib/python3.12/site-packages/airflow/example_dags/example_task_group.py
[2025-03-29T17:31:09.440+0000] {processor.py:925} INFO - DAG(s) 'example_task_group' retrieved from /home/airflow/.local/lib/python3.12/site-packages/airflow/example_dags/example_task_group.py
[2025-03-29T17:31:09.455+0000] {logging_mixin.py:190} INFO - [2025-03-29T17:31:09.455+0000] {dag.py:3239} INFO - Sync 1 DAGs
[2025-03-29T17:31:09.466+0000] {logging_mixin.py:190} INFO - [2025-03-29T17:31:09.465+0000] {dag.py:4180} INFO - Setting next_dagrun for example_task_group to None, run_after=None
[2025-03-29T17:31:09.485+0000] {processor.py:208} INFO - Processing /home/airflow/.local/lib/python3.12/site-packages/airflow/example_dags/example_task_group.py took 0.058 seconds
[2025-03-29T17:31:39.670+0000] {processor.py:186} INFO - Started process (PID=738) to work on /home/airflow/.local/lib/python3.12/site-packages/airflow/example_dags/example_task_group.py
[2025-03-29T17:31:39.672+0000] {processor.py:914} INFO - Processing file /home/airflow/.local/lib/python3.12/site-packages/airflow/example_dags/example_task_group.py for tasks to queue
[2025-03-29T17:31:39.673+0000] {logging_mixin.py:190} INFO - [2025-03-29T17:31:39.673+0000] {dagbag.py:588} INFO - Filling up the DagBag from /home/airflow/.local/lib/python3.12/site-packages/airflow/example_dags/example_task_group.py
[2025-03-29T17:31:39.682+0000] {processor.py:925} INFO - DAG(s) 'example_task_group' retrieved from /home/airflow/.local/lib/python3.12/site-packages/airflow/example_dags/example_task_group.py
[2025-03-29T17:31:39.698+0000] {logging_mixin.py:190} INFO - [2025-03-29T17:31:39.698+0000] {dag.py:3239} INFO - Sync 1 DAGs
[2025-03-29T17:31:39.709+0000] {logging_mixin.py:190} INFO - [2025-03-29T17:31:39.709+0000] {dag.py:4180} INFO - Setting next_dagrun for example_task_group to None, run_after=None
[2025-03-29T17:31:39.722+0000] {processor.py:208} INFO - Processing /home/airflow/.local/lib/python3.12/site-packages/airflow/example_dags/example_task_group.py took 0.056 seconds
[2025-03-29T17:32:10.288+0000] {processor.py:186} INFO - Started process (PID=801) to work on /home/airflow/.local/lib/python3.12/site-packages/airflow/example_dags/example_task_group.py
[2025-03-29T17:32:10.289+0000] {processor.py:914} INFO - Processing file /home/airflow/.local/lib/python3.12/site-packages/airflow/example_dags/example_task_group.py for tasks to queue
[2025-03-29T17:32:10.291+0000] {logging_mixin.py:190} INFO - [2025-03-29T17:32:10.290+0000] {dagbag.py:588} INFO - Filling up the DagBag from /home/airflow/.local/lib/python3.12/site-packages/airflow/example_dags/example_task_group.py
[2025-03-29T17:32:10.296+0000] {processor.py:925} INFO - DAG(s) 'example_task_group' retrieved from /home/airflow/.local/lib/python3.12/site-packages/airflow/example_dags/example_task_group.py
[2025-03-29T17:32:10.310+0000] {logging_mixin.py:190} INFO - [2025-03-29T17:32:10.310+0000] {dag.py:3239} INFO - Sync 1 DAGs
[2025-03-29T17:32:10.320+0000] {logging_mixin.py:190} INFO - [2025-03-29T17:32:10.320+0000] {dag.py:4180} INFO - Setting next_dagrun for example_task_group to None, run_after=None
[2025-03-29T17:32:10.332+0000] {processor.py:208} INFO - Processing /home/airflow/.local/lib/python3.12/site-packages/airflow/example_dags/example_task_group.py took 0.047 seconds
[2025-03-29T17:32:40.655+0000] {processor.py:186} INFO - Started process (PID=864) to work on /home/airflow/.local/lib/python3.12/site-packages/airflow/example_dags/example_task_group.py
[2025-03-29T17:32:40.656+0000] {processor.py:914} INFO - Processing file /home/airflow/.local/lib/python3.12/site-packages/airflow/example_dags/example_task_group.py for tasks to queue
[2025-03-29T17:32:40.658+0000] {logging_mixin.py:190} INFO - [2025-03-29T17:32:40.658+0000] {dagbag.py:588} INFO - Filling up the DagBag from /home/airflow/.local/lib/python3.12/site-packages/airflow/example_dags/example_task_group.py
[2025-03-29T17:32:40.664+0000] {processor.py:925} INFO - DAG(s) 'example_task_group' retrieved from /home/airflow/.local/lib/python3.12/site-packages/airflow/example_dags/example_task_group.py
[2025-03-29T17:32:40.677+0000] {logging_mixin.py:190} INFO - [2025-03-29T17:32:40.677+0000] {dag.py:3239} INFO - Sync 1 DAGs
[2025-03-29T17:32:40.687+0000] {logging_mixin.py:190} INFO - [2025-03-29T17:32:40.687+0000] {dag.py:4180} INFO - Setting next_dagrun for example_task_group to None, run_after=None
[2025-03-29T17:32:40.699+0000] {processor.py:208} INFO - Processing /home/airflow/.local/lib/python3.12/site-packages/airflow/example_dags/example_task_group.py took 0.051 seconds
[2025-03-29T17:33:11.265+0000] {processor.py:186} INFO - Started process (PID=927) to work on /home/airflow/.local/lib/python3.12/site-packages/airflow/example_dags/example_task_group.py
[2025-03-29T17:33:11.267+0000] {processor.py:914} INFO - Processing file /home/airflow/.local/lib/python3.12/site-packages/airflow/example_dags/example_task_group.py for tasks to queue
[2025-03-29T17:33:11.268+0000] {logging_mixin.py:190} INFO - [2025-03-29T17:33:11.268+0000] {dagbag.py:588} INFO - Filling up the DagBag from /home/airflow/.local/lib/python3.12/site-packages/airflow/example_dags/example_task_group.py
[2025-03-29T17:33:11.274+0000] {processor.py:925} INFO - DAG(s) 'example_task_group' retrieved from /home/airflow/.local/lib/python3.12/site-packages/airflow/example_dags/example_task_group.py
[2025-03-29T17:33:11.288+0000] {logging_mixin.py:190} INFO - [2025-03-29T17:33:11.288+0000] {dag.py:3239} INFO - Sync 1 DAGs
[2025-03-29T17:33:11.298+0000] {logging_mixin.py:190} INFO - [2025-03-29T17:33:11.298+0000] {dag.py:4180} INFO - Setting next_dagrun for example_task_group to None, run_after=None
[2025-03-29T17:33:11.310+0000] {processor.py:208} INFO - Processing /home/airflow/.local/lib/python3.12/site-packages/airflow/example_dags/example_task_group.py took 0.048 seconds
[2025-03-29T17:33:41.526+0000] {processor.py:186} INFO - Started process (PID=990) to work on /home/airflow/.local/lib/python3.12/site-packages/airflow/example_dags/example_task_group.py
[2025-03-29T17:33:41.527+0000] {processor.py:914} INFO - Processing file /home/airflow/.local/lib/python3.12/site-packages/airflow/example_dags/example_task_group.py for tasks to queue
[2025-03-29T17:33:41.529+0000] {logging_mixin.py:190} INFO - [2025-03-29T17:33:41.528+0000] {dagbag.py:588} INFO - Filling up the DagBag from /home/airflow/.local/lib/python3.12/site-packages/airflow/example_dags/example_task_group.py
[2025-03-29T17:33:41.535+0000] {processor.py:925} INFO - DAG(s) 'example_task_group' retrieved from /home/airflow/.local/lib/python3.12/site-packages/airflow/example_dags/example_task_group.py
[2025-03-29T17:33:41.550+0000] {logging_mixin.py:190} INFO - [2025-03-29T17:33:41.550+0000] {dag.py:3239} INFO - Sync 1 DAGs
[2025-03-29T17:33:41.559+0000] {logging_mixin.py:190} INFO - [2025-03-29T17:33:41.559+0000] {dag.py:4180} INFO - Setting next_dagrun for example_task_group to None, run_after=None
[2025-03-29T17:33:41.571+0000] {processor.py:208} INFO - Processing /home/airflow/.local/lib/python3.12/site-packages/airflow/example_dags/example_task_group.py took 0.048 seconds
[2025-03-29T17:34:12.258+0000] {processor.py:186} INFO - Started process (PID=1053) to work on /home/airflow/.local/lib/python3.12/site-packages/airflow/example_dags/example_task_group.py
[2025-03-29T17:34:12.260+0000] {processor.py:914} INFO - Processing file /home/airflow/.local/lib/python3.12/site-packages/airflow/example_dags/example_task_group.py for tasks to queue
[2025-03-29T17:34:12.261+0000] {logging_mixin.py:190} INFO - [2025-03-29T17:34:12.261+0000] {dagbag.py:588} INFO - Filling up the DagBag from /home/airflow/.local/lib/python3.12/site-packages/airflow/example_dags/example_task_group.py
[2025-03-29T17:34:12.267+0000] {processor.py:925} INFO - DAG(s) 'example_task_group' retrieved from /home/airflow/.local/lib/python3.12/site-packages/airflow/example_dags/example_task_group.py
[2025-03-29T17:34:12.281+0000] {logging_mixin.py:190} INFO - [2025-03-29T17:34:12.281+0000] {dag.py:3239} INFO - Sync 1 DAGs
[2025-03-29T17:34:12.289+0000] {logging_mixin.py:190} INFO - [2025-03-29T17:34:12.289+0000] {dag.py:4180} INFO - Setting next_dagrun for example_task_group to None, run_after=None
[2025-03-29T17:34:12.314+0000] {processor.py:208} INFO - Processing /home/airflow/.local/lib/python3.12/site-packages/airflow/example_dags/example_task_group.py took 0.059 seconds
[2025-03-29T17:34:42.637+0000] {processor.py:186} INFO - Started process (PID=1116) to work on /home/airflow/.local/lib/python3.12/site-packages/airflow/example_dags/example_task_group.py
[2025-03-29T17:34:42.639+0000] {processor.py:914} INFO - Processing file /home/airflow/.local/lib/python3.12/site-packages/airflow/example_dags/example_task_group.py for tasks to queue
[2025-03-29T17:34:42.641+0000] {logging_mixin.py:190} INFO - [2025-03-29T17:34:42.640+0000] {dagbag.py:588} INFO - Filling up the DagBag from /home/airflow/.local/lib/python3.12/site-packages/airflow/example_dags/example_task_group.py
[2025-03-29T17:34:42.647+0000] {processor.py:925} INFO - DAG(s) 'example_task_group' retrieved from /home/airflow/.local/lib/python3.12/site-packages/airflow/example_dags/example_task_group.py
[2025-03-29T17:34:42.663+0000] {logging_mixin.py:190} INFO - [2025-03-29T17:34:42.663+0000] {dag.py:3239} INFO - Sync 1 DAGs
[2025-03-29T17:34:42.672+0000] {logging_mixin.py:190} INFO - [2025-03-29T17:34:42.672+0000] {dag.py:4180} INFO - Setting next_dagrun for example_task_group to None, run_after=None
[2025-03-29T17:34:42.686+0000] {processor.py:208} INFO - Processing /home/airflow/.local/lib/python3.12/site-packages/airflow/example_dags/example_task_group.py took 0.052 seconds
[2025-03-29T17:35:13.651+0000] {processor.py:186} INFO - Started process (PID=1179) to work on /home/airflow/.local/lib/python3.12/site-packages/airflow/example_dags/example_task_group.py
[2025-03-29T17:35:13.654+0000] {processor.py:914} INFO - Processing file /home/airflow/.local/lib/python3.12/site-packages/airflow/example_dags/example_task_group.py for tasks to queue
[2025-03-29T17:35:13.656+0000] {logging_mixin.py:190} INFO - [2025-03-29T17:35:13.656+0000] {dagbag.py:588} INFO - Filling up the DagBag from /home/airflow/.local/lib/python3.12/site-packages/airflow/example_dags/example_task_group.py
[2025-03-29T17:35:13.667+0000] {processor.py:925} INFO - DAG(s) 'example_task_group' retrieved from /home/airflow/.local/lib/python3.12/site-packages/airflow/example_dags/example_task_group.py
[2025-03-29T17:35:13.686+0000] {logging_mixin.py:190} INFO - [2025-03-29T17:35:13.686+0000] {dag.py:3239} INFO - Sync 1 DAGs
[2025-03-29T17:35:13.697+0000] {logging_mixin.py:190} INFO - [2025-03-29T17:35:13.697+0000] {dag.py:4180} INFO - Setting next_dagrun for example_task_group to None, run_after=None
[2025-03-29T17:35:13.711+0000] {processor.py:208} INFO - Processing /home/airflow/.local/lib/python3.12/site-packages/airflow/example_dags/example_task_group.py took 0.072 seconds
[2025-03-29T17:35:44.083+0000] {processor.py:186} INFO - Started process (PID=1242) to work on /home/airflow/.local/lib/python3.12/site-packages/airflow/example_dags/example_task_group.py
[2025-03-29T17:35:44.086+0000] {processor.py:914} INFO - Processing file /home/airflow/.local/lib/python3.12/site-packages/airflow/example_dags/example_task_group.py for tasks to queue
[2025-03-29T17:35:44.087+0000] {logging_mixin.py:190} INFO - [2025-03-29T17:35:44.087+0000] {dagbag.py:588} INFO - Filling up the DagBag from /home/airflow/.local/lib/python3.12/site-packages/airflow/example_dags/example_task_group.py
[2025-03-29T17:35:44.093+0000] {processor.py:925} INFO - DAG(s) 'example_task_group' retrieved from /home/airflow/.local/lib/python3.12/site-packages/airflow/example_dags/example_task_group.py
[2025-03-29T17:35:44.106+0000] {logging_mixin.py:190} INFO - [2025-03-29T17:35:44.106+0000] {dag.py:3239} INFO - Sync 1 DAGs
[2025-03-29T17:35:44.116+0000] {logging_mixin.py:190} INFO - [2025-03-29T17:35:44.116+0000] {dag.py:4180} INFO - Setting next_dagrun for example_task_group to None, run_after=None
[2025-03-29T17:35:44.130+0000] {processor.py:208} INFO - Processing /home/airflow/.local/lib/python3.12/site-packages/airflow/example_dags/example_task_group.py took 0.056 seconds
[2025-03-29T17:36:14.338+0000] {processor.py:186} INFO - Started process (PID=1305) to work on /home/airflow/.local/lib/python3.12/site-packages/airflow/example_dags/example_task_group.py
[2025-03-29T17:36:14.340+0000] {processor.py:914} INFO - Processing file /home/airflow/.local/lib/python3.12/site-packages/airflow/example_dags/example_task_group.py for tasks to queue
[2025-03-29T17:36:14.342+0000] {logging_mixin.py:190} INFO - [2025-03-29T17:36:14.341+0000] {dagbag.py:588} INFO - Filling up the DagBag from /home/airflow/.local/lib/python3.12/site-packages/airflow/example_dags/example_task_group.py
[2025-03-29T17:36:14.348+0000] {processor.py:925} INFO - DAG(s) 'example_task_group' retrieved from /home/airflow/.local/lib/python3.12/site-packages/airflow/example_dags/example_task_group.py
[2025-03-29T17:36:14.365+0000] {logging_mixin.py:190} INFO - [2025-03-29T17:36:14.365+0000] {dag.py:3239} INFO - Sync 1 DAGs
[2025-03-29T17:36:14.375+0000] {logging_mixin.py:190} INFO - [2025-03-29T17:36:14.375+0000] {dag.py:4180} INFO - Setting next_dagrun for example_task_group to None, run_after=None
[2025-03-29T17:36:14.388+0000] {processor.py:208} INFO - Processing /home/airflow/.local/lib/python3.12/site-packages/airflow/example_dags/example_task_group.py took 0.057 seconds
[2025-03-29T17:36:44.709+0000] {processor.py:186} INFO - Started process (PID=1368) to work on /home/airflow/.local/lib/python3.12/site-packages/airflow/example_dags/example_task_group.py
[2025-03-29T17:36:44.711+0000] {processor.py:914} INFO - Processing file /home/airflow/.local/lib/python3.12/site-packages/airflow/example_dags/example_task_group.py for tasks to queue
[2025-03-29T17:36:44.712+0000] {logging_mixin.py:190} INFO - [2025-03-29T17:36:44.712+0000] {dagbag.py:588} INFO - Filling up the DagBag from /home/airflow/.local/lib/python3.12/site-packages/airflow/example_dags/example_task_group.py
[2025-03-29T17:36:44.717+0000] {processor.py:925} INFO - DAG(s) 'example_task_group' retrieved from /home/airflow/.local/lib/python3.12/site-packages/airflow/example_dags/example_task_group.py
[2025-03-29T17:36:44.731+0000] {logging_mixin.py:190} INFO - [2025-03-29T17:36:44.731+0000] {dag.py:3239} INFO - Sync 1 DAGs
[2025-03-29T17:36:44.740+0000] {logging_mixin.py:190} INFO - [2025-03-29T17:36:44.740+0000] {dag.py:4180} INFO - Setting next_dagrun for example_task_group to None, run_after=None
[2025-03-29T17:36:44.753+0000] {processor.py:208} INFO - Processing /home/airflow/.local/lib/python3.12/site-packages/airflow/example_dags/example_task_group.py took 0.048 seconds
[2025-03-29T17:37:14.897+0000] {processor.py:186} INFO - Started process (PID=1431) to work on /home/airflow/.local/lib/python3.12/site-packages/airflow/example_dags/example_task_group.py
[2025-03-29T17:37:14.899+0000] {processor.py:914} INFO - Processing file /home/airflow/.local/lib/python3.12/site-packages/airflow/example_dags/example_task_group.py for tasks to queue
[2025-03-29T17:37:14.900+0000] {logging_mixin.py:190} INFO - [2025-03-29T17:37:14.900+0000] {dagbag.py:588} INFO - Filling up the DagBag from /home/airflow/.local/lib/python3.12/site-packages/airflow/example_dags/example_task_group.py
[2025-03-29T17:37:14.906+0000] {processor.py:925} INFO - DAG(s) 'example_task_group' retrieved from /home/airflow/.local/lib/python3.12/site-packages/airflow/example_dags/example_task_group.py
[2025-03-29T17:37:14.920+0000] {logging_mixin.py:190} INFO - [2025-03-29T17:37:14.920+0000] {dag.py:3239} INFO - Sync 1 DAGs
[2025-03-29T17:37:14.930+0000] {logging_mixin.py:190} INFO - [2025-03-29T17:37:14.930+0000] {dag.py:4180} INFO - Setting next_dagrun for example_task_group to None, run_after=None
[2025-03-29T17:37:14.942+0000] {processor.py:208} INFO - Processing /home/airflow/.local/lib/python3.12/site-packages/airflow/example_dags/example_task_group.py took 0.048 seconds
[2025-03-29T17:37:45.377+0000] {processor.py:186} INFO - Started process (PID=1494) to work on /home/airflow/.local/lib/python3.12/site-packages/airflow/example_dags/example_task_group.py
[2025-03-29T17:37:45.379+0000] {processor.py:914} INFO - Processing file /home/airflow/.local/lib/python3.12/site-packages/airflow/example_dags/example_task_group.py for tasks to queue
[2025-03-29T17:37:45.381+0000] {logging_mixin.py:190} INFO - [2025-03-29T17:37:45.380+0000] {dagbag.py:588} INFO - Filling up the DagBag from /home/airflow/.local/lib/python3.12/site-packages/airflow/example_dags/example_task_group.py
[2025-03-29T17:37:45.387+0000] {processor.py:925} INFO - DAG(s) 'example_task_group' retrieved from /home/airflow/.local/lib/python3.12/site-packages/airflow/example_dags/example_task_group.py
[2025-03-29T17:37:45.402+0000] {logging_mixin.py:190} INFO - [2025-03-29T17:37:45.402+0000] {dag.py:3239} INFO - Sync 1 DAGs
[2025-03-29T17:37:45.412+0000] {logging_mixin.py:190} INFO - [2025-03-29T17:37:45.412+0000] {dag.py:4180} INFO - Setting next_dagrun for example_task_group to None, run_after=None
[2025-03-29T17:37:45.426+0000] {processor.py:208} INFO - Processing /home/airflow/.local/lib/python3.12/site-packages/airflow/example_dags/example_task_group.py took 0.053 seconds
[2025-03-29T17:38:15.842+0000] {processor.py:186} INFO - Started process (PID=1557) to work on /home/airflow/.local/lib/python3.12/site-packages/airflow/example_dags/example_task_group.py
[2025-03-29T17:38:15.844+0000] {processor.py:914} INFO - Processing file /home/airflow/.local/lib/python3.12/site-packages/airflow/example_dags/example_task_group.py for tasks to queue
[2025-03-29T17:38:15.846+0000] {logging_mixin.py:190} INFO - [2025-03-29T17:38:15.846+0000] {dagbag.py:588} INFO - Filling up the DagBag from /home/airflow/.local/lib/python3.12/site-packages/airflow/example_dags/example_task_group.py
[2025-03-29T17:38:15.852+0000] {processor.py:925} INFO - DAG(s) 'example_task_group' retrieved from /home/airflow/.local/lib/python3.12/site-packages/airflow/example_dags/example_task_group.py
[2025-03-29T17:38:15.869+0000] {logging_mixin.py:190} INFO - [2025-03-29T17:38:15.868+0000] {dag.py:3239} INFO - Sync 1 DAGs
[2025-03-29T17:38:15.878+0000] {logging_mixin.py:190} INFO - [2025-03-29T17:38:15.878+0000] {dag.py:4180} INFO - Setting next_dagrun for example_task_group to None, run_after=None
[2025-03-29T17:38:15.890+0000] {processor.py:208} INFO - Processing /home/airflow/.local/lib/python3.12/site-packages/airflow/example_dags/example_task_group.py took 0.051 seconds
[2025-03-29T17:38:46.070+0000] {processor.py:186} INFO - Started process (PID=1620) to work on /home/airflow/.local/lib/python3.12/site-packages/airflow/example_dags/example_task_group.py
[2025-03-29T17:38:46.073+0000] {processor.py:914} INFO - Processing file /home/airflow/.local/lib/python3.12/site-packages/airflow/example_dags/example_task_group.py for tasks to queue
[2025-03-29T17:38:46.075+0000] {logging_mixin.py:190} INFO - [2025-03-29T17:38:46.075+0000] {dagbag.py:588} INFO - Filling up the DagBag from /home/airflow/.local/lib/python3.12/site-packages/airflow/example_dags/example_task_group.py
[2025-03-29T17:38:46.082+0000] {processor.py:925} INFO - DAG(s) 'example_task_group' retrieved from /home/airflow/.local/lib/python3.12/site-packages/airflow/example_dags/example_task_group.py
[2025-03-29T17:38:46.100+0000] {logging_mixin.py:190} INFO - [2025-03-29T17:38:46.100+0000] {dag.py:3239} INFO - Sync 1 DAGs
[2025-03-29T17:38:46.111+0000] {logging_mixin.py:190} INFO - [2025-03-29T17:38:46.111+0000] {dag.py:4180} INFO - Setting next_dagrun for example_task_group to None, run_after=None
[2025-03-29T17:38:46.128+0000] {processor.py:208} INFO - Processing /home/airflow/.local/lib/python3.12/site-packages/airflow/example_dags/example_task_group.py took 0.063 seconds
