[2025-03-29T17:15:47.370+0000] {processor.py:186} INFO - Started process (PID=62) to work on /home/airflow/.local/lib/python3.12/site-packages/airflow/example_dags/example_xcomargs.py
[2025-03-29T17:15:47.371+0000] {processor.py:914} INFO - Processing file /home/airflow/.local/lib/python3.12/site-packages/airflow/example_dags/example_xcomargs.py for tasks to queue
[2025-03-29T17:15:47.372+0000] {logging_mixin.py:190} INFO - [2025-03-29T17:15:47.372+0000] {dagbag.py:588} INFO - Filling up the DagBag from /home/airflow/.local/lib/python3.12/site-packages/airflow/example_dags/example_xcomargs.py
[2025-03-29T17:15:47.379+0000] {processor.py:925} INFO - DAG(s) 'example_xcom_args', 'example_xcom_args_with_operators' retrieved from /home/airflow/.local/lib/python3.12/site-packages/airflow/example_dags/example_xcomargs.py
[2025-03-29T17:15:47.454+0000] {logging_mixin.py:190} INFO - [2025-03-29T17:15:47.454+0000] {override.py:1912} INFO - Created Permission View: can delete on DAG:example_xcom_args
[2025-03-29T17:15:47.461+0000] {logging_mixin.py:190} INFO - [2025-03-29T17:15:47.461+0000] {override.py:1912} INFO - Created Permission View: can edit on DAG:example_xcom_args
[2025-03-29T17:15:47.466+0000] {logging_mixin.py:190} INFO - [2025-03-29T17:15:47.466+0000] {override.py:1912} INFO - Created Permission View: can read on DAG:example_xcom_args
[2025-03-29T17:15:47.472+0000] {logging_mixin.py:190} INFO - [2025-03-29T17:15:47.472+0000] {override.py:1912} INFO - Created Permission View: can delete on DAG Run:example_xcom_args
[2025-03-29T17:15:47.476+0000] {logging_mixin.py:190} INFO - [2025-03-29T17:15:47.476+0000] {override.py:1912} INFO - Created Permission View: menu access on DAG Run:example_xcom_args
[2025-03-29T17:15:47.480+0000] {logging_mixin.py:190} INFO - [2025-03-29T17:15:47.480+0000] {override.py:1912} INFO - Created Permission View: can read on DAG Run:example_xcom_args
[2025-03-29T17:15:47.484+0000] {logging_mixin.py:190} INFO - [2025-03-29T17:15:47.484+0000] {override.py:1912} INFO - Created Permission View: can create on DAG Run:example_xcom_args
[2025-03-29T17:15:47.494+0000] {logging_mixin.py:190} INFO - [2025-03-29T17:15:47.494+0000] {override.py:1912} INFO - Created Permission View: can delete on DAG:example_xcom_args_with_operators
[2025-03-29T17:15:47.498+0000] {logging_mixin.py:190} INFO - [2025-03-29T17:15:47.498+0000] {override.py:1912} INFO - Created Permission View: can edit on DAG:example_xcom_args_with_operators
[2025-03-29T17:15:47.502+0000] {logging_mixin.py:190} INFO - [2025-03-29T17:15:47.502+0000] {override.py:1912} INFO - Created Permission View: can read on DAG:example_xcom_args_with_operators
[2025-03-29T17:15:47.507+0000] {logging_mixin.py:190} INFO - [2025-03-29T17:15:47.507+0000] {override.py:1912} INFO - Created Permission View: can delete on DAG Run:example_xcom_args_with_operators
[2025-03-29T17:15:47.511+0000] {logging_mixin.py:190} INFO - [2025-03-29T17:15:47.511+0000] {override.py:1912} INFO - Created Permission View: menu access on DAG Run:example_xcom_args_with_operators
[2025-03-29T17:15:47.515+0000] {logging_mixin.py:190} INFO - [2025-03-29T17:15:47.515+0000] {override.py:1912} INFO - Created Permission View: can read on DAG Run:example_xcom_args_with_operators
[2025-03-29T17:15:47.519+0000] {logging_mixin.py:190} INFO - [2025-03-29T17:15:47.519+0000] {override.py:1912} INFO - Created Permission View: can create on DAG Run:example_xcom_args_with_operators
[2025-03-29T17:15:47.519+0000] {logging_mixin.py:190} INFO - [2025-03-29T17:15:47.519+0000] {dag.py:3239} INFO - Sync 2 DAGs
[2025-03-29T17:15:47.529+0000] {logging_mixin.py:190} INFO - [2025-03-29T17:15:47.529+0000] {dag.py:3262} INFO - Creating ORM DAG for example_xcom_args
[2025-03-29T17:15:47.530+0000] {logging_mixin.py:190} INFO - [2025-03-29T17:15:47.530+0000] {dag.py:3262} INFO - Creating ORM DAG for example_xcom_args_with_operators
[2025-03-29T17:15:47.530+0000] {logging_mixin.py:190} INFO - [2025-03-29T17:15:47.530+0000] {dag.py:4180} INFO - Setting next_dagrun for example_xcom_args to None, run_after=None
[2025-03-29T17:15:47.531+0000] {logging_mixin.py:190} INFO - [2025-03-29T17:15:47.531+0000] {dag.py:4180} INFO - Setting next_dagrun for example_xcom_args_with_operators to None, run_after=None
[2025-03-29T17:15:47.544+0000] {processor.py:208} INFO - Processing /home/airflow/.local/lib/python3.12/site-packages/airflow/example_dags/example_xcomargs.py took 0.177 seconds
[2025-03-29T17:16:18.209+0000] {processor.py:186} INFO - Started process (PID=125) to work on /home/airflow/.local/lib/python3.12/site-packages/airflow/example_dags/example_xcomargs.py
[2025-03-29T17:16:18.211+0000] {processor.py:914} INFO - Processing file /home/airflow/.local/lib/python3.12/site-packages/airflow/example_dags/example_xcomargs.py for tasks to queue
[2025-03-29T17:16:18.212+0000] {logging_mixin.py:190} INFO - [2025-03-29T17:16:18.212+0000] {dagbag.py:588} INFO - Filling up the DagBag from /home/airflow/.local/lib/python3.12/site-packages/airflow/example_dags/example_xcomargs.py
[2025-03-29T17:16:18.225+0000] {processor.py:925} INFO - DAG(s) 'example_xcom_args_with_operators', 'example_xcom_args' retrieved from /home/airflow/.local/lib/python3.12/site-packages/airflow/example_dags/example_xcomargs.py
[2025-03-29T17:16:18.247+0000] {logging_mixin.py:190} INFO - [2025-03-29T17:16:18.247+0000] {dag.py:3239} INFO - Sync 2 DAGs
[2025-03-29T17:16:18.262+0000] {logging_mixin.py:190} INFO - [2025-03-29T17:16:18.262+0000] {dag.py:4180} INFO - Setting next_dagrun for example_xcom_args to None, run_after=None
[2025-03-29T17:16:18.266+0000] {logging_mixin.py:190} INFO - [2025-03-29T17:16:18.265+0000] {dag.py:4180} INFO - Setting next_dagrun for example_xcom_args_with_operators to None, run_after=None
[2025-03-29T17:16:18.291+0000] {processor.py:208} INFO - Processing /home/airflow/.local/lib/python3.12/site-packages/airflow/example_dags/example_xcomargs.py took 0.088 seconds
[2025-03-29T17:16:49.154+0000] {processor.py:186} INFO - Started process (PID=188) to work on /home/airflow/.local/lib/python3.12/site-packages/airflow/example_dags/example_xcomargs.py
[2025-03-29T17:16:49.154+0000] {processor.py:914} INFO - Processing file /home/airflow/.local/lib/python3.12/site-packages/airflow/example_dags/example_xcomargs.py for tasks to queue
[2025-03-29T17:16:49.155+0000] {logging_mixin.py:190} INFO - [2025-03-29T17:16:49.155+0000] {dagbag.py:588} INFO - Filling up the DagBag from /home/airflow/.local/lib/python3.12/site-packages/airflow/example_dags/example_xcomargs.py
[2025-03-29T17:16:49.162+0000] {processor.py:925} INFO - DAG(s) 'example_xcom_args', 'example_xcom_args_with_operators' retrieved from /home/airflow/.local/lib/python3.12/site-packages/airflow/example_dags/example_xcomargs.py
[2025-03-29T17:16:49.176+0000] {logging_mixin.py:190} INFO - [2025-03-29T17:16:49.175+0000] {dag.py:3239} INFO - Sync 2 DAGs
[2025-03-29T17:16:49.185+0000] {logging_mixin.py:190} INFO - [2025-03-29T17:16:49.185+0000] {dag.py:4180} INFO - Setting next_dagrun for example_xcom_args to None, run_after=None
[2025-03-29T17:16:49.188+0000] {logging_mixin.py:190} INFO - [2025-03-29T17:16:49.187+0000] {dag.py:4180} INFO - Setting next_dagrun for example_xcom_args_with_operators to None, run_after=None
[2025-03-29T17:16:49.199+0000] {processor.py:208} INFO - Processing /home/airflow/.local/lib/python3.12/site-packages/airflow/example_dags/example_xcomargs.py took 0.048 seconds
[2025-03-29T17:17:19.651+0000] {processor.py:186} INFO - Started process (PID=251) to work on /home/airflow/.local/lib/python3.12/site-packages/airflow/example_dags/example_xcomargs.py
[2025-03-29T17:17:19.651+0000] {processor.py:914} INFO - Processing file /home/airflow/.local/lib/python3.12/site-packages/airflow/example_dags/example_xcomargs.py for tasks to queue
[2025-03-29T17:17:19.653+0000] {logging_mixin.py:190} INFO - [2025-03-29T17:17:19.652+0000] {dagbag.py:588} INFO - Filling up the DagBag from /home/airflow/.local/lib/python3.12/site-packages/airflow/example_dags/example_xcomargs.py
[2025-03-29T17:17:19.659+0000] {processor.py:925} INFO - DAG(s) 'example_xcom_args', 'example_xcom_args_with_operators' retrieved from /home/airflow/.local/lib/python3.12/site-packages/airflow/example_dags/example_xcomargs.py
[2025-03-29T17:17:19.672+0000] {logging_mixin.py:190} INFO - [2025-03-29T17:17:19.672+0000] {dag.py:3239} INFO - Sync 2 DAGs
[2025-03-29T17:17:19.682+0000] {logging_mixin.py:190} INFO - [2025-03-29T17:17:19.682+0000] {dag.py:4180} INFO - Setting next_dagrun for example_xcom_args to None, run_after=None
[2025-03-29T17:17:19.685+0000] {logging_mixin.py:190} INFO - [2025-03-29T17:17:19.684+0000] {dag.py:4180} INFO - Setting next_dagrun for example_xcom_args_with_operators to None, run_after=None
[2025-03-29T17:17:19.695+0000] {processor.py:208} INFO - Processing /home/airflow/.local/lib/python3.12/site-packages/airflow/example_dags/example_xcomargs.py took 0.047 seconds
[2025-03-29T17:17:51.035+0000] {processor.py:186} INFO - Started process (PID=314) to work on /home/airflow/.local/lib/python3.12/site-packages/airflow/example_dags/example_xcomargs.py
[2025-03-29T17:17:51.036+0000] {processor.py:914} INFO - Processing file /home/airflow/.local/lib/python3.12/site-packages/airflow/example_dags/example_xcomargs.py for tasks to queue
[2025-03-29T17:17:51.037+0000] {logging_mixin.py:190} INFO - [2025-03-29T17:17:51.037+0000] {dagbag.py:588} INFO - Filling up the DagBag from /home/airflow/.local/lib/python3.12/site-packages/airflow/example_dags/example_xcomargs.py
[2025-03-29T17:17:51.046+0000] {processor.py:925} INFO - DAG(s) 'example_xcom_args', 'example_xcom_args_with_operators' retrieved from /home/airflow/.local/lib/python3.12/site-packages/airflow/example_dags/example_xcomargs.py
[2025-03-29T17:17:51.061+0000] {logging_mixin.py:190} INFO - [2025-03-29T17:17:51.061+0000] {dag.py:3239} INFO - Sync 2 DAGs
[2025-03-29T17:17:51.071+0000] {logging_mixin.py:190} INFO - [2025-03-29T17:17:51.071+0000] {dag.py:4180} INFO - Setting next_dagrun for example_xcom_args to None, run_after=None
[2025-03-29T17:17:51.073+0000] {logging_mixin.py:190} INFO - [2025-03-29T17:17:51.073+0000] {dag.py:4180} INFO - Setting next_dagrun for example_xcom_args_with_operators to None, run_after=None
[2025-03-29T17:17:51.083+0000] {processor.py:208} INFO - Processing /home/airflow/.local/lib/python3.12/site-packages/airflow/example_dags/example_xcomargs.py took 0.052 seconds
[2025-03-29T17:18:22.431+0000] {processor.py:186} INFO - Started process (PID=377) to work on /home/airflow/.local/lib/python3.12/site-packages/airflow/example_dags/example_xcomargs.py
[2025-03-29T17:18:22.431+0000] {processor.py:914} INFO - Processing file /home/airflow/.local/lib/python3.12/site-packages/airflow/example_dags/example_xcomargs.py for tasks to queue
[2025-03-29T17:18:22.433+0000] {logging_mixin.py:190} INFO - [2025-03-29T17:18:22.432+0000] {dagbag.py:588} INFO - Filling up the DagBag from /home/airflow/.local/lib/python3.12/site-packages/airflow/example_dags/example_xcomargs.py
[2025-03-29T17:18:22.439+0000] {processor.py:925} INFO - DAG(s) 'example_xcom_args_with_operators', 'example_xcom_args' retrieved from /home/airflow/.local/lib/python3.12/site-packages/airflow/example_dags/example_xcomargs.py
[2025-03-29T17:18:22.453+0000] {logging_mixin.py:190} INFO - [2025-03-29T17:18:22.453+0000] {dag.py:3239} INFO - Sync 2 DAGs
[2025-03-29T17:18:22.463+0000] {logging_mixin.py:190} INFO - [2025-03-29T17:18:22.463+0000] {dag.py:4180} INFO - Setting next_dagrun for example_xcom_args to None, run_after=None
[2025-03-29T17:18:22.466+0000] {logging_mixin.py:190} INFO - [2025-03-29T17:18:22.466+0000] {dag.py:4180} INFO - Setting next_dagrun for example_xcom_args_with_operators to None, run_after=None
[2025-03-29T17:18:22.480+0000] {processor.py:208} INFO - Processing /home/airflow/.local/lib/python3.12/site-packages/airflow/example_dags/example_xcomargs.py took 0.053 seconds
[2025-03-29T17:18:53.086+0000] {processor.py:186} INFO - Started process (PID=440) to work on /home/airflow/.local/lib/python3.12/site-packages/airflow/example_dags/example_xcomargs.py
[2025-03-29T17:18:53.086+0000] {processor.py:914} INFO - Processing file /home/airflow/.local/lib/python3.12/site-packages/airflow/example_dags/example_xcomargs.py for tasks to queue
[2025-03-29T17:18:53.087+0000] {logging_mixin.py:190} INFO - [2025-03-29T17:18:53.087+0000] {dagbag.py:588} INFO - Filling up the DagBag from /home/airflow/.local/lib/python3.12/site-packages/airflow/example_dags/example_xcomargs.py
[2025-03-29T17:18:53.094+0000] {processor.py:925} INFO - DAG(s) 'example_xcom_args', 'example_xcom_args_with_operators' retrieved from /home/airflow/.local/lib/python3.12/site-packages/airflow/example_dags/example_xcomargs.py
[2025-03-29T17:18:53.108+0000] {logging_mixin.py:190} INFO - [2025-03-29T17:18:53.108+0000] {dag.py:3239} INFO - Sync 2 DAGs
[2025-03-29T17:18:53.118+0000] {logging_mixin.py:190} INFO - [2025-03-29T17:18:53.117+0000] {dag.py:4180} INFO - Setting next_dagrun for example_xcom_args to None, run_after=None
[2025-03-29T17:18:53.120+0000] {logging_mixin.py:190} INFO - [2025-03-29T17:18:53.120+0000] {dag.py:4180} INFO - Setting next_dagrun for example_xcom_args_with_operators to None, run_after=None
[2025-03-29T17:18:53.130+0000] {processor.py:208} INFO - Processing /home/airflow/.local/lib/python3.12/site-packages/airflow/example_dags/example_xcomargs.py took 0.048 seconds
[2025-03-29T17:19:24.501+0000] {processor.py:186} INFO - Started process (PID=503) to work on /home/airflow/.local/lib/python3.12/site-packages/airflow/example_dags/example_xcomargs.py
[2025-03-29T17:19:24.501+0000] {processor.py:914} INFO - Processing file /home/airflow/.local/lib/python3.12/site-packages/airflow/example_dags/example_xcomargs.py for tasks to queue
[2025-03-29T17:19:24.503+0000] {logging_mixin.py:190} INFO - [2025-03-29T17:19:24.502+0000] {dagbag.py:588} INFO - Filling up the DagBag from /home/airflow/.local/lib/python3.12/site-packages/airflow/example_dags/example_xcomargs.py
[2025-03-29T17:19:24.509+0000] {processor.py:925} INFO - DAG(s) 'example_xcom_args_with_operators', 'example_xcom_args' retrieved from /home/airflow/.local/lib/python3.12/site-packages/airflow/example_dags/example_xcomargs.py
[2025-03-29T17:19:24.525+0000] {logging_mixin.py:190} INFO - [2025-03-29T17:19:24.525+0000] {dag.py:3239} INFO - Sync 2 DAGs
[2025-03-29T17:19:24.536+0000] {logging_mixin.py:190} INFO - [2025-03-29T17:19:24.536+0000] {dag.py:4180} INFO - Setting next_dagrun for example_xcom_args to None, run_after=None
[2025-03-29T17:19:24.539+0000] {logging_mixin.py:190} INFO - [2025-03-29T17:19:24.539+0000] {dag.py:4180} INFO - Setting next_dagrun for example_xcom_args_with_operators to None, run_after=None
[2025-03-29T17:19:24.549+0000] {processor.py:208} INFO - Processing /home/airflow/.local/lib/python3.12/site-packages/airflow/example_dags/example_xcomargs.py took 0.052 seconds
[2025-03-29T17:19:56.082+0000] {processor.py:186} INFO - Started process (PID=566) to work on /home/airflow/.local/lib/python3.12/site-packages/airflow/example_dags/example_xcomargs.py
[2025-03-29T17:19:56.082+0000] {processor.py:914} INFO - Processing file /home/airflow/.local/lib/python3.12/site-packages/airflow/example_dags/example_xcomargs.py for tasks to queue
[2025-03-29T17:19:56.084+0000] {logging_mixin.py:190} INFO - [2025-03-29T17:19:56.083+0000] {dagbag.py:588} INFO - Filling up the DagBag from /home/airflow/.local/lib/python3.12/site-packages/airflow/example_dags/example_xcomargs.py
[2025-03-29T17:19:56.090+0000] {processor.py:925} INFO - DAG(s) 'example_xcom_args', 'example_xcom_args_with_operators' retrieved from /home/airflow/.local/lib/python3.12/site-packages/airflow/example_dags/example_xcomargs.py
[2025-03-29T17:19:56.105+0000] {logging_mixin.py:190} INFO - [2025-03-29T17:19:56.105+0000] {dag.py:3239} INFO - Sync 2 DAGs
[2025-03-29T17:19:56.115+0000] {logging_mixin.py:190} INFO - [2025-03-29T17:19:56.115+0000] {dag.py:4180} INFO - Setting next_dagrun for example_xcom_args to None, run_after=None
[2025-03-29T17:19:56.117+0000] {logging_mixin.py:190} INFO - [2025-03-29T17:19:56.117+0000] {dag.py:4180} INFO - Setting next_dagrun for example_xcom_args_with_operators to None, run_after=None
[2025-03-29T17:19:56.129+0000] {processor.py:208} INFO - Processing /home/airflow/.local/lib/python3.12/site-packages/airflow/example_dags/example_xcomargs.py took 0.050 seconds
[2025-03-29T17:20:26.476+0000] {processor.py:186} INFO - Started process (PID=629) to work on /home/airflow/.local/lib/python3.12/site-packages/airflow/example_dags/example_xcomargs.py
[2025-03-29T17:20:26.476+0000] {processor.py:914} INFO - Processing file /home/airflow/.local/lib/python3.12/site-packages/airflow/example_dags/example_xcomargs.py for tasks to queue
[2025-03-29T17:20:26.478+0000] {logging_mixin.py:190} INFO - [2025-03-29T17:20:26.477+0000] {dagbag.py:588} INFO - Filling up the DagBag from /home/airflow/.local/lib/python3.12/site-packages/airflow/example_dags/example_xcomargs.py
[2025-03-29T17:20:26.484+0000] {processor.py:925} INFO - DAG(s) 'example_xcom_args', 'example_xcom_args_with_operators' retrieved from /home/airflow/.local/lib/python3.12/site-packages/airflow/example_dags/example_xcomargs.py
[2025-03-29T17:20:26.498+0000] {logging_mixin.py:190} INFO - [2025-03-29T17:20:26.498+0000] {dag.py:3239} INFO - Sync 2 DAGs
[2025-03-29T17:20:26.508+0000] {logging_mixin.py:190} INFO - [2025-03-29T17:20:26.508+0000] {dag.py:4180} INFO - Setting next_dagrun for example_xcom_args to None, run_after=None
[2025-03-29T17:20:26.511+0000] {logging_mixin.py:190} INFO - [2025-03-29T17:20:26.511+0000] {dag.py:4180} INFO - Setting next_dagrun for example_xcom_args_with_operators to None, run_after=None
[2025-03-29T17:20:26.521+0000] {processor.py:208} INFO - Processing /home/airflow/.local/lib/python3.12/site-packages/airflow/example_dags/example_xcomargs.py took 0.049 seconds
[2025-03-29T17:20:58.014+0000] {processor.py:186} INFO - Started process (PID=698) to work on /home/airflow/.local/lib/python3.12/site-packages/airflow/example_dags/example_xcomargs.py
[2025-03-29T17:20:58.015+0000] {processor.py:914} INFO - Processing file /home/airflow/.local/lib/python3.12/site-packages/airflow/example_dags/example_xcomargs.py for tasks to queue
[2025-03-29T17:20:58.016+0000] {logging_mixin.py:190} INFO - [2025-03-29T17:20:58.016+0000] {dagbag.py:588} INFO - Filling up the DagBag from /home/airflow/.local/lib/python3.12/site-packages/airflow/example_dags/example_xcomargs.py
[2025-03-29T17:20:58.022+0000] {processor.py:925} INFO - DAG(s) 'example_xcom_args_with_operators', 'example_xcom_args' retrieved from /home/airflow/.local/lib/python3.12/site-packages/airflow/example_dags/example_xcomargs.py
[2025-03-29T17:20:58.036+0000] {logging_mixin.py:190} INFO - [2025-03-29T17:20:58.036+0000] {dag.py:3239} INFO - Sync 2 DAGs
[2025-03-29T17:20:58.046+0000] {logging_mixin.py:190} INFO - [2025-03-29T17:20:58.046+0000] {dag.py:4180} INFO - Setting next_dagrun for example_xcom_args to None, run_after=None
[2025-03-29T17:20:58.049+0000] {logging_mixin.py:190} INFO - [2025-03-29T17:20:58.049+0000] {dag.py:4180} INFO - Setting next_dagrun for example_xcom_args_with_operators to None, run_after=None
[2025-03-29T17:20:58.059+0000] {processor.py:208} INFO - Processing /home/airflow/.local/lib/python3.12/site-packages/airflow/example_dags/example_xcomargs.py took 0.049 seconds
[2025-03-29T17:21:28.482+0000] {processor.py:186} INFO - Started process (PID=761) to work on /home/airflow/.local/lib/python3.12/site-packages/airflow/example_dags/example_xcomargs.py
[2025-03-29T17:21:28.483+0000] {processor.py:914} INFO - Processing file /home/airflow/.local/lib/python3.12/site-packages/airflow/example_dags/example_xcomargs.py for tasks to queue
[2025-03-29T17:21:28.484+0000] {logging_mixin.py:190} INFO - [2025-03-29T17:21:28.484+0000] {dagbag.py:588} INFO - Filling up the DagBag from /home/airflow/.local/lib/python3.12/site-packages/airflow/example_dags/example_xcomargs.py
[2025-03-29T17:21:28.490+0000] {processor.py:925} INFO - DAG(s) 'example_xcom_args', 'example_xcom_args_with_operators' retrieved from /home/airflow/.local/lib/python3.12/site-packages/airflow/example_dags/example_xcomargs.py
[2025-03-29T17:21:28.504+0000] {logging_mixin.py:190} INFO - [2025-03-29T17:21:28.504+0000] {dag.py:3239} INFO - Sync 2 DAGs
[2025-03-29T17:21:28.514+0000] {logging_mixin.py:190} INFO - [2025-03-29T17:21:28.514+0000] {dag.py:4180} INFO - Setting next_dagrun for example_xcom_args to None, run_after=None
[2025-03-29T17:21:28.517+0000] {logging_mixin.py:190} INFO - [2025-03-29T17:21:28.517+0000] {dag.py:4180} INFO - Setting next_dagrun for example_xcom_args_with_operators to None, run_after=None
[2025-03-29T17:21:28.527+0000] {processor.py:208} INFO - Processing /home/airflow/.local/lib/python3.12/site-packages/airflow/example_dags/example_xcomargs.py took 0.048 seconds
[2025-03-29T17:21:59.738+0000] {processor.py:186} INFO - Started process (PID=824) to work on /home/airflow/.local/lib/python3.12/site-packages/airflow/example_dags/example_xcomargs.py
[2025-03-29T17:21:59.738+0000] {processor.py:914} INFO - Processing file /home/airflow/.local/lib/python3.12/site-packages/airflow/example_dags/example_xcomargs.py for tasks to queue
[2025-03-29T17:21:59.740+0000] {logging_mixin.py:190} INFO - [2025-03-29T17:21:59.740+0000] {dagbag.py:588} INFO - Filling up the DagBag from /home/airflow/.local/lib/python3.12/site-packages/airflow/example_dags/example_xcomargs.py
[2025-03-29T17:21:59.749+0000] {processor.py:925} INFO - DAG(s) 'example_xcom_args_with_operators', 'example_xcom_args' retrieved from /home/airflow/.local/lib/python3.12/site-packages/airflow/example_dags/example_xcomargs.py
[2025-03-29T17:21:59.765+0000] {logging_mixin.py:190} INFO - [2025-03-29T17:21:59.765+0000] {dag.py:3239} INFO - Sync 2 DAGs
[2025-03-29T17:21:59.776+0000] {logging_mixin.py:190} INFO - [2025-03-29T17:21:59.776+0000] {dag.py:4180} INFO - Setting next_dagrun for example_xcom_args to None, run_after=None
[2025-03-29T17:21:59.780+0000] {logging_mixin.py:190} INFO - [2025-03-29T17:21:59.780+0000] {dag.py:4180} INFO - Setting next_dagrun for example_xcom_args_with_operators to None, run_after=None
[2025-03-29T17:21:59.793+0000] {processor.py:208} INFO - Processing /home/airflow/.local/lib/python3.12/site-packages/airflow/example_dags/example_xcomargs.py took 0.060 seconds
[2025-03-29T17:22:31.355+0000] {processor.py:186} INFO - Started process (PID=887) to work on /home/airflow/.local/lib/python3.12/site-packages/airflow/example_dags/example_xcomargs.py
[2025-03-29T17:22:31.355+0000] {processor.py:914} INFO - Processing file /home/airflow/.local/lib/python3.12/site-packages/airflow/example_dags/example_xcomargs.py for tasks to queue
[2025-03-29T17:22:31.357+0000] {logging_mixin.py:190} INFO - [2025-03-29T17:22:31.356+0000] {dagbag.py:588} INFO - Filling up the DagBag from /home/airflow/.local/lib/python3.12/site-packages/airflow/example_dags/example_xcomargs.py
[2025-03-29T17:22:31.363+0000] {processor.py:925} INFO - DAG(s) 'example_xcom_args', 'example_xcom_args_with_operators' retrieved from /home/airflow/.local/lib/python3.12/site-packages/airflow/example_dags/example_xcomargs.py
[2025-03-29T17:22:31.378+0000] {logging_mixin.py:190} INFO - [2025-03-29T17:22:31.378+0000] {dag.py:3239} INFO - Sync 2 DAGs
[2025-03-29T17:22:31.389+0000] {logging_mixin.py:190} INFO - [2025-03-29T17:22:31.389+0000] {dag.py:4180} INFO - Setting next_dagrun for example_xcom_args to None, run_after=None
[2025-03-29T17:22:31.392+0000] {logging_mixin.py:190} INFO - [2025-03-29T17:22:31.392+0000] {dag.py:4180} INFO - Setting next_dagrun for example_xcom_args_with_operators to None, run_after=None
[2025-03-29T17:22:31.403+0000] {processor.py:208} INFO - Processing /home/airflow/.local/lib/python3.12/site-packages/airflow/example_dags/example_xcomargs.py took 0.052 seconds
[2025-03-29T17:23:01.987+0000] {processor.py:186} INFO - Started process (PID=950) to work on /home/airflow/.local/lib/python3.12/site-packages/airflow/example_dags/example_xcomargs.py
[2025-03-29T17:23:01.989+0000] {processor.py:914} INFO - Processing file /home/airflow/.local/lib/python3.12/site-packages/airflow/example_dags/example_xcomargs.py for tasks to queue
[2025-03-29T17:23:01.990+0000] {logging_mixin.py:190} INFO - [2025-03-29T17:23:01.990+0000] {dagbag.py:588} INFO - Filling up the DagBag from /home/airflow/.local/lib/python3.12/site-packages/airflow/example_dags/example_xcomargs.py
[2025-03-29T17:23:01.997+0000] {processor.py:925} INFO - DAG(s) 'example_xcom_args_with_operators', 'example_xcom_args' retrieved from /home/airflow/.local/lib/python3.12/site-packages/airflow/example_dags/example_xcomargs.py
[2025-03-29T17:23:02.012+0000] {logging_mixin.py:190} INFO - [2025-03-29T17:23:02.012+0000] {dag.py:3239} INFO - Sync 2 DAGs
[2025-03-29T17:23:02.022+0000] {logging_mixin.py:190} INFO - [2025-03-29T17:23:02.022+0000] {dag.py:4180} INFO - Setting next_dagrun for example_xcom_args to None, run_after=None
[2025-03-29T17:23:02.024+0000] {logging_mixin.py:190} INFO - [2025-03-29T17:23:02.024+0000] {dag.py:4180} INFO - Setting next_dagrun for example_xcom_args_with_operators to None, run_after=None
[2025-03-29T17:23:02.034+0000] {processor.py:208} INFO - Processing /home/airflow/.local/lib/python3.12/site-packages/airflow/example_dags/example_xcomargs.py took 0.051 seconds
[2025-03-29T17:26:07.677+0000] {processor.py:186} INFO - Started process (PID=62) to work on /home/airflow/.local/lib/python3.12/site-packages/airflow/example_dags/example_xcomargs.py
[2025-03-29T17:26:07.678+0000] {processor.py:914} INFO - Processing file /home/airflow/.local/lib/python3.12/site-packages/airflow/example_dags/example_xcomargs.py for tasks to queue
[2025-03-29T17:26:07.680+0000] {logging_mixin.py:190} INFO - [2025-03-29T17:26:07.680+0000] {dagbag.py:588} INFO - Filling up the DagBag from /home/airflow/.local/lib/python3.12/site-packages/airflow/example_dags/example_xcomargs.py
[2025-03-29T17:26:07.691+0000] {processor.py:925} INFO - DAG(s) 'example_xcom_args', 'example_xcom_args_with_operators' retrieved from /home/airflow/.local/lib/python3.12/site-packages/airflow/example_dags/example_xcomargs.py
[2025-03-29T17:26:07.812+0000] {logging_mixin.py:190} INFO - [2025-03-29T17:26:07.811+0000] {override.py:1912} INFO - Created Permission View: can delete on DAG:example_xcom_args
[2025-03-29T17:26:07.823+0000] {logging_mixin.py:190} INFO - [2025-03-29T17:26:07.822+0000] {override.py:1912} INFO - Created Permission View: can read on DAG:example_xcom_args
[2025-03-29T17:26:07.828+0000] {logging_mixin.py:190} INFO - [2025-03-29T17:26:07.828+0000] {override.py:1912} INFO - Created Permission View: can edit on DAG:example_xcom_args
[2025-03-29T17:26:07.835+0000] {logging_mixin.py:190} INFO - [2025-03-29T17:26:07.835+0000] {override.py:1912} INFO - Created Permission View: can delete on DAG Run:example_xcom_args
[2025-03-29T17:26:07.842+0000] {logging_mixin.py:190} INFO - [2025-03-29T17:26:07.841+0000] {override.py:1912} INFO - Created Permission View: can read on DAG Run:example_xcom_args
[2025-03-29T17:26:07.849+0000] {logging_mixin.py:190} INFO - [2025-03-29T17:26:07.848+0000] {override.py:1912} INFO - Created Permission View: can create on DAG Run:example_xcom_args
[2025-03-29T17:26:07.855+0000] {logging_mixin.py:190} INFO - [2025-03-29T17:26:07.855+0000] {override.py:1912} INFO - Created Permission View: menu access on DAG Run:example_xcom_args
[2025-03-29T17:26:07.895+0000] {logging_mixin.py:190} INFO - [2025-03-29T17:26:07.895+0000] {override.py:1912} INFO - Created Permission View: can delete on DAG:example_xcom_args_with_operators
[2025-03-29T17:26:07.906+0000] {logging_mixin.py:190} INFO - [2025-03-29T17:26:07.906+0000] {override.py:1912} INFO - Created Permission View: can read on DAG:example_xcom_args_with_operators
[2025-03-29T17:26:07.929+0000] {logging_mixin.py:190} INFO - [2025-03-29T17:26:07.929+0000] {override.py:1912} INFO - Created Permission View: can edit on DAG:example_xcom_args_with_operators
[2025-03-29T17:26:07.936+0000] {logging_mixin.py:190} INFO - [2025-03-29T17:26:07.936+0000] {override.py:1912} INFO - Created Permission View: can delete on DAG Run:example_xcom_args_with_operators
[2025-03-29T17:26:07.942+0000] {logging_mixin.py:190} INFO - [2025-03-29T17:26:07.941+0000] {override.py:1912} INFO - Created Permission View: can read on DAG Run:example_xcom_args_with_operators
[2025-03-29T17:26:07.948+0000] {logging_mixin.py:190} INFO - [2025-03-29T17:26:07.947+0000] {override.py:1912} INFO - Created Permission View: can create on DAG Run:example_xcom_args_with_operators
[2025-03-29T17:26:07.953+0000] {logging_mixin.py:190} INFO - [2025-03-29T17:26:07.953+0000] {override.py:1912} INFO - Created Permission View: menu access on DAG Run:example_xcom_args_with_operators
[2025-03-29T17:26:07.954+0000] {logging_mixin.py:190} INFO - [2025-03-29T17:26:07.954+0000] {dag.py:3239} INFO - Sync 2 DAGs
[2025-03-29T17:26:07.969+0000] {logging_mixin.py:190} INFO - [2025-03-29T17:26:07.969+0000] {dag.py:3262} INFO - Creating ORM DAG for example_xcom_args
[2025-03-29T17:26:07.970+0000] {logging_mixin.py:190} INFO - [2025-03-29T17:26:07.970+0000] {dag.py:3262} INFO - Creating ORM DAG for example_xcom_args_with_operators
[2025-03-29T17:26:07.971+0000] {logging_mixin.py:190} INFO - [2025-03-29T17:26:07.971+0000] {dag.py:4180} INFO - Setting next_dagrun for example_xcom_args to None, run_after=None
[2025-03-29T17:26:07.971+0000] {logging_mixin.py:190} INFO - [2025-03-29T17:26:07.971+0000] {dag.py:4180} INFO - Setting next_dagrun for example_xcom_args_with_operators to None, run_after=None
[2025-03-29T17:26:07.986+0000] {processor.py:208} INFO - Processing /home/airflow/.local/lib/python3.12/site-packages/airflow/example_dags/example_xcomargs.py took 0.313 seconds
[2025-03-29T17:26:38.243+0000] {processor.py:186} INFO - Started process (PID=125) to work on /home/airflow/.local/lib/python3.12/site-packages/airflow/example_dags/example_xcomargs.py
[2025-03-29T17:26:38.244+0000] {processor.py:914} INFO - Processing file /home/airflow/.local/lib/python3.12/site-packages/airflow/example_dags/example_xcomargs.py for tasks to queue
[2025-03-29T17:26:38.245+0000] {logging_mixin.py:190} INFO - [2025-03-29T17:26:38.245+0000] {dagbag.py:588} INFO - Filling up the DagBag from /home/airflow/.local/lib/python3.12/site-packages/airflow/example_dags/example_xcomargs.py
[2025-03-29T17:26:38.251+0000] {processor.py:925} INFO - DAG(s) 'example_xcom_args', 'example_xcom_args_with_operators' retrieved from /home/airflow/.local/lib/python3.12/site-packages/airflow/example_dags/example_xcomargs.py
[2025-03-29T17:26:38.265+0000] {logging_mixin.py:190} INFO - [2025-03-29T17:26:38.265+0000] {dag.py:3239} INFO - Sync 2 DAGs
[2025-03-29T17:26:38.274+0000] {logging_mixin.py:190} INFO - [2025-03-29T17:26:38.274+0000] {dag.py:4180} INFO - Setting next_dagrun for example_xcom_args to None, run_after=None
[2025-03-29T17:26:38.277+0000] {logging_mixin.py:190} INFO - [2025-03-29T17:26:38.277+0000] {dag.py:4180} INFO - Setting next_dagrun for example_xcom_args_with_operators to None, run_after=None
[2025-03-29T17:26:38.288+0000] {processor.py:208} INFO - Processing /home/airflow/.local/lib/python3.12/site-packages/airflow/example_dags/example_xcomargs.py took 0.048 seconds
[2025-03-29T17:27:09.117+0000] {processor.py:186} INFO - Started process (PID=188) to work on /home/airflow/.local/lib/python3.12/site-packages/airflow/example_dags/example_xcomargs.py
[2025-03-29T17:27:09.117+0000] {processor.py:914} INFO - Processing file /home/airflow/.local/lib/python3.12/site-packages/airflow/example_dags/example_xcomargs.py for tasks to queue
[2025-03-29T17:27:09.119+0000] {logging_mixin.py:190} INFO - [2025-03-29T17:27:09.118+0000] {dagbag.py:588} INFO - Filling up the DagBag from /home/airflow/.local/lib/python3.12/site-packages/airflow/example_dags/example_xcomargs.py
[2025-03-29T17:27:09.125+0000] {processor.py:925} INFO - DAG(s) 'example_xcom_args_with_operators', 'example_xcom_args' retrieved from /home/airflow/.local/lib/python3.12/site-packages/airflow/example_dags/example_xcomargs.py
[2025-03-29T17:27:09.140+0000] {logging_mixin.py:190} INFO - [2025-03-29T17:27:09.140+0000] {dag.py:3239} INFO - Sync 2 DAGs
[2025-03-29T17:27:09.150+0000] {logging_mixin.py:190} INFO - [2025-03-29T17:27:09.150+0000] {dag.py:4180} INFO - Setting next_dagrun for example_xcom_args to None, run_after=None
[2025-03-29T17:27:09.153+0000] {logging_mixin.py:190} INFO - [2025-03-29T17:27:09.153+0000] {dag.py:4180} INFO - Setting next_dagrun for example_xcom_args_with_operators to None, run_after=None
[2025-03-29T17:27:09.165+0000] {processor.py:208} INFO - Processing /home/airflow/.local/lib/python3.12/site-packages/airflow/example_dags/example_xcomargs.py took 0.051 seconds
[2025-03-29T17:27:39.624+0000] {processor.py:186} INFO - Started process (PID=251) to work on /home/airflow/.local/lib/python3.12/site-packages/airflow/example_dags/example_xcomargs.py
[2025-03-29T17:27:39.624+0000] {processor.py:914} INFO - Processing file /home/airflow/.local/lib/python3.12/site-packages/airflow/example_dags/example_xcomargs.py for tasks to queue
[2025-03-29T17:27:39.626+0000] {logging_mixin.py:190} INFO - [2025-03-29T17:27:39.625+0000] {dagbag.py:588} INFO - Filling up the DagBag from /home/airflow/.local/lib/python3.12/site-packages/airflow/example_dags/example_xcomargs.py
[2025-03-29T17:27:39.633+0000] {processor.py:925} INFO - DAG(s) 'example_xcom_args_with_operators', 'example_xcom_args' retrieved from /home/airflow/.local/lib/python3.12/site-packages/airflow/example_dags/example_xcomargs.py
[2025-03-29T17:27:39.647+0000] {logging_mixin.py:190} INFO - [2025-03-29T17:27:39.647+0000] {dag.py:3239} INFO - Sync 2 DAGs
[2025-03-29T17:27:39.658+0000] {logging_mixin.py:190} INFO - [2025-03-29T17:27:39.658+0000] {dag.py:4180} INFO - Setting next_dagrun for example_xcom_args to None, run_after=None
[2025-03-29T17:27:39.661+0000] {logging_mixin.py:190} INFO - [2025-03-29T17:27:39.661+0000] {dag.py:4180} INFO - Setting next_dagrun for example_xcom_args_with_operators to None, run_after=None
[2025-03-29T17:27:39.673+0000] {processor.py:208} INFO - Processing /home/airflow/.local/lib/python3.12/site-packages/airflow/example_dags/example_xcomargs.py took 0.054 seconds
[2025-03-29T17:28:09.876+0000] {processor.py:186} INFO - Started process (PID=314) to work on /home/airflow/.local/lib/python3.12/site-packages/airflow/example_dags/example_xcomargs.py
[2025-03-29T17:28:09.877+0000] {processor.py:914} INFO - Processing file /home/airflow/.local/lib/python3.12/site-packages/airflow/example_dags/example_xcomargs.py for tasks to queue
[2025-03-29T17:28:09.878+0000] {logging_mixin.py:190} INFO - [2025-03-29T17:28:09.878+0000] {dagbag.py:588} INFO - Filling up the DagBag from /home/airflow/.local/lib/python3.12/site-packages/airflow/example_dags/example_xcomargs.py
[2025-03-29T17:28:09.885+0000] {processor.py:925} INFO - DAG(s) 'example_xcom_args', 'example_xcom_args_with_operators' retrieved from /home/airflow/.local/lib/python3.12/site-packages/airflow/example_dags/example_xcomargs.py
[2025-03-29T17:28:09.902+0000] {logging_mixin.py:190} INFO - [2025-03-29T17:28:09.902+0000] {dag.py:3239} INFO - Sync 2 DAGs
[2025-03-29T17:28:09.913+0000] {logging_mixin.py:190} INFO - [2025-03-29T17:28:09.913+0000] {dag.py:4180} INFO - Setting next_dagrun for example_xcom_args to None, run_after=None
[2025-03-29T17:28:09.916+0000] {logging_mixin.py:190} INFO - [2025-03-29T17:28:09.916+0000] {dag.py:4180} INFO - Setting next_dagrun for example_xcom_args_with_operators to None, run_after=None
[2025-03-29T17:28:09.926+0000] {processor.py:208} INFO - Processing /home/airflow/.local/lib/python3.12/site-packages/airflow/example_dags/example_xcomargs.py took 0.054 seconds
[2025-03-29T17:28:40.366+0000] {processor.py:186} INFO - Started process (PID=377) to work on /home/airflow/.local/lib/python3.12/site-packages/airflow/example_dags/example_xcomargs.py
[2025-03-29T17:28:40.367+0000] {processor.py:914} INFO - Processing file /home/airflow/.local/lib/python3.12/site-packages/airflow/example_dags/example_xcomargs.py for tasks to queue
[2025-03-29T17:28:40.369+0000] {logging_mixin.py:190} INFO - [2025-03-29T17:28:40.368+0000] {dagbag.py:588} INFO - Filling up the DagBag from /home/airflow/.local/lib/python3.12/site-packages/airflow/example_dags/example_xcomargs.py
[2025-03-29T17:28:40.379+0000] {processor.py:925} INFO - DAG(s) 'example_xcom_args', 'example_xcom_args_with_operators' retrieved from /home/airflow/.local/lib/python3.12/site-packages/airflow/example_dags/example_xcomargs.py
[2025-03-29T17:28:40.400+0000] {logging_mixin.py:190} INFO - [2025-03-29T17:28:40.400+0000] {dag.py:3239} INFO - Sync 2 DAGs
[2025-03-29T17:28:40.411+0000] {logging_mixin.py:190} INFO - [2025-03-29T17:28:40.411+0000] {dag.py:4180} INFO - Setting next_dagrun for example_xcom_args to None, run_after=None
[2025-03-29T17:28:40.414+0000] {logging_mixin.py:190} INFO - [2025-03-29T17:28:40.414+0000] {dag.py:4180} INFO - Setting next_dagrun for example_xcom_args_with_operators to None, run_after=None
[2025-03-29T17:28:40.426+0000] {processor.py:208} INFO - Processing /home/airflow/.local/lib/python3.12/site-packages/airflow/example_dags/example_xcomargs.py took 0.065 seconds
[2025-03-29T17:29:11.681+0000] {processor.py:186} INFO - Started process (PID=440) to work on /home/airflow/.local/lib/python3.12/site-packages/airflow/example_dags/example_xcomargs.py
[2025-03-29T17:29:11.681+0000] {processor.py:914} INFO - Processing file /home/airflow/.local/lib/python3.12/site-packages/airflow/example_dags/example_xcomargs.py for tasks to queue
[2025-03-29T17:29:11.683+0000] {logging_mixin.py:190} INFO - [2025-03-29T17:29:11.683+0000] {dagbag.py:588} INFO - Filling up the DagBag from /home/airflow/.local/lib/python3.12/site-packages/airflow/example_dags/example_xcomargs.py
[2025-03-29T17:29:11.689+0000] {processor.py:925} INFO - DAG(s) 'example_xcom_args_with_operators', 'example_xcom_args' retrieved from /home/airflow/.local/lib/python3.12/site-packages/airflow/example_dags/example_xcomargs.py
[2025-03-29T17:29:11.704+0000] {logging_mixin.py:190} INFO - [2025-03-29T17:29:11.703+0000] {dag.py:3239} INFO - Sync 2 DAGs
[2025-03-29T17:29:11.713+0000] {logging_mixin.py:190} INFO - [2025-03-29T17:29:11.713+0000] {dag.py:4180} INFO - Setting next_dagrun for example_xcom_args to None, run_after=None
[2025-03-29T17:29:11.715+0000] {logging_mixin.py:190} INFO - [2025-03-29T17:29:11.715+0000] {dag.py:4180} INFO - Setting next_dagrun for example_xcom_args_with_operators to None, run_after=None
[2025-03-29T17:29:11.728+0000] {processor.py:208} INFO - Processing /home/airflow/.local/lib/python3.12/site-packages/airflow/example_dags/example_xcomargs.py took 0.051 seconds
[2025-03-29T17:29:43.208+0000] {processor.py:186} INFO - Started process (PID=503) to work on /home/airflow/.local/lib/python3.12/site-packages/airflow/example_dags/example_xcomargs.py
[2025-03-29T17:29:43.209+0000] {processor.py:914} INFO - Processing file /home/airflow/.local/lib/python3.12/site-packages/airflow/example_dags/example_xcomargs.py for tasks to queue
[2025-03-29T17:29:43.210+0000] {logging_mixin.py:190} INFO - [2025-03-29T17:29:43.210+0000] {dagbag.py:588} INFO - Filling up the DagBag from /home/airflow/.local/lib/python3.12/site-packages/airflow/example_dags/example_xcomargs.py
[2025-03-29T17:29:43.217+0000] {processor.py:925} INFO - DAG(s) 'example_xcom_args_with_operators', 'example_xcom_args' retrieved from /home/airflow/.local/lib/python3.12/site-packages/airflow/example_dags/example_xcomargs.py
[2025-03-29T17:29:43.231+0000] {logging_mixin.py:190} INFO - [2025-03-29T17:29:43.231+0000] {dag.py:3239} INFO - Sync 2 DAGs
[2025-03-29T17:29:43.240+0000] {logging_mixin.py:190} INFO - [2025-03-29T17:29:43.240+0000] {dag.py:4180} INFO - Setting next_dagrun for example_xcom_args to None, run_after=None
[2025-03-29T17:29:43.242+0000] {logging_mixin.py:190} INFO - [2025-03-29T17:29:43.242+0000] {dag.py:4180} INFO - Setting next_dagrun for example_xcom_args_with_operators to None, run_after=None
[2025-03-29T17:29:43.253+0000] {processor.py:208} INFO - Processing /home/airflow/.local/lib/python3.12/site-packages/airflow/example_dags/example_xcomargs.py took 0.049 seconds
[2025-03-29T17:30:14.766+0000] {processor.py:186} INFO - Started process (PID=566) to work on /home/airflow/.local/lib/python3.12/site-packages/airflow/example_dags/example_xcomargs.py
[2025-03-29T17:30:14.767+0000] {processor.py:914} INFO - Processing file /home/airflow/.local/lib/python3.12/site-packages/airflow/example_dags/example_xcomargs.py for tasks to queue
[2025-03-29T17:30:14.768+0000] {logging_mixin.py:190} INFO - [2025-03-29T17:30:14.768+0000] {dagbag.py:588} INFO - Filling up the DagBag from /home/airflow/.local/lib/python3.12/site-packages/airflow/example_dags/example_xcomargs.py
[2025-03-29T17:30:14.774+0000] {processor.py:925} INFO - DAG(s) 'example_xcom_args_with_operators', 'example_xcom_args' retrieved from /home/airflow/.local/lib/python3.12/site-packages/airflow/example_dags/example_xcomargs.py
[2025-03-29T17:30:14.789+0000] {logging_mixin.py:190} INFO - [2025-03-29T17:30:14.789+0000] {dag.py:3239} INFO - Sync 2 DAGs
[2025-03-29T17:30:14.799+0000] {logging_mixin.py:190} INFO - [2025-03-29T17:30:14.799+0000] {dag.py:4180} INFO - Setting next_dagrun for example_xcom_args to None, run_after=None
[2025-03-29T17:30:14.802+0000] {logging_mixin.py:190} INFO - [2025-03-29T17:30:14.801+0000] {dag.py:4180} INFO - Setting next_dagrun for example_xcom_args_with_operators to None, run_after=None
[2025-03-29T17:30:14.812+0000] {processor.py:208} INFO - Processing /home/airflow/.local/lib/python3.12/site-packages/airflow/example_dags/example_xcomargs.py took 0.049 seconds
[2025-03-29T17:30:45.346+0000] {processor.py:186} INFO - Started process (PID=629) to work on /home/airflow/.local/lib/python3.12/site-packages/airflow/example_dags/example_xcomargs.py
[2025-03-29T17:30:45.347+0000] {processor.py:914} INFO - Processing file /home/airflow/.local/lib/python3.12/site-packages/airflow/example_dags/example_xcomargs.py for tasks to queue
[2025-03-29T17:30:45.348+0000] {logging_mixin.py:190} INFO - [2025-03-29T17:30:45.348+0000] {dagbag.py:588} INFO - Filling up the DagBag from /home/airflow/.local/lib/python3.12/site-packages/airflow/example_dags/example_xcomargs.py
[2025-03-29T17:30:45.355+0000] {processor.py:925} INFO - DAG(s) 'example_xcom_args', 'example_xcom_args_with_operators' retrieved from /home/airflow/.local/lib/python3.12/site-packages/airflow/example_dags/example_xcomargs.py
[2025-03-29T17:30:45.370+0000] {logging_mixin.py:190} INFO - [2025-03-29T17:30:45.369+0000] {dag.py:3239} INFO - Sync 2 DAGs
[2025-03-29T17:30:45.380+0000] {logging_mixin.py:190} INFO - [2025-03-29T17:30:45.379+0000] {dag.py:4180} INFO - Setting next_dagrun for example_xcom_args to None, run_after=None
[2025-03-29T17:30:45.382+0000] {logging_mixin.py:190} INFO - [2025-03-29T17:30:45.382+0000] {dag.py:4180} INFO - Setting next_dagrun for example_xcom_args_with_operators to None, run_after=None
[2025-03-29T17:30:45.392+0000] {processor.py:208} INFO - Processing /home/airflow/.local/lib/python3.12/site-packages/airflow/example_dags/example_xcomargs.py took 0.049 seconds
[2025-03-29T17:31:16.578+0000] {processor.py:186} INFO - Started process (PID=698) to work on /home/airflow/.local/lib/python3.12/site-packages/airflow/example_dags/example_xcomargs.py
[2025-03-29T17:31:16.579+0000] {processor.py:914} INFO - Processing file /home/airflow/.local/lib/python3.12/site-packages/airflow/example_dags/example_xcomargs.py for tasks to queue
[2025-03-29T17:31:16.580+0000] {logging_mixin.py:190} INFO - [2025-03-29T17:31:16.580+0000] {dagbag.py:588} INFO - Filling up the DagBag from /home/airflow/.local/lib/python3.12/site-packages/airflow/example_dags/example_xcomargs.py
[2025-03-29T17:31:16.587+0000] {processor.py:925} INFO - DAG(s) 'example_xcom_args', 'example_xcom_args_with_operators' retrieved from /home/airflow/.local/lib/python3.12/site-packages/airflow/example_dags/example_xcomargs.py
[2025-03-29T17:31:16.603+0000] {logging_mixin.py:190} INFO - [2025-03-29T17:31:16.603+0000] {dag.py:3239} INFO - Sync 2 DAGs
[2025-03-29T17:31:16.614+0000] {logging_mixin.py:190} INFO - [2025-03-29T17:31:16.614+0000] {dag.py:4180} INFO - Setting next_dagrun for example_xcom_args to None, run_after=None
[2025-03-29T17:31:16.617+0000] {logging_mixin.py:190} INFO - [2025-03-29T17:31:16.617+0000] {dag.py:4180} INFO - Setting next_dagrun for example_xcom_args_with_operators to None, run_after=None
[2025-03-29T17:31:16.627+0000] {processor.py:208} INFO - Processing /home/airflow/.local/lib/python3.12/site-packages/airflow/example_dags/example_xcomargs.py took 0.053 seconds
[2025-03-29T17:31:47.920+0000] {processor.py:186} INFO - Started process (PID=761) to work on /home/airflow/.local/lib/python3.12/site-packages/airflow/example_dags/example_xcomargs.py
[2025-03-29T17:31:47.921+0000] {processor.py:914} INFO - Processing file /home/airflow/.local/lib/python3.12/site-packages/airflow/example_dags/example_xcomargs.py for tasks to queue
[2025-03-29T17:31:47.922+0000] {logging_mixin.py:190} INFO - [2025-03-29T17:31:47.922+0000] {dagbag.py:588} INFO - Filling up the DagBag from /home/airflow/.local/lib/python3.12/site-packages/airflow/example_dags/example_xcomargs.py
[2025-03-29T17:31:47.929+0000] {processor.py:925} INFO - DAG(s) 'example_xcom_args', 'example_xcom_args_with_operators' retrieved from /home/airflow/.local/lib/python3.12/site-packages/airflow/example_dags/example_xcomargs.py
[2025-03-29T17:31:47.944+0000] {logging_mixin.py:190} INFO - [2025-03-29T17:31:47.944+0000] {dag.py:3239} INFO - Sync 2 DAGs
[2025-03-29T17:31:47.955+0000] {logging_mixin.py:190} INFO - [2025-03-29T17:31:47.954+0000] {dag.py:4180} INFO - Setting next_dagrun for example_xcom_args to None, run_after=None
[2025-03-29T17:31:47.957+0000] {logging_mixin.py:190} INFO - [2025-03-29T17:31:47.957+0000] {dag.py:4180} INFO - Setting next_dagrun for example_xcom_args_with_operators to None, run_after=None
[2025-03-29T17:31:47.967+0000] {processor.py:208} INFO - Processing /home/airflow/.local/lib/python3.12/site-packages/airflow/example_dags/example_xcomargs.py took 0.051 seconds
[2025-03-29T17:32:18.345+0000] {processor.py:186} INFO - Started process (PID=824) to work on /home/airflow/.local/lib/python3.12/site-packages/airflow/example_dags/example_xcomargs.py
[2025-03-29T17:32:18.345+0000] {processor.py:914} INFO - Processing file /home/airflow/.local/lib/python3.12/site-packages/airflow/example_dags/example_xcomargs.py for tasks to queue
[2025-03-29T17:32:18.346+0000] {logging_mixin.py:190} INFO - [2025-03-29T17:32:18.346+0000] {dagbag.py:588} INFO - Filling up the DagBag from /home/airflow/.local/lib/python3.12/site-packages/airflow/example_dags/example_xcomargs.py
[2025-03-29T17:32:18.353+0000] {processor.py:925} INFO - DAG(s) 'example_xcom_args', 'example_xcom_args_with_operators' retrieved from /home/airflow/.local/lib/python3.12/site-packages/airflow/example_dags/example_xcomargs.py
[2025-03-29T17:32:18.367+0000] {logging_mixin.py:190} INFO - [2025-03-29T17:32:18.367+0000] {dag.py:3239} INFO - Sync 2 DAGs
[2025-03-29T17:32:18.377+0000] {logging_mixin.py:190} INFO - [2025-03-29T17:32:18.376+0000] {dag.py:4180} INFO - Setting next_dagrun for example_xcom_args to None, run_after=None
[2025-03-29T17:32:18.379+0000] {logging_mixin.py:190} INFO - [2025-03-29T17:32:18.379+0000] {dag.py:4180} INFO - Setting next_dagrun for example_xcom_args_with_operators to None, run_after=None
[2025-03-29T17:32:18.389+0000] {processor.py:208} INFO - Processing /home/airflow/.local/lib/python3.12/site-packages/airflow/example_dags/example_xcomargs.py took 0.049 seconds
[2025-03-29T17:32:49.740+0000] {processor.py:186} INFO - Started process (PID=887) to work on /home/airflow/.local/lib/python3.12/site-packages/airflow/example_dags/example_xcomargs.py
[2025-03-29T17:32:49.741+0000] {processor.py:914} INFO - Processing file /home/airflow/.local/lib/python3.12/site-packages/airflow/example_dags/example_xcomargs.py for tasks to queue
[2025-03-29T17:32:49.742+0000] {logging_mixin.py:190} INFO - [2025-03-29T17:32:49.742+0000] {dagbag.py:588} INFO - Filling up the DagBag from /home/airflow/.local/lib/python3.12/site-packages/airflow/example_dags/example_xcomargs.py
[2025-03-29T17:32:49.749+0000] {processor.py:925} INFO - DAG(s) 'example_xcom_args_with_operators', 'example_xcom_args' retrieved from /home/airflow/.local/lib/python3.12/site-packages/airflow/example_dags/example_xcomargs.py
[2025-03-29T17:32:49.763+0000] {logging_mixin.py:190} INFO - [2025-03-29T17:32:49.763+0000] {dag.py:3239} INFO - Sync 2 DAGs
[2025-03-29T17:32:49.773+0000] {logging_mixin.py:190} INFO - [2025-03-29T17:32:49.773+0000] {dag.py:4180} INFO - Setting next_dagrun for example_xcom_args to None, run_after=None
[2025-03-29T17:32:49.775+0000] {logging_mixin.py:190} INFO - [2025-03-29T17:32:49.775+0000] {dag.py:4180} INFO - Setting next_dagrun for example_xcom_args_with_operators to None, run_after=None
[2025-03-29T17:32:49.785+0000] {processor.py:208} INFO - Processing /home/airflow/.local/lib/python3.12/site-packages/airflow/example_dags/example_xcomargs.py took 0.049 seconds
[2025-03-29T17:33:20.326+0000] {processor.py:186} INFO - Started process (PID=950) to work on /home/airflow/.local/lib/python3.12/site-packages/airflow/example_dags/example_xcomargs.py
[2025-03-29T17:33:20.327+0000] {processor.py:914} INFO - Processing file /home/airflow/.local/lib/python3.12/site-packages/airflow/example_dags/example_xcomargs.py for tasks to queue
[2025-03-29T17:33:20.328+0000] {logging_mixin.py:190} INFO - [2025-03-29T17:33:20.328+0000] {dagbag.py:588} INFO - Filling up the DagBag from /home/airflow/.local/lib/python3.12/site-packages/airflow/example_dags/example_xcomargs.py
[2025-03-29T17:33:20.334+0000] {processor.py:925} INFO - DAG(s) 'example_xcom_args', 'example_xcom_args_with_operators' retrieved from /home/airflow/.local/lib/python3.12/site-packages/airflow/example_dags/example_xcomargs.py
[2025-03-29T17:33:20.348+0000] {logging_mixin.py:190} INFO - [2025-03-29T17:33:20.348+0000] {dag.py:3239} INFO - Sync 2 DAGs
[2025-03-29T17:33:20.357+0000] {logging_mixin.py:190} INFO - [2025-03-29T17:33:20.357+0000] {dag.py:4180} INFO - Setting next_dagrun for example_xcom_args to None, run_after=None
[2025-03-29T17:33:20.360+0000] {logging_mixin.py:190} INFO - [2025-03-29T17:33:20.360+0000] {dag.py:4180} INFO - Setting next_dagrun for example_xcom_args_with_operators to None, run_after=None
[2025-03-29T17:33:20.370+0000] {processor.py:208} INFO - Processing /home/airflow/.local/lib/python3.12/site-packages/airflow/example_dags/example_xcomargs.py took 0.048 seconds
[2025-03-29T17:33:51.904+0000] {processor.py:186} INFO - Started process (PID=1013) to work on /home/airflow/.local/lib/python3.12/site-packages/airflow/example_dags/example_xcomargs.py
[2025-03-29T17:33:51.905+0000] {processor.py:914} INFO - Processing file /home/airflow/.local/lib/python3.12/site-packages/airflow/example_dags/example_xcomargs.py for tasks to queue
[2025-03-29T17:33:51.906+0000] {logging_mixin.py:190} INFO - [2025-03-29T17:33:51.906+0000] {dagbag.py:588} INFO - Filling up the DagBag from /home/airflow/.local/lib/python3.12/site-packages/airflow/example_dags/example_xcomargs.py
[2025-03-29T17:33:51.914+0000] {processor.py:925} INFO - DAG(s) 'example_xcom_args_with_operators', 'example_xcom_args' retrieved from /home/airflow/.local/lib/python3.12/site-packages/airflow/example_dags/example_xcomargs.py
[2025-03-29T17:33:51.930+0000] {logging_mixin.py:190} INFO - [2025-03-29T17:33:51.930+0000] {dag.py:3239} INFO - Sync 2 DAGs
[2025-03-29T17:33:51.942+0000] {logging_mixin.py:190} INFO - [2025-03-29T17:33:51.942+0000] {dag.py:4180} INFO - Setting next_dagrun for example_xcom_args to None, run_after=None
[2025-03-29T17:33:51.945+0000] {logging_mixin.py:190} INFO - [2025-03-29T17:33:51.945+0000] {dag.py:4180} INFO - Setting next_dagrun for example_xcom_args_with_operators to None, run_after=None
[2025-03-29T17:33:51.957+0000] {processor.py:208} INFO - Processing /home/airflow/.local/lib/python3.12/site-packages/airflow/example_dags/example_xcomargs.py took 0.056 seconds
[2025-03-29T17:34:22.397+0000] {processor.py:186} INFO - Started process (PID=1076) to work on /home/airflow/.local/lib/python3.12/site-packages/airflow/example_dags/example_xcomargs.py
[2025-03-29T17:34:22.397+0000] {processor.py:914} INFO - Processing file /home/airflow/.local/lib/python3.12/site-packages/airflow/example_dags/example_xcomargs.py for tasks to queue
[2025-03-29T17:34:22.399+0000] {logging_mixin.py:190} INFO - [2025-03-29T17:34:22.399+0000] {dagbag.py:588} INFO - Filling up the DagBag from /home/airflow/.local/lib/python3.12/site-packages/airflow/example_dags/example_xcomargs.py
[2025-03-29T17:34:22.406+0000] {processor.py:925} INFO - DAG(s) 'example_xcom_args', 'example_xcom_args_with_operators' retrieved from /home/airflow/.local/lib/python3.12/site-packages/airflow/example_dags/example_xcomargs.py
[2025-03-29T17:34:22.422+0000] {logging_mixin.py:190} INFO - [2025-03-29T17:34:22.422+0000] {dag.py:3239} INFO - Sync 2 DAGs
[2025-03-29T17:34:22.434+0000] {logging_mixin.py:190} INFO - [2025-03-29T17:34:22.433+0000] {dag.py:4180} INFO - Setting next_dagrun for example_xcom_args to None, run_after=None
[2025-03-29T17:34:22.437+0000] {logging_mixin.py:190} INFO - [2025-03-29T17:34:22.436+0000] {dag.py:4180} INFO - Setting next_dagrun for example_xcom_args_with_operators to None, run_after=None
[2025-03-29T17:34:22.448+0000] {processor.py:208} INFO - Processing /home/airflow/.local/lib/python3.12/site-packages/airflow/example_dags/example_xcomargs.py took 0.056 seconds
[2025-03-29T17:34:53.926+0000] {processor.py:186} INFO - Started process (PID=1139) to work on /home/airflow/.local/lib/python3.12/site-packages/airflow/example_dags/example_xcomargs.py
[2025-03-29T17:34:53.926+0000] {processor.py:914} INFO - Processing file /home/airflow/.local/lib/python3.12/site-packages/airflow/example_dags/example_xcomargs.py for tasks to queue
[2025-03-29T17:34:53.928+0000] {logging_mixin.py:190} INFO - [2025-03-29T17:34:53.927+0000] {dagbag.py:588} INFO - Filling up the DagBag from /home/airflow/.local/lib/python3.12/site-packages/airflow/example_dags/example_xcomargs.py
[2025-03-29T17:34:53.934+0000] {processor.py:925} INFO - DAG(s) 'example_xcom_args', 'example_xcom_args_with_operators' retrieved from /home/airflow/.local/lib/python3.12/site-packages/airflow/example_dags/example_xcomargs.py
[2025-03-29T17:34:53.950+0000] {logging_mixin.py:190} INFO - [2025-03-29T17:34:53.950+0000] {dag.py:3239} INFO - Sync 2 DAGs
[2025-03-29T17:34:53.961+0000] {logging_mixin.py:190} INFO - [2025-03-29T17:34:53.961+0000] {dag.py:4180} INFO - Setting next_dagrun for example_xcom_args to None, run_after=None
[2025-03-29T17:34:53.964+0000] {logging_mixin.py:190} INFO - [2025-03-29T17:34:53.964+0000] {dag.py:4180} INFO - Setting next_dagrun for example_xcom_args_with_operators to None, run_after=None
[2025-03-29T17:34:53.974+0000] {processor.py:208} INFO - Processing /home/airflow/.local/lib/python3.12/site-packages/airflow/example_dags/example_xcomargs.py took 0.052 seconds
[2025-03-29T17:35:25.080+0000] {processor.py:186} INFO - Started process (PID=1202) to work on /home/airflow/.local/lib/python3.12/site-packages/airflow/example_dags/example_xcomargs.py
[2025-03-29T17:35:25.080+0000] {processor.py:914} INFO - Processing file /home/airflow/.local/lib/python3.12/site-packages/airflow/example_dags/example_xcomargs.py for tasks to queue
[2025-03-29T17:35:25.082+0000] {logging_mixin.py:190} INFO - [2025-03-29T17:35:25.082+0000] {dagbag.py:588} INFO - Filling up the DagBag from /home/airflow/.local/lib/python3.12/site-packages/airflow/example_dags/example_xcomargs.py
[2025-03-29T17:35:25.090+0000] {processor.py:925} INFO - DAG(s) 'example_xcom_args', 'example_xcom_args_with_operators' retrieved from /home/airflow/.local/lib/python3.12/site-packages/airflow/example_dags/example_xcomargs.py
[2025-03-29T17:35:25.109+0000] {logging_mixin.py:190} INFO - [2025-03-29T17:35:25.109+0000] {dag.py:3239} INFO - Sync 2 DAGs
[2025-03-29T17:35:25.124+0000] {logging_mixin.py:190} INFO - [2025-03-29T17:35:25.124+0000] {dag.py:4180} INFO - Setting next_dagrun for example_xcom_args to None, run_after=None
[2025-03-29T17:35:25.128+0000] {logging_mixin.py:190} INFO - [2025-03-29T17:35:25.128+0000] {dag.py:4180} INFO - Setting next_dagrun for example_xcom_args_with_operators to None, run_after=None
[2025-03-29T17:35:25.145+0000] {processor.py:208} INFO - Processing /home/airflow/.local/lib/python3.12/site-packages/airflow/example_dags/example_xcomargs.py took 0.073 seconds
[2025-03-29T17:35:56.244+0000] {processor.py:186} INFO - Started process (PID=1265) to work on /home/airflow/.local/lib/python3.12/site-packages/airflow/example_dags/example_xcomargs.py
[2025-03-29T17:35:56.244+0000] {processor.py:914} INFO - Processing file /home/airflow/.local/lib/python3.12/site-packages/airflow/example_dags/example_xcomargs.py for tasks to queue
[2025-03-29T17:35:56.246+0000] {logging_mixin.py:190} INFO - [2025-03-29T17:35:56.245+0000] {dagbag.py:588} INFO - Filling up the DagBag from /home/airflow/.local/lib/python3.12/site-packages/airflow/example_dags/example_xcomargs.py
[2025-03-29T17:35:56.256+0000] {processor.py:925} INFO - DAG(s) 'example_xcom_args', 'example_xcom_args_with_operators' retrieved from /home/airflow/.local/lib/python3.12/site-packages/airflow/example_dags/example_xcomargs.py
[2025-03-29T17:35:56.275+0000] {logging_mixin.py:190} INFO - [2025-03-29T17:35:56.275+0000] {dag.py:3239} INFO - Sync 2 DAGs
[2025-03-29T17:35:56.287+0000] {logging_mixin.py:190} INFO - [2025-03-29T17:35:56.286+0000] {dag.py:4180} INFO - Setting next_dagrun for example_xcom_args to None, run_after=None
[2025-03-29T17:35:56.291+0000] {logging_mixin.py:190} INFO - [2025-03-29T17:35:56.291+0000] {dag.py:4180} INFO - Setting next_dagrun for example_xcom_args_with_operators to None, run_after=None
[2025-03-29T17:35:56.304+0000] {processor.py:208} INFO - Processing /home/airflow/.local/lib/python3.12/site-packages/airflow/example_dags/example_xcomargs.py took 0.064 seconds
[2025-03-29T17:36:27.587+0000] {processor.py:186} INFO - Started process (PID=1328) to work on /home/airflow/.local/lib/python3.12/site-packages/airflow/example_dags/example_xcomargs.py
[2025-03-29T17:36:27.588+0000] {processor.py:914} INFO - Processing file /home/airflow/.local/lib/python3.12/site-packages/airflow/example_dags/example_xcomargs.py for tasks to queue
[2025-03-29T17:36:27.590+0000] {logging_mixin.py:190} INFO - [2025-03-29T17:36:27.590+0000] {dagbag.py:588} INFO - Filling up the DagBag from /home/airflow/.local/lib/python3.12/site-packages/airflow/example_dags/example_xcomargs.py
[2025-03-29T17:36:27.598+0000] {processor.py:925} INFO - DAG(s) 'example_xcom_args', 'example_xcom_args_with_operators' retrieved from /home/airflow/.local/lib/python3.12/site-packages/airflow/example_dags/example_xcomargs.py
[2025-03-29T17:36:27.621+0000] {logging_mixin.py:190} INFO - [2025-03-29T17:36:27.621+0000] {dag.py:3239} INFO - Sync 2 DAGs
[2025-03-29T17:36:27.631+0000] {logging_mixin.py:190} INFO - [2025-03-29T17:36:27.631+0000] {dag.py:4180} INFO - Setting next_dagrun for example_xcom_args to None, run_after=None
[2025-03-29T17:36:27.635+0000] {logging_mixin.py:190} INFO - [2025-03-29T17:36:27.634+0000] {dag.py:4180} INFO - Setting next_dagrun for example_xcom_args_with_operators to None, run_after=None
[2025-03-29T17:36:27.651+0000] {processor.py:208} INFO - Processing /home/airflow/.local/lib/python3.12/site-packages/airflow/example_dags/example_xcomargs.py took 0.070 seconds
[2025-03-29T17:36:58.891+0000] {processor.py:186} INFO - Started process (PID=1391) to work on /home/airflow/.local/lib/python3.12/site-packages/airflow/example_dags/example_xcomargs.py
[2025-03-29T17:36:58.891+0000] {processor.py:914} INFO - Processing file /home/airflow/.local/lib/python3.12/site-packages/airflow/example_dags/example_xcomargs.py for tasks to queue
[2025-03-29T17:36:58.892+0000] {logging_mixin.py:190} INFO - [2025-03-29T17:36:58.892+0000] {dagbag.py:588} INFO - Filling up the DagBag from /home/airflow/.local/lib/python3.12/site-packages/airflow/example_dags/example_xcomargs.py
[2025-03-29T17:36:58.900+0000] {processor.py:925} INFO - DAG(s) 'example_xcom_args_with_operators', 'example_xcom_args' retrieved from /home/airflow/.local/lib/python3.12/site-packages/airflow/example_dags/example_xcomargs.py
[2025-03-29T17:36:58.916+0000] {logging_mixin.py:190} INFO - [2025-03-29T17:36:58.916+0000] {dag.py:3239} INFO - Sync 2 DAGs
[2025-03-29T17:36:58.927+0000] {logging_mixin.py:190} INFO - [2025-03-29T17:36:58.926+0000] {dag.py:4180} INFO - Setting next_dagrun for example_xcom_args to None, run_after=None
[2025-03-29T17:36:58.929+0000] {logging_mixin.py:190} INFO - [2025-03-29T17:36:58.929+0000] {dag.py:4180} INFO - Setting next_dagrun for example_xcom_args_with_operators to None, run_after=None
[2025-03-29T17:36:58.941+0000] {processor.py:208} INFO - Processing /home/airflow/.local/lib/python3.12/site-packages/airflow/example_dags/example_xcomargs.py took 0.054 seconds
[2025-03-29T17:37:30.026+0000] {processor.py:186} INFO - Started process (PID=1454) to work on /home/airflow/.local/lib/python3.12/site-packages/airflow/example_dags/example_xcomargs.py
[2025-03-29T17:37:30.027+0000] {processor.py:914} INFO - Processing file /home/airflow/.local/lib/python3.12/site-packages/airflow/example_dags/example_xcomargs.py for tasks to queue
[2025-03-29T17:37:30.028+0000] {logging_mixin.py:190} INFO - [2025-03-29T17:37:30.028+0000] {dagbag.py:588} INFO - Filling up the DagBag from /home/airflow/.local/lib/python3.12/site-packages/airflow/example_dags/example_xcomargs.py
[2025-03-29T17:37:30.035+0000] {processor.py:925} INFO - DAG(s) 'example_xcom_args_with_operators', 'example_xcom_args' retrieved from /home/airflow/.local/lib/python3.12/site-packages/airflow/example_dags/example_xcomargs.py
[2025-03-29T17:37:30.051+0000] {logging_mixin.py:190} INFO - [2025-03-29T17:37:30.051+0000] {dag.py:3239} INFO - Sync 2 DAGs
[2025-03-29T17:37:30.062+0000] {logging_mixin.py:190} INFO - [2025-03-29T17:37:30.062+0000] {dag.py:4180} INFO - Setting next_dagrun for example_xcom_args to None, run_after=None
[2025-03-29T17:37:30.064+0000] {logging_mixin.py:190} INFO - [2025-03-29T17:37:30.064+0000] {dag.py:4180} INFO - Setting next_dagrun for example_xcom_args_with_operators to None, run_after=None
[2025-03-29T17:37:30.075+0000] {processor.py:208} INFO - Processing /home/airflow/.local/lib/python3.12/site-packages/airflow/example_dags/example_xcomargs.py took 0.053 seconds
[2025-03-29T17:38:00.808+0000] {processor.py:186} INFO - Started process (PID=1517) to work on /home/airflow/.local/lib/python3.12/site-packages/airflow/example_dags/example_xcomargs.py
[2025-03-29T17:38:00.809+0000] {processor.py:914} INFO - Processing file /home/airflow/.local/lib/python3.12/site-packages/airflow/example_dags/example_xcomargs.py for tasks to queue
[2025-03-29T17:38:00.811+0000] {logging_mixin.py:190} INFO - [2025-03-29T17:38:00.810+0000] {dagbag.py:588} INFO - Filling up the DagBag from /home/airflow/.local/lib/python3.12/site-packages/airflow/example_dags/example_xcomargs.py
[2025-03-29T17:38:00.818+0000] {processor.py:925} INFO - DAG(s) 'example_xcom_args', 'example_xcom_args_with_operators' retrieved from /home/airflow/.local/lib/python3.12/site-packages/airflow/example_dags/example_xcomargs.py
[2025-03-29T17:38:00.837+0000] {logging_mixin.py:190} INFO - [2025-03-29T17:38:00.837+0000] {dag.py:3239} INFO - Sync 2 DAGs
[2025-03-29T17:38:00.847+0000] {logging_mixin.py:190} INFO - [2025-03-29T17:38:00.847+0000] {dag.py:4180} INFO - Setting next_dagrun for example_xcom_args to None, run_after=None
[2025-03-29T17:38:00.850+0000] {logging_mixin.py:190} INFO - [2025-03-29T17:38:00.850+0000] {dag.py:4180} INFO - Setting next_dagrun for example_xcom_args_with_operators to None, run_after=None
[2025-03-29T17:38:00.860+0000] {processor.py:208} INFO - Processing /home/airflow/.local/lib/python3.12/site-packages/airflow/example_dags/example_xcomargs.py took 0.056 seconds
[2025-03-29T17:38:31.990+0000] {processor.py:186} INFO - Started process (PID=1580) to work on /home/airflow/.local/lib/python3.12/site-packages/airflow/example_dags/example_xcomargs.py
[2025-03-29T17:38:31.991+0000] {processor.py:914} INFO - Processing file /home/airflow/.local/lib/python3.12/site-packages/airflow/example_dags/example_xcomargs.py for tasks to queue
[2025-03-29T17:38:31.992+0000] {logging_mixin.py:190} INFO - [2025-03-29T17:38:31.992+0000] {dagbag.py:588} INFO - Filling up the DagBag from /home/airflow/.local/lib/python3.12/site-packages/airflow/example_dags/example_xcomargs.py
[2025-03-29T17:38:31.998+0000] {processor.py:925} INFO - DAG(s) 'example_xcom_args_with_operators', 'example_xcom_args' retrieved from /home/airflow/.local/lib/python3.12/site-packages/airflow/example_dags/example_xcomargs.py
[2025-03-29T17:38:32.013+0000] {logging_mixin.py:190} INFO - [2025-03-29T17:38:32.012+0000] {dag.py:3239} INFO - Sync 2 DAGs
[2025-03-29T17:38:32.022+0000] {logging_mixin.py:190} INFO - [2025-03-29T17:38:32.022+0000] {dag.py:4180} INFO - Setting next_dagrun for example_xcom_args to None, run_after=None
[2025-03-29T17:38:32.025+0000] {logging_mixin.py:190} INFO - [2025-03-29T17:38:32.024+0000] {dag.py:4180} INFO - Setting next_dagrun for example_xcom_args_with_operators to None, run_after=None
[2025-03-29T17:38:32.036+0000] {processor.py:208} INFO - Processing /home/airflow/.local/lib/python3.12/site-packages/airflow/example_dags/example_xcomargs.py took 0.049 seconds
