[2025-03-29T17:15:50.733+0000] {processor.py:186} INFO - Started process (PID=90) to work on /home/airflow/.local/lib/python3.12/site-packages/airflow/example_dags/example_branch_labels.py
[2025-03-29T17:15:50.733+0000] {processor.py:914} INFO - Processing file /home/airflow/.local/lib/python3.12/site-packages/airflow/example_dags/example_branch_labels.py for tasks to queue
[2025-03-29T17:15:50.734+0000] {logging_mixin.py:190} INFO - [2025-03-29T17:15:50.734+0000] {dagbag.py:588} INFO - Filling up the DagBag from /home/airflow/.local/lib/python3.12/site-packages/airflow/example_dags/example_branch_labels.py
[2025-03-29T17:15:50.741+0000] {processor.py:925} INFO - DAG(s) 'example_branch_labels' retrieved from /home/airflow/.local/lib/python3.12/site-packages/airflow/example_dags/example_branch_labels.py
[2025-03-29T17:15:50.819+0000] {logging_mixin.py:190} INFO - [2025-03-29T17:15:50.819+0000] {override.py:1912} INFO - Created Permission View: can delete on DAG:example_branch_labels
[2025-03-29T17:15:50.826+0000] {logging_mixin.py:190} INFO - [2025-03-29T17:15:50.826+0000] {override.py:1912} INFO - Created Permission View: can edit on DAG:example_branch_labels
[2025-03-29T17:15:50.832+0000] {logging_mixin.py:190} INFO - [2025-03-29T17:15:50.832+0000] {override.py:1912} INFO - Created Permission View: can read on DAG:example_branch_labels
[2025-03-29T17:15:50.838+0000] {logging_mixin.py:190} INFO - [2025-03-29T17:15:50.837+0000] {override.py:1912} INFO - Created Permission View: can delete on DAG Run:example_branch_labels
[2025-03-29T17:15:50.842+0000] {logging_mixin.py:190} INFO - [2025-03-29T17:15:50.842+0000] {override.py:1912} INFO - Created Permission View: menu access on DAG Run:example_branch_labels
[2025-03-29T17:15:50.846+0000] {logging_mixin.py:190} INFO - [2025-03-29T17:15:50.846+0000] {override.py:1912} INFO - Created Permission View: can read on DAG Run:example_branch_labels
[2025-03-29T17:15:50.850+0000] {logging_mixin.py:190} INFO - [2025-03-29T17:15:50.850+0000] {override.py:1912} INFO - Created Permission View: can create on DAG Run:example_branch_labels
[2025-03-29T17:15:50.850+0000] {logging_mixin.py:190} INFO - [2025-03-29T17:15:50.850+0000] {dag.py:3239} INFO - Sync 1 DAGs
[2025-03-29T17:15:50.859+0000] {logging_mixin.py:190} INFO - [2025-03-29T17:15:50.859+0000] {dag.py:3262} INFO - Creating ORM DAG for example_branch_labels
[2025-03-29T17:15:50.866+0000] {logging_mixin.py:190} INFO - [2025-03-29T17:15:50.866+0000] {dag.py:4180} INFO - Setting next_dagrun for example_branch_labels to 2025-03-28 00:00:00+00:00, run_after=2025-03-29 00:00:00+00:00
[2025-03-29T17:15:50.875+0000] {processor.py:208} INFO - Processing /home/airflow/.local/lib/python3.12/site-packages/airflow/example_dags/example_branch_labels.py took 0.147 seconds
[2025-03-29T17:16:21.305+0000] {processor.py:186} INFO - Started process (PID=153) to work on /home/airflow/.local/lib/python3.12/site-packages/airflow/example_dags/example_branch_labels.py
[2025-03-29T17:16:21.306+0000] {processor.py:914} INFO - Processing file /home/airflow/.local/lib/python3.12/site-packages/airflow/example_dags/example_branch_labels.py for tasks to queue
[2025-03-29T17:16:21.307+0000] {logging_mixin.py:190} INFO - [2025-03-29T17:16:21.307+0000] {dagbag.py:588} INFO - Filling up the DagBag from /home/airflow/.local/lib/python3.12/site-packages/airflow/example_dags/example_branch_labels.py
[2025-03-29T17:16:21.313+0000] {processor.py:925} INFO - DAG(s) 'example_branch_labels' retrieved from /home/airflow/.local/lib/python3.12/site-packages/airflow/example_dags/example_branch_labels.py
[2025-03-29T17:16:21.327+0000] {logging_mixin.py:190} INFO - [2025-03-29T17:16:21.327+0000] {dag.py:3239} INFO - Sync 1 DAGs
[2025-03-29T17:16:21.347+0000] {logging_mixin.py:190} INFO - [2025-03-29T17:16:21.346+0000] {dag.py:4180} INFO - Setting next_dagrun for example_branch_labels to 2025-03-28 00:00:00+00:00, run_after=2025-03-29 00:00:00+00:00
[2025-03-29T17:16:21.360+0000] {processor.py:208} INFO - Processing /home/airflow/.local/lib/python3.12/site-packages/airflow/example_dags/example_branch_labels.py took 0.058 seconds
[2025-03-29T17:16:51.975+0000] {processor.py:186} INFO - Started process (PID=216) to work on /home/airflow/.local/lib/python3.12/site-packages/airflow/example_dags/example_branch_labels.py
[2025-03-29T17:16:51.976+0000] {processor.py:914} INFO - Processing file /home/airflow/.local/lib/python3.12/site-packages/airflow/example_dags/example_branch_labels.py for tasks to queue
[2025-03-29T17:16:51.977+0000] {logging_mixin.py:190} INFO - [2025-03-29T17:16:51.977+0000] {dagbag.py:588} INFO - Filling up the DagBag from /home/airflow/.local/lib/python3.12/site-packages/airflow/example_dags/example_branch_labels.py
[2025-03-29T17:16:51.984+0000] {processor.py:925} INFO - DAG(s) 'example_branch_labels' retrieved from /home/airflow/.local/lib/python3.12/site-packages/airflow/example_dags/example_branch_labels.py
[2025-03-29T17:16:51.997+0000] {logging_mixin.py:190} INFO - [2025-03-29T17:16:51.997+0000] {dag.py:3239} INFO - Sync 1 DAGs
[2025-03-29T17:16:52.015+0000] {logging_mixin.py:190} INFO - [2025-03-29T17:16:52.015+0000] {dag.py:4180} INFO - Setting next_dagrun for example_branch_labels to 2025-03-28 00:00:00+00:00, run_after=2025-03-29 00:00:00+00:00
[2025-03-29T17:16:52.028+0000] {processor.py:208} INFO - Processing /home/airflow/.local/lib/python3.12/site-packages/airflow/example_dags/example_branch_labels.py took 0.057 seconds
[2025-03-29T17:17:23.301+0000] {processor.py:186} INFO - Started process (PID=279) to work on /home/airflow/.local/lib/python3.12/site-packages/airflow/example_dags/example_branch_labels.py
[2025-03-29T17:17:23.302+0000] {processor.py:914} INFO - Processing file /home/airflow/.local/lib/python3.12/site-packages/airflow/example_dags/example_branch_labels.py for tasks to queue
[2025-03-29T17:17:23.303+0000] {logging_mixin.py:190} INFO - [2025-03-29T17:17:23.303+0000] {dagbag.py:588} INFO - Filling up the DagBag from /home/airflow/.local/lib/python3.12/site-packages/airflow/example_dags/example_branch_labels.py
[2025-03-29T17:17:23.309+0000] {processor.py:925} INFO - DAG(s) 'example_branch_labels' retrieved from /home/airflow/.local/lib/python3.12/site-packages/airflow/example_dags/example_branch_labels.py
[2025-03-29T17:17:23.323+0000] {logging_mixin.py:190} INFO - [2025-03-29T17:17:23.322+0000] {dag.py:3239} INFO - Sync 1 DAGs
[2025-03-29T17:17:23.339+0000] {logging_mixin.py:190} INFO - [2025-03-29T17:17:23.339+0000] {dag.py:4180} INFO - Setting next_dagrun for example_branch_labels to 2025-03-28 00:00:00+00:00, run_after=2025-03-29 00:00:00+00:00
[2025-03-29T17:17:23.352+0000] {processor.py:208} INFO - Processing /home/airflow/.local/lib/python3.12/site-packages/airflow/example_dags/example_branch_labels.py took 0.054 seconds
[2025-03-29T17:17:54.693+0000] {processor.py:186} INFO - Started process (PID=342) to work on /home/airflow/.local/lib/python3.12/site-packages/airflow/example_dags/example_branch_labels.py
[2025-03-29T17:17:54.694+0000] {processor.py:914} INFO - Processing file /home/airflow/.local/lib/python3.12/site-packages/airflow/example_dags/example_branch_labels.py for tasks to queue
[2025-03-29T17:17:54.695+0000] {logging_mixin.py:190} INFO - [2025-03-29T17:17:54.695+0000] {dagbag.py:588} INFO - Filling up the DagBag from /home/airflow/.local/lib/python3.12/site-packages/airflow/example_dags/example_branch_labels.py
[2025-03-29T17:17:54.701+0000] {processor.py:925} INFO - DAG(s) 'example_branch_labels' retrieved from /home/airflow/.local/lib/python3.12/site-packages/airflow/example_dags/example_branch_labels.py
[2025-03-29T17:17:54.713+0000] {logging_mixin.py:190} INFO - [2025-03-29T17:17:54.713+0000] {dag.py:3239} INFO - Sync 1 DAGs
[2025-03-29T17:17:54.729+0000] {logging_mixin.py:190} INFO - [2025-03-29T17:17:54.729+0000] {dag.py:4180} INFO - Setting next_dagrun for example_branch_labels to 2025-03-28 00:00:00+00:00, run_after=2025-03-29 00:00:00+00:00
[2025-03-29T17:17:54.740+0000] {processor.py:208} INFO - Processing /home/airflow/.local/lib/python3.12/site-packages/airflow/example_dags/example_branch_labels.py took 0.051 seconds
[2025-03-29T17:18:25.402+0000] {processor.py:186} INFO - Started process (PID=405) to work on /home/airflow/.local/lib/python3.12/site-packages/airflow/example_dags/example_branch_labels.py
[2025-03-29T17:18:25.403+0000] {processor.py:914} INFO - Processing file /home/airflow/.local/lib/python3.12/site-packages/airflow/example_dags/example_branch_labels.py for tasks to queue
[2025-03-29T17:18:25.404+0000] {logging_mixin.py:190} INFO - [2025-03-29T17:18:25.404+0000] {dagbag.py:588} INFO - Filling up the DagBag from /home/airflow/.local/lib/python3.12/site-packages/airflow/example_dags/example_branch_labels.py
[2025-03-29T17:18:25.411+0000] {processor.py:925} INFO - DAG(s) 'example_branch_labels' retrieved from /home/airflow/.local/lib/python3.12/site-packages/airflow/example_dags/example_branch_labels.py
[2025-03-29T17:18:25.423+0000] {logging_mixin.py:190} INFO - [2025-03-29T17:18:25.423+0000] {dag.py:3239} INFO - Sync 1 DAGs
[2025-03-29T17:18:25.439+0000] {logging_mixin.py:190} INFO - [2025-03-29T17:18:25.439+0000] {dag.py:4180} INFO - Setting next_dagrun for example_branch_labels to 2025-03-28 00:00:00+00:00, run_after=2025-03-29 00:00:00+00:00
[2025-03-29T17:18:25.453+0000] {processor.py:208} INFO - Processing /home/airflow/.local/lib/python3.12/site-packages/airflow/example_dags/example_branch_labels.py took 0.054 seconds
[2025-03-29T17:18:55.786+0000] {processor.py:186} INFO - Started process (PID=468) to work on /home/airflow/.local/lib/python3.12/site-packages/airflow/example_dags/example_branch_labels.py
[2025-03-29T17:18:55.786+0000] {processor.py:914} INFO - Processing file /home/airflow/.local/lib/python3.12/site-packages/airflow/example_dags/example_branch_labels.py for tasks to queue
[2025-03-29T17:18:55.788+0000] {logging_mixin.py:190} INFO - [2025-03-29T17:18:55.787+0000] {dagbag.py:588} INFO - Filling up the DagBag from /home/airflow/.local/lib/python3.12/site-packages/airflow/example_dags/example_branch_labels.py
[2025-03-29T17:18:55.794+0000] {processor.py:925} INFO - DAG(s) 'example_branch_labels' retrieved from /home/airflow/.local/lib/python3.12/site-packages/airflow/example_dags/example_branch_labels.py
[2025-03-29T17:18:55.807+0000] {logging_mixin.py:190} INFO - [2025-03-29T17:18:55.806+0000] {dag.py:3239} INFO - Sync 1 DAGs
[2025-03-29T17:18:55.823+0000] {logging_mixin.py:190} INFO - [2025-03-29T17:18:55.823+0000] {dag.py:4180} INFO - Setting next_dagrun for example_branch_labels to 2025-03-28 00:00:00+00:00, run_after=2025-03-29 00:00:00+00:00
[2025-03-29T17:18:55.835+0000] {processor.py:208} INFO - Processing /home/airflow/.local/lib/python3.12/site-packages/airflow/example_dags/example_branch_labels.py took 0.052 seconds
[2025-03-29T17:19:27.242+0000] {processor.py:186} INFO - Started process (PID=537) to work on /home/airflow/.local/lib/python3.12/site-packages/airflow/example_dags/example_branch_labels.py
[2025-03-29T17:19:27.243+0000] {processor.py:914} INFO - Processing file /home/airflow/.local/lib/python3.12/site-packages/airflow/example_dags/example_branch_labels.py for tasks to queue
[2025-03-29T17:19:27.244+0000] {logging_mixin.py:190} INFO - [2025-03-29T17:19:27.244+0000] {dagbag.py:588} INFO - Filling up the DagBag from /home/airflow/.local/lib/python3.12/site-packages/airflow/example_dags/example_branch_labels.py
[2025-03-29T17:19:27.250+0000] {processor.py:925} INFO - DAG(s) 'example_branch_labels' retrieved from /home/airflow/.local/lib/python3.12/site-packages/airflow/example_dags/example_branch_labels.py
[2025-03-29T17:19:27.262+0000] {logging_mixin.py:190} INFO - [2025-03-29T17:19:27.262+0000] {dag.py:3239} INFO - Sync 1 DAGs
[2025-03-29T17:19:27.278+0000] {logging_mixin.py:190} INFO - [2025-03-29T17:19:27.278+0000] {dag.py:4180} INFO - Setting next_dagrun for example_branch_labels to 2025-03-28 00:00:00+00:00, run_after=2025-03-29 00:00:00+00:00
[2025-03-29T17:19:27.289+0000] {processor.py:208} INFO - Processing /home/airflow/.local/lib/python3.12/site-packages/airflow/example_dags/example_branch_labels.py took 0.050 seconds
[2025-03-29T17:19:57.770+0000] {processor.py:186} INFO - Started process (PID=600) to work on /home/airflow/.local/lib/python3.12/site-packages/airflow/example_dags/example_branch_labels.py
[2025-03-29T17:19:57.771+0000] {processor.py:914} INFO - Processing file /home/airflow/.local/lib/python3.12/site-packages/airflow/example_dags/example_branch_labels.py for tasks to queue
[2025-03-29T17:19:57.772+0000] {logging_mixin.py:190} INFO - [2025-03-29T17:19:57.772+0000] {dagbag.py:588} INFO - Filling up the DagBag from /home/airflow/.local/lib/python3.12/site-packages/airflow/example_dags/example_branch_labels.py
[2025-03-29T17:19:57.778+0000] {processor.py:925} INFO - DAG(s) 'example_branch_labels' retrieved from /home/airflow/.local/lib/python3.12/site-packages/airflow/example_dags/example_branch_labels.py
[2025-03-29T17:19:57.791+0000] {logging_mixin.py:190} INFO - [2025-03-29T17:19:57.791+0000] {dag.py:3239} INFO - Sync 1 DAGs
[2025-03-29T17:19:57.807+0000] {logging_mixin.py:190} INFO - [2025-03-29T17:19:57.806+0000] {dag.py:4180} INFO - Setting next_dagrun for example_branch_labels to 2025-03-28 00:00:00+00:00, run_after=2025-03-29 00:00:00+00:00
[2025-03-29T17:19:57.819+0000] {processor.py:208} INFO - Processing /home/airflow/.local/lib/python3.12/site-packages/airflow/example_dags/example_branch_labels.py took 0.053 seconds
[2025-03-29T17:20:29.175+0000] {processor.py:186} INFO - Started process (PID=663) to work on /home/airflow/.local/lib/python3.12/site-packages/airflow/example_dags/example_branch_labels.py
[2025-03-29T17:20:29.190+0000] {processor.py:914} INFO - Processing file /home/airflow/.local/lib/python3.12/site-packages/airflow/example_dags/example_branch_labels.py for tasks to queue
[2025-03-29T17:20:29.192+0000] {logging_mixin.py:190} INFO - [2025-03-29T17:20:29.191+0000] {dagbag.py:588} INFO - Filling up the DagBag from /home/airflow/.local/lib/python3.12/site-packages/airflow/example_dags/example_branch_labels.py
[2025-03-29T17:20:29.197+0000] {processor.py:925} INFO - DAG(s) 'example_branch_labels' retrieved from /home/airflow/.local/lib/python3.12/site-packages/airflow/example_dags/example_branch_labels.py
[2025-03-29T17:20:29.210+0000] {logging_mixin.py:190} INFO - [2025-03-29T17:20:29.210+0000] {dag.py:3239} INFO - Sync 1 DAGs
[2025-03-29T17:20:29.226+0000] {logging_mixin.py:190} INFO - [2025-03-29T17:20:29.226+0000] {dag.py:4180} INFO - Setting next_dagrun for example_branch_labels to 2025-03-28 00:00:00+00:00, run_after=2025-03-29 00:00:00+00:00
[2025-03-29T17:20:29.238+0000] {processor.py:208} INFO - Processing /home/airflow/.local/lib/python3.12/site-packages/airflow/example_dags/example_branch_labels.py took 0.067 seconds
[2025-03-29T17:20:59.812+0000] {processor.py:186} INFO - Started process (PID=726) to work on /home/airflow/.local/lib/python3.12/site-packages/airflow/example_dags/example_branch_labels.py
[2025-03-29T17:20:59.813+0000] {processor.py:914} INFO - Processing file /home/airflow/.local/lib/python3.12/site-packages/airflow/example_dags/example_branch_labels.py for tasks to queue
[2025-03-29T17:20:59.814+0000] {logging_mixin.py:190} INFO - [2025-03-29T17:20:59.814+0000] {dagbag.py:588} INFO - Filling up the DagBag from /home/airflow/.local/lib/python3.12/site-packages/airflow/example_dags/example_branch_labels.py
[2025-03-29T17:20:59.821+0000] {processor.py:925} INFO - DAG(s) 'example_branch_labels' retrieved from /home/airflow/.local/lib/python3.12/site-packages/airflow/example_dags/example_branch_labels.py
[2025-03-29T17:20:59.837+0000] {logging_mixin.py:190} INFO - [2025-03-29T17:20:59.837+0000] {dag.py:3239} INFO - Sync 1 DAGs
[2025-03-29T17:20:59.856+0000] {logging_mixin.py:190} INFO - [2025-03-29T17:20:59.856+0000] {dag.py:4180} INFO - Setting next_dagrun for example_branch_labels to 2025-03-28 00:00:00+00:00, run_after=2025-03-29 00:00:00+00:00
[2025-03-29T17:20:59.868+0000] {processor.py:208} INFO - Processing /home/airflow/.local/lib/python3.12/site-packages/airflow/example_dags/example_branch_labels.py took 0.059 seconds
[2025-03-29T17:21:31.088+0000] {processor.py:186} INFO - Started process (PID=789) to work on /home/airflow/.local/lib/python3.12/site-packages/airflow/example_dags/example_branch_labels.py
[2025-03-29T17:21:31.089+0000] {processor.py:914} INFO - Processing file /home/airflow/.local/lib/python3.12/site-packages/airflow/example_dags/example_branch_labels.py for tasks to queue
[2025-03-29T17:21:31.091+0000] {logging_mixin.py:190} INFO - [2025-03-29T17:21:31.091+0000] {dagbag.py:588} INFO - Filling up the DagBag from /home/airflow/.local/lib/python3.12/site-packages/airflow/example_dags/example_branch_labels.py
[2025-03-29T17:21:31.097+0000] {processor.py:925} INFO - DAG(s) 'example_branch_labels' retrieved from /home/airflow/.local/lib/python3.12/site-packages/airflow/example_dags/example_branch_labels.py
[2025-03-29T17:21:31.111+0000] {logging_mixin.py:190} INFO - [2025-03-29T17:21:31.110+0000] {dag.py:3239} INFO - Sync 1 DAGs
[2025-03-29T17:21:31.127+0000] {logging_mixin.py:190} INFO - [2025-03-29T17:21:31.127+0000] {dag.py:4180} INFO - Setting next_dagrun for example_branch_labels to 2025-03-28 00:00:00+00:00, run_after=2025-03-29 00:00:00+00:00
[2025-03-29T17:21:31.138+0000] {processor.py:208} INFO - Processing /home/airflow/.local/lib/python3.12/site-packages/airflow/example_dags/example_branch_labels.py took 0.054 seconds
[2025-03-29T17:22:02.448+0000] {processor.py:186} INFO - Started process (PID=852) to work on /home/airflow/.local/lib/python3.12/site-packages/airflow/example_dags/example_branch_labels.py
[2025-03-29T17:22:02.448+0000] {processor.py:914} INFO - Processing file /home/airflow/.local/lib/python3.12/site-packages/airflow/example_dags/example_branch_labels.py for tasks to queue
[2025-03-29T17:22:02.449+0000] {logging_mixin.py:190} INFO - [2025-03-29T17:22:02.449+0000] {dagbag.py:588} INFO - Filling up the DagBag from /home/airflow/.local/lib/python3.12/site-packages/airflow/example_dags/example_branch_labels.py
[2025-03-29T17:22:02.456+0000] {processor.py:925} INFO - DAG(s) 'example_branch_labels' retrieved from /home/airflow/.local/lib/python3.12/site-packages/airflow/example_dags/example_branch_labels.py
[2025-03-29T17:22:02.468+0000] {logging_mixin.py:190} INFO - [2025-03-29T17:22:02.468+0000] {dag.py:3239} INFO - Sync 1 DAGs
[2025-03-29T17:22:02.485+0000] {logging_mixin.py:190} INFO - [2025-03-29T17:22:02.484+0000] {dag.py:4180} INFO - Setting next_dagrun for example_branch_labels to 2025-03-28 00:00:00+00:00, run_after=2025-03-29 00:00:00+00:00
[2025-03-29T17:22:02.497+0000] {processor.py:208} INFO - Processing /home/airflow/.local/lib/python3.12/site-packages/airflow/example_dags/example_branch_labels.py took 0.053 seconds
[2025-03-29T17:22:33.158+0000] {processor.py:186} INFO - Started process (PID=915) to work on /home/airflow/.local/lib/python3.12/site-packages/airflow/example_dags/example_branch_labels.py
[2025-03-29T17:22:33.158+0000] {processor.py:914} INFO - Processing file /home/airflow/.local/lib/python3.12/site-packages/airflow/example_dags/example_branch_labels.py for tasks to queue
[2025-03-29T17:22:33.159+0000] {logging_mixin.py:190} INFO - [2025-03-29T17:22:33.159+0000] {dagbag.py:588} INFO - Filling up the DagBag from /home/airflow/.local/lib/python3.12/site-packages/airflow/example_dags/example_branch_labels.py
[2025-03-29T17:22:33.166+0000] {processor.py:925} INFO - DAG(s) 'example_branch_labels' retrieved from /home/airflow/.local/lib/python3.12/site-packages/airflow/example_dags/example_branch_labels.py
[2025-03-29T17:22:33.179+0000] {logging_mixin.py:190} INFO - [2025-03-29T17:22:33.179+0000] {dag.py:3239} INFO - Sync 1 DAGs
[2025-03-29T17:22:33.195+0000] {logging_mixin.py:190} INFO - [2025-03-29T17:22:33.195+0000] {dag.py:4180} INFO - Setting next_dagrun for example_branch_labels to 2025-03-28 00:00:00+00:00, run_after=2025-03-29 00:00:00+00:00
[2025-03-29T17:22:33.209+0000] {processor.py:208} INFO - Processing /home/airflow/.local/lib/python3.12/site-packages/airflow/example_dags/example_branch_labels.py took 0.055 seconds
[2025-03-29T17:23:03.841+0000] {processor.py:186} INFO - Started process (PID=978) to work on /home/airflow/.local/lib/python3.12/site-packages/airflow/example_dags/example_branch_labels.py
[2025-03-29T17:23:03.841+0000] {processor.py:914} INFO - Processing file /home/airflow/.local/lib/python3.12/site-packages/airflow/example_dags/example_branch_labels.py for tasks to queue
[2025-03-29T17:23:03.843+0000] {logging_mixin.py:190} INFO - [2025-03-29T17:23:03.842+0000] {dagbag.py:588} INFO - Filling up the DagBag from /home/airflow/.local/lib/python3.12/site-packages/airflow/example_dags/example_branch_labels.py
[2025-03-29T17:23:03.848+0000] {processor.py:925} INFO - DAG(s) 'example_branch_labels' retrieved from /home/airflow/.local/lib/python3.12/site-packages/airflow/example_dags/example_branch_labels.py
[2025-03-29T17:23:03.861+0000] {logging_mixin.py:190} INFO - [2025-03-29T17:23:03.861+0000] {dag.py:3239} INFO - Sync 1 DAGs
[2025-03-29T17:23:03.878+0000] {logging_mixin.py:190} INFO - [2025-03-29T17:23:03.878+0000] {dag.py:4180} INFO - Setting next_dagrun for example_branch_labels to 2025-03-28 00:00:00+00:00, run_after=2025-03-29 00:00:00+00:00
[2025-03-29T17:23:03.899+0000] {processor.py:208} INFO - Processing /home/airflow/.local/lib/python3.12/site-packages/airflow/example_dags/example_branch_labels.py took 0.061 seconds
[2025-03-29T17:26:13.972+0000] {processor.py:186} INFO - Started process (PID=90) to work on /home/airflow/.local/lib/python3.12/site-packages/airflow/example_dags/example_branch_labels.py
[2025-03-29T17:26:13.973+0000] {processor.py:914} INFO - Processing file /home/airflow/.local/lib/python3.12/site-packages/airflow/example_dags/example_branch_labels.py for tasks to queue
[2025-03-29T17:26:13.974+0000] {logging_mixin.py:190} INFO - [2025-03-29T17:26:13.974+0000] {dagbag.py:588} INFO - Filling up the DagBag from /home/airflow/.local/lib/python3.12/site-packages/airflow/example_dags/example_branch_labels.py
[2025-03-29T17:26:13.981+0000] {processor.py:925} INFO - DAG(s) 'example_branch_labels' retrieved from /home/airflow/.local/lib/python3.12/site-packages/airflow/example_dags/example_branch_labels.py
[2025-03-29T17:26:14.067+0000] {logging_mixin.py:190} INFO - [2025-03-29T17:26:14.067+0000] {override.py:1912} INFO - Created Permission View: can delete on DAG:example_branch_labels
[2025-03-29T17:26:14.076+0000] {logging_mixin.py:190} INFO - [2025-03-29T17:26:14.075+0000] {override.py:1912} INFO - Created Permission View: can read on DAG:example_branch_labels
[2025-03-29T17:26:14.083+0000] {logging_mixin.py:190} INFO - [2025-03-29T17:26:14.082+0000] {override.py:1912} INFO - Created Permission View: can edit on DAG:example_branch_labels
[2025-03-29T17:26:14.095+0000] {logging_mixin.py:190} INFO - [2025-03-29T17:26:14.094+0000] {override.py:1912} INFO - Created Permission View: can delete on DAG Run:example_branch_labels
[2025-03-29T17:26:14.104+0000] {logging_mixin.py:190} INFO - [2025-03-29T17:26:14.103+0000] {override.py:1912} INFO - Created Permission View: can read on DAG Run:example_branch_labels
[2025-03-29T17:26:14.116+0000] {logging_mixin.py:190} INFO - [2025-03-29T17:26:14.116+0000] {override.py:1912} INFO - Created Permission View: can create on DAG Run:example_branch_labels
[2025-03-29T17:26:14.125+0000] {logging_mixin.py:190} INFO - [2025-03-29T17:26:14.124+0000] {override.py:1912} INFO - Created Permission View: menu access on DAG Run:example_branch_labels
[2025-03-29T17:26:14.125+0000] {logging_mixin.py:190} INFO - [2025-03-29T17:26:14.125+0000] {dag.py:3239} INFO - Sync 1 DAGs
[2025-03-29T17:26:14.136+0000] {logging_mixin.py:190} INFO - [2025-03-29T17:26:14.136+0000] {dag.py:3262} INFO - Creating ORM DAG for example_branch_labels
[2025-03-29T17:26:14.149+0000] {logging_mixin.py:190} INFO - [2025-03-29T17:26:14.149+0000] {dag.py:4180} INFO - Setting next_dagrun for example_branch_labels to 2025-03-28 00:00:00+00:00, run_after=2025-03-29 00:00:00+00:00
[2025-03-29T17:26:14.173+0000] {processor.py:208} INFO - Processing /home/airflow/.local/lib/python3.12/site-packages/airflow/example_dags/example_branch_labels.py took 0.205 seconds
[2025-03-29T17:26:44.376+0000] {processor.py:186} INFO - Started process (PID=153) to work on /home/airflow/.local/lib/python3.12/site-packages/airflow/example_dags/example_branch_labels.py
[2025-03-29T17:26:44.376+0000] {processor.py:914} INFO - Processing file /home/airflow/.local/lib/python3.12/site-packages/airflow/example_dags/example_branch_labels.py for tasks to queue
[2025-03-29T17:26:44.377+0000] {logging_mixin.py:190} INFO - [2025-03-29T17:26:44.377+0000] {dagbag.py:588} INFO - Filling up the DagBag from /home/airflow/.local/lib/python3.12/site-packages/airflow/example_dags/example_branch_labels.py
[2025-03-29T17:26:44.383+0000] {processor.py:925} INFO - DAG(s) 'example_branch_labels' retrieved from /home/airflow/.local/lib/python3.12/site-packages/airflow/example_dags/example_branch_labels.py
[2025-03-29T17:26:44.395+0000] {logging_mixin.py:190} INFO - [2025-03-29T17:26:44.395+0000] {dag.py:3239} INFO - Sync 1 DAGs
[2025-03-29T17:26:44.410+0000] {logging_mixin.py:190} INFO - [2025-03-29T17:26:44.410+0000] {dag.py:4180} INFO - Setting next_dagrun for example_branch_labels to 2025-03-28 00:00:00+00:00, run_after=2025-03-29 00:00:00+00:00
[2025-03-29T17:26:44.424+0000] {processor.py:208} INFO - Processing /home/airflow/.local/lib/python3.12/site-packages/airflow/example_dags/example_branch_labels.py took 0.051 seconds
[2025-03-29T17:27:14.825+0000] {processor.py:186} INFO - Started process (PID=216) to work on /home/airflow/.local/lib/python3.12/site-packages/airflow/example_dags/example_branch_labels.py
[2025-03-29T17:27:14.826+0000] {processor.py:914} INFO - Processing file /home/airflow/.local/lib/python3.12/site-packages/airflow/example_dags/example_branch_labels.py for tasks to queue
[2025-03-29T17:27:14.827+0000] {logging_mixin.py:190} INFO - [2025-03-29T17:27:14.827+0000] {dagbag.py:588} INFO - Filling up the DagBag from /home/airflow/.local/lib/python3.12/site-packages/airflow/example_dags/example_branch_labels.py
[2025-03-29T17:27:14.833+0000] {processor.py:925} INFO - DAG(s) 'example_branch_labels' retrieved from /home/airflow/.local/lib/python3.12/site-packages/airflow/example_dags/example_branch_labels.py
[2025-03-29T17:27:14.845+0000] {logging_mixin.py:190} INFO - [2025-03-29T17:27:14.845+0000] {dag.py:3239} INFO - Sync 1 DAGs
[2025-03-29T17:27:14.862+0000] {logging_mixin.py:190} INFO - [2025-03-29T17:27:14.861+0000] {dag.py:4180} INFO - Setting next_dagrun for example_branch_labels to 2025-03-28 00:00:00+00:00, run_after=2025-03-29 00:00:00+00:00
[2025-03-29T17:27:14.874+0000] {processor.py:208} INFO - Processing /home/airflow/.local/lib/python3.12/site-packages/airflow/example_dags/example_branch_labels.py took 0.053 seconds
[2025-03-29T17:27:45.078+0000] {processor.py:186} INFO - Started process (PID=278) to work on /home/airflow/.local/lib/python3.12/site-packages/airflow/example_dags/example_branch_labels.py
[2025-03-29T17:27:45.079+0000] {processor.py:914} INFO - Processing file /home/airflow/.local/lib/python3.12/site-packages/airflow/example_dags/example_branch_labels.py for tasks to queue
[2025-03-29T17:27:45.080+0000] {logging_mixin.py:190} INFO - [2025-03-29T17:27:45.080+0000] {dagbag.py:588} INFO - Filling up the DagBag from /home/airflow/.local/lib/python3.12/site-packages/airflow/example_dags/example_branch_labels.py
[2025-03-29T17:27:45.085+0000] {processor.py:925} INFO - DAG(s) 'example_branch_labels' retrieved from /home/airflow/.local/lib/python3.12/site-packages/airflow/example_dags/example_branch_labels.py
[2025-03-29T17:27:45.098+0000] {logging_mixin.py:190} INFO - [2025-03-29T17:27:45.097+0000] {dag.py:3239} INFO - Sync 1 DAGs
[2025-03-29T17:27:45.113+0000] {logging_mixin.py:190} INFO - [2025-03-29T17:27:45.113+0000] {dag.py:4180} INFO - Setting next_dagrun for example_branch_labels to 2025-03-28 00:00:00+00:00, run_after=2025-03-29 00:00:00+00:00
[2025-03-29T17:27:45.128+0000] {processor.py:208} INFO - Processing /home/airflow/.local/lib/python3.12/site-packages/airflow/example_dags/example_branch_labels.py took 0.053 seconds
[2025-03-29T17:28:16.247+0000] {processor.py:186} INFO - Started process (PID=347) to work on /home/airflow/.local/lib/python3.12/site-packages/airflow/example_dags/example_branch_labels.py
[2025-03-29T17:28:16.247+0000] {processor.py:914} INFO - Processing file /home/airflow/.local/lib/python3.12/site-packages/airflow/example_dags/example_branch_labels.py for tasks to queue
[2025-03-29T17:28:16.248+0000] {logging_mixin.py:190} INFO - [2025-03-29T17:28:16.248+0000] {dagbag.py:588} INFO - Filling up the DagBag from /home/airflow/.local/lib/python3.12/site-packages/airflow/example_dags/example_branch_labels.py
[2025-03-29T17:28:16.256+0000] {processor.py:925} INFO - DAG(s) 'example_branch_labels' retrieved from /home/airflow/.local/lib/python3.12/site-packages/airflow/example_dags/example_branch_labels.py
[2025-03-29T17:28:16.271+0000] {logging_mixin.py:190} INFO - [2025-03-29T17:28:16.271+0000] {dag.py:3239} INFO - Sync 1 DAGs
[2025-03-29T17:28:16.290+0000] {logging_mixin.py:190} INFO - [2025-03-29T17:28:16.290+0000] {dag.py:4180} INFO - Setting next_dagrun for example_branch_labels to 2025-03-28 00:00:00+00:00, run_after=2025-03-29 00:00:00+00:00
[2025-03-29T17:28:16.306+0000] {processor.py:208} INFO - Processing /home/airflow/.local/lib/python3.12/site-packages/airflow/example_dags/example_branch_labels.py took 0.063 seconds
[2025-03-29T17:28:46.821+0000] {processor.py:186} INFO - Started process (PID=410) to work on /home/airflow/.local/lib/python3.12/site-packages/airflow/example_dags/example_branch_labels.py
[2025-03-29T17:28:46.822+0000] {processor.py:914} INFO - Processing file /home/airflow/.local/lib/python3.12/site-packages/airflow/example_dags/example_branch_labels.py for tasks to queue
[2025-03-29T17:28:46.823+0000] {logging_mixin.py:190} INFO - [2025-03-29T17:28:46.823+0000] {dagbag.py:588} INFO - Filling up the DagBag from /home/airflow/.local/lib/python3.12/site-packages/airflow/example_dags/example_branch_labels.py
[2025-03-29T17:28:46.830+0000] {processor.py:925} INFO - DAG(s) 'example_branch_labels' retrieved from /home/airflow/.local/lib/python3.12/site-packages/airflow/example_dags/example_branch_labels.py
[2025-03-29T17:28:46.844+0000] {logging_mixin.py:190} INFO - [2025-03-29T17:28:46.844+0000] {dag.py:3239} INFO - Sync 1 DAGs
[2025-03-29T17:28:46.862+0000] {logging_mixin.py:190} INFO - [2025-03-29T17:28:46.862+0000] {dag.py:4180} INFO - Setting next_dagrun for example_branch_labels to 2025-03-28 00:00:00+00:00, run_after=2025-03-29 00:00:00+00:00
[2025-03-29T17:28:46.874+0000] {processor.py:208} INFO - Processing /home/airflow/.local/lib/python3.12/site-packages/airflow/example_dags/example_branch_labels.py took 0.057 seconds
[2025-03-29T17:29:18.294+0000] {processor.py:186} INFO - Started process (PID=474) to work on /home/airflow/.local/lib/python3.12/site-packages/airflow/example_dags/example_branch_labels.py
[2025-03-29T17:29:18.295+0000] {processor.py:914} INFO - Processing file /home/airflow/.local/lib/python3.12/site-packages/airflow/example_dags/example_branch_labels.py for tasks to queue
[2025-03-29T17:29:18.296+0000] {logging_mixin.py:190} INFO - [2025-03-29T17:29:18.296+0000] {dagbag.py:588} INFO - Filling up the DagBag from /home/airflow/.local/lib/python3.12/site-packages/airflow/example_dags/example_branch_labels.py
[2025-03-29T17:29:18.302+0000] {processor.py:925} INFO - DAG(s) 'example_branch_labels' retrieved from /home/airflow/.local/lib/python3.12/site-packages/airflow/example_dags/example_branch_labels.py
[2025-03-29T17:29:18.315+0000] {logging_mixin.py:190} INFO - [2025-03-29T17:29:18.315+0000] {dag.py:3239} INFO - Sync 1 DAGs
[2025-03-29T17:29:18.332+0000] {logging_mixin.py:190} INFO - [2025-03-29T17:29:18.331+0000] {dag.py:4180} INFO - Setting next_dagrun for example_branch_labels to 2025-03-28 00:00:00+00:00, run_after=2025-03-29 00:00:00+00:00
[2025-03-29T17:29:18.346+0000] {processor.py:208} INFO - Processing /home/airflow/.local/lib/python3.12/site-packages/airflow/example_dags/example_branch_labels.py took 0.055 seconds
[2025-03-29T17:29:49.754+0000] {processor.py:186} INFO - Started process (PID=537) to work on /home/airflow/.local/lib/python3.12/site-packages/airflow/example_dags/example_branch_labels.py
[2025-03-29T17:29:49.755+0000] {processor.py:914} INFO - Processing file /home/airflow/.local/lib/python3.12/site-packages/airflow/example_dags/example_branch_labels.py for tasks to queue
[2025-03-29T17:29:49.757+0000] {logging_mixin.py:190} INFO - [2025-03-29T17:29:49.756+0000] {dagbag.py:588} INFO - Filling up the DagBag from /home/airflow/.local/lib/python3.12/site-packages/airflow/example_dags/example_branch_labels.py
[2025-03-29T17:29:49.763+0000] {processor.py:925} INFO - DAG(s) 'example_branch_labels' retrieved from /home/airflow/.local/lib/python3.12/site-packages/airflow/example_dags/example_branch_labels.py
[2025-03-29T17:29:49.776+0000] {logging_mixin.py:190} INFO - [2025-03-29T17:29:49.776+0000] {dag.py:3239} INFO - Sync 1 DAGs
[2025-03-29T17:29:49.794+0000] {logging_mixin.py:190} INFO - [2025-03-29T17:29:49.794+0000] {dag.py:4180} INFO - Setting next_dagrun for example_branch_labels to 2025-03-28 00:00:00+00:00, run_after=2025-03-29 00:00:00+00:00
[2025-03-29T17:29:49.808+0000] {processor.py:208} INFO - Processing /home/airflow/.local/lib/python3.12/site-packages/airflow/example_dags/example_branch_labels.py took 0.058 seconds
[2025-03-29T17:30:20.375+0000] {processor.py:186} INFO - Started process (PID=600) to work on /home/airflow/.local/lib/python3.12/site-packages/airflow/example_dags/example_branch_labels.py
[2025-03-29T17:30:20.375+0000] {processor.py:914} INFO - Processing file /home/airflow/.local/lib/python3.12/site-packages/airflow/example_dags/example_branch_labels.py for tasks to queue
[2025-03-29T17:30:20.376+0000] {logging_mixin.py:190} INFO - [2025-03-29T17:30:20.376+0000] {dagbag.py:588} INFO - Filling up the DagBag from /home/airflow/.local/lib/python3.12/site-packages/airflow/example_dags/example_branch_labels.py
[2025-03-29T17:30:20.383+0000] {processor.py:925} INFO - DAG(s) 'example_branch_labels' retrieved from /home/airflow/.local/lib/python3.12/site-packages/airflow/example_dags/example_branch_labels.py
[2025-03-29T17:30:20.395+0000] {logging_mixin.py:190} INFO - [2025-03-29T17:30:20.395+0000] {dag.py:3239} INFO - Sync 1 DAGs
[2025-03-29T17:30:20.410+0000] {logging_mixin.py:190} INFO - [2025-03-29T17:30:20.410+0000] {dag.py:4180} INFO - Setting next_dagrun for example_branch_labels to 2025-03-28 00:00:00+00:00, run_after=2025-03-29 00:00:00+00:00
[2025-03-29T17:30:20.424+0000] {processor.py:208} INFO - Processing /home/airflow/.local/lib/python3.12/site-packages/airflow/example_dags/example_branch_labels.py took 0.053 seconds
[2025-03-29T17:30:51.861+0000] {processor.py:186} INFO - Started process (PID=663) to work on /home/airflow/.local/lib/python3.12/site-packages/airflow/example_dags/example_branch_labels.py
[2025-03-29T17:30:51.862+0000] {processor.py:914} INFO - Processing file /home/airflow/.local/lib/python3.12/site-packages/airflow/example_dags/example_branch_labels.py for tasks to queue
[2025-03-29T17:30:51.863+0000] {logging_mixin.py:190} INFO - [2025-03-29T17:30:51.863+0000] {dagbag.py:588} INFO - Filling up the DagBag from /home/airflow/.local/lib/python3.12/site-packages/airflow/example_dags/example_branch_labels.py
[2025-03-29T17:30:51.869+0000] {processor.py:925} INFO - DAG(s) 'example_branch_labels' retrieved from /home/airflow/.local/lib/python3.12/site-packages/airflow/example_dags/example_branch_labels.py
[2025-03-29T17:30:51.882+0000] {logging_mixin.py:190} INFO - [2025-03-29T17:30:51.882+0000] {dag.py:3239} INFO - Sync 1 DAGs
[2025-03-29T17:30:51.899+0000] {logging_mixin.py:190} INFO - [2025-03-29T17:30:51.898+0000] {dag.py:4180} INFO - Setting next_dagrun for example_branch_labels to 2025-03-28 00:00:00+00:00, run_after=2025-03-29 00:00:00+00:00
[2025-03-29T17:30:51.912+0000] {processor.py:208} INFO - Processing /home/airflow/.local/lib/python3.12/site-packages/airflow/example_dags/example_branch_labels.py took 0.054 seconds
[2025-03-29T17:31:23.108+0000] {processor.py:186} INFO - Started process (PID=726) to work on /home/airflow/.local/lib/python3.12/site-packages/airflow/example_dags/example_branch_labels.py
[2025-03-29T17:31:23.109+0000] {processor.py:914} INFO - Processing file /home/airflow/.local/lib/python3.12/site-packages/airflow/example_dags/example_branch_labels.py for tasks to queue
[2025-03-29T17:31:23.110+0000] {logging_mixin.py:190} INFO - [2025-03-29T17:31:23.110+0000] {dagbag.py:588} INFO - Filling up the DagBag from /home/airflow/.local/lib/python3.12/site-packages/airflow/example_dags/example_branch_labels.py
[2025-03-29T17:31:23.117+0000] {processor.py:925} INFO - DAG(s) 'example_branch_labels' retrieved from /home/airflow/.local/lib/python3.12/site-packages/airflow/example_dags/example_branch_labels.py
[2025-03-29T17:31:23.131+0000] {logging_mixin.py:190} INFO - [2025-03-29T17:31:23.130+0000] {dag.py:3239} INFO - Sync 1 DAGs
[2025-03-29T17:31:23.149+0000] {logging_mixin.py:190} INFO - [2025-03-29T17:31:23.148+0000] {dag.py:4180} INFO - Setting next_dagrun for example_branch_labels to 2025-03-28 00:00:00+00:00, run_after=2025-03-29 00:00:00+00:00
[2025-03-29T17:31:23.162+0000] {processor.py:208} INFO - Processing /home/airflow/.local/lib/python3.12/site-packages/airflow/example_dags/example_branch_labels.py took 0.058 seconds
[2025-03-29T17:31:53.633+0000] {processor.py:186} INFO - Started process (PID=789) to work on /home/airflow/.local/lib/python3.12/site-packages/airflow/example_dags/example_branch_labels.py
[2025-03-29T17:31:53.634+0000] {processor.py:914} INFO - Processing file /home/airflow/.local/lib/python3.12/site-packages/airflow/example_dags/example_branch_labels.py for tasks to queue
[2025-03-29T17:31:53.635+0000] {logging_mixin.py:190} INFO - [2025-03-29T17:31:53.635+0000] {dagbag.py:588} INFO - Filling up the DagBag from /home/airflow/.local/lib/python3.12/site-packages/airflow/example_dags/example_branch_labels.py
[2025-03-29T17:31:53.641+0000] {processor.py:925} INFO - DAG(s) 'example_branch_labels' retrieved from /home/airflow/.local/lib/python3.12/site-packages/airflow/example_dags/example_branch_labels.py
[2025-03-29T17:31:53.652+0000] {logging_mixin.py:190} INFO - [2025-03-29T17:31:53.652+0000] {dag.py:3239} INFO - Sync 1 DAGs
[2025-03-29T17:31:53.667+0000] {logging_mixin.py:190} INFO - [2025-03-29T17:31:53.667+0000] {dag.py:4180} INFO - Setting next_dagrun for example_branch_labels to 2025-03-28 00:00:00+00:00, run_after=2025-03-29 00:00:00+00:00
[2025-03-29T17:31:53.678+0000] {processor.py:208} INFO - Processing /home/airflow/.local/lib/python3.12/site-packages/airflow/example_dags/example_branch_labels.py took 0.048 seconds
[2025-03-29T17:32:24.926+0000] {processor.py:186} INFO - Started process (PID=852) to work on /home/airflow/.local/lib/python3.12/site-packages/airflow/example_dags/example_branch_labels.py
[2025-03-29T17:32:24.926+0000] {processor.py:914} INFO - Processing file /home/airflow/.local/lib/python3.12/site-packages/airflow/example_dags/example_branch_labels.py for tasks to queue
[2025-03-29T17:32:24.928+0000] {logging_mixin.py:190} INFO - [2025-03-29T17:32:24.928+0000] {dagbag.py:588} INFO - Filling up the DagBag from /home/airflow/.local/lib/python3.12/site-packages/airflow/example_dags/example_branch_labels.py
[2025-03-29T17:32:24.936+0000] {processor.py:925} INFO - DAG(s) 'example_branch_labels' retrieved from /home/airflow/.local/lib/python3.12/site-packages/airflow/example_dags/example_branch_labels.py
[2025-03-29T17:32:24.954+0000] {logging_mixin.py:190} INFO - [2025-03-29T17:32:24.953+0000] {dag.py:3239} INFO - Sync 1 DAGs
[2025-03-29T17:32:24.972+0000] {logging_mixin.py:190} INFO - [2025-03-29T17:32:24.972+0000] {dag.py:4180} INFO - Setting next_dagrun for example_branch_labels to 2025-03-28 00:00:00+00:00, run_after=2025-03-29 00:00:00+00:00
[2025-03-29T17:32:24.988+0000] {processor.py:208} INFO - Processing /home/airflow/.local/lib/python3.12/site-packages/airflow/example_dags/example_branch_labels.py took 0.069 seconds
[2025-03-29T17:32:55.423+0000] {processor.py:186} INFO - Started process (PID=914) to work on /home/airflow/.local/lib/python3.12/site-packages/airflow/example_dags/example_branch_labels.py
[2025-03-29T17:32:55.423+0000] {processor.py:914} INFO - Processing file /home/airflow/.local/lib/python3.12/site-packages/airflow/example_dags/example_branch_labels.py for tasks to queue
[2025-03-29T17:32:55.425+0000] {logging_mixin.py:190} INFO - [2025-03-29T17:32:55.424+0000] {dagbag.py:588} INFO - Filling up the DagBag from /home/airflow/.local/lib/python3.12/site-packages/airflow/example_dags/example_branch_labels.py
[2025-03-29T17:32:55.431+0000] {processor.py:925} INFO - DAG(s) 'example_branch_labels' retrieved from /home/airflow/.local/lib/python3.12/site-packages/airflow/example_dags/example_branch_labels.py
[2025-03-29T17:32:55.444+0000] {logging_mixin.py:190} INFO - [2025-03-29T17:32:55.443+0000] {dag.py:3239} INFO - Sync 1 DAGs
[2025-03-29T17:32:55.461+0000] {logging_mixin.py:190} INFO - [2025-03-29T17:32:55.461+0000] {dag.py:4180} INFO - Setting next_dagrun for example_branch_labels to 2025-03-28 00:00:00+00:00, run_after=2025-03-29 00:00:00+00:00
[2025-03-29T17:32:55.475+0000] {processor.py:208} INFO - Processing /home/airflow/.local/lib/python3.12/site-packages/airflow/example_dags/example_branch_labels.py took 0.055 seconds
[2025-03-29T17:33:26.918+0000] {processor.py:186} INFO - Started process (PID=978) to work on /home/airflow/.local/lib/python3.12/site-packages/airflow/example_dags/example_branch_labels.py
[2025-03-29T17:33:26.919+0000] {processor.py:914} INFO - Processing file /home/airflow/.local/lib/python3.12/site-packages/airflow/example_dags/example_branch_labels.py for tasks to queue
[2025-03-29T17:33:26.920+0000] {logging_mixin.py:190} INFO - [2025-03-29T17:33:26.920+0000] {dagbag.py:588} INFO - Filling up the DagBag from /home/airflow/.local/lib/python3.12/site-packages/airflow/example_dags/example_branch_labels.py
[2025-03-29T17:33:26.926+0000] {processor.py:925} INFO - DAG(s) 'example_branch_labels' retrieved from /home/airflow/.local/lib/python3.12/site-packages/airflow/example_dags/example_branch_labels.py
[2025-03-29T17:33:26.939+0000] {logging_mixin.py:190} INFO - [2025-03-29T17:33:26.938+0000] {dag.py:3239} INFO - Sync 1 DAGs
[2025-03-29T17:33:26.956+0000] {logging_mixin.py:190} INFO - [2025-03-29T17:33:26.955+0000] {dag.py:4180} INFO - Setting next_dagrun for example_branch_labels to 2025-03-28 00:00:00+00:00, run_after=2025-03-29 00:00:00+00:00
[2025-03-29T17:33:26.969+0000] {processor.py:208} INFO - Processing /home/airflow/.local/lib/python3.12/site-packages/airflow/example_dags/example_branch_labels.py took 0.054 seconds
[2025-03-29T17:33:57.601+0000] {processor.py:186} INFO - Started process (PID=1041) to work on /home/airflow/.local/lib/python3.12/site-packages/airflow/example_dags/example_branch_labels.py
[2025-03-29T17:33:57.602+0000] {processor.py:914} INFO - Processing file /home/airflow/.local/lib/python3.12/site-packages/airflow/example_dags/example_branch_labels.py for tasks to queue
[2025-03-29T17:33:57.605+0000] {logging_mixin.py:190} INFO - [2025-03-29T17:33:57.604+0000] {dagbag.py:588} INFO - Filling up the DagBag from /home/airflow/.local/lib/python3.12/site-packages/airflow/example_dags/example_branch_labels.py
[2025-03-29T17:33:57.612+0000] {processor.py:925} INFO - DAG(s) 'example_branch_labels' retrieved from /home/airflow/.local/lib/python3.12/site-packages/airflow/example_dags/example_branch_labels.py
[2025-03-29T17:33:57.628+0000] {logging_mixin.py:190} INFO - [2025-03-29T17:33:57.628+0000] {dag.py:3239} INFO - Sync 1 DAGs
[2025-03-29T17:33:57.651+0000] {logging_mixin.py:190} INFO - [2025-03-29T17:33:57.651+0000] {dag.py:4180} INFO - Setting next_dagrun for example_branch_labels to 2025-03-28 00:00:00+00:00, run_after=2025-03-29 00:00:00+00:00
[2025-03-29T17:33:57.667+0000] {processor.py:208} INFO - Processing /home/airflow/.local/lib/python3.12/site-packages/airflow/example_dags/example_branch_labels.py took 0.070 seconds
[2025-03-29T17:34:29.033+0000] {processor.py:186} INFO - Started process (PID=1104) to work on /home/airflow/.local/lib/python3.12/site-packages/airflow/example_dags/example_branch_labels.py
[2025-03-29T17:34:29.034+0000] {processor.py:914} INFO - Processing file /home/airflow/.local/lib/python3.12/site-packages/airflow/example_dags/example_branch_labels.py for tasks to queue
[2025-03-29T17:34:29.035+0000] {logging_mixin.py:190} INFO - [2025-03-29T17:34:29.035+0000] {dagbag.py:588} INFO - Filling up the DagBag from /home/airflow/.local/lib/python3.12/site-packages/airflow/example_dags/example_branch_labels.py
[2025-03-29T17:34:29.042+0000] {processor.py:925} INFO - DAG(s) 'example_branch_labels' retrieved from /home/airflow/.local/lib/python3.12/site-packages/airflow/example_dags/example_branch_labels.py
[2025-03-29T17:34:29.055+0000] {logging_mixin.py:190} INFO - [2025-03-29T17:34:29.054+0000] {dag.py:3239} INFO - Sync 1 DAGs
[2025-03-29T17:34:29.071+0000] {logging_mixin.py:190} INFO - [2025-03-29T17:34:29.071+0000] {dag.py:4180} INFO - Setting next_dagrun for example_branch_labels to 2025-03-28 00:00:00+00:00, run_after=2025-03-29 00:00:00+00:00
[2025-03-29T17:34:29.083+0000] {processor.py:208} INFO - Processing /home/airflow/.local/lib/python3.12/site-packages/airflow/example_dags/example_branch_labels.py took 0.054 seconds
[2025-03-29T17:34:59.881+0000] {processor.py:186} INFO - Started process (PID=1167) to work on /home/airflow/.local/lib/python3.12/site-packages/airflow/example_dags/example_branch_labels.py
[2025-03-29T17:34:59.882+0000] {processor.py:914} INFO - Processing file /home/airflow/.local/lib/python3.12/site-packages/airflow/example_dags/example_branch_labels.py for tasks to queue
[2025-03-29T17:34:59.883+0000] {logging_mixin.py:190} INFO - [2025-03-29T17:34:59.883+0000] {dagbag.py:588} INFO - Filling up the DagBag from /home/airflow/.local/lib/python3.12/site-packages/airflow/example_dags/example_branch_labels.py
[2025-03-29T17:34:59.892+0000] {processor.py:925} INFO - DAG(s) 'example_branch_labels' retrieved from /home/airflow/.local/lib/python3.12/site-packages/airflow/example_dags/example_branch_labels.py
[2025-03-29T17:34:59.913+0000] {logging_mixin.py:190} INFO - [2025-03-29T17:34:59.913+0000] {dag.py:3239} INFO - Sync 1 DAGs
[2025-03-29T17:34:59.935+0000] {logging_mixin.py:190} INFO - [2025-03-29T17:34:59.935+0000] {dag.py:4180} INFO - Setting next_dagrun for example_branch_labels to 2025-03-28 00:00:00+00:00, run_after=2025-03-29 00:00:00+00:00
[2025-03-29T17:34:59.957+0000] {processor.py:208} INFO - Processing /home/airflow/.local/lib/python3.12/site-packages/airflow/example_dags/example_branch_labels.py took 0.081 seconds
[2025-03-29T17:35:31.061+0000] {processor.py:186} INFO - Started process (PID=1229) to work on /home/airflow/.local/lib/python3.12/site-packages/airflow/example_dags/example_branch_labels.py
[2025-03-29T17:35:31.062+0000] {processor.py:914} INFO - Processing file /home/airflow/.local/lib/python3.12/site-packages/airflow/example_dags/example_branch_labels.py for tasks to queue
[2025-03-29T17:35:31.064+0000] {logging_mixin.py:190} INFO - [2025-03-29T17:35:31.064+0000] {dagbag.py:588} INFO - Filling up the DagBag from /home/airflow/.local/lib/python3.12/site-packages/airflow/example_dags/example_branch_labels.py
[2025-03-29T17:35:31.073+0000] {processor.py:925} INFO - DAG(s) 'example_branch_labels' retrieved from /home/airflow/.local/lib/python3.12/site-packages/airflow/example_dags/example_branch_labels.py
[2025-03-29T17:35:31.092+0000] {logging_mixin.py:190} INFO - [2025-03-29T17:35:31.092+0000] {dag.py:3239} INFO - Sync 1 DAGs
[2025-03-29T17:35:31.113+0000] {logging_mixin.py:190} INFO - [2025-03-29T17:35:31.113+0000] {dag.py:4180} INFO - Setting next_dagrun for example_branch_labels to 2025-03-28 00:00:00+00:00, run_after=2025-03-29 00:00:00+00:00
[2025-03-29T17:35:31.127+0000] {processor.py:208} INFO - Processing /home/airflow/.local/lib/python3.12/site-packages/airflow/example_dags/example_branch_labels.py took 0.070 seconds
[2025-03-29T17:36:01.844+0000] {processor.py:186} INFO - Started process (PID=1292) to work on /home/airflow/.local/lib/python3.12/site-packages/airflow/example_dags/example_branch_labels.py
[2025-03-29T17:36:01.845+0000] {processor.py:914} INFO - Processing file /home/airflow/.local/lib/python3.12/site-packages/airflow/example_dags/example_branch_labels.py for tasks to queue
[2025-03-29T17:36:01.846+0000] {logging_mixin.py:190} INFO - [2025-03-29T17:36:01.846+0000] {dagbag.py:588} INFO - Filling up the DagBag from /home/airflow/.local/lib/python3.12/site-packages/airflow/example_dags/example_branch_labels.py
[2025-03-29T17:36:01.853+0000] {processor.py:925} INFO - DAG(s) 'example_branch_labels' retrieved from /home/airflow/.local/lib/python3.12/site-packages/airflow/example_dags/example_branch_labels.py
[2025-03-29T17:36:01.865+0000] {logging_mixin.py:190} INFO - [2025-03-29T17:36:01.865+0000] {dag.py:3239} INFO - Sync 1 DAGs
[2025-03-29T17:36:01.881+0000] {logging_mixin.py:190} INFO - [2025-03-29T17:36:01.881+0000] {dag.py:4180} INFO - Setting next_dagrun for example_branch_labels to 2025-03-28 00:00:00+00:00, run_after=2025-03-29 00:00:00+00:00
[2025-03-29T17:36:01.893+0000] {processor.py:208} INFO - Processing /home/airflow/.local/lib/python3.12/site-packages/airflow/example_dags/example_branch_labels.py took 0.052 seconds
[2025-03-29T17:36:33.199+0000] {processor.py:186} INFO - Started process (PID=1355) to work on /home/airflow/.local/lib/python3.12/site-packages/airflow/example_dags/example_branch_labels.py
[2025-03-29T17:36:33.199+0000] {processor.py:914} INFO - Processing file /home/airflow/.local/lib/python3.12/site-packages/airflow/example_dags/example_branch_labels.py for tasks to queue
[2025-03-29T17:36:33.201+0000] {logging_mixin.py:190} INFO - [2025-03-29T17:36:33.201+0000] {dagbag.py:588} INFO - Filling up the DagBag from /home/airflow/.local/lib/python3.12/site-packages/airflow/example_dags/example_branch_labels.py
[2025-03-29T17:36:33.207+0000] {processor.py:925} INFO - DAG(s) 'example_branch_labels' retrieved from /home/airflow/.local/lib/python3.12/site-packages/airflow/example_dags/example_branch_labels.py
[2025-03-29T17:36:33.219+0000] {logging_mixin.py:190} INFO - [2025-03-29T17:36:33.219+0000] {dag.py:3239} INFO - Sync 1 DAGs
[2025-03-29T17:36:33.241+0000] {logging_mixin.py:190} INFO - [2025-03-29T17:36:33.240+0000] {dag.py:4180} INFO - Setting next_dagrun for example_branch_labels to 2025-03-28 00:00:00+00:00, run_after=2025-03-29 00:00:00+00:00
[2025-03-29T17:36:33.254+0000] {processor.py:208} INFO - Processing /home/airflow/.local/lib/python3.12/site-packages/airflow/example_dags/example_branch_labels.py took 0.058 seconds
[2025-03-29T17:37:04.435+0000] {processor.py:186} INFO - Started process (PID=1418) to work on /home/airflow/.local/lib/python3.12/site-packages/airflow/example_dags/example_branch_labels.py
[2025-03-29T17:37:04.436+0000] {processor.py:914} INFO - Processing file /home/airflow/.local/lib/python3.12/site-packages/airflow/example_dags/example_branch_labels.py for tasks to queue
[2025-03-29T17:37:04.437+0000] {logging_mixin.py:190} INFO - [2025-03-29T17:37:04.437+0000] {dagbag.py:588} INFO - Filling up the DagBag from /home/airflow/.local/lib/python3.12/site-packages/airflow/example_dags/example_branch_labels.py
[2025-03-29T17:37:04.443+0000] {processor.py:925} INFO - DAG(s) 'example_branch_labels' retrieved from /home/airflow/.local/lib/python3.12/site-packages/airflow/example_dags/example_branch_labels.py
[2025-03-29T17:37:04.456+0000] {logging_mixin.py:190} INFO - [2025-03-29T17:37:04.456+0000] {dag.py:3239} INFO - Sync 1 DAGs
[2025-03-29T17:37:04.472+0000] {logging_mixin.py:190} INFO - [2025-03-29T17:37:04.472+0000] {dag.py:4180} INFO - Setting next_dagrun for example_branch_labels to 2025-03-28 00:00:00+00:00, run_after=2025-03-29 00:00:00+00:00
[2025-03-29T17:37:04.484+0000] {processor.py:208} INFO - Processing /home/airflow/.local/lib/python3.12/site-packages/airflow/example_dags/example_branch_labels.py took 0.052 seconds
[2025-03-29T17:37:35.468+0000] {processor.py:186} INFO - Started process (PID=1481) to work on /home/airflow/.local/lib/python3.12/site-packages/airflow/example_dags/example_branch_labels.py
[2025-03-29T17:37:35.469+0000] {processor.py:914} INFO - Processing file /home/airflow/.local/lib/python3.12/site-packages/airflow/example_dags/example_branch_labels.py for tasks to queue
[2025-03-29T17:37:35.470+0000] {logging_mixin.py:190} INFO - [2025-03-29T17:37:35.470+0000] {dagbag.py:588} INFO - Filling up the DagBag from /home/airflow/.local/lib/python3.12/site-packages/airflow/example_dags/example_branch_labels.py
[2025-03-29T17:37:35.476+0000] {processor.py:925} INFO - DAG(s) 'example_branch_labels' retrieved from /home/airflow/.local/lib/python3.12/site-packages/airflow/example_dags/example_branch_labels.py
[2025-03-29T17:37:35.489+0000] {logging_mixin.py:190} INFO - [2025-03-29T17:37:35.488+0000] {dag.py:3239} INFO - Sync 1 DAGs
[2025-03-29T17:37:35.506+0000] {logging_mixin.py:190} INFO - [2025-03-29T17:37:35.506+0000] {dag.py:4180} INFO - Setting next_dagrun for example_branch_labels to 2025-03-28 00:00:00+00:00, run_after=2025-03-29 00:00:00+00:00
[2025-03-29T17:37:35.518+0000] {processor.py:208} INFO - Processing /home/airflow/.local/lib/python3.12/site-packages/airflow/example_dags/example_branch_labels.py took 0.053 seconds
[2025-03-29T17:38:06.335+0000] {processor.py:186} INFO - Started process (PID=1544) to work on /home/airflow/.local/lib/python3.12/site-packages/airflow/example_dags/example_branch_labels.py
[2025-03-29T17:38:06.335+0000] {processor.py:914} INFO - Processing file /home/airflow/.local/lib/python3.12/site-packages/airflow/example_dags/example_branch_labels.py for tasks to queue
[2025-03-29T17:38:06.336+0000] {logging_mixin.py:190} INFO - [2025-03-29T17:38:06.336+0000] {dagbag.py:588} INFO - Filling up the DagBag from /home/airflow/.local/lib/python3.12/site-packages/airflow/example_dags/example_branch_labels.py
[2025-03-29T17:38:06.344+0000] {processor.py:925} INFO - DAG(s) 'example_branch_labels' retrieved from /home/airflow/.local/lib/python3.12/site-packages/airflow/example_dags/example_branch_labels.py
[2025-03-29T17:38:06.358+0000] {logging_mixin.py:190} INFO - [2025-03-29T17:38:06.357+0000] {dag.py:3239} INFO - Sync 1 DAGs
[2025-03-29T17:38:06.376+0000] {logging_mixin.py:190} INFO - [2025-03-29T17:38:06.376+0000] {dag.py:4180} INFO - Setting next_dagrun for example_branch_labels to 2025-03-28 00:00:00+00:00, run_after=2025-03-29 00:00:00+00:00
[2025-03-29T17:38:06.390+0000] {processor.py:208} INFO - Processing /home/airflow/.local/lib/python3.12/site-packages/airflow/example_dags/example_branch_labels.py took 0.059 seconds
[2025-03-29T17:38:37.646+0000] {processor.py:186} INFO - Started process (PID=1607) to work on /home/airflow/.local/lib/python3.12/site-packages/airflow/example_dags/example_branch_labels.py
[2025-03-29T17:38:37.665+0000] {processor.py:914} INFO - Processing file /home/airflow/.local/lib/python3.12/site-packages/airflow/example_dags/example_branch_labels.py for tasks to queue
[2025-03-29T17:38:37.666+0000] {logging_mixin.py:190} INFO - [2025-03-29T17:38:37.666+0000] {dagbag.py:588} INFO - Filling up the DagBag from /home/airflow/.local/lib/python3.12/site-packages/airflow/example_dags/example_branch_labels.py
[2025-03-29T17:38:37.672+0000] {processor.py:925} INFO - DAG(s) 'example_branch_labels' retrieved from /home/airflow/.local/lib/python3.12/site-packages/airflow/example_dags/example_branch_labels.py
[2025-03-29T17:38:37.684+0000] {logging_mixin.py:190} INFO - [2025-03-29T17:38:37.684+0000] {dag.py:3239} INFO - Sync 1 DAGs
[2025-03-29T17:38:37.701+0000] {logging_mixin.py:190} INFO - [2025-03-29T17:38:37.701+0000] {dag.py:4180} INFO - Setting next_dagrun for example_branch_labels to 2025-03-28 00:00:00+00:00, run_after=2025-03-29 00:00:00+00:00
[2025-03-29T17:38:37.725+0000] {processor.py:208} INFO - Processing /home/airflow/.local/lib/python3.12/site-packages/airflow/example_dags/example_branch_labels.py took 0.082 seconds
