[2025-03-29T17:15:50.636+0000] {processor.py:186} INFO - Started process (PID=89) to work on /home/airflow/.local/lib/python3.12/site-packages/airflow/example_dags/example_complex.py
[2025-03-29T17:15:50.636+0000] {processor.py:914} INFO - Processing file /home/airflow/.local/lib/python3.12/site-packages/airflow/example_dags/example_complex.py for tasks to queue
[2025-03-29T17:15:50.637+0000] {logging_mixin.py:190} INFO - [2025-03-29T17:15:50.637+0000] {dagbag.py:588} INFO - Filling up the DagBag from /home/airflow/.local/lib/python3.12/site-packages/airflow/example_dags/example_complex.py
[2025-03-29T17:15:50.647+0000] {processor.py:925} INFO - DAG(s) 'example_complex' retrieved from /home/airflow/.local/lib/python3.12/site-packages/airflow/example_dags/example_complex.py
[2025-03-29T17:15:50.738+0000] {logging_mixin.py:190} INFO - [2025-03-29T17:15:50.737+0000] {override.py:1912} INFO - Created Permission View: can delete on DAG:example_complex
[2025-03-29T17:15:50.746+0000] {logging_mixin.py:190} INFO - [2025-03-29T17:15:50.745+0000] {override.py:1912} INFO - Created Permission View: can edit on DAG:example_complex
[2025-03-29T17:15:50.751+0000] {logging_mixin.py:190} INFO - [2025-03-29T17:15:50.750+0000] {override.py:1912} INFO - Created Permission View: can read on DAG:example_complex
[2025-03-29T17:15:50.756+0000] {logging_mixin.py:190} INFO - [2025-03-29T17:15:50.756+0000] {override.py:1912} INFO - Created Permission View: can delete on DAG Run:example_complex
[2025-03-29T17:15:50.760+0000] {logging_mixin.py:190} INFO - [2025-03-29T17:15:50.760+0000] {override.py:1912} INFO - Created Permission View: menu access on DAG Run:example_complex
[2025-03-29T17:15:50.765+0000] {logging_mixin.py:190} INFO - [2025-03-29T17:15:50.764+0000] {override.py:1912} INFO - Created Permission View: can read on DAG Run:example_complex
[2025-03-29T17:15:50.769+0000] {logging_mixin.py:190} INFO - [2025-03-29T17:15:50.769+0000] {override.py:1912} INFO - Created Permission View: can create on DAG Run:example_complex
[2025-03-29T17:15:50.769+0000] {logging_mixin.py:190} INFO - [2025-03-29T17:15:50.769+0000] {dag.py:3239} INFO - Sync 1 DAGs
[2025-03-29T17:15:50.777+0000] {logging_mixin.py:190} INFO - [2025-03-29T17:15:50.777+0000] {dag.py:3262} INFO - Creating ORM DAG for example_complex
[2025-03-29T17:15:50.778+0000] {logging_mixin.py:190} INFO - [2025-03-29T17:15:50.778+0000] {dag.py:4180} INFO - Setting next_dagrun for example_complex to None, run_after=None
[2025-03-29T17:15:50.789+0000] {processor.py:208} INFO - Processing /home/airflow/.local/lib/python3.12/site-packages/airflow/example_dags/example_complex.py took 0.157 seconds
[2025-03-29T17:16:21.227+0000] {processor.py:186} INFO - Started process (PID=152) to work on /home/airflow/.local/lib/python3.12/site-packages/airflow/example_dags/example_complex.py
[2025-03-29T17:16:21.227+0000] {processor.py:914} INFO - Processing file /home/airflow/.local/lib/python3.12/site-packages/airflow/example_dags/example_complex.py for tasks to queue
[2025-03-29T17:16:21.229+0000] {logging_mixin.py:190} INFO - [2025-03-29T17:16:21.229+0000] {dagbag.py:588} INFO - Filling up the DagBag from /home/airflow/.local/lib/python3.12/site-packages/airflow/example_dags/example_complex.py
[2025-03-29T17:16:21.238+0000] {processor.py:925} INFO - DAG(s) 'example_complex' retrieved from /home/airflow/.local/lib/python3.12/site-packages/airflow/example_dags/example_complex.py
[2025-03-29T17:16:21.259+0000] {logging_mixin.py:190} INFO - [2025-03-29T17:16:21.259+0000] {dag.py:3239} INFO - Sync 1 DAGs
[2025-03-29T17:16:21.269+0000] {logging_mixin.py:190} INFO - [2025-03-29T17:16:21.269+0000] {dag.py:4180} INFO - Setting next_dagrun for example_complex to None, run_after=None
[2025-03-29T17:16:21.282+0000] {processor.py:208} INFO - Processing /home/airflow/.local/lib/python3.12/site-packages/airflow/example_dags/example_complex.py took 0.060 seconds
[2025-03-29T17:16:51.899+0000] {processor.py:186} INFO - Started process (PID=215) to work on /home/airflow/.local/lib/python3.12/site-packages/airflow/example_dags/example_complex.py
[2025-03-29T17:16:51.900+0000] {processor.py:914} INFO - Processing file /home/airflow/.local/lib/python3.12/site-packages/airflow/example_dags/example_complex.py for tasks to queue
[2025-03-29T17:16:51.901+0000] {logging_mixin.py:190} INFO - [2025-03-29T17:16:51.901+0000] {dagbag.py:588} INFO - Filling up the DagBag from /home/airflow/.local/lib/python3.12/site-packages/airflow/example_dags/example_complex.py
[2025-03-29T17:16:51.910+0000] {processor.py:925} INFO - DAG(s) 'example_complex' retrieved from /home/airflow/.local/lib/python3.12/site-packages/airflow/example_dags/example_complex.py
[2025-03-29T17:16:51.931+0000] {logging_mixin.py:190} INFO - [2025-03-29T17:16:51.930+0000] {dag.py:3239} INFO - Sync 1 DAGs
[2025-03-29T17:16:51.940+0000] {logging_mixin.py:190} INFO - [2025-03-29T17:16:51.940+0000] {dag.py:4180} INFO - Setting next_dagrun for example_complex to None, run_after=None
[2025-03-29T17:16:51.954+0000] {processor.py:208} INFO - Processing /home/airflow/.local/lib/python3.12/site-packages/airflow/example_dags/example_complex.py took 0.058 seconds
[2025-03-29T17:17:23.226+0000] {processor.py:186} INFO - Started process (PID=278) to work on /home/airflow/.local/lib/python3.12/site-packages/airflow/example_dags/example_complex.py
[2025-03-29T17:17:23.227+0000] {processor.py:914} INFO - Processing file /home/airflow/.local/lib/python3.12/site-packages/airflow/example_dags/example_complex.py for tasks to queue
[2025-03-29T17:17:23.228+0000] {logging_mixin.py:190} INFO - [2025-03-29T17:17:23.228+0000] {dagbag.py:588} INFO - Filling up the DagBag from /home/airflow/.local/lib/python3.12/site-packages/airflow/example_dags/example_complex.py
[2025-03-29T17:17:23.238+0000] {processor.py:925} INFO - DAG(s) 'example_complex' retrieved from /home/airflow/.local/lib/python3.12/site-packages/airflow/example_dags/example_complex.py
[2025-03-29T17:17:23.260+0000] {logging_mixin.py:190} INFO - [2025-03-29T17:17:23.259+0000] {dag.py:3239} INFO - Sync 1 DAGs
[2025-03-29T17:17:23.269+0000] {logging_mixin.py:190} INFO - [2025-03-29T17:17:23.269+0000] {dag.py:4180} INFO - Setting next_dagrun for example_complex to None, run_after=None
[2025-03-29T17:17:23.281+0000] {processor.py:208} INFO - Processing /home/airflow/.local/lib/python3.12/site-packages/airflow/example_dags/example_complex.py took 0.059 seconds
[2025-03-29T17:17:54.618+0000] {processor.py:186} INFO - Started process (PID=341) to work on /home/airflow/.local/lib/python3.12/site-packages/airflow/example_dags/example_complex.py
[2025-03-29T17:17:54.619+0000] {processor.py:914} INFO - Processing file /home/airflow/.local/lib/python3.12/site-packages/airflow/example_dags/example_complex.py for tasks to queue
[2025-03-29T17:17:54.620+0000] {logging_mixin.py:190} INFO - [2025-03-29T17:17:54.620+0000] {dagbag.py:588} INFO - Filling up the DagBag from /home/airflow/.local/lib/python3.12/site-packages/airflow/example_dags/example_complex.py
[2025-03-29T17:17:54.628+0000] {processor.py:925} INFO - DAG(s) 'example_complex' retrieved from /home/airflow/.local/lib/python3.12/site-packages/airflow/example_dags/example_complex.py
[2025-03-29T17:17:54.648+0000] {logging_mixin.py:190} INFO - [2025-03-29T17:17:54.648+0000] {dag.py:3239} INFO - Sync 1 DAGs
[2025-03-29T17:17:54.658+0000] {logging_mixin.py:190} INFO - [2025-03-29T17:17:54.657+0000] {dag.py:4180} INFO - Setting next_dagrun for example_complex to None, run_after=None
[2025-03-29T17:17:54.672+0000] {processor.py:208} INFO - Processing /home/airflow/.local/lib/python3.12/site-packages/airflow/example_dags/example_complex.py took 0.057 seconds
[2025-03-29T17:18:25.396+0000] {processor.py:186} INFO - Started process (PID=404) to work on /home/airflow/.local/lib/python3.12/site-packages/airflow/example_dags/example_complex.py
[2025-03-29T17:18:25.397+0000] {processor.py:914} INFO - Processing file /home/airflow/.local/lib/python3.12/site-packages/airflow/example_dags/example_complex.py for tasks to queue
[2025-03-29T17:18:25.398+0000] {logging_mixin.py:190} INFO - [2025-03-29T17:18:25.398+0000] {dagbag.py:588} INFO - Filling up the DagBag from /home/airflow/.local/lib/python3.12/site-packages/airflow/example_dags/example_complex.py
[2025-03-29T17:18:25.406+0000] {processor.py:925} INFO - DAG(s) 'example_complex' retrieved from /home/airflow/.local/lib/python3.12/site-packages/airflow/example_dags/example_complex.py
[2025-03-29T17:18:25.428+0000] {logging_mixin.py:190} INFO - [2025-03-29T17:18:25.427+0000] {dag.py:3239} INFO - Sync 1 DAGs
[2025-03-29T17:18:25.437+0000] {logging_mixin.py:190} INFO - [2025-03-29T17:18:25.437+0000] {dag.py:4180} INFO - Setting next_dagrun for example_complex to None, run_after=None
[2025-03-29T17:18:25.452+0000] {processor.py:208} INFO - Processing /home/airflow/.local/lib/python3.12/site-packages/airflow/example_dags/example_complex.py took 0.059 seconds
[2025-03-29T17:18:55.712+0000] {processor.py:186} INFO - Started process (PID=467) to work on /home/airflow/.local/lib/python3.12/site-packages/airflow/example_dags/example_complex.py
[2025-03-29T17:18:55.713+0000] {processor.py:914} INFO - Processing file /home/airflow/.local/lib/python3.12/site-packages/airflow/example_dags/example_complex.py for tasks to queue
[2025-03-29T17:18:55.714+0000] {logging_mixin.py:190} INFO - [2025-03-29T17:18:55.714+0000] {dagbag.py:588} INFO - Filling up the DagBag from /home/airflow/.local/lib/python3.12/site-packages/airflow/example_dags/example_complex.py
[2025-03-29T17:18:55.721+0000] {processor.py:925} INFO - DAG(s) 'example_complex' retrieved from /home/airflow/.local/lib/python3.12/site-packages/airflow/example_dags/example_complex.py
[2025-03-29T17:18:55.743+0000] {logging_mixin.py:190} INFO - [2025-03-29T17:18:55.743+0000] {dag.py:3239} INFO - Sync 1 DAGs
[2025-03-29T17:18:55.752+0000] {logging_mixin.py:190} INFO - [2025-03-29T17:18:55.752+0000] {dag.py:4180} INFO - Setting next_dagrun for example_complex to None, run_after=None
[2025-03-29T17:18:55.765+0000] {processor.py:208} INFO - Processing /home/airflow/.local/lib/python3.12/site-packages/airflow/example_dags/example_complex.py took 0.056 seconds
[2025-03-29T17:19:27.168+0000] {processor.py:186} INFO - Started process (PID=536) to work on /home/airflow/.local/lib/python3.12/site-packages/airflow/example_dags/example_complex.py
[2025-03-29T17:19:27.169+0000] {processor.py:914} INFO - Processing file /home/airflow/.local/lib/python3.12/site-packages/airflow/example_dags/example_complex.py for tasks to queue
[2025-03-29T17:19:27.170+0000] {logging_mixin.py:190} INFO - [2025-03-29T17:19:27.170+0000] {dagbag.py:588} INFO - Filling up the DagBag from /home/airflow/.local/lib/python3.12/site-packages/airflow/example_dags/example_complex.py
[2025-03-29T17:19:27.178+0000] {processor.py:925} INFO - DAG(s) 'example_complex' retrieved from /home/airflow/.local/lib/python3.12/site-packages/airflow/example_dags/example_complex.py
[2025-03-29T17:19:27.199+0000] {logging_mixin.py:190} INFO - [2025-03-29T17:19:27.199+0000] {dag.py:3239} INFO - Sync 1 DAGs
[2025-03-29T17:19:27.209+0000] {logging_mixin.py:190} INFO - [2025-03-29T17:19:27.209+0000] {dag.py:4180} INFO - Setting next_dagrun for example_complex to None, run_after=None
[2025-03-29T17:19:27.222+0000] {processor.py:208} INFO - Processing /home/airflow/.local/lib/python3.12/site-packages/airflow/example_dags/example_complex.py took 0.057 seconds
[2025-03-29T17:19:57.697+0000] {processor.py:186} INFO - Started process (PID=599) to work on /home/airflow/.local/lib/python3.12/site-packages/airflow/example_dags/example_complex.py
[2025-03-29T17:19:57.698+0000] {processor.py:914} INFO - Processing file /home/airflow/.local/lib/python3.12/site-packages/airflow/example_dags/example_complex.py for tasks to queue
[2025-03-29T17:19:57.699+0000] {logging_mixin.py:190} INFO - [2025-03-29T17:19:57.699+0000] {dagbag.py:588} INFO - Filling up the DagBag from /home/airflow/.local/lib/python3.12/site-packages/airflow/example_dags/example_complex.py
[2025-03-29T17:19:57.706+0000] {processor.py:925} INFO - DAG(s) 'example_complex' retrieved from /home/airflow/.local/lib/python3.12/site-packages/airflow/example_dags/example_complex.py
[2025-03-29T17:19:57.727+0000] {logging_mixin.py:190} INFO - [2025-03-29T17:19:57.727+0000] {dag.py:3239} INFO - Sync 1 DAGs
[2025-03-29T17:19:57.736+0000] {logging_mixin.py:190} INFO - [2025-03-29T17:19:57.736+0000] {dag.py:4180} INFO - Setting next_dagrun for example_complex to None, run_after=None
[2025-03-29T17:19:57.749+0000] {processor.py:208} INFO - Processing /home/airflow/.local/lib/python3.12/site-packages/airflow/example_dags/example_complex.py took 0.055 seconds
[2025-03-29T17:20:29.105+0000] {processor.py:186} INFO - Started process (PID=662) to work on /home/airflow/.local/lib/python3.12/site-packages/airflow/example_dags/example_complex.py
[2025-03-29T17:20:29.106+0000] {processor.py:914} INFO - Processing file /home/airflow/.local/lib/python3.12/site-packages/airflow/example_dags/example_complex.py for tasks to queue
[2025-03-29T17:20:29.107+0000] {logging_mixin.py:190} INFO - [2025-03-29T17:20:29.107+0000] {dagbag.py:588} INFO - Filling up the DagBag from /home/airflow/.local/lib/python3.12/site-packages/airflow/example_dags/example_complex.py
[2025-03-29T17:20:29.115+0000] {processor.py:925} INFO - DAG(s) 'example_complex' retrieved from /home/airflow/.local/lib/python3.12/site-packages/airflow/example_dags/example_complex.py
[2025-03-29T17:20:29.135+0000] {logging_mixin.py:190} INFO - [2025-03-29T17:20:29.134+0000] {dag.py:3239} INFO - Sync 1 DAGs
[2025-03-29T17:20:29.143+0000] {logging_mixin.py:190} INFO - [2025-03-29T17:20:29.143+0000] {dag.py:4180} INFO - Setting next_dagrun for example_complex to None, run_after=None
[2025-03-29T17:20:29.155+0000] {processor.py:208} INFO - Processing /home/airflow/.local/lib/python3.12/site-packages/airflow/example_dags/example_complex.py took 0.053 seconds
[2025-03-29T17:20:59.730+0000] {processor.py:186} INFO - Started process (PID=725) to work on /home/airflow/.local/lib/python3.12/site-packages/airflow/example_dags/example_complex.py
[2025-03-29T17:20:59.730+0000] {processor.py:914} INFO - Processing file /home/airflow/.local/lib/python3.12/site-packages/airflow/example_dags/example_complex.py for tasks to queue
[2025-03-29T17:20:59.731+0000] {logging_mixin.py:190} INFO - [2025-03-29T17:20:59.731+0000] {dagbag.py:588} INFO - Filling up the DagBag from /home/airflow/.local/lib/python3.12/site-packages/airflow/example_dags/example_complex.py
[2025-03-29T17:20:59.740+0000] {processor.py:925} INFO - DAG(s) 'example_complex' retrieved from /home/airflow/.local/lib/python3.12/site-packages/airflow/example_dags/example_complex.py
[2025-03-29T17:20:59.761+0000] {logging_mixin.py:190} INFO - [2025-03-29T17:20:59.760+0000] {dag.py:3239} INFO - Sync 1 DAGs
[2025-03-29T17:20:59.771+0000] {logging_mixin.py:190} INFO - [2025-03-29T17:20:59.771+0000] {dag.py:4180} INFO - Setting next_dagrun for example_complex to None, run_after=None
[2025-03-29T17:20:59.787+0000] {processor.py:208} INFO - Processing /home/airflow/.local/lib/python3.12/site-packages/airflow/example_dags/example_complex.py took 0.062 seconds
[2025-03-29T17:21:31.018+0000] {processor.py:186} INFO - Started process (PID=788) to work on /home/airflow/.local/lib/python3.12/site-packages/airflow/example_dags/example_complex.py
[2025-03-29T17:21:31.019+0000] {processor.py:914} INFO - Processing file /home/airflow/.local/lib/python3.12/site-packages/airflow/example_dags/example_complex.py for tasks to queue
[2025-03-29T17:21:31.020+0000] {logging_mixin.py:190} INFO - [2025-03-29T17:21:31.020+0000] {dagbag.py:588} INFO - Filling up the DagBag from /home/airflow/.local/lib/python3.12/site-packages/airflow/example_dags/example_complex.py
[2025-03-29T17:21:31.027+0000] {processor.py:925} INFO - DAG(s) 'example_complex' retrieved from /home/airflow/.local/lib/python3.12/site-packages/airflow/example_dags/example_complex.py
[2025-03-29T17:21:31.048+0000] {logging_mixin.py:190} INFO - [2025-03-29T17:21:31.047+0000] {dag.py:3239} INFO - Sync 1 DAGs
[2025-03-29T17:21:31.056+0000] {logging_mixin.py:190} INFO - [2025-03-29T17:21:31.056+0000] {dag.py:4180} INFO - Setting next_dagrun for example_complex to None, run_after=None
[2025-03-29T17:21:31.068+0000] {processor.py:208} INFO - Processing /home/airflow/.local/lib/python3.12/site-packages/airflow/example_dags/example_complex.py took 0.053 seconds
[2025-03-29T17:22:02.369+0000] {processor.py:186} INFO - Started process (PID=851) to work on /home/airflow/.local/lib/python3.12/site-packages/airflow/example_dags/example_complex.py
[2025-03-29T17:22:02.369+0000] {processor.py:914} INFO - Processing file /home/airflow/.local/lib/python3.12/site-packages/airflow/example_dags/example_complex.py for tasks to queue
[2025-03-29T17:22:02.371+0000] {logging_mixin.py:190} INFO - [2025-03-29T17:22:02.370+0000] {dagbag.py:588} INFO - Filling up the DagBag from /home/airflow/.local/lib/python3.12/site-packages/airflow/example_dags/example_complex.py
[2025-03-29T17:22:02.378+0000] {processor.py:925} INFO - DAG(s) 'example_complex' retrieved from /home/airflow/.local/lib/python3.12/site-packages/airflow/example_dags/example_complex.py
[2025-03-29T17:22:02.399+0000] {logging_mixin.py:190} INFO - [2025-03-29T17:22:02.399+0000] {dag.py:3239} INFO - Sync 1 DAGs
[2025-03-29T17:22:02.409+0000] {logging_mixin.py:190} INFO - [2025-03-29T17:22:02.408+0000] {dag.py:4180} INFO - Setting next_dagrun for example_complex to None, run_after=None
[2025-03-29T17:22:02.423+0000] {processor.py:208} INFO - Processing /home/airflow/.local/lib/python3.12/site-packages/airflow/example_dags/example_complex.py took 0.057 seconds
[2025-03-29T17:22:33.079+0000] {processor.py:186} INFO - Started process (PID=914) to work on /home/airflow/.local/lib/python3.12/site-packages/airflow/example_dags/example_complex.py
[2025-03-29T17:22:33.080+0000] {processor.py:914} INFO - Processing file /home/airflow/.local/lib/python3.12/site-packages/airflow/example_dags/example_complex.py for tasks to queue
[2025-03-29T17:22:33.082+0000] {logging_mixin.py:190} INFO - [2025-03-29T17:22:33.081+0000] {dagbag.py:588} INFO - Filling up the DagBag from /home/airflow/.local/lib/python3.12/site-packages/airflow/example_dags/example_complex.py
[2025-03-29T17:22:33.090+0000] {processor.py:925} INFO - DAG(s) 'example_complex' retrieved from /home/airflow/.local/lib/python3.12/site-packages/airflow/example_dags/example_complex.py
[2025-03-29T17:22:33.112+0000] {logging_mixin.py:190} INFO - [2025-03-29T17:22:33.112+0000] {dag.py:3239} INFO - Sync 1 DAGs
[2025-03-29T17:22:33.123+0000] {logging_mixin.py:190} INFO - [2025-03-29T17:22:33.122+0000] {dag.py:4180} INFO - Setting next_dagrun for example_complex to None, run_after=None
[2025-03-29T17:22:33.136+0000] {processor.py:208} INFO - Processing /home/airflow/.local/lib/python3.12/site-packages/airflow/example_dags/example_complex.py took 0.061 seconds
[2025-03-29T17:23:03.770+0000] {processor.py:186} INFO - Started process (PID=977) to work on /home/airflow/.local/lib/python3.12/site-packages/airflow/example_dags/example_complex.py
[2025-03-29T17:23:03.770+0000] {processor.py:914} INFO - Processing file /home/airflow/.local/lib/python3.12/site-packages/airflow/example_dags/example_complex.py for tasks to queue
[2025-03-29T17:23:03.772+0000] {logging_mixin.py:190} INFO - [2025-03-29T17:23:03.772+0000] {dagbag.py:588} INFO - Filling up the DagBag from /home/airflow/.local/lib/python3.12/site-packages/airflow/example_dags/example_complex.py
[2025-03-29T17:23:03.780+0000] {processor.py:925} INFO - DAG(s) 'example_complex' retrieved from /home/airflow/.local/lib/python3.12/site-packages/airflow/example_dags/example_complex.py
[2025-03-29T17:23:03.800+0000] {logging_mixin.py:190} INFO - [2025-03-29T17:23:03.800+0000] {dag.py:3239} INFO - Sync 1 DAGs
[2025-03-29T17:23:03.810+0000] {logging_mixin.py:190} INFO - [2025-03-29T17:23:03.810+0000] {dag.py:4180} INFO - Setting next_dagrun for example_complex to None, run_after=None
[2025-03-29T17:23:03.821+0000] {processor.py:208} INFO - Processing /home/airflow/.local/lib/python3.12/site-packages/airflow/example_dags/example_complex.py took 0.056 seconds
[2025-03-29T17:26:13.834+0000] {processor.py:186} INFO - Started process (PID=89) to work on /home/airflow/.local/lib/python3.12/site-packages/airflow/example_dags/example_complex.py
[2025-03-29T17:26:13.835+0000] {processor.py:914} INFO - Processing file /home/airflow/.local/lib/python3.12/site-packages/airflow/example_dags/example_complex.py for tasks to queue
[2025-03-29T17:26:13.837+0000] {logging_mixin.py:190} INFO - [2025-03-29T17:26:13.837+0000] {dagbag.py:588} INFO - Filling up the DagBag from /home/airflow/.local/lib/python3.12/site-packages/airflow/example_dags/example_complex.py
[2025-03-29T17:26:13.847+0000] {processor.py:925} INFO - DAG(s) 'example_complex' retrieved from /home/airflow/.local/lib/python3.12/site-packages/airflow/example_dags/example_complex.py
[2025-03-29T17:26:13.962+0000] {logging_mixin.py:190} INFO - [2025-03-29T17:26:13.962+0000] {override.py:1912} INFO - Created Permission View: can delete on DAG:example_complex
[2025-03-29T17:26:13.970+0000] {logging_mixin.py:190} INFO - [2025-03-29T17:26:13.970+0000] {override.py:1912} INFO - Created Permission View: can read on DAG:example_complex
[2025-03-29T17:26:13.975+0000] {logging_mixin.py:190} INFO - [2025-03-29T17:26:13.975+0000] {override.py:1912} INFO - Created Permission View: can edit on DAG:example_complex
[2025-03-29T17:26:13.980+0000] {logging_mixin.py:190} INFO - [2025-03-29T17:26:13.980+0000] {override.py:1912} INFO - Created Permission View: can delete on DAG Run:example_complex
[2025-03-29T17:26:13.986+0000] {logging_mixin.py:190} INFO - [2025-03-29T17:26:13.985+0000] {override.py:1912} INFO - Created Permission View: can read on DAG Run:example_complex
[2025-03-29T17:26:13.991+0000] {logging_mixin.py:190} INFO - [2025-03-29T17:26:13.990+0000] {override.py:1912} INFO - Created Permission View: can create on DAG Run:example_complex
[2025-03-29T17:26:13.996+0000] {logging_mixin.py:190} INFO - [2025-03-29T17:26:13.995+0000] {override.py:1912} INFO - Created Permission View: menu access on DAG Run:example_complex
[2025-03-29T17:26:13.996+0000] {logging_mixin.py:190} INFO - [2025-03-29T17:26:13.996+0000] {dag.py:3239} INFO - Sync 1 DAGs
[2025-03-29T17:26:14.011+0000] {logging_mixin.py:190} INFO - [2025-03-29T17:26:14.010+0000] {dag.py:3262} INFO - Creating ORM DAG for example_complex
[2025-03-29T17:26:14.011+0000] {logging_mixin.py:190} INFO - [2025-03-29T17:26:14.011+0000] {dag.py:4180} INFO - Setting next_dagrun for example_complex to None, run_after=None
[2025-03-29T17:26:14.028+0000] {processor.py:208} INFO - Processing /home/airflow/.local/lib/python3.12/site-packages/airflow/example_dags/example_complex.py took 0.198 seconds
[2025-03-29T17:26:44.097+0000] {processor.py:186} INFO - Started process (PID=152) to work on /home/airflow/.local/lib/python3.12/site-packages/airflow/example_dags/example_complex.py
[2025-03-29T17:26:44.097+0000] {processor.py:914} INFO - Processing file /home/airflow/.local/lib/python3.12/site-packages/airflow/example_dags/example_complex.py for tasks to queue
[2025-03-29T17:26:44.099+0000] {logging_mixin.py:190} INFO - [2025-03-29T17:26:44.098+0000] {dagbag.py:588} INFO - Filling up the DagBag from /home/airflow/.local/lib/python3.12/site-packages/airflow/example_dags/example_complex.py
[2025-03-29T17:26:44.107+0000] {processor.py:925} INFO - DAG(s) 'example_complex' retrieved from /home/airflow/.local/lib/python3.12/site-packages/airflow/example_dags/example_complex.py
[2025-03-29T17:26:44.128+0000] {logging_mixin.py:190} INFO - [2025-03-29T17:26:44.128+0000] {dag.py:3239} INFO - Sync 1 DAGs
[2025-03-29T17:26:44.137+0000] {logging_mixin.py:190} INFO - [2025-03-29T17:26:44.137+0000] {dag.py:4180} INFO - Setting next_dagrun for example_complex to None, run_after=None
[2025-03-29T17:26:44.152+0000] {processor.py:208} INFO - Processing /home/airflow/.local/lib/python3.12/site-packages/airflow/example_dags/example_complex.py took 0.059 seconds
[2025-03-29T17:27:14.754+0000] {processor.py:186} INFO - Started process (PID=215) to work on /home/airflow/.local/lib/python3.12/site-packages/airflow/example_dags/example_complex.py
[2025-03-29T17:27:14.754+0000] {processor.py:914} INFO - Processing file /home/airflow/.local/lib/python3.12/site-packages/airflow/example_dags/example_complex.py for tasks to queue
[2025-03-29T17:27:14.756+0000] {logging_mixin.py:190} INFO - [2025-03-29T17:27:14.756+0000] {dagbag.py:588} INFO - Filling up the DagBag from /home/airflow/.local/lib/python3.12/site-packages/airflow/example_dags/example_complex.py
[2025-03-29T17:27:14.764+0000] {processor.py:925} INFO - DAG(s) 'example_complex' retrieved from /home/airflow/.local/lib/python3.12/site-packages/airflow/example_dags/example_complex.py
[2025-03-29T17:27:14.786+0000] {logging_mixin.py:190} INFO - [2025-03-29T17:27:14.786+0000] {dag.py:3239} INFO - Sync 1 DAGs
[2025-03-29T17:27:14.796+0000] {logging_mixin.py:190} INFO - [2025-03-29T17:27:14.796+0000] {dag.py:4180} INFO - Setting next_dagrun for example_complex to None, run_after=None
[2025-03-29T17:27:14.808+0000] {processor.py:208} INFO - Processing /home/airflow/.local/lib/python3.12/site-packages/airflow/example_dags/example_complex.py took 0.058 seconds
[2025-03-29T17:27:45.009+0000] {processor.py:186} INFO - Started process (PID=277) to work on /home/airflow/.local/lib/python3.12/site-packages/airflow/example_dags/example_complex.py
[2025-03-29T17:27:45.010+0000] {processor.py:914} INFO - Processing file /home/airflow/.local/lib/python3.12/site-packages/airflow/example_dags/example_complex.py for tasks to queue
[2025-03-29T17:27:45.011+0000] {logging_mixin.py:190} INFO - [2025-03-29T17:27:45.011+0000] {dagbag.py:588} INFO - Filling up the DagBag from /home/airflow/.local/lib/python3.12/site-packages/airflow/example_dags/example_complex.py
[2025-03-29T17:27:45.019+0000] {processor.py:925} INFO - DAG(s) 'example_complex' retrieved from /home/airflow/.local/lib/python3.12/site-packages/airflow/example_dags/example_complex.py
[2025-03-29T17:27:45.041+0000] {logging_mixin.py:190} INFO - [2025-03-29T17:27:45.041+0000] {dag.py:3239} INFO - Sync 1 DAGs
[2025-03-29T17:27:45.051+0000] {logging_mixin.py:190} INFO - [2025-03-29T17:27:45.050+0000] {dag.py:4180} INFO - Setting next_dagrun for example_complex to None, run_after=None
[2025-03-29T17:27:45.062+0000] {processor.py:208} INFO - Processing /home/airflow/.local/lib/python3.12/site-packages/airflow/example_dags/example_complex.py took 0.056 seconds
[2025-03-29T17:28:16.226+0000] {processor.py:186} INFO - Started process (PID=346) to work on /home/airflow/.local/lib/python3.12/site-packages/airflow/example_dags/example_complex.py
[2025-03-29T17:28:16.227+0000] {processor.py:914} INFO - Processing file /home/airflow/.local/lib/python3.12/site-packages/airflow/example_dags/example_complex.py for tasks to queue
[2025-03-29T17:28:16.228+0000] {logging_mixin.py:190} INFO - [2025-03-29T17:28:16.228+0000] {dagbag.py:588} INFO - Filling up the DagBag from /home/airflow/.local/lib/python3.12/site-packages/airflow/example_dags/example_complex.py
[2025-03-29T17:28:16.237+0000] {processor.py:925} INFO - DAG(s) 'example_complex' retrieved from /home/airflow/.local/lib/python3.12/site-packages/airflow/example_dags/example_complex.py
[2025-03-29T17:28:16.261+0000] {logging_mixin.py:190} INFO - [2025-03-29T17:28:16.261+0000] {dag.py:3239} INFO - Sync 1 DAGs
[2025-03-29T17:28:16.272+0000] {logging_mixin.py:190} INFO - [2025-03-29T17:28:16.272+0000] {dag.py:4180} INFO - Setting next_dagrun for example_complex to None, run_after=None
[2025-03-29T17:28:16.292+0000] {processor.py:208} INFO - Processing /home/airflow/.local/lib/python3.12/site-packages/airflow/example_dags/example_complex.py took 0.069 seconds
[2025-03-29T17:28:46.773+0000] {processor.py:186} INFO - Started process (PID=409) to work on /home/airflow/.local/lib/python3.12/site-packages/airflow/example_dags/example_complex.py
[2025-03-29T17:28:46.773+0000] {processor.py:914} INFO - Processing file /home/airflow/.local/lib/python3.12/site-packages/airflow/example_dags/example_complex.py for tasks to queue
[2025-03-29T17:28:46.775+0000] {logging_mixin.py:190} INFO - [2025-03-29T17:28:46.774+0000] {dagbag.py:588} INFO - Filling up the DagBag from /home/airflow/.local/lib/python3.12/site-packages/airflow/example_dags/example_complex.py
[2025-03-29T17:28:46.784+0000] {processor.py:925} INFO - DAG(s) 'example_complex' retrieved from /home/airflow/.local/lib/python3.12/site-packages/airflow/example_dags/example_complex.py
[2025-03-29T17:28:46.808+0000] {logging_mixin.py:190} INFO - [2025-03-29T17:28:46.808+0000] {dag.py:3239} INFO - Sync 1 DAGs
[2025-03-29T17:28:46.818+0000] {logging_mixin.py:190} INFO - [2025-03-29T17:28:46.818+0000] {dag.py:4180} INFO - Setting next_dagrun for example_complex to None, run_after=None
[2025-03-29T17:28:46.831+0000] {processor.py:208} INFO - Processing /home/airflow/.local/lib/python3.12/site-packages/airflow/example_dags/example_complex.py took 0.062 seconds
[2025-03-29T17:29:18.220+0000] {processor.py:186} INFO - Started process (PID=473) to work on /home/airflow/.local/lib/python3.12/site-packages/airflow/example_dags/example_complex.py
[2025-03-29T17:29:18.222+0000] {processor.py:914} INFO - Processing file /home/airflow/.local/lib/python3.12/site-packages/airflow/example_dags/example_complex.py for tasks to queue
[2025-03-29T17:29:18.223+0000] {logging_mixin.py:190} INFO - [2025-03-29T17:29:18.223+0000] {dagbag.py:588} INFO - Filling up the DagBag from /home/airflow/.local/lib/python3.12/site-packages/airflow/example_dags/example_complex.py
[2025-03-29T17:29:18.232+0000] {processor.py:925} INFO - DAG(s) 'example_complex' retrieved from /home/airflow/.local/lib/python3.12/site-packages/airflow/example_dags/example_complex.py
[2025-03-29T17:29:18.253+0000] {logging_mixin.py:190} INFO - [2025-03-29T17:29:18.253+0000] {dag.py:3239} INFO - Sync 1 DAGs
[2025-03-29T17:29:18.262+0000] {logging_mixin.py:190} INFO - [2025-03-29T17:29:18.262+0000] {dag.py:4180} INFO - Setting next_dagrun for example_complex to None, run_after=None
[2025-03-29T17:29:18.277+0000] {processor.py:208} INFO - Processing /home/airflow/.local/lib/python3.12/site-packages/airflow/example_dags/example_complex.py took 0.061 seconds
[2025-03-29T17:29:49.678+0000] {processor.py:186} INFO - Started process (PID=536) to work on /home/airflow/.local/lib/python3.12/site-packages/airflow/example_dags/example_complex.py
[2025-03-29T17:29:49.679+0000] {processor.py:914} INFO - Processing file /home/airflow/.local/lib/python3.12/site-packages/airflow/example_dags/example_complex.py for tasks to queue
[2025-03-29T17:29:49.680+0000] {logging_mixin.py:190} INFO - [2025-03-29T17:29:49.680+0000] {dagbag.py:588} INFO - Filling up the DagBag from /home/airflow/.local/lib/python3.12/site-packages/airflow/example_dags/example_complex.py
[2025-03-29T17:29:49.689+0000] {processor.py:925} INFO - DAG(s) 'example_complex' retrieved from /home/airflow/.local/lib/python3.12/site-packages/airflow/example_dags/example_complex.py
[2025-03-29T17:29:49.710+0000] {logging_mixin.py:190} INFO - [2025-03-29T17:29:49.710+0000] {dag.py:3239} INFO - Sync 1 DAGs
[2025-03-29T17:29:49.720+0000] {logging_mixin.py:190} INFO - [2025-03-29T17:29:49.720+0000] {dag.py:4180} INFO - Setting next_dagrun for example_complex to None, run_after=None
[2025-03-29T17:29:49.735+0000] {processor.py:208} INFO - Processing /home/airflow/.local/lib/python3.12/site-packages/airflow/example_dags/example_complex.py took 0.061 seconds
[2025-03-29T17:30:20.304+0000] {processor.py:186} INFO - Started process (PID=599) to work on /home/airflow/.local/lib/python3.12/site-packages/airflow/example_dags/example_complex.py
[2025-03-29T17:30:20.304+0000] {processor.py:914} INFO - Processing file /home/airflow/.local/lib/python3.12/site-packages/airflow/example_dags/example_complex.py for tasks to queue
[2025-03-29T17:30:20.306+0000] {logging_mixin.py:190} INFO - [2025-03-29T17:30:20.305+0000] {dagbag.py:588} INFO - Filling up the DagBag from /home/airflow/.local/lib/python3.12/site-packages/airflow/example_dags/example_complex.py
[2025-03-29T17:30:20.314+0000] {processor.py:925} INFO - DAG(s) 'example_complex' retrieved from /home/airflow/.local/lib/python3.12/site-packages/airflow/example_dags/example_complex.py
[2025-03-29T17:30:20.335+0000] {logging_mixin.py:190} INFO - [2025-03-29T17:30:20.335+0000] {dag.py:3239} INFO - Sync 1 DAGs
[2025-03-29T17:30:20.344+0000] {logging_mixin.py:190} INFO - [2025-03-29T17:30:20.344+0000] {dag.py:4180} INFO - Setting next_dagrun for example_complex to None, run_after=None
[2025-03-29T17:30:20.357+0000] {processor.py:208} INFO - Processing /home/airflow/.local/lib/python3.12/site-packages/airflow/example_dags/example_complex.py took 0.057 seconds
[2025-03-29T17:30:51.790+0000] {processor.py:186} INFO - Started process (PID=662) to work on /home/airflow/.local/lib/python3.12/site-packages/airflow/example_dags/example_complex.py
[2025-03-29T17:30:51.791+0000] {processor.py:914} INFO - Processing file /home/airflow/.local/lib/python3.12/site-packages/airflow/example_dags/example_complex.py for tasks to queue
[2025-03-29T17:30:51.792+0000] {logging_mixin.py:190} INFO - [2025-03-29T17:30:51.792+0000] {dagbag.py:588} INFO - Filling up the DagBag from /home/airflow/.local/lib/python3.12/site-packages/airflow/example_dags/example_complex.py
[2025-03-29T17:30:51.800+0000] {processor.py:925} INFO - DAG(s) 'example_complex' retrieved from /home/airflow/.local/lib/python3.12/site-packages/airflow/example_dags/example_complex.py
[2025-03-29T17:30:51.821+0000] {logging_mixin.py:190} INFO - [2025-03-29T17:30:51.821+0000] {dag.py:3239} INFO - Sync 1 DAGs
[2025-03-29T17:30:51.830+0000] {logging_mixin.py:190} INFO - [2025-03-29T17:30:51.830+0000] {dag.py:4180} INFO - Setting next_dagrun for example_complex to None, run_after=None
[2025-03-29T17:30:51.844+0000] {processor.py:208} INFO - Processing /home/airflow/.local/lib/python3.12/site-packages/airflow/example_dags/example_complex.py took 0.057 seconds
[2025-03-29T17:31:23.037+0000] {processor.py:186} INFO - Started process (PID=725) to work on /home/airflow/.local/lib/python3.12/site-packages/airflow/example_dags/example_complex.py
[2025-03-29T17:31:23.039+0000] {processor.py:914} INFO - Processing file /home/airflow/.local/lib/python3.12/site-packages/airflow/example_dags/example_complex.py for tasks to queue
[2025-03-29T17:31:23.040+0000] {logging_mixin.py:190} INFO - [2025-03-29T17:31:23.040+0000] {dagbag.py:588} INFO - Filling up the DagBag from /home/airflow/.local/lib/python3.12/site-packages/airflow/example_dags/example_complex.py
[2025-03-29T17:31:23.048+0000] {processor.py:925} INFO - DAG(s) 'example_complex' retrieved from /home/airflow/.local/lib/python3.12/site-packages/airflow/example_dags/example_complex.py
[2025-03-29T17:31:23.069+0000] {logging_mixin.py:190} INFO - [2025-03-29T17:31:23.069+0000] {dag.py:3239} INFO - Sync 1 DAGs
[2025-03-29T17:31:23.079+0000] {logging_mixin.py:190} INFO - [2025-03-29T17:31:23.078+0000] {dag.py:4180} INFO - Setting next_dagrun for example_complex to None, run_after=None
[2025-03-29T17:31:23.090+0000] {processor.py:208} INFO - Processing /home/airflow/.local/lib/python3.12/site-packages/airflow/example_dags/example_complex.py took 0.056 seconds
[2025-03-29T17:31:53.566+0000] {processor.py:186} INFO - Started process (PID=788) to work on /home/airflow/.local/lib/python3.12/site-packages/airflow/example_dags/example_complex.py
[2025-03-29T17:31:53.567+0000] {processor.py:914} INFO - Processing file /home/airflow/.local/lib/python3.12/site-packages/airflow/example_dags/example_complex.py for tasks to queue
[2025-03-29T17:31:53.568+0000] {logging_mixin.py:190} INFO - [2025-03-29T17:31:53.568+0000] {dagbag.py:588} INFO - Filling up the DagBag from /home/airflow/.local/lib/python3.12/site-packages/airflow/example_dags/example_complex.py
[2025-03-29T17:31:53.575+0000] {processor.py:925} INFO - DAG(s) 'example_complex' retrieved from /home/airflow/.local/lib/python3.12/site-packages/airflow/example_dags/example_complex.py
[2025-03-29T17:31:53.596+0000] {logging_mixin.py:190} INFO - [2025-03-29T17:31:53.596+0000] {dag.py:3239} INFO - Sync 1 DAGs
[2025-03-29T17:31:53.605+0000] {logging_mixin.py:190} INFO - [2025-03-29T17:31:53.605+0000] {dag.py:4180} INFO - Setting next_dagrun for example_complex to None, run_after=None
[2025-03-29T17:31:53.617+0000] {processor.py:208} INFO - Processing /home/airflow/.local/lib/python3.12/site-packages/airflow/example_dags/example_complex.py took 0.054 seconds
[2025-03-29T17:32:24.836+0000] {processor.py:186} INFO - Started process (PID=851) to work on /home/airflow/.local/lib/python3.12/site-packages/airflow/example_dags/example_complex.py
[2025-03-29T17:32:24.836+0000] {processor.py:914} INFO - Processing file /home/airflow/.local/lib/python3.12/site-packages/airflow/example_dags/example_complex.py for tasks to queue
[2025-03-29T17:32:24.838+0000] {logging_mixin.py:190} INFO - [2025-03-29T17:32:24.837+0000] {dagbag.py:588} INFO - Filling up the DagBag from /home/airflow/.local/lib/python3.12/site-packages/airflow/example_dags/example_complex.py
[2025-03-29T17:32:24.846+0000] {processor.py:925} INFO - DAG(s) 'example_complex' retrieved from /home/airflow/.local/lib/python3.12/site-packages/airflow/example_dags/example_complex.py
[2025-03-29T17:32:24.869+0000] {logging_mixin.py:190} INFO - [2025-03-29T17:32:24.868+0000] {dag.py:3239} INFO - Sync 1 DAGs
[2025-03-29T17:32:24.878+0000] {logging_mixin.py:190} INFO - [2025-03-29T17:32:24.878+0000] {dag.py:4180} INFO - Setting next_dagrun for example_complex to None, run_after=None
[2025-03-29T17:32:24.893+0000] {processor.py:208} INFO - Processing /home/airflow/.local/lib/python3.12/site-packages/airflow/example_dags/example_complex.py took 0.060 seconds
[2025-03-29T17:32:55.349+0000] {processor.py:186} INFO - Started process (PID=913) to work on /home/airflow/.local/lib/python3.12/site-packages/airflow/example_dags/example_complex.py
[2025-03-29T17:32:55.350+0000] {processor.py:914} INFO - Processing file /home/airflow/.local/lib/python3.12/site-packages/airflow/example_dags/example_complex.py for tasks to queue
[2025-03-29T17:32:55.351+0000] {logging_mixin.py:190} INFO - [2025-03-29T17:32:55.351+0000] {dagbag.py:588} INFO - Filling up the DagBag from /home/airflow/.local/lib/python3.12/site-packages/airflow/example_dags/example_complex.py
[2025-03-29T17:32:55.360+0000] {processor.py:925} INFO - DAG(s) 'example_complex' retrieved from /home/airflow/.local/lib/python3.12/site-packages/airflow/example_dags/example_complex.py
[2025-03-29T17:32:55.384+0000] {logging_mixin.py:190} INFO - [2025-03-29T17:32:55.383+0000] {dag.py:3239} INFO - Sync 1 DAGs
[2025-03-29T17:32:55.394+0000] {logging_mixin.py:190} INFO - [2025-03-29T17:32:55.394+0000] {dag.py:4180} INFO - Setting next_dagrun for example_complex to None, run_after=None
[2025-03-29T17:32:55.405+0000] {processor.py:208} INFO - Processing /home/airflow/.local/lib/python3.12/site-packages/airflow/example_dags/example_complex.py took 0.060 seconds
[2025-03-29T17:33:26.850+0000] {processor.py:186} INFO - Started process (PID=977) to work on /home/airflow/.local/lib/python3.12/site-packages/airflow/example_dags/example_complex.py
[2025-03-29T17:33:26.851+0000] {processor.py:914} INFO - Processing file /home/airflow/.local/lib/python3.12/site-packages/airflow/example_dags/example_complex.py for tasks to queue
[2025-03-29T17:33:26.852+0000] {logging_mixin.py:190} INFO - [2025-03-29T17:33:26.852+0000] {dagbag.py:588} INFO - Filling up the DagBag from /home/airflow/.local/lib/python3.12/site-packages/airflow/example_dags/example_complex.py
[2025-03-29T17:33:26.860+0000] {processor.py:925} INFO - DAG(s) 'example_complex' retrieved from /home/airflow/.local/lib/python3.12/site-packages/airflow/example_dags/example_complex.py
[2025-03-29T17:33:26.881+0000] {logging_mixin.py:190} INFO - [2025-03-29T17:33:26.881+0000] {dag.py:3239} INFO - Sync 1 DAGs
[2025-03-29T17:33:26.890+0000] {logging_mixin.py:190} INFO - [2025-03-29T17:33:26.890+0000] {dag.py:4180} INFO - Setting next_dagrun for example_complex to None, run_after=None
[2025-03-29T17:33:26.902+0000] {processor.py:208} INFO - Processing /home/airflow/.local/lib/python3.12/site-packages/airflow/example_dags/example_complex.py took 0.055 seconds
[2025-03-29T17:33:57.525+0000] {processor.py:186} INFO - Started process (PID=1040) to work on /home/airflow/.local/lib/python3.12/site-packages/airflow/example_dags/example_complex.py
[2025-03-29T17:33:57.526+0000] {processor.py:914} INFO - Processing file /home/airflow/.local/lib/python3.12/site-packages/airflow/example_dags/example_complex.py for tasks to queue
[2025-03-29T17:33:57.527+0000] {logging_mixin.py:190} INFO - [2025-03-29T17:33:57.527+0000] {dagbag.py:588} INFO - Filling up the DagBag from /home/airflow/.local/lib/python3.12/site-packages/airflow/example_dags/example_complex.py
[2025-03-29T17:33:57.536+0000] {processor.py:925} INFO - DAG(s) 'example_complex' retrieved from /home/airflow/.local/lib/python3.12/site-packages/airflow/example_dags/example_complex.py
[2025-03-29T17:33:57.557+0000] {logging_mixin.py:190} INFO - [2025-03-29T17:33:57.557+0000] {dag.py:3239} INFO - Sync 1 DAGs
[2025-03-29T17:33:57.566+0000] {logging_mixin.py:190} INFO - [2025-03-29T17:33:57.566+0000] {dag.py:4180} INFO - Setting next_dagrun for example_complex to None, run_after=None
[2025-03-29T17:33:57.581+0000] {processor.py:208} INFO - Processing /home/airflow/.local/lib/python3.12/site-packages/airflow/example_dags/example_complex.py took 0.059 seconds
[2025-03-29T17:34:28.953+0000] {processor.py:186} INFO - Started process (PID=1103) to work on /home/airflow/.local/lib/python3.12/site-packages/airflow/example_dags/example_complex.py
[2025-03-29T17:34:28.953+0000] {processor.py:914} INFO - Processing file /home/airflow/.local/lib/python3.12/site-packages/airflow/example_dags/example_complex.py for tasks to queue
[2025-03-29T17:34:28.955+0000] {logging_mixin.py:190} INFO - [2025-03-29T17:34:28.955+0000] {dagbag.py:588} INFO - Filling up the DagBag from /home/airflow/.local/lib/python3.12/site-packages/airflow/example_dags/example_complex.py
[2025-03-29T17:34:28.963+0000] {processor.py:925} INFO - DAG(s) 'example_complex' retrieved from /home/airflow/.local/lib/python3.12/site-packages/airflow/example_dags/example_complex.py
[2025-03-29T17:34:28.992+0000] {logging_mixin.py:190} INFO - [2025-03-29T17:34:28.992+0000] {dag.py:3239} INFO - Sync 1 DAGs
[2025-03-29T17:34:29.003+0000] {logging_mixin.py:190} INFO - [2025-03-29T17:34:29.003+0000] {dag.py:4180} INFO - Setting next_dagrun for example_complex to None, run_after=None
[2025-03-29T17:34:29.015+0000] {processor.py:208} INFO - Processing /home/airflow/.local/lib/python3.12/site-packages/airflow/example_dags/example_complex.py took 0.066 seconds
[2025-03-29T17:34:59.776+0000] {processor.py:186} INFO - Started process (PID=1166) to work on /home/airflow/.local/lib/python3.12/site-packages/airflow/example_dags/example_complex.py
[2025-03-29T17:34:59.777+0000] {processor.py:914} INFO - Processing file /home/airflow/.local/lib/python3.12/site-packages/airflow/example_dags/example_complex.py for tasks to queue
[2025-03-29T17:34:59.778+0000] {logging_mixin.py:190} INFO - [2025-03-29T17:34:59.778+0000] {dagbag.py:588} INFO - Filling up the DagBag from /home/airflow/.local/lib/python3.12/site-packages/airflow/example_dags/example_complex.py
[2025-03-29T17:34:59.786+0000] {processor.py:925} INFO - DAG(s) 'example_complex' retrieved from /home/airflow/.local/lib/python3.12/site-packages/airflow/example_dags/example_complex.py
[2025-03-29T17:34:59.815+0000] {logging_mixin.py:190} INFO - [2025-03-29T17:34:59.814+0000] {dag.py:3239} INFO - Sync 1 DAGs
[2025-03-29T17:34:59.830+0000] {logging_mixin.py:190} INFO - [2025-03-29T17:34:59.830+0000] {dag.py:4180} INFO - Setting next_dagrun for example_complex to None, run_after=None
[2025-03-29T17:34:59.852+0000] {processor.py:208} INFO - Processing /home/airflow/.local/lib/python3.12/site-packages/airflow/example_dags/example_complex.py took 0.084 seconds
[2025-03-29T17:35:31.024+0000] {processor.py:186} INFO - Started process (PID=1228) to work on /home/airflow/.local/lib/python3.12/site-packages/airflow/example_dags/example_complex.py
[2025-03-29T17:35:31.025+0000] {processor.py:914} INFO - Processing file /home/airflow/.local/lib/python3.12/site-packages/airflow/example_dags/example_complex.py for tasks to queue
[2025-03-29T17:35:31.026+0000] {logging_mixin.py:190} INFO - [2025-03-29T17:35:31.026+0000] {dagbag.py:588} INFO - Filling up the DagBag from /home/airflow/.local/lib/python3.12/site-packages/airflow/example_dags/example_complex.py
[2025-03-29T17:35:31.037+0000] {processor.py:925} INFO - DAG(s) 'example_complex' retrieved from /home/airflow/.local/lib/python3.12/site-packages/airflow/example_dags/example_complex.py
[2025-03-29T17:35:31.063+0000] {logging_mixin.py:190} INFO - [2025-03-29T17:35:31.063+0000] {dag.py:3239} INFO - Sync 1 DAGs
[2025-03-29T17:35:31.079+0000] {logging_mixin.py:190} INFO - [2025-03-29T17:35:31.079+0000] {dag.py:4180} INFO - Setting next_dagrun for example_complex to None, run_after=None
[2025-03-29T17:35:31.096+0000] {processor.py:208} INFO - Processing /home/airflow/.local/lib/python3.12/site-packages/airflow/example_dags/example_complex.py took 0.076 seconds
[2025-03-29T17:36:01.809+0000] {processor.py:186} INFO - Started process (PID=1291) to work on /home/airflow/.local/lib/python3.12/site-packages/airflow/example_dags/example_complex.py
[2025-03-29T17:36:01.809+0000] {processor.py:914} INFO - Processing file /home/airflow/.local/lib/python3.12/site-packages/airflow/example_dags/example_complex.py for tasks to queue
[2025-03-29T17:36:01.811+0000] {logging_mixin.py:190} INFO - [2025-03-29T17:36:01.811+0000] {dagbag.py:588} INFO - Filling up the DagBag from /home/airflow/.local/lib/python3.12/site-packages/airflow/example_dags/example_complex.py
[2025-03-29T17:36:01.819+0000] {processor.py:925} INFO - DAG(s) 'example_complex' retrieved from /home/airflow/.local/lib/python3.12/site-packages/airflow/example_dags/example_complex.py
[2025-03-29T17:36:01.840+0000] {logging_mixin.py:190} INFO - [2025-03-29T17:36:01.840+0000] {dag.py:3239} INFO - Sync 1 DAGs
[2025-03-29T17:36:01.850+0000] {logging_mixin.py:190} INFO - [2025-03-29T17:36:01.850+0000] {dag.py:4180} INFO - Setting next_dagrun for example_complex to None, run_after=None
[2025-03-29T17:36:01.862+0000] {processor.py:208} INFO - Processing /home/airflow/.local/lib/python3.12/site-packages/airflow/example_dags/example_complex.py took 0.057 seconds
[2025-03-29T17:36:33.173+0000] {processor.py:186} INFO - Started process (PID=1354) to work on /home/airflow/.local/lib/python3.12/site-packages/airflow/example_dags/example_complex.py
[2025-03-29T17:36:33.174+0000] {processor.py:914} INFO - Processing file /home/airflow/.local/lib/python3.12/site-packages/airflow/example_dags/example_complex.py for tasks to queue
[2025-03-29T17:36:33.175+0000] {logging_mixin.py:190} INFO - [2025-03-29T17:36:33.175+0000] {dagbag.py:588} INFO - Filling up the DagBag from /home/airflow/.local/lib/python3.12/site-packages/airflow/example_dags/example_complex.py
[2025-03-29T17:36:33.184+0000] {processor.py:925} INFO - DAG(s) 'example_complex' retrieved from /home/airflow/.local/lib/python3.12/site-packages/airflow/example_dags/example_complex.py
[2025-03-29T17:36:33.206+0000] {logging_mixin.py:190} INFO - [2025-03-29T17:36:33.206+0000] {dag.py:3239} INFO - Sync 1 DAGs
[2025-03-29T17:36:33.216+0000] {logging_mixin.py:190} INFO - [2025-03-29T17:36:33.216+0000] {dag.py:4180} INFO - Setting next_dagrun for example_complex to None, run_after=None
[2025-03-29T17:36:33.231+0000] {processor.py:208} INFO - Processing /home/airflow/.local/lib/python3.12/site-packages/airflow/example_dags/example_complex.py took 0.061 seconds
[2025-03-29T17:37:04.396+0000] {processor.py:186} INFO - Started process (PID=1417) to work on /home/airflow/.local/lib/python3.12/site-packages/airflow/example_dags/example_complex.py
[2025-03-29T17:37:04.397+0000] {processor.py:914} INFO - Processing file /home/airflow/.local/lib/python3.12/site-packages/airflow/example_dags/example_complex.py for tasks to queue
[2025-03-29T17:37:04.398+0000] {logging_mixin.py:190} INFO - [2025-03-29T17:37:04.398+0000] {dagbag.py:588} INFO - Filling up the DagBag from /home/airflow/.local/lib/python3.12/site-packages/airflow/example_dags/example_complex.py
[2025-03-29T17:37:04.407+0000] {processor.py:925} INFO - DAG(s) 'example_complex' retrieved from /home/airflow/.local/lib/python3.12/site-packages/airflow/example_dags/example_complex.py
[2025-03-29T17:37:04.429+0000] {logging_mixin.py:190} INFO - [2025-03-29T17:37:04.429+0000] {dag.py:3239} INFO - Sync 1 DAGs
[2025-03-29T17:37:04.439+0000] {logging_mixin.py:190} INFO - [2025-03-29T17:37:04.438+0000] {dag.py:4180} INFO - Setting next_dagrun for example_complex to None, run_after=None
[2025-03-29T17:37:04.451+0000] {processor.py:208} INFO - Processing /home/airflow/.local/lib/python3.12/site-packages/airflow/example_dags/example_complex.py took 0.058 seconds
[2025-03-29T17:37:35.436+0000] {processor.py:186} INFO - Started process (PID=1480) to work on /home/airflow/.local/lib/python3.12/site-packages/airflow/example_dags/example_complex.py
[2025-03-29T17:37:35.437+0000] {processor.py:914} INFO - Processing file /home/airflow/.local/lib/python3.12/site-packages/airflow/example_dags/example_complex.py for tasks to queue
[2025-03-29T17:37:35.438+0000] {logging_mixin.py:190} INFO - [2025-03-29T17:37:35.438+0000] {dagbag.py:588} INFO - Filling up the DagBag from /home/airflow/.local/lib/python3.12/site-packages/airflow/example_dags/example_complex.py
[2025-03-29T17:37:35.447+0000] {processor.py:925} INFO - DAG(s) 'example_complex' retrieved from /home/airflow/.local/lib/python3.12/site-packages/airflow/example_dags/example_complex.py
[2025-03-29T17:37:35.468+0000] {logging_mixin.py:190} INFO - [2025-03-29T17:37:35.468+0000] {dag.py:3239} INFO - Sync 1 DAGs
[2025-03-29T17:37:35.478+0000] {logging_mixin.py:190} INFO - [2025-03-29T17:37:35.478+0000] {dag.py:4180} INFO - Setting next_dagrun for example_complex to None, run_after=None
[2025-03-29T17:37:35.490+0000] {processor.py:208} INFO - Processing /home/airflow/.local/lib/python3.12/site-packages/airflow/example_dags/example_complex.py took 0.058 seconds
[2025-03-29T17:38:06.312+0000] {processor.py:186} INFO - Started process (PID=1543) to work on /home/airflow/.local/lib/python3.12/site-packages/airflow/example_dags/example_complex.py
[2025-03-29T17:38:06.312+0000] {processor.py:914} INFO - Processing file /home/airflow/.local/lib/python3.12/site-packages/airflow/example_dags/example_complex.py for tasks to queue
[2025-03-29T17:38:06.314+0000] {logging_mixin.py:190} INFO - [2025-03-29T17:38:06.313+0000] {dagbag.py:588} INFO - Filling up the DagBag from /home/airflow/.local/lib/python3.12/site-packages/airflow/example_dags/example_complex.py
[2025-03-29T17:38:06.322+0000] {processor.py:925} INFO - DAG(s) 'example_complex' retrieved from /home/airflow/.local/lib/python3.12/site-packages/airflow/example_dags/example_complex.py
[2025-03-29T17:38:06.345+0000] {logging_mixin.py:190} INFO - [2025-03-29T17:38:06.345+0000] {dag.py:3239} INFO - Sync 1 DAGs
[2025-03-29T17:38:06.355+0000] {logging_mixin.py:190} INFO - [2025-03-29T17:38:06.355+0000] {dag.py:4180} INFO - Setting next_dagrun for example_complex to None, run_after=None
[2025-03-29T17:38:06.368+0000] {processor.py:208} INFO - Processing /home/airflow/.local/lib/python3.12/site-packages/airflow/example_dags/example_complex.py took 0.061 seconds
[2025-03-29T17:38:37.590+0000] {processor.py:186} INFO - Started process (PID=1606) to work on /home/airflow/.local/lib/python3.12/site-packages/airflow/example_dags/example_complex.py
[2025-03-29T17:38:37.591+0000] {processor.py:914} INFO - Processing file /home/airflow/.local/lib/python3.12/site-packages/airflow/example_dags/example_complex.py for tasks to queue
[2025-03-29T17:38:37.592+0000] {logging_mixin.py:190} INFO - [2025-03-29T17:38:37.592+0000] {dagbag.py:588} INFO - Filling up the DagBag from /home/airflow/.local/lib/python3.12/site-packages/airflow/example_dags/example_complex.py
[2025-03-29T17:38:37.601+0000] {processor.py:925} INFO - DAG(s) 'example_complex' retrieved from /home/airflow/.local/lib/python3.12/site-packages/airflow/example_dags/example_complex.py
[2025-03-29T17:38:37.622+0000] {logging_mixin.py:190} INFO - [2025-03-29T17:38:37.622+0000] {dag.py:3239} INFO - Sync 1 DAGs
[2025-03-29T17:38:37.631+0000] {logging_mixin.py:190} INFO - [2025-03-29T17:38:37.631+0000] {dag.py:4180} INFO - Setting next_dagrun for example_complex to None, run_after=None
[2025-03-29T17:38:37.681+0000] {processor.py:208} INFO - Processing /home/airflow/.local/lib/python3.12/site-packages/airflow/example_dags/example_complex.py took 0.094 seconds
