[2025-03-29T17:15:43.766+0000] {processor.py:186} INFO - Started process (PID=44) to work on /home/airflow/.local/lib/python3.12/site-packages/airflow/example_dags/example_inlet_event_extra.py
[2025-03-29T17:15:43.766+0000] {processor.py:914} INFO - Processing file /home/airflow/.local/lib/python3.12/site-packages/airflow/example_dags/example_inlet_event_extra.py for tasks to queue
[2025-03-29T17:15:43.773+0000] {logging_mixin.py:190} INFO - [2025-03-29T17:15:43.773+0000] {dagbag.py:588} INFO - Filling up the DagBag from /home/airflow/.local/lib/python3.12/site-packages/airflow/example_dags/example_inlet_event_extra.py
[2025-03-29T17:15:45.431+0000] {processor.py:925} INFO - DAG(s) 'read_dataset_event', 'read_dataset_event_from_classic' retrieved from /home/airflow/.local/lib/python3.12/site-packages/airflow/example_dags/example_inlet_event_extra.py
[2025-03-29T17:15:45.640+0000] {logging_mixin.py:190} INFO - [2025-03-29T17:15:45.639+0000] {override.py:1912} INFO - Created Permission View: can delete on DAG:read_dataset_event
[2025-03-29T17:15:45.647+0000] {logging_mixin.py:190} INFO - [2025-03-29T17:15:45.647+0000] {override.py:1912} INFO - Created Permission View: can edit on DAG:read_dataset_event
[2025-03-29T17:15:45.652+0000] {logging_mixin.py:190} INFO - [2025-03-29T17:15:45.652+0000] {override.py:1912} INFO - Created Permission View: can read on DAG:read_dataset_event
[2025-03-29T17:15:45.658+0000] {logging_mixin.py:190} INFO - [2025-03-29T17:15:45.657+0000] {override.py:1912} INFO - Created Permission View: can delete on DAG Run:read_dataset_event
[2025-03-29T17:15:45.663+0000] {logging_mixin.py:190} INFO - [2025-03-29T17:15:45.663+0000] {override.py:1912} INFO - Created Permission View: menu access on DAG Run:read_dataset_event
[2025-03-29T17:15:45.668+0000] {logging_mixin.py:190} INFO - [2025-03-29T17:15:45.667+0000] {override.py:1912} INFO - Created Permission View: can read on DAG Run:read_dataset_event
[2025-03-29T17:15:45.672+0000] {logging_mixin.py:190} INFO - [2025-03-29T17:15:45.672+0000] {override.py:1912} INFO - Created Permission View: can create on DAG Run:read_dataset_event
[2025-03-29T17:15:45.682+0000] {logging_mixin.py:190} INFO - [2025-03-29T17:15:45.682+0000] {override.py:1912} INFO - Created Permission View: can delete on DAG:read_dataset_event_from_classic
[2025-03-29T17:15:45.687+0000] {logging_mixin.py:190} INFO - [2025-03-29T17:15:45.686+0000] {override.py:1912} INFO - Created Permission View: can edit on DAG:read_dataset_event_from_classic
[2025-03-29T17:15:45.691+0000] {logging_mixin.py:190} INFO - [2025-03-29T17:15:45.691+0000] {override.py:1912} INFO - Created Permission View: can read on DAG:read_dataset_event_from_classic
[2025-03-29T17:15:45.697+0000] {logging_mixin.py:190} INFO - [2025-03-29T17:15:45.697+0000] {override.py:1912} INFO - Created Permission View: can delete on DAG Run:read_dataset_event_from_classic
[2025-03-29T17:15:45.702+0000] {logging_mixin.py:190} INFO - [2025-03-29T17:15:45.702+0000] {override.py:1912} INFO - Created Permission View: menu access on DAG Run:read_dataset_event_from_classic
[2025-03-29T17:15:45.708+0000] {logging_mixin.py:190} INFO - [2025-03-29T17:15:45.708+0000] {override.py:1912} INFO - Created Permission View: can read on DAG Run:read_dataset_event_from_classic
[2025-03-29T17:15:45.713+0000] {logging_mixin.py:190} INFO - [2025-03-29T17:15:45.713+0000] {override.py:1912} INFO - Created Permission View: can create on DAG Run:read_dataset_event_from_classic
[2025-03-29T17:15:45.713+0000] {logging_mixin.py:190} INFO - [2025-03-29T17:15:45.713+0000] {dag.py:3239} INFO - Sync 2 DAGs
[2025-03-29T17:15:45.728+0000] {logging_mixin.py:190} INFO - [2025-03-29T17:15:45.726+0000] {dag.py:3262} INFO - Creating ORM DAG for read_dataset_event_from_classic
[2025-03-29T17:15:45.729+0000] {logging_mixin.py:190} INFO - [2025-03-29T17:15:45.728+0000] {dag.py:3262} INFO - Creating ORM DAG for read_dataset_event
[2025-03-29T17:15:45.740+0000] {logging_mixin.py:190} INFO - [2025-03-29T17:15:45.739+0000] {dag.py:4180} INFO - Setting next_dagrun for read_dataset_event to 2025-03-28 00:00:00+00:00, run_after=2025-03-29 00:00:00+00:00
[2025-03-29T17:15:45.743+0000] {logging_mixin.py:190} INFO - [2025-03-29T17:15:45.743+0000] {dag.py:4180} INFO - Setting next_dagrun for read_dataset_event_from_classic to 2025-03-28 00:00:00+00:00, run_after=2025-03-29 00:00:00+00:00
[2025-03-29T17:15:45.762+0000] {processor.py:208} INFO - Processing /home/airflow/.local/lib/python3.12/site-packages/airflow/example_dags/example_inlet_event_extra.py took 2.001 seconds
[2025-03-29T17:16:16.665+0000] {processor.py:186} INFO - Started process (PID=110) to work on /home/airflow/.local/lib/python3.12/site-packages/airflow/example_dags/example_inlet_event_extra.py
[2025-03-29T17:16:16.666+0000] {processor.py:914} INFO - Processing file /home/airflow/.local/lib/python3.12/site-packages/airflow/example_dags/example_inlet_event_extra.py for tasks to queue
[2025-03-29T17:16:16.671+0000] {logging_mixin.py:190} INFO - [2025-03-29T17:16:16.670+0000] {dagbag.py:588} INFO - Filling up the DagBag from /home/airflow/.local/lib/python3.12/site-packages/airflow/example_dags/example_inlet_event_extra.py
[2025-03-29T17:16:17.313+0000] {processor.py:925} INFO - DAG(s) 'read_dataset_event_from_classic', 'read_dataset_event' retrieved from /home/airflow/.local/lib/python3.12/site-packages/airflow/example_dags/example_inlet_event_extra.py
[2025-03-29T17:16:17.332+0000] {logging_mixin.py:190} INFO - [2025-03-29T17:16:17.332+0000] {dag.py:3239} INFO - Sync 2 DAGs
[2025-03-29T17:16:17.358+0000] {logging_mixin.py:190} INFO - [2025-03-29T17:16:17.358+0000] {dag.py:4180} INFO - Setting next_dagrun for read_dataset_event to 2025-03-28 00:00:00+00:00, run_after=2025-03-29 00:00:00+00:00
[2025-03-29T17:16:17.362+0000] {logging_mixin.py:190} INFO - [2025-03-29T17:16:17.362+0000] {dag.py:4180} INFO - Setting next_dagrun for read_dataset_event_from_classic to 2025-03-28 00:00:00+00:00, run_after=2025-03-29 00:00:00+00:00
[2025-03-29T17:16:17.378+0000] {processor.py:208} INFO - Processing /home/airflow/.local/lib/python3.12/site-packages/airflow/example_dags/example_inlet_event_extra.py took 0.718 seconds
[2025-03-29T17:16:48.011+0000] {processor.py:186} INFO - Started process (PID=173) to work on /home/airflow/.local/lib/python3.12/site-packages/airflow/example_dags/example_inlet_event_extra.py
[2025-03-29T17:16:48.012+0000] {processor.py:914} INFO - Processing file /home/airflow/.local/lib/python3.12/site-packages/airflow/example_dags/example_inlet_event_extra.py for tasks to queue
[2025-03-29T17:16:48.015+0000] {logging_mixin.py:190} INFO - [2025-03-29T17:16:48.014+0000] {dagbag.py:588} INFO - Filling up the DagBag from /home/airflow/.local/lib/python3.12/site-packages/airflow/example_dags/example_inlet_event_extra.py
[2025-03-29T17:16:48.518+0000] {processor.py:925} INFO - DAG(s) 'read_dataset_event', 'read_dataset_event_from_classic' retrieved from /home/airflow/.local/lib/python3.12/site-packages/airflow/example_dags/example_inlet_event_extra.py
[2025-03-29T17:16:48.533+0000] {logging_mixin.py:190} INFO - [2025-03-29T17:16:48.533+0000] {dag.py:3239} INFO - Sync 2 DAGs
[2025-03-29T17:16:48.551+0000] {logging_mixin.py:190} INFO - [2025-03-29T17:16:48.551+0000] {dag.py:4180} INFO - Setting next_dagrun for read_dataset_event to 2025-03-28 00:00:00+00:00, run_after=2025-03-29 00:00:00+00:00
[2025-03-29T17:16:48.555+0000] {logging_mixin.py:190} INFO - [2025-03-29T17:16:48.555+0000] {dag.py:4180} INFO - Setting next_dagrun for read_dataset_event_from_classic to 2025-03-28 00:00:00+00:00, run_after=2025-03-29 00:00:00+00:00
[2025-03-29T17:16:48.568+0000] {processor.py:208} INFO - Processing /home/airflow/.local/lib/python3.12/site-packages/airflow/example_dags/example_inlet_event_extra.py took 0.561 seconds
[2025-03-29T17:17:18.619+0000] {processor.py:186} INFO - Started process (PID=236) to work on /home/airflow/.local/lib/python3.12/site-packages/airflow/example_dags/example_inlet_event_extra.py
[2025-03-29T17:17:18.620+0000] {processor.py:914} INFO - Processing file /home/airflow/.local/lib/python3.12/site-packages/airflow/example_dags/example_inlet_event_extra.py for tasks to queue
[2025-03-29T17:17:18.621+0000] {logging_mixin.py:190} INFO - [2025-03-29T17:17:18.621+0000] {dagbag.py:588} INFO - Filling up the DagBag from /home/airflow/.local/lib/python3.12/site-packages/airflow/example_dags/example_inlet_event_extra.py
[2025-03-29T17:17:19.014+0000] {processor.py:925} INFO - DAG(s) 'read_dataset_event_from_classic', 'read_dataset_event' retrieved from /home/airflow/.local/lib/python3.12/site-packages/airflow/example_dags/example_inlet_event_extra.py
[2025-03-29T17:17:19.026+0000] {logging_mixin.py:190} INFO - [2025-03-29T17:17:19.026+0000] {dag.py:3239} INFO - Sync 2 DAGs
[2025-03-29T17:17:19.043+0000] {logging_mixin.py:190} INFO - [2025-03-29T17:17:19.043+0000] {dag.py:4180} INFO - Setting next_dagrun for read_dataset_event to 2025-03-28 00:00:00+00:00, run_after=2025-03-29 00:00:00+00:00
[2025-03-29T17:17:19.047+0000] {logging_mixin.py:190} INFO - [2025-03-29T17:17:19.046+0000] {dag.py:4180} INFO - Setting next_dagrun for read_dataset_event_from_classic to 2025-03-28 00:00:00+00:00, run_after=2025-03-29 00:00:00+00:00
[2025-03-29T17:17:19.058+0000] {processor.py:208} INFO - Processing /home/airflow/.local/lib/python3.12/site-packages/airflow/example_dags/example_inlet_event_extra.py took 0.443 seconds
[2025-03-29T17:17:49.967+0000] {processor.py:186} INFO - Started process (PID=299) to work on /home/airflow/.local/lib/python3.12/site-packages/airflow/example_dags/example_inlet_event_extra.py
[2025-03-29T17:17:49.971+0000] {processor.py:914} INFO - Processing file /home/airflow/.local/lib/python3.12/site-packages/airflow/example_dags/example_inlet_event_extra.py for tasks to queue
[2025-03-29T17:17:49.973+0000] {logging_mixin.py:190} INFO - [2025-03-29T17:17:49.973+0000] {dagbag.py:588} INFO - Filling up the DagBag from /home/airflow/.local/lib/python3.12/site-packages/airflow/example_dags/example_inlet_event_extra.py
[2025-03-29T17:17:50.373+0000] {processor.py:925} INFO - DAG(s) 'read_dataset_event', 'read_dataset_event_from_classic' retrieved from /home/airflow/.local/lib/python3.12/site-packages/airflow/example_dags/example_inlet_event_extra.py
[2025-03-29T17:17:50.387+0000] {logging_mixin.py:190} INFO - [2025-03-29T17:17:50.386+0000] {dag.py:3239} INFO - Sync 2 DAGs
[2025-03-29T17:17:50.405+0000] {logging_mixin.py:190} INFO - [2025-03-29T17:17:50.405+0000] {dag.py:4180} INFO - Setting next_dagrun for read_dataset_event to 2025-03-28 00:00:00+00:00, run_after=2025-03-29 00:00:00+00:00
[2025-03-29T17:17:50.410+0000] {logging_mixin.py:190} INFO - [2025-03-29T17:17:50.410+0000] {dag.py:4180} INFO - Setting next_dagrun for read_dataset_event_from_classic to 2025-03-28 00:00:00+00:00, run_after=2025-03-29 00:00:00+00:00
[2025-03-29T17:17:50.423+0000] {processor.py:208} INFO - Processing /home/airflow/.local/lib/python3.12/site-packages/airflow/example_dags/example_inlet_event_extra.py took 0.462 seconds
[2025-03-29T17:18:21.261+0000] {processor.py:186} INFO - Started process (PID=362) to work on /home/airflow/.local/lib/python3.12/site-packages/airflow/example_dags/example_inlet_event_extra.py
[2025-03-29T17:18:21.262+0000] {processor.py:914} INFO - Processing file /home/airflow/.local/lib/python3.12/site-packages/airflow/example_dags/example_inlet_event_extra.py for tasks to queue
[2025-03-29T17:18:21.264+0000] {logging_mixin.py:190} INFO - [2025-03-29T17:18:21.264+0000] {dagbag.py:588} INFO - Filling up the DagBag from /home/airflow/.local/lib/python3.12/site-packages/airflow/example_dags/example_inlet_event_extra.py
[2025-03-29T17:18:21.731+0000] {processor.py:925} INFO - DAG(s) 'read_dataset_event', 'read_dataset_event_from_classic' retrieved from /home/airflow/.local/lib/python3.12/site-packages/airflow/example_dags/example_inlet_event_extra.py
[2025-03-29T17:18:21.743+0000] {logging_mixin.py:190} INFO - [2025-03-29T17:18:21.743+0000] {dag.py:3239} INFO - Sync 2 DAGs
[2025-03-29T17:18:21.760+0000] {logging_mixin.py:190} INFO - [2025-03-29T17:18:21.760+0000] {dag.py:4180} INFO - Setting next_dagrun for read_dataset_event to 2025-03-28 00:00:00+00:00, run_after=2025-03-29 00:00:00+00:00
[2025-03-29T17:18:21.765+0000] {logging_mixin.py:190} INFO - [2025-03-29T17:18:21.765+0000] {dag.py:4180} INFO - Setting next_dagrun for read_dataset_event_from_classic to 2025-03-28 00:00:00+00:00, run_after=2025-03-29 00:00:00+00:00
[2025-03-29T17:18:21.777+0000] {processor.py:208} INFO - Processing /home/airflow/.local/lib/python3.12/site-packages/airflow/example_dags/example_inlet_event_extra.py took 0.520 seconds
[2025-03-29T17:18:52.101+0000] {processor.py:186} INFO - Started process (PID=425) to work on /home/airflow/.local/lib/python3.12/site-packages/airflow/example_dags/example_inlet_event_extra.py
[2025-03-29T17:18:52.102+0000] {processor.py:914} INFO - Processing file /home/airflow/.local/lib/python3.12/site-packages/airflow/example_dags/example_inlet_event_extra.py for tasks to queue
[2025-03-29T17:18:52.104+0000] {logging_mixin.py:190} INFO - [2025-03-29T17:18:52.103+0000] {dagbag.py:588} INFO - Filling up the DagBag from /home/airflow/.local/lib/python3.12/site-packages/airflow/example_dags/example_inlet_event_extra.py
[2025-03-29T17:18:52.507+0000] {processor.py:925} INFO - DAG(s) 'read_dataset_event_from_classic', 'read_dataset_event' retrieved from /home/airflow/.local/lib/python3.12/site-packages/airflow/example_dags/example_inlet_event_extra.py
[2025-03-29T17:18:52.519+0000] {logging_mixin.py:190} INFO - [2025-03-29T17:18:52.518+0000] {dag.py:3239} INFO - Sync 2 DAGs
[2025-03-29T17:18:52.535+0000] {logging_mixin.py:190} INFO - [2025-03-29T17:18:52.534+0000] {dag.py:4180} INFO - Setting next_dagrun for read_dataset_event to 2025-03-28 00:00:00+00:00, run_after=2025-03-29 00:00:00+00:00
[2025-03-29T17:18:52.539+0000] {logging_mixin.py:190} INFO - [2025-03-29T17:18:52.539+0000] {dag.py:4180} INFO - Setting next_dagrun for read_dataset_event_from_classic to 2025-03-28 00:00:00+00:00, run_after=2025-03-29 00:00:00+00:00
[2025-03-29T17:18:52.554+0000] {processor.py:208} INFO - Processing /home/airflow/.local/lib/python3.12/site-packages/airflow/example_dags/example_inlet_event_extra.py took 0.456 seconds
[2025-03-29T17:19:23.491+0000] {processor.py:186} INFO - Started process (PID=488) to work on /home/airflow/.local/lib/python3.12/site-packages/airflow/example_dags/example_inlet_event_extra.py
[2025-03-29T17:19:23.492+0000] {processor.py:914} INFO - Processing file /home/airflow/.local/lib/python3.12/site-packages/airflow/example_dags/example_inlet_event_extra.py for tasks to queue
[2025-03-29T17:19:23.494+0000] {logging_mixin.py:190} INFO - [2025-03-29T17:19:23.493+0000] {dagbag.py:588} INFO - Filling up the DagBag from /home/airflow/.local/lib/python3.12/site-packages/airflow/example_dags/example_inlet_event_extra.py
[2025-03-29T17:19:23.883+0000] {processor.py:925} INFO - DAG(s) 'read_dataset_event_from_classic', 'read_dataset_event' retrieved from /home/airflow/.local/lib/python3.12/site-packages/airflow/example_dags/example_inlet_event_extra.py
[2025-03-29T17:19:23.896+0000] {logging_mixin.py:190} INFO - [2025-03-29T17:19:23.896+0000] {dag.py:3239} INFO - Sync 2 DAGs
[2025-03-29T17:19:23.917+0000] {logging_mixin.py:190} INFO - [2025-03-29T17:19:23.916+0000] {dag.py:4180} INFO - Setting next_dagrun for read_dataset_event to 2025-03-28 00:00:00+00:00, run_after=2025-03-29 00:00:00+00:00
[2025-03-29T17:19:23.920+0000] {logging_mixin.py:190} INFO - [2025-03-29T17:19:23.920+0000] {dag.py:4180} INFO - Setting next_dagrun for read_dataset_event_from_classic to 2025-03-28 00:00:00+00:00, run_after=2025-03-29 00:00:00+00:00
[2025-03-29T17:19:23.931+0000] {processor.py:208} INFO - Processing /home/airflow/.local/lib/python3.12/site-packages/airflow/example_dags/example_inlet_event_extra.py took 0.443 seconds
[2025-03-29T17:19:54.859+0000] {processor.py:186} INFO - Started process (PID=551) to work on /home/airflow/.local/lib/python3.12/site-packages/airflow/example_dags/example_inlet_event_extra.py
[2025-03-29T17:19:54.861+0000] {processor.py:914} INFO - Processing file /home/airflow/.local/lib/python3.12/site-packages/airflow/example_dags/example_inlet_event_extra.py for tasks to queue
[2025-03-29T17:19:54.865+0000] {logging_mixin.py:190} INFO - [2025-03-29T17:19:54.864+0000] {dagbag.py:588} INFO - Filling up the DagBag from /home/airflow/.local/lib/python3.12/site-packages/airflow/example_dags/example_inlet_event_extra.py
[2025-03-29T17:19:55.309+0000] {processor.py:925} INFO - DAG(s) 'read_dataset_event_from_classic', 'read_dataset_event' retrieved from /home/airflow/.local/lib/python3.12/site-packages/airflow/example_dags/example_inlet_event_extra.py
[2025-03-29T17:19:55.322+0000] {logging_mixin.py:190} INFO - [2025-03-29T17:19:55.322+0000] {dag.py:3239} INFO - Sync 2 DAGs
[2025-03-29T17:19:55.340+0000] {logging_mixin.py:190} INFO - [2025-03-29T17:19:55.340+0000] {dag.py:4180} INFO - Setting next_dagrun for read_dataset_event to 2025-03-28 00:00:00+00:00, run_after=2025-03-29 00:00:00+00:00
[2025-03-29T17:19:55.346+0000] {logging_mixin.py:190} INFO - [2025-03-29T17:19:55.346+0000] {dag.py:4180} INFO - Setting next_dagrun for read_dataset_event_from_classic to 2025-03-28 00:00:00+00:00, run_after=2025-03-29 00:00:00+00:00
[2025-03-29T17:19:55.359+0000] {processor.py:208} INFO - Processing /home/airflow/.local/lib/python3.12/site-packages/airflow/example_dags/example_inlet_event_extra.py took 0.504 seconds
[2025-03-29T17:20:25.465+0000] {processor.py:186} INFO - Started process (PID=614) to work on /home/airflow/.local/lib/python3.12/site-packages/airflow/example_dags/example_inlet_event_extra.py
[2025-03-29T17:20:25.467+0000] {processor.py:914} INFO - Processing file /home/airflow/.local/lib/python3.12/site-packages/airflow/example_dags/example_inlet_event_extra.py for tasks to queue
[2025-03-29T17:20:25.468+0000] {logging_mixin.py:190} INFO - [2025-03-29T17:20:25.468+0000] {dagbag.py:588} INFO - Filling up the DagBag from /home/airflow/.local/lib/python3.12/site-packages/airflow/example_dags/example_inlet_event_extra.py
[2025-03-29T17:20:25.853+0000] {processor.py:925} INFO - DAG(s) 'read_dataset_event', 'read_dataset_event_from_classic' retrieved from /home/airflow/.local/lib/python3.12/site-packages/airflow/example_dags/example_inlet_event_extra.py
[2025-03-29T17:20:25.866+0000] {logging_mixin.py:190} INFO - [2025-03-29T17:20:25.866+0000] {dag.py:3239} INFO - Sync 2 DAGs
[2025-03-29T17:20:25.883+0000] {logging_mixin.py:190} INFO - [2025-03-29T17:20:25.883+0000] {dag.py:4180} INFO - Setting next_dagrun for read_dataset_event to 2025-03-28 00:00:00+00:00, run_after=2025-03-29 00:00:00+00:00
[2025-03-29T17:20:25.887+0000] {logging_mixin.py:190} INFO - [2025-03-29T17:20:25.887+0000] {dag.py:4180} INFO - Setting next_dagrun for read_dataset_event_from_classic to 2025-03-28 00:00:00+00:00, run_after=2025-03-29 00:00:00+00:00
[2025-03-29T17:20:25.898+0000] {processor.py:208} INFO - Processing /home/airflow/.local/lib/python3.12/site-packages/airflow/example_dags/example_inlet_event_extra.py took 0.436 seconds
[2025-03-29T17:20:56.828+0000] {processor.py:186} INFO - Started process (PID=677) to work on /home/airflow/.local/lib/python3.12/site-packages/airflow/example_dags/example_inlet_event_extra.py
[2025-03-29T17:20:56.830+0000] {processor.py:914} INFO - Processing file /home/airflow/.local/lib/python3.12/site-packages/airflow/example_dags/example_inlet_event_extra.py for tasks to queue
[2025-03-29T17:20:56.833+0000] {logging_mixin.py:190} INFO - [2025-03-29T17:20:56.833+0000] {dagbag.py:588} INFO - Filling up the DagBag from /home/airflow/.local/lib/python3.12/site-packages/airflow/example_dags/example_inlet_event_extra.py
[2025-03-29T17:20:57.286+0000] {processor.py:925} INFO - DAG(s) 'read_dataset_event_from_classic', 'read_dataset_event' retrieved from /home/airflow/.local/lib/python3.12/site-packages/airflow/example_dags/example_inlet_event_extra.py
[2025-03-29T17:20:57.298+0000] {logging_mixin.py:190} INFO - [2025-03-29T17:20:57.298+0000] {dag.py:3239} INFO - Sync 2 DAGs
[2025-03-29T17:20:57.315+0000] {logging_mixin.py:190} INFO - [2025-03-29T17:20:57.315+0000] {dag.py:4180} INFO - Setting next_dagrun for read_dataset_event to 2025-03-28 00:00:00+00:00, run_after=2025-03-29 00:00:00+00:00
[2025-03-29T17:20:57.318+0000] {logging_mixin.py:190} INFO - [2025-03-29T17:20:57.318+0000] {dag.py:4180} INFO - Setting next_dagrun for read_dataset_event_from_classic to 2025-03-28 00:00:00+00:00, run_after=2025-03-29 00:00:00+00:00
[2025-03-29T17:20:57.330+0000] {processor.py:208} INFO - Processing /home/airflow/.local/lib/python3.12/site-packages/airflow/example_dags/example_inlet_event_extra.py took 0.508 seconds
[2025-03-29T17:21:27.477+0000] {processor.py:186} INFO - Started process (PID=746) to work on /home/airflow/.local/lib/python3.12/site-packages/airflow/example_dags/example_inlet_event_extra.py
[2025-03-29T17:21:27.479+0000] {processor.py:914} INFO - Processing file /home/airflow/.local/lib/python3.12/site-packages/airflow/example_dags/example_inlet_event_extra.py for tasks to queue
[2025-03-29T17:21:27.480+0000] {logging_mixin.py:190} INFO - [2025-03-29T17:21:27.480+0000] {dagbag.py:588} INFO - Filling up the DagBag from /home/airflow/.local/lib/python3.12/site-packages/airflow/example_dags/example_inlet_event_extra.py
[2025-03-29T17:21:27.861+0000] {processor.py:925} INFO - DAG(s) 'read_dataset_event', 'read_dataset_event_from_classic' retrieved from /home/airflow/.local/lib/python3.12/site-packages/airflow/example_dags/example_inlet_event_extra.py
[2025-03-29T17:21:27.873+0000] {logging_mixin.py:190} INFO - [2025-03-29T17:21:27.873+0000] {dag.py:3239} INFO - Sync 2 DAGs
[2025-03-29T17:21:27.889+0000] {logging_mixin.py:190} INFO - [2025-03-29T17:21:27.889+0000] {dag.py:4180} INFO - Setting next_dagrun for read_dataset_event to 2025-03-28 00:00:00+00:00, run_after=2025-03-29 00:00:00+00:00
[2025-03-29T17:21:27.893+0000] {logging_mixin.py:190} INFO - [2025-03-29T17:21:27.893+0000] {dag.py:4180} INFO - Setting next_dagrun for read_dataset_event_from_classic to 2025-03-28 00:00:00+00:00, run_after=2025-03-29 00:00:00+00:00
[2025-03-29T17:21:27.903+0000] {processor.py:208} INFO - Processing /home/airflow/.local/lib/python3.12/site-packages/airflow/example_dags/example_inlet_event_extra.py took 0.429 seconds
[2025-03-29T17:21:58.743+0000] {processor.py:186} INFO - Started process (PID=809) to work on /home/airflow/.local/lib/python3.12/site-packages/airflow/example_dags/example_inlet_event_extra.py
[2025-03-29T17:21:58.746+0000] {processor.py:914} INFO - Processing file /home/airflow/.local/lib/python3.12/site-packages/airflow/example_dags/example_inlet_event_extra.py for tasks to queue
[2025-03-29T17:21:58.748+0000] {logging_mixin.py:190} INFO - [2025-03-29T17:21:58.748+0000] {dagbag.py:588} INFO - Filling up the DagBag from /home/airflow/.local/lib/python3.12/site-packages/airflow/example_dags/example_inlet_event_extra.py
[2025-03-29T17:21:59.131+0000] {processor.py:925} INFO - DAG(s) 'read_dataset_event', 'read_dataset_event_from_classic' retrieved from /home/airflow/.local/lib/python3.12/site-packages/airflow/example_dags/example_inlet_event_extra.py
[2025-03-29T17:21:59.144+0000] {logging_mixin.py:190} INFO - [2025-03-29T17:21:59.143+0000] {dag.py:3239} INFO - Sync 2 DAGs
[2025-03-29T17:21:59.161+0000] {logging_mixin.py:190} INFO - [2025-03-29T17:21:59.161+0000] {dag.py:4180} INFO - Setting next_dagrun for read_dataset_event to 2025-03-28 00:00:00+00:00, run_after=2025-03-29 00:00:00+00:00
[2025-03-29T17:21:59.165+0000] {logging_mixin.py:190} INFO - [2025-03-29T17:21:59.164+0000] {dag.py:4180} INFO - Setting next_dagrun for read_dataset_event_from_classic to 2025-03-28 00:00:00+00:00, run_after=2025-03-29 00:00:00+00:00
[2025-03-29T17:21:59.177+0000] {processor.py:208} INFO - Processing /home/airflow/.local/lib/python3.12/site-packages/airflow/example_dags/example_inlet_event_extra.py took 0.436 seconds
[2025-03-29T17:22:30.120+0000] {processor.py:186} INFO - Started process (PID=872) to work on /home/airflow/.local/lib/python3.12/site-packages/airflow/example_dags/example_inlet_event_extra.py
[2025-03-29T17:22:30.123+0000] {processor.py:914} INFO - Processing file /home/airflow/.local/lib/python3.12/site-packages/airflow/example_dags/example_inlet_event_extra.py for tasks to queue
[2025-03-29T17:22:30.126+0000] {logging_mixin.py:190} INFO - [2025-03-29T17:22:30.125+0000] {dagbag.py:588} INFO - Filling up the DagBag from /home/airflow/.local/lib/python3.12/site-packages/airflow/example_dags/example_inlet_event_extra.py
[2025-03-29T17:22:30.648+0000] {processor.py:925} INFO - DAG(s) 'read_dataset_event_from_classic', 'read_dataset_event' retrieved from /home/airflow/.local/lib/python3.12/site-packages/airflow/example_dags/example_inlet_event_extra.py
[2025-03-29T17:22:30.667+0000] {logging_mixin.py:190} INFO - [2025-03-29T17:22:30.667+0000] {dag.py:3239} INFO - Sync 2 DAGs
[2025-03-29T17:22:30.692+0000] {logging_mixin.py:190} INFO - [2025-03-29T17:22:30.692+0000] {dag.py:4180} INFO - Setting next_dagrun for read_dataset_event to 2025-03-28 00:00:00+00:00, run_after=2025-03-29 00:00:00+00:00
[2025-03-29T17:22:30.696+0000] {logging_mixin.py:190} INFO - [2025-03-29T17:22:30.696+0000] {dag.py:4180} INFO - Setting next_dagrun for read_dataset_event_from_classic to 2025-03-28 00:00:00+00:00, run_after=2025-03-29 00:00:00+00:00
[2025-03-29T17:22:30.711+0000] {processor.py:208} INFO - Processing /home/airflow/.local/lib/python3.12/site-packages/airflow/example_dags/example_inlet_event_extra.py took 0.599 seconds
[2025-03-29T17:23:00.913+0000] {processor.py:186} INFO - Started process (PID=935) to work on /home/airflow/.local/lib/python3.12/site-packages/airflow/example_dags/example_inlet_event_extra.py
[2025-03-29T17:23:00.914+0000] {processor.py:914} INFO - Processing file /home/airflow/.local/lib/python3.12/site-packages/airflow/example_dags/example_inlet_event_extra.py for tasks to queue
[2025-03-29T17:23:00.916+0000] {logging_mixin.py:190} INFO - [2025-03-29T17:23:00.916+0000] {dagbag.py:588} INFO - Filling up the DagBag from /home/airflow/.local/lib/python3.12/site-packages/airflow/example_dags/example_inlet_event_extra.py
[2025-03-29T17:23:01.328+0000] {processor.py:925} INFO - DAG(s) 'read_dataset_event_from_classic', 'read_dataset_event' retrieved from /home/airflow/.local/lib/python3.12/site-packages/airflow/example_dags/example_inlet_event_extra.py
[2025-03-29T17:23:01.340+0000] {logging_mixin.py:190} INFO - [2025-03-29T17:23:01.340+0000] {dag.py:3239} INFO - Sync 2 DAGs
[2025-03-29T17:23:01.355+0000] {logging_mixin.py:190} INFO - [2025-03-29T17:23:01.355+0000] {dag.py:4180} INFO - Setting next_dagrun for read_dataset_event to 2025-03-28 00:00:00+00:00, run_after=2025-03-29 00:00:00+00:00
[2025-03-29T17:23:01.359+0000] {logging_mixin.py:190} INFO - [2025-03-29T17:23:01.359+0000] {dag.py:4180} INFO - Setting next_dagrun for read_dataset_event_from_classic to 2025-03-28 00:00:00+00:00, run_after=2025-03-29 00:00:00+00:00
[2025-03-29T17:23:01.370+0000] {processor.py:208} INFO - Processing /home/airflow/.local/lib/python3.12/site-packages/airflow/example_dags/example_inlet_event_extra.py took 0.464 seconds
[2025-03-29T17:26:03.665+0000] {processor.py:186} INFO - Started process (PID=44) to work on /home/airflow/.local/lib/python3.12/site-packages/airflow/example_dags/example_inlet_event_extra.py
[2025-03-29T17:26:03.666+0000] {processor.py:914} INFO - Processing file /home/airflow/.local/lib/python3.12/site-packages/airflow/example_dags/example_inlet_event_extra.py for tasks to queue
[2025-03-29T17:26:03.672+0000] {logging_mixin.py:190} INFO - [2025-03-29T17:26:03.672+0000] {dagbag.py:588} INFO - Filling up the DagBag from /home/airflow/.local/lib/python3.12/site-packages/airflow/example_dags/example_inlet_event_extra.py
[2025-03-29T17:26:05.173+0000] {processor.py:925} INFO - DAG(s) 'read_dataset_event_from_classic', 'read_dataset_event' retrieved from /home/airflow/.local/lib/python3.12/site-packages/airflow/example_dags/example_inlet_event_extra.py
[2025-03-29T17:26:05.496+0000] {logging_mixin.py:190} INFO - [2025-03-29T17:26:05.495+0000] {override.py:1912} INFO - Created Permission View: can delete on DAG:read_dataset_event_from_classic
[2025-03-29T17:26:05.511+0000] {logging_mixin.py:190} INFO - [2025-03-29T17:26:05.511+0000] {override.py:1912} INFO - Created Permission View: can read on DAG:read_dataset_event_from_classic
[2025-03-29T17:26:05.529+0000] {logging_mixin.py:190} INFO - [2025-03-29T17:26:05.529+0000] {override.py:1912} INFO - Created Permission View: can edit on DAG:read_dataset_event_from_classic
[2025-03-29T17:26:05.546+0000] {logging_mixin.py:190} INFO - [2025-03-29T17:26:05.545+0000] {override.py:1912} INFO - Created Permission View: can delete on DAG Run:read_dataset_event_from_classic
[2025-03-29T17:26:05.556+0000] {logging_mixin.py:190} INFO - [2025-03-29T17:26:05.556+0000] {override.py:1912} INFO - Created Permission View: can read on DAG Run:read_dataset_event_from_classic
[2025-03-29T17:26:05.587+0000] {logging_mixin.py:190} INFO - [2025-03-29T17:26:05.586+0000] {override.py:1912} INFO - Created Permission View: can create on DAG Run:read_dataset_event_from_classic
[2025-03-29T17:26:05.600+0000] {logging_mixin.py:190} INFO - [2025-03-29T17:26:05.600+0000] {override.py:1912} INFO - Created Permission View: menu access on DAG Run:read_dataset_event_from_classic
[2025-03-29T17:26:05.637+0000] {logging_mixin.py:190} INFO - [2025-03-29T17:26:05.636+0000] {override.py:1912} INFO - Created Permission View: can delete on DAG:read_dataset_event
[2025-03-29T17:26:05.648+0000] {logging_mixin.py:190} INFO - [2025-03-29T17:26:05.648+0000] {override.py:1912} INFO - Created Permission View: can read on DAG:read_dataset_event
[2025-03-29T17:26:05.668+0000] {logging_mixin.py:190} INFO - [2025-03-29T17:26:05.668+0000] {override.py:1912} INFO - Created Permission View: can edit on DAG:read_dataset_event
[2025-03-29T17:26:05.689+0000] {logging_mixin.py:190} INFO - [2025-03-29T17:26:05.689+0000] {override.py:1912} INFO - Created Permission View: can delete on DAG Run:read_dataset_event
[2025-03-29T17:26:05.714+0000] {logging_mixin.py:190} INFO - [2025-03-29T17:26:05.713+0000] {override.py:1912} INFO - Created Permission View: can read on DAG Run:read_dataset_event
[2025-03-29T17:26:05.721+0000] {logging_mixin.py:190} INFO - [2025-03-29T17:26:05.721+0000] {override.py:1912} INFO - Created Permission View: can create on DAG Run:read_dataset_event
[2025-03-29T17:26:05.729+0000] {logging_mixin.py:190} INFO - [2025-03-29T17:26:05.729+0000] {override.py:1912} INFO - Created Permission View: menu access on DAG Run:read_dataset_event
[2025-03-29T17:26:05.729+0000] {logging_mixin.py:190} INFO - [2025-03-29T17:26:05.729+0000] {dag.py:3239} INFO - Sync 2 DAGs
[2025-03-29T17:26:05.762+0000] {logging_mixin.py:190} INFO - [2025-03-29T17:26:05.761+0000] {dag.py:3262} INFO - Creating ORM DAG for read_dataset_event_from_classic
[2025-03-29T17:26:05.763+0000] {logging_mixin.py:190} INFO - [2025-03-29T17:26:05.763+0000] {dag.py:3262} INFO - Creating ORM DAG for read_dataset_event
[2025-03-29T17:26:05.790+0000] {logging_mixin.py:190} INFO - [2025-03-29T17:26:05.789+0000] {dag.py:4180} INFO - Setting next_dagrun for read_dataset_event to 2025-03-28 00:00:00+00:00, run_after=2025-03-29 00:00:00+00:00
[2025-03-29T17:26:05.793+0000] {logging_mixin.py:190} INFO - [2025-03-29T17:26:05.793+0000] {dag.py:4180} INFO - Setting next_dagrun for read_dataset_event_from_classic to 2025-03-28 00:00:00+00:00, run_after=2025-03-29 00:00:00+00:00
[2025-03-29T17:26:05.823+0000] {processor.py:208} INFO - Processing /home/airflow/.local/lib/python3.12/site-packages/airflow/example_dags/example_inlet_event_extra.py took 2.162 seconds
[2025-03-29T17:26:36.137+0000] {processor.py:186} INFO - Started process (PID=110) to work on /home/airflow/.local/lib/python3.12/site-packages/airflow/example_dags/example_inlet_event_extra.py
[2025-03-29T17:26:36.137+0000] {processor.py:914} INFO - Processing file /home/airflow/.local/lib/python3.12/site-packages/airflow/example_dags/example_inlet_event_extra.py for tasks to queue
[2025-03-29T17:26:36.138+0000] {logging_mixin.py:190} INFO - [2025-03-29T17:26:36.138+0000] {dagbag.py:588} INFO - Filling up the DagBag from /home/airflow/.local/lib/python3.12/site-packages/airflow/example_dags/example_inlet_event_extra.py
[2025-03-29T17:26:36.555+0000] {processor.py:925} INFO - DAG(s) 'read_dataset_event', 'read_dataset_event_from_classic' retrieved from /home/airflow/.local/lib/python3.12/site-packages/airflow/example_dags/example_inlet_event_extra.py
[2025-03-29T17:26:36.568+0000] {logging_mixin.py:190} INFO - [2025-03-29T17:26:36.568+0000] {dag.py:3239} INFO - Sync 2 DAGs
[2025-03-29T17:26:36.584+0000] {logging_mixin.py:190} INFO - [2025-03-29T17:26:36.584+0000] {dag.py:4180} INFO - Setting next_dagrun for read_dataset_event to 2025-03-28 00:00:00+00:00, run_after=2025-03-29 00:00:00+00:00
[2025-03-29T17:26:36.587+0000] {logging_mixin.py:190} INFO - [2025-03-29T17:26:36.587+0000] {dag.py:4180} INFO - Setting next_dagrun for read_dataset_event_from_classic to 2025-03-28 00:00:00+00:00, run_after=2025-03-29 00:00:00+00:00
[2025-03-29T17:26:36.598+0000] {processor.py:208} INFO - Processing /home/airflow/.local/lib/python3.12/site-packages/airflow/example_dags/example_inlet_event_extra.py took 0.465 seconds
[2025-03-29T17:27:07.026+0000] {processor.py:186} INFO - Started process (PID=173) to work on /home/airflow/.local/lib/python3.12/site-packages/airflow/example_dags/example_inlet_event_extra.py
[2025-03-29T17:27:07.027+0000] {processor.py:914} INFO - Processing file /home/airflow/.local/lib/python3.12/site-packages/airflow/example_dags/example_inlet_event_extra.py for tasks to queue
[2025-03-29T17:27:07.028+0000] {logging_mixin.py:190} INFO - [2025-03-29T17:27:07.028+0000] {dagbag.py:588} INFO - Filling up the DagBag from /home/airflow/.local/lib/python3.12/site-packages/airflow/example_dags/example_inlet_event_extra.py
[2025-03-29T17:27:07.456+0000] {processor.py:925} INFO - DAG(s) 'read_dataset_event', 'read_dataset_event_from_classic' retrieved from /home/airflow/.local/lib/python3.12/site-packages/airflow/example_dags/example_inlet_event_extra.py
[2025-03-29T17:27:07.469+0000] {logging_mixin.py:190} INFO - [2025-03-29T17:27:07.469+0000] {dag.py:3239} INFO - Sync 2 DAGs
[2025-03-29T17:27:07.489+0000] {logging_mixin.py:190} INFO - [2025-03-29T17:27:07.489+0000] {dag.py:4180} INFO - Setting next_dagrun for read_dataset_event to 2025-03-28 00:00:00+00:00, run_after=2025-03-29 00:00:00+00:00
[2025-03-29T17:27:07.493+0000] {logging_mixin.py:190} INFO - [2025-03-29T17:27:07.493+0000] {dag.py:4180} INFO - Setting next_dagrun for read_dataset_event_from_classic to 2025-03-28 00:00:00+00:00, run_after=2025-03-29 00:00:00+00:00
[2025-03-29T17:27:07.504+0000] {processor.py:208} INFO - Processing /home/airflow/.local/lib/python3.12/site-packages/airflow/example_dags/example_inlet_event_extra.py took 0.481 seconds
[2025-03-29T17:27:37.552+0000] {processor.py:186} INFO - Started process (PID=236) to work on /home/airflow/.local/lib/python3.12/site-packages/airflow/example_dags/example_inlet_event_extra.py
[2025-03-29T17:27:37.570+0000] {processor.py:914} INFO - Processing file /home/airflow/.local/lib/python3.12/site-packages/airflow/example_dags/example_inlet_event_extra.py for tasks to queue
[2025-03-29T17:27:37.571+0000] {logging_mixin.py:190} INFO - [2025-03-29T17:27:37.571+0000] {dagbag.py:588} INFO - Filling up the DagBag from /home/airflow/.local/lib/python3.12/site-packages/airflow/example_dags/example_inlet_event_extra.py
[2025-03-29T17:27:37.961+0000] {processor.py:925} INFO - DAG(s) 'read_dataset_event', 'read_dataset_event_from_classic' retrieved from /home/airflow/.local/lib/python3.12/site-packages/airflow/example_dags/example_inlet_event_extra.py
[2025-03-29T17:27:37.974+0000] {logging_mixin.py:190} INFO - [2025-03-29T17:27:37.973+0000] {dag.py:3239} INFO - Sync 2 DAGs
[2025-03-29T17:27:37.991+0000] {logging_mixin.py:190} INFO - [2025-03-29T17:27:37.991+0000] {dag.py:4180} INFO - Setting next_dagrun for read_dataset_event to 2025-03-28 00:00:00+00:00, run_after=2025-03-29 00:00:00+00:00
[2025-03-29T17:27:37.994+0000] {logging_mixin.py:190} INFO - [2025-03-29T17:27:37.994+0000] {dag.py:4180} INFO - Setting next_dagrun for read_dataset_event_from_classic to 2025-03-28 00:00:00+00:00, run_after=2025-03-29 00:00:00+00:00
[2025-03-29T17:27:38.007+0000] {processor.py:208} INFO - Processing /home/airflow/.local/lib/python3.12/site-packages/airflow/example_dags/example_inlet_event_extra.py took 0.458 seconds
[2025-03-29T17:28:08.807+0000] {processor.py:186} INFO - Started process (PID=299) to work on /home/airflow/.local/lib/python3.12/site-packages/airflow/example_dags/example_inlet_event_extra.py
[2025-03-29T17:28:08.808+0000] {processor.py:914} INFO - Processing file /home/airflow/.local/lib/python3.12/site-packages/airflow/example_dags/example_inlet_event_extra.py for tasks to queue
[2025-03-29T17:28:08.809+0000] {logging_mixin.py:190} INFO - [2025-03-29T17:28:08.809+0000] {dagbag.py:588} INFO - Filling up the DagBag from /home/airflow/.local/lib/python3.12/site-packages/airflow/example_dags/example_inlet_event_extra.py
[2025-03-29T17:28:09.239+0000] {processor.py:925} INFO - DAG(s) 'read_dataset_event_from_classic', 'read_dataset_event' retrieved from /home/airflow/.local/lib/python3.12/site-packages/airflow/example_dags/example_inlet_event_extra.py
[2025-03-29T17:28:09.255+0000] {logging_mixin.py:190} INFO - [2025-03-29T17:28:09.255+0000] {dag.py:3239} INFO - Sync 2 DAGs
[2025-03-29T17:28:09.275+0000] {logging_mixin.py:190} INFO - [2025-03-29T17:28:09.274+0000] {dag.py:4180} INFO - Setting next_dagrun for read_dataset_event to 2025-03-28 00:00:00+00:00, run_after=2025-03-29 00:00:00+00:00
[2025-03-29T17:28:09.278+0000] {logging_mixin.py:190} INFO - [2025-03-29T17:28:09.278+0000] {dag.py:4180} INFO - Setting next_dagrun for read_dataset_event_from_classic to 2025-03-28 00:00:00+00:00, run_after=2025-03-29 00:00:00+00:00
[2025-03-29T17:28:09.293+0000] {processor.py:208} INFO - Processing /home/airflow/.local/lib/python3.12/site-packages/airflow/example_dags/example_inlet_event_extra.py took 0.489 seconds
[2025-03-29T17:28:39.341+0000] {processor.py:186} INFO - Started process (PID=362) to work on /home/airflow/.local/lib/python3.12/site-packages/airflow/example_dags/example_inlet_event_extra.py
[2025-03-29T17:28:39.343+0000] {processor.py:914} INFO - Processing file /home/airflow/.local/lib/python3.12/site-packages/airflow/example_dags/example_inlet_event_extra.py for tasks to queue
[2025-03-29T17:28:39.344+0000] {logging_mixin.py:190} INFO - [2025-03-29T17:28:39.344+0000] {dagbag.py:588} INFO - Filling up the DagBag from /home/airflow/.local/lib/python3.12/site-packages/airflow/example_dags/example_inlet_event_extra.py
[2025-03-29T17:28:39.779+0000] {processor.py:925} INFO - DAG(s) 'read_dataset_event', 'read_dataset_event_from_classic' retrieved from /home/airflow/.local/lib/python3.12/site-packages/airflow/example_dags/example_inlet_event_extra.py
[2025-03-29T17:28:39.793+0000] {logging_mixin.py:190} INFO - [2025-03-29T17:28:39.793+0000] {dag.py:3239} INFO - Sync 2 DAGs
[2025-03-29T17:28:39.812+0000] {logging_mixin.py:190} INFO - [2025-03-29T17:28:39.812+0000] {dag.py:4180} INFO - Setting next_dagrun for read_dataset_event to 2025-03-28 00:00:00+00:00, run_after=2025-03-29 00:00:00+00:00
[2025-03-29T17:28:39.816+0000] {logging_mixin.py:190} INFO - [2025-03-29T17:28:39.816+0000] {dag.py:4180} INFO - Setting next_dagrun for read_dataset_event_from_classic to 2025-03-28 00:00:00+00:00, run_after=2025-03-29 00:00:00+00:00
[2025-03-29T17:28:39.829+0000] {processor.py:208} INFO - Processing /home/airflow/.local/lib/python3.12/site-packages/airflow/example_dags/example_inlet_event_extra.py took 0.491 seconds
[2025-03-29T17:29:10.691+0000] {processor.py:186} INFO - Started process (PID=425) to work on /home/airflow/.local/lib/python3.12/site-packages/airflow/example_dags/example_inlet_event_extra.py
[2025-03-29T17:29:10.695+0000] {processor.py:914} INFO - Processing file /home/airflow/.local/lib/python3.12/site-packages/airflow/example_dags/example_inlet_event_extra.py for tasks to queue
[2025-03-29T17:29:10.697+0000] {logging_mixin.py:190} INFO - [2025-03-29T17:29:10.696+0000] {dagbag.py:588} INFO - Filling up the DagBag from /home/airflow/.local/lib/python3.12/site-packages/airflow/example_dags/example_inlet_event_extra.py
[2025-03-29T17:29:11.095+0000] {processor.py:925} INFO - DAG(s) 'read_dataset_event_from_classic', 'read_dataset_event' retrieved from /home/airflow/.local/lib/python3.12/site-packages/airflow/example_dags/example_inlet_event_extra.py
[2025-03-29T17:29:11.108+0000] {logging_mixin.py:190} INFO - [2025-03-29T17:29:11.108+0000] {dag.py:3239} INFO - Sync 2 DAGs
[2025-03-29T17:29:11.126+0000] {logging_mixin.py:190} INFO - [2025-03-29T17:29:11.126+0000] {dag.py:4180} INFO - Setting next_dagrun for read_dataset_event to 2025-03-28 00:00:00+00:00, run_after=2025-03-29 00:00:00+00:00
[2025-03-29T17:29:11.131+0000] {logging_mixin.py:190} INFO - [2025-03-29T17:29:11.131+0000] {dag.py:4180} INFO - Setting next_dagrun for read_dataset_event_from_classic to 2025-03-28 00:00:00+00:00, run_after=2025-03-29 00:00:00+00:00
[2025-03-29T17:29:11.144+0000] {processor.py:208} INFO - Processing /home/airflow/.local/lib/python3.12/site-packages/airflow/example_dags/example_inlet_event_extra.py took 0.456 seconds
[2025-03-29T17:29:42.003+0000] {processor.py:186} INFO - Started process (PID=488) to work on /home/airflow/.local/lib/python3.12/site-packages/airflow/example_dags/example_inlet_event_extra.py
[2025-03-29T17:29:42.005+0000] {processor.py:914} INFO - Processing file /home/airflow/.local/lib/python3.12/site-packages/airflow/example_dags/example_inlet_event_extra.py for tasks to queue
[2025-03-29T17:29:42.009+0000] {logging_mixin.py:190} INFO - [2025-03-29T17:29:42.009+0000] {dagbag.py:588} INFO - Filling up the DagBag from /home/airflow/.local/lib/python3.12/site-packages/airflow/example_dags/example_inlet_event_extra.py
[2025-03-29T17:29:42.553+0000] {processor.py:925} INFO - DAG(s) 'read_dataset_event_from_classic', 'read_dataset_event' retrieved from /home/airflow/.local/lib/python3.12/site-packages/airflow/example_dags/example_inlet_event_extra.py
[2025-03-29T17:29:42.567+0000] {logging_mixin.py:190} INFO - [2025-03-29T17:29:42.567+0000] {dag.py:3239} INFO - Sync 2 DAGs
[2025-03-29T17:29:42.585+0000] {logging_mixin.py:190} INFO - [2025-03-29T17:29:42.585+0000] {dag.py:4180} INFO - Setting next_dagrun for read_dataset_event to 2025-03-28 00:00:00+00:00, run_after=2025-03-29 00:00:00+00:00
[2025-03-29T17:29:42.589+0000] {logging_mixin.py:190} INFO - [2025-03-29T17:29:42.589+0000] {dag.py:4180} INFO - Setting next_dagrun for read_dataset_event_from_classic to 2025-03-28 00:00:00+00:00, run_after=2025-03-29 00:00:00+00:00
[2025-03-29T17:29:42.602+0000] {processor.py:208} INFO - Processing /home/airflow/.local/lib/python3.12/site-packages/airflow/example_dags/example_inlet_event_extra.py took 0.604 seconds
[2025-03-29T17:30:13.581+0000] {processor.py:186} INFO - Started process (PID=551) to work on /home/airflow/.local/lib/python3.12/site-packages/airflow/example_dags/example_inlet_event_extra.py
[2025-03-29T17:30:13.582+0000] {processor.py:914} INFO - Processing file /home/airflow/.local/lib/python3.12/site-packages/airflow/example_dags/example_inlet_event_extra.py for tasks to queue
[2025-03-29T17:30:13.584+0000] {logging_mixin.py:190} INFO - [2025-03-29T17:30:13.584+0000] {dagbag.py:588} INFO - Filling up the DagBag from /home/airflow/.local/lib/python3.12/site-packages/airflow/example_dags/example_inlet_event_extra.py
[2025-03-29T17:30:14.055+0000] {processor.py:925} INFO - DAG(s) 'read_dataset_event_from_classic', 'read_dataset_event' retrieved from /home/airflow/.local/lib/python3.12/site-packages/airflow/example_dags/example_inlet_event_extra.py
[2025-03-29T17:30:14.067+0000] {logging_mixin.py:190} INFO - [2025-03-29T17:30:14.067+0000] {dag.py:3239} INFO - Sync 2 DAGs
[2025-03-29T17:30:14.091+0000] {logging_mixin.py:190} INFO - [2025-03-29T17:30:14.091+0000] {dag.py:4180} INFO - Setting next_dagrun for read_dataset_event to 2025-03-28 00:00:00+00:00, run_after=2025-03-29 00:00:00+00:00
[2025-03-29T17:30:14.096+0000] {logging_mixin.py:190} INFO - [2025-03-29T17:30:14.096+0000] {dag.py:4180} INFO - Setting next_dagrun for read_dataset_event_from_classic to 2025-03-28 00:00:00+00:00, run_after=2025-03-29 00:00:00+00:00
[2025-03-29T17:30:14.114+0000] {processor.py:208} INFO - Processing /home/airflow/.local/lib/python3.12/site-packages/airflow/example_dags/example_inlet_event_extra.py took 0.537 seconds
[2025-03-29T17:30:44.245+0000] {processor.py:186} INFO - Started process (PID=614) to work on /home/airflow/.local/lib/python3.12/site-packages/airflow/example_dags/example_inlet_event_extra.py
[2025-03-29T17:30:44.247+0000] {processor.py:914} INFO - Processing file /home/airflow/.local/lib/python3.12/site-packages/airflow/example_dags/example_inlet_event_extra.py for tasks to queue
[2025-03-29T17:30:44.249+0000] {logging_mixin.py:190} INFO - [2025-03-29T17:30:44.248+0000] {dagbag.py:588} INFO - Filling up the DagBag from /home/airflow/.local/lib/python3.12/site-packages/airflow/example_dags/example_inlet_event_extra.py
[2025-03-29T17:30:44.701+0000] {processor.py:925} INFO - DAG(s) 'read_dataset_event_from_classic', 'read_dataset_event' retrieved from /home/airflow/.local/lib/python3.12/site-packages/airflow/example_dags/example_inlet_event_extra.py
[2025-03-29T17:30:44.722+0000] {logging_mixin.py:190} INFO - [2025-03-29T17:30:44.721+0000] {dag.py:3239} INFO - Sync 2 DAGs
[2025-03-29T17:30:44.741+0000] {logging_mixin.py:190} INFO - [2025-03-29T17:30:44.741+0000] {dag.py:4180} INFO - Setting next_dagrun for read_dataset_event to 2025-03-28 00:00:00+00:00, run_after=2025-03-29 00:00:00+00:00
[2025-03-29T17:30:44.745+0000] {logging_mixin.py:190} INFO - [2025-03-29T17:30:44.745+0000] {dag.py:4180} INFO - Setting next_dagrun for read_dataset_event_from_classic to 2025-03-28 00:00:00+00:00, run_after=2025-03-29 00:00:00+00:00
[2025-03-29T17:30:44.760+0000] {processor.py:208} INFO - Processing /home/airflow/.local/lib/python3.12/site-packages/airflow/example_dags/example_inlet_event_extra.py took 0.518 seconds
[2025-03-29T17:31:15.532+0000] {processor.py:186} INFO - Started process (PID=677) to work on /home/airflow/.local/lib/python3.12/site-packages/airflow/example_dags/example_inlet_event_extra.py
[2025-03-29T17:31:15.534+0000] {processor.py:914} INFO - Processing file /home/airflow/.local/lib/python3.12/site-packages/airflow/example_dags/example_inlet_event_extra.py for tasks to queue
[2025-03-29T17:31:15.535+0000] {logging_mixin.py:190} INFO - [2025-03-29T17:31:15.535+0000] {dagbag.py:588} INFO - Filling up the DagBag from /home/airflow/.local/lib/python3.12/site-packages/airflow/example_dags/example_inlet_event_extra.py
[2025-03-29T17:31:15.923+0000] {processor.py:925} INFO - DAG(s) 'read_dataset_event', 'read_dataset_event_from_classic' retrieved from /home/airflow/.local/lib/python3.12/site-packages/airflow/example_dags/example_inlet_event_extra.py
[2025-03-29T17:31:15.936+0000] {logging_mixin.py:190} INFO - [2025-03-29T17:31:15.936+0000] {dag.py:3239} INFO - Sync 2 DAGs
[2025-03-29T17:31:15.953+0000] {logging_mixin.py:190} INFO - [2025-03-29T17:31:15.953+0000] {dag.py:4180} INFO - Setting next_dagrun for read_dataset_event to 2025-03-28 00:00:00+00:00, run_after=2025-03-29 00:00:00+00:00
[2025-03-29T17:31:15.957+0000] {logging_mixin.py:190} INFO - [2025-03-29T17:31:15.957+0000] {dag.py:4180} INFO - Setting next_dagrun for read_dataset_event_from_classic to 2025-03-28 00:00:00+00:00, run_after=2025-03-29 00:00:00+00:00
[2025-03-29T17:31:15.969+0000] {processor.py:208} INFO - Processing /home/airflow/.local/lib/python3.12/site-packages/airflow/example_dags/example_inlet_event_extra.py took 0.441 seconds
[2025-03-29T17:31:46.795+0000] {processor.py:186} INFO - Started process (PID=746) to work on /home/airflow/.local/lib/python3.12/site-packages/airflow/example_dags/example_inlet_event_extra.py
[2025-03-29T17:31:46.796+0000] {processor.py:914} INFO - Processing file /home/airflow/.local/lib/python3.12/site-packages/airflow/example_dags/example_inlet_event_extra.py for tasks to queue
[2025-03-29T17:31:46.800+0000] {logging_mixin.py:190} INFO - [2025-03-29T17:31:46.799+0000] {dagbag.py:588} INFO - Filling up the DagBag from /home/airflow/.local/lib/python3.12/site-packages/airflow/example_dags/example_inlet_event_extra.py
[2025-03-29T17:31:47.291+0000] {processor.py:925} INFO - DAG(s) 'read_dataset_event_from_classic', 'read_dataset_event' retrieved from /home/airflow/.local/lib/python3.12/site-packages/airflow/example_dags/example_inlet_event_extra.py
[2025-03-29T17:31:47.303+0000] {logging_mixin.py:190} INFO - [2025-03-29T17:31:47.303+0000] {dag.py:3239} INFO - Sync 2 DAGs
[2025-03-29T17:31:47.322+0000] {logging_mixin.py:190} INFO - [2025-03-29T17:31:47.322+0000] {dag.py:4180} INFO - Setting next_dagrun for read_dataset_event to 2025-03-28 00:00:00+00:00, run_after=2025-03-29 00:00:00+00:00
[2025-03-29T17:31:47.326+0000] {logging_mixin.py:190} INFO - [2025-03-29T17:31:47.326+0000] {dag.py:4180} INFO - Setting next_dagrun for read_dataset_event_from_classic to 2025-03-28 00:00:00+00:00, run_after=2025-03-29 00:00:00+00:00
[2025-03-29T17:31:47.338+0000] {processor.py:208} INFO - Processing /home/airflow/.local/lib/python3.12/site-packages/airflow/example_dags/example_inlet_event_extra.py took 0.550 seconds
[2025-03-29T17:32:17.376+0000] {processor.py:186} INFO - Started process (PID=809) to work on /home/airflow/.local/lib/python3.12/site-packages/airflow/example_dags/example_inlet_event_extra.py
[2025-03-29T17:32:17.379+0000] {processor.py:914} INFO - Processing file /home/airflow/.local/lib/python3.12/site-packages/airflow/example_dags/example_inlet_event_extra.py for tasks to queue
[2025-03-29T17:32:17.380+0000] {logging_mixin.py:190} INFO - [2025-03-29T17:32:17.380+0000] {dagbag.py:588} INFO - Filling up the DagBag from /home/airflow/.local/lib/python3.12/site-packages/airflow/example_dags/example_inlet_event_extra.py
[2025-03-29T17:32:17.792+0000] {processor.py:925} INFO - DAG(s) 'read_dataset_event_from_classic', 'read_dataset_event' retrieved from /home/airflow/.local/lib/python3.12/site-packages/airflow/example_dags/example_inlet_event_extra.py
[2025-03-29T17:32:17.806+0000] {logging_mixin.py:190} INFO - [2025-03-29T17:32:17.806+0000] {dag.py:3239} INFO - Sync 2 DAGs
[2025-03-29T17:32:17.823+0000] {logging_mixin.py:190} INFO - [2025-03-29T17:32:17.823+0000] {dag.py:4180} INFO - Setting next_dagrun for read_dataset_event to 2025-03-28 00:00:00+00:00, run_after=2025-03-29 00:00:00+00:00
[2025-03-29T17:32:17.827+0000] {logging_mixin.py:190} INFO - [2025-03-29T17:32:17.827+0000] {dag.py:4180} INFO - Setting next_dagrun for read_dataset_event_from_classic to 2025-03-28 00:00:00+00:00, run_after=2025-03-29 00:00:00+00:00
[2025-03-29T17:32:17.837+0000] {processor.py:208} INFO - Processing /home/airflow/.local/lib/python3.12/site-packages/airflow/example_dags/example_inlet_event_extra.py took 0.465 seconds
[2025-03-29T17:32:48.748+0000] {processor.py:186} INFO - Started process (PID=872) to work on /home/airflow/.local/lib/python3.12/site-packages/airflow/example_dags/example_inlet_event_extra.py
[2025-03-29T17:32:48.749+0000] {processor.py:914} INFO - Processing file /home/airflow/.local/lib/python3.12/site-packages/airflow/example_dags/example_inlet_event_extra.py for tasks to queue
[2025-03-29T17:32:48.750+0000] {logging_mixin.py:190} INFO - [2025-03-29T17:32:48.750+0000] {dagbag.py:588} INFO - Filling up the DagBag from /home/airflow/.local/lib/python3.12/site-packages/airflow/example_dags/example_inlet_event_extra.py
[2025-03-29T17:32:49.149+0000] {processor.py:925} INFO - DAG(s) 'read_dataset_event_from_classic', 'read_dataset_event' retrieved from /home/airflow/.local/lib/python3.12/site-packages/airflow/example_dags/example_inlet_event_extra.py
[2025-03-29T17:32:49.162+0000] {logging_mixin.py:190} INFO - [2025-03-29T17:32:49.162+0000] {dag.py:3239} INFO - Sync 2 DAGs
[2025-03-29T17:32:49.182+0000] {logging_mixin.py:190} INFO - [2025-03-29T17:32:49.181+0000] {dag.py:4180} INFO - Setting next_dagrun for read_dataset_event to 2025-03-28 00:00:00+00:00, run_after=2025-03-29 00:00:00+00:00
[2025-03-29T17:32:49.185+0000] {logging_mixin.py:190} INFO - [2025-03-29T17:32:49.185+0000] {dag.py:4180} INFO - Setting next_dagrun for read_dataset_event_from_classic to 2025-03-28 00:00:00+00:00, run_after=2025-03-29 00:00:00+00:00
[2025-03-29T17:32:49.195+0000] {processor.py:208} INFO - Processing /home/airflow/.local/lib/python3.12/site-packages/airflow/example_dags/example_inlet_event_extra.py took 0.451 seconds
[2025-03-29T17:33:19.334+0000] {processor.py:186} INFO - Started process (PID=935) to work on /home/airflow/.local/lib/python3.12/site-packages/airflow/example_dags/example_inlet_event_extra.py
[2025-03-29T17:33:19.335+0000] {processor.py:914} INFO - Processing file /home/airflow/.local/lib/python3.12/site-packages/airflow/example_dags/example_inlet_event_extra.py for tasks to queue
[2025-03-29T17:33:19.337+0000] {logging_mixin.py:190} INFO - [2025-03-29T17:33:19.336+0000] {dagbag.py:588} INFO - Filling up the DagBag from /home/airflow/.local/lib/python3.12/site-packages/airflow/example_dags/example_inlet_event_extra.py
[2025-03-29T17:33:19.717+0000] {processor.py:925} INFO - DAG(s) 'read_dataset_event', 'read_dataset_event_from_classic' retrieved from /home/airflow/.local/lib/python3.12/site-packages/airflow/example_dags/example_inlet_event_extra.py
[2025-03-29T17:33:19.730+0000] {logging_mixin.py:190} INFO - [2025-03-29T17:33:19.729+0000] {dag.py:3239} INFO - Sync 2 DAGs
[2025-03-29T17:33:19.746+0000] {logging_mixin.py:190} INFO - [2025-03-29T17:33:19.746+0000] {dag.py:4180} INFO - Setting next_dagrun for read_dataset_event to 2025-03-28 00:00:00+00:00, run_after=2025-03-29 00:00:00+00:00
[2025-03-29T17:33:19.750+0000] {logging_mixin.py:190} INFO - [2025-03-29T17:33:19.750+0000] {dag.py:4180} INFO - Setting next_dagrun for read_dataset_event_from_classic to 2025-03-28 00:00:00+00:00, run_after=2025-03-29 00:00:00+00:00
[2025-03-29T17:33:19.760+0000] {processor.py:208} INFO - Processing /home/airflow/.local/lib/python3.12/site-packages/airflow/example_dags/example_inlet_event_extra.py took 0.430 seconds
[2025-03-29T17:33:50.643+0000] {processor.py:186} INFO - Started process (PID=998) to work on /home/airflow/.local/lib/python3.12/site-packages/airflow/example_dags/example_inlet_event_extra.py
[2025-03-29T17:33:50.645+0000] {processor.py:914} INFO - Processing file /home/airflow/.local/lib/python3.12/site-packages/airflow/example_dags/example_inlet_event_extra.py for tasks to queue
[2025-03-29T17:33:50.646+0000] {logging_mixin.py:190} INFO - [2025-03-29T17:33:50.646+0000] {dagbag.py:588} INFO - Filling up the DagBag from /home/airflow/.local/lib/python3.12/site-packages/airflow/example_dags/example_inlet_event_extra.py
[2025-03-29T17:33:51.114+0000] {processor.py:925} INFO - DAG(s) 'read_dataset_event_from_classic', 'read_dataset_event' retrieved from /home/airflow/.local/lib/python3.12/site-packages/airflow/example_dags/example_inlet_event_extra.py
[2025-03-29T17:33:51.126+0000] {logging_mixin.py:190} INFO - [2025-03-29T17:33:51.126+0000] {dag.py:3239} INFO - Sync 2 DAGs
[2025-03-29T17:33:51.144+0000] {logging_mixin.py:190} INFO - [2025-03-29T17:33:51.144+0000] {dag.py:4180} INFO - Setting next_dagrun for read_dataset_event to 2025-03-28 00:00:00+00:00, run_after=2025-03-29 00:00:00+00:00
[2025-03-29T17:33:51.148+0000] {logging_mixin.py:190} INFO - [2025-03-29T17:33:51.147+0000] {dag.py:4180} INFO - Setting next_dagrun for read_dataset_event_from_classic to 2025-03-28 00:00:00+00:00, run_after=2025-03-29 00:00:00+00:00
[2025-03-29T17:33:51.159+0000] {processor.py:208} INFO - Processing /home/airflow/.local/lib/python3.12/site-packages/airflow/example_dags/example_inlet_event_extra.py took 0.520 seconds
[2025-03-29T17:34:21.336+0000] {processor.py:186} INFO - Started process (PID=1061) to work on /home/airflow/.local/lib/python3.12/site-packages/airflow/example_dags/example_inlet_event_extra.py
[2025-03-29T17:34:21.337+0000] {processor.py:914} INFO - Processing file /home/airflow/.local/lib/python3.12/site-packages/airflow/example_dags/example_inlet_event_extra.py for tasks to queue
[2025-03-29T17:34:21.338+0000] {logging_mixin.py:190} INFO - [2025-03-29T17:34:21.338+0000] {dagbag.py:588} INFO - Filling up the DagBag from /home/airflow/.local/lib/python3.12/site-packages/airflow/example_dags/example_inlet_event_extra.py
[2025-03-29T17:34:21.766+0000] {processor.py:925} INFO - DAG(s) 'read_dataset_event_from_classic', 'read_dataset_event' retrieved from /home/airflow/.local/lib/python3.12/site-packages/airflow/example_dags/example_inlet_event_extra.py
[2025-03-29T17:34:21.778+0000] {logging_mixin.py:190} INFO - [2025-03-29T17:34:21.778+0000] {dag.py:3239} INFO - Sync 2 DAGs
[2025-03-29T17:34:21.799+0000] {logging_mixin.py:190} INFO - [2025-03-29T17:34:21.798+0000] {dag.py:4180} INFO - Setting next_dagrun for read_dataset_event to 2025-03-28 00:00:00+00:00, run_after=2025-03-29 00:00:00+00:00
[2025-03-29T17:34:21.803+0000] {logging_mixin.py:190} INFO - [2025-03-29T17:34:21.803+0000] {dag.py:4180} INFO - Setting next_dagrun for read_dataset_event_from_classic to 2025-03-28 00:00:00+00:00, run_after=2025-03-29 00:00:00+00:00
[2025-03-29T17:34:21.814+0000] {processor.py:208} INFO - Processing /home/airflow/.local/lib/python3.12/site-packages/airflow/example_dags/example_inlet_event_extra.py took 0.483 seconds
[2025-03-29T17:34:52.731+0000] {processor.py:186} INFO - Started process (PID=1124) to work on /home/airflow/.local/lib/python3.12/site-packages/airflow/example_dags/example_inlet_event_extra.py
[2025-03-29T17:34:52.732+0000] {processor.py:914} INFO - Processing file /home/airflow/.local/lib/python3.12/site-packages/airflow/example_dags/example_inlet_event_extra.py for tasks to queue
[2025-03-29T17:34:52.734+0000] {logging_mixin.py:190} INFO - [2025-03-29T17:34:52.734+0000] {dagbag.py:588} INFO - Filling up the DagBag from /home/airflow/.local/lib/python3.12/site-packages/airflow/example_dags/example_inlet_event_extra.py
[2025-03-29T17:34:53.278+0000] {processor.py:925} INFO - DAG(s) 'read_dataset_event_from_classic', 'read_dataset_event' retrieved from /home/airflow/.local/lib/python3.12/site-packages/airflow/example_dags/example_inlet_event_extra.py
[2025-03-29T17:34:53.298+0000] {logging_mixin.py:190} INFO - [2025-03-29T17:34:53.297+0000] {dag.py:3239} INFO - Sync 2 DAGs
[2025-03-29T17:34:53.331+0000] {logging_mixin.py:190} INFO - [2025-03-29T17:34:53.330+0000] {dag.py:4180} INFO - Setting next_dagrun for read_dataset_event to 2025-03-28 00:00:00+00:00, run_after=2025-03-29 00:00:00+00:00
[2025-03-29T17:34:53.337+0000] {logging_mixin.py:190} INFO - [2025-03-29T17:34:53.336+0000] {dag.py:4180} INFO - Setting next_dagrun for read_dataset_event_from_classic to 2025-03-28 00:00:00+00:00, run_after=2025-03-29 00:00:00+00:00
[2025-03-29T17:34:53.353+0000] {processor.py:208} INFO - Processing /home/airflow/.local/lib/python3.12/site-packages/airflow/example_dags/example_inlet_event_extra.py took 0.626 seconds
[2025-03-29T17:35:23.768+0000] {processor.py:186} INFO - Started process (PID=1187) to work on /home/airflow/.local/lib/python3.12/site-packages/airflow/example_dags/example_inlet_event_extra.py
[2025-03-29T17:35:23.770+0000] {processor.py:914} INFO - Processing file /home/airflow/.local/lib/python3.12/site-packages/airflow/example_dags/example_inlet_event_extra.py for tasks to queue
[2025-03-29T17:35:23.772+0000] {logging_mixin.py:190} INFO - [2025-03-29T17:35:23.771+0000] {dagbag.py:588} INFO - Filling up the DagBag from /home/airflow/.local/lib/python3.12/site-packages/airflow/example_dags/example_inlet_event_extra.py
[2025-03-29T17:35:24.185+0000] {processor.py:925} INFO - DAG(s) 'read_dataset_event', 'read_dataset_event_from_classic' retrieved from /home/airflow/.local/lib/python3.12/site-packages/airflow/example_dags/example_inlet_event_extra.py
[2025-03-29T17:35:24.198+0000] {logging_mixin.py:190} INFO - [2025-03-29T17:35:24.197+0000] {dag.py:3239} INFO - Sync 2 DAGs
[2025-03-29T17:35:24.214+0000] {logging_mixin.py:190} INFO - [2025-03-29T17:35:24.214+0000] {dag.py:4180} INFO - Setting next_dagrun for read_dataset_event to 2025-03-28 00:00:00+00:00, run_after=2025-03-29 00:00:00+00:00
[2025-03-29T17:35:24.219+0000] {logging_mixin.py:190} INFO - [2025-03-29T17:35:24.219+0000] {dag.py:4180} INFO - Setting next_dagrun for read_dataset_event_from_classic to 2025-03-28 00:00:00+00:00, run_after=2025-03-29 00:00:00+00:00
[2025-03-29T17:35:24.231+0000] {processor.py:208} INFO - Processing /home/airflow/.local/lib/python3.12/site-packages/airflow/example_dags/example_inlet_event_extra.py took 0.468 seconds
[2025-03-29T17:35:55.210+0000] {processor.py:186} INFO - Started process (PID=1250) to work on /home/airflow/.local/lib/python3.12/site-packages/airflow/example_dags/example_inlet_event_extra.py
[2025-03-29T17:35:55.210+0000] {processor.py:914} INFO - Processing file /home/airflow/.local/lib/python3.12/site-packages/airflow/example_dags/example_inlet_event_extra.py for tasks to queue
[2025-03-29T17:35:55.212+0000] {logging_mixin.py:190} INFO - [2025-03-29T17:35:55.211+0000] {dagbag.py:588} INFO - Filling up the DagBag from /home/airflow/.local/lib/python3.12/site-packages/airflow/example_dags/example_inlet_event_extra.py
[2025-03-29T17:35:55.600+0000] {processor.py:925} INFO - DAG(s) 'read_dataset_event_from_classic', 'read_dataset_event' retrieved from /home/airflow/.local/lib/python3.12/site-packages/airflow/example_dags/example_inlet_event_extra.py
[2025-03-29T17:35:55.613+0000] {logging_mixin.py:190} INFO - [2025-03-29T17:35:55.613+0000] {dag.py:3239} INFO - Sync 2 DAGs
[2025-03-29T17:35:55.630+0000] {logging_mixin.py:190} INFO - [2025-03-29T17:35:55.630+0000] {dag.py:4180} INFO - Setting next_dagrun for read_dataset_event to 2025-03-28 00:00:00+00:00, run_after=2025-03-29 00:00:00+00:00
[2025-03-29T17:35:55.634+0000] {logging_mixin.py:190} INFO - [2025-03-29T17:35:55.633+0000] {dag.py:4180} INFO - Setting next_dagrun for read_dataset_event_from_classic to 2025-03-28 00:00:00+00:00, run_after=2025-03-29 00:00:00+00:00
[2025-03-29T17:35:55.645+0000] {processor.py:208} INFO - Processing /home/airflow/.local/lib/python3.12/site-packages/airflow/example_dags/example_inlet_event_extra.py took 0.443 seconds
[2025-03-29T17:36:26.457+0000] {processor.py:186} INFO - Started process (PID=1313) to work on /home/airflow/.local/lib/python3.12/site-packages/airflow/example_dags/example_inlet_event_extra.py
[2025-03-29T17:36:26.458+0000] {processor.py:914} INFO - Processing file /home/airflow/.local/lib/python3.12/site-packages/airflow/example_dags/example_inlet_event_extra.py for tasks to queue
[2025-03-29T17:36:26.459+0000] {logging_mixin.py:190} INFO - [2025-03-29T17:36:26.459+0000] {dagbag.py:588} INFO - Filling up the DagBag from /home/airflow/.local/lib/python3.12/site-packages/airflow/example_dags/example_inlet_event_extra.py
[2025-03-29T17:36:26.873+0000] {processor.py:925} INFO - DAG(s) 'read_dataset_event', 'read_dataset_event_from_classic' retrieved from /home/airflow/.local/lib/python3.12/site-packages/airflow/example_dags/example_inlet_event_extra.py
[2025-03-29T17:36:26.888+0000] {logging_mixin.py:190} INFO - [2025-03-29T17:36:26.888+0000] {dag.py:3239} INFO - Sync 2 DAGs
[2025-03-29T17:36:26.910+0000] {logging_mixin.py:190} INFO - [2025-03-29T17:36:26.910+0000] {dag.py:4180} INFO - Setting next_dagrun for read_dataset_event to 2025-03-28 00:00:00+00:00, run_after=2025-03-29 00:00:00+00:00
[2025-03-29T17:36:26.914+0000] {logging_mixin.py:190} INFO - [2025-03-29T17:36:26.914+0000] {dag.py:4180} INFO - Setting next_dagrun for read_dataset_event_from_classic to 2025-03-28 00:00:00+00:00, run_after=2025-03-29 00:00:00+00:00
[2025-03-29T17:36:26.934+0000] {processor.py:208} INFO - Processing /home/airflow/.local/lib/python3.12/site-packages/airflow/example_dags/example_inlet_event_extra.py took 0.480 seconds
[2025-03-29T17:36:57.879+0000] {processor.py:186} INFO - Started process (PID=1376) to work on /home/airflow/.local/lib/python3.12/site-packages/airflow/example_dags/example_inlet_event_extra.py
[2025-03-29T17:36:57.881+0000] {processor.py:914} INFO - Processing file /home/airflow/.local/lib/python3.12/site-packages/airflow/example_dags/example_inlet_event_extra.py for tasks to queue
[2025-03-29T17:36:57.885+0000] {logging_mixin.py:190} INFO - [2025-03-29T17:36:57.884+0000] {dagbag.py:588} INFO - Filling up the DagBag from /home/airflow/.local/lib/python3.12/site-packages/airflow/example_dags/example_inlet_event_extra.py
[2025-03-29T17:36:58.288+0000] {processor.py:925} INFO - DAG(s) 'read_dataset_event', 'read_dataset_event_from_classic' retrieved from /home/airflow/.local/lib/python3.12/site-packages/airflow/example_dags/example_inlet_event_extra.py
[2025-03-29T17:36:58.301+0000] {logging_mixin.py:190} INFO - [2025-03-29T17:36:58.301+0000] {dag.py:3239} INFO - Sync 2 DAGs
[2025-03-29T17:36:58.318+0000] {logging_mixin.py:190} INFO - [2025-03-29T17:36:58.318+0000] {dag.py:4180} INFO - Setting next_dagrun for read_dataset_event to 2025-03-28 00:00:00+00:00, run_after=2025-03-29 00:00:00+00:00
[2025-03-29T17:36:58.321+0000] {logging_mixin.py:190} INFO - [2025-03-29T17:36:58.321+0000] {dag.py:4180} INFO - Setting next_dagrun for read_dataset_event_from_classic to 2025-03-28 00:00:00+00:00, run_after=2025-03-29 00:00:00+00:00
[2025-03-29T17:36:58.334+0000] {processor.py:208} INFO - Processing /home/airflow/.local/lib/python3.12/site-packages/airflow/example_dags/example_inlet_event_extra.py took 0.467 seconds
[2025-03-29T17:37:29.080+0000] {processor.py:186} INFO - Started process (PID=1439) to work on /home/airflow/.local/lib/python3.12/site-packages/airflow/example_dags/example_inlet_event_extra.py
[2025-03-29T17:37:29.081+0000] {processor.py:914} INFO - Processing file /home/airflow/.local/lib/python3.12/site-packages/airflow/example_dags/example_inlet_event_extra.py for tasks to queue
[2025-03-29T17:37:29.082+0000] {logging_mixin.py:190} INFO - [2025-03-29T17:37:29.082+0000] {dagbag.py:588} INFO - Filling up the DagBag from /home/airflow/.local/lib/python3.12/site-packages/airflow/example_dags/example_inlet_event_extra.py
[2025-03-29T17:37:29.475+0000] {processor.py:925} INFO - DAG(s) 'read_dataset_event', 'read_dataset_event_from_classic' retrieved from /home/airflow/.local/lib/python3.12/site-packages/airflow/example_dags/example_inlet_event_extra.py
[2025-03-29T17:37:29.488+0000] {logging_mixin.py:190} INFO - [2025-03-29T17:37:29.488+0000] {dag.py:3239} INFO - Sync 2 DAGs
[2025-03-29T17:37:29.504+0000] {logging_mixin.py:190} INFO - [2025-03-29T17:37:29.504+0000] {dag.py:4180} INFO - Setting next_dagrun for read_dataset_event to 2025-03-28 00:00:00+00:00, run_after=2025-03-29 00:00:00+00:00
[2025-03-29T17:37:29.508+0000] {logging_mixin.py:190} INFO - [2025-03-29T17:37:29.508+0000] {dag.py:4180} INFO - Setting next_dagrun for read_dataset_event_from_classic to 2025-03-28 00:00:00+00:00, run_after=2025-03-29 00:00:00+00:00
[2025-03-29T17:37:29.521+0000] {processor.py:208} INFO - Processing /home/airflow/.local/lib/python3.12/site-packages/airflow/example_dags/example_inlet_event_extra.py took 0.444 seconds
[2025-03-29T17:37:59.550+0000] {processor.py:186} INFO - Started process (PID=1502) to work on /home/airflow/.local/lib/python3.12/site-packages/airflow/example_dags/example_inlet_event_extra.py
[2025-03-29T17:37:59.551+0000] {processor.py:914} INFO - Processing file /home/airflow/.local/lib/python3.12/site-packages/airflow/example_dags/example_inlet_event_extra.py for tasks to queue
[2025-03-29T17:37:59.552+0000] {logging_mixin.py:190} INFO - [2025-03-29T17:37:59.552+0000] {dagbag.py:588} INFO - Filling up the DagBag from /home/airflow/.local/lib/python3.12/site-packages/airflow/example_dags/example_inlet_event_extra.py
[2025-03-29T17:37:59.955+0000] {processor.py:925} INFO - DAG(s) 'read_dataset_event_from_classic', 'read_dataset_event' retrieved from /home/airflow/.local/lib/python3.12/site-packages/airflow/example_dags/example_inlet_event_extra.py
[2025-03-29T17:37:59.975+0000] {logging_mixin.py:190} INFO - [2025-03-29T17:37:59.975+0000] {dag.py:3239} INFO - Sync 2 DAGs
[2025-03-29T17:37:59.994+0000] {logging_mixin.py:190} INFO - [2025-03-29T17:37:59.994+0000] {dag.py:4180} INFO - Setting next_dagrun for read_dataset_event to 2025-03-28 00:00:00+00:00, run_after=2025-03-29 00:00:00+00:00
[2025-03-29T17:37:59.998+0000] {logging_mixin.py:190} INFO - [2025-03-29T17:37:59.997+0000] {dag.py:4180} INFO - Setting next_dagrun for read_dataset_event_from_classic to 2025-03-28 00:00:00+00:00, run_after=2025-03-29 00:00:00+00:00
[2025-03-29T17:38:00.009+0000] {processor.py:208} INFO - Processing /home/airflow/.local/lib/python3.12/site-packages/airflow/example_dags/example_inlet_event_extra.py took 0.464 seconds
[2025-03-29T17:38:30.995+0000] {processor.py:186} INFO - Started process (PID=1565) to work on /home/airflow/.local/lib/python3.12/site-packages/airflow/example_dags/example_inlet_event_extra.py
[2025-03-29T17:38:30.997+0000] {processor.py:914} INFO - Processing file /home/airflow/.local/lib/python3.12/site-packages/airflow/example_dags/example_inlet_event_extra.py for tasks to queue
[2025-03-29T17:38:30.998+0000] {logging_mixin.py:190} INFO - [2025-03-29T17:38:30.998+0000] {dagbag.py:588} INFO - Filling up the DagBag from /home/airflow/.local/lib/python3.12/site-packages/airflow/example_dags/example_inlet_event_extra.py
[2025-03-29T17:38:31.380+0000] {processor.py:925} INFO - DAG(s) 'read_dataset_event_from_classic', 'read_dataset_event' retrieved from /home/airflow/.local/lib/python3.12/site-packages/airflow/example_dags/example_inlet_event_extra.py
[2025-03-29T17:38:31.399+0000] {logging_mixin.py:190} INFO - [2025-03-29T17:38:31.399+0000] {dag.py:3239} INFO - Sync 2 DAGs
[2025-03-29T17:38:31.423+0000] {logging_mixin.py:190} INFO - [2025-03-29T17:38:31.422+0000] {dag.py:4180} INFO - Setting next_dagrun for read_dataset_event to 2025-03-28 00:00:00+00:00, run_after=2025-03-29 00:00:00+00:00
[2025-03-29T17:38:31.427+0000] {logging_mixin.py:190} INFO - [2025-03-29T17:38:31.427+0000] {dag.py:4180} INFO - Setting next_dagrun for read_dataset_event_from_classic to 2025-03-28 00:00:00+00:00, run_after=2025-03-29 00:00:00+00:00
[2025-03-29T17:38:31.439+0000] {processor.py:208} INFO - Processing /home/airflow/.local/lib/python3.12/site-packages/airflow/example_dags/example_inlet_event_extra.py took 0.448 seconds
