[2025-03-29T17:15:48.821+0000] {processor.py:186} INFO - Started process (PID=78) to work on /home/airflow/.local/lib/python3.12/site-packages/airflow/example_dags/example_skip_dag.py
[2025-03-29T17:15:48.822+0000] {processor.py:914} INFO - Processing file /home/airflow/.local/lib/python3.12/site-packages/airflow/example_dags/example_skip_dag.py for tasks to queue
[2025-03-29T17:15:48.823+0000] {logging_mixin.py:190} INFO - [2025-03-29T17:15:48.823+0000] {dagbag.py:588} INFO - Filling up the DagBag from /home/airflow/.local/lib/python3.12/site-packages/airflow/example_dags/example_skip_dag.py
[2025-03-29T17:15:48.829+0000] {processor.py:925} INFO - DAG(s) 'example_skip_dag' retrieved from /home/airflow/.local/lib/python3.12/site-packages/airflow/example_dags/example_skip_dag.py
[2025-03-29T17:15:48.901+0000] {logging_mixin.py:190} INFO - [2025-03-29T17:15:48.901+0000] {override.py:1912} INFO - Created Permission View: can delete on DAG:example_skip_dag
[2025-03-29T17:15:48.910+0000] {logging_mixin.py:190} INFO - [2025-03-29T17:15:48.910+0000] {override.py:1912} INFO - Created Permission View: can edit on DAG:example_skip_dag
[2025-03-29T17:15:48.915+0000] {logging_mixin.py:190} INFO - [2025-03-29T17:15:48.915+0000] {override.py:1912} INFO - Created Permission View: can read on DAG:example_skip_dag
[2025-03-29T17:15:48.921+0000] {logging_mixin.py:190} INFO - [2025-03-29T17:15:48.921+0000] {override.py:1912} INFO - Created Permission View: can delete on DAG Run:example_skip_dag
[2025-03-29T17:15:48.925+0000] {logging_mixin.py:190} INFO - [2025-03-29T17:15:48.925+0000] {override.py:1912} INFO - Created Permission View: menu access on DAG Run:example_skip_dag
[2025-03-29T17:15:48.930+0000] {logging_mixin.py:190} INFO - [2025-03-29T17:15:48.929+0000] {override.py:1912} INFO - Created Permission View: can read on DAG Run:example_skip_dag
[2025-03-29T17:15:48.934+0000] {logging_mixin.py:190} INFO - [2025-03-29T17:15:48.934+0000] {override.py:1912} INFO - Created Permission View: can create on DAG Run:example_skip_dag
[2025-03-29T17:15:48.934+0000] {logging_mixin.py:190} INFO - [2025-03-29T17:15:48.934+0000] {dag.py:3239} INFO - Sync 1 DAGs
[2025-03-29T17:15:48.942+0000] {logging_mixin.py:190} INFO - [2025-03-29T17:15:48.942+0000] {dag.py:3262} INFO - Creating ORM DAG for example_skip_dag
[2025-03-29T17:15:48.948+0000] {logging_mixin.py:190} INFO - [2025-03-29T17:15:48.948+0000] {dag.py:4180} INFO - Setting next_dagrun for example_skip_dag to 2025-03-28 00:00:00+00:00, run_after=2025-03-29 00:00:00+00:00
[2025-03-29T17:15:48.958+0000] {processor.py:208} INFO - Processing /home/airflow/.local/lib/python3.12/site-packages/airflow/example_dags/example_skip_dag.py took 0.141 seconds
[2025-03-29T17:16:19.292+0000] {processor.py:186} INFO - Started process (PID=141) to work on /home/airflow/.local/lib/python3.12/site-packages/airflow/example_dags/example_skip_dag.py
[2025-03-29T17:16:19.296+0000] {processor.py:914} INFO - Processing file /home/airflow/.local/lib/python3.12/site-packages/airflow/example_dags/example_skip_dag.py for tasks to queue
[2025-03-29T17:16:19.297+0000] {logging_mixin.py:190} INFO - [2025-03-29T17:16:19.297+0000] {dagbag.py:588} INFO - Filling up the DagBag from /home/airflow/.local/lib/python3.12/site-packages/airflow/example_dags/example_skip_dag.py
[2025-03-29T17:16:19.303+0000] {processor.py:925} INFO - DAG(s) 'example_skip_dag' retrieved from /home/airflow/.local/lib/python3.12/site-packages/airflow/example_dags/example_skip_dag.py
[2025-03-29T17:16:19.316+0000] {logging_mixin.py:190} INFO - [2025-03-29T17:16:19.316+0000] {dag.py:3239} INFO - Sync 1 DAGs
[2025-03-29T17:16:19.335+0000] {logging_mixin.py:190} INFO - [2025-03-29T17:16:19.334+0000] {dag.py:4180} INFO - Setting next_dagrun for example_skip_dag to 2025-03-28 00:00:00+00:00, run_after=2025-03-29 00:00:00+00:00
[2025-03-29T17:16:19.355+0000] {processor.py:208} INFO - Processing /home/airflow/.local/lib/python3.12/site-packages/airflow/example_dags/example_skip_dag.py took 0.068 seconds
[2025-03-29T17:16:49.919+0000] {processor.py:186} INFO - Started process (PID=204) to work on /home/airflow/.local/lib/python3.12/site-packages/airflow/example_dags/example_skip_dag.py
[2025-03-29T17:16:49.919+0000] {processor.py:914} INFO - Processing file /home/airflow/.local/lib/python3.12/site-packages/airflow/example_dags/example_skip_dag.py for tasks to queue
[2025-03-29T17:16:49.921+0000] {logging_mixin.py:190} INFO - [2025-03-29T17:16:49.920+0000] {dagbag.py:588} INFO - Filling up the DagBag from /home/airflow/.local/lib/python3.12/site-packages/airflow/example_dags/example_skip_dag.py
[2025-03-29T17:16:49.925+0000] {processor.py:925} INFO - DAG(s) 'example_skip_dag' retrieved from /home/airflow/.local/lib/python3.12/site-packages/airflow/example_dags/example_skip_dag.py
[2025-03-29T17:16:49.938+0000] {logging_mixin.py:190} INFO - [2025-03-29T17:16:49.938+0000] {dag.py:3239} INFO - Sync 1 DAGs
[2025-03-29T17:16:49.952+0000] {logging_mixin.py:190} INFO - [2025-03-29T17:16:49.952+0000] {dag.py:4180} INFO - Setting next_dagrun for example_skip_dag to 2025-03-28 00:00:00+00:00, run_after=2025-03-29 00:00:00+00:00
[2025-03-29T17:16:49.967+0000] {processor.py:208} INFO - Processing /home/airflow/.local/lib/python3.12/site-packages/airflow/example_dags/example_skip_dag.py took 0.052 seconds
[2025-03-29T17:17:20.226+0000] {processor.py:186} INFO - Started process (PID=267) to work on /home/airflow/.local/lib/python3.12/site-packages/airflow/example_dags/example_skip_dag.py
[2025-03-29T17:17:20.227+0000] {processor.py:914} INFO - Processing file /home/airflow/.local/lib/python3.12/site-packages/airflow/example_dags/example_skip_dag.py for tasks to queue
[2025-03-29T17:17:20.229+0000] {logging_mixin.py:190} INFO - [2025-03-29T17:17:20.228+0000] {dagbag.py:588} INFO - Filling up the DagBag from /home/airflow/.local/lib/python3.12/site-packages/airflow/example_dags/example_skip_dag.py
[2025-03-29T17:17:20.234+0000] {processor.py:925} INFO - DAG(s) 'example_skip_dag' retrieved from /home/airflow/.local/lib/python3.12/site-packages/airflow/example_dags/example_skip_dag.py
[2025-03-29T17:17:20.247+0000] {logging_mixin.py:190} INFO - [2025-03-29T17:17:20.247+0000] {dag.py:3239} INFO - Sync 1 DAGs
[2025-03-29T17:17:20.262+0000] {logging_mixin.py:190} INFO - [2025-03-29T17:17:20.262+0000] {dag.py:4180} INFO - Setting next_dagrun for example_skip_dag to 2025-03-28 00:00:00+00:00, run_after=2025-03-29 00:00:00+00:00
[2025-03-29T17:17:20.273+0000] {processor.py:208} INFO - Processing /home/airflow/.local/lib/python3.12/site-packages/airflow/example_dags/example_skip_dag.py took 0.050 seconds
[2025-03-29T17:17:51.652+0000] {processor.py:186} INFO - Started process (PID=330) to work on /home/airflow/.local/lib/python3.12/site-packages/airflow/example_dags/example_skip_dag.py
[2025-03-29T17:17:51.653+0000] {processor.py:914} INFO - Processing file /home/airflow/.local/lib/python3.12/site-packages/airflow/example_dags/example_skip_dag.py for tasks to queue
[2025-03-29T17:17:51.654+0000] {logging_mixin.py:190} INFO - [2025-03-29T17:17:51.654+0000] {dagbag.py:588} INFO - Filling up the DagBag from /home/airflow/.local/lib/python3.12/site-packages/airflow/example_dags/example_skip_dag.py
[2025-03-29T17:17:51.659+0000] {processor.py:925} INFO - DAG(s) 'example_skip_dag' retrieved from /home/airflow/.local/lib/python3.12/site-packages/airflow/example_dags/example_skip_dag.py
[2025-03-29T17:17:51.672+0000] {logging_mixin.py:190} INFO - [2025-03-29T17:17:51.672+0000] {dag.py:3239} INFO - Sync 1 DAGs
[2025-03-29T17:17:51.687+0000] {logging_mixin.py:190} INFO - [2025-03-29T17:17:51.687+0000] {dag.py:4180} INFO - Setting next_dagrun for example_skip_dag to 2025-03-28 00:00:00+00:00, run_after=2025-03-29 00:00:00+00:00
[2025-03-29T17:17:51.698+0000] {processor.py:208} INFO - Processing /home/airflow/.local/lib/python3.12/site-packages/airflow/example_dags/example_skip_dag.py took 0.050 seconds
[2025-03-29T17:18:23.129+0000] {processor.py:186} INFO - Started process (PID=393) to work on /home/airflow/.local/lib/python3.12/site-packages/airflow/example_dags/example_skip_dag.py
[2025-03-29T17:18:23.130+0000] {processor.py:914} INFO - Processing file /home/airflow/.local/lib/python3.12/site-packages/airflow/example_dags/example_skip_dag.py for tasks to queue
[2025-03-29T17:18:23.131+0000] {logging_mixin.py:190} INFO - [2025-03-29T17:18:23.131+0000] {dagbag.py:588} INFO - Filling up the DagBag from /home/airflow/.local/lib/python3.12/site-packages/airflow/example_dags/example_skip_dag.py
[2025-03-29T17:18:23.136+0000] {processor.py:925} INFO - DAG(s) 'example_skip_dag' retrieved from /home/airflow/.local/lib/python3.12/site-packages/airflow/example_dags/example_skip_dag.py
[2025-03-29T17:18:23.148+0000] {logging_mixin.py:190} INFO - [2025-03-29T17:18:23.148+0000] {dag.py:3239} INFO - Sync 1 DAGs
[2025-03-29T17:18:23.162+0000] {logging_mixin.py:190} INFO - [2025-03-29T17:18:23.162+0000] {dag.py:4180} INFO - Setting next_dagrun for example_skip_dag to 2025-03-28 00:00:00+00:00, run_after=2025-03-29 00:00:00+00:00
[2025-03-29T17:18:23.174+0000] {processor.py:208} INFO - Processing /home/airflow/.local/lib/python3.12/site-packages/airflow/example_dags/example_skip_dag.py took 0.048 seconds
[2025-03-29T17:18:53.867+0000] {processor.py:186} INFO - Started process (PID=456) to work on /home/airflow/.local/lib/python3.12/site-packages/airflow/example_dags/example_skip_dag.py
[2025-03-29T17:18:53.867+0000] {processor.py:914} INFO - Processing file /home/airflow/.local/lib/python3.12/site-packages/airflow/example_dags/example_skip_dag.py for tasks to queue
[2025-03-29T17:18:53.868+0000] {logging_mixin.py:190} INFO - [2025-03-29T17:18:53.868+0000] {dagbag.py:588} INFO - Filling up the DagBag from /home/airflow/.local/lib/python3.12/site-packages/airflow/example_dags/example_skip_dag.py
[2025-03-29T17:18:53.873+0000] {processor.py:925} INFO - DAG(s) 'example_skip_dag' retrieved from /home/airflow/.local/lib/python3.12/site-packages/airflow/example_dags/example_skip_dag.py
[2025-03-29T17:18:53.885+0000] {logging_mixin.py:190} INFO - [2025-03-29T17:18:53.885+0000] {dag.py:3239} INFO - Sync 1 DAGs
[2025-03-29T17:18:53.900+0000] {logging_mixin.py:190} INFO - [2025-03-29T17:18:53.899+0000] {dag.py:4180} INFO - Setting next_dagrun for example_skip_dag to 2025-03-28 00:00:00+00:00, run_after=2025-03-29 00:00:00+00:00
[2025-03-29T17:18:53.914+0000] {processor.py:208} INFO - Processing /home/airflow/.local/lib/python3.12/site-packages/airflow/example_dags/example_skip_dag.py took 0.051 seconds
[2025-03-29T17:19:25.196+0000] {processor.py:186} INFO - Started process (PID=519) to work on /home/airflow/.local/lib/python3.12/site-packages/airflow/example_dags/example_skip_dag.py
[2025-03-29T17:19:25.197+0000] {processor.py:914} INFO - Processing file /home/airflow/.local/lib/python3.12/site-packages/airflow/example_dags/example_skip_dag.py for tasks to queue
[2025-03-29T17:19:25.198+0000] {logging_mixin.py:190} INFO - [2025-03-29T17:19:25.198+0000] {dagbag.py:588} INFO - Filling up the DagBag from /home/airflow/.local/lib/python3.12/site-packages/airflow/example_dags/example_skip_dag.py
[2025-03-29T17:19:25.203+0000] {processor.py:925} INFO - DAG(s) 'example_skip_dag' retrieved from /home/airflow/.local/lib/python3.12/site-packages/airflow/example_dags/example_skip_dag.py
[2025-03-29T17:19:25.215+0000] {logging_mixin.py:190} INFO - [2025-03-29T17:19:25.215+0000] {dag.py:3239} INFO - Sync 1 DAGs
[2025-03-29T17:19:25.230+0000] {logging_mixin.py:190} INFO - [2025-03-29T17:19:25.230+0000] {dag.py:4180} INFO - Setting next_dagrun for example_skip_dag to 2025-03-28 00:00:00+00:00, run_after=2025-03-29 00:00:00+00:00
[2025-03-29T17:19:25.241+0000] {processor.py:208} INFO - Processing /home/airflow/.local/lib/python3.12/site-packages/airflow/example_dags/example_skip_dag.py took 0.048 seconds
[2025-03-29T17:19:56.737+0000] {processor.py:186} INFO - Started process (PID=582) to work on /home/airflow/.local/lib/python3.12/site-packages/airflow/example_dags/example_skip_dag.py
[2025-03-29T17:19:56.738+0000] {processor.py:914} INFO - Processing file /home/airflow/.local/lib/python3.12/site-packages/airflow/example_dags/example_skip_dag.py for tasks to queue
[2025-03-29T17:19:56.740+0000] {logging_mixin.py:190} INFO - [2025-03-29T17:19:56.739+0000] {dagbag.py:588} INFO - Filling up the DagBag from /home/airflow/.local/lib/python3.12/site-packages/airflow/example_dags/example_skip_dag.py
[2025-03-29T17:19:56.748+0000] {processor.py:925} INFO - DAG(s) 'example_skip_dag' retrieved from /home/airflow/.local/lib/python3.12/site-packages/airflow/example_dags/example_skip_dag.py
[2025-03-29T17:19:56.762+0000] {logging_mixin.py:190} INFO - [2025-03-29T17:19:56.762+0000] {dag.py:3239} INFO - Sync 1 DAGs
[2025-03-29T17:19:56.779+0000] {logging_mixin.py:190} INFO - [2025-03-29T17:19:56.779+0000] {dag.py:4180} INFO - Setting next_dagrun for example_skip_dag to 2025-03-28 00:00:00+00:00, run_after=2025-03-29 00:00:00+00:00
[2025-03-29T17:19:56.791+0000] {processor.py:208} INFO - Processing /home/airflow/.local/lib/python3.12/site-packages/airflow/example_dags/example_skip_dag.py took 0.058 seconds
[2025-03-29T17:20:27.135+0000] {processor.py:186} INFO - Started process (PID=651) to work on /home/airflow/.local/lib/python3.12/site-packages/airflow/example_dags/example_skip_dag.py
[2025-03-29T17:20:27.135+0000] {processor.py:914} INFO - Processing file /home/airflow/.local/lib/python3.12/site-packages/airflow/example_dags/example_skip_dag.py for tasks to queue
[2025-03-29T17:20:27.136+0000] {logging_mixin.py:190} INFO - [2025-03-29T17:20:27.136+0000] {dagbag.py:588} INFO - Filling up the DagBag from /home/airflow/.local/lib/python3.12/site-packages/airflow/example_dags/example_skip_dag.py
[2025-03-29T17:20:27.141+0000] {processor.py:925} INFO - DAG(s) 'example_skip_dag' retrieved from /home/airflow/.local/lib/python3.12/site-packages/airflow/example_dags/example_skip_dag.py
[2025-03-29T17:20:27.155+0000] {logging_mixin.py:190} INFO - [2025-03-29T17:20:27.155+0000] {dag.py:3239} INFO - Sync 1 DAGs
[2025-03-29T17:20:27.171+0000] {logging_mixin.py:190} INFO - [2025-03-29T17:20:27.171+0000] {dag.py:4180} INFO - Setting next_dagrun for example_skip_dag to 2025-03-28 00:00:00+00:00, run_after=2025-03-29 00:00:00+00:00
[2025-03-29T17:20:27.183+0000] {processor.py:208} INFO - Processing /home/airflow/.local/lib/python3.12/site-packages/airflow/example_dags/example_skip_dag.py took 0.052 seconds
[2025-03-29T17:20:58.745+0000] {processor.py:186} INFO - Started process (PID=714) to work on /home/airflow/.local/lib/python3.12/site-packages/airflow/example_dags/example_skip_dag.py
[2025-03-29T17:20:58.745+0000] {processor.py:914} INFO - Processing file /home/airflow/.local/lib/python3.12/site-packages/airflow/example_dags/example_skip_dag.py for tasks to queue
[2025-03-29T17:20:58.747+0000] {logging_mixin.py:190} INFO - [2025-03-29T17:20:58.746+0000] {dagbag.py:588} INFO - Filling up the DagBag from /home/airflow/.local/lib/python3.12/site-packages/airflow/example_dags/example_skip_dag.py
[2025-03-29T17:20:58.751+0000] {processor.py:925} INFO - DAG(s) 'example_skip_dag' retrieved from /home/airflow/.local/lib/python3.12/site-packages/airflow/example_dags/example_skip_dag.py
[2025-03-29T17:20:58.769+0000] {logging_mixin.py:190} INFO - [2025-03-29T17:20:58.769+0000] {dag.py:3239} INFO - Sync 1 DAGs
[2025-03-29T17:20:58.784+0000] {logging_mixin.py:190} INFO - [2025-03-29T17:20:58.784+0000] {dag.py:4180} INFO - Setting next_dagrun for example_skip_dag to 2025-03-28 00:00:00+00:00, run_after=2025-03-29 00:00:00+00:00
[2025-03-29T17:20:58.796+0000] {processor.py:208} INFO - Processing /home/airflow/.local/lib/python3.12/site-packages/airflow/example_dags/example_skip_dag.py took 0.055 seconds
[2025-03-29T17:21:29.048+0000] {processor.py:186} INFO - Started process (PID=777) to work on /home/airflow/.local/lib/python3.12/site-packages/airflow/example_dags/example_skip_dag.py
[2025-03-29T17:21:29.048+0000] {processor.py:914} INFO - Processing file /home/airflow/.local/lib/python3.12/site-packages/airflow/example_dags/example_skip_dag.py for tasks to queue
[2025-03-29T17:21:29.050+0000] {logging_mixin.py:190} INFO - [2025-03-29T17:21:29.050+0000] {dagbag.py:588} INFO - Filling up the DagBag from /home/airflow/.local/lib/python3.12/site-packages/airflow/example_dags/example_skip_dag.py
[2025-03-29T17:21:29.055+0000] {processor.py:925} INFO - DAG(s) 'example_skip_dag' retrieved from /home/airflow/.local/lib/python3.12/site-packages/airflow/example_dags/example_skip_dag.py
[2025-03-29T17:21:29.068+0000] {logging_mixin.py:190} INFO - [2025-03-29T17:21:29.068+0000] {dag.py:3239} INFO - Sync 1 DAGs
[2025-03-29T17:21:29.083+0000] {logging_mixin.py:190} INFO - [2025-03-29T17:21:29.083+0000] {dag.py:4180} INFO - Setting next_dagrun for example_skip_dag to 2025-03-28 00:00:00+00:00, run_after=2025-03-29 00:00:00+00:00
[2025-03-29T17:21:29.095+0000] {processor.py:208} INFO - Processing /home/airflow/.local/lib/python3.12/site-packages/airflow/example_dags/example_skip_dag.py took 0.051 seconds
[2025-03-29T17:22:00.423+0000] {processor.py:186} INFO - Started process (PID=840) to work on /home/airflow/.local/lib/python3.12/site-packages/airflow/example_dags/example_skip_dag.py
[2025-03-29T17:22:00.424+0000] {processor.py:914} INFO - Processing file /home/airflow/.local/lib/python3.12/site-packages/airflow/example_dags/example_skip_dag.py for tasks to queue
[2025-03-29T17:22:00.425+0000] {logging_mixin.py:190} INFO - [2025-03-29T17:22:00.425+0000] {dagbag.py:588} INFO - Filling up the DagBag from /home/airflow/.local/lib/python3.12/site-packages/airflow/example_dags/example_skip_dag.py
[2025-03-29T17:22:00.430+0000] {processor.py:925} INFO - DAG(s) 'example_skip_dag' retrieved from /home/airflow/.local/lib/python3.12/site-packages/airflow/example_dags/example_skip_dag.py
[2025-03-29T17:22:00.443+0000] {logging_mixin.py:190} INFO - [2025-03-29T17:22:00.443+0000] {dag.py:3239} INFO - Sync 1 DAGs
[2025-03-29T17:22:00.459+0000] {logging_mixin.py:190} INFO - [2025-03-29T17:22:00.459+0000] {dag.py:4180} INFO - Setting next_dagrun for example_skip_dag to 2025-03-28 00:00:00+00:00, run_after=2025-03-29 00:00:00+00:00
[2025-03-29T17:22:00.470+0000] {processor.py:208} INFO - Processing /home/airflow/.local/lib/python3.12/site-packages/airflow/example_dags/example_skip_dag.py took 0.051 seconds
[2025-03-29T17:22:32.060+0000] {processor.py:186} INFO - Started process (PID=903) to work on /home/airflow/.local/lib/python3.12/site-packages/airflow/example_dags/example_skip_dag.py
[2025-03-29T17:22:32.061+0000] {processor.py:914} INFO - Processing file /home/airflow/.local/lib/python3.12/site-packages/airflow/example_dags/example_skip_dag.py for tasks to queue
[2025-03-29T17:22:32.062+0000] {logging_mixin.py:190} INFO - [2025-03-29T17:22:32.062+0000] {dagbag.py:588} INFO - Filling up the DagBag from /home/airflow/.local/lib/python3.12/site-packages/airflow/example_dags/example_skip_dag.py
[2025-03-29T17:22:32.067+0000] {processor.py:925} INFO - DAG(s) 'example_skip_dag' retrieved from /home/airflow/.local/lib/python3.12/site-packages/airflow/example_dags/example_skip_dag.py
[2025-03-29T17:22:32.080+0000] {logging_mixin.py:190} INFO - [2025-03-29T17:22:32.080+0000] {dag.py:3239} INFO - Sync 1 DAGs
[2025-03-29T17:22:32.095+0000] {logging_mixin.py:190} INFO - [2025-03-29T17:22:32.095+0000] {dag.py:4180} INFO - Setting next_dagrun for example_skip_dag to 2025-03-28 00:00:00+00:00, run_after=2025-03-29 00:00:00+00:00
[2025-03-29T17:22:32.108+0000] {processor.py:208} INFO - Processing /home/airflow/.local/lib/python3.12/site-packages/airflow/example_dags/example_skip_dag.py took 0.051 seconds
[2025-03-29T17:23:02.638+0000] {processor.py:186} INFO - Started process (PID=966) to work on /home/airflow/.local/lib/python3.12/site-packages/airflow/example_dags/example_skip_dag.py
[2025-03-29T17:23:02.639+0000] {processor.py:914} INFO - Processing file /home/airflow/.local/lib/python3.12/site-packages/airflow/example_dags/example_skip_dag.py for tasks to queue
[2025-03-29T17:23:02.640+0000] {logging_mixin.py:190} INFO - [2025-03-29T17:23:02.640+0000] {dagbag.py:588} INFO - Filling up the DagBag from /home/airflow/.local/lib/python3.12/site-packages/airflow/example_dags/example_skip_dag.py
[2025-03-29T17:23:02.646+0000] {processor.py:925} INFO - DAG(s) 'example_skip_dag' retrieved from /home/airflow/.local/lib/python3.12/site-packages/airflow/example_dags/example_skip_dag.py
[2025-03-29T17:23:02.662+0000] {logging_mixin.py:190} INFO - [2025-03-29T17:23:02.661+0000] {dag.py:3239} INFO - Sync 1 DAGs
[2025-03-29T17:23:02.685+0000] {logging_mixin.py:190} INFO - [2025-03-29T17:23:02.685+0000] {dag.py:4180} INFO - Setting next_dagrun for example_skip_dag to 2025-03-28 00:00:00+00:00, run_after=2025-03-29 00:00:00+00:00
[2025-03-29T17:23:02.700+0000] {processor.py:208} INFO - Processing /home/airflow/.local/lib/python3.12/site-packages/airflow/example_dags/example_skip_dag.py took 0.065 seconds
[2025-03-29T17:26:10.601+0000] {processor.py:186} INFO - Started process (PID=78) to work on /home/airflow/.local/lib/python3.12/site-packages/airflow/example_dags/example_skip_dag.py
[2025-03-29T17:26:10.603+0000] {processor.py:914} INFO - Processing file /home/airflow/.local/lib/python3.12/site-packages/airflow/example_dags/example_skip_dag.py for tasks to queue
[2025-03-29T17:26:10.605+0000] {logging_mixin.py:190} INFO - [2025-03-29T17:26:10.605+0000] {dagbag.py:588} INFO - Filling up the DagBag from /home/airflow/.local/lib/python3.12/site-packages/airflow/example_dags/example_skip_dag.py
[2025-03-29T17:26:10.614+0000] {processor.py:925} INFO - DAG(s) 'example_skip_dag' retrieved from /home/airflow/.local/lib/python3.12/site-packages/airflow/example_dags/example_skip_dag.py
[2025-03-29T17:26:10.740+0000] {logging_mixin.py:190} INFO - [2025-03-29T17:26:10.740+0000] {override.py:1912} INFO - Created Permission View: can delete on DAG:example_skip_dag
[2025-03-29T17:26:10.759+0000] {logging_mixin.py:190} INFO - [2025-03-29T17:26:10.758+0000] {override.py:1912} INFO - Created Permission View: can read on DAG:example_skip_dag
[2025-03-29T17:26:10.767+0000] {logging_mixin.py:190} INFO - [2025-03-29T17:26:10.767+0000] {override.py:1912} INFO - Created Permission View: can edit on DAG:example_skip_dag
[2025-03-29T17:26:10.779+0000] {logging_mixin.py:190} INFO - [2025-03-29T17:26:10.778+0000] {override.py:1912} INFO - Created Permission View: can delete on DAG Run:example_skip_dag
[2025-03-29T17:26:10.791+0000] {logging_mixin.py:190} INFO - [2025-03-29T17:26:10.790+0000] {override.py:1912} INFO - Created Permission View: can read on DAG Run:example_skip_dag
[2025-03-29T17:26:10.799+0000] {logging_mixin.py:190} INFO - [2025-03-29T17:26:10.799+0000] {override.py:1912} INFO - Created Permission View: can create on DAG Run:example_skip_dag
[2025-03-29T17:26:10.806+0000] {logging_mixin.py:190} INFO - [2025-03-29T17:26:10.806+0000] {override.py:1912} INFO - Created Permission View: menu access on DAG Run:example_skip_dag
[2025-03-29T17:26:10.806+0000] {logging_mixin.py:190} INFO - [2025-03-29T17:26:10.806+0000] {dag.py:3239} INFO - Sync 1 DAGs
[2025-03-29T17:26:10.821+0000] {logging_mixin.py:190} INFO - [2025-03-29T17:26:10.821+0000] {dag.py:3262} INFO - Creating ORM DAG for example_skip_dag
[2025-03-29T17:26:10.834+0000] {logging_mixin.py:190} INFO - [2025-03-29T17:26:10.833+0000] {dag.py:4180} INFO - Setting next_dagrun for example_skip_dag to 2025-03-28 00:00:00+00:00, run_after=2025-03-29 00:00:00+00:00
[2025-03-29T17:26:10.854+0000] {processor.py:208} INFO - Processing /home/airflow/.local/lib/python3.12/site-packages/airflow/example_dags/example_skip_dag.py took 0.258 seconds
[2025-03-29T17:26:41.874+0000] {processor.py:186} INFO - Started process (PID=141) to work on /home/airflow/.local/lib/python3.12/site-packages/airflow/example_dags/example_skip_dag.py
[2025-03-29T17:26:41.875+0000] {processor.py:914} INFO - Processing file /home/airflow/.local/lib/python3.12/site-packages/airflow/example_dags/example_skip_dag.py for tasks to queue
[2025-03-29T17:26:41.876+0000] {logging_mixin.py:190} INFO - [2025-03-29T17:26:41.876+0000] {dagbag.py:588} INFO - Filling up the DagBag from /home/airflow/.local/lib/python3.12/site-packages/airflow/example_dags/example_skip_dag.py
[2025-03-29T17:26:41.881+0000] {processor.py:925} INFO - DAG(s) 'example_skip_dag' retrieved from /home/airflow/.local/lib/python3.12/site-packages/airflow/example_dags/example_skip_dag.py
[2025-03-29T17:26:41.893+0000] {logging_mixin.py:190} INFO - [2025-03-29T17:26:41.893+0000] {dag.py:3239} INFO - Sync 1 DAGs
[2025-03-29T17:26:41.908+0000] {logging_mixin.py:190} INFO - [2025-03-29T17:26:41.908+0000] {dag.py:4180} INFO - Setting next_dagrun for example_skip_dag to 2025-03-28 00:00:00+00:00, run_after=2025-03-29 00:00:00+00:00
[2025-03-29T17:26:41.919+0000] {processor.py:208} INFO - Processing /home/airflow/.local/lib/python3.12/site-packages/airflow/example_dags/example_skip_dag.py took 0.048 seconds
[2025-03-29T17:27:12.816+0000] {processor.py:186} INFO - Started process (PID=204) to work on /home/airflow/.local/lib/python3.12/site-packages/airflow/example_dags/example_skip_dag.py
[2025-03-29T17:27:12.817+0000] {processor.py:914} INFO - Processing file /home/airflow/.local/lib/python3.12/site-packages/airflow/example_dags/example_skip_dag.py for tasks to queue
[2025-03-29T17:27:12.819+0000] {logging_mixin.py:190} INFO - [2025-03-29T17:27:12.819+0000] {dagbag.py:588} INFO - Filling up the DagBag from /home/airflow/.local/lib/python3.12/site-packages/airflow/example_dags/example_skip_dag.py
[2025-03-29T17:27:12.826+0000] {processor.py:925} INFO - DAG(s) 'example_skip_dag' retrieved from /home/airflow/.local/lib/python3.12/site-packages/airflow/example_dags/example_skip_dag.py
[2025-03-29T17:27:12.846+0000] {logging_mixin.py:190} INFO - [2025-03-29T17:27:12.846+0000] {dag.py:3239} INFO - Sync 1 DAGs
[2025-03-29T17:27:12.861+0000] {logging_mixin.py:190} INFO - [2025-03-29T17:27:12.861+0000] {dag.py:4180} INFO - Setting next_dagrun for example_skip_dag to 2025-03-28 00:00:00+00:00, run_after=2025-03-29 00:00:00+00:00
[2025-03-29T17:27:12.880+0000] {processor.py:208} INFO - Processing /home/airflow/.local/lib/python3.12/site-packages/airflow/example_dags/example_skip_dag.py took 0.069 seconds
[2025-03-29T17:27:43.290+0000] {processor.py:186} INFO - Started process (PID=267) to work on /home/airflow/.local/lib/python3.12/site-packages/airflow/example_dags/example_skip_dag.py
[2025-03-29T17:27:43.290+0000] {processor.py:914} INFO - Processing file /home/airflow/.local/lib/python3.12/site-packages/airflow/example_dags/example_skip_dag.py for tasks to queue
[2025-03-29T17:27:43.292+0000] {logging_mixin.py:190} INFO - [2025-03-29T17:27:43.292+0000] {dagbag.py:588} INFO - Filling up the DagBag from /home/airflow/.local/lib/python3.12/site-packages/airflow/example_dags/example_skip_dag.py
[2025-03-29T17:27:43.297+0000] {processor.py:925} INFO - DAG(s) 'example_skip_dag' retrieved from /home/airflow/.local/lib/python3.12/site-packages/airflow/example_dags/example_skip_dag.py
[2025-03-29T17:27:43.311+0000] {logging_mixin.py:190} INFO - [2025-03-29T17:27:43.310+0000] {dag.py:3239} INFO - Sync 1 DAGs
[2025-03-29T17:27:43.325+0000] {logging_mixin.py:190} INFO - [2025-03-29T17:27:43.325+0000] {dag.py:4180} INFO - Setting next_dagrun for example_skip_dag to 2025-03-28 00:00:00+00:00, run_after=2025-03-29 00:00:00+00:00
[2025-03-29T17:27:43.336+0000] {processor.py:208} INFO - Processing /home/airflow/.local/lib/python3.12/site-packages/airflow/example_dags/example_skip_dag.py took 0.050 seconds
[2025-03-29T17:28:13.469+0000] {processor.py:186} INFO - Started process (PID=330) to work on /home/airflow/.local/lib/python3.12/site-packages/airflow/example_dags/example_skip_dag.py
[2025-03-29T17:28:13.469+0000] {processor.py:914} INFO - Processing file /home/airflow/.local/lib/python3.12/site-packages/airflow/example_dags/example_skip_dag.py for tasks to queue
[2025-03-29T17:28:13.471+0000] {logging_mixin.py:190} INFO - [2025-03-29T17:28:13.471+0000] {dagbag.py:588} INFO - Filling up the DagBag from /home/airflow/.local/lib/python3.12/site-packages/airflow/example_dags/example_skip_dag.py
[2025-03-29T17:28:13.475+0000] {processor.py:925} INFO - DAG(s) 'example_skip_dag' retrieved from /home/airflow/.local/lib/python3.12/site-packages/airflow/example_dags/example_skip_dag.py
[2025-03-29T17:28:13.488+0000] {logging_mixin.py:190} INFO - [2025-03-29T17:28:13.488+0000] {dag.py:3239} INFO - Sync 1 DAGs
[2025-03-29T17:28:13.502+0000] {logging_mixin.py:190} INFO - [2025-03-29T17:28:13.502+0000] {dag.py:4180} INFO - Setting next_dagrun for example_skip_dag to 2025-03-28 00:00:00+00:00, run_after=2025-03-29 00:00:00+00:00
[2025-03-29T17:28:13.520+0000] {processor.py:208} INFO - Processing /home/airflow/.local/lib/python3.12/site-packages/airflow/example_dags/example_skip_dag.py took 0.055 seconds
[2025-03-29T17:28:43.980+0000] {processor.py:186} INFO - Started process (PID=393) to work on /home/airflow/.local/lib/python3.12/site-packages/airflow/example_dags/example_skip_dag.py
[2025-03-29T17:28:43.980+0000] {processor.py:914} INFO - Processing file /home/airflow/.local/lib/python3.12/site-packages/airflow/example_dags/example_skip_dag.py for tasks to queue
[2025-03-29T17:28:43.982+0000] {logging_mixin.py:190} INFO - [2025-03-29T17:28:43.982+0000] {dagbag.py:588} INFO - Filling up the DagBag from /home/airflow/.local/lib/python3.12/site-packages/airflow/example_dags/example_skip_dag.py
[2025-03-29T17:28:43.987+0000] {processor.py:925} INFO - DAG(s) 'example_skip_dag' retrieved from /home/airflow/.local/lib/python3.12/site-packages/airflow/example_dags/example_skip_dag.py
[2025-03-29T17:28:44.003+0000] {logging_mixin.py:190} INFO - [2025-03-29T17:28:44.003+0000] {dag.py:3239} INFO - Sync 1 DAGs
[2025-03-29T17:28:44.021+0000] {logging_mixin.py:190} INFO - [2025-03-29T17:28:44.020+0000] {dag.py:4180} INFO - Setting next_dagrun for example_skip_dag to 2025-03-28 00:00:00+00:00, run_after=2025-03-29 00:00:00+00:00
[2025-03-29T17:28:44.033+0000] {processor.py:208} INFO - Processing /home/airflow/.local/lib/python3.12/site-packages/airflow/example_dags/example_skip_dag.py took 0.057 seconds
[2025-03-29T17:29:14.320+0000] {processor.py:186} INFO - Started process (PID=456) to work on /home/airflow/.local/lib/python3.12/site-packages/airflow/example_dags/example_skip_dag.py
[2025-03-29T17:29:14.320+0000] {processor.py:914} INFO - Processing file /home/airflow/.local/lib/python3.12/site-packages/airflow/example_dags/example_skip_dag.py for tasks to queue
[2025-03-29T17:29:14.322+0000] {logging_mixin.py:190} INFO - [2025-03-29T17:29:14.321+0000] {dagbag.py:588} INFO - Filling up the DagBag from /home/airflow/.local/lib/python3.12/site-packages/airflow/example_dags/example_skip_dag.py
[2025-03-29T17:29:14.327+0000] {processor.py:925} INFO - DAG(s) 'example_skip_dag' retrieved from /home/airflow/.local/lib/python3.12/site-packages/airflow/example_dags/example_skip_dag.py
[2025-03-29T17:29:14.341+0000] {logging_mixin.py:190} INFO - [2025-03-29T17:29:14.340+0000] {dag.py:3239} INFO - Sync 1 DAGs
[2025-03-29T17:29:14.357+0000] {logging_mixin.py:190} INFO - [2025-03-29T17:29:14.357+0000] {dag.py:4180} INFO - Setting next_dagrun for example_skip_dag to 2025-03-28 00:00:00+00:00, run_after=2025-03-29 00:00:00+00:00
[2025-03-29T17:29:14.370+0000] {processor.py:208} INFO - Processing /home/airflow/.local/lib/python3.12/site-packages/airflow/example_dags/example_skip_dag.py took 0.054 seconds
[2025-03-29T17:29:44.770+0000] {processor.py:186} INFO - Started process (PID=519) to work on /home/airflow/.local/lib/python3.12/site-packages/airflow/example_dags/example_skip_dag.py
[2025-03-29T17:29:44.770+0000] {processor.py:914} INFO - Processing file /home/airflow/.local/lib/python3.12/site-packages/airflow/example_dags/example_skip_dag.py for tasks to queue
[2025-03-29T17:29:44.771+0000] {logging_mixin.py:190} INFO - [2025-03-29T17:29:44.771+0000] {dagbag.py:588} INFO - Filling up the DagBag from /home/airflow/.local/lib/python3.12/site-packages/airflow/example_dags/example_skip_dag.py
[2025-03-29T17:29:44.776+0000] {processor.py:925} INFO - DAG(s) 'example_skip_dag' retrieved from /home/airflow/.local/lib/python3.12/site-packages/airflow/example_dags/example_skip_dag.py
[2025-03-29T17:29:44.790+0000] {logging_mixin.py:190} INFO - [2025-03-29T17:29:44.790+0000] {dag.py:3239} INFO - Sync 1 DAGs
[2025-03-29T17:29:44.806+0000] {logging_mixin.py:190} INFO - [2025-03-29T17:29:44.806+0000] {dag.py:4180} INFO - Setting next_dagrun for example_skip_dag to 2025-03-28 00:00:00+00:00, run_after=2025-03-29 00:00:00+00:00
[2025-03-29T17:29:44.819+0000] {processor.py:208} INFO - Processing /home/airflow/.local/lib/python3.12/site-packages/airflow/example_dags/example_skip_dag.py took 0.052 seconds
[2025-03-29T17:30:15.387+0000] {processor.py:186} INFO - Started process (PID=582) to work on /home/airflow/.local/lib/python3.12/site-packages/airflow/example_dags/example_skip_dag.py
[2025-03-29T17:30:15.388+0000] {processor.py:914} INFO - Processing file /home/airflow/.local/lib/python3.12/site-packages/airflow/example_dags/example_skip_dag.py for tasks to queue
[2025-03-29T17:30:15.389+0000] {logging_mixin.py:190} INFO - [2025-03-29T17:30:15.389+0000] {dagbag.py:588} INFO - Filling up the DagBag from /home/airflow/.local/lib/python3.12/site-packages/airflow/example_dags/example_skip_dag.py
[2025-03-29T17:30:15.395+0000] {processor.py:925} INFO - DAG(s) 'example_skip_dag' retrieved from /home/airflow/.local/lib/python3.12/site-packages/airflow/example_dags/example_skip_dag.py
[2025-03-29T17:30:15.410+0000] {logging_mixin.py:190} INFO - [2025-03-29T17:30:15.410+0000] {dag.py:3239} INFO - Sync 1 DAGs
[2025-03-29T17:30:15.428+0000] {logging_mixin.py:190} INFO - [2025-03-29T17:30:15.428+0000] {dag.py:4180} INFO - Setting next_dagrun for example_skip_dag to 2025-03-28 00:00:00+00:00, run_after=2025-03-29 00:00:00+00:00
[2025-03-29T17:30:15.439+0000] {processor.py:208} INFO - Processing /home/airflow/.local/lib/python3.12/site-packages/airflow/example_dags/example_skip_dag.py took 0.056 seconds
[2025-03-29T17:30:45.908+0000] {processor.py:186} INFO - Started process (PID=645) to work on /home/airflow/.local/lib/python3.12/site-packages/airflow/example_dags/example_skip_dag.py
[2025-03-29T17:30:45.909+0000] {processor.py:914} INFO - Processing file /home/airflow/.local/lib/python3.12/site-packages/airflow/example_dags/example_skip_dag.py for tasks to queue
[2025-03-29T17:30:45.910+0000] {logging_mixin.py:190} INFO - [2025-03-29T17:30:45.910+0000] {dagbag.py:588} INFO - Filling up the DagBag from /home/airflow/.local/lib/python3.12/site-packages/airflow/example_dags/example_skip_dag.py
[2025-03-29T17:30:45.916+0000] {processor.py:925} INFO - DAG(s) 'example_skip_dag' retrieved from /home/airflow/.local/lib/python3.12/site-packages/airflow/example_dags/example_skip_dag.py
[2025-03-29T17:30:45.932+0000] {logging_mixin.py:190} INFO - [2025-03-29T17:30:45.931+0000] {dag.py:3239} INFO - Sync 1 DAGs
[2025-03-29T17:30:45.947+0000] {logging_mixin.py:190} INFO - [2025-03-29T17:30:45.947+0000] {dag.py:4180} INFO - Setting next_dagrun for example_skip_dag to 2025-03-28 00:00:00+00:00, run_after=2025-03-29 00:00:00+00:00
[2025-03-29T17:30:45.959+0000] {processor.py:208} INFO - Processing /home/airflow/.local/lib/python3.12/site-packages/airflow/example_dags/example_skip_dag.py took 0.055 seconds
[2025-03-29T17:31:17.123+0000] {processor.py:186} INFO - Started process (PID=714) to work on /home/airflow/.local/lib/python3.12/site-packages/airflow/example_dags/example_skip_dag.py
[2025-03-29T17:31:17.124+0000] {processor.py:914} INFO - Processing file /home/airflow/.local/lib/python3.12/site-packages/airflow/example_dags/example_skip_dag.py for tasks to queue
[2025-03-29T17:31:17.125+0000] {logging_mixin.py:190} INFO - [2025-03-29T17:31:17.125+0000] {dagbag.py:588} INFO - Filling up the DagBag from /home/airflow/.local/lib/python3.12/site-packages/airflow/example_dags/example_skip_dag.py
[2025-03-29T17:31:17.131+0000] {processor.py:925} INFO - DAG(s) 'example_skip_dag' retrieved from /home/airflow/.local/lib/python3.12/site-packages/airflow/example_dags/example_skip_dag.py
[2025-03-29T17:31:17.145+0000] {logging_mixin.py:190} INFO - [2025-03-29T17:31:17.145+0000] {dag.py:3239} INFO - Sync 1 DAGs
[2025-03-29T17:31:17.161+0000] {logging_mixin.py:190} INFO - [2025-03-29T17:31:17.161+0000] {dag.py:4180} INFO - Setting next_dagrun for example_skip_dag to 2025-03-28 00:00:00+00:00, run_after=2025-03-29 00:00:00+00:00
[2025-03-29T17:31:17.172+0000] {processor.py:208} INFO - Processing /home/airflow/.local/lib/python3.12/site-packages/airflow/example_dags/example_skip_dag.py took 0.052 seconds
[2025-03-29T17:31:48.620+0000] {processor.py:186} INFO - Started process (PID=777) to work on /home/airflow/.local/lib/python3.12/site-packages/airflow/example_dags/example_skip_dag.py
[2025-03-29T17:31:48.622+0000] {processor.py:914} INFO - Processing file /home/airflow/.local/lib/python3.12/site-packages/airflow/example_dags/example_skip_dag.py for tasks to queue
[2025-03-29T17:31:48.625+0000] {logging_mixin.py:190} INFO - [2025-03-29T17:31:48.625+0000] {dagbag.py:588} INFO - Filling up the DagBag from /home/airflow/.local/lib/python3.12/site-packages/airflow/example_dags/example_skip_dag.py
[2025-03-29T17:31:48.633+0000] {processor.py:925} INFO - DAG(s) 'example_skip_dag' retrieved from /home/airflow/.local/lib/python3.12/site-packages/airflow/example_dags/example_skip_dag.py
[2025-03-29T17:31:48.653+0000] {logging_mixin.py:190} INFO - [2025-03-29T17:31:48.653+0000] {dag.py:3239} INFO - Sync 1 DAGs
[2025-03-29T17:31:48.677+0000] {logging_mixin.py:190} INFO - [2025-03-29T17:31:48.676+0000] {dag.py:4180} INFO - Setting next_dagrun for example_skip_dag to 2025-03-28 00:00:00+00:00, run_after=2025-03-29 00:00:00+00:00
[2025-03-29T17:31:48.694+0000] {processor.py:208} INFO - Processing /home/airflow/.local/lib/python3.12/site-packages/airflow/example_dags/example_skip_dag.py took 0.085 seconds
[2025-03-29T17:32:18.910+0000] {processor.py:186} INFO - Started process (PID=840) to work on /home/airflow/.local/lib/python3.12/site-packages/airflow/example_dags/example_skip_dag.py
[2025-03-29T17:32:18.910+0000] {processor.py:914} INFO - Processing file /home/airflow/.local/lib/python3.12/site-packages/airflow/example_dags/example_skip_dag.py for tasks to queue
[2025-03-29T17:32:18.912+0000] {logging_mixin.py:190} INFO - [2025-03-29T17:32:18.911+0000] {dagbag.py:588} INFO - Filling up the DagBag from /home/airflow/.local/lib/python3.12/site-packages/airflow/example_dags/example_skip_dag.py
[2025-03-29T17:32:18.916+0000] {processor.py:925} INFO - DAG(s) 'example_skip_dag' retrieved from /home/airflow/.local/lib/python3.12/site-packages/airflow/example_dags/example_skip_dag.py
[2025-03-29T17:32:18.929+0000] {logging_mixin.py:190} INFO - [2025-03-29T17:32:18.929+0000] {dag.py:3239} INFO - Sync 1 DAGs
[2025-03-29T17:32:18.943+0000] {logging_mixin.py:190} INFO - [2025-03-29T17:32:18.943+0000] {dag.py:4180} INFO - Setting next_dagrun for example_skip_dag to 2025-03-28 00:00:00+00:00, run_after=2025-03-29 00:00:00+00:00
[2025-03-29T17:32:18.954+0000] {processor.py:208} INFO - Processing /home/airflow/.local/lib/python3.12/site-packages/airflow/example_dags/example_skip_dag.py took 0.048 seconds
[2025-03-29T17:32:50.438+0000] {processor.py:186} INFO - Started process (PID=903) to work on /home/airflow/.local/lib/python3.12/site-packages/airflow/example_dags/example_skip_dag.py
[2025-03-29T17:32:50.439+0000] {processor.py:914} INFO - Processing file /home/airflow/.local/lib/python3.12/site-packages/airflow/example_dags/example_skip_dag.py for tasks to queue
[2025-03-29T17:32:50.440+0000] {logging_mixin.py:190} INFO - [2025-03-29T17:32:50.440+0000] {dagbag.py:588} INFO - Filling up the DagBag from /home/airflow/.local/lib/python3.12/site-packages/airflow/example_dags/example_skip_dag.py
[2025-03-29T17:32:50.446+0000] {processor.py:925} INFO - DAG(s) 'example_skip_dag' retrieved from /home/airflow/.local/lib/python3.12/site-packages/airflow/example_dags/example_skip_dag.py
[2025-03-29T17:32:50.459+0000] {logging_mixin.py:190} INFO - [2025-03-29T17:32:50.459+0000] {dag.py:3239} INFO - Sync 1 DAGs
[2025-03-29T17:32:50.476+0000] {logging_mixin.py:190} INFO - [2025-03-29T17:32:50.476+0000] {dag.py:4180} INFO - Setting next_dagrun for example_skip_dag to 2025-03-28 00:00:00+00:00, run_after=2025-03-29 00:00:00+00:00
[2025-03-29T17:32:50.488+0000] {processor.py:208} INFO - Processing /home/airflow/.local/lib/python3.12/site-packages/airflow/example_dags/example_skip_dag.py took 0.053 seconds
[2025-03-29T17:33:20.903+0000] {processor.py:186} INFO - Started process (PID=966) to work on /home/airflow/.local/lib/python3.12/site-packages/airflow/example_dags/example_skip_dag.py
[2025-03-29T17:33:20.903+0000] {processor.py:914} INFO - Processing file /home/airflow/.local/lib/python3.12/site-packages/airflow/example_dags/example_skip_dag.py for tasks to queue
[2025-03-29T17:33:20.904+0000] {logging_mixin.py:190} INFO - [2025-03-29T17:33:20.904+0000] {dagbag.py:588} INFO - Filling up the DagBag from /home/airflow/.local/lib/python3.12/site-packages/airflow/example_dags/example_skip_dag.py
[2025-03-29T17:33:20.909+0000] {processor.py:925} INFO - DAG(s) 'example_skip_dag' retrieved from /home/airflow/.local/lib/python3.12/site-packages/airflow/example_dags/example_skip_dag.py
[2025-03-29T17:33:20.923+0000] {logging_mixin.py:190} INFO - [2025-03-29T17:33:20.923+0000] {dag.py:3239} INFO - Sync 1 DAGs
[2025-03-29T17:33:20.939+0000] {logging_mixin.py:190} INFO - [2025-03-29T17:33:20.939+0000] {dag.py:4180} INFO - Setting next_dagrun for example_skip_dag to 2025-03-28 00:00:00+00:00, run_after=2025-03-29 00:00:00+00:00
[2025-03-29T17:33:20.951+0000] {processor.py:208} INFO - Processing /home/airflow/.local/lib/python3.12/site-packages/airflow/example_dags/example_skip_dag.py took 0.052 seconds
[2025-03-29T17:33:52.588+0000] {processor.py:186} INFO - Started process (PID=1029) to work on /home/airflow/.local/lib/python3.12/site-packages/airflow/example_dags/example_skip_dag.py
[2025-03-29T17:33:52.589+0000] {processor.py:914} INFO - Processing file /home/airflow/.local/lib/python3.12/site-packages/airflow/example_dags/example_skip_dag.py for tasks to queue
[2025-03-29T17:33:52.590+0000] {logging_mixin.py:190} INFO - [2025-03-29T17:33:52.590+0000] {dagbag.py:588} INFO - Filling up the DagBag from /home/airflow/.local/lib/python3.12/site-packages/airflow/example_dags/example_skip_dag.py
[2025-03-29T17:33:52.595+0000] {processor.py:925} INFO - DAG(s) 'example_skip_dag' retrieved from /home/airflow/.local/lib/python3.12/site-packages/airflow/example_dags/example_skip_dag.py
[2025-03-29T17:33:52.607+0000] {logging_mixin.py:190} INFO - [2025-03-29T17:33:52.607+0000] {dag.py:3239} INFO - Sync 1 DAGs
[2025-03-29T17:33:52.621+0000] {logging_mixin.py:190} INFO - [2025-03-29T17:33:52.621+0000] {dag.py:4180} INFO - Setting next_dagrun for example_skip_dag to 2025-03-28 00:00:00+00:00, run_after=2025-03-29 00:00:00+00:00
[2025-03-29T17:33:52.633+0000] {processor.py:208} INFO - Processing /home/airflow/.local/lib/python3.12/site-packages/airflow/example_dags/example_skip_dag.py took 0.048 seconds
[2025-03-29T17:34:23.012+0000] {processor.py:186} INFO - Started process (PID=1092) to work on /home/airflow/.local/lib/python3.12/site-packages/airflow/example_dags/example_skip_dag.py
[2025-03-29T17:34:23.013+0000] {processor.py:914} INFO - Processing file /home/airflow/.local/lib/python3.12/site-packages/airflow/example_dags/example_skip_dag.py for tasks to queue
[2025-03-29T17:34:23.014+0000] {logging_mixin.py:190} INFO - [2025-03-29T17:34:23.014+0000] {dagbag.py:588} INFO - Filling up the DagBag from /home/airflow/.local/lib/python3.12/site-packages/airflow/example_dags/example_skip_dag.py
[2025-03-29T17:34:23.020+0000] {processor.py:925} INFO - DAG(s) 'example_skip_dag' retrieved from /home/airflow/.local/lib/python3.12/site-packages/airflow/example_dags/example_skip_dag.py
[2025-03-29T17:34:23.037+0000] {logging_mixin.py:190} INFO - [2025-03-29T17:34:23.037+0000] {dag.py:3239} INFO - Sync 1 DAGs
[2025-03-29T17:34:23.055+0000] {logging_mixin.py:190} INFO - [2025-03-29T17:34:23.055+0000] {dag.py:4180} INFO - Setting next_dagrun for example_skip_dag to 2025-03-28 00:00:00+00:00, run_after=2025-03-29 00:00:00+00:00
[2025-03-29T17:34:23.068+0000] {processor.py:208} INFO - Processing /home/airflow/.local/lib/python3.12/site-packages/airflow/example_dags/example_skip_dag.py took 0.060 seconds
[2025-03-29T17:34:54.616+0000] {processor.py:186} INFO - Started process (PID=1155) to work on /home/airflow/.local/lib/python3.12/site-packages/airflow/example_dags/example_skip_dag.py
[2025-03-29T17:34:54.618+0000] {processor.py:914} INFO - Processing file /home/airflow/.local/lib/python3.12/site-packages/airflow/example_dags/example_skip_dag.py for tasks to queue
[2025-03-29T17:34:54.621+0000] {logging_mixin.py:190} INFO - [2025-03-29T17:34:54.621+0000] {dagbag.py:588} INFO - Filling up the DagBag from /home/airflow/.local/lib/python3.12/site-packages/airflow/example_dags/example_skip_dag.py
[2025-03-29T17:34:54.629+0000] {processor.py:925} INFO - DAG(s) 'example_skip_dag' retrieved from /home/airflow/.local/lib/python3.12/site-packages/airflow/example_dags/example_skip_dag.py
[2025-03-29T17:34:54.655+0000] {logging_mixin.py:190} INFO - [2025-03-29T17:34:54.654+0000] {dag.py:3239} INFO - Sync 1 DAGs
[2025-03-29T17:34:54.677+0000] {logging_mixin.py:190} INFO - [2025-03-29T17:34:54.676+0000] {dag.py:4180} INFO - Setting next_dagrun for example_skip_dag to 2025-03-28 00:00:00+00:00, run_after=2025-03-29 00:00:00+00:00
[2025-03-29T17:34:54.691+0000] {processor.py:208} INFO - Processing /home/airflow/.local/lib/python3.12/site-packages/airflow/example_dags/example_skip_dag.py took 0.078 seconds
[2025-03-29T17:35:25.989+0000] {processor.py:186} INFO - Started process (PID=1218) to work on /home/airflow/.local/lib/python3.12/site-packages/airflow/example_dags/example_skip_dag.py
[2025-03-29T17:35:25.990+0000] {processor.py:914} INFO - Processing file /home/airflow/.local/lib/python3.12/site-packages/airflow/example_dags/example_skip_dag.py for tasks to queue
[2025-03-29T17:35:25.991+0000] {logging_mixin.py:190} INFO - [2025-03-29T17:35:25.991+0000] {dagbag.py:588} INFO - Filling up the DagBag from /home/airflow/.local/lib/python3.12/site-packages/airflow/example_dags/example_skip_dag.py
[2025-03-29T17:35:25.997+0000] {processor.py:925} INFO - DAG(s) 'example_skip_dag' retrieved from /home/airflow/.local/lib/python3.12/site-packages/airflow/example_dags/example_skip_dag.py
[2025-03-29T17:35:26.013+0000] {logging_mixin.py:190} INFO - [2025-03-29T17:35:26.013+0000] {dag.py:3239} INFO - Sync 1 DAGs
[2025-03-29T17:35:26.030+0000] {logging_mixin.py:190} INFO - [2025-03-29T17:35:26.030+0000] {dag.py:4180} INFO - Setting next_dagrun for example_skip_dag to 2025-03-28 00:00:00+00:00, run_after=2025-03-29 00:00:00+00:00
[2025-03-29T17:35:26.043+0000] {processor.py:208} INFO - Processing /home/airflow/.local/lib/python3.12/site-packages/airflow/example_dags/example_skip_dag.py took 0.057 seconds
[2025-03-29T17:35:56.951+0000] {processor.py:186} INFO - Started process (PID=1281) to work on /home/airflow/.local/lib/python3.12/site-packages/airflow/example_dags/example_skip_dag.py
[2025-03-29T17:35:56.952+0000] {processor.py:914} INFO - Processing file /home/airflow/.local/lib/python3.12/site-packages/airflow/example_dags/example_skip_dag.py for tasks to queue
[2025-03-29T17:35:56.954+0000] {logging_mixin.py:190} INFO - [2025-03-29T17:35:56.954+0000] {dagbag.py:588} INFO - Filling up the DagBag from /home/airflow/.local/lib/python3.12/site-packages/airflow/example_dags/example_skip_dag.py
[2025-03-29T17:35:56.959+0000] {processor.py:925} INFO - DAG(s) 'example_skip_dag' retrieved from /home/airflow/.local/lib/python3.12/site-packages/airflow/example_dags/example_skip_dag.py
[2025-03-29T17:35:56.974+0000] {logging_mixin.py:190} INFO - [2025-03-29T17:35:56.974+0000] {dag.py:3239} INFO - Sync 1 DAGs
[2025-03-29T17:35:56.991+0000] {logging_mixin.py:190} INFO - [2025-03-29T17:35:56.991+0000] {dag.py:4180} INFO - Setting next_dagrun for example_skip_dag to 2025-03-28 00:00:00+00:00, run_after=2025-03-29 00:00:00+00:00
[2025-03-29T17:35:57.003+0000] {processor.py:208} INFO - Processing /home/airflow/.local/lib/python3.12/site-packages/airflow/example_dags/example_skip_dag.py took 0.055 seconds
[2025-03-29T17:36:28.349+0000] {processor.py:186} INFO - Started process (PID=1344) to work on /home/airflow/.local/lib/python3.12/site-packages/airflow/example_dags/example_skip_dag.py
[2025-03-29T17:36:28.349+0000] {processor.py:914} INFO - Processing file /home/airflow/.local/lib/python3.12/site-packages/airflow/example_dags/example_skip_dag.py for tasks to queue
[2025-03-29T17:36:28.350+0000] {logging_mixin.py:190} INFO - [2025-03-29T17:36:28.350+0000] {dagbag.py:588} INFO - Filling up the DagBag from /home/airflow/.local/lib/python3.12/site-packages/airflow/example_dags/example_skip_dag.py
[2025-03-29T17:36:28.358+0000] {processor.py:925} INFO - DAG(s) 'example_skip_dag' retrieved from /home/airflow/.local/lib/python3.12/site-packages/airflow/example_dags/example_skip_dag.py
[2025-03-29T17:36:28.376+0000] {logging_mixin.py:190} INFO - [2025-03-29T17:36:28.375+0000] {dag.py:3239} INFO - Sync 1 DAGs
[2025-03-29T17:36:28.393+0000] {logging_mixin.py:190} INFO - [2025-03-29T17:36:28.393+0000] {dag.py:4180} INFO - Setting next_dagrun for example_skip_dag to 2025-03-28 00:00:00+00:00, run_after=2025-03-29 00:00:00+00:00
[2025-03-29T17:36:28.404+0000] {processor.py:208} INFO - Processing /home/airflow/.local/lib/python3.12/site-packages/airflow/example_dags/example_skip_dag.py took 0.062 seconds
[2025-03-29T17:36:59.531+0000] {processor.py:186} INFO - Started process (PID=1407) to work on /home/airflow/.local/lib/python3.12/site-packages/airflow/example_dags/example_skip_dag.py
[2025-03-29T17:36:59.532+0000] {processor.py:914} INFO - Processing file /home/airflow/.local/lib/python3.12/site-packages/airflow/example_dags/example_skip_dag.py for tasks to queue
[2025-03-29T17:36:59.533+0000] {logging_mixin.py:190} INFO - [2025-03-29T17:36:59.533+0000] {dagbag.py:588} INFO - Filling up the DagBag from /home/airflow/.local/lib/python3.12/site-packages/airflow/example_dags/example_skip_dag.py
[2025-03-29T17:36:59.539+0000] {processor.py:925} INFO - DAG(s) 'example_skip_dag' retrieved from /home/airflow/.local/lib/python3.12/site-packages/airflow/example_dags/example_skip_dag.py
[2025-03-29T17:36:59.552+0000] {logging_mixin.py:190} INFO - [2025-03-29T17:36:59.552+0000] {dag.py:3239} INFO - Sync 1 DAGs
[2025-03-29T17:36:59.568+0000] {logging_mixin.py:190} INFO - [2025-03-29T17:36:59.568+0000] {dag.py:4180} INFO - Setting next_dagrun for example_skip_dag to 2025-03-28 00:00:00+00:00, run_after=2025-03-29 00:00:00+00:00
[2025-03-29T17:36:59.579+0000] {processor.py:208} INFO - Processing /home/airflow/.local/lib/python3.12/site-packages/airflow/example_dags/example_skip_dag.py took 0.051 seconds
[2025-03-29T17:37:30.657+0000] {processor.py:186} INFO - Started process (PID=1470) to work on /home/airflow/.local/lib/python3.12/site-packages/airflow/example_dags/example_skip_dag.py
[2025-03-29T17:37:30.657+0000] {processor.py:914} INFO - Processing file /home/airflow/.local/lib/python3.12/site-packages/airflow/example_dags/example_skip_dag.py for tasks to queue
[2025-03-29T17:37:30.659+0000] {logging_mixin.py:190} INFO - [2025-03-29T17:37:30.658+0000] {dagbag.py:588} INFO - Filling up the DagBag from /home/airflow/.local/lib/python3.12/site-packages/airflow/example_dags/example_skip_dag.py
[2025-03-29T17:37:30.664+0000] {processor.py:925} INFO - DAG(s) 'example_skip_dag' retrieved from /home/airflow/.local/lib/python3.12/site-packages/airflow/example_dags/example_skip_dag.py
[2025-03-29T17:37:30.678+0000] {logging_mixin.py:190} INFO - [2025-03-29T17:37:30.678+0000] {dag.py:3239} INFO - Sync 1 DAGs
[2025-03-29T17:37:30.693+0000] {logging_mixin.py:190} INFO - [2025-03-29T17:37:30.693+0000] {dag.py:4180} INFO - Setting next_dagrun for example_skip_dag to 2025-03-28 00:00:00+00:00, run_after=2025-03-29 00:00:00+00:00
[2025-03-29T17:37:30.705+0000] {processor.py:208} INFO - Processing /home/airflow/.local/lib/python3.12/site-packages/airflow/example_dags/example_skip_dag.py took 0.051 seconds
[2025-03-29T17:38:01.495+0000] {processor.py:186} INFO - Started process (PID=1533) to work on /home/airflow/.local/lib/python3.12/site-packages/airflow/example_dags/example_skip_dag.py
[2025-03-29T17:38:01.495+0000] {processor.py:914} INFO - Processing file /home/airflow/.local/lib/python3.12/site-packages/airflow/example_dags/example_skip_dag.py for tasks to queue
[2025-03-29T17:38:01.497+0000] {logging_mixin.py:190} INFO - [2025-03-29T17:38:01.497+0000] {dagbag.py:588} INFO - Filling up the DagBag from /home/airflow/.local/lib/python3.12/site-packages/airflow/example_dags/example_skip_dag.py
[2025-03-29T17:38:01.502+0000] {processor.py:925} INFO - DAG(s) 'example_skip_dag' retrieved from /home/airflow/.local/lib/python3.12/site-packages/airflow/example_dags/example_skip_dag.py
[2025-03-29T17:38:01.518+0000] {logging_mixin.py:190} INFO - [2025-03-29T17:38:01.518+0000] {dag.py:3239} INFO - Sync 1 DAGs
[2025-03-29T17:38:01.536+0000] {logging_mixin.py:190} INFO - [2025-03-29T17:38:01.535+0000] {dag.py:4180} INFO - Setting next_dagrun for example_skip_dag to 2025-03-28 00:00:00+00:00, run_after=2025-03-29 00:00:00+00:00
[2025-03-29T17:38:01.548+0000] {processor.py:208} INFO - Processing /home/airflow/.local/lib/python3.12/site-packages/airflow/example_dags/example_skip_dag.py took 0.057 seconds
[2025-03-29T17:38:32.566+0000] {processor.py:186} INFO - Started process (PID=1596) to work on /home/airflow/.local/lib/python3.12/site-packages/airflow/example_dags/example_skip_dag.py
[2025-03-29T17:38:32.566+0000] {processor.py:914} INFO - Processing file /home/airflow/.local/lib/python3.12/site-packages/airflow/example_dags/example_skip_dag.py for tasks to queue
[2025-03-29T17:38:32.568+0000] {logging_mixin.py:190} INFO - [2025-03-29T17:38:32.568+0000] {dagbag.py:588} INFO - Filling up the DagBag from /home/airflow/.local/lib/python3.12/site-packages/airflow/example_dags/example_skip_dag.py
[2025-03-29T17:38:32.573+0000] {processor.py:925} INFO - DAG(s) 'example_skip_dag' retrieved from /home/airflow/.local/lib/python3.12/site-packages/airflow/example_dags/example_skip_dag.py
[2025-03-29T17:38:32.586+0000] {logging_mixin.py:190} INFO - [2025-03-29T17:38:32.586+0000] {dag.py:3239} INFO - Sync 1 DAGs
[2025-03-29T17:38:32.602+0000] {logging_mixin.py:190} INFO - [2025-03-29T17:38:32.601+0000] {dag.py:4180} INFO - Setting next_dagrun for example_skip_dag to 2025-03-28 00:00:00+00:00, run_after=2025-03-29 00:00:00+00:00
[2025-03-29T17:38:32.613+0000] {processor.py:208} INFO - Processing /home/airflow/.local/lib/python3.12/site-packages/airflow/example_dags/example_skip_dag.py took 0.050 seconds
