[2025-03-29T17:15:47.834+0000] {processor.py:186} INFO - Started process (PID=67) to work on /home/airflow/.local/lib/python3.12/site-packages/airflow/example_dags/example_latest_only.py
[2025-03-29T17:15:47.835+0000] {processor.py:914} INFO - Processing file /home/airflow/.local/lib/python3.12/site-packages/airflow/example_dags/example_latest_only.py for tasks to queue
[2025-03-29T17:15:47.836+0000] {logging_mixin.py:190} INFO - [2025-03-29T17:15:47.836+0000] {dagbag.py:588} INFO - Filling up the DagBag from /home/airflow/.local/lib/python3.12/site-packages/airflow/example_dags/example_latest_only.py
[2025-03-29T17:15:47.841+0000] {processor.py:925} INFO - DAG(s) 'latest_only' retrieved from /home/airflow/.local/lib/python3.12/site-packages/airflow/example_dags/example_latest_only.py
[2025-03-29T17:15:47.916+0000] {logging_mixin.py:190} INFO - [2025-03-29T17:15:47.916+0000] {override.py:1912} INFO - Created Permission View: can delete on DAG:latest_only
[2025-03-29T17:15:47.924+0000] {logging_mixin.py:190} INFO - [2025-03-29T17:15:47.924+0000] {override.py:1912} INFO - Created Permission View: can edit on DAG:latest_only
[2025-03-29T17:15:47.928+0000] {logging_mixin.py:190} INFO - [2025-03-29T17:15:47.928+0000] {override.py:1912} INFO - Created Permission View: can read on DAG:latest_only
[2025-03-29T17:15:47.933+0000] {logging_mixin.py:190} INFO - [2025-03-29T17:15:47.933+0000] {override.py:1912} INFO - Created Permission View: can delete on DAG Run:latest_only
[2025-03-29T17:15:47.937+0000] {logging_mixin.py:190} INFO - [2025-03-29T17:15:47.937+0000] {override.py:1912} INFO - Created Permission View: menu access on DAG Run:latest_only
[2025-03-29T17:15:47.941+0000] {logging_mixin.py:190} INFO - [2025-03-29T17:15:47.941+0000] {override.py:1912} INFO - Created Permission View: can read on DAG Run:latest_only
[2025-03-29T17:15:47.947+0000] {logging_mixin.py:190} INFO - [2025-03-29T17:15:47.947+0000] {override.py:1912} INFO - Created Permission View: can create on DAG Run:latest_only
[2025-03-29T17:15:47.947+0000] {logging_mixin.py:190} INFO - [2025-03-29T17:15:47.947+0000] {dag.py:3239} INFO - Sync 1 DAGs
[2025-03-29T17:15:47.957+0000] {logging_mixin.py:190} INFO - [2025-03-29T17:15:47.957+0000] {dag.py:3262} INFO - Creating ORM DAG for latest_only
[2025-03-29T17:15:47.963+0000] {logging_mixin.py:190} INFO - [2025-03-29T17:15:47.963+0000] {dag.py:4180} INFO - Setting next_dagrun for latest_only to 2025-03-29 12:00:00+00:00, run_after=2025-03-29 16:00:00+00:00
[2025-03-29T17:15:47.975+0000] {processor.py:208} INFO - Processing /home/airflow/.local/lib/python3.12/site-packages/airflow/example_dags/example_latest_only.py took 0.144 seconds
[2025-03-29T17:16:18.672+0000] {processor.py:186} INFO - Started process (PID=130) to work on /home/airflow/.local/lib/python3.12/site-packages/airflow/example_dags/example_latest_only.py
[2025-03-29T17:16:18.673+0000] {processor.py:914} INFO - Processing file /home/airflow/.local/lib/python3.12/site-packages/airflow/example_dags/example_latest_only.py for tasks to queue
[2025-03-29T17:16:18.675+0000] {logging_mixin.py:190} INFO - [2025-03-29T17:16:18.675+0000] {dagbag.py:588} INFO - Filling up the DagBag from /home/airflow/.local/lib/python3.12/site-packages/airflow/example_dags/example_latest_only.py
[2025-03-29T17:16:18.681+0000] {processor.py:925} INFO - DAG(s) 'latest_only' retrieved from /home/airflow/.local/lib/python3.12/site-packages/airflow/example_dags/example_latest_only.py
[2025-03-29T17:16:18.703+0000] {logging_mixin.py:190} INFO - [2025-03-29T17:16:18.703+0000] {dag.py:3239} INFO - Sync 1 DAGs
[2025-03-29T17:16:18.730+0000] {logging_mixin.py:190} INFO - [2025-03-29T17:16:18.730+0000] {dag.py:4180} INFO - Setting next_dagrun for latest_only to 2025-03-29 12:00:00+00:00, run_after=2025-03-29 16:00:00+00:00
[2025-03-29T17:16:18.748+0000] {processor.py:208} INFO - Processing /home/airflow/.local/lib/python3.12/site-packages/airflow/example_dags/example_latest_only.py took 0.083 seconds
[2025-03-29T17:16:49.470+0000] {processor.py:186} INFO - Started process (PID=193) to work on /home/airflow/.local/lib/python3.12/site-packages/airflow/example_dags/example_latest_only.py
[2025-03-29T17:16:49.470+0000] {processor.py:914} INFO - Processing file /home/airflow/.local/lib/python3.12/site-packages/airflow/example_dags/example_latest_only.py for tasks to queue
[2025-03-29T17:16:49.472+0000] {logging_mixin.py:190} INFO - [2025-03-29T17:16:49.471+0000] {dagbag.py:588} INFO - Filling up the DagBag from /home/airflow/.local/lib/python3.12/site-packages/airflow/example_dags/example_latest_only.py
[2025-03-29T17:16:49.476+0000] {processor.py:925} INFO - DAG(s) 'latest_only' retrieved from /home/airflow/.local/lib/python3.12/site-packages/airflow/example_dags/example_latest_only.py
[2025-03-29T17:16:49.492+0000] {logging_mixin.py:190} INFO - [2025-03-29T17:16:49.492+0000] {dag.py:3239} INFO - Sync 1 DAGs
[2025-03-29T17:16:49.511+0000] {logging_mixin.py:190} INFO - [2025-03-29T17:16:49.511+0000] {dag.py:4180} INFO - Setting next_dagrun for latest_only to 2025-03-29 12:00:00+00:00, run_after=2025-03-29 16:00:00+00:00
[2025-03-29T17:16:49.527+0000] {processor.py:208} INFO - Processing /home/airflow/.local/lib/python3.12/site-packages/airflow/example_dags/example_latest_only.py took 0.066 seconds
[2025-03-29T17:17:19.841+0000] {processor.py:186} INFO - Started process (PID=256) to work on /home/airflow/.local/lib/python3.12/site-packages/airflow/example_dags/example_latest_only.py
[2025-03-29T17:17:19.843+0000] {processor.py:914} INFO - Processing file /home/airflow/.local/lib/python3.12/site-packages/airflow/example_dags/example_latest_only.py for tasks to queue
[2025-03-29T17:17:19.844+0000] {logging_mixin.py:190} INFO - [2025-03-29T17:17:19.844+0000] {dagbag.py:588} INFO - Filling up the DagBag from /home/airflow/.local/lib/python3.12/site-packages/airflow/example_dags/example_latest_only.py
[2025-03-29T17:17:19.848+0000] {processor.py:925} INFO - DAG(s) 'latest_only' retrieved from /home/airflow/.local/lib/python3.12/site-packages/airflow/example_dags/example_latest_only.py
[2025-03-29T17:17:19.860+0000] {logging_mixin.py:190} INFO - [2025-03-29T17:17:19.860+0000] {dag.py:3239} INFO - Sync 1 DAGs
[2025-03-29T17:17:19.875+0000] {logging_mixin.py:190} INFO - [2025-03-29T17:17:19.875+0000] {dag.py:4180} INFO - Setting next_dagrun for latest_only to 2025-03-29 12:00:00+00:00, run_after=2025-03-29 16:00:00+00:00
[2025-03-29T17:17:19.887+0000] {processor.py:208} INFO - Processing /home/airflow/.local/lib/python3.12/site-packages/airflow/example_dags/example_latest_only.py took 0.049 seconds
[2025-03-29T17:17:51.242+0000] {processor.py:186} INFO - Started process (PID=319) to work on /home/airflow/.local/lib/python3.12/site-packages/airflow/example_dags/example_latest_only.py
[2025-03-29T17:17:51.243+0000] {processor.py:914} INFO - Processing file /home/airflow/.local/lib/python3.12/site-packages/airflow/example_dags/example_latest_only.py for tasks to queue
[2025-03-29T17:17:51.244+0000] {logging_mixin.py:190} INFO - [2025-03-29T17:17:51.244+0000] {dagbag.py:588} INFO - Filling up the DagBag from /home/airflow/.local/lib/python3.12/site-packages/airflow/example_dags/example_latest_only.py
[2025-03-29T17:17:51.249+0000] {processor.py:925} INFO - DAG(s) 'latest_only' retrieved from /home/airflow/.local/lib/python3.12/site-packages/airflow/example_dags/example_latest_only.py
[2025-03-29T17:17:51.261+0000] {logging_mixin.py:190} INFO - [2025-03-29T17:17:51.261+0000] {dag.py:3239} INFO - Sync 1 DAGs
[2025-03-29T17:17:51.277+0000] {logging_mixin.py:190} INFO - [2025-03-29T17:17:51.277+0000] {dag.py:4180} INFO - Setting next_dagrun for latest_only to 2025-03-29 12:00:00+00:00, run_after=2025-03-29 16:00:00+00:00
[2025-03-29T17:17:51.288+0000] {processor.py:208} INFO - Processing /home/airflow/.local/lib/python3.12/site-packages/airflow/example_dags/example_latest_only.py took 0.050 seconds
[2025-03-29T17:18:22.653+0000] {processor.py:186} INFO - Started process (PID=382) to work on /home/airflow/.local/lib/python3.12/site-packages/airflow/example_dags/example_latest_only.py
[2025-03-29T17:18:22.653+0000] {processor.py:914} INFO - Processing file /home/airflow/.local/lib/python3.12/site-packages/airflow/example_dags/example_latest_only.py for tasks to queue
[2025-03-29T17:18:22.654+0000] {logging_mixin.py:190} INFO - [2025-03-29T17:18:22.654+0000] {dagbag.py:588} INFO - Filling up the DagBag from /home/airflow/.local/lib/python3.12/site-packages/airflow/example_dags/example_latest_only.py
[2025-03-29T17:18:22.659+0000] {processor.py:925} INFO - DAG(s) 'latest_only' retrieved from /home/airflow/.local/lib/python3.12/site-packages/airflow/example_dags/example_latest_only.py
[2025-03-29T17:18:22.671+0000] {logging_mixin.py:190} INFO - [2025-03-29T17:18:22.671+0000] {dag.py:3239} INFO - Sync 1 DAGs
[2025-03-29T17:18:22.685+0000] {logging_mixin.py:190} INFO - [2025-03-29T17:18:22.685+0000] {dag.py:4180} INFO - Setting next_dagrun for latest_only to 2025-03-29 12:00:00+00:00, run_after=2025-03-29 16:00:00+00:00
[2025-03-29T17:18:22.697+0000] {processor.py:208} INFO - Processing /home/airflow/.local/lib/python3.12/site-packages/airflow/example_dags/example_latest_only.py took 0.048 seconds
[2025-03-29T17:18:53.366+0000] {processor.py:186} INFO - Started process (PID=445) to work on /home/airflow/.local/lib/python3.12/site-packages/airflow/example_dags/example_latest_only.py
[2025-03-29T17:18:53.367+0000] {processor.py:914} INFO - Processing file /home/airflow/.local/lib/python3.12/site-packages/airflow/example_dags/example_latest_only.py for tasks to queue
[2025-03-29T17:18:53.368+0000] {logging_mixin.py:190} INFO - [2025-03-29T17:18:53.368+0000] {dagbag.py:588} INFO - Filling up the DagBag from /home/airflow/.local/lib/python3.12/site-packages/airflow/example_dags/example_latest_only.py
[2025-03-29T17:18:53.373+0000] {processor.py:925} INFO - DAG(s) 'latest_only' retrieved from /home/airflow/.local/lib/python3.12/site-packages/airflow/example_dags/example_latest_only.py
[2025-03-29T17:18:53.384+0000] {logging_mixin.py:190} INFO - [2025-03-29T17:18:53.384+0000] {dag.py:3239} INFO - Sync 1 DAGs
[2025-03-29T17:18:53.400+0000] {logging_mixin.py:190} INFO - [2025-03-29T17:18:53.399+0000] {dag.py:4180} INFO - Setting next_dagrun for latest_only to 2025-03-29 12:00:00+00:00, run_after=2025-03-29 16:00:00+00:00
[2025-03-29T17:18:53.414+0000] {processor.py:208} INFO - Processing /home/airflow/.local/lib/python3.12/site-packages/airflow/example_dags/example_latest_only.py took 0.051 seconds
[2025-03-29T17:19:24.780+0000] {processor.py:186} INFO - Started process (PID=508) to work on /home/airflow/.local/lib/python3.12/site-packages/airflow/example_dags/example_latest_only.py
[2025-03-29T17:19:24.780+0000] {processor.py:914} INFO - Processing file /home/airflow/.local/lib/python3.12/site-packages/airflow/example_dags/example_latest_only.py for tasks to queue
[2025-03-29T17:19:24.781+0000] {logging_mixin.py:190} INFO - [2025-03-29T17:19:24.781+0000] {dagbag.py:588} INFO - Filling up the DagBag from /home/airflow/.local/lib/python3.12/site-packages/airflow/example_dags/example_latest_only.py
[2025-03-29T17:19:24.786+0000] {processor.py:925} INFO - DAG(s) 'latest_only' retrieved from /home/airflow/.local/lib/python3.12/site-packages/airflow/example_dags/example_latest_only.py
[2025-03-29T17:19:24.796+0000] {logging_mixin.py:190} INFO - [2025-03-29T17:19:24.796+0000] {dag.py:3239} INFO - Sync 1 DAGs
[2025-03-29T17:19:24.810+0000] {logging_mixin.py:190} INFO - [2025-03-29T17:19:24.810+0000] {dag.py:4180} INFO - Setting next_dagrun for latest_only to 2025-03-29 12:00:00+00:00, run_after=2025-03-29 16:00:00+00:00
[2025-03-29T17:19:24.825+0000] {processor.py:208} INFO - Processing /home/airflow/.local/lib/python3.12/site-packages/airflow/example_dags/example_latest_only.py took 0.049 seconds
[2025-03-29T17:19:56.320+0000] {processor.py:186} INFO - Started process (PID=571) to work on /home/airflow/.local/lib/python3.12/site-packages/airflow/example_dags/example_latest_only.py
[2025-03-29T17:19:56.320+0000] {processor.py:914} INFO - Processing file /home/airflow/.local/lib/python3.12/site-packages/airflow/example_dags/example_latest_only.py for tasks to queue
[2025-03-29T17:19:56.322+0000] {logging_mixin.py:190} INFO - [2025-03-29T17:19:56.321+0000] {dagbag.py:588} INFO - Filling up the DagBag from /home/airflow/.local/lib/python3.12/site-packages/airflow/example_dags/example_latest_only.py
[2025-03-29T17:19:56.326+0000] {processor.py:925} INFO - DAG(s) 'latest_only' retrieved from /home/airflow/.local/lib/python3.12/site-packages/airflow/example_dags/example_latest_only.py
[2025-03-29T17:19:56.337+0000] {logging_mixin.py:190} INFO - [2025-03-29T17:19:56.337+0000] {dag.py:3239} INFO - Sync 1 DAGs
[2025-03-29T17:19:56.351+0000] {logging_mixin.py:190} INFO - [2025-03-29T17:19:56.351+0000] {dag.py:4180} INFO - Setting next_dagrun for latest_only to 2025-03-29 12:00:00+00:00, run_after=2025-03-29 16:00:00+00:00
[2025-03-29T17:19:56.372+0000] {processor.py:208} INFO - Processing /home/airflow/.local/lib/python3.12/site-packages/airflow/example_dags/example_latest_only.py took 0.055 seconds
[2025-03-29T17:20:26.682+0000] {processor.py:186} INFO - Started process (PID=634) to work on /home/airflow/.local/lib/python3.12/site-packages/airflow/example_dags/example_latest_only.py
[2025-03-29T17:20:26.682+0000] {processor.py:914} INFO - Processing file /home/airflow/.local/lib/python3.12/site-packages/airflow/example_dags/example_latest_only.py for tasks to queue
[2025-03-29T17:20:26.684+0000] {logging_mixin.py:190} INFO - [2025-03-29T17:20:26.683+0000] {dagbag.py:588} INFO - Filling up the DagBag from /home/airflow/.local/lib/python3.12/site-packages/airflow/example_dags/example_latest_only.py
[2025-03-29T17:20:26.688+0000] {processor.py:925} INFO - DAG(s) 'latest_only' retrieved from /home/airflow/.local/lib/python3.12/site-packages/airflow/example_dags/example_latest_only.py
[2025-03-29T17:20:26.701+0000] {logging_mixin.py:190} INFO - [2025-03-29T17:20:26.701+0000] {dag.py:3239} INFO - Sync 1 DAGs
[2025-03-29T17:20:26.717+0000] {logging_mixin.py:190} INFO - [2025-03-29T17:20:26.717+0000] {dag.py:4180} INFO - Setting next_dagrun for latest_only to 2025-03-29 12:00:00+00:00, run_after=2025-03-29 16:00:00+00:00
[2025-03-29T17:20:26.728+0000] {processor.py:208} INFO - Processing /home/airflow/.local/lib/python3.12/site-packages/airflow/example_dags/example_latest_only.py took 0.050 seconds
[2025-03-29T17:20:58.205+0000] {processor.py:186} INFO - Started process (PID=703) to work on /home/airflow/.local/lib/python3.12/site-packages/airflow/example_dags/example_latest_only.py
[2025-03-29T17:20:58.207+0000] {processor.py:914} INFO - Processing file /home/airflow/.local/lib/python3.12/site-packages/airflow/example_dags/example_latest_only.py for tasks to queue
[2025-03-29T17:20:58.209+0000] {logging_mixin.py:190} INFO - [2025-03-29T17:20:58.208+0000] {dagbag.py:588} INFO - Filling up the DagBag from /home/airflow/.local/lib/python3.12/site-packages/airflow/example_dags/example_latest_only.py
[2025-03-29T17:20:58.216+0000] {processor.py:925} INFO - DAG(s) 'latest_only' retrieved from /home/airflow/.local/lib/python3.12/site-packages/airflow/example_dags/example_latest_only.py
[2025-03-29T17:20:58.230+0000] {logging_mixin.py:190} INFO - [2025-03-29T17:20:58.230+0000] {dag.py:3239} INFO - Sync 1 DAGs
[2025-03-29T17:20:58.249+0000] {logging_mixin.py:190} INFO - [2025-03-29T17:20:58.249+0000] {dag.py:4180} INFO - Setting next_dagrun for latest_only to 2025-03-29 12:00:00+00:00, run_after=2025-03-29 16:00:00+00:00
[2025-03-29T17:20:58.265+0000] {processor.py:208} INFO - Processing /home/airflow/.local/lib/python3.12/site-packages/airflow/example_dags/example_latest_only.py took 0.064 seconds
[2025-03-29T17:21:28.654+0000] {processor.py:186} INFO - Started process (PID=766) to work on /home/airflow/.local/lib/python3.12/site-packages/airflow/example_dags/example_latest_only.py
[2025-03-29T17:21:28.654+0000] {processor.py:914} INFO - Processing file /home/airflow/.local/lib/python3.12/site-packages/airflow/example_dags/example_latest_only.py for tasks to queue
[2025-03-29T17:21:28.656+0000] {logging_mixin.py:190} INFO - [2025-03-29T17:21:28.655+0000] {dagbag.py:588} INFO - Filling up the DagBag from /home/airflow/.local/lib/python3.12/site-packages/airflow/example_dags/example_latest_only.py
[2025-03-29T17:21:28.660+0000] {processor.py:925} INFO - DAG(s) 'latest_only' retrieved from /home/airflow/.local/lib/python3.12/site-packages/airflow/example_dags/example_latest_only.py
[2025-03-29T17:21:28.672+0000] {logging_mixin.py:190} INFO - [2025-03-29T17:21:28.672+0000] {dag.py:3239} INFO - Sync 1 DAGs
[2025-03-29T17:21:28.687+0000] {logging_mixin.py:190} INFO - [2025-03-29T17:21:28.687+0000] {dag.py:4180} INFO - Setting next_dagrun for latest_only to 2025-03-29 12:00:00+00:00, run_after=2025-03-29 16:00:00+00:00
[2025-03-29T17:21:28.699+0000] {processor.py:208} INFO - Processing /home/airflow/.local/lib/python3.12/site-packages/airflow/example_dags/example_latest_only.py took 0.049 seconds
[2025-03-29T17:21:59.984+0000] {processor.py:186} INFO - Started process (PID=829) to work on /home/airflow/.local/lib/python3.12/site-packages/airflow/example_dags/example_latest_only.py
[2025-03-29T17:21:59.984+0000] {processor.py:914} INFO - Processing file /home/airflow/.local/lib/python3.12/site-packages/airflow/example_dags/example_latest_only.py for tasks to queue
[2025-03-29T17:21:59.986+0000] {logging_mixin.py:190} INFO - [2025-03-29T17:21:59.985+0000] {dagbag.py:588} INFO - Filling up the DagBag from /home/airflow/.local/lib/python3.12/site-packages/airflow/example_dags/example_latest_only.py
[2025-03-29T17:21:59.990+0000] {processor.py:925} INFO - DAG(s) 'latest_only' retrieved from /home/airflow/.local/lib/python3.12/site-packages/airflow/example_dags/example_latest_only.py
[2025-03-29T17:22:00.005+0000] {logging_mixin.py:190} INFO - [2025-03-29T17:22:00.005+0000] {dag.py:3239} INFO - Sync 1 DAGs
[2025-03-29T17:22:00.025+0000] {logging_mixin.py:190} INFO - [2025-03-29T17:22:00.025+0000] {dag.py:4180} INFO - Setting next_dagrun for latest_only to 2025-03-29 12:00:00+00:00, run_after=2025-03-29 16:00:00+00:00
[2025-03-29T17:22:00.039+0000] {processor.py:208} INFO - Processing /home/airflow/.local/lib/python3.12/site-packages/airflow/example_dags/example_latest_only.py took 0.059 seconds
[2025-03-29T17:22:31.547+0000] {processor.py:186} INFO - Started process (PID=892) to work on /home/airflow/.local/lib/python3.12/site-packages/airflow/example_dags/example_latest_only.py
[2025-03-29T17:22:31.548+0000] {processor.py:914} INFO - Processing file /home/airflow/.local/lib/python3.12/site-packages/airflow/example_dags/example_latest_only.py for tasks to queue
[2025-03-29T17:22:31.549+0000] {logging_mixin.py:190} INFO - [2025-03-29T17:22:31.549+0000] {dagbag.py:588} INFO - Filling up the DagBag from /home/airflow/.local/lib/python3.12/site-packages/airflow/example_dags/example_latest_only.py
[2025-03-29T17:22:31.554+0000] {processor.py:925} INFO - DAG(s) 'latest_only' retrieved from /home/airflow/.local/lib/python3.12/site-packages/airflow/example_dags/example_latest_only.py
[2025-03-29T17:22:31.566+0000] {logging_mixin.py:190} INFO - [2025-03-29T17:22:31.565+0000] {dag.py:3239} INFO - Sync 1 DAGs
[2025-03-29T17:22:31.581+0000] {logging_mixin.py:190} INFO - [2025-03-29T17:22:31.581+0000] {dag.py:4180} INFO - Setting next_dagrun for latest_only to 2025-03-29 12:00:00+00:00, run_after=2025-03-29 16:00:00+00:00
[2025-03-29T17:22:31.593+0000] {processor.py:208} INFO - Processing /home/airflow/.local/lib/python3.12/site-packages/airflow/example_dags/example_latest_only.py took 0.049 seconds
[2025-03-29T17:23:02.193+0000] {processor.py:186} INFO - Started process (PID=955) to work on /home/airflow/.local/lib/python3.12/site-packages/airflow/example_dags/example_latest_only.py
[2025-03-29T17:23:02.193+0000] {processor.py:914} INFO - Processing file /home/airflow/.local/lib/python3.12/site-packages/airflow/example_dags/example_latest_only.py for tasks to queue
[2025-03-29T17:23:02.195+0000] {logging_mixin.py:190} INFO - [2025-03-29T17:23:02.194+0000] {dagbag.py:588} INFO - Filling up the DagBag from /home/airflow/.local/lib/python3.12/site-packages/airflow/example_dags/example_latest_only.py
[2025-03-29T17:23:02.200+0000] {processor.py:925} INFO - DAG(s) 'latest_only' retrieved from /home/airflow/.local/lib/python3.12/site-packages/airflow/example_dags/example_latest_only.py
[2025-03-29T17:23:02.217+0000] {logging_mixin.py:190} INFO - [2025-03-29T17:23:02.216+0000] {dag.py:3239} INFO - Sync 1 DAGs
[2025-03-29T17:23:02.240+0000] {logging_mixin.py:190} INFO - [2025-03-29T17:23:02.240+0000] {dag.py:4180} INFO - Setting next_dagrun for latest_only to 2025-03-29 12:00:00+00:00, run_after=2025-03-29 16:00:00+00:00
[2025-03-29T17:23:02.256+0000] {processor.py:208} INFO - Processing /home/airflow/.local/lib/python3.12/site-packages/airflow/example_dags/example_latest_only.py took 0.066 seconds
[2025-03-29T17:26:08.536+0000] {processor.py:186} INFO - Started process (PID=67) to work on /home/airflow/.local/lib/python3.12/site-packages/airflow/example_dags/example_latest_only.py
[2025-03-29T17:26:08.537+0000] {processor.py:914} INFO - Processing file /home/airflow/.local/lib/python3.12/site-packages/airflow/example_dags/example_latest_only.py for tasks to queue
[2025-03-29T17:26:08.538+0000] {logging_mixin.py:190} INFO - [2025-03-29T17:26:08.538+0000] {dagbag.py:588} INFO - Filling up the DagBag from /home/airflow/.local/lib/python3.12/site-packages/airflow/example_dags/example_latest_only.py
[2025-03-29T17:26:08.544+0000] {processor.py:925} INFO - DAG(s) 'latest_only' retrieved from /home/airflow/.local/lib/python3.12/site-packages/airflow/example_dags/example_latest_only.py
[2025-03-29T17:26:08.654+0000] {logging_mixin.py:190} INFO - [2025-03-29T17:26:08.654+0000] {override.py:1912} INFO - Created Permission View: can delete on DAG:latest_only
[2025-03-29T17:26:08.664+0000] {logging_mixin.py:190} INFO - [2025-03-29T17:26:08.664+0000] {override.py:1912} INFO - Created Permission View: can read on DAG:latest_only
[2025-03-29T17:26:08.672+0000] {logging_mixin.py:190} INFO - [2025-03-29T17:26:08.671+0000] {override.py:1912} INFO - Created Permission View: can edit on DAG:latest_only
[2025-03-29T17:26:08.681+0000] {logging_mixin.py:190} INFO - [2025-03-29T17:26:08.680+0000] {override.py:1912} INFO - Created Permission View: can delete on DAG Run:latest_only
[2025-03-29T17:26:08.690+0000] {logging_mixin.py:190} INFO - [2025-03-29T17:26:08.690+0000] {override.py:1912} INFO - Created Permission View: can read on DAG Run:latest_only
[2025-03-29T17:26:08.697+0000] {logging_mixin.py:190} INFO - [2025-03-29T17:26:08.697+0000] {override.py:1912} INFO - Created Permission View: can create on DAG Run:latest_only
[2025-03-29T17:26:08.705+0000] {logging_mixin.py:190} INFO - [2025-03-29T17:26:08.705+0000] {override.py:1912} INFO - Created Permission View: menu access on DAG Run:latest_only
[2025-03-29T17:26:08.705+0000] {logging_mixin.py:190} INFO - [2025-03-29T17:26:08.705+0000] {dag.py:3239} INFO - Sync 1 DAGs
[2025-03-29T17:26:08.723+0000] {logging_mixin.py:190} INFO - [2025-03-29T17:26:08.723+0000] {dag.py:3262} INFO - Creating ORM DAG for latest_only
[2025-03-29T17:26:08.732+0000] {logging_mixin.py:190} INFO - [2025-03-29T17:26:08.732+0000] {dag.py:4180} INFO - Setting next_dagrun for latest_only to 2025-03-29 12:00:00+00:00, run_after=2025-03-29 16:00:00+00:00
[2025-03-29T17:26:08.752+0000] {processor.py:208} INFO - Processing /home/airflow/.local/lib/python3.12/site-packages/airflow/example_dags/example_latest_only.py took 0.220 seconds
[2025-03-29T17:26:39.436+0000] {processor.py:186} INFO - Started process (PID=130) to work on /home/airflow/.local/lib/python3.12/site-packages/airflow/example_dags/example_latest_only.py
[2025-03-29T17:26:39.437+0000] {processor.py:914} INFO - Processing file /home/airflow/.local/lib/python3.12/site-packages/airflow/example_dags/example_latest_only.py for tasks to queue
[2025-03-29T17:26:39.439+0000] {logging_mixin.py:190} INFO - [2025-03-29T17:26:39.438+0000] {dagbag.py:588} INFO - Filling up the DagBag from /home/airflow/.local/lib/python3.12/site-packages/airflow/example_dags/example_latest_only.py
[2025-03-29T17:26:39.443+0000] {processor.py:925} INFO - DAG(s) 'latest_only' retrieved from /home/airflow/.local/lib/python3.12/site-packages/airflow/example_dags/example_latest_only.py
[2025-03-29T17:26:39.459+0000] {logging_mixin.py:190} INFO - [2025-03-29T17:26:39.458+0000] {dag.py:3239} INFO - Sync 1 DAGs
[2025-03-29T17:26:39.475+0000] {logging_mixin.py:190} INFO - [2025-03-29T17:26:39.474+0000] {dag.py:4180} INFO - Setting next_dagrun for latest_only to 2025-03-29 12:00:00+00:00, run_after=2025-03-29 16:00:00+00:00
[2025-03-29T17:26:39.488+0000] {processor.py:208} INFO - Processing /home/airflow/.local/lib/python3.12/site-packages/airflow/example_dags/example_latest_only.py took 0.059 seconds
[2025-03-29T17:27:10.299+0000] {processor.py:186} INFO - Started process (PID=193) to work on /home/airflow/.local/lib/python3.12/site-packages/airflow/example_dags/example_latest_only.py
[2025-03-29T17:27:10.300+0000] {processor.py:914} INFO - Processing file /home/airflow/.local/lib/python3.12/site-packages/airflow/example_dags/example_latest_only.py for tasks to queue
[2025-03-29T17:27:10.301+0000] {logging_mixin.py:190} INFO - [2025-03-29T17:27:10.301+0000] {dagbag.py:588} INFO - Filling up the DagBag from /home/airflow/.local/lib/python3.12/site-packages/airflow/example_dags/example_latest_only.py
[2025-03-29T17:27:10.306+0000] {processor.py:925} INFO - DAG(s) 'latest_only' retrieved from /home/airflow/.local/lib/python3.12/site-packages/airflow/example_dags/example_latest_only.py
[2025-03-29T17:27:10.318+0000] {logging_mixin.py:190} INFO - [2025-03-29T17:27:10.317+0000] {dag.py:3239} INFO - Sync 1 DAGs
[2025-03-29T17:27:10.333+0000] {logging_mixin.py:190} INFO - [2025-03-29T17:27:10.333+0000] {dag.py:4180} INFO - Setting next_dagrun for latest_only to 2025-03-29 12:00:00+00:00, run_after=2025-03-29 16:00:00+00:00
[2025-03-29T17:27:10.348+0000] {processor.py:208} INFO - Processing /home/airflow/.local/lib/python3.12/site-packages/airflow/example_dags/example_latest_only.py took 0.054 seconds
[2025-03-29T17:27:40.791+0000] {processor.py:186} INFO - Started process (PID=256) to work on /home/airflow/.local/lib/python3.12/site-packages/airflow/example_dags/example_latest_only.py
[2025-03-29T17:27:40.792+0000] {processor.py:914} INFO - Processing file /home/airflow/.local/lib/python3.12/site-packages/airflow/example_dags/example_latest_only.py for tasks to queue
[2025-03-29T17:27:40.793+0000] {logging_mixin.py:190} INFO - [2025-03-29T17:27:40.792+0000] {dagbag.py:588} INFO - Filling up the DagBag from /home/airflow/.local/lib/python3.12/site-packages/airflow/example_dags/example_latest_only.py
[2025-03-29T17:27:40.797+0000] {processor.py:925} INFO - DAG(s) 'latest_only' retrieved from /home/airflow/.local/lib/python3.12/site-packages/airflow/example_dags/example_latest_only.py
[2025-03-29T17:27:40.808+0000] {logging_mixin.py:190} INFO - [2025-03-29T17:27:40.808+0000] {dag.py:3239} INFO - Sync 1 DAGs
[2025-03-29T17:27:40.823+0000] {logging_mixin.py:190} INFO - [2025-03-29T17:27:40.823+0000] {dag.py:4180} INFO - Setting next_dagrun for latest_only to 2025-03-29 12:00:00+00:00, run_after=2025-03-29 16:00:00+00:00
[2025-03-29T17:27:40.853+0000] {processor.py:208} INFO - Processing /home/airflow/.local/lib/python3.12/site-packages/airflow/example_dags/example_latest_only.py took 0.065 seconds
[2025-03-29T17:28:11.036+0000] {processor.py:186} INFO - Started process (PID=319) to work on /home/airflow/.local/lib/python3.12/site-packages/airflow/example_dags/example_latest_only.py
[2025-03-29T17:28:11.039+0000] {processor.py:914} INFO - Processing file /home/airflow/.local/lib/python3.12/site-packages/airflow/example_dags/example_latest_only.py for tasks to queue
[2025-03-29T17:28:11.040+0000] {logging_mixin.py:190} INFO - [2025-03-29T17:28:11.040+0000] {dagbag.py:588} INFO - Filling up the DagBag from /home/airflow/.local/lib/python3.12/site-packages/airflow/example_dags/example_latest_only.py
[2025-03-29T17:28:11.045+0000] {processor.py:925} INFO - DAG(s) 'latest_only' retrieved from /home/airflow/.local/lib/python3.12/site-packages/airflow/example_dags/example_latest_only.py
[2025-03-29T17:28:11.057+0000] {logging_mixin.py:190} INFO - [2025-03-29T17:28:11.057+0000] {dag.py:3239} INFO - Sync 1 DAGs
[2025-03-29T17:28:11.072+0000] {logging_mixin.py:190} INFO - [2025-03-29T17:28:11.072+0000] {dag.py:4180} INFO - Setting next_dagrun for latest_only to 2025-03-29 12:00:00+00:00, run_after=2025-03-29 16:00:00+00:00
[2025-03-29T17:28:11.086+0000] {processor.py:208} INFO - Processing /home/airflow/.local/lib/python3.12/site-packages/airflow/example_dags/example_latest_only.py took 0.054 seconds
[2025-03-29T17:28:41.563+0000] {processor.py:186} INFO - Started process (PID=382) to work on /home/airflow/.local/lib/python3.12/site-packages/airflow/example_dags/example_latest_only.py
[2025-03-29T17:28:41.564+0000] {processor.py:914} INFO - Processing file /home/airflow/.local/lib/python3.12/site-packages/airflow/example_dags/example_latest_only.py for tasks to queue
[2025-03-29T17:28:41.565+0000] {logging_mixin.py:190} INFO - [2025-03-29T17:28:41.565+0000] {dagbag.py:588} INFO - Filling up the DagBag from /home/airflow/.local/lib/python3.12/site-packages/airflow/example_dags/example_latest_only.py
[2025-03-29T17:28:41.570+0000] {processor.py:925} INFO - DAG(s) 'latest_only' retrieved from /home/airflow/.local/lib/python3.12/site-packages/airflow/example_dags/example_latest_only.py
[2025-03-29T17:28:41.584+0000] {logging_mixin.py:190} INFO - [2025-03-29T17:28:41.584+0000] {dag.py:3239} INFO - Sync 1 DAGs
[2025-03-29T17:28:41.600+0000] {logging_mixin.py:190} INFO - [2025-03-29T17:28:41.600+0000] {dag.py:4180} INFO - Setting next_dagrun for latest_only to 2025-03-29 12:00:00+00:00, run_after=2025-03-29 16:00:00+00:00
[2025-03-29T17:28:41.615+0000] {processor.py:208} INFO - Processing /home/airflow/.local/lib/python3.12/site-packages/airflow/example_dags/example_latest_only.py took 0.055 seconds
[2025-03-29T17:29:11.886+0000] {processor.py:186} INFO - Started process (PID=445) to work on /home/airflow/.local/lib/python3.12/site-packages/airflow/example_dags/example_latest_only.py
[2025-03-29T17:29:11.887+0000] {processor.py:914} INFO - Processing file /home/airflow/.local/lib/python3.12/site-packages/airflow/example_dags/example_latest_only.py for tasks to queue
[2025-03-29T17:29:11.889+0000] {logging_mixin.py:190} INFO - [2025-03-29T17:29:11.888+0000] {dagbag.py:588} INFO - Filling up the DagBag from /home/airflow/.local/lib/python3.12/site-packages/airflow/example_dags/example_latest_only.py
[2025-03-29T17:29:11.893+0000] {processor.py:925} INFO - DAG(s) 'latest_only' retrieved from /home/airflow/.local/lib/python3.12/site-packages/airflow/example_dags/example_latest_only.py
[2025-03-29T17:29:11.906+0000] {logging_mixin.py:190} INFO - [2025-03-29T17:29:11.906+0000] {dag.py:3239} INFO - Sync 1 DAGs
[2025-03-29T17:29:11.927+0000] {logging_mixin.py:190} INFO - [2025-03-29T17:29:11.927+0000] {dag.py:4180} INFO - Setting next_dagrun for latest_only to 2025-03-29 12:00:00+00:00, run_after=2025-03-29 16:00:00+00:00
[2025-03-29T17:29:11.940+0000] {processor.py:208} INFO - Processing /home/airflow/.local/lib/python3.12/site-packages/airflow/example_dags/example_latest_only.py took 0.057 seconds
[2025-03-29T17:29:43.399+0000] {processor.py:186} INFO - Started process (PID=508) to work on /home/airflow/.local/lib/python3.12/site-packages/airflow/example_dags/example_latest_only.py
[2025-03-29T17:29:43.400+0000] {processor.py:914} INFO - Processing file /home/airflow/.local/lib/python3.12/site-packages/airflow/example_dags/example_latest_only.py for tasks to queue
[2025-03-29T17:29:43.402+0000] {logging_mixin.py:190} INFO - [2025-03-29T17:29:43.402+0000] {dagbag.py:588} INFO - Filling up the DagBag from /home/airflow/.local/lib/python3.12/site-packages/airflow/example_dags/example_latest_only.py
[2025-03-29T17:29:43.408+0000] {processor.py:925} INFO - DAG(s) 'latest_only' retrieved from /home/airflow/.local/lib/python3.12/site-packages/airflow/example_dags/example_latest_only.py
[2025-03-29T17:29:43.421+0000] {logging_mixin.py:190} INFO - [2025-03-29T17:29:43.421+0000] {dag.py:3239} INFO - Sync 1 DAGs
[2025-03-29T17:29:43.437+0000] {logging_mixin.py:190} INFO - [2025-03-29T17:29:43.437+0000] {dag.py:4180} INFO - Setting next_dagrun for latest_only to 2025-03-29 12:00:00+00:00, run_after=2025-03-29 16:00:00+00:00
[2025-03-29T17:29:43.450+0000] {processor.py:208} INFO - Processing /home/airflow/.local/lib/python3.12/site-packages/airflow/example_dags/example_latest_only.py took 0.054 seconds
[2025-03-29T17:30:14.976+0000] {processor.py:186} INFO - Started process (PID=571) to work on /home/airflow/.local/lib/python3.12/site-packages/airflow/example_dags/example_latest_only.py
[2025-03-29T17:30:14.977+0000] {processor.py:914} INFO - Processing file /home/airflow/.local/lib/python3.12/site-packages/airflow/example_dags/example_latest_only.py for tasks to queue
[2025-03-29T17:30:14.978+0000] {logging_mixin.py:190} INFO - [2025-03-29T17:30:14.978+0000] {dagbag.py:588} INFO - Filling up the DagBag from /home/airflow/.local/lib/python3.12/site-packages/airflow/example_dags/example_latest_only.py
[2025-03-29T17:30:14.983+0000] {processor.py:925} INFO - DAG(s) 'latest_only' retrieved from /home/airflow/.local/lib/python3.12/site-packages/airflow/example_dags/example_latest_only.py
[2025-03-29T17:30:14.995+0000] {logging_mixin.py:190} INFO - [2025-03-29T17:30:14.995+0000] {dag.py:3239} INFO - Sync 1 DAGs
[2025-03-29T17:30:15.011+0000] {logging_mixin.py:190} INFO - [2025-03-29T17:30:15.011+0000] {dag.py:4180} INFO - Setting next_dagrun for latest_only to 2025-03-29 12:00:00+00:00, run_after=2025-03-29 16:00:00+00:00
[2025-03-29T17:30:15.024+0000] {processor.py:208} INFO - Processing /home/airflow/.local/lib/python3.12/site-packages/airflow/example_dags/example_latest_only.py took 0.051 seconds
[2025-03-29T17:30:45.529+0000] {processor.py:186} INFO - Started process (PID=634) to work on /home/airflow/.local/lib/python3.12/site-packages/airflow/example_dags/example_latest_only.py
[2025-03-29T17:30:45.530+0000] {processor.py:914} INFO - Processing file /home/airflow/.local/lib/python3.12/site-packages/airflow/example_dags/example_latest_only.py for tasks to queue
[2025-03-29T17:30:45.531+0000] {logging_mixin.py:190} INFO - [2025-03-29T17:30:45.531+0000] {dagbag.py:588} INFO - Filling up the DagBag from /home/airflow/.local/lib/python3.12/site-packages/airflow/example_dags/example_latest_only.py
[2025-03-29T17:30:45.536+0000] {processor.py:925} INFO - DAG(s) 'latest_only' retrieved from /home/airflow/.local/lib/python3.12/site-packages/airflow/example_dags/example_latest_only.py
[2025-03-29T17:30:45.548+0000] {logging_mixin.py:190} INFO - [2025-03-29T17:30:45.548+0000] {dag.py:3239} INFO - Sync 1 DAGs
[2025-03-29T17:30:45.564+0000] {logging_mixin.py:190} INFO - [2025-03-29T17:30:45.564+0000] {dag.py:4180} INFO - Setting next_dagrun for latest_only to 2025-03-29 12:00:00+00:00, run_after=2025-03-29 16:00:00+00:00
[2025-03-29T17:30:45.575+0000] {processor.py:208} INFO - Processing /home/airflow/.local/lib/python3.12/site-packages/airflow/example_dags/example_latest_only.py took 0.049 seconds
[2025-03-29T17:31:16.779+0000] {processor.py:186} INFO - Started process (PID=703) to work on /home/airflow/.local/lib/python3.12/site-packages/airflow/example_dags/example_latest_only.py
[2025-03-29T17:31:16.779+0000] {processor.py:914} INFO - Processing file /home/airflow/.local/lib/python3.12/site-packages/airflow/example_dags/example_latest_only.py for tasks to queue
[2025-03-29T17:31:16.781+0000] {logging_mixin.py:190} INFO - [2025-03-29T17:31:16.780+0000] {dagbag.py:588} INFO - Filling up the DagBag from /home/airflow/.local/lib/python3.12/site-packages/airflow/example_dags/example_latest_only.py
[2025-03-29T17:31:16.785+0000] {processor.py:925} INFO - DAG(s) 'latest_only' retrieved from /home/airflow/.local/lib/python3.12/site-packages/airflow/example_dags/example_latest_only.py
[2025-03-29T17:31:16.796+0000] {logging_mixin.py:190} INFO - [2025-03-29T17:31:16.796+0000] {dag.py:3239} INFO - Sync 1 DAGs
[2025-03-29T17:31:16.813+0000] {logging_mixin.py:190} INFO - [2025-03-29T17:31:16.812+0000] {dag.py:4180} INFO - Setting next_dagrun for latest_only to 2025-03-29 12:00:00+00:00, run_after=2025-03-29 16:00:00+00:00
[2025-03-29T17:31:16.824+0000] {processor.py:208} INFO - Processing /home/airflow/.local/lib/python3.12/site-packages/airflow/example_dags/example_latest_only.py took 0.049 seconds
[2025-03-29T17:31:48.131+0000] {processor.py:186} INFO - Started process (PID=766) to work on /home/airflow/.local/lib/python3.12/site-packages/airflow/example_dags/example_latest_only.py
[2025-03-29T17:31:48.131+0000] {processor.py:914} INFO - Processing file /home/airflow/.local/lib/python3.12/site-packages/airflow/example_dags/example_latest_only.py for tasks to queue
[2025-03-29T17:31:48.133+0000] {logging_mixin.py:190} INFO - [2025-03-29T17:31:48.132+0000] {dagbag.py:588} INFO - Filling up the DagBag from /home/airflow/.local/lib/python3.12/site-packages/airflow/example_dags/example_latest_only.py
[2025-03-29T17:31:48.137+0000] {processor.py:925} INFO - DAG(s) 'latest_only' retrieved from /home/airflow/.local/lib/python3.12/site-packages/airflow/example_dags/example_latest_only.py
[2025-03-29T17:31:48.151+0000] {logging_mixin.py:190} INFO - [2025-03-29T17:31:48.151+0000] {dag.py:3239} INFO - Sync 1 DAGs
[2025-03-29T17:31:48.171+0000] {logging_mixin.py:190} INFO - [2025-03-29T17:31:48.171+0000] {dag.py:4180} INFO - Setting next_dagrun for latest_only to 2025-03-29 12:00:00+00:00, run_after=2025-03-29 16:00:00+00:00
[2025-03-29T17:31:48.186+0000] {processor.py:208} INFO - Processing /home/airflow/.local/lib/python3.12/site-packages/airflow/example_dags/example_latest_only.py took 0.059 seconds
[2025-03-29T17:32:18.543+0000] {processor.py:186} INFO - Started process (PID=829) to work on /home/airflow/.local/lib/python3.12/site-packages/airflow/example_dags/example_latest_only.py
[2025-03-29T17:32:18.544+0000] {processor.py:914} INFO - Processing file /home/airflow/.local/lib/python3.12/site-packages/airflow/example_dags/example_latest_only.py for tasks to queue
[2025-03-29T17:32:18.545+0000] {logging_mixin.py:190} INFO - [2025-03-29T17:32:18.545+0000] {dagbag.py:588} INFO - Filling up the DagBag from /home/airflow/.local/lib/python3.12/site-packages/airflow/example_dags/example_latest_only.py
[2025-03-29T17:32:18.550+0000] {processor.py:925} INFO - DAG(s) 'latest_only' retrieved from /home/airflow/.local/lib/python3.12/site-packages/airflow/example_dags/example_latest_only.py
[2025-03-29T17:32:18.562+0000] {logging_mixin.py:190} INFO - [2025-03-29T17:32:18.561+0000] {dag.py:3239} INFO - Sync 1 DAGs
[2025-03-29T17:32:18.577+0000] {logging_mixin.py:190} INFO - [2025-03-29T17:32:18.577+0000] {dag.py:4180} INFO - Setting next_dagrun for latest_only to 2025-03-29 12:00:00+00:00, run_after=2025-03-29 16:00:00+00:00
[2025-03-29T17:32:18.589+0000] {processor.py:208} INFO - Processing /home/airflow/.local/lib/python3.12/site-packages/airflow/example_dags/example_latest_only.py took 0.049 seconds
[2025-03-29T17:32:49.945+0000] {processor.py:186} INFO - Started process (PID=892) to work on /home/airflow/.local/lib/python3.12/site-packages/airflow/example_dags/example_latest_only.py
[2025-03-29T17:32:49.945+0000] {processor.py:914} INFO - Processing file /home/airflow/.local/lib/python3.12/site-packages/airflow/example_dags/example_latest_only.py for tasks to queue
[2025-03-29T17:32:49.947+0000] {logging_mixin.py:190} INFO - [2025-03-29T17:32:49.946+0000] {dagbag.py:588} INFO - Filling up the DagBag from /home/airflow/.local/lib/python3.12/site-packages/airflow/example_dags/example_latest_only.py
[2025-03-29T17:32:49.951+0000] {processor.py:925} INFO - DAG(s) 'latest_only' retrieved from /home/airflow/.local/lib/python3.12/site-packages/airflow/example_dags/example_latest_only.py
[2025-03-29T17:32:49.962+0000] {logging_mixin.py:190} INFO - [2025-03-29T17:32:49.962+0000] {dag.py:3239} INFO - Sync 1 DAGs
[2025-03-29T17:32:49.977+0000] {logging_mixin.py:190} INFO - [2025-03-29T17:32:49.977+0000] {dag.py:4180} INFO - Setting next_dagrun for latest_only to 2025-03-29 12:00:00+00:00, run_after=2025-03-29 16:00:00+00:00
[2025-03-29T17:32:49.988+0000] {processor.py:208} INFO - Processing /home/airflow/.local/lib/python3.12/site-packages/airflow/example_dags/example_latest_only.py took 0.047 seconds
[2025-03-29T17:33:20.521+0000] {processor.py:186} INFO - Started process (PID=955) to work on /home/airflow/.local/lib/python3.12/site-packages/airflow/example_dags/example_latest_only.py
[2025-03-29T17:33:20.522+0000] {processor.py:914} INFO - Processing file /home/airflow/.local/lib/python3.12/site-packages/airflow/example_dags/example_latest_only.py for tasks to queue
[2025-03-29T17:33:20.523+0000] {logging_mixin.py:190} INFO - [2025-03-29T17:33:20.523+0000] {dagbag.py:588} INFO - Filling up the DagBag from /home/airflow/.local/lib/python3.12/site-packages/airflow/example_dags/example_latest_only.py
[2025-03-29T17:33:20.527+0000] {processor.py:925} INFO - DAG(s) 'latest_only' retrieved from /home/airflow/.local/lib/python3.12/site-packages/airflow/example_dags/example_latest_only.py
[2025-03-29T17:33:20.540+0000] {logging_mixin.py:190} INFO - [2025-03-29T17:33:20.539+0000] {dag.py:3239} INFO - Sync 1 DAGs
[2025-03-29T17:33:20.555+0000] {logging_mixin.py:190} INFO - [2025-03-29T17:33:20.554+0000] {dag.py:4180} INFO - Setting next_dagrun for latest_only to 2025-03-29 12:00:00+00:00, run_after=2025-03-29 16:00:00+00:00
[2025-03-29T17:33:20.567+0000] {processor.py:208} INFO - Processing /home/airflow/.local/lib/python3.12/site-packages/airflow/example_dags/example_latest_only.py took 0.050 seconds
[2025-03-29T17:33:52.122+0000] {processor.py:186} INFO - Started process (PID=1018) to work on /home/airflow/.local/lib/python3.12/site-packages/airflow/example_dags/example_latest_only.py
[2025-03-29T17:33:52.123+0000] {processor.py:914} INFO - Processing file /home/airflow/.local/lib/python3.12/site-packages/airflow/example_dags/example_latest_only.py for tasks to queue
[2025-03-29T17:33:52.124+0000] {logging_mixin.py:190} INFO - [2025-03-29T17:33:52.124+0000] {dagbag.py:588} INFO - Filling up the DagBag from /home/airflow/.local/lib/python3.12/site-packages/airflow/example_dags/example_latest_only.py
[2025-03-29T17:33:52.128+0000] {processor.py:925} INFO - DAG(s) 'latest_only' retrieved from /home/airflow/.local/lib/python3.12/site-packages/airflow/example_dags/example_latest_only.py
[2025-03-29T17:33:52.141+0000] {logging_mixin.py:190} INFO - [2025-03-29T17:33:52.141+0000] {dag.py:3239} INFO - Sync 1 DAGs
[2025-03-29T17:33:52.158+0000] {logging_mixin.py:190} INFO - [2025-03-29T17:33:52.158+0000] {dag.py:4180} INFO - Setting next_dagrun for latest_only to 2025-03-29 12:00:00+00:00, run_after=2025-03-29 16:00:00+00:00
[2025-03-29T17:33:52.170+0000] {processor.py:208} INFO - Processing /home/airflow/.local/lib/python3.12/site-packages/airflow/example_dags/example_latest_only.py took 0.051 seconds
[2025-03-29T17:34:22.599+0000] {processor.py:186} INFO - Started process (PID=1081) to work on /home/airflow/.local/lib/python3.12/site-packages/airflow/example_dags/example_latest_only.py
[2025-03-29T17:34:22.600+0000] {processor.py:914} INFO - Processing file /home/airflow/.local/lib/python3.12/site-packages/airflow/example_dags/example_latest_only.py for tasks to queue
[2025-03-29T17:34:22.601+0000] {logging_mixin.py:190} INFO - [2025-03-29T17:34:22.601+0000] {dagbag.py:588} INFO - Filling up the DagBag from /home/airflow/.local/lib/python3.12/site-packages/airflow/example_dags/example_latest_only.py
[2025-03-29T17:34:22.606+0000] {processor.py:925} INFO - DAG(s) 'latest_only' retrieved from /home/airflow/.local/lib/python3.12/site-packages/airflow/example_dags/example_latest_only.py
[2025-03-29T17:34:22.618+0000] {logging_mixin.py:190} INFO - [2025-03-29T17:34:22.618+0000] {dag.py:3239} INFO - Sync 1 DAGs
[2025-03-29T17:34:22.635+0000] {logging_mixin.py:190} INFO - [2025-03-29T17:34:22.635+0000] {dag.py:4180} INFO - Setting next_dagrun for latest_only to 2025-03-29 12:00:00+00:00, run_after=2025-03-29 16:00:00+00:00
[2025-03-29T17:34:22.647+0000] {processor.py:208} INFO - Processing /home/airflow/.local/lib/python3.12/site-packages/airflow/example_dags/example_latest_only.py took 0.051 seconds
[2025-03-29T17:34:54.137+0000] {processor.py:186} INFO - Started process (PID=1144) to work on /home/airflow/.local/lib/python3.12/site-packages/airflow/example_dags/example_latest_only.py
[2025-03-29T17:34:54.138+0000] {processor.py:914} INFO - Processing file /home/airflow/.local/lib/python3.12/site-packages/airflow/example_dags/example_latest_only.py for tasks to queue
[2025-03-29T17:34:54.139+0000] {logging_mixin.py:190} INFO - [2025-03-29T17:34:54.139+0000] {dagbag.py:588} INFO - Filling up the DagBag from /home/airflow/.local/lib/python3.12/site-packages/airflow/example_dags/example_latest_only.py
[2025-03-29T17:34:54.143+0000] {processor.py:925} INFO - DAG(s) 'latest_only' retrieved from /home/airflow/.local/lib/python3.12/site-packages/airflow/example_dags/example_latest_only.py
[2025-03-29T17:34:54.156+0000] {logging_mixin.py:190} INFO - [2025-03-29T17:34:54.156+0000] {dag.py:3239} INFO - Sync 1 DAGs
[2025-03-29T17:34:54.171+0000] {logging_mixin.py:190} INFO - [2025-03-29T17:34:54.171+0000] {dag.py:4180} INFO - Setting next_dagrun for latest_only to 2025-03-29 12:00:00+00:00, run_after=2025-03-29 16:00:00+00:00
[2025-03-29T17:34:54.182+0000] {processor.py:208} INFO - Processing /home/airflow/.local/lib/python3.12/site-packages/airflow/example_dags/example_latest_only.py took 0.049 seconds
[2025-03-29T17:35:25.528+0000] {processor.py:186} INFO - Started process (PID=1207) to work on /home/airflow/.local/lib/python3.12/site-packages/airflow/example_dags/example_latest_only.py
[2025-03-29T17:35:25.529+0000] {processor.py:914} INFO - Processing file /home/airflow/.local/lib/python3.12/site-packages/airflow/example_dags/example_latest_only.py for tasks to queue
[2025-03-29T17:35:25.530+0000] {logging_mixin.py:190} INFO - [2025-03-29T17:35:25.530+0000] {dagbag.py:588} INFO - Filling up the DagBag from /home/airflow/.local/lib/python3.12/site-packages/airflow/example_dags/example_latest_only.py
[2025-03-29T17:35:25.535+0000] {processor.py:925} INFO - DAG(s) 'latest_only' retrieved from /home/airflow/.local/lib/python3.12/site-packages/airflow/example_dags/example_latest_only.py
[2025-03-29T17:35:25.552+0000] {logging_mixin.py:190} INFO - [2025-03-29T17:35:25.552+0000] {dag.py:3239} INFO - Sync 1 DAGs
[2025-03-29T17:35:25.577+0000] {logging_mixin.py:190} INFO - [2025-03-29T17:35:25.577+0000] {dag.py:4180} INFO - Setting next_dagrun for latest_only to 2025-03-29 12:00:00+00:00, run_after=2025-03-29 16:00:00+00:00
[2025-03-29T17:35:25.601+0000] {processor.py:208} INFO - Processing /home/airflow/.local/lib/python3.12/site-packages/airflow/example_dags/example_latest_only.py took 0.082 seconds
[2025-03-29T17:35:56.576+0000] {processor.py:186} INFO - Started process (PID=1270) to work on /home/airflow/.local/lib/python3.12/site-packages/airflow/example_dags/example_latest_only.py
[2025-03-29T17:35:56.577+0000] {processor.py:914} INFO - Processing file /home/airflow/.local/lib/python3.12/site-packages/airflow/example_dags/example_latest_only.py for tasks to queue
[2025-03-29T17:35:56.578+0000] {logging_mixin.py:190} INFO - [2025-03-29T17:35:56.578+0000] {dagbag.py:588} INFO - Filling up the DagBag from /home/airflow/.local/lib/python3.12/site-packages/airflow/example_dags/example_latest_only.py
[2025-03-29T17:35:56.582+0000] {processor.py:925} INFO - DAG(s) 'latest_only' retrieved from /home/airflow/.local/lib/python3.12/site-packages/airflow/example_dags/example_latest_only.py
[2025-03-29T17:35:56.594+0000] {logging_mixin.py:190} INFO - [2025-03-29T17:35:56.594+0000] {dag.py:3239} INFO - Sync 1 DAGs
[2025-03-29T17:35:56.610+0000] {logging_mixin.py:190} INFO - [2025-03-29T17:35:56.610+0000] {dag.py:4180} INFO - Setting next_dagrun for latest_only to 2025-03-29 12:00:00+00:00, run_after=2025-03-29 16:00:00+00:00
[2025-03-29T17:35:56.623+0000] {processor.py:208} INFO - Processing /home/airflow/.local/lib/python3.12/site-packages/airflow/example_dags/example_latest_only.py took 0.051 seconds
[2025-03-29T17:36:27.849+0000] {processor.py:186} INFO - Started process (PID=1333) to work on /home/airflow/.local/lib/python3.12/site-packages/airflow/example_dags/example_latest_only.py
[2025-03-29T17:36:27.850+0000] {processor.py:914} INFO - Processing file /home/airflow/.local/lib/python3.12/site-packages/airflow/example_dags/example_latest_only.py for tasks to queue
[2025-03-29T17:36:27.853+0000] {logging_mixin.py:190} INFO - [2025-03-29T17:36:27.853+0000] {dagbag.py:588} INFO - Filling up the DagBag from /home/airflow/.local/lib/python3.12/site-packages/airflow/example_dags/example_latest_only.py
[2025-03-29T17:36:27.859+0000] {processor.py:925} INFO - DAG(s) 'latest_only' retrieved from /home/airflow/.local/lib/python3.12/site-packages/airflow/example_dags/example_latest_only.py
[2025-03-29T17:36:27.876+0000] {logging_mixin.py:190} INFO - [2025-03-29T17:36:27.876+0000] {dag.py:3239} INFO - Sync 1 DAGs
[2025-03-29T17:36:27.896+0000] {logging_mixin.py:190} INFO - [2025-03-29T17:36:27.895+0000] {dag.py:4180} INFO - Setting next_dagrun for latest_only to 2025-03-29 12:00:00+00:00, run_after=2025-03-29 16:00:00+00:00
[2025-03-29T17:36:27.912+0000] {processor.py:208} INFO - Processing /home/airflow/.local/lib/python3.12/site-packages/airflow/example_dags/example_latest_only.py took 0.067 seconds
[2025-03-29T17:36:59.170+0000] {processor.py:186} INFO - Started process (PID=1396) to work on /home/airflow/.local/lib/python3.12/site-packages/airflow/example_dags/example_latest_only.py
[2025-03-29T17:36:59.171+0000] {processor.py:914} INFO - Processing file /home/airflow/.local/lib/python3.12/site-packages/airflow/example_dags/example_latest_only.py for tasks to queue
[2025-03-29T17:36:59.172+0000] {logging_mixin.py:190} INFO - [2025-03-29T17:36:59.172+0000] {dagbag.py:588} INFO - Filling up the DagBag from /home/airflow/.local/lib/python3.12/site-packages/airflow/example_dags/example_latest_only.py
[2025-03-29T17:36:59.176+0000] {processor.py:925} INFO - DAG(s) 'latest_only' retrieved from /home/airflow/.local/lib/python3.12/site-packages/airflow/example_dags/example_latest_only.py
[2025-03-29T17:36:59.188+0000] {logging_mixin.py:190} INFO - [2025-03-29T17:36:59.188+0000] {dag.py:3239} INFO - Sync 1 DAGs
[2025-03-29T17:36:59.203+0000] {logging_mixin.py:190} INFO - [2025-03-29T17:36:59.203+0000] {dag.py:4180} INFO - Setting next_dagrun for latest_only to 2025-03-29 12:00:00+00:00, run_after=2025-03-29 16:00:00+00:00
[2025-03-29T17:36:59.214+0000] {processor.py:208} INFO - Processing /home/airflow/.local/lib/python3.12/site-packages/airflow/example_dags/example_latest_only.py took 0.047 seconds
[2025-03-29T17:37:30.223+0000] {processor.py:186} INFO - Started process (PID=1459) to work on /home/airflow/.local/lib/python3.12/site-packages/airflow/example_dags/example_latest_only.py
[2025-03-29T17:37:30.224+0000] {processor.py:914} INFO - Processing file /home/airflow/.local/lib/python3.12/site-packages/airflow/example_dags/example_latest_only.py for tasks to queue
[2025-03-29T17:37:30.225+0000] {logging_mixin.py:190} INFO - [2025-03-29T17:37:30.225+0000] {dagbag.py:588} INFO - Filling up the DagBag from /home/airflow/.local/lib/python3.12/site-packages/airflow/example_dags/example_latest_only.py
[2025-03-29T17:37:30.229+0000] {processor.py:925} INFO - DAG(s) 'latest_only' retrieved from /home/airflow/.local/lib/python3.12/site-packages/airflow/example_dags/example_latest_only.py
[2025-03-29T17:37:30.241+0000] {logging_mixin.py:190} INFO - [2025-03-29T17:37:30.241+0000] {dag.py:3239} INFO - Sync 1 DAGs
[2025-03-29T17:37:30.257+0000] {logging_mixin.py:190} INFO - [2025-03-29T17:37:30.257+0000] {dag.py:4180} INFO - Setting next_dagrun for latest_only to 2025-03-29 12:00:00+00:00, run_after=2025-03-29 16:00:00+00:00
[2025-03-29T17:37:30.268+0000] {processor.py:208} INFO - Processing /home/airflow/.local/lib/python3.12/site-packages/airflow/example_dags/example_latest_only.py took 0.049 seconds
[2025-03-29T17:38:01.018+0000] {processor.py:186} INFO - Started process (PID=1522) to work on /home/airflow/.local/lib/python3.12/site-packages/airflow/example_dags/example_latest_only.py
[2025-03-29T17:38:01.019+0000] {processor.py:914} INFO - Processing file /home/airflow/.local/lib/python3.12/site-packages/airflow/example_dags/example_latest_only.py for tasks to queue
[2025-03-29T17:38:01.020+0000] {logging_mixin.py:190} INFO - [2025-03-29T17:38:01.020+0000] {dagbag.py:588} INFO - Filling up the DagBag from /home/airflow/.local/lib/python3.12/site-packages/airflow/example_dags/example_latest_only.py
[2025-03-29T17:38:01.025+0000] {processor.py:925} INFO - DAG(s) 'latest_only' retrieved from /home/airflow/.local/lib/python3.12/site-packages/airflow/example_dags/example_latest_only.py
[2025-03-29T17:38:01.037+0000] {logging_mixin.py:190} INFO - [2025-03-29T17:38:01.037+0000] {dag.py:3239} INFO - Sync 1 DAGs
[2025-03-29T17:38:01.052+0000] {logging_mixin.py:190} INFO - [2025-03-29T17:38:01.052+0000] {dag.py:4180} INFO - Setting next_dagrun for latest_only to 2025-03-29 12:00:00+00:00, run_after=2025-03-29 16:00:00+00:00
[2025-03-29T17:38:01.064+0000] {processor.py:208} INFO - Processing /home/airflow/.local/lib/python3.12/site-packages/airflow/example_dags/example_latest_only.py took 0.049 seconds
[2025-03-29T17:38:32.173+0000] {processor.py:186} INFO - Started process (PID=1585) to work on /home/airflow/.local/lib/python3.12/site-packages/airflow/example_dags/example_latest_only.py
[2025-03-29T17:38:32.174+0000] {processor.py:914} INFO - Processing file /home/airflow/.local/lib/python3.12/site-packages/airflow/example_dags/example_latest_only.py for tasks to queue
[2025-03-29T17:38:32.175+0000] {logging_mixin.py:190} INFO - [2025-03-29T17:38:32.175+0000] {dagbag.py:588} INFO - Filling up the DagBag from /home/airflow/.local/lib/python3.12/site-packages/airflow/example_dags/example_latest_only.py
[2025-03-29T17:38:32.179+0000] {processor.py:925} INFO - DAG(s) 'latest_only' retrieved from /home/airflow/.local/lib/python3.12/site-packages/airflow/example_dags/example_latest_only.py
[2025-03-29T17:38:32.191+0000] {logging_mixin.py:190} INFO - [2025-03-29T17:38:32.190+0000] {dag.py:3239} INFO - Sync 1 DAGs
[2025-03-29T17:38:32.207+0000] {logging_mixin.py:190} INFO - [2025-03-29T17:38:32.207+0000] {dag.py:4180} INFO - Setting next_dagrun for latest_only to 2025-03-29 12:00:00+00:00, run_after=2025-03-29 16:00:00+00:00
[2025-03-29T17:38:32.218+0000] {processor.py:208} INFO - Processing /home/airflow/.local/lib/python3.12/site-packages/airflow/example_dags/example_latest_only.py took 0.048 seconds
