[2025-03-29T17:15:45.804+0000] {processor.py:186} INFO - Started process (PID=49) to work on /home/airflow/.local/lib/python3.12/site-packages/airflow/example_dags/example_latest_only_with_trigger.py
[2025-03-29T17:15:45.805+0000] {processor.py:914} INFO - Processing file /home/airflow/.local/lib/python3.12/site-packages/airflow/example_dags/example_latest_only_with_trigger.py for tasks to queue
[2025-03-29T17:15:45.808+0000] {logging_mixin.py:190} INFO - [2025-03-29T17:15:45.807+0000] {dagbag.py:588} INFO - Filling up the DagBag from /home/airflow/.local/lib/python3.12/site-packages/airflow/example_dags/example_latest_only_with_trigger.py
[2025-03-29T17:15:45.816+0000] {processor.py:925} INFO - DAG(s) 'latest_only_with_trigger' retrieved from /home/airflow/.local/lib/python3.12/site-packages/airflow/example_dags/example_latest_only_with_trigger.py
[2025-03-29T17:15:45.921+0000] {logging_mixin.py:190} INFO - [2025-03-29T17:15:45.920+0000] {override.py:1912} INFO - Created Permission View: can delete on DAG:latest_only_with_trigger
[2025-03-29T17:15:45.933+0000] {logging_mixin.py:190} INFO - [2025-03-29T17:15:45.932+0000] {override.py:1912} INFO - Created Permission View: can edit on DAG:latest_only_with_trigger
[2025-03-29T17:15:45.940+0000] {logging_mixin.py:190} INFO - [2025-03-29T17:15:45.939+0000] {override.py:1912} INFO - Created Permission View: can read on DAG:latest_only_with_trigger
[2025-03-29T17:15:45.948+0000] {logging_mixin.py:190} INFO - [2025-03-29T17:15:45.948+0000] {override.py:1912} INFO - Created Permission View: can delete on DAG Run:latest_only_with_trigger
[2025-03-29T17:15:45.954+0000] {logging_mixin.py:190} INFO - [2025-03-29T17:15:45.954+0000] {override.py:1912} INFO - Created Permission View: menu access on DAG Run:latest_only_with_trigger
[2025-03-29T17:15:45.962+0000] {logging_mixin.py:190} INFO - [2025-03-29T17:15:45.962+0000] {override.py:1912} INFO - Created Permission View: can read on DAG Run:latest_only_with_trigger
[2025-03-29T17:15:45.969+0000] {logging_mixin.py:190} INFO - [2025-03-29T17:15:45.969+0000] {override.py:1912} INFO - Created Permission View: can create on DAG Run:latest_only_with_trigger
[2025-03-29T17:15:45.969+0000] {logging_mixin.py:190} INFO - [2025-03-29T17:15:45.969+0000] {dag.py:3239} INFO - Sync 1 DAGs
[2025-03-29T17:15:45.982+0000] {logging_mixin.py:190} INFO - [2025-03-29T17:15:45.982+0000] {dag.py:3262} INFO - Creating ORM DAG for latest_only_with_trigger
[2025-03-29T17:15:45.990+0000] {logging_mixin.py:190} INFO - [2025-03-29T17:15:45.990+0000] {dag.py:4180} INFO - Setting next_dagrun for latest_only_with_trigger to 2025-03-29 12:00:00+00:00, run_after=2025-03-29 16:00:00+00:00
[2025-03-29T17:15:46.009+0000] {processor.py:208} INFO - Processing /home/airflow/.local/lib/python3.12/site-packages/airflow/example_dags/example_latest_only_with_trigger.py took 0.208 seconds
[2025-03-29T17:16:17.422+0000] {processor.py:186} INFO - Started process (PID=112) to work on /home/airflow/.local/lib/python3.12/site-packages/airflow/example_dags/example_latest_only_with_trigger.py
[2025-03-29T17:16:17.424+0000] {processor.py:914} INFO - Processing file /home/airflow/.local/lib/python3.12/site-packages/airflow/example_dags/example_latest_only_with_trigger.py for tasks to queue
[2025-03-29T17:16:17.426+0000] {logging_mixin.py:190} INFO - [2025-03-29T17:16:17.426+0000] {dagbag.py:588} INFO - Filling up the DagBag from /home/airflow/.local/lib/python3.12/site-packages/airflow/example_dags/example_latest_only_with_trigger.py
[2025-03-29T17:16:17.433+0000] {processor.py:925} INFO - DAG(s) 'latest_only_with_trigger' retrieved from /home/airflow/.local/lib/python3.12/site-packages/airflow/example_dags/example_latest_only_with_trigger.py
[2025-03-29T17:16:17.457+0000] {logging_mixin.py:190} INFO - [2025-03-29T17:16:17.456+0000] {dag.py:3239} INFO - Sync 1 DAGs
[2025-03-29T17:16:17.479+0000] {logging_mixin.py:190} INFO - [2025-03-29T17:16:17.479+0000] {dag.py:4180} INFO - Setting next_dagrun for latest_only_with_trigger to 2025-03-29 12:00:00+00:00, run_after=2025-03-29 16:00:00+00:00
[2025-03-29T17:16:17.495+0000] {processor.py:208} INFO - Processing /home/airflow/.local/lib/python3.12/site-packages/airflow/example_dags/example_latest_only_with_trigger.py took 0.081 seconds
[2025-03-29T17:16:48.593+0000] {processor.py:186} INFO - Started process (PID=175) to work on /home/airflow/.local/lib/python3.12/site-packages/airflow/example_dags/example_latest_only_with_trigger.py
[2025-03-29T17:16:48.594+0000] {processor.py:914} INFO - Processing file /home/airflow/.local/lib/python3.12/site-packages/airflow/example_dags/example_latest_only_with_trigger.py for tasks to queue
[2025-03-29T17:16:48.595+0000] {logging_mixin.py:190} INFO - [2025-03-29T17:16:48.595+0000] {dagbag.py:588} INFO - Filling up the DagBag from /home/airflow/.local/lib/python3.12/site-packages/airflow/example_dags/example_latest_only_with_trigger.py
[2025-03-29T17:16:48.599+0000] {processor.py:925} INFO - DAG(s) 'latest_only_with_trigger' retrieved from /home/airflow/.local/lib/python3.12/site-packages/airflow/example_dags/example_latest_only_with_trigger.py
[2025-03-29T17:16:48.611+0000] {logging_mixin.py:190} INFO - [2025-03-29T17:16:48.611+0000] {dag.py:3239} INFO - Sync 1 DAGs
[2025-03-29T17:16:48.626+0000] {logging_mixin.py:190} INFO - [2025-03-29T17:16:48.626+0000] {dag.py:4180} INFO - Setting next_dagrun for latest_only_with_trigger to 2025-03-29 12:00:00+00:00, run_after=2025-03-29 16:00:00+00:00
[2025-03-29T17:16:48.638+0000] {processor.py:208} INFO - Processing /home/airflow/.local/lib/python3.12/site-packages/airflow/example_dags/example_latest_only_with_trigger.py took 0.049 seconds
[2025-03-29T17:17:19.087+0000] {processor.py:186} INFO - Started process (PID=238) to work on /home/airflow/.local/lib/python3.12/site-packages/airflow/example_dags/example_latest_only_with_trigger.py
[2025-03-29T17:17:19.089+0000] {processor.py:914} INFO - Processing file /home/airflow/.local/lib/python3.12/site-packages/airflow/example_dags/example_latest_only_with_trigger.py for tasks to queue
[2025-03-29T17:17:19.090+0000] {logging_mixin.py:190} INFO - [2025-03-29T17:17:19.090+0000] {dagbag.py:588} INFO - Filling up the DagBag from /home/airflow/.local/lib/python3.12/site-packages/airflow/example_dags/example_latest_only_with_trigger.py
[2025-03-29T17:17:19.096+0000] {processor.py:925} INFO - DAG(s) 'latest_only_with_trigger' retrieved from /home/airflow/.local/lib/python3.12/site-packages/airflow/example_dags/example_latest_only_with_trigger.py
[2025-03-29T17:17:19.110+0000] {logging_mixin.py:190} INFO - [2025-03-29T17:17:19.110+0000] {dag.py:3239} INFO - Sync 1 DAGs
[2025-03-29T17:17:19.128+0000] {logging_mixin.py:190} INFO - [2025-03-29T17:17:19.128+0000] {dag.py:4180} INFO - Setting next_dagrun for latest_only_with_trigger to 2025-03-29 12:00:00+00:00, run_after=2025-03-29 16:00:00+00:00
[2025-03-29T17:17:19.141+0000] {processor.py:208} INFO - Processing /home/airflow/.local/lib/python3.12/site-packages/airflow/example_dags/example_latest_only_with_trigger.py took 0.057 seconds
[2025-03-29T17:17:50.448+0000] {processor.py:186} INFO - Started process (PID=301) to work on /home/airflow/.local/lib/python3.12/site-packages/airflow/example_dags/example_latest_only_with_trigger.py
[2025-03-29T17:17:50.449+0000] {processor.py:914} INFO - Processing file /home/airflow/.local/lib/python3.12/site-packages/airflow/example_dags/example_latest_only_with_trigger.py for tasks to queue
[2025-03-29T17:17:50.450+0000] {logging_mixin.py:190} INFO - [2025-03-29T17:17:50.450+0000] {dagbag.py:588} INFO - Filling up the DagBag from /home/airflow/.local/lib/python3.12/site-packages/airflow/example_dags/example_latest_only_with_trigger.py
[2025-03-29T17:17:50.455+0000] {processor.py:925} INFO - DAG(s) 'latest_only_with_trigger' retrieved from /home/airflow/.local/lib/python3.12/site-packages/airflow/example_dags/example_latest_only_with_trigger.py
[2025-03-29T17:17:50.468+0000] {logging_mixin.py:190} INFO - [2025-03-29T17:17:50.468+0000] {dag.py:3239} INFO - Sync 1 DAGs
[2025-03-29T17:17:50.485+0000] {logging_mixin.py:190} INFO - [2025-03-29T17:17:50.484+0000] {dag.py:4180} INFO - Setting next_dagrun for latest_only_with_trigger to 2025-03-29 12:00:00+00:00, run_after=2025-03-29 16:00:00+00:00
[2025-03-29T17:17:50.497+0000] {processor.py:208} INFO - Processing /home/airflow/.local/lib/python3.12/site-packages/airflow/example_dags/example_latest_only_with_trigger.py took 0.052 seconds
[2025-03-29T17:18:21.802+0000] {processor.py:186} INFO - Started process (PID=364) to work on /home/airflow/.local/lib/python3.12/site-packages/airflow/example_dags/example_latest_only_with_trigger.py
[2025-03-29T17:18:21.802+0000] {processor.py:914} INFO - Processing file /home/airflow/.local/lib/python3.12/site-packages/airflow/example_dags/example_latest_only_with_trigger.py for tasks to queue
[2025-03-29T17:18:21.803+0000] {logging_mixin.py:190} INFO - [2025-03-29T17:18:21.803+0000] {dagbag.py:588} INFO - Filling up the DagBag from /home/airflow/.local/lib/python3.12/site-packages/airflow/example_dags/example_latest_only_with_trigger.py
[2025-03-29T17:18:21.808+0000] {processor.py:925} INFO - DAG(s) 'latest_only_with_trigger' retrieved from /home/airflow/.local/lib/python3.12/site-packages/airflow/example_dags/example_latest_only_with_trigger.py
[2025-03-29T17:18:21.822+0000] {logging_mixin.py:190} INFO - [2025-03-29T17:18:21.821+0000] {dag.py:3239} INFO - Sync 1 DAGs
[2025-03-29T17:18:21.838+0000] {logging_mixin.py:190} INFO - [2025-03-29T17:18:21.838+0000] {dag.py:4180} INFO - Setting next_dagrun for latest_only_with_trigger to 2025-03-29 12:00:00+00:00, run_after=2025-03-29 16:00:00+00:00
[2025-03-29T17:18:21.852+0000] {processor.py:208} INFO - Processing /home/airflow/.local/lib/python3.12/site-packages/airflow/example_dags/example_latest_only_with_trigger.py took 0.053 seconds
[2025-03-29T17:18:52.576+0000] {processor.py:186} INFO - Started process (PID=427) to work on /home/airflow/.local/lib/python3.12/site-packages/airflow/example_dags/example_latest_only_with_trigger.py
[2025-03-29T17:18:52.577+0000] {processor.py:914} INFO - Processing file /home/airflow/.local/lib/python3.12/site-packages/airflow/example_dags/example_latest_only_with_trigger.py for tasks to queue
[2025-03-29T17:18:52.578+0000] {logging_mixin.py:190} INFO - [2025-03-29T17:18:52.578+0000] {dagbag.py:588} INFO - Filling up the DagBag from /home/airflow/.local/lib/python3.12/site-packages/airflow/example_dags/example_latest_only_with_trigger.py
[2025-03-29T17:18:52.582+0000] {processor.py:925} INFO - DAG(s) 'latest_only_with_trigger' retrieved from /home/airflow/.local/lib/python3.12/site-packages/airflow/example_dags/example_latest_only_with_trigger.py
[2025-03-29T17:18:52.594+0000] {logging_mixin.py:190} INFO - [2025-03-29T17:18:52.594+0000] {dag.py:3239} INFO - Sync 1 DAGs
[2025-03-29T17:18:52.609+0000] {logging_mixin.py:190} INFO - [2025-03-29T17:18:52.609+0000] {dag.py:4180} INFO - Setting next_dagrun for latest_only_with_trigger to 2025-03-29 12:00:00+00:00, run_after=2025-03-29 16:00:00+00:00
[2025-03-29T17:18:52.623+0000] {processor.py:208} INFO - Processing /home/airflow/.local/lib/python3.12/site-packages/airflow/example_dags/example_latest_only_with_trigger.py took 0.050 seconds
[2025-03-29T17:19:23.954+0000] {processor.py:186} INFO - Started process (PID=490) to work on /home/airflow/.local/lib/python3.12/site-packages/airflow/example_dags/example_latest_only_with_trigger.py
[2025-03-29T17:19:23.955+0000] {processor.py:914} INFO - Processing file /home/airflow/.local/lib/python3.12/site-packages/airflow/example_dags/example_latest_only_with_trigger.py for tasks to queue
[2025-03-29T17:19:23.956+0000] {logging_mixin.py:190} INFO - [2025-03-29T17:19:23.956+0000] {dagbag.py:588} INFO - Filling up the DagBag from /home/airflow/.local/lib/python3.12/site-packages/airflow/example_dags/example_latest_only_with_trigger.py
[2025-03-29T17:19:23.961+0000] {processor.py:925} INFO - DAG(s) 'latest_only_with_trigger' retrieved from /home/airflow/.local/lib/python3.12/site-packages/airflow/example_dags/example_latest_only_with_trigger.py
[2025-03-29T17:19:23.973+0000] {logging_mixin.py:190} INFO - [2025-03-29T17:19:23.973+0000] {dag.py:3239} INFO - Sync 1 DAGs
[2025-03-29T17:19:23.989+0000] {logging_mixin.py:190} INFO - [2025-03-29T17:19:23.989+0000] {dag.py:4180} INFO - Setting next_dagrun for latest_only_with_trigger to 2025-03-29 12:00:00+00:00, run_after=2025-03-29 16:00:00+00:00
[2025-03-29T17:19:24.003+0000] {processor.py:208} INFO - Processing /home/airflow/.local/lib/python3.12/site-packages/airflow/example_dags/example_latest_only_with_trigger.py took 0.052 seconds
[2025-03-29T17:19:55.406+0000] {processor.py:186} INFO - Started process (PID=553) to work on /home/airflow/.local/lib/python3.12/site-packages/airflow/example_dags/example_latest_only_with_trigger.py
[2025-03-29T17:19:55.407+0000] {processor.py:914} INFO - Processing file /home/airflow/.local/lib/python3.12/site-packages/airflow/example_dags/example_latest_only_with_trigger.py for tasks to queue
[2025-03-29T17:19:55.409+0000] {logging_mixin.py:190} INFO - [2025-03-29T17:19:55.409+0000] {dagbag.py:588} INFO - Filling up the DagBag from /home/airflow/.local/lib/python3.12/site-packages/airflow/example_dags/example_latest_only_with_trigger.py
[2025-03-29T17:19:55.420+0000] {processor.py:925} INFO - DAG(s) 'latest_only_with_trigger' retrieved from /home/airflow/.local/lib/python3.12/site-packages/airflow/example_dags/example_latest_only_with_trigger.py
[2025-03-29T17:19:55.442+0000] {logging_mixin.py:190} INFO - [2025-03-29T17:19:55.441+0000] {dag.py:3239} INFO - Sync 1 DAGs
[2025-03-29T17:19:55.468+0000] {logging_mixin.py:190} INFO - [2025-03-29T17:19:55.468+0000] {dag.py:4180} INFO - Setting next_dagrun for latest_only_with_trigger to 2025-03-29 12:00:00+00:00, run_after=2025-03-29 16:00:00+00:00
[2025-03-29T17:19:55.485+0000] {processor.py:208} INFO - Processing /home/airflow/.local/lib/python3.12/site-packages/airflow/example_dags/example_latest_only_with_trigger.py took 0.083 seconds
[2025-03-29T17:20:25.924+0000] {processor.py:186} INFO - Started process (PID=616) to work on /home/airflow/.local/lib/python3.12/site-packages/airflow/example_dags/example_latest_only_with_trigger.py
[2025-03-29T17:20:25.925+0000] {processor.py:914} INFO - Processing file /home/airflow/.local/lib/python3.12/site-packages/airflow/example_dags/example_latest_only_with_trigger.py for tasks to queue
[2025-03-29T17:20:25.926+0000] {logging_mixin.py:190} INFO - [2025-03-29T17:20:25.926+0000] {dagbag.py:588} INFO - Filling up the DagBag from /home/airflow/.local/lib/python3.12/site-packages/airflow/example_dags/example_latest_only_with_trigger.py
[2025-03-29T17:20:25.931+0000] {processor.py:925} INFO - DAG(s) 'latest_only_with_trigger' retrieved from /home/airflow/.local/lib/python3.12/site-packages/airflow/example_dags/example_latest_only_with_trigger.py
[2025-03-29T17:20:25.943+0000] {logging_mixin.py:190} INFO - [2025-03-29T17:20:25.943+0000] {dag.py:3239} INFO - Sync 1 DAGs
[2025-03-29T17:20:25.959+0000] {logging_mixin.py:190} INFO - [2025-03-29T17:20:25.959+0000] {dag.py:4180} INFO - Setting next_dagrun for latest_only_with_trigger to 2025-03-29 12:00:00+00:00, run_after=2025-03-29 16:00:00+00:00
[2025-03-29T17:20:25.972+0000] {processor.py:208} INFO - Processing /home/airflow/.local/lib/python3.12/site-packages/airflow/example_dags/example_latest_only_with_trigger.py took 0.052 seconds
[2025-03-29T17:20:57.354+0000] {processor.py:186} INFO - Started process (PID=685) to work on /home/airflow/.local/lib/python3.12/site-packages/airflow/example_dags/example_latest_only_with_trigger.py
[2025-03-29T17:20:57.355+0000] {processor.py:914} INFO - Processing file /home/airflow/.local/lib/python3.12/site-packages/airflow/example_dags/example_latest_only_with_trigger.py for tasks to queue
[2025-03-29T17:20:57.356+0000] {logging_mixin.py:190} INFO - [2025-03-29T17:20:57.356+0000] {dagbag.py:588} INFO - Filling up the DagBag from /home/airflow/.local/lib/python3.12/site-packages/airflow/example_dags/example_latest_only_with_trigger.py
[2025-03-29T17:20:57.361+0000] {processor.py:925} INFO - DAG(s) 'latest_only_with_trigger' retrieved from /home/airflow/.local/lib/python3.12/site-packages/airflow/example_dags/example_latest_only_with_trigger.py
[2025-03-29T17:20:57.373+0000] {logging_mixin.py:190} INFO - [2025-03-29T17:20:57.373+0000] {dag.py:3239} INFO - Sync 1 DAGs
[2025-03-29T17:20:57.389+0000] {logging_mixin.py:190} INFO - [2025-03-29T17:20:57.388+0000] {dag.py:4180} INFO - Setting next_dagrun for latest_only_with_trigger to 2025-03-29 12:00:00+00:00, run_after=2025-03-29 16:00:00+00:00
[2025-03-29T17:20:57.400+0000] {processor.py:208} INFO - Processing /home/airflow/.local/lib/python3.12/site-packages/airflow/example_dags/example_latest_only_with_trigger.py took 0.050 seconds
[2025-03-29T17:21:27.925+0000] {processor.py:186} INFO - Started process (PID=748) to work on /home/airflow/.local/lib/python3.12/site-packages/airflow/example_dags/example_latest_only_with_trigger.py
[2025-03-29T17:21:27.926+0000] {processor.py:914} INFO - Processing file /home/airflow/.local/lib/python3.12/site-packages/airflow/example_dags/example_latest_only_with_trigger.py for tasks to queue
[2025-03-29T17:21:27.927+0000] {logging_mixin.py:190} INFO - [2025-03-29T17:21:27.927+0000] {dagbag.py:588} INFO - Filling up the DagBag from /home/airflow/.local/lib/python3.12/site-packages/airflow/example_dags/example_latest_only_with_trigger.py
[2025-03-29T17:21:27.932+0000] {processor.py:925} INFO - DAG(s) 'latest_only_with_trigger' retrieved from /home/airflow/.local/lib/python3.12/site-packages/airflow/example_dags/example_latest_only_with_trigger.py
[2025-03-29T17:21:27.944+0000] {logging_mixin.py:190} INFO - [2025-03-29T17:21:27.944+0000] {dag.py:3239} INFO - Sync 1 DAGs
[2025-03-29T17:21:27.959+0000] {logging_mixin.py:190} INFO - [2025-03-29T17:21:27.959+0000] {dag.py:4180} INFO - Setting next_dagrun for latest_only_with_trigger to 2025-03-29 12:00:00+00:00, run_after=2025-03-29 16:00:00+00:00
[2025-03-29T17:21:27.974+0000] {processor.py:208} INFO - Processing /home/airflow/.local/lib/python3.12/site-packages/airflow/example_dags/example_latest_only_with_trigger.py took 0.052 seconds
[2025-03-29T17:21:59.200+0000] {processor.py:186} INFO - Started process (PID=811) to work on /home/airflow/.local/lib/python3.12/site-packages/airflow/example_dags/example_latest_only_with_trigger.py
[2025-03-29T17:21:59.201+0000] {processor.py:914} INFO - Processing file /home/airflow/.local/lib/python3.12/site-packages/airflow/example_dags/example_latest_only_with_trigger.py for tasks to queue
[2025-03-29T17:21:59.202+0000] {logging_mixin.py:190} INFO - [2025-03-29T17:21:59.202+0000] {dagbag.py:588} INFO - Filling up the DagBag from /home/airflow/.local/lib/python3.12/site-packages/airflow/example_dags/example_latest_only_with_trigger.py
[2025-03-29T17:21:59.207+0000] {processor.py:925} INFO - DAG(s) 'latest_only_with_trigger' retrieved from /home/airflow/.local/lib/python3.12/site-packages/airflow/example_dags/example_latest_only_with_trigger.py
[2025-03-29T17:21:59.219+0000] {logging_mixin.py:190} INFO - [2025-03-29T17:21:59.219+0000] {dag.py:3239} INFO - Sync 1 DAGs
[2025-03-29T17:21:59.235+0000] {logging_mixin.py:190} INFO - [2025-03-29T17:21:59.234+0000] {dag.py:4180} INFO - Setting next_dagrun for latest_only_with_trigger to 2025-03-29 12:00:00+00:00, run_after=2025-03-29 16:00:00+00:00
[2025-03-29T17:21:59.248+0000] {processor.py:208} INFO - Processing /home/airflow/.local/lib/python3.12/site-packages/airflow/example_dags/example_latest_only_with_trigger.py took 0.051 seconds
[2025-03-29T17:22:30.747+0000] {processor.py:186} INFO - Started process (PID=874) to work on /home/airflow/.local/lib/python3.12/site-packages/airflow/example_dags/example_latest_only_with_trigger.py
[2025-03-29T17:22:30.748+0000] {processor.py:914} INFO - Processing file /home/airflow/.local/lib/python3.12/site-packages/airflow/example_dags/example_latest_only_with_trigger.py for tasks to queue
[2025-03-29T17:22:30.749+0000] {logging_mixin.py:190} INFO - [2025-03-29T17:22:30.749+0000] {dagbag.py:588} INFO - Filling up the DagBag from /home/airflow/.local/lib/python3.12/site-packages/airflow/example_dags/example_latest_only_with_trigger.py
[2025-03-29T17:22:30.760+0000] {processor.py:925} INFO - DAG(s) 'latest_only_with_trigger' retrieved from /home/airflow/.local/lib/python3.12/site-packages/airflow/example_dags/example_latest_only_with_trigger.py
[2025-03-29T17:22:30.781+0000] {logging_mixin.py:190} INFO - [2025-03-29T17:22:30.781+0000] {dag.py:3239} INFO - Sync 1 DAGs
[2025-03-29T17:22:30.808+0000] {logging_mixin.py:190} INFO - [2025-03-29T17:22:30.808+0000] {dag.py:4180} INFO - Setting next_dagrun for latest_only_with_trigger to 2025-03-29 12:00:00+00:00, run_after=2025-03-29 16:00:00+00:00
[2025-03-29T17:22:30.823+0000] {processor.py:208} INFO - Processing /home/airflow/.local/lib/python3.12/site-packages/airflow/example_dags/example_latest_only_with_trigger.py took 0.081 seconds
[2025-03-29T17:23:01.395+0000] {processor.py:186} INFO - Started process (PID=937) to work on /home/airflow/.local/lib/python3.12/site-packages/airflow/example_dags/example_latest_only_with_trigger.py
[2025-03-29T17:23:01.395+0000] {processor.py:914} INFO - Processing file /home/airflow/.local/lib/python3.12/site-packages/airflow/example_dags/example_latest_only_with_trigger.py for tasks to queue
[2025-03-29T17:23:01.396+0000] {logging_mixin.py:190} INFO - [2025-03-29T17:23:01.396+0000] {dagbag.py:588} INFO - Filling up the DagBag from /home/airflow/.local/lib/python3.12/site-packages/airflow/example_dags/example_latest_only_with_trigger.py
[2025-03-29T17:23:01.401+0000] {processor.py:925} INFO - DAG(s) 'latest_only_with_trigger' retrieved from /home/airflow/.local/lib/python3.12/site-packages/airflow/example_dags/example_latest_only_with_trigger.py
[2025-03-29T17:23:01.413+0000] {logging_mixin.py:190} INFO - [2025-03-29T17:23:01.413+0000] {dag.py:3239} INFO - Sync 1 DAGs
[2025-03-29T17:23:01.429+0000] {logging_mixin.py:190} INFO - [2025-03-29T17:23:01.429+0000] {dag.py:4180} INFO - Setting next_dagrun for latest_only_with_trigger to 2025-03-29 12:00:00+00:00, run_after=2025-03-29 16:00:00+00:00
[2025-03-29T17:23:01.442+0000] {processor.py:208} INFO - Processing /home/airflow/.local/lib/python3.12/site-packages/airflow/example_dags/example_latest_only_with_trigger.py took 0.051 seconds
[2025-03-29T17:26:05.874+0000] {processor.py:186} INFO - Started process (PID=49) to work on /home/airflow/.local/lib/python3.12/site-packages/airflow/example_dags/example_latest_only_with_trigger.py
[2025-03-29T17:26:05.875+0000] {processor.py:914} INFO - Processing file /home/airflow/.local/lib/python3.12/site-packages/airflow/example_dags/example_latest_only_with_trigger.py for tasks to queue
[2025-03-29T17:26:05.877+0000] {logging_mixin.py:190} INFO - [2025-03-29T17:26:05.877+0000] {dagbag.py:588} INFO - Filling up the DagBag from /home/airflow/.local/lib/python3.12/site-packages/airflow/example_dags/example_latest_only_with_trigger.py
[2025-03-29T17:26:05.885+0000] {processor.py:925} INFO - DAG(s) 'latest_only_with_trigger' retrieved from /home/airflow/.local/lib/python3.12/site-packages/airflow/example_dags/example_latest_only_with_trigger.py
[2025-03-29T17:26:05.986+0000] {logging_mixin.py:190} INFO - [2025-03-29T17:26:05.985+0000] {override.py:1912} INFO - Created Permission View: can delete on DAG:latest_only_with_trigger
[2025-03-29T17:26:05.998+0000] {logging_mixin.py:190} INFO - [2025-03-29T17:26:05.998+0000] {override.py:1912} INFO - Created Permission View: can read on DAG:latest_only_with_trigger
[2025-03-29T17:26:06.005+0000] {logging_mixin.py:190} INFO - [2025-03-29T17:26:06.005+0000] {override.py:1912} INFO - Created Permission View: can edit on DAG:latest_only_with_trigger
[2025-03-29T17:26:06.013+0000] {logging_mixin.py:190} INFO - [2025-03-29T17:26:06.013+0000] {override.py:1912} INFO - Created Permission View: can delete on DAG Run:latest_only_with_trigger
[2025-03-29T17:26:06.020+0000] {logging_mixin.py:190} INFO - [2025-03-29T17:26:06.020+0000] {override.py:1912} INFO - Created Permission View: can read on DAG Run:latest_only_with_trigger
[2025-03-29T17:26:06.028+0000] {logging_mixin.py:190} INFO - [2025-03-29T17:26:06.028+0000] {override.py:1912} INFO - Created Permission View: can create on DAG Run:latest_only_with_trigger
[2025-03-29T17:26:06.035+0000] {logging_mixin.py:190} INFO - [2025-03-29T17:26:06.034+0000] {override.py:1912} INFO - Created Permission View: menu access on DAG Run:latest_only_with_trigger
[2025-03-29T17:26:06.035+0000] {logging_mixin.py:190} INFO - [2025-03-29T17:26:06.035+0000] {dag.py:3239} INFO - Sync 1 DAGs
[2025-03-29T17:26:06.050+0000] {logging_mixin.py:190} INFO - [2025-03-29T17:26:06.050+0000] {dag.py:3262} INFO - Creating ORM DAG for latest_only_with_trigger
[2025-03-29T17:26:06.062+0000] {logging_mixin.py:190} INFO - [2025-03-29T17:26:06.062+0000] {dag.py:4180} INFO - Setting next_dagrun for latest_only_with_trigger to 2025-03-29 12:00:00+00:00, run_after=2025-03-29 16:00:00+00:00
[2025-03-29T17:26:06.082+0000] {processor.py:208} INFO - Processing /home/airflow/.local/lib/python3.12/site-packages/airflow/example_dags/example_latest_only_with_trigger.py took 0.214 seconds
[2025-03-29T17:26:36.620+0000] {processor.py:186} INFO - Started process (PID=112) to work on /home/airflow/.local/lib/python3.12/site-packages/airflow/example_dags/example_latest_only_with_trigger.py
[2025-03-29T17:26:36.621+0000] {processor.py:914} INFO - Processing file /home/airflow/.local/lib/python3.12/site-packages/airflow/example_dags/example_latest_only_with_trigger.py for tasks to queue
[2025-03-29T17:26:36.622+0000] {logging_mixin.py:190} INFO - [2025-03-29T17:26:36.622+0000] {dagbag.py:588} INFO - Filling up the DagBag from /home/airflow/.local/lib/python3.12/site-packages/airflow/example_dags/example_latest_only_with_trigger.py
[2025-03-29T17:26:36.627+0000] {processor.py:925} INFO - DAG(s) 'latest_only_with_trigger' retrieved from /home/airflow/.local/lib/python3.12/site-packages/airflow/example_dags/example_latest_only_with_trigger.py
[2025-03-29T17:26:36.640+0000] {logging_mixin.py:190} INFO - [2025-03-29T17:26:36.640+0000] {dag.py:3239} INFO - Sync 1 DAGs
[2025-03-29T17:26:36.655+0000] {logging_mixin.py:190} INFO - [2025-03-29T17:26:36.655+0000] {dag.py:4180} INFO - Setting next_dagrun for latest_only_with_trigger to 2025-03-29 12:00:00+00:00, run_after=2025-03-29 16:00:00+00:00
[2025-03-29T17:26:36.668+0000] {processor.py:208} INFO - Processing /home/airflow/.local/lib/python3.12/site-packages/airflow/example_dags/example_latest_only_with_trigger.py took 0.051 seconds
[2025-03-29T17:27:07.529+0000] {processor.py:186} INFO - Started process (PID=175) to work on /home/airflow/.local/lib/python3.12/site-packages/airflow/example_dags/example_latest_only_with_trigger.py
[2025-03-29T17:27:07.530+0000] {processor.py:914} INFO - Processing file /home/airflow/.local/lib/python3.12/site-packages/airflow/example_dags/example_latest_only_with_trigger.py for tasks to queue
[2025-03-29T17:27:07.531+0000] {logging_mixin.py:190} INFO - [2025-03-29T17:27:07.531+0000] {dagbag.py:588} INFO - Filling up the DagBag from /home/airflow/.local/lib/python3.12/site-packages/airflow/example_dags/example_latest_only_with_trigger.py
[2025-03-29T17:27:07.536+0000] {processor.py:925} INFO - DAG(s) 'latest_only_with_trigger' retrieved from /home/airflow/.local/lib/python3.12/site-packages/airflow/example_dags/example_latest_only_with_trigger.py
[2025-03-29T17:27:07.549+0000] {logging_mixin.py:190} INFO - [2025-03-29T17:27:07.549+0000] {dag.py:3239} INFO - Sync 1 DAGs
[2025-03-29T17:27:07.565+0000] {logging_mixin.py:190} INFO - [2025-03-29T17:27:07.565+0000] {dag.py:4180} INFO - Setting next_dagrun for latest_only_with_trigger to 2025-03-29 12:00:00+00:00, run_after=2025-03-29 16:00:00+00:00
[2025-03-29T17:27:07.578+0000] {processor.py:208} INFO - Processing /home/airflow/.local/lib/python3.12/site-packages/airflow/example_dags/example_latest_only_with_trigger.py took 0.053 seconds
[2025-03-29T17:27:38.031+0000] {processor.py:186} INFO - Started process (PID=238) to work on /home/airflow/.local/lib/python3.12/site-packages/airflow/example_dags/example_latest_only_with_trigger.py
[2025-03-29T17:27:38.031+0000] {processor.py:914} INFO - Processing file /home/airflow/.local/lib/python3.12/site-packages/airflow/example_dags/example_latest_only_with_trigger.py for tasks to queue
[2025-03-29T17:27:38.033+0000] {logging_mixin.py:190} INFO - [2025-03-29T17:27:38.032+0000] {dagbag.py:588} INFO - Filling up the DagBag from /home/airflow/.local/lib/python3.12/site-packages/airflow/example_dags/example_latest_only_with_trigger.py
[2025-03-29T17:27:38.037+0000] {processor.py:925} INFO - DAG(s) 'latest_only_with_trigger' retrieved from /home/airflow/.local/lib/python3.12/site-packages/airflow/example_dags/example_latest_only_with_trigger.py
[2025-03-29T17:27:38.050+0000] {logging_mixin.py:190} INFO - [2025-03-29T17:27:38.050+0000] {dag.py:3239} INFO - Sync 1 DAGs
[2025-03-29T17:27:38.065+0000] {logging_mixin.py:190} INFO - [2025-03-29T17:27:38.065+0000] {dag.py:4180} INFO - Setting next_dagrun for latest_only_with_trigger to 2025-03-29 12:00:00+00:00, run_after=2025-03-29 16:00:00+00:00
[2025-03-29T17:27:38.077+0000] {processor.py:208} INFO - Processing /home/airflow/.local/lib/python3.12/site-packages/airflow/example_dags/example_latest_only_with_trigger.py took 0.050 seconds
[2025-03-29T17:28:09.317+0000] {processor.py:186} INFO - Started process (PID=301) to work on /home/airflow/.local/lib/python3.12/site-packages/airflow/example_dags/example_latest_only_with_trigger.py
[2025-03-29T17:28:09.317+0000] {processor.py:914} INFO - Processing file /home/airflow/.local/lib/python3.12/site-packages/airflow/example_dags/example_latest_only_with_trigger.py for tasks to queue
[2025-03-29T17:28:09.318+0000] {logging_mixin.py:190} INFO - [2025-03-29T17:28:09.318+0000] {dagbag.py:588} INFO - Filling up the DagBag from /home/airflow/.local/lib/python3.12/site-packages/airflow/example_dags/example_latest_only_with_trigger.py
[2025-03-29T17:28:09.324+0000] {processor.py:925} INFO - DAG(s) 'latest_only_with_trigger' retrieved from /home/airflow/.local/lib/python3.12/site-packages/airflow/example_dags/example_latest_only_with_trigger.py
[2025-03-29T17:28:09.337+0000] {logging_mixin.py:190} INFO - [2025-03-29T17:28:09.337+0000] {dag.py:3239} INFO - Sync 1 DAGs
[2025-03-29T17:28:09.354+0000] {logging_mixin.py:190} INFO - [2025-03-29T17:28:09.353+0000] {dag.py:4180} INFO - Setting next_dagrun for latest_only_with_trigger to 2025-03-29 12:00:00+00:00, run_after=2025-03-29 16:00:00+00:00
[2025-03-29T17:28:09.366+0000] {processor.py:208} INFO - Processing /home/airflow/.local/lib/python3.12/site-packages/airflow/example_dags/example_latest_only_with_trigger.py took 0.054 seconds
[2025-03-29T17:28:39.853+0000] {processor.py:186} INFO - Started process (PID=364) to work on /home/airflow/.local/lib/python3.12/site-packages/airflow/example_dags/example_latest_only_with_trigger.py
[2025-03-29T17:28:39.854+0000] {processor.py:914} INFO - Processing file /home/airflow/.local/lib/python3.12/site-packages/airflow/example_dags/example_latest_only_with_trigger.py for tasks to queue
[2025-03-29T17:28:39.856+0000] {logging_mixin.py:190} INFO - [2025-03-29T17:28:39.856+0000] {dagbag.py:588} INFO - Filling up the DagBag from /home/airflow/.local/lib/python3.12/site-packages/airflow/example_dags/example_latest_only_with_trigger.py
[2025-03-29T17:28:39.861+0000] {processor.py:925} INFO - DAG(s) 'latest_only_with_trigger' retrieved from /home/airflow/.local/lib/python3.12/site-packages/airflow/example_dags/example_latest_only_with_trigger.py
[2025-03-29T17:28:39.876+0000] {logging_mixin.py:190} INFO - [2025-03-29T17:28:39.876+0000] {dag.py:3239} INFO - Sync 1 DAGs
[2025-03-29T17:28:39.896+0000] {logging_mixin.py:190} INFO - [2025-03-29T17:28:39.896+0000] {dag.py:4180} INFO - Setting next_dagrun for latest_only_with_trigger to 2025-03-29 12:00:00+00:00, run_after=2025-03-29 16:00:00+00:00
[2025-03-29T17:28:39.911+0000] {processor.py:208} INFO - Processing /home/airflow/.local/lib/python3.12/site-packages/airflow/example_dags/example_latest_only_with_trigger.py took 0.062 seconds
[2025-03-29T17:29:11.167+0000] {processor.py:186} INFO - Started process (PID=427) to work on /home/airflow/.local/lib/python3.12/site-packages/airflow/example_dags/example_latest_only_with_trigger.py
[2025-03-29T17:29:11.168+0000] {processor.py:914} INFO - Processing file /home/airflow/.local/lib/python3.12/site-packages/airflow/example_dags/example_latest_only_with_trigger.py for tasks to queue
[2025-03-29T17:29:11.169+0000] {logging_mixin.py:190} INFO - [2025-03-29T17:29:11.169+0000] {dagbag.py:588} INFO - Filling up the DagBag from /home/airflow/.local/lib/python3.12/site-packages/airflow/example_dags/example_latest_only_with_trigger.py
[2025-03-29T17:29:11.173+0000] {processor.py:925} INFO - DAG(s) 'latest_only_with_trigger' retrieved from /home/airflow/.local/lib/python3.12/site-packages/airflow/example_dags/example_latest_only_with_trigger.py
[2025-03-29T17:29:11.185+0000] {logging_mixin.py:190} INFO - [2025-03-29T17:29:11.185+0000] {dag.py:3239} INFO - Sync 1 DAGs
[2025-03-29T17:29:11.201+0000] {logging_mixin.py:190} INFO - [2025-03-29T17:29:11.201+0000] {dag.py:4180} INFO - Setting next_dagrun for latest_only_with_trigger to 2025-03-29 12:00:00+00:00, run_after=2025-03-29 16:00:00+00:00
[2025-03-29T17:29:11.212+0000] {processor.py:208} INFO - Processing /home/airflow/.local/lib/python3.12/site-packages/airflow/example_dags/example_latest_only_with_trigger.py took 0.049 seconds
[2025-03-29T17:29:42.631+0000] {processor.py:186} INFO - Started process (PID=490) to work on /home/airflow/.local/lib/python3.12/site-packages/airflow/example_dags/example_latest_only_with_trigger.py
[2025-03-29T17:29:42.631+0000] {processor.py:914} INFO - Processing file /home/airflow/.local/lib/python3.12/site-packages/airflow/example_dags/example_latest_only_with_trigger.py for tasks to queue
[2025-03-29T17:29:42.633+0000] {logging_mixin.py:190} INFO - [2025-03-29T17:29:42.633+0000] {dagbag.py:588} INFO - Filling up the DagBag from /home/airflow/.local/lib/python3.12/site-packages/airflow/example_dags/example_latest_only_with_trigger.py
[2025-03-29T17:29:42.639+0000] {processor.py:925} INFO - DAG(s) 'latest_only_with_trigger' retrieved from /home/airflow/.local/lib/python3.12/site-packages/airflow/example_dags/example_latest_only_with_trigger.py
[2025-03-29T17:29:42.654+0000] {logging_mixin.py:190} INFO - [2025-03-29T17:29:42.654+0000] {dag.py:3239} INFO - Sync 1 DAGs
[2025-03-29T17:29:42.674+0000] {logging_mixin.py:190} INFO - [2025-03-29T17:29:42.673+0000] {dag.py:4180} INFO - Setting next_dagrun for latest_only_with_trigger to 2025-03-29 12:00:00+00:00, run_after=2025-03-29 16:00:00+00:00
[2025-03-29T17:29:42.685+0000] {processor.py:208} INFO - Processing /home/airflow/.local/lib/python3.12/site-packages/airflow/example_dags/example_latest_only_with_trigger.py took 0.059 seconds
[2025-03-29T17:30:14.147+0000] {processor.py:186} INFO - Started process (PID=553) to work on /home/airflow/.local/lib/python3.12/site-packages/airflow/example_dags/example_latest_only_with_trigger.py
[2025-03-29T17:30:14.149+0000] {processor.py:914} INFO - Processing file /home/airflow/.local/lib/python3.12/site-packages/airflow/example_dags/example_latest_only_with_trigger.py for tasks to queue
[2025-03-29T17:30:14.152+0000] {logging_mixin.py:190} INFO - [2025-03-29T17:30:14.151+0000] {dagbag.py:588} INFO - Filling up the DagBag from /home/airflow/.local/lib/python3.12/site-packages/airflow/example_dags/example_latest_only_with_trigger.py
[2025-03-29T17:30:14.160+0000] {processor.py:925} INFO - DAG(s) 'latest_only_with_trigger' retrieved from /home/airflow/.local/lib/python3.12/site-packages/airflow/example_dags/example_latest_only_with_trigger.py
[2025-03-29T17:30:14.180+0000] {logging_mixin.py:190} INFO - [2025-03-29T17:30:14.180+0000] {dag.py:3239} INFO - Sync 1 DAGs
[2025-03-29T17:30:14.203+0000] {logging_mixin.py:190} INFO - [2025-03-29T17:30:14.203+0000] {dag.py:4180} INFO - Setting next_dagrun for latest_only_with_trigger to 2025-03-29 12:00:00+00:00, run_after=2025-03-29 16:00:00+00:00
[2025-03-29T17:30:14.216+0000] {processor.py:208} INFO - Processing /home/airflow/.local/lib/python3.12/site-packages/airflow/example_dags/example_latest_only_with_trigger.py took 0.073 seconds
[2025-03-29T17:30:44.790+0000] {processor.py:186} INFO - Started process (PID=616) to work on /home/airflow/.local/lib/python3.12/site-packages/airflow/example_dags/example_latest_only_with_trigger.py
[2025-03-29T17:30:44.791+0000] {processor.py:914} INFO - Processing file /home/airflow/.local/lib/python3.12/site-packages/airflow/example_dags/example_latest_only_with_trigger.py for tasks to queue
[2025-03-29T17:30:44.792+0000] {logging_mixin.py:190} INFO - [2025-03-29T17:30:44.792+0000] {dagbag.py:588} INFO - Filling up the DagBag from /home/airflow/.local/lib/python3.12/site-packages/airflow/example_dags/example_latest_only_with_trigger.py
[2025-03-29T17:30:44.798+0000] {processor.py:925} INFO - DAG(s) 'latest_only_with_trigger' retrieved from /home/airflow/.local/lib/python3.12/site-packages/airflow/example_dags/example_latest_only_with_trigger.py
[2025-03-29T17:30:44.814+0000] {logging_mixin.py:190} INFO - [2025-03-29T17:30:44.814+0000] {dag.py:3239} INFO - Sync 1 DAGs
[2025-03-29T17:30:44.832+0000] {logging_mixin.py:190} INFO - [2025-03-29T17:30:44.832+0000] {dag.py:4180} INFO - Setting next_dagrun for latest_only_with_trigger to 2025-03-29 12:00:00+00:00, run_after=2025-03-29 16:00:00+00:00
[2025-03-29T17:30:44.845+0000] {processor.py:208} INFO - Processing /home/airflow/.local/lib/python3.12/site-packages/airflow/example_dags/example_latest_only_with_trigger.py took 0.060 seconds
[2025-03-29T17:31:15.998+0000] {processor.py:186} INFO - Started process (PID=679) to work on /home/airflow/.local/lib/python3.12/site-packages/airflow/example_dags/example_latest_only_with_trigger.py
[2025-03-29T17:31:15.998+0000] {processor.py:914} INFO - Processing file /home/airflow/.local/lib/python3.12/site-packages/airflow/example_dags/example_latest_only_with_trigger.py for tasks to queue
[2025-03-29T17:31:16.000+0000] {logging_mixin.py:190} INFO - [2025-03-29T17:31:15.999+0000] {dagbag.py:588} INFO - Filling up the DagBag from /home/airflow/.local/lib/python3.12/site-packages/airflow/example_dags/example_latest_only_with_trigger.py
[2025-03-29T17:31:16.005+0000] {processor.py:925} INFO - DAG(s) 'latest_only_with_trigger' retrieved from /home/airflow/.local/lib/python3.12/site-packages/airflow/example_dags/example_latest_only_with_trigger.py
[2025-03-29T17:31:16.018+0000] {logging_mixin.py:190} INFO - [2025-03-29T17:31:16.018+0000] {dag.py:3239} INFO - Sync 1 DAGs
[2025-03-29T17:31:16.034+0000] {logging_mixin.py:190} INFO - [2025-03-29T17:31:16.034+0000] {dag.py:4180} INFO - Setting next_dagrun for latest_only_with_trigger to 2025-03-29 12:00:00+00:00, run_after=2025-03-29 16:00:00+00:00
[2025-03-29T17:31:16.047+0000] {processor.py:208} INFO - Processing /home/airflow/.local/lib/python3.12/site-packages/airflow/example_dags/example_latest_only_with_trigger.py took 0.054 seconds
[2025-03-29T17:31:47.365+0000] {processor.py:186} INFO - Started process (PID=748) to work on /home/airflow/.local/lib/python3.12/site-packages/airflow/example_dags/example_latest_only_with_trigger.py
[2025-03-29T17:31:47.365+0000] {processor.py:914} INFO - Processing file /home/airflow/.local/lib/python3.12/site-packages/airflow/example_dags/example_latest_only_with_trigger.py for tasks to queue
[2025-03-29T17:31:47.368+0000] {logging_mixin.py:190} INFO - [2025-03-29T17:31:47.367+0000] {dagbag.py:588} INFO - Filling up the DagBag from /home/airflow/.local/lib/python3.12/site-packages/airflow/example_dags/example_latest_only_with_trigger.py
[2025-03-29T17:31:47.374+0000] {processor.py:925} INFO - DAG(s) 'latest_only_with_trigger' retrieved from /home/airflow/.local/lib/python3.12/site-packages/airflow/example_dags/example_latest_only_with_trigger.py
[2025-03-29T17:31:47.387+0000] {logging_mixin.py:190} INFO - [2025-03-29T17:31:47.387+0000] {dag.py:3239} INFO - Sync 1 DAGs
[2025-03-29T17:31:47.403+0000] {logging_mixin.py:190} INFO - [2025-03-29T17:31:47.403+0000] {dag.py:4180} INFO - Setting next_dagrun for latest_only_with_trigger to 2025-03-29 12:00:00+00:00, run_after=2025-03-29 16:00:00+00:00
[2025-03-29T17:31:47.421+0000] {processor.py:208} INFO - Processing /home/airflow/.local/lib/python3.12/site-packages/airflow/example_dags/example_latest_only_with_trigger.py took 0.061 seconds
[2025-03-29T17:32:17.860+0000] {processor.py:186} INFO - Started process (PID=811) to work on /home/airflow/.local/lib/python3.12/site-packages/airflow/example_dags/example_latest_only_with_trigger.py
[2025-03-29T17:32:17.860+0000] {processor.py:914} INFO - Processing file /home/airflow/.local/lib/python3.12/site-packages/airflow/example_dags/example_latest_only_with_trigger.py for tasks to queue
[2025-03-29T17:32:17.862+0000] {logging_mixin.py:190} INFO - [2025-03-29T17:32:17.861+0000] {dagbag.py:588} INFO - Filling up the DagBag from /home/airflow/.local/lib/python3.12/site-packages/airflow/example_dags/example_latest_only_with_trigger.py
[2025-03-29T17:32:17.866+0000] {processor.py:925} INFO - DAG(s) 'latest_only_with_trigger' retrieved from /home/airflow/.local/lib/python3.12/site-packages/airflow/example_dags/example_latest_only_with_trigger.py
[2025-03-29T17:32:17.879+0000] {logging_mixin.py:190} INFO - [2025-03-29T17:32:17.878+0000] {dag.py:3239} INFO - Sync 1 DAGs
[2025-03-29T17:32:17.894+0000] {logging_mixin.py:190} INFO - [2025-03-29T17:32:17.894+0000] {dag.py:4180} INFO - Setting next_dagrun for latest_only_with_trigger to 2025-03-29 12:00:00+00:00, run_after=2025-03-29 16:00:00+00:00
[2025-03-29T17:32:17.906+0000] {processor.py:208} INFO - Processing /home/airflow/.local/lib/python3.12/site-packages/airflow/example_dags/example_latest_only_with_trigger.py took 0.050 seconds
[2025-03-29T17:32:49.216+0000] {processor.py:186} INFO - Started process (PID=874) to work on /home/airflow/.local/lib/python3.12/site-packages/airflow/example_dags/example_latest_only_with_trigger.py
[2025-03-29T17:32:49.216+0000] {processor.py:914} INFO - Processing file /home/airflow/.local/lib/python3.12/site-packages/airflow/example_dags/example_latest_only_with_trigger.py for tasks to queue
[2025-03-29T17:32:49.217+0000] {logging_mixin.py:190} INFO - [2025-03-29T17:32:49.217+0000] {dagbag.py:588} INFO - Filling up the DagBag from /home/airflow/.local/lib/python3.12/site-packages/airflow/example_dags/example_latest_only_with_trigger.py
[2025-03-29T17:32:49.222+0000] {processor.py:925} INFO - DAG(s) 'latest_only_with_trigger' retrieved from /home/airflow/.local/lib/python3.12/site-packages/airflow/example_dags/example_latest_only_with_trigger.py
[2025-03-29T17:32:49.235+0000] {logging_mixin.py:190} INFO - [2025-03-29T17:32:49.235+0000] {dag.py:3239} INFO - Sync 1 DAGs
[2025-03-29T17:32:49.250+0000] {logging_mixin.py:190} INFO - [2025-03-29T17:32:49.249+0000] {dag.py:4180} INFO - Setting next_dagrun for latest_only_with_trigger to 2025-03-29 12:00:00+00:00, run_after=2025-03-29 16:00:00+00:00
[2025-03-29T17:32:49.262+0000] {processor.py:208} INFO - Processing /home/airflow/.local/lib/python3.12/site-packages/airflow/example_dags/example_latest_only_with_trigger.py took 0.050 seconds
[2025-03-29T17:33:19.783+0000] {processor.py:186} INFO - Started process (PID=937) to work on /home/airflow/.local/lib/python3.12/site-packages/airflow/example_dags/example_latest_only_with_trigger.py
[2025-03-29T17:33:19.783+0000] {processor.py:914} INFO - Processing file /home/airflow/.local/lib/python3.12/site-packages/airflow/example_dags/example_latest_only_with_trigger.py for tasks to queue
[2025-03-29T17:33:19.784+0000] {logging_mixin.py:190} INFO - [2025-03-29T17:33:19.784+0000] {dagbag.py:588} INFO - Filling up the DagBag from /home/airflow/.local/lib/python3.12/site-packages/airflow/example_dags/example_latest_only_with_trigger.py
[2025-03-29T17:33:19.789+0000] {processor.py:925} INFO - DAG(s) 'latest_only_with_trigger' retrieved from /home/airflow/.local/lib/python3.12/site-packages/airflow/example_dags/example_latest_only_with_trigger.py
[2025-03-29T17:33:19.801+0000] {logging_mixin.py:190} INFO - [2025-03-29T17:33:19.801+0000] {dag.py:3239} INFO - Sync 1 DAGs
[2025-03-29T17:33:19.816+0000] {logging_mixin.py:190} INFO - [2025-03-29T17:33:19.816+0000] {dag.py:4180} INFO - Setting next_dagrun for latest_only_with_trigger to 2025-03-29 12:00:00+00:00, run_after=2025-03-29 16:00:00+00:00
[2025-03-29T17:33:19.828+0000] {processor.py:208} INFO - Processing /home/airflow/.local/lib/python3.12/site-packages/airflow/example_dags/example_latest_only_with_trigger.py took 0.050 seconds
[2025-03-29T17:33:51.182+0000] {processor.py:186} INFO - Started process (PID=1000) to work on /home/airflow/.local/lib/python3.12/site-packages/airflow/example_dags/example_latest_only_with_trigger.py
[2025-03-29T17:33:51.182+0000] {processor.py:914} INFO - Processing file /home/airflow/.local/lib/python3.12/site-packages/airflow/example_dags/example_latest_only_with_trigger.py for tasks to queue
[2025-03-29T17:33:51.183+0000] {logging_mixin.py:190} INFO - [2025-03-29T17:33:51.183+0000] {dagbag.py:588} INFO - Filling up the DagBag from /home/airflow/.local/lib/python3.12/site-packages/airflow/example_dags/example_latest_only_with_trigger.py
[2025-03-29T17:33:51.188+0000] {processor.py:925} INFO - DAG(s) 'latest_only_with_trigger' retrieved from /home/airflow/.local/lib/python3.12/site-packages/airflow/example_dags/example_latest_only_with_trigger.py
[2025-03-29T17:33:51.201+0000] {logging_mixin.py:190} INFO - [2025-03-29T17:33:51.201+0000] {dag.py:3239} INFO - Sync 1 DAGs
[2025-03-29T17:33:51.219+0000] {logging_mixin.py:190} INFO - [2025-03-29T17:33:51.219+0000] {dag.py:4180} INFO - Setting next_dagrun for latest_only_with_trigger to 2025-03-29 12:00:00+00:00, run_after=2025-03-29 16:00:00+00:00
[2025-03-29T17:33:51.232+0000] {processor.py:208} INFO - Processing /home/airflow/.local/lib/python3.12/site-packages/airflow/example_dags/example_latest_only_with_trigger.py took 0.053 seconds
[2025-03-29T17:34:21.840+0000] {processor.py:186} INFO - Started process (PID=1063) to work on /home/airflow/.local/lib/python3.12/site-packages/airflow/example_dags/example_latest_only_with_trigger.py
[2025-03-29T17:34:21.840+0000] {processor.py:914} INFO - Processing file /home/airflow/.local/lib/python3.12/site-packages/airflow/example_dags/example_latest_only_with_trigger.py for tasks to queue
[2025-03-29T17:34:21.841+0000] {logging_mixin.py:190} INFO - [2025-03-29T17:34:21.841+0000] {dagbag.py:588} INFO - Filling up the DagBag from /home/airflow/.local/lib/python3.12/site-packages/airflow/example_dags/example_latest_only_with_trigger.py
[2025-03-29T17:34:21.846+0000] {processor.py:925} INFO - DAG(s) 'latest_only_with_trigger' retrieved from /home/airflow/.local/lib/python3.12/site-packages/airflow/example_dags/example_latest_only_with_trigger.py
[2025-03-29T17:34:21.860+0000] {logging_mixin.py:190} INFO - [2025-03-29T17:34:21.860+0000] {dag.py:3239} INFO - Sync 1 DAGs
[2025-03-29T17:34:21.878+0000] {logging_mixin.py:190} INFO - [2025-03-29T17:34:21.877+0000] {dag.py:4180} INFO - Setting next_dagrun for latest_only_with_trigger to 2025-03-29 12:00:00+00:00, run_after=2025-03-29 16:00:00+00:00
[2025-03-29T17:34:21.891+0000] {processor.py:208} INFO - Processing /home/airflow/.local/lib/python3.12/site-packages/airflow/example_dags/example_latest_only_with_trigger.py took 0.055 seconds
[2025-03-29T17:34:53.381+0000] {processor.py:186} INFO - Started process (PID=1126) to work on /home/airflow/.local/lib/python3.12/site-packages/airflow/example_dags/example_latest_only_with_trigger.py
[2025-03-29T17:34:53.383+0000] {processor.py:914} INFO - Processing file /home/airflow/.local/lib/python3.12/site-packages/airflow/example_dags/example_latest_only_with_trigger.py for tasks to queue
[2025-03-29T17:34:53.384+0000] {logging_mixin.py:190} INFO - [2025-03-29T17:34:53.384+0000] {dagbag.py:588} INFO - Filling up the DagBag from /home/airflow/.local/lib/python3.12/site-packages/airflow/example_dags/example_latest_only_with_trigger.py
[2025-03-29T17:34:53.390+0000] {processor.py:925} INFO - DAG(s) 'latest_only_with_trigger' retrieved from /home/airflow/.local/lib/python3.12/site-packages/airflow/example_dags/example_latest_only_with_trigger.py
[2025-03-29T17:34:53.407+0000] {logging_mixin.py:190} INFO - [2025-03-29T17:34:53.406+0000] {dag.py:3239} INFO - Sync 1 DAGs
[2025-03-29T17:34:53.425+0000] {logging_mixin.py:190} INFO - [2025-03-29T17:34:53.425+0000] {dag.py:4180} INFO - Setting next_dagrun for latest_only_with_trigger to 2025-03-29 12:00:00+00:00, run_after=2025-03-29 16:00:00+00:00
[2025-03-29T17:34:53.441+0000] {processor.py:208} INFO - Processing /home/airflow/.local/lib/python3.12/site-packages/airflow/example_dags/example_latest_only_with_trigger.py took 0.065 seconds
[2025-03-29T17:35:24.259+0000] {processor.py:186} INFO - Started process (PID=1189) to work on /home/airflow/.local/lib/python3.12/site-packages/airflow/example_dags/example_latest_only_with_trigger.py
[2025-03-29T17:35:24.259+0000] {processor.py:914} INFO - Processing file /home/airflow/.local/lib/python3.12/site-packages/airflow/example_dags/example_latest_only_with_trigger.py for tasks to queue
[2025-03-29T17:35:24.261+0000] {logging_mixin.py:190} INFO - [2025-03-29T17:35:24.260+0000] {dagbag.py:588} INFO - Filling up the DagBag from /home/airflow/.local/lib/python3.12/site-packages/airflow/example_dags/example_latest_only_with_trigger.py
[2025-03-29T17:35:24.265+0000] {processor.py:925} INFO - DAG(s) 'latest_only_with_trigger' retrieved from /home/airflow/.local/lib/python3.12/site-packages/airflow/example_dags/example_latest_only_with_trigger.py
[2025-03-29T17:35:24.284+0000] {logging_mixin.py:190} INFO - [2025-03-29T17:35:24.284+0000] {dag.py:3239} INFO - Sync 1 DAGs
[2025-03-29T17:35:24.306+0000] {logging_mixin.py:190} INFO - [2025-03-29T17:35:24.306+0000] {dag.py:4180} INFO - Setting next_dagrun for latest_only_with_trigger to 2025-03-29 12:00:00+00:00, run_after=2025-03-29 16:00:00+00:00
[2025-03-29T17:35:24.321+0000] {processor.py:208} INFO - Processing /home/airflow/.local/lib/python3.12/site-packages/airflow/example_dags/example_latest_only_with_trigger.py took 0.068 seconds
[2025-03-29T17:35:55.669+0000] {processor.py:186} INFO - Started process (PID=1252) to work on /home/airflow/.local/lib/python3.12/site-packages/airflow/example_dags/example_latest_only_with_trigger.py
[2025-03-29T17:35:55.669+0000] {processor.py:914} INFO - Processing file /home/airflow/.local/lib/python3.12/site-packages/airflow/example_dags/example_latest_only_with_trigger.py for tasks to queue
[2025-03-29T17:35:55.671+0000] {logging_mixin.py:190} INFO - [2025-03-29T17:35:55.670+0000] {dagbag.py:588} INFO - Filling up the DagBag from /home/airflow/.local/lib/python3.12/site-packages/airflow/example_dags/example_latest_only_with_trigger.py
[2025-03-29T17:35:55.675+0000] {processor.py:925} INFO - DAG(s) 'latest_only_with_trigger' retrieved from /home/airflow/.local/lib/python3.12/site-packages/airflow/example_dags/example_latest_only_with_trigger.py
[2025-03-29T17:35:55.688+0000] {logging_mixin.py:190} INFO - [2025-03-29T17:35:55.688+0000] {dag.py:3239} INFO - Sync 1 DAGs
[2025-03-29T17:35:55.704+0000] {logging_mixin.py:190} INFO - [2025-03-29T17:35:55.703+0000] {dag.py:4180} INFO - Setting next_dagrun for latest_only_with_trigger to 2025-03-29 12:00:00+00:00, run_after=2025-03-29 16:00:00+00:00
[2025-03-29T17:35:55.715+0000] {processor.py:208} INFO - Processing /home/airflow/.local/lib/python3.12/site-packages/airflow/example_dags/example_latest_only_with_trigger.py took 0.050 seconds
[2025-03-29T17:36:26.971+0000] {processor.py:186} INFO - Started process (PID=1315) to work on /home/airflow/.local/lib/python3.12/site-packages/airflow/example_dags/example_latest_only_with_trigger.py
[2025-03-29T17:36:26.971+0000] {processor.py:914} INFO - Processing file /home/airflow/.local/lib/python3.12/site-packages/airflow/example_dags/example_latest_only_with_trigger.py for tasks to queue
[2025-03-29T17:36:26.973+0000] {logging_mixin.py:190} INFO - [2025-03-29T17:36:26.973+0000] {dagbag.py:588} INFO - Filling up the DagBag from /home/airflow/.local/lib/python3.12/site-packages/airflow/example_dags/example_latest_only_with_trigger.py
[2025-03-29T17:36:26.985+0000] {processor.py:925} INFO - DAG(s) 'latest_only_with_trigger' retrieved from /home/airflow/.local/lib/python3.12/site-packages/airflow/example_dags/example_latest_only_with_trigger.py
[2025-03-29T17:36:27.011+0000] {logging_mixin.py:190} INFO - [2025-03-29T17:36:27.010+0000] {dag.py:3239} INFO - Sync 1 DAGs
[2025-03-29T17:36:27.042+0000] {logging_mixin.py:190} INFO - [2025-03-29T17:36:27.041+0000] {dag.py:4180} INFO - Setting next_dagrun for latest_only_with_trigger to 2025-03-29 12:00:00+00:00, run_after=2025-03-29 16:00:00+00:00
[2025-03-29T17:36:27.059+0000] {processor.py:208} INFO - Processing /home/airflow/.local/lib/python3.12/site-packages/airflow/example_dags/example_latest_only_with_trigger.py took 0.099 seconds
[2025-03-29T17:36:58.355+0000] {processor.py:186} INFO - Started process (PID=1378) to work on /home/airflow/.local/lib/python3.12/site-packages/airflow/example_dags/example_latest_only_with_trigger.py
[2025-03-29T17:36:58.356+0000] {processor.py:914} INFO - Processing file /home/airflow/.local/lib/python3.12/site-packages/airflow/example_dags/example_latest_only_with_trigger.py for tasks to queue
[2025-03-29T17:36:58.357+0000] {logging_mixin.py:190} INFO - [2025-03-29T17:36:58.357+0000] {dagbag.py:588} INFO - Filling up the DagBag from /home/airflow/.local/lib/python3.12/site-packages/airflow/example_dags/example_latest_only_with_trigger.py
[2025-03-29T17:36:58.361+0000] {processor.py:925} INFO - DAG(s) 'latest_only_with_trigger' retrieved from /home/airflow/.local/lib/python3.12/site-packages/airflow/example_dags/example_latest_only_with_trigger.py
[2025-03-29T17:36:58.373+0000] {logging_mixin.py:190} INFO - [2025-03-29T17:36:58.373+0000] {dag.py:3239} INFO - Sync 1 DAGs
[2025-03-29T17:36:58.387+0000] {logging_mixin.py:190} INFO - [2025-03-29T17:36:58.387+0000] {dag.py:4180} INFO - Setting next_dagrun for latest_only_with_trigger to 2025-03-29 12:00:00+00:00, run_after=2025-03-29 16:00:00+00:00
[2025-03-29T17:36:58.399+0000] {processor.py:208} INFO - Processing /home/airflow/.local/lib/python3.12/site-packages/airflow/example_dags/example_latest_only_with_trigger.py took 0.047 seconds
[2025-03-29T17:37:29.543+0000] {processor.py:186} INFO - Started process (PID=1441) to work on /home/airflow/.local/lib/python3.12/site-packages/airflow/example_dags/example_latest_only_with_trigger.py
[2025-03-29T17:37:29.544+0000] {processor.py:914} INFO - Processing file /home/airflow/.local/lib/python3.12/site-packages/airflow/example_dags/example_latest_only_with_trigger.py for tasks to queue
[2025-03-29T17:37:29.545+0000] {logging_mixin.py:190} INFO - [2025-03-29T17:37:29.545+0000] {dagbag.py:588} INFO - Filling up the DagBag from /home/airflow/.local/lib/python3.12/site-packages/airflow/example_dags/example_latest_only_with_trigger.py
[2025-03-29T17:37:29.549+0000] {processor.py:925} INFO - DAG(s) 'latest_only_with_trigger' retrieved from /home/airflow/.local/lib/python3.12/site-packages/airflow/example_dags/example_latest_only_with_trigger.py
[2025-03-29T17:37:29.562+0000] {logging_mixin.py:190} INFO - [2025-03-29T17:37:29.562+0000] {dag.py:3239} INFO - Sync 1 DAGs
[2025-03-29T17:37:29.577+0000] {logging_mixin.py:190} INFO - [2025-03-29T17:37:29.577+0000] {dag.py:4180} INFO - Setting next_dagrun for latest_only_with_trigger to 2025-03-29 12:00:00+00:00, run_after=2025-03-29 16:00:00+00:00
[2025-03-29T17:37:29.591+0000] {processor.py:208} INFO - Processing /home/airflow/.local/lib/python3.12/site-packages/airflow/example_dags/example_latest_only_with_trigger.py took 0.051 seconds
[2025-03-29T17:38:00.043+0000] {processor.py:186} INFO - Started process (PID=1504) to work on /home/airflow/.local/lib/python3.12/site-packages/airflow/example_dags/example_latest_only_with_trigger.py
[2025-03-29T17:38:00.044+0000] {processor.py:914} INFO - Processing file /home/airflow/.local/lib/python3.12/site-packages/airflow/example_dags/example_latest_only_with_trigger.py for tasks to queue
[2025-03-29T17:38:00.045+0000] {logging_mixin.py:190} INFO - [2025-03-29T17:38:00.045+0000] {dagbag.py:588} INFO - Filling up the DagBag from /home/airflow/.local/lib/python3.12/site-packages/airflow/example_dags/example_latest_only_with_trigger.py
[2025-03-29T17:38:00.050+0000] {processor.py:925} INFO - DAG(s) 'latest_only_with_trigger' retrieved from /home/airflow/.local/lib/python3.12/site-packages/airflow/example_dags/example_latest_only_with_trigger.py
[2025-03-29T17:38:00.063+0000] {logging_mixin.py:190} INFO - [2025-03-29T17:38:00.063+0000] {dag.py:3239} INFO - Sync 1 DAGs
[2025-03-29T17:38:00.079+0000] {logging_mixin.py:190} INFO - [2025-03-29T17:38:00.079+0000] {dag.py:4180} INFO - Setting next_dagrun for latest_only_with_trigger to 2025-03-29 12:00:00+00:00, run_after=2025-03-29 16:00:00+00:00
[2025-03-29T17:38:00.091+0000] {processor.py:208} INFO - Processing /home/airflow/.local/lib/python3.12/site-packages/airflow/example_dags/example_latest_only_with_trigger.py took 0.052 seconds
[2025-03-29T17:38:31.462+0000] {processor.py:186} INFO - Started process (PID=1567) to work on /home/airflow/.local/lib/python3.12/site-packages/airflow/example_dags/example_latest_only_with_trigger.py
[2025-03-29T17:38:31.462+0000] {processor.py:914} INFO - Processing file /home/airflow/.local/lib/python3.12/site-packages/airflow/example_dags/example_latest_only_with_trigger.py for tasks to queue
[2025-03-29T17:38:31.464+0000] {logging_mixin.py:190} INFO - [2025-03-29T17:38:31.463+0000] {dagbag.py:588} INFO - Filling up the DagBag from /home/airflow/.local/lib/python3.12/site-packages/airflow/example_dags/example_latest_only_with_trigger.py
[2025-03-29T17:38:31.468+0000] {processor.py:925} INFO - DAG(s) 'latest_only_with_trigger' retrieved from /home/airflow/.local/lib/python3.12/site-packages/airflow/example_dags/example_latest_only_with_trigger.py
[2025-03-29T17:38:31.481+0000] {logging_mixin.py:190} INFO - [2025-03-29T17:38:31.481+0000] {dag.py:3239} INFO - Sync 1 DAGs
[2025-03-29T17:38:31.497+0000] {logging_mixin.py:190} INFO - [2025-03-29T17:38:31.497+0000] {dag.py:4180} INFO - Setting next_dagrun for latest_only_with_trigger to 2025-03-29 12:00:00+00:00, run_after=2025-03-29 16:00:00+00:00
[2025-03-29T17:38:31.509+0000] {processor.py:208} INFO - Processing /home/airflow/.local/lib/python3.12/site-packages/airflow/example_dags/example_latest_only_with_trigger.py took 0.051 seconds
