[2025-03-29T17:15:49.717+0000] {processor.py:186} INFO - Started process (PID=82) to work on /home/airflow/.local/lib/python3.12/site-packages/airflow/example_dags/example_nested_branch_dag.py
[2025-03-29T17:15:49.718+0000] {processor.py:914} INFO - Processing file /home/airflow/.local/lib/python3.12/site-packages/airflow/example_dags/example_nested_branch_dag.py for tasks to queue
[2025-03-29T17:15:49.721+0000] {logging_mixin.py:190} INFO - [2025-03-29T17:15:49.720+0000] {dagbag.py:588} INFO - Filling up the DagBag from /home/airflow/.local/lib/python3.12/site-packages/airflow/example_dags/example_nested_branch_dag.py
[2025-03-29T17:15:49.731+0000] {processor.py:925} INFO - DAG(s) 'example_nested_branch_dag' retrieved from /home/airflow/.local/lib/python3.12/site-packages/airflow/example_dags/example_nested_branch_dag.py
[2025-03-29T17:15:49.811+0000] {logging_mixin.py:190} INFO - [2025-03-29T17:15:49.810+0000] {override.py:1912} INFO - Created Permission View: can delete on DAG:example_nested_branch_dag
[2025-03-29T17:15:49.817+0000] {logging_mixin.py:190} INFO - [2025-03-29T17:15:49.817+0000] {override.py:1912} INFO - Created Permission View: can edit on DAG:example_nested_branch_dag
[2025-03-29T17:15:49.821+0000] {logging_mixin.py:190} INFO - [2025-03-29T17:15:49.821+0000] {override.py:1912} INFO - Created Permission View: can read on DAG:example_nested_branch_dag
[2025-03-29T17:15:49.826+0000] {logging_mixin.py:190} INFO - [2025-03-29T17:15:49.826+0000] {override.py:1912} INFO - Created Permission View: can delete on DAG Run:example_nested_branch_dag
[2025-03-29T17:15:49.830+0000] {logging_mixin.py:190} INFO - [2025-03-29T17:15:49.830+0000] {override.py:1912} INFO - Created Permission View: menu access on DAG Run:example_nested_branch_dag
[2025-03-29T17:15:49.834+0000] {logging_mixin.py:190} INFO - [2025-03-29T17:15:49.834+0000] {override.py:1912} INFO - Created Permission View: can read on DAG Run:example_nested_branch_dag
[2025-03-29T17:15:49.838+0000] {logging_mixin.py:190} INFO - [2025-03-29T17:15:49.838+0000] {override.py:1912} INFO - Created Permission View: can create on DAG Run:example_nested_branch_dag
[2025-03-29T17:15:49.838+0000] {logging_mixin.py:190} INFO - [2025-03-29T17:15:49.838+0000] {dag.py:3239} INFO - Sync 1 DAGs
[2025-03-29T17:15:49.846+0000] {logging_mixin.py:190} INFO - [2025-03-29T17:15:49.846+0000] {dag.py:3262} INFO - Creating ORM DAG for example_nested_branch_dag
[2025-03-29T17:15:49.853+0000] {logging_mixin.py:190} INFO - [2025-03-29T17:15:49.853+0000] {dag.py:4180} INFO - Setting next_dagrun for example_nested_branch_dag to 2025-03-28 00:00:00+00:00, run_after=2025-03-29 00:00:00+00:00
[2025-03-29T17:15:49.863+0000] {processor.py:208} INFO - Processing /home/airflow/.local/lib/python3.12/site-packages/airflow/example_dags/example_nested_branch_dag.py took 0.151 seconds
[2025-03-29T17:16:20.873+0000] {processor.py:186} INFO - Started process (PID=145) to work on /home/airflow/.local/lib/python3.12/site-packages/airflow/example_dags/example_nested_branch_dag.py
[2025-03-29T17:16:20.873+0000] {processor.py:914} INFO - Processing file /home/airflow/.local/lib/python3.12/site-packages/airflow/example_dags/example_nested_branch_dag.py for tasks to queue
[2025-03-29T17:16:20.875+0000] {logging_mixin.py:190} INFO - [2025-03-29T17:16:20.874+0000] {dagbag.py:588} INFO - Filling up the DagBag from /home/airflow/.local/lib/python3.12/site-packages/airflow/example_dags/example_nested_branch_dag.py
[2025-03-29T17:16:20.883+0000] {processor.py:925} INFO - DAG(s) 'example_nested_branch_dag' retrieved from /home/airflow/.local/lib/python3.12/site-packages/airflow/example_dags/example_nested_branch_dag.py
[2025-03-29T17:16:20.897+0000] {logging_mixin.py:190} INFO - [2025-03-29T17:16:20.897+0000] {dag.py:3239} INFO - Sync 1 DAGs
[2025-03-29T17:16:20.914+0000] {logging_mixin.py:190} INFO - [2025-03-29T17:16:20.914+0000] {dag.py:4180} INFO - Setting next_dagrun for example_nested_branch_dag to 2025-03-28 00:00:00+00:00, run_after=2025-03-29 00:00:00+00:00
[2025-03-29T17:16:20.926+0000] {processor.py:208} INFO - Processing /home/airflow/.local/lib/python3.12/site-packages/airflow/example_dags/example_nested_branch_dag.py took 0.057 seconds
[2025-03-29T17:16:51.489+0000] {processor.py:186} INFO - Started process (PID=208) to work on /home/airflow/.local/lib/python3.12/site-packages/airflow/example_dags/example_nested_branch_dag.py
[2025-03-29T17:16:51.490+0000] {processor.py:914} INFO - Processing file /home/airflow/.local/lib/python3.12/site-packages/airflow/example_dags/example_nested_branch_dag.py for tasks to queue
[2025-03-29T17:16:51.491+0000] {logging_mixin.py:190} INFO - [2025-03-29T17:16:51.491+0000] {dagbag.py:588} INFO - Filling up the DagBag from /home/airflow/.local/lib/python3.12/site-packages/airflow/example_dags/example_nested_branch_dag.py
[2025-03-29T17:16:51.499+0000] {processor.py:925} INFO - DAG(s) 'example_nested_branch_dag' retrieved from /home/airflow/.local/lib/python3.12/site-packages/airflow/example_dags/example_nested_branch_dag.py
[2025-03-29T17:16:51.514+0000] {logging_mixin.py:190} INFO - [2025-03-29T17:16:51.514+0000] {dag.py:3239} INFO - Sync 1 DAGs
[2025-03-29T17:16:51.531+0000] {logging_mixin.py:190} INFO - [2025-03-29T17:16:51.531+0000] {dag.py:4180} INFO - Setting next_dagrun for example_nested_branch_dag to 2025-03-28 00:00:00+00:00, run_after=2025-03-29 00:00:00+00:00
[2025-03-29T17:16:51.543+0000] {processor.py:208} INFO - Processing /home/airflow/.local/lib/python3.12/site-packages/airflow/example_dags/example_nested_branch_dag.py took 0.057 seconds
[2025-03-29T17:17:22.820+0000] {processor.py:186} INFO - Started process (PID=271) to work on /home/airflow/.local/lib/python3.12/site-packages/airflow/example_dags/example_nested_branch_dag.py
[2025-03-29T17:17:22.821+0000] {processor.py:914} INFO - Processing file /home/airflow/.local/lib/python3.12/site-packages/airflow/example_dags/example_nested_branch_dag.py for tasks to queue
[2025-03-29T17:17:22.822+0000] {logging_mixin.py:190} INFO - [2025-03-29T17:17:22.822+0000] {dagbag.py:588} INFO - Filling up the DagBag from /home/airflow/.local/lib/python3.12/site-packages/airflow/example_dags/example_nested_branch_dag.py
[2025-03-29T17:17:22.830+0000] {processor.py:925} INFO - DAG(s) 'example_nested_branch_dag' retrieved from /home/airflow/.local/lib/python3.12/site-packages/airflow/example_dags/example_nested_branch_dag.py
[2025-03-29T17:17:22.844+0000] {logging_mixin.py:190} INFO - [2025-03-29T17:17:22.844+0000] {dag.py:3239} INFO - Sync 1 DAGs
[2025-03-29T17:17:22.860+0000] {logging_mixin.py:190} INFO - [2025-03-29T17:17:22.860+0000] {dag.py:4180} INFO - Setting next_dagrun for example_nested_branch_dag to 2025-03-28 00:00:00+00:00, run_after=2025-03-29 00:00:00+00:00
[2025-03-29T17:17:22.872+0000] {processor.py:208} INFO - Processing /home/airflow/.local/lib/python3.12/site-packages/airflow/example_dags/example_nested_branch_dag.py took 0.055 seconds
[2025-03-29T17:17:54.214+0000] {processor.py:186} INFO - Started process (PID=334) to work on /home/airflow/.local/lib/python3.12/site-packages/airflow/example_dags/example_nested_branch_dag.py
[2025-03-29T17:17:54.215+0000] {processor.py:914} INFO - Processing file /home/airflow/.local/lib/python3.12/site-packages/airflow/example_dags/example_nested_branch_dag.py for tasks to queue
[2025-03-29T17:17:54.217+0000] {logging_mixin.py:190} INFO - [2025-03-29T17:17:54.217+0000] {dagbag.py:588} INFO - Filling up the DagBag from /home/airflow/.local/lib/python3.12/site-packages/airflow/example_dags/example_nested_branch_dag.py
[2025-03-29T17:17:54.226+0000] {processor.py:925} INFO - DAG(s) 'example_nested_branch_dag' retrieved from /home/airflow/.local/lib/python3.12/site-packages/airflow/example_dags/example_nested_branch_dag.py
[2025-03-29T17:17:54.241+0000] {logging_mixin.py:190} INFO - [2025-03-29T17:17:54.241+0000] {dag.py:3239} INFO - Sync 1 DAGs
[2025-03-29T17:17:54.257+0000] {logging_mixin.py:190} INFO - [2025-03-29T17:17:54.257+0000] {dag.py:4180} INFO - Setting next_dagrun for example_nested_branch_dag to 2025-03-28 00:00:00+00:00, run_after=2025-03-29 00:00:00+00:00
[2025-03-29T17:17:54.271+0000] {processor.py:208} INFO - Processing /home/airflow/.local/lib/python3.12/site-packages/airflow/example_dags/example_nested_branch_dag.py took 0.063 seconds
[2025-03-29T17:18:24.724+0000] {processor.py:186} INFO - Started process (PID=397) to work on /home/airflow/.local/lib/python3.12/site-packages/airflow/example_dags/example_nested_branch_dag.py
[2025-03-29T17:18:24.724+0000] {processor.py:914} INFO - Processing file /home/airflow/.local/lib/python3.12/site-packages/airflow/example_dags/example_nested_branch_dag.py for tasks to queue
[2025-03-29T17:18:24.725+0000] {logging_mixin.py:190} INFO - [2025-03-29T17:18:24.725+0000] {dagbag.py:588} INFO - Filling up the DagBag from /home/airflow/.local/lib/python3.12/site-packages/airflow/example_dags/example_nested_branch_dag.py
[2025-03-29T17:18:24.733+0000] {processor.py:925} INFO - DAG(s) 'example_nested_branch_dag' retrieved from /home/airflow/.local/lib/python3.12/site-packages/airflow/example_dags/example_nested_branch_dag.py
[2025-03-29T17:18:24.747+0000] {logging_mixin.py:190} INFO - [2025-03-29T17:18:24.747+0000] {dag.py:3239} INFO - Sync 1 DAGs
[2025-03-29T17:18:24.764+0000] {logging_mixin.py:190} INFO - [2025-03-29T17:18:24.763+0000] {dag.py:4180} INFO - Setting next_dagrun for example_nested_branch_dag to 2025-03-28 00:00:00+00:00, run_after=2025-03-29 00:00:00+00:00
[2025-03-29T17:18:24.775+0000] {processor.py:208} INFO - Processing /home/airflow/.local/lib/python3.12/site-packages/airflow/example_dags/example_nested_branch_dag.py took 0.055 seconds
[2025-03-29T17:18:55.426+0000] {processor.py:186} INFO - Started process (PID=460) to work on /home/airflow/.local/lib/python3.12/site-packages/airflow/example_dags/example_nested_branch_dag.py
[2025-03-29T17:18:55.428+0000] {processor.py:914} INFO - Processing file /home/airflow/.local/lib/python3.12/site-packages/airflow/example_dags/example_nested_branch_dag.py for tasks to queue
[2025-03-29T17:18:55.429+0000] {logging_mixin.py:190} INFO - [2025-03-29T17:18:55.429+0000] {dagbag.py:588} INFO - Filling up the DagBag from /home/airflow/.local/lib/python3.12/site-packages/airflow/example_dags/example_nested_branch_dag.py
[2025-03-29T17:18:55.438+0000] {processor.py:925} INFO - DAG(s) 'example_nested_branch_dag' retrieved from /home/airflow/.local/lib/python3.12/site-packages/airflow/example_dags/example_nested_branch_dag.py
[2025-03-29T17:18:55.451+0000] {logging_mixin.py:190} INFO - [2025-03-29T17:18:55.451+0000] {dag.py:3239} INFO - Sync 1 DAGs
[2025-03-29T17:18:55.468+0000] {logging_mixin.py:190} INFO - [2025-03-29T17:18:55.468+0000] {dag.py:4180} INFO - Setting next_dagrun for example_nested_branch_dag to 2025-03-28 00:00:00+00:00, run_after=2025-03-29 00:00:00+00:00
[2025-03-29T17:18:55.480+0000] {processor.py:208} INFO - Processing /home/airflow/.local/lib/python3.12/site-packages/airflow/example_dags/example_nested_branch_dag.py took 0.058 seconds
[2025-03-29T17:19:26.775+0000] {processor.py:186} INFO - Started process (PID=529) to work on /home/airflow/.local/lib/python3.12/site-packages/airflow/example_dags/example_nested_branch_dag.py
[2025-03-29T17:19:26.776+0000] {processor.py:914} INFO - Processing file /home/airflow/.local/lib/python3.12/site-packages/airflow/example_dags/example_nested_branch_dag.py for tasks to queue
[2025-03-29T17:19:26.777+0000] {logging_mixin.py:190} INFO - [2025-03-29T17:19:26.777+0000] {dagbag.py:588} INFO - Filling up the DagBag from /home/airflow/.local/lib/python3.12/site-packages/airflow/example_dags/example_nested_branch_dag.py
[2025-03-29T17:19:26.784+0000] {processor.py:925} INFO - DAG(s) 'example_nested_branch_dag' retrieved from /home/airflow/.local/lib/python3.12/site-packages/airflow/example_dags/example_nested_branch_dag.py
[2025-03-29T17:19:26.798+0000] {logging_mixin.py:190} INFO - [2025-03-29T17:19:26.798+0000] {dag.py:3239} INFO - Sync 1 DAGs
[2025-03-29T17:19:26.814+0000] {logging_mixin.py:190} INFO - [2025-03-29T17:19:26.814+0000] {dag.py:4180} INFO - Setting next_dagrun for example_nested_branch_dag to 2025-03-28 00:00:00+00:00, run_after=2025-03-29 00:00:00+00:00
[2025-03-29T17:19:26.825+0000] {processor.py:208} INFO - Processing /home/airflow/.local/lib/python3.12/site-packages/airflow/example_dags/example_nested_branch_dag.py took 0.054 seconds
[2025-03-29T17:19:57.315+0000] {processor.py:186} INFO - Started process (PID=592) to work on /home/airflow/.local/lib/python3.12/site-packages/airflow/example_dags/example_nested_branch_dag.py
[2025-03-29T17:19:57.315+0000] {processor.py:914} INFO - Processing file /home/airflow/.local/lib/python3.12/site-packages/airflow/example_dags/example_nested_branch_dag.py for tasks to queue
[2025-03-29T17:19:57.316+0000] {logging_mixin.py:190} INFO - [2025-03-29T17:19:57.316+0000] {dagbag.py:588} INFO - Filling up the DagBag from /home/airflow/.local/lib/python3.12/site-packages/airflow/example_dags/example_nested_branch_dag.py
[2025-03-29T17:19:57.324+0000] {processor.py:925} INFO - DAG(s) 'example_nested_branch_dag' retrieved from /home/airflow/.local/lib/python3.12/site-packages/airflow/example_dags/example_nested_branch_dag.py
[2025-03-29T17:19:57.337+0000] {logging_mixin.py:190} INFO - [2025-03-29T17:19:57.337+0000] {dag.py:3239} INFO - Sync 1 DAGs
[2025-03-29T17:19:57.353+0000] {logging_mixin.py:190} INFO - [2025-03-29T17:19:57.353+0000] {dag.py:4180} INFO - Setting next_dagrun for example_nested_branch_dag to 2025-03-28 00:00:00+00:00, run_after=2025-03-29 00:00:00+00:00
[2025-03-29T17:19:57.364+0000] {processor.py:208} INFO - Processing /home/airflow/.local/lib/python3.12/site-packages/airflow/example_dags/example_nested_branch_dag.py took 0.053 seconds
[2025-03-29T17:20:28.717+0000] {processor.py:186} INFO - Started process (PID=655) to work on /home/airflow/.local/lib/python3.12/site-packages/airflow/example_dags/example_nested_branch_dag.py
[2025-03-29T17:20:28.718+0000] {processor.py:914} INFO - Processing file /home/airflow/.local/lib/python3.12/site-packages/airflow/example_dags/example_nested_branch_dag.py for tasks to queue
[2025-03-29T17:20:28.720+0000] {logging_mixin.py:190} INFO - [2025-03-29T17:20:28.720+0000] {dagbag.py:588} INFO - Filling up the DagBag from /home/airflow/.local/lib/python3.12/site-packages/airflow/example_dags/example_nested_branch_dag.py
[2025-03-29T17:20:28.728+0000] {processor.py:925} INFO - DAG(s) 'example_nested_branch_dag' retrieved from /home/airflow/.local/lib/python3.12/site-packages/airflow/example_dags/example_nested_branch_dag.py
[2025-03-29T17:20:28.742+0000] {logging_mixin.py:190} INFO - [2025-03-29T17:20:28.742+0000] {dag.py:3239} INFO - Sync 1 DAGs
[2025-03-29T17:20:28.759+0000] {logging_mixin.py:190} INFO - [2025-03-29T17:20:28.759+0000] {dag.py:4180} INFO - Setting next_dagrun for example_nested_branch_dag to 2025-03-28 00:00:00+00:00, run_after=2025-03-29 00:00:00+00:00
[2025-03-29T17:20:28.772+0000] {processor.py:208} INFO - Processing /home/airflow/.local/lib/python3.12/site-packages/airflow/example_dags/example_nested_branch_dag.py took 0.058 seconds
[2025-03-29T17:20:59.315+0000] {processor.py:186} INFO - Started process (PID=718) to work on /home/airflow/.local/lib/python3.12/site-packages/airflow/example_dags/example_nested_branch_dag.py
[2025-03-29T17:20:59.316+0000] {processor.py:914} INFO - Processing file /home/airflow/.local/lib/python3.12/site-packages/airflow/example_dags/example_nested_branch_dag.py for tasks to queue
[2025-03-29T17:20:59.317+0000] {logging_mixin.py:190} INFO - [2025-03-29T17:20:59.317+0000] {dagbag.py:588} INFO - Filling up the DagBag from /home/airflow/.local/lib/python3.12/site-packages/airflow/example_dags/example_nested_branch_dag.py
[2025-03-29T17:20:59.326+0000] {processor.py:925} INFO - DAG(s) 'example_nested_branch_dag' retrieved from /home/airflow/.local/lib/python3.12/site-packages/airflow/example_dags/example_nested_branch_dag.py
[2025-03-29T17:20:59.340+0000] {logging_mixin.py:190} INFO - [2025-03-29T17:20:59.340+0000] {dag.py:3239} INFO - Sync 1 DAGs
[2025-03-29T17:20:59.358+0000] {logging_mixin.py:190} INFO - [2025-03-29T17:20:59.357+0000] {dag.py:4180} INFO - Setting next_dagrun for example_nested_branch_dag to 2025-03-28 00:00:00+00:00, run_after=2025-03-29 00:00:00+00:00
[2025-03-29T17:20:59.370+0000] {processor.py:208} INFO - Processing /home/airflow/.local/lib/python3.12/site-packages/airflow/example_dags/example_nested_branch_dag.py took 0.059 seconds
[2025-03-29T17:21:30.628+0000] {processor.py:186} INFO - Started process (PID=781) to work on /home/airflow/.local/lib/python3.12/site-packages/airflow/example_dags/example_nested_branch_dag.py
[2025-03-29T17:21:30.629+0000] {processor.py:914} INFO - Processing file /home/airflow/.local/lib/python3.12/site-packages/airflow/example_dags/example_nested_branch_dag.py for tasks to queue
[2025-03-29T17:21:30.631+0000] {logging_mixin.py:190} INFO - [2025-03-29T17:21:30.631+0000] {dagbag.py:588} INFO - Filling up the DagBag from /home/airflow/.local/lib/python3.12/site-packages/airflow/example_dags/example_nested_branch_dag.py
[2025-03-29T17:21:30.638+0000] {processor.py:925} INFO - DAG(s) 'example_nested_branch_dag' retrieved from /home/airflow/.local/lib/python3.12/site-packages/airflow/example_dags/example_nested_branch_dag.py
[2025-03-29T17:21:30.653+0000] {logging_mixin.py:190} INFO - [2025-03-29T17:21:30.653+0000] {dag.py:3239} INFO - Sync 1 DAGs
[2025-03-29T17:21:30.671+0000] {logging_mixin.py:190} INFO - [2025-03-29T17:21:30.671+0000] {dag.py:4180} INFO - Setting next_dagrun for example_nested_branch_dag to 2025-03-28 00:00:00+00:00, run_after=2025-03-29 00:00:00+00:00
[2025-03-29T17:21:30.683+0000] {processor.py:208} INFO - Processing /home/airflow/.local/lib/python3.12/site-packages/airflow/example_dags/example_nested_branch_dag.py took 0.059 seconds
[2025-03-29T17:22:01.973+0000] {processor.py:186} INFO - Started process (PID=844) to work on /home/airflow/.local/lib/python3.12/site-packages/airflow/example_dags/example_nested_branch_dag.py
[2025-03-29T17:22:01.974+0000] {processor.py:914} INFO - Processing file /home/airflow/.local/lib/python3.12/site-packages/airflow/example_dags/example_nested_branch_dag.py for tasks to queue
[2025-03-29T17:22:01.976+0000] {logging_mixin.py:190} INFO - [2025-03-29T17:22:01.975+0000] {dagbag.py:588} INFO - Filling up the DagBag from /home/airflow/.local/lib/python3.12/site-packages/airflow/example_dags/example_nested_branch_dag.py
[2025-03-29T17:22:01.983+0000] {processor.py:925} INFO - DAG(s) 'example_nested_branch_dag' retrieved from /home/airflow/.local/lib/python3.12/site-packages/airflow/example_dags/example_nested_branch_dag.py
[2025-03-29T17:22:01.997+0000] {logging_mixin.py:190} INFO - [2025-03-29T17:22:01.997+0000] {dag.py:3239} INFO - Sync 1 DAGs
[2025-03-29T17:22:02.014+0000] {logging_mixin.py:190} INFO - [2025-03-29T17:22:02.014+0000] {dag.py:4180} INFO - Setting next_dagrun for example_nested_branch_dag to 2025-03-28 00:00:00+00:00, run_after=2025-03-29 00:00:00+00:00
[2025-03-29T17:22:02.026+0000] {processor.py:208} INFO - Processing /home/airflow/.local/lib/python3.12/site-packages/airflow/example_dags/example_nested_branch_dag.py took 0.056 seconds
[2025-03-29T17:22:32.661+0000] {processor.py:186} INFO - Started process (PID=907) to work on /home/airflow/.local/lib/python3.12/site-packages/airflow/example_dags/example_nested_branch_dag.py
[2025-03-29T17:22:32.662+0000] {processor.py:914} INFO - Processing file /home/airflow/.local/lib/python3.12/site-packages/airflow/example_dags/example_nested_branch_dag.py for tasks to queue
[2025-03-29T17:22:32.663+0000] {logging_mixin.py:190} INFO - [2025-03-29T17:22:32.663+0000] {dagbag.py:588} INFO - Filling up the DagBag from /home/airflow/.local/lib/python3.12/site-packages/airflow/example_dags/example_nested_branch_dag.py
[2025-03-29T17:22:32.670+0000] {processor.py:925} INFO - DAG(s) 'example_nested_branch_dag' retrieved from /home/airflow/.local/lib/python3.12/site-packages/airflow/example_dags/example_nested_branch_dag.py
[2025-03-29T17:22:32.683+0000] {logging_mixin.py:190} INFO - [2025-03-29T17:22:32.682+0000] {dag.py:3239} INFO - Sync 1 DAGs
[2025-03-29T17:22:32.697+0000] {logging_mixin.py:190} INFO - [2025-03-29T17:22:32.697+0000] {dag.py:4180} INFO - Setting next_dagrun for example_nested_branch_dag to 2025-03-28 00:00:00+00:00, run_after=2025-03-29 00:00:00+00:00
[2025-03-29T17:22:32.709+0000] {processor.py:208} INFO - Processing /home/airflow/.local/lib/python3.12/site-packages/airflow/example_dags/example_nested_branch_dag.py took 0.052 seconds
[2025-03-29T17:23:03.307+0000] {processor.py:186} INFO - Started process (PID=970) to work on /home/airflow/.local/lib/python3.12/site-packages/airflow/example_dags/example_nested_branch_dag.py
[2025-03-29T17:23:03.309+0000] {processor.py:914} INFO - Processing file /home/airflow/.local/lib/python3.12/site-packages/airflow/example_dags/example_nested_branch_dag.py for tasks to queue
[2025-03-29T17:23:03.310+0000] {logging_mixin.py:190} INFO - [2025-03-29T17:23:03.310+0000] {dagbag.py:588} INFO - Filling up the DagBag from /home/airflow/.local/lib/python3.12/site-packages/airflow/example_dags/example_nested_branch_dag.py
[2025-03-29T17:23:03.319+0000] {processor.py:925} INFO - DAG(s) 'example_nested_branch_dag' retrieved from /home/airflow/.local/lib/python3.12/site-packages/airflow/example_dags/example_nested_branch_dag.py
[2025-03-29T17:23:03.334+0000] {logging_mixin.py:190} INFO - [2025-03-29T17:23:03.334+0000] {dag.py:3239} INFO - Sync 1 DAGs
[2025-03-29T17:23:03.353+0000] {logging_mixin.py:190} INFO - [2025-03-29T17:23:03.353+0000] {dag.py:4180} INFO - Setting next_dagrun for example_nested_branch_dag to 2025-03-28 00:00:00+00:00, run_after=2025-03-29 00:00:00+00:00
[2025-03-29T17:23:03.367+0000] {processor.py:208} INFO - Processing /home/airflow/.local/lib/python3.12/site-packages/airflow/example_dags/example_nested_branch_dag.py took 0.064 seconds
[2025-03-29T17:26:12.875+0000] {processor.py:186} INFO - Started process (PID=82) to work on /home/airflow/.local/lib/python3.12/site-packages/airflow/example_dags/example_nested_branch_dag.py
[2025-03-29T17:26:12.876+0000] {processor.py:914} INFO - Processing file /home/airflow/.local/lib/python3.12/site-packages/airflow/example_dags/example_nested_branch_dag.py for tasks to queue
[2025-03-29T17:26:12.879+0000] {logging_mixin.py:190} INFO - [2025-03-29T17:26:12.879+0000] {dagbag.py:588} INFO - Filling up the DagBag from /home/airflow/.local/lib/python3.12/site-packages/airflow/example_dags/example_nested_branch_dag.py
[2025-03-29T17:26:12.891+0000] {processor.py:925} INFO - DAG(s) 'example_nested_branch_dag' retrieved from /home/airflow/.local/lib/python3.12/site-packages/airflow/example_dags/example_nested_branch_dag.py
[2025-03-29T17:26:13.008+0000] {logging_mixin.py:190} INFO - [2025-03-29T17:26:13.007+0000] {override.py:1912} INFO - Created Permission View: can delete on DAG:example_nested_branch_dag
[2025-03-29T17:26:13.016+0000] {logging_mixin.py:190} INFO - [2025-03-29T17:26:13.015+0000] {override.py:1912} INFO - Created Permission View: can read on DAG:example_nested_branch_dag
[2025-03-29T17:26:13.021+0000] {logging_mixin.py:190} INFO - [2025-03-29T17:26:13.021+0000] {override.py:1912} INFO - Created Permission View: can edit on DAG:example_nested_branch_dag
[2025-03-29T17:26:13.028+0000] {logging_mixin.py:190} INFO - [2025-03-29T17:26:13.027+0000] {override.py:1912} INFO - Created Permission View: can delete on DAG Run:example_nested_branch_dag
[2025-03-29T17:26:13.033+0000] {logging_mixin.py:190} INFO - [2025-03-29T17:26:13.033+0000] {override.py:1912} INFO - Created Permission View: can read on DAG Run:example_nested_branch_dag
[2025-03-29T17:26:13.041+0000] {logging_mixin.py:190} INFO - [2025-03-29T17:26:13.040+0000] {override.py:1912} INFO - Created Permission View: can create on DAG Run:example_nested_branch_dag
[2025-03-29T17:26:13.047+0000] {logging_mixin.py:190} INFO - [2025-03-29T17:26:13.047+0000] {override.py:1912} INFO - Created Permission View: menu access on DAG Run:example_nested_branch_dag
[2025-03-29T17:26:13.048+0000] {logging_mixin.py:190} INFO - [2025-03-29T17:26:13.047+0000] {dag.py:3239} INFO - Sync 1 DAGs
[2025-03-29T17:26:13.058+0000] {logging_mixin.py:190} INFO - [2025-03-29T17:26:13.058+0000] {dag.py:3262} INFO - Creating ORM DAG for example_nested_branch_dag
[2025-03-29T17:26:13.068+0000] {logging_mixin.py:190} INFO - [2025-03-29T17:26:13.068+0000] {dag.py:4180} INFO - Setting next_dagrun for example_nested_branch_dag to 2025-03-28 00:00:00+00:00, run_after=2025-03-29 00:00:00+00:00
[2025-03-29T17:26:13.081+0000] {processor.py:208} INFO - Processing /home/airflow/.local/lib/python3.12/site-packages/airflow/example_dags/example_nested_branch_dag.py took 0.212 seconds
[2025-03-29T17:26:43.401+0000] {processor.py:186} INFO - Started process (PID=145) to work on /home/airflow/.local/lib/python3.12/site-packages/airflow/example_dags/example_nested_branch_dag.py
[2025-03-29T17:26:43.402+0000] {processor.py:914} INFO - Processing file /home/airflow/.local/lib/python3.12/site-packages/airflow/example_dags/example_nested_branch_dag.py for tasks to queue
[2025-03-29T17:26:43.403+0000] {logging_mixin.py:190} INFO - [2025-03-29T17:26:43.403+0000] {dagbag.py:588} INFO - Filling up the DagBag from /home/airflow/.local/lib/python3.12/site-packages/airflow/example_dags/example_nested_branch_dag.py
[2025-03-29T17:26:43.410+0000] {processor.py:925} INFO - DAG(s) 'example_nested_branch_dag' retrieved from /home/airflow/.local/lib/python3.12/site-packages/airflow/example_dags/example_nested_branch_dag.py
[2025-03-29T17:26:43.424+0000] {logging_mixin.py:190} INFO - [2025-03-29T17:26:43.424+0000] {dag.py:3239} INFO - Sync 1 DAGs
[2025-03-29T17:26:43.442+0000] {logging_mixin.py:190} INFO - [2025-03-29T17:26:43.441+0000] {dag.py:4180} INFO - Setting next_dagrun for example_nested_branch_dag to 2025-03-28 00:00:00+00:00, run_after=2025-03-29 00:00:00+00:00
[2025-03-29T17:26:43.454+0000] {processor.py:208} INFO - Processing /home/airflow/.local/lib/python3.12/site-packages/airflow/example_dags/example_nested_branch_dag.py took 0.056 seconds
[2025-03-29T17:27:13.914+0000] {processor.py:186} INFO - Started process (PID=207) to work on /home/airflow/.local/lib/python3.12/site-packages/airflow/example_dags/example_nested_branch_dag.py
[2025-03-29T17:27:13.915+0000] {processor.py:914} INFO - Processing file /home/airflow/.local/lib/python3.12/site-packages/airflow/example_dags/example_nested_branch_dag.py for tasks to queue
[2025-03-29T17:27:13.917+0000] {logging_mixin.py:190} INFO - [2025-03-29T17:27:13.916+0000] {dagbag.py:588} INFO - Filling up the DagBag from /home/airflow/.local/lib/python3.12/site-packages/airflow/example_dags/example_nested_branch_dag.py
[2025-03-29T17:27:13.923+0000] {processor.py:925} INFO - DAG(s) 'example_nested_branch_dag' retrieved from /home/airflow/.local/lib/python3.12/site-packages/airflow/example_dags/example_nested_branch_dag.py
[2025-03-29T17:27:13.937+0000] {logging_mixin.py:190} INFO - [2025-03-29T17:27:13.937+0000] {dag.py:3239} INFO - Sync 1 DAGs
[2025-03-29T17:27:13.953+0000] {logging_mixin.py:190} INFO - [2025-03-29T17:27:13.953+0000] {dag.py:4180} INFO - Setting next_dagrun for example_nested_branch_dag to 2025-03-28 00:00:00+00:00, run_after=2025-03-29 00:00:00+00:00
[2025-03-29T17:27:13.965+0000] {processor.py:208} INFO - Processing /home/airflow/.local/lib/python3.12/site-packages/airflow/example_dags/example_nested_branch_dag.py took 0.055 seconds
[2025-03-29T17:27:44.314+0000] {processor.py:186} INFO - Started process (PID=269) to work on /home/airflow/.local/lib/python3.12/site-packages/airflow/example_dags/example_nested_branch_dag.py
[2025-03-29T17:27:44.314+0000] {processor.py:914} INFO - Processing file /home/airflow/.local/lib/python3.12/site-packages/airflow/example_dags/example_nested_branch_dag.py for tasks to queue
[2025-03-29T17:27:44.315+0000] {logging_mixin.py:190} INFO - [2025-03-29T17:27:44.315+0000] {dagbag.py:588} INFO - Filling up the DagBag from /home/airflow/.local/lib/python3.12/site-packages/airflow/example_dags/example_nested_branch_dag.py
[2025-03-29T17:27:44.322+0000] {processor.py:925} INFO - DAG(s) 'example_nested_branch_dag' retrieved from /home/airflow/.local/lib/python3.12/site-packages/airflow/example_dags/example_nested_branch_dag.py
[2025-03-29T17:27:44.336+0000] {logging_mixin.py:190} INFO - [2025-03-29T17:27:44.336+0000] {dag.py:3239} INFO - Sync 1 DAGs
[2025-03-29T17:27:44.352+0000] {logging_mixin.py:190} INFO - [2025-03-29T17:27:44.351+0000] {dag.py:4180} INFO - Setting next_dagrun for example_nested_branch_dag to 2025-03-28 00:00:00+00:00, run_after=2025-03-29 00:00:00+00:00
[2025-03-29T17:27:44.364+0000] {processor.py:208} INFO - Processing /home/airflow/.local/lib/python3.12/site-packages/airflow/example_dags/example_nested_branch_dag.py took 0.054 seconds
[2025-03-29T17:28:14.483+0000] {processor.py:186} INFO - Started process (PID=332) to work on /home/airflow/.local/lib/python3.12/site-packages/airflow/example_dags/example_nested_branch_dag.py
[2025-03-29T17:28:14.483+0000] {processor.py:914} INFO - Processing file /home/airflow/.local/lib/python3.12/site-packages/airflow/example_dags/example_nested_branch_dag.py for tasks to queue
[2025-03-29T17:28:14.485+0000] {logging_mixin.py:190} INFO - [2025-03-29T17:28:14.485+0000] {dagbag.py:588} INFO - Filling up the DagBag from /home/airflow/.local/lib/python3.12/site-packages/airflow/example_dags/example_nested_branch_dag.py
[2025-03-29T17:28:14.492+0000] {processor.py:925} INFO - DAG(s) 'example_nested_branch_dag' retrieved from /home/airflow/.local/lib/python3.12/site-packages/airflow/example_dags/example_nested_branch_dag.py
[2025-03-29T17:28:14.506+0000] {logging_mixin.py:190} INFO - [2025-03-29T17:28:14.506+0000] {dag.py:3239} INFO - Sync 1 DAGs
[2025-03-29T17:28:14.523+0000] {logging_mixin.py:190} INFO - [2025-03-29T17:28:14.522+0000] {dag.py:4180} INFO - Setting next_dagrun for example_nested_branch_dag to 2025-03-28 00:00:00+00:00, run_after=2025-03-29 00:00:00+00:00
[2025-03-29T17:28:14.535+0000] {processor.py:208} INFO - Processing /home/airflow/.local/lib/python3.12/site-packages/airflow/example_dags/example_nested_branch_dag.py took 0.056 seconds
[2025-03-29T17:28:45.024+0000] {processor.py:186} INFO - Started process (PID=395) to work on /home/airflow/.local/lib/python3.12/site-packages/airflow/example_dags/example_nested_branch_dag.py
[2025-03-29T17:28:45.025+0000] {processor.py:914} INFO - Processing file /home/airflow/.local/lib/python3.12/site-packages/airflow/example_dags/example_nested_branch_dag.py for tasks to queue
[2025-03-29T17:28:45.026+0000] {logging_mixin.py:190} INFO - [2025-03-29T17:28:45.026+0000] {dagbag.py:588} INFO - Filling up the DagBag from /home/airflow/.local/lib/python3.12/site-packages/airflow/example_dags/example_nested_branch_dag.py
[2025-03-29T17:28:45.034+0000] {processor.py:925} INFO - DAG(s) 'example_nested_branch_dag' retrieved from /home/airflow/.local/lib/python3.12/site-packages/airflow/example_dags/example_nested_branch_dag.py
[2025-03-29T17:28:45.049+0000] {logging_mixin.py:190} INFO - [2025-03-29T17:28:45.049+0000] {dag.py:3239} INFO - Sync 1 DAGs
[2025-03-29T17:28:45.067+0000] {logging_mixin.py:190} INFO - [2025-03-29T17:28:45.067+0000] {dag.py:4180} INFO - Setting next_dagrun for example_nested_branch_dag to 2025-03-28 00:00:00+00:00, run_after=2025-03-29 00:00:00+00:00
[2025-03-29T17:28:45.080+0000] {processor.py:208} INFO - Processing /home/airflow/.local/lib/python3.12/site-packages/airflow/example_dags/example_nested_branch_dag.py took 0.059 seconds
[2025-03-29T17:29:15.400+0000] {processor.py:186} INFO - Started process (PID=458) to work on /home/airflow/.local/lib/python3.12/site-packages/airflow/example_dags/example_nested_branch_dag.py
[2025-03-29T17:29:15.401+0000] {processor.py:914} INFO - Processing file /home/airflow/.local/lib/python3.12/site-packages/airflow/example_dags/example_nested_branch_dag.py for tasks to queue
[2025-03-29T17:29:15.402+0000] {logging_mixin.py:190} INFO - [2025-03-29T17:29:15.402+0000] {dagbag.py:588} INFO - Filling up the DagBag from /home/airflow/.local/lib/python3.12/site-packages/airflow/example_dags/example_nested_branch_dag.py
[2025-03-29T17:29:15.409+0000] {processor.py:925} INFO - DAG(s) 'example_nested_branch_dag' retrieved from /home/airflow/.local/lib/python3.12/site-packages/airflow/example_dags/example_nested_branch_dag.py
[2025-03-29T17:29:15.421+0000] {logging_mixin.py:190} INFO - [2025-03-29T17:29:15.421+0000] {dag.py:3239} INFO - Sync 1 DAGs
[2025-03-29T17:29:15.436+0000] {logging_mixin.py:190} INFO - [2025-03-29T17:29:15.436+0000] {dag.py:4180} INFO - Setting next_dagrun for example_nested_branch_dag to 2025-03-28 00:00:00+00:00, run_after=2025-03-29 00:00:00+00:00
[2025-03-29T17:29:15.447+0000] {processor.py:208} INFO - Processing /home/airflow/.local/lib/python3.12/site-packages/airflow/example_dags/example_nested_branch_dag.py took 0.051 seconds
[2025-03-29T17:29:45.802+0000] {processor.py:186} INFO - Started process (PID=521) to work on /home/airflow/.local/lib/python3.12/site-packages/airflow/example_dags/example_nested_branch_dag.py
[2025-03-29T17:29:45.802+0000] {processor.py:914} INFO - Processing file /home/airflow/.local/lib/python3.12/site-packages/airflow/example_dags/example_nested_branch_dag.py for tasks to queue
[2025-03-29T17:29:45.804+0000] {logging_mixin.py:190} INFO - [2025-03-29T17:29:45.804+0000] {dagbag.py:588} INFO - Filling up the DagBag from /home/airflow/.local/lib/python3.12/site-packages/airflow/example_dags/example_nested_branch_dag.py
[2025-03-29T17:29:45.811+0000] {processor.py:925} INFO - DAG(s) 'example_nested_branch_dag' retrieved from /home/airflow/.local/lib/python3.12/site-packages/airflow/example_dags/example_nested_branch_dag.py
[2025-03-29T17:29:45.825+0000] {logging_mixin.py:190} INFO - [2025-03-29T17:29:45.825+0000] {dag.py:3239} INFO - Sync 1 DAGs
[2025-03-29T17:29:45.841+0000] {logging_mixin.py:190} INFO - [2025-03-29T17:29:45.840+0000] {dag.py:4180} INFO - Setting next_dagrun for example_nested_branch_dag to 2025-03-28 00:00:00+00:00, run_after=2025-03-29 00:00:00+00:00
[2025-03-29T17:29:45.853+0000] {processor.py:208} INFO - Processing /home/airflow/.local/lib/python3.12/site-packages/airflow/example_dags/example_nested_branch_dag.py took 0.055 seconds
[2025-03-29T17:30:16.455+0000] {processor.py:186} INFO - Started process (PID=590) to work on /home/airflow/.local/lib/python3.12/site-packages/airflow/example_dags/example_nested_branch_dag.py
[2025-03-29T17:30:16.456+0000] {processor.py:914} INFO - Processing file /home/airflow/.local/lib/python3.12/site-packages/airflow/example_dags/example_nested_branch_dag.py for tasks to queue
[2025-03-29T17:30:16.458+0000] {logging_mixin.py:190} INFO - [2025-03-29T17:30:16.458+0000] {dagbag.py:588} INFO - Filling up the DagBag from /home/airflow/.local/lib/python3.12/site-packages/airflow/example_dags/example_nested_branch_dag.py
[2025-03-29T17:30:16.471+0000] {processor.py:925} INFO - DAG(s) 'example_nested_branch_dag' retrieved from /home/airflow/.local/lib/python3.12/site-packages/airflow/example_dags/example_nested_branch_dag.py
[2025-03-29T17:30:16.495+0000] {logging_mixin.py:190} INFO - [2025-03-29T17:30:16.494+0000] {dag.py:3239} INFO - Sync 1 DAGs
[2025-03-29T17:30:16.526+0000] {logging_mixin.py:190} INFO - [2025-03-29T17:30:16.526+0000] {dag.py:4180} INFO - Setting next_dagrun for example_nested_branch_dag to 2025-03-28 00:00:00+00:00, run_after=2025-03-29 00:00:00+00:00
[2025-03-29T17:30:16.547+0000] {processor.py:208} INFO - Processing /home/airflow/.local/lib/python3.12/site-packages/airflow/example_dags/example_nested_branch_dag.py took 0.097 seconds
[2025-03-29T17:30:46.961+0000] {processor.py:186} INFO - Started process (PID=653) to work on /home/airflow/.local/lib/python3.12/site-packages/airflow/example_dags/example_nested_branch_dag.py
[2025-03-29T17:30:46.962+0000] {processor.py:914} INFO - Processing file /home/airflow/.local/lib/python3.12/site-packages/airflow/example_dags/example_nested_branch_dag.py for tasks to queue
[2025-03-29T17:30:46.963+0000] {logging_mixin.py:190} INFO - [2025-03-29T17:30:46.963+0000] {dagbag.py:588} INFO - Filling up the DagBag from /home/airflow/.local/lib/python3.12/site-packages/airflow/example_dags/example_nested_branch_dag.py
[2025-03-29T17:30:46.973+0000] {processor.py:925} INFO - DAG(s) 'example_nested_branch_dag' retrieved from /home/airflow/.local/lib/python3.12/site-packages/airflow/example_dags/example_nested_branch_dag.py
[2025-03-29T17:30:46.988+0000] {logging_mixin.py:190} INFO - [2025-03-29T17:30:46.988+0000] {dag.py:3239} INFO - Sync 1 DAGs
[2025-03-29T17:30:47.005+0000] {logging_mixin.py:190} INFO - [2025-03-29T17:30:47.005+0000] {dag.py:4180} INFO - Setting next_dagrun for example_nested_branch_dag to 2025-03-28 00:00:00+00:00, run_after=2025-03-29 00:00:00+00:00
[2025-03-29T17:30:47.018+0000] {processor.py:208} INFO - Processing /home/airflow/.local/lib/python3.12/site-packages/airflow/example_dags/example_nested_branch_dag.py took 0.060 seconds
[2025-03-29T17:31:17.191+0000] {processor.py:186} INFO - Started process (PID=716) to work on /home/airflow/.local/lib/python3.12/site-packages/airflow/example_dags/example_nested_branch_dag.py
[2025-03-29T17:31:17.191+0000] {processor.py:914} INFO - Processing file /home/airflow/.local/lib/python3.12/site-packages/airflow/example_dags/example_nested_branch_dag.py for tasks to queue
[2025-03-29T17:31:17.192+0000] {logging_mixin.py:190} INFO - [2025-03-29T17:31:17.192+0000] {dagbag.py:588} INFO - Filling up the DagBag from /home/airflow/.local/lib/python3.12/site-packages/airflow/example_dags/example_nested_branch_dag.py
[2025-03-29T17:31:17.199+0000] {processor.py:925} INFO - DAG(s) 'example_nested_branch_dag' retrieved from /home/airflow/.local/lib/python3.12/site-packages/airflow/example_dags/example_nested_branch_dag.py
[2025-03-29T17:31:17.215+0000] {logging_mixin.py:190} INFO - [2025-03-29T17:31:17.215+0000] {dag.py:3239} INFO - Sync 1 DAGs
[2025-03-29T17:31:17.234+0000] {logging_mixin.py:190} INFO - [2025-03-29T17:31:17.233+0000] {dag.py:4180} INFO - Setting next_dagrun for example_nested_branch_dag to 2025-03-28 00:00:00+00:00, run_after=2025-03-29 00:00:00+00:00
[2025-03-29T17:31:17.247+0000] {processor.py:208} INFO - Processing /home/airflow/.local/lib/python3.12/site-packages/airflow/example_dags/example_nested_branch_dag.py took 0.060 seconds
[2025-03-29T17:31:48.724+0000] {processor.py:186} INFO - Started process (PID=779) to work on /home/airflow/.local/lib/python3.12/site-packages/airflow/example_dags/example_nested_branch_dag.py
[2025-03-29T17:31:48.725+0000] {processor.py:914} INFO - Processing file /home/airflow/.local/lib/python3.12/site-packages/airflow/example_dags/example_nested_branch_dag.py for tasks to queue
[2025-03-29T17:31:48.727+0000] {logging_mixin.py:190} INFO - [2025-03-29T17:31:48.727+0000] {dagbag.py:588} INFO - Filling up the DagBag from /home/airflow/.local/lib/python3.12/site-packages/airflow/example_dags/example_nested_branch_dag.py
[2025-03-29T17:31:48.738+0000] {processor.py:925} INFO - DAG(s) 'example_nested_branch_dag' retrieved from /home/airflow/.local/lib/python3.12/site-packages/airflow/example_dags/example_nested_branch_dag.py
[2025-03-29T17:31:48.758+0000] {logging_mixin.py:190} INFO - [2025-03-29T17:31:48.758+0000] {dag.py:3239} INFO - Sync 1 DAGs
[2025-03-29T17:31:48.779+0000] {logging_mixin.py:190} INFO - [2025-03-29T17:31:48.778+0000] {dag.py:4180} INFO - Setting next_dagrun for example_nested_branch_dag to 2025-03-28 00:00:00+00:00, run_after=2025-03-29 00:00:00+00:00
[2025-03-29T17:31:48.792+0000] {processor.py:208} INFO - Processing /home/airflow/.local/lib/python3.12/site-packages/airflow/example_dags/example_nested_branch_dag.py took 0.073 seconds
[2025-03-29T17:32:19.023+0000] {processor.py:186} INFO - Started process (PID=842) to work on /home/airflow/.local/lib/python3.12/site-packages/airflow/example_dags/example_nested_branch_dag.py
[2025-03-29T17:32:19.023+0000] {processor.py:914} INFO - Processing file /home/airflow/.local/lib/python3.12/site-packages/airflow/example_dags/example_nested_branch_dag.py for tasks to queue
[2025-03-29T17:32:19.025+0000] {logging_mixin.py:190} INFO - [2025-03-29T17:32:19.024+0000] {dagbag.py:588} INFO - Filling up the DagBag from /home/airflow/.local/lib/python3.12/site-packages/airflow/example_dags/example_nested_branch_dag.py
[2025-03-29T17:32:19.031+0000] {processor.py:925} INFO - DAG(s) 'example_nested_branch_dag' retrieved from /home/airflow/.local/lib/python3.12/site-packages/airflow/example_dags/example_nested_branch_dag.py
[2025-03-29T17:32:19.044+0000] {logging_mixin.py:190} INFO - [2025-03-29T17:32:19.044+0000] {dag.py:3239} INFO - Sync 1 DAGs
[2025-03-29T17:32:19.059+0000] {logging_mixin.py:190} INFO - [2025-03-29T17:32:19.059+0000] {dag.py:4180} INFO - Setting next_dagrun for example_nested_branch_dag to 2025-03-28 00:00:00+00:00, run_after=2025-03-29 00:00:00+00:00
[2025-03-29T17:32:19.070+0000] {processor.py:208} INFO - Processing /home/airflow/.local/lib/python3.12/site-packages/airflow/example_dags/example_nested_branch_dag.py took 0.050 seconds
[2025-03-29T17:32:50.507+0000] {processor.py:186} INFO - Started process (PID=905) to work on /home/airflow/.local/lib/python3.12/site-packages/airflow/example_dags/example_nested_branch_dag.py
[2025-03-29T17:32:50.507+0000] {processor.py:914} INFO - Processing file /home/airflow/.local/lib/python3.12/site-packages/airflow/example_dags/example_nested_branch_dag.py for tasks to queue
[2025-03-29T17:32:50.509+0000] {logging_mixin.py:190} INFO - [2025-03-29T17:32:50.509+0000] {dagbag.py:588} INFO - Filling up the DagBag from /home/airflow/.local/lib/python3.12/site-packages/airflow/example_dags/example_nested_branch_dag.py
[2025-03-29T17:32:50.516+0000] {processor.py:925} INFO - DAG(s) 'example_nested_branch_dag' retrieved from /home/airflow/.local/lib/python3.12/site-packages/airflow/example_dags/example_nested_branch_dag.py
[2025-03-29T17:32:50.530+0000] {logging_mixin.py:190} INFO - [2025-03-29T17:32:50.530+0000] {dag.py:3239} INFO - Sync 1 DAGs
[2025-03-29T17:32:50.549+0000] {logging_mixin.py:190} INFO - [2025-03-29T17:32:50.549+0000] {dag.py:4180} INFO - Setting next_dagrun for example_nested_branch_dag to 2025-03-28 00:00:00+00:00, run_after=2025-03-29 00:00:00+00:00
[2025-03-29T17:32:50.561+0000] {processor.py:208} INFO - Processing /home/airflow/.local/lib/python3.12/site-packages/airflow/example_dags/example_nested_branch_dag.py took 0.058 seconds
[2025-03-29T17:33:20.970+0000] {processor.py:186} INFO - Started process (PID=968) to work on /home/airflow/.local/lib/python3.12/site-packages/airflow/example_dags/example_nested_branch_dag.py
[2025-03-29T17:33:20.970+0000] {processor.py:914} INFO - Processing file /home/airflow/.local/lib/python3.12/site-packages/airflow/example_dags/example_nested_branch_dag.py for tasks to queue
[2025-03-29T17:33:20.972+0000] {logging_mixin.py:190} INFO - [2025-03-29T17:33:20.971+0000] {dagbag.py:588} INFO - Filling up the DagBag from /home/airflow/.local/lib/python3.12/site-packages/airflow/example_dags/example_nested_branch_dag.py
[2025-03-29T17:33:20.979+0000] {processor.py:925} INFO - DAG(s) 'example_nested_branch_dag' retrieved from /home/airflow/.local/lib/python3.12/site-packages/airflow/example_dags/example_nested_branch_dag.py
[2025-03-29T17:33:20.992+0000] {logging_mixin.py:190} INFO - [2025-03-29T17:33:20.992+0000] {dag.py:3239} INFO - Sync 1 DAGs
[2025-03-29T17:33:21.008+0000] {logging_mixin.py:190} INFO - [2025-03-29T17:33:21.008+0000] {dag.py:4180} INFO - Setting next_dagrun for example_nested_branch_dag to 2025-03-28 00:00:00+00:00, run_after=2025-03-29 00:00:00+00:00
[2025-03-29T17:33:21.020+0000] {processor.py:208} INFO - Processing /home/airflow/.local/lib/python3.12/site-packages/airflow/example_dags/example_nested_branch_dag.py took 0.053 seconds
[2025-03-29T17:33:52.655+0000] {processor.py:186} INFO - Started process (PID=1031) to work on /home/airflow/.local/lib/python3.12/site-packages/airflow/example_dags/example_nested_branch_dag.py
[2025-03-29T17:33:52.656+0000] {processor.py:914} INFO - Processing file /home/airflow/.local/lib/python3.12/site-packages/airflow/example_dags/example_nested_branch_dag.py for tasks to queue
[2025-03-29T17:33:52.657+0000] {logging_mixin.py:190} INFO - [2025-03-29T17:33:52.657+0000] {dagbag.py:588} INFO - Filling up the DagBag from /home/airflow/.local/lib/python3.12/site-packages/airflow/example_dags/example_nested_branch_dag.py
[2025-03-29T17:33:52.665+0000] {processor.py:925} INFO - DAG(s) 'example_nested_branch_dag' retrieved from /home/airflow/.local/lib/python3.12/site-packages/airflow/example_dags/example_nested_branch_dag.py
[2025-03-29T17:33:52.679+0000] {logging_mixin.py:190} INFO - [2025-03-29T17:33:52.679+0000] {dag.py:3239} INFO - Sync 1 DAGs
[2025-03-29T17:33:52.698+0000] {logging_mixin.py:190} INFO - [2025-03-29T17:33:52.697+0000] {dag.py:4180} INFO - Setting next_dagrun for example_nested_branch_dag to 2025-03-28 00:00:00+00:00, run_after=2025-03-29 00:00:00+00:00
[2025-03-29T17:33:52.710+0000] {processor.py:208} INFO - Processing /home/airflow/.local/lib/python3.12/site-packages/airflow/example_dags/example_nested_branch_dag.py took 0.058 seconds
[2025-03-29T17:34:23.090+0000] {processor.py:186} INFO - Started process (PID=1094) to work on /home/airflow/.local/lib/python3.12/site-packages/airflow/example_dags/example_nested_branch_dag.py
[2025-03-29T17:34:23.091+0000] {processor.py:914} INFO - Processing file /home/airflow/.local/lib/python3.12/site-packages/airflow/example_dags/example_nested_branch_dag.py for tasks to queue
[2025-03-29T17:34:23.092+0000] {logging_mixin.py:190} INFO - [2025-03-29T17:34:23.092+0000] {dagbag.py:588} INFO - Filling up the DagBag from /home/airflow/.local/lib/python3.12/site-packages/airflow/example_dags/example_nested_branch_dag.py
[2025-03-29T17:34:23.100+0000] {processor.py:925} INFO - DAG(s) 'example_nested_branch_dag' retrieved from /home/airflow/.local/lib/python3.12/site-packages/airflow/example_dags/example_nested_branch_dag.py
[2025-03-29T17:34:23.115+0000] {logging_mixin.py:190} INFO - [2025-03-29T17:34:23.115+0000] {dag.py:3239} INFO - Sync 1 DAGs
[2025-03-29T17:34:23.133+0000] {logging_mixin.py:190} INFO - [2025-03-29T17:34:23.133+0000] {dag.py:4180} INFO - Setting next_dagrun for example_nested_branch_dag to 2025-03-28 00:00:00+00:00, run_after=2025-03-29 00:00:00+00:00
[2025-03-29T17:34:23.147+0000] {processor.py:208} INFO - Processing /home/airflow/.local/lib/python3.12/site-packages/airflow/example_dags/example_nested_branch_dag.py took 0.061 seconds
[2025-03-29T17:34:54.714+0000] {processor.py:186} INFO - Started process (PID=1157) to work on /home/airflow/.local/lib/python3.12/site-packages/airflow/example_dags/example_nested_branch_dag.py
[2025-03-29T17:34:54.715+0000] {processor.py:914} INFO - Processing file /home/airflow/.local/lib/python3.12/site-packages/airflow/example_dags/example_nested_branch_dag.py for tasks to queue
[2025-03-29T17:34:54.716+0000] {logging_mixin.py:190} INFO - [2025-03-29T17:34:54.716+0000] {dagbag.py:588} INFO - Filling up the DagBag from /home/airflow/.local/lib/python3.12/site-packages/airflow/example_dags/example_nested_branch_dag.py
[2025-03-29T17:34:54.724+0000] {processor.py:925} INFO - DAG(s) 'example_nested_branch_dag' retrieved from /home/airflow/.local/lib/python3.12/site-packages/airflow/example_dags/example_nested_branch_dag.py
[2025-03-29T17:34:54.739+0000] {logging_mixin.py:190} INFO - [2025-03-29T17:34:54.739+0000] {dag.py:3239} INFO - Sync 1 DAGs
[2025-03-29T17:34:54.758+0000] {logging_mixin.py:190} INFO - [2025-03-29T17:34:54.758+0000] {dag.py:4180} INFO - Setting next_dagrun for example_nested_branch_dag to 2025-03-28 00:00:00+00:00, run_after=2025-03-29 00:00:00+00:00
[2025-03-29T17:34:54.777+0000] {processor.py:208} INFO - Processing /home/airflow/.local/lib/python3.12/site-packages/airflow/example_dags/example_nested_branch_dag.py took 0.066 seconds
[2025-03-29T17:35:26.065+0000] {processor.py:186} INFO - Started process (PID=1220) to work on /home/airflow/.local/lib/python3.12/site-packages/airflow/example_dags/example_nested_branch_dag.py
[2025-03-29T17:35:26.066+0000] {processor.py:914} INFO - Processing file /home/airflow/.local/lib/python3.12/site-packages/airflow/example_dags/example_nested_branch_dag.py for tasks to queue
[2025-03-29T17:35:26.067+0000] {logging_mixin.py:190} INFO - [2025-03-29T17:35:26.067+0000] {dagbag.py:588} INFO - Filling up the DagBag from /home/airflow/.local/lib/python3.12/site-packages/airflow/example_dags/example_nested_branch_dag.py
[2025-03-29T17:35:26.075+0000] {processor.py:925} INFO - DAG(s) 'example_nested_branch_dag' retrieved from /home/airflow/.local/lib/python3.12/site-packages/airflow/example_dags/example_nested_branch_dag.py
[2025-03-29T17:35:26.089+0000] {logging_mixin.py:190} INFO - [2025-03-29T17:35:26.089+0000] {dag.py:3239} INFO - Sync 1 DAGs
[2025-03-29T17:35:26.108+0000] {logging_mixin.py:190} INFO - [2025-03-29T17:35:26.108+0000] {dag.py:4180} INFO - Setting next_dagrun for example_nested_branch_dag to 2025-03-28 00:00:00+00:00, run_after=2025-03-29 00:00:00+00:00
[2025-03-29T17:35:26.120+0000] {processor.py:208} INFO - Processing /home/airflow/.local/lib/python3.12/site-packages/airflow/example_dags/example_nested_branch_dag.py took 0.058 seconds
[2025-03-29T17:35:57.022+0000] {processor.py:186} INFO - Started process (PID=1283) to work on /home/airflow/.local/lib/python3.12/site-packages/airflow/example_dags/example_nested_branch_dag.py
[2025-03-29T17:35:57.022+0000] {processor.py:914} INFO - Processing file /home/airflow/.local/lib/python3.12/site-packages/airflow/example_dags/example_nested_branch_dag.py for tasks to queue
[2025-03-29T17:35:57.024+0000] {logging_mixin.py:190} INFO - [2025-03-29T17:35:57.023+0000] {dagbag.py:588} INFO - Filling up the DagBag from /home/airflow/.local/lib/python3.12/site-packages/airflow/example_dags/example_nested_branch_dag.py
[2025-03-29T17:35:57.031+0000] {processor.py:925} INFO - DAG(s) 'example_nested_branch_dag' retrieved from /home/airflow/.local/lib/python3.12/site-packages/airflow/example_dags/example_nested_branch_dag.py
[2025-03-29T17:35:57.045+0000] {logging_mixin.py:190} INFO - [2025-03-29T17:35:57.045+0000] {dag.py:3239} INFO - Sync 1 DAGs
[2025-03-29T17:35:57.062+0000] {logging_mixin.py:190} INFO - [2025-03-29T17:35:57.062+0000] {dag.py:4180} INFO - Setting next_dagrun for example_nested_branch_dag to 2025-03-28 00:00:00+00:00, run_after=2025-03-29 00:00:00+00:00
[2025-03-29T17:35:57.079+0000] {processor.py:208} INFO - Processing /home/airflow/.local/lib/python3.12/site-packages/airflow/example_dags/example_nested_branch_dag.py took 0.061 seconds
[2025-03-29T17:36:28.422+0000] {processor.py:186} INFO - Started process (PID=1346) to work on /home/airflow/.local/lib/python3.12/site-packages/airflow/example_dags/example_nested_branch_dag.py
[2025-03-29T17:36:28.423+0000] {processor.py:914} INFO - Processing file /home/airflow/.local/lib/python3.12/site-packages/airflow/example_dags/example_nested_branch_dag.py for tasks to queue
[2025-03-29T17:36:28.424+0000] {logging_mixin.py:190} INFO - [2025-03-29T17:36:28.424+0000] {dagbag.py:588} INFO - Filling up the DagBag from /home/airflow/.local/lib/python3.12/site-packages/airflow/example_dags/example_nested_branch_dag.py
[2025-03-29T17:36:28.431+0000] {processor.py:925} INFO - DAG(s) 'example_nested_branch_dag' retrieved from /home/airflow/.local/lib/python3.12/site-packages/airflow/example_dags/example_nested_branch_dag.py
[2025-03-29T17:36:28.444+0000] {logging_mixin.py:190} INFO - [2025-03-29T17:36:28.444+0000] {dag.py:3239} INFO - Sync 1 DAGs
[2025-03-29T17:36:28.461+0000] {logging_mixin.py:190} INFO - [2025-03-29T17:36:28.461+0000] {dag.py:4180} INFO - Setting next_dagrun for example_nested_branch_dag to 2025-03-28 00:00:00+00:00, run_after=2025-03-29 00:00:00+00:00
[2025-03-29T17:36:28.472+0000] {processor.py:208} INFO - Processing /home/airflow/.local/lib/python3.12/site-packages/airflow/example_dags/example_nested_branch_dag.py took 0.053 seconds
[2025-03-29T17:36:59.598+0000] {processor.py:186} INFO - Started process (PID=1409) to work on /home/airflow/.local/lib/python3.12/site-packages/airflow/example_dags/example_nested_branch_dag.py
[2025-03-29T17:36:59.599+0000] {processor.py:914} INFO - Processing file /home/airflow/.local/lib/python3.12/site-packages/airflow/example_dags/example_nested_branch_dag.py for tasks to queue
[2025-03-29T17:36:59.600+0000] {logging_mixin.py:190} INFO - [2025-03-29T17:36:59.600+0000] {dagbag.py:588} INFO - Filling up the DagBag from /home/airflow/.local/lib/python3.12/site-packages/airflow/example_dags/example_nested_branch_dag.py
[2025-03-29T17:36:59.607+0000] {processor.py:925} INFO - DAG(s) 'example_nested_branch_dag' retrieved from /home/airflow/.local/lib/python3.12/site-packages/airflow/example_dags/example_nested_branch_dag.py
[2025-03-29T17:36:59.621+0000] {logging_mixin.py:190} INFO - [2025-03-29T17:36:59.621+0000] {dag.py:3239} INFO - Sync 1 DAGs
[2025-03-29T17:36:59.637+0000] {logging_mixin.py:190} INFO - [2025-03-29T17:36:59.637+0000] {dag.py:4180} INFO - Setting next_dagrun for example_nested_branch_dag to 2025-03-28 00:00:00+00:00, run_after=2025-03-29 00:00:00+00:00
[2025-03-29T17:36:59.649+0000] {processor.py:208} INFO - Processing /home/airflow/.local/lib/python3.12/site-packages/airflow/example_dags/example_nested_branch_dag.py took 0.055 seconds
[2025-03-29T17:37:30.722+0000] {processor.py:186} INFO - Started process (PID=1472) to work on /home/airflow/.local/lib/python3.12/site-packages/airflow/example_dags/example_nested_branch_dag.py
[2025-03-29T17:37:30.722+0000] {processor.py:914} INFO - Processing file /home/airflow/.local/lib/python3.12/site-packages/airflow/example_dags/example_nested_branch_dag.py for tasks to queue
[2025-03-29T17:37:30.724+0000] {logging_mixin.py:190} INFO - [2025-03-29T17:37:30.723+0000] {dagbag.py:588} INFO - Filling up the DagBag from /home/airflow/.local/lib/python3.12/site-packages/airflow/example_dags/example_nested_branch_dag.py
[2025-03-29T17:37:30.731+0000] {processor.py:925} INFO - DAG(s) 'example_nested_branch_dag' retrieved from /home/airflow/.local/lib/python3.12/site-packages/airflow/example_dags/example_nested_branch_dag.py
[2025-03-29T17:37:30.745+0000] {logging_mixin.py:190} INFO - [2025-03-29T17:37:30.745+0000] {dag.py:3239} INFO - Sync 1 DAGs
[2025-03-29T17:37:30.760+0000] {logging_mixin.py:190} INFO - [2025-03-29T17:37:30.760+0000] {dag.py:4180} INFO - Setting next_dagrun for example_nested_branch_dag to 2025-03-28 00:00:00+00:00, run_after=2025-03-29 00:00:00+00:00
[2025-03-29T17:37:30.772+0000] {processor.py:208} INFO - Processing /home/airflow/.local/lib/python3.12/site-packages/airflow/example_dags/example_nested_branch_dag.py took 0.054 seconds
[2025-03-29T17:38:01.569+0000] {processor.py:186} INFO - Started process (PID=1535) to work on /home/airflow/.local/lib/python3.12/site-packages/airflow/example_dags/example_nested_branch_dag.py
[2025-03-29T17:38:01.569+0000] {processor.py:914} INFO - Processing file /home/airflow/.local/lib/python3.12/site-packages/airflow/example_dags/example_nested_branch_dag.py for tasks to queue
[2025-03-29T17:38:01.571+0000] {logging_mixin.py:190} INFO - [2025-03-29T17:38:01.570+0000] {dagbag.py:588} INFO - Filling up the DagBag from /home/airflow/.local/lib/python3.12/site-packages/airflow/example_dags/example_nested_branch_dag.py
[2025-03-29T17:38:01.579+0000] {processor.py:925} INFO - DAG(s) 'example_nested_branch_dag' retrieved from /home/airflow/.local/lib/python3.12/site-packages/airflow/example_dags/example_nested_branch_dag.py
[2025-03-29T17:38:01.593+0000] {logging_mixin.py:190} INFO - [2025-03-29T17:38:01.593+0000] {dag.py:3239} INFO - Sync 1 DAGs
[2025-03-29T17:38:01.611+0000] {logging_mixin.py:190} INFO - [2025-03-29T17:38:01.611+0000] {dag.py:4180} INFO - Setting next_dagrun for example_nested_branch_dag to 2025-03-28 00:00:00+00:00, run_after=2025-03-29 00:00:00+00:00
[2025-03-29T17:38:01.623+0000] {processor.py:208} INFO - Processing /home/airflow/.local/lib/python3.12/site-packages/airflow/example_dags/example_nested_branch_dag.py took 0.059 seconds
[2025-03-29T17:38:32.630+0000] {processor.py:186} INFO - Started process (PID=1598) to work on /home/airflow/.local/lib/python3.12/site-packages/airflow/example_dags/example_nested_branch_dag.py
[2025-03-29T17:38:32.631+0000] {processor.py:914} INFO - Processing file /home/airflow/.local/lib/python3.12/site-packages/airflow/example_dags/example_nested_branch_dag.py for tasks to queue
[2025-03-29T17:38:32.632+0000] {logging_mixin.py:190} INFO - [2025-03-29T17:38:32.632+0000] {dagbag.py:588} INFO - Filling up the DagBag from /home/airflow/.local/lib/python3.12/site-packages/airflow/example_dags/example_nested_branch_dag.py
[2025-03-29T17:38:32.640+0000] {processor.py:925} INFO - DAG(s) 'example_nested_branch_dag' retrieved from /home/airflow/.local/lib/python3.12/site-packages/airflow/example_dags/example_nested_branch_dag.py
[2025-03-29T17:38:32.653+0000] {logging_mixin.py:190} INFO - [2025-03-29T17:38:32.653+0000] {dag.py:3239} INFO - Sync 1 DAGs
[2025-03-29T17:38:32.669+0000] {logging_mixin.py:190} INFO - [2025-03-29T17:38:32.669+0000] {dag.py:4180} INFO - Setting next_dagrun for example_nested_branch_dag to 2025-03-28 00:00:00+00:00, run_after=2025-03-29 00:00:00+00:00
[2025-03-29T17:38:32.680+0000] {processor.py:208} INFO - Processing /home/airflow/.local/lib/python3.12/site-packages/airflow/example_dags/example_nested_branch_dag.py took 0.053 seconds
