[2025-03-29T17:15:47.766+0000] {processor.py:186} INFO - Started process (PID=66) to work on /home/airflow/.local/lib/python3.12/site-packages/airflow/example_dags/example_sla_dag.py
[2025-03-29T17:15:47.767+0000] {processor.py:914} INFO - Processing file /home/airflow/.local/lib/python3.12/site-packages/airflow/example_dags/example_sla_dag.py for tasks to queue
[2025-03-29T17:15:47.768+0000] {logging_mixin.py:190} INFO - [2025-03-29T17:15:47.768+0000] {dagbag.py:588} INFO - Filling up the DagBag from /home/airflow/.local/lib/python3.12/site-packages/airflow/example_dags/example_sla_dag.py
[2025-03-29T17:15:47.776+0000] {processor.py:925} INFO - DAG(s) 'example_sla_dag' retrieved from /home/airflow/.local/lib/python3.12/site-packages/airflow/example_dags/example_sla_dag.py
[2025-03-29T17:15:47.858+0000] {logging_mixin.py:190} INFO - [2025-03-29T17:15:47.857+0000] {override.py:1912} INFO - Created Permission View: can delete on DAG:example_sla_dag
[2025-03-29T17:15:47.864+0000] {logging_mixin.py:190} INFO - [2025-03-29T17:15:47.864+0000] {override.py:1912} INFO - Created Permission View: can edit on DAG:example_sla_dag
[2025-03-29T17:15:47.869+0000] {logging_mixin.py:190} INFO - [2025-03-29T17:15:47.869+0000] {override.py:1912} INFO - Created Permission View: can read on DAG:example_sla_dag
[2025-03-29T17:15:47.876+0000] {logging_mixin.py:190} INFO - [2025-03-29T17:15:47.876+0000] {override.py:1912} INFO - Created Permission View: can delete on DAG Run:example_sla_dag
[2025-03-29T17:15:47.881+0000] {logging_mixin.py:190} INFO - [2025-03-29T17:15:47.881+0000] {override.py:1912} INFO - Created Permission View: menu access on DAG Run:example_sla_dag
[2025-03-29T17:15:47.886+0000] {logging_mixin.py:190} INFO - [2025-03-29T17:15:47.886+0000] {override.py:1912} INFO - Created Permission View: can read on DAG Run:example_sla_dag
[2025-03-29T17:15:47.890+0000] {logging_mixin.py:190} INFO - [2025-03-29T17:15:47.890+0000] {override.py:1912} INFO - Created Permission View: can create on DAG Run:example_sla_dag
[2025-03-29T17:15:47.890+0000] {logging_mixin.py:190} INFO - [2025-03-29T17:15:47.890+0000] {dag.py:3239} INFO - Sync 1 DAGs
[2025-03-29T17:15:47.900+0000] {logging_mixin.py:190} INFO - [2025-03-29T17:15:47.900+0000] {dag.py:3262} INFO - Creating ORM DAG for example_sla_dag
[2025-03-29T17:15:47.908+0000] {logging_mixin.py:190} INFO - [2025-03-29T17:15:47.908+0000] {dag.py:4180} INFO - Setting next_dagrun for example_sla_dag to 2025-03-29 17:12:00+00:00, run_after=2025-03-29 17:14:00+00:00
[2025-03-29T17:15:47.918+0000] {processor.py:208} INFO - Processing /home/airflow/.local/lib/python3.12/site-packages/airflow/example_dags/example_sla_dag.py took 0.156 seconds
[2025-03-29T17:16:18.568+0000] {processor.py:186} INFO - Started process (PID=129) to work on /home/airflow/.local/lib/python3.12/site-packages/airflow/example_dags/example_sla_dag.py
[2025-03-29T17:16:18.569+0000] {processor.py:914} INFO - Processing file /home/airflow/.local/lib/python3.12/site-packages/airflow/example_dags/example_sla_dag.py for tasks to queue
[2025-03-29T17:16:18.572+0000] {logging_mixin.py:190} INFO - [2025-03-29T17:16:18.572+0000] {dagbag.py:588} INFO - Filling up the DagBag from /home/airflow/.local/lib/python3.12/site-packages/airflow/example_dags/example_sla_dag.py
[2025-03-29T17:16:18.581+0000] {processor.py:925} INFO - DAG(s) 'example_sla_dag' retrieved from /home/airflow/.local/lib/python3.12/site-packages/airflow/example_dags/example_sla_dag.py
[2025-03-29T17:16:18.599+0000] {logging_mixin.py:190} INFO - [2025-03-29T17:16:18.598+0000] {dag.py:3239} INFO - Sync 1 DAGs
[2025-03-29T17:16:18.629+0000] {logging_mixin.py:190} INFO - [2025-03-29T17:16:18.629+0000] {dag.py:4180} INFO - Setting next_dagrun for example_sla_dag to 2025-03-29 17:14:00+00:00, run_after=2025-03-29 17:16:00+00:00
[2025-03-29T17:16:18.649+0000] {processor.py:208} INFO - Processing /home/airflow/.local/lib/python3.12/site-packages/airflow/example_dags/example_sla_dag.py took 0.085 seconds
[2025-03-29T17:16:49.457+0000] {processor.py:186} INFO - Started process (PID=192) to work on /home/airflow/.local/lib/python3.12/site-packages/airflow/example_dags/example_sla_dag.py
[2025-03-29T17:16:49.457+0000] {processor.py:914} INFO - Processing file /home/airflow/.local/lib/python3.12/site-packages/airflow/example_dags/example_sla_dag.py for tasks to queue
[2025-03-29T17:16:49.459+0000] {logging_mixin.py:190} INFO - [2025-03-29T17:16:49.459+0000] {dagbag.py:588} INFO - Filling up the DagBag from /home/airflow/.local/lib/python3.12/site-packages/airflow/example_dags/example_sla_dag.py
[2025-03-29T17:16:49.471+0000] {processor.py:925} INFO - DAG(s) 'example_sla_dag' retrieved from /home/airflow/.local/lib/python3.12/site-packages/airflow/example_dags/example_sla_dag.py
[2025-03-29T17:16:49.487+0000] {logging_mixin.py:190} INFO - [2025-03-29T17:16:49.487+0000] {dag.py:3239} INFO - Sync 1 DAGs
[2025-03-29T17:16:49.508+0000] {logging_mixin.py:190} INFO - [2025-03-29T17:16:49.508+0000] {dag.py:4180} INFO - Setting next_dagrun for example_sla_dag to 2025-03-29 17:14:00+00:00, run_after=2025-03-29 17:16:00+00:00
[2025-03-29T17:16:49.525+0000] {processor.py:208} INFO - Processing /home/airflow/.local/lib/python3.12/site-packages/airflow/example_dags/example_sla_dag.py took 0.074 seconds
[2025-03-29T17:17:19.799+0000] {processor.py:186} INFO - Started process (PID=255) to work on /home/airflow/.local/lib/python3.12/site-packages/airflow/example_dags/example_sla_dag.py
[2025-03-29T17:17:19.799+0000] {processor.py:914} INFO - Processing file /home/airflow/.local/lib/python3.12/site-packages/airflow/example_dags/example_sla_dag.py for tasks to queue
[2025-03-29T17:17:19.800+0000] {logging_mixin.py:190} INFO - [2025-03-29T17:17:19.800+0000] {dagbag.py:588} INFO - Filling up the DagBag from /home/airflow/.local/lib/python3.12/site-packages/airflow/example_dags/example_sla_dag.py
[2025-03-29T17:17:19.807+0000] {processor.py:925} INFO - DAG(s) 'example_sla_dag' retrieved from /home/airflow/.local/lib/python3.12/site-packages/airflow/example_dags/example_sla_dag.py
[2025-03-29T17:17:19.819+0000] {logging_mixin.py:190} INFO - [2025-03-29T17:17:19.819+0000] {dag.py:3239} INFO - Sync 1 DAGs
[2025-03-29T17:17:19.836+0000] {logging_mixin.py:190} INFO - [2025-03-29T17:17:19.836+0000] {dag.py:4180} INFO - Setting next_dagrun for example_sla_dag to 2025-03-29 17:14:00+00:00, run_after=2025-03-29 17:16:00+00:00
[2025-03-29T17:17:19.847+0000] {processor.py:208} INFO - Processing /home/airflow/.local/lib/python3.12/site-packages/airflow/example_dags/example_sla_dag.py took 0.052 seconds
[2025-03-29T17:17:51.199+0000] {processor.py:186} INFO - Started process (PID=318) to work on /home/airflow/.local/lib/python3.12/site-packages/airflow/example_dags/example_sla_dag.py
[2025-03-29T17:17:51.199+0000] {processor.py:914} INFO - Processing file /home/airflow/.local/lib/python3.12/site-packages/airflow/example_dags/example_sla_dag.py for tasks to queue
[2025-03-29T17:17:51.200+0000] {logging_mixin.py:190} INFO - [2025-03-29T17:17:51.200+0000] {dagbag.py:588} INFO - Filling up the DagBag from /home/airflow/.local/lib/python3.12/site-packages/airflow/example_dags/example_sla_dag.py
[2025-03-29T17:17:51.207+0000] {processor.py:925} INFO - DAG(s) 'example_sla_dag' retrieved from /home/airflow/.local/lib/python3.12/site-packages/airflow/example_dags/example_sla_dag.py
[2025-03-29T17:17:51.218+0000] {logging_mixin.py:190} INFO - [2025-03-29T17:17:51.218+0000] {dag.py:3239} INFO - Sync 1 DAGs
[2025-03-29T17:17:51.235+0000] {logging_mixin.py:190} INFO - [2025-03-29T17:17:51.235+0000] {dag.py:4180} INFO - Setting next_dagrun for example_sla_dag to 2025-03-29 17:14:00+00:00, run_after=2025-03-29 17:16:00+00:00
[2025-03-29T17:17:51.247+0000] {processor.py:208} INFO - Processing /home/airflow/.local/lib/python3.12/site-packages/airflow/example_dags/example_sla_dag.py took 0.052 seconds
[2025-03-29T17:18:22.648+0000] {processor.py:186} INFO - Started process (PID=381) to work on /home/airflow/.local/lib/python3.12/site-packages/airflow/example_dags/example_sla_dag.py
[2025-03-29T17:18:22.648+0000] {processor.py:914} INFO - Processing file /home/airflow/.local/lib/python3.12/site-packages/airflow/example_dags/example_sla_dag.py for tasks to queue
[2025-03-29T17:18:22.649+0000] {logging_mixin.py:190} INFO - [2025-03-29T17:18:22.649+0000] {dagbag.py:588} INFO - Filling up the DagBag from /home/airflow/.local/lib/python3.12/site-packages/airflow/example_dags/example_sla_dag.py
[2025-03-29T17:18:22.656+0000] {processor.py:925} INFO - DAG(s) 'example_sla_dag' retrieved from /home/airflow/.local/lib/python3.12/site-packages/airflow/example_dags/example_sla_dag.py
[2025-03-29T17:18:22.669+0000] {logging_mixin.py:190} INFO - [2025-03-29T17:18:22.669+0000] {dag.py:3239} INFO - Sync 1 DAGs
[2025-03-29T17:18:22.686+0000] {logging_mixin.py:190} INFO - [2025-03-29T17:18:22.686+0000] {dag.py:4180} INFO - Setting next_dagrun for example_sla_dag to 2025-03-29 17:16:00+00:00, run_after=2025-03-29 17:18:00+00:00
[2025-03-29T17:18:22.698+0000] {processor.py:208} INFO - Processing /home/airflow/.local/lib/python3.12/site-packages/airflow/example_dags/example_sla_dag.py took 0.054 seconds
[2025-03-29T17:18:53.300+0000] {processor.py:186} INFO - Started process (PID=444) to work on /home/airflow/.local/lib/python3.12/site-packages/airflow/example_dags/example_sla_dag.py
[2025-03-29T17:18:53.300+0000] {processor.py:914} INFO - Processing file /home/airflow/.local/lib/python3.12/site-packages/airflow/example_dags/example_sla_dag.py for tasks to queue
[2025-03-29T17:18:53.301+0000] {logging_mixin.py:190} INFO - [2025-03-29T17:18:53.301+0000] {dagbag.py:588} INFO - Filling up the DagBag from /home/airflow/.local/lib/python3.12/site-packages/airflow/example_dags/example_sla_dag.py
[2025-03-29T17:18:53.307+0000] {processor.py:925} INFO - DAG(s) 'example_sla_dag' retrieved from /home/airflow/.local/lib/python3.12/site-packages/airflow/example_dags/example_sla_dag.py
[2025-03-29T17:18:53.318+0000] {logging_mixin.py:190} INFO - [2025-03-29T17:18:53.318+0000] {dag.py:3239} INFO - Sync 1 DAGs
[2025-03-29T17:18:53.334+0000] {logging_mixin.py:190} INFO - [2025-03-29T17:18:53.334+0000] {dag.py:4180} INFO - Setting next_dagrun for example_sla_dag to 2025-03-29 17:16:00+00:00, run_after=2025-03-29 17:18:00+00:00
[2025-03-29T17:18:53.346+0000] {processor.py:208} INFO - Processing /home/airflow/.local/lib/python3.12/site-packages/airflow/example_dags/example_sla_dag.py took 0.050 seconds
[2025-03-29T17:19:24.715+0000] {processor.py:186} INFO - Started process (PID=507) to work on /home/airflow/.local/lib/python3.12/site-packages/airflow/example_dags/example_sla_dag.py
[2025-03-29T17:19:24.716+0000] {processor.py:914} INFO - Processing file /home/airflow/.local/lib/python3.12/site-packages/airflow/example_dags/example_sla_dag.py for tasks to queue
[2025-03-29T17:19:24.717+0000] {logging_mixin.py:190} INFO - [2025-03-29T17:19:24.717+0000] {dagbag.py:588} INFO - Filling up the DagBag from /home/airflow/.local/lib/python3.12/site-packages/airflow/example_dags/example_sla_dag.py
[2025-03-29T17:19:24.723+0000] {processor.py:925} INFO - DAG(s) 'example_sla_dag' retrieved from /home/airflow/.local/lib/python3.12/site-packages/airflow/example_dags/example_sla_dag.py
[2025-03-29T17:19:24.734+0000] {logging_mixin.py:190} INFO - [2025-03-29T17:19:24.734+0000] {dag.py:3239} INFO - Sync 1 DAGs
[2025-03-29T17:19:24.750+0000] {logging_mixin.py:190} INFO - [2025-03-29T17:19:24.750+0000] {dag.py:4180} INFO - Setting next_dagrun for example_sla_dag to 2025-03-29 17:16:00+00:00, run_after=2025-03-29 17:18:00+00:00
[2025-03-29T17:19:24.761+0000] {processor.py:208} INFO - Processing /home/airflow/.local/lib/python3.12/site-packages/airflow/example_dags/example_sla_dag.py took 0.049 seconds
[2025-03-29T17:19:56.253+0000] {processor.py:186} INFO - Started process (PID=570) to work on /home/airflow/.local/lib/python3.12/site-packages/airflow/example_dags/example_sla_dag.py
[2025-03-29T17:19:56.254+0000] {processor.py:914} INFO - Processing file /home/airflow/.local/lib/python3.12/site-packages/airflow/example_dags/example_sla_dag.py for tasks to queue
[2025-03-29T17:19:56.255+0000] {logging_mixin.py:190} INFO - [2025-03-29T17:19:56.255+0000] {dagbag.py:588} INFO - Filling up the DagBag from /home/airflow/.local/lib/python3.12/site-packages/airflow/example_dags/example_sla_dag.py
[2025-03-29T17:19:56.263+0000] {processor.py:925} INFO - DAG(s) 'example_sla_dag' retrieved from /home/airflow/.local/lib/python3.12/site-packages/airflow/example_dags/example_sla_dag.py
[2025-03-29T17:19:56.275+0000] {logging_mixin.py:190} INFO - [2025-03-29T17:19:56.275+0000] {dag.py:3239} INFO - Sync 1 DAGs
[2025-03-29T17:19:56.293+0000] {logging_mixin.py:190} INFO - [2025-03-29T17:19:56.293+0000] {dag.py:4180} INFO - Setting next_dagrun for example_sla_dag to 2025-03-29 17:16:00+00:00, run_after=2025-03-29 17:18:00+00:00
[2025-03-29T17:19:56.305+0000] {processor.py:208} INFO - Processing /home/airflow/.local/lib/python3.12/site-packages/airflow/example_dags/example_sla_dag.py took 0.055 seconds
[2025-03-29T17:20:26.634+0000] {processor.py:186} INFO - Started process (PID=633) to work on /home/airflow/.local/lib/python3.12/site-packages/airflow/example_dags/example_sla_dag.py
[2025-03-29T17:20:26.635+0000] {processor.py:914} INFO - Processing file /home/airflow/.local/lib/python3.12/site-packages/airflow/example_dags/example_sla_dag.py for tasks to queue
[2025-03-29T17:20:26.636+0000] {logging_mixin.py:190} INFO - [2025-03-29T17:20:26.636+0000] {dagbag.py:588} INFO - Filling up the DagBag from /home/airflow/.local/lib/python3.12/site-packages/airflow/example_dags/example_sla_dag.py
[2025-03-29T17:20:26.644+0000] {processor.py:925} INFO - DAG(s) 'example_sla_dag' retrieved from /home/airflow/.local/lib/python3.12/site-packages/airflow/example_dags/example_sla_dag.py
[2025-03-29T17:20:26.656+0000] {logging_mixin.py:190} INFO - [2025-03-29T17:20:26.656+0000] {dag.py:3239} INFO - Sync 1 DAGs
[2025-03-29T17:20:26.675+0000] {logging_mixin.py:190} INFO - [2025-03-29T17:20:26.675+0000] {dag.py:4180} INFO - Setting next_dagrun for example_sla_dag to 2025-03-29 17:18:00+00:00, run_after=2025-03-29 17:20:00+00:00
[2025-03-29T17:20:26.687+0000] {processor.py:208} INFO - Processing /home/airflow/.local/lib/python3.12/site-packages/airflow/example_dags/example_sla_dag.py took 0.057 seconds
[2025-03-29T17:20:58.162+0000] {processor.py:186} INFO - Started process (PID=702) to work on /home/airflow/.local/lib/python3.12/site-packages/airflow/example_dags/example_sla_dag.py
[2025-03-29T17:20:58.163+0000] {processor.py:914} INFO - Processing file /home/airflow/.local/lib/python3.12/site-packages/airflow/example_dags/example_sla_dag.py for tasks to queue
[2025-03-29T17:20:58.167+0000] {logging_mixin.py:190} INFO - [2025-03-29T17:20:58.166+0000] {dagbag.py:588} INFO - Filling up the DagBag from /home/airflow/.local/lib/python3.12/site-packages/airflow/example_dags/example_sla_dag.py
[2025-03-29T17:20:58.176+0000] {processor.py:925} INFO - DAG(s) 'example_sla_dag' retrieved from /home/airflow/.local/lib/python3.12/site-packages/airflow/example_dags/example_sla_dag.py
[2025-03-29T17:20:58.191+0000] {logging_mixin.py:190} INFO - [2025-03-29T17:20:58.191+0000] {dag.py:3239} INFO - Sync 1 DAGs
[2025-03-29T17:20:58.217+0000] {logging_mixin.py:190} INFO - [2025-03-29T17:20:58.217+0000] {dag.py:4180} INFO - Setting next_dagrun for example_sla_dag to 2025-03-29 17:18:00+00:00, run_after=2025-03-29 17:20:00+00:00
[2025-03-29T17:20:58.231+0000] {processor.py:208} INFO - Processing /home/airflow/.local/lib/python3.12/site-packages/airflow/example_dags/example_sla_dag.py took 0.074 seconds
[2025-03-29T17:21:28.629+0000] {processor.py:186} INFO - Started process (PID=765) to work on /home/airflow/.local/lib/python3.12/site-packages/airflow/example_dags/example_sla_dag.py
[2025-03-29T17:21:28.630+0000] {processor.py:914} INFO - Processing file /home/airflow/.local/lib/python3.12/site-packages/airflow/example_dags/example_sla_dag.py for tasks to queue
[2025-03-29T17:21:28.631+0000] {logging_mixin.py:190} INFO - [2025-03-29T17:21:28.631+0000] {dagbag.py:588} INFO - Filling up the DagBag from /home/airflow/.local/lib/python3.12/site-packages/airflow/example_dags/example_sla_dag.py
[2025-03-29T17:21:28.638+0000] {processor.py:925} INFO - DAG(s) 'example_sla_dag' retrieved from /home/airflow/.local/lib/python3.12/site-packages/airflow/example_dags/example_sla_dag.py
[2025-03-29T17:21:28.650+0000] {logging_mixin.py:190} INFO - [2025-03-29T17:21:28.649+0000] {dag.py:3239} INFO - Sync 1 DAGs
[2025-03-29T17:21:28.668+0000] {logging_mixin.py:190} INFO - [2025-03-29T17:21:28.668+0000] {dag.py:4180} INFO - Setting next_dagrun for example_sla_dag to 2025-03-29 17:18:00+00:00, run_after=2025-03-29 17:20:00+00:00
[2025-03-29T17:21:28.679+0000] {processor.py:208} INFO - Processing /home/airflow/.local/lib/python3.12/site-packages/airflow/example_dags/example_sla_dag.py took 0.053 seconds
[2025-03-29T17:21:59.939+0000] {processor.py:186} INFO - Started process (PID=828) to work on /home/airflow/.local/lib/python3.12/site-packages/airflow/example_dags/example_sla_dag.py
[2025-03-29T17:21:59.940+0000] {processor.py:914} INFO - Processing file /home/airflow/.local/lib/python3.12/site-packages/airflow/example_dags/example_sla_dag.py for tasks to queue
[2025-03-29T17:21:59.941+0000] {logging_mixin.py:190} INFO - [2025-03-29T17:21:59.941+0000] {dagbag.py:588} INFO - Filling up the DagBag from /home/airflow/.local/lib/python3.12/site-packages/airflow/example_dags/example_sla_dag.py
[2025-03-29T17:21:59.947+0000] {processor.py:925} INFO - DAG(s) 'example_sla_dag' retrieved from /home/airflow/.local/lib/python3.12/site-packages/airflow/example_dags/example_sla_dag.py
[2025-03-29T17:21:59.962+0000] {logging_mixin.py:190} INFO - [2025-03-29T17:21:59.961+0000] {dag.py:3239} INFO - Sync 1 DAGs
[2025-03-29T17:21:59.980+0000] {logging_mixin.py:190} INFO - [2025-03-29T17:21:59.980+0000] {dag.py:4180} INFO - Setting next_dagrun for example_sla_dag to 2025-03-29 17:18:00+00:00, run_after=2025-03-29 17:20:00+00:00
[2025-03-29T17:21:59.994+0000] {processor.py:208} INFO - Processing /home/airflow/.local/lib/python3.12/site-packages/airflow/example_dags/example_sla_dag.py took 0.059 seconds
[2025-03-29T17:22:31.512+0000] {processor.py:186} INFO - Started process (PID=891) to work on /home/airflow/.local/lib/python3.12/site-packages/airflow/example_dags/example_sla_dag.py
[2025-03-29T17:22:31.513+0000] {processor.py:914} INFO - Processing file /home/airflow/.local/lib/python3.12/site-packages/airflow/example_dags/example_sla_dag.py for tasks to queue
[2025-03-29T17:22:31.514+0000] {logging_mixin.py:190} INFO - [2025-03-29T17:22:31.514+0000] {dagbag.py:588} INFO - Filling up the DagBag from /home/airflow/.local/lib/python3.12/site-packages/airflow/example_dags/example_sla_dag.py
[2025-03-29T17:22:31.520+0000] {processor.py:925} INFO - DAG(s) 'example_sla_dag' retrieved from /home/airflow/.local/lib/python3.12/site-packages/airflow/example_dags/example_sla_dag.py
[2025-03-29T17:22:31.532+0000] {logging_mixin.py:190} INFO - [2025-03-29T17:22:31.531+0000] {dag.py:3239} INFO - Sync 1 DAGs
[2025-03-29T17:22:31.549+0000] {logging_mixin.py:190} INFO - [2025-03-29T17:22:31.549+0000] {dag.py:4180} INFO - Setting next_dagrun for example_sla_dag to 2025-03-29 17:20:00+00:00, run_after=2025-03-29 17:22:00+00:00
[2025-03-29T17:22:31.561+0000] {processor.py:208} INFO - Processing /home/airflow/.local/lib/python3.12/site-packages/airflow/example_dags/example_sla_dag.py took 0.053 seconds
[2025-03-29T17:23:02.134+0000] {processor.py:186} INFO - Started process (PID=954) to work on /home/airflow/.local/lib/python3.12/site-packages/airflow/example_dags/example_sla_dag.py
[2025-03-29T17:23:02.135+0000] {processor.py:914} INFO - Processing file /home/airflow/.local/lib/python3.12/site-packages/airflow/example_dags/example_sla_dag.py for tasks to queue
[2025-03-29T17:23:02.136+0000] {logging_mixin.py:190} INFO - [2025-03-29T17:23:02.136+0000] {dagbag.py:588} INFO - Filling up the DagBag from /home/airflow/.local/lib/python3.12/site-packages/airflow/example_dags/example_sla_dag.py
[2025-03-29T17:23:02.142+0000] {processor.py:925} INFO - DAG(s) 'example_sla_dag' retrieved from /home/airflow/.local/lib/python3.12/site-packages/airflow/example_dags/example_sla_dag.py
[2025-03-29T17:23:02.153+0000] {logging_mixin.py:190} INFO - [2025-03-29T17:23:02.152+0000] {dag.py:3239} INFO - Sync 1 DAGs
[2025-03-29T17:23:02.169+0000] {logging_mixin.py:190} INFO - [2025-03-29T17:23:02.169+0000] {dag.py:4180} INFO - Setting next_dagrun for example_sla_dag to 2025-03-29 17:20:00+00:00, run_after=2025-03-29 17:22:00+00:00
[2025-03-29T17:23:02.180+0000] {processor.py:208} INFO - Processing /home/airflow/.local/lib/python3.12/site-packages/airflow/example_dags/example_sla_dag.py took 0.049 seconds
[2025-03-29T17:26:08.299+0000] {processor.py:186} INFO - Started process (PID=66) to work on /home/airflow/.local/lib/python3.12/site-packages/airflow/example_dags/example_sla_dag.py
[2025-03-29T17:26:08.299+0000] {processor.py:914} INFO - Processing file /home/airflow/.local/lib/python3.12/site-packages/airflow/example_dags/example_sla_dag.py for tasks to queue
[2025-03-29T17:26:08.301+0000] {logging_mixin.py:190} INFO - [2025-03-29T17:26:08.301+0000] {dagbag.py:588} INFO - Filling up the DagBag from /home/airflow/.local/lib/python3.12/site-packages/airflow/example_dags/example_sla_dag.py
[2025-03-29T17:26:08.317+0000] {processor.py:925} INFO - DAG(s) 'example_sla_dag' retrieved from /home/airflow/.local/lib/python3.12/site-packages/airflow/example_dags/example_sla_dag.py
[2025-03-29T17:26:08.432+0000] {logging_mixin.py:190} INFO - [2025-03-29T17:26:08.431+0000] {override.py:1912} INFO - Created Permission View: can delete on DAG:example_sla_dag
[2025-03-29T17:26:08.444+0000] {logging_mixin.py:190} INFO - [2025-03-29T17:26:08.444+0000] {override.py:1912} INFO - Created Permission View: can read on DAG:example_sla_dag
[2025-03-29T17:26:08.451+0000] {logging_mixin.py:190} INFO - [2025-03-29T17:26:08.451+0000] {override.py:1912} INFO - Created Permission View: can edit on DAG:example_sla_dag
[2025-03-29T17:26:08.459+0000] {logging_mixin.py:190} INFO - [2025-03-29T17:26:08.459+0000] {override.py:1912} INFO - Created Permission View: can delete on DAG Run:example_sla_dag
[2025-03-29T17:26:08.467+0000] {logging_mixin.py:190} INFO - [2025-03-29T17:26:08.466+0000] {override.py:1912} INFO - Created Permission View: can read on DAG Run:example_sla_dag
[2025-03-29T17:26:08.474+0000] {logging_mixin.py:190} INFO - [2025-03-29T17:26:08.474+0000] {override.py:1912} INFO - Created Permission View: can create on DAG Run:example_sla_dag
[2025-03-29T17:26:08.481+0000] {logging_mixin.py:190} INFO - [2025-03-29T17:26:08.481+0000] {override.py:1912} INFO - Created Permission View: menu access on DAG Run:example_sla_dag
[2025-03-29T17:26:08.481+0000] {logging_mixin.py:190} INFO - [2025-03-29T17:26:08.481+0000] {dag.py:3239} INFO - Sync 1 DAGs
[2025-03-29T17:26:08.493+0000] {logging_mixin.py:190} INFO - [2025-03-29T17:26:08.493+0000] {dag.py:3262} INFO - Creating ORM DAG for example_sla_dag
[2025-03-29T17:26:08.503+0000] {logging_mixin.py:190} INFO - [2025-03-29T17:26:08.503+0000] {dag.py:4180} INFO - Setting next_dagrun for example_sla_dag to 2025-03-29 17:24:00+00:00, run_after=2025-03-29 17:26:00+00:00
[2025-03-29T17:26:08.515+0000] {processor.py:208} INFO - Processing /home/airflow/.local/lib/python3.12/site-packages/airflow/example_dags/example_sla_dag.py took 0.220 seconds
[2025-03-29T17:26:39.428+0000] {processor.py:186} INFO - Started process (PID=129) to work on /home/airflow/.local/lib/python3.12/site-packages/airflow/example_dags/example_sla_dag.py
[2025-03-29T17:26:39.429+0000] {processor.py:914} INFO - Processing file /home/airflow/.local/lib/python3.12/site-packages/airflow/example_dags/example_sla_dag.py for tasks to queue
[2025-03-29T17:26:39.432+0000] {logging_mixin.py:190} INFO - [2025-03-29T17:26:39.432+0000] {dagbag.py:588} INFO - Filling up the DagBag from /home/airflow/.local/lib/python3.12/site-packages/airflow/example_dags/example_sla_dag.py
[2025-03-29T17:26:39.442+0000] {processor.py:925} INFO - DAG(s) 'example_sla_dag' retrieved from /home/airflow/.local/lib/python3.12/site-packages/airflow/example_dags/example_sla_dag.py
[2025-03-29T17:26:39.455+0000] {logging_mixin.py:190} INFO - [2025-03-29T17:26:39.455+0000] {dag.py:3239} INFO - Sync 1 DAGs
[2025-03-29T17:26:39.473+0000] {logging_mixin.py:190} INFO - [2025-03-29T17:26:39.473+0000] {dag.py:4180} INFO - Setting next_dagrun for example_sla_dag to 2025-03-29 17:24:00+00:00, run_after=2025-03-29 17:26:00+00:00
[2025-03-29T17:26:39.487+0000] {processor.py:208} INFO - Processing /home/airflow/.local/lib/python3.12/site-packages/airflow/example_dags/example_sla_dag.py took 0.072 seconds
[2025-03-29T17:27:10.292+0000] {processor.py:186} INFO - Started process (PID=192) to work on /home/airflow/.local/lib/python3.12/site-packages/airflow/example_dags/example_sla_dag.py
[2025-03-29T17:27:10.294+0000] {processor.py:914} INFO - Processing file /home/airflow/.local/lib/python3.12/site-packages/airflow/example_dags/example_sla_dag.py for tasks to queue
[2025-03-29T17:27:10.296+0000] {logging_mixin.py:190} INFO - [2025-03-29T17:27:10.296+0000] {dagbag.py:588} INFO - Filling up the DagBag from /home/airflow/.local/lib/python3.12/site-packages/airflow/example_dags/example_sla_dag.py
[2025-03-29T17:27:10.304+0000] {processor.py:925} INFO - DAG(s) 'example_sla_dag' retrieved from /home/airflow/.local/lib/python3.12/site-packages/airflow/example_dags/example_sla_dag.py
[2025-03-29T17:27:10.317+0000] {logging_mixin.py:190} INFO - [2025-03-29T17:27:10.317+0000] {dag.py:3239} INFO - Sync 1 DAGs
[2025-03-29T17:27:10.335+0000] {logging_mixin.py:190} INFO - [2025-03-29T17:27:10.335+0000] {dag.py:4180} INFO - Setting next_dagrun for example_sla_dag to 2025-03-29 17:24:00+00:00, run_after=2025-03-29 17:26:00+00:00
[2025-03-29T17:27:10.350+0000] {processor.py:208} INFO - Processing /home/airflow/.local/lib/python3.12/site-packages/airflow/example_dags/example_sla_dag.py took 0.062 seconds
[2025-03-29T17:27:40.786+0000] {processor.py:186} INFO - Started process (PID=255) to work on /home/airflow/.local/lib/python3.12/site-packages/airflow/example_dags/example_sla_dag.py
[2025-03-29T17:27:40.787+0000] {processor.py:914} INFO - Processing file /home/airflow/.local/lib/python3.12/site-packages/airflow/example_dags/example_sla_dag.py for tasks to queue
[2025-03-29T17:27:40.788+0000] {logging_mixin.py:190} INFO - [2025-03-29T17:27:40.788+0000] {dagbag.py:588} INFO - Filling up the DagBag from /home/airflow/.local/lib/python3.12/site-packages/airflow/example_dags/example_sla_dag.py
[2025-03-29T17:27:40.795+0000] {processor.py:925} INFO - DAG(s) 'example_sla_dag' retrieved from /home/airflow/.local/lib/python3.12/site-packages/airflow/example_dags/example_sla_dag.py
[2025-03-29T17:27:40.808+0000] {logging_mixin.py:190} INFO - [2025-03-29T17:27:40.808+0000] {dag.py:3239} INFO - Sync 1 DAGs
[2025-03-29T17:27:40.824+0000] {logging_mixin.py:190} INFO - [2025-03-29T17:27:40.824+0000] {dag.py:4180} INFO - Setting next_dagrun for example_sla_dag to 2025-03-29 17:24:00+00:00, run_after=2025-03-29 17:26:00+00:00
[2025-03-29T17:27:40.853+0000] {processor.py:208} INFO - Processing /home/airflow/.local/lib/python3.12/site-packages/airflow/example_dags/example_sla_dag.py took 0.070 seconds
[2025-03-29T17:28:11.032+0000] {processor.py:186} INFO - Started process (PID=318) to work on /home/airflow/.local/lib/python3.12/site-packages/airflow/example_dags/example_sla_dag.py
[2025-03-29T17:28:11.039+0000] {processor.py:914} INFO - Processing file /home/airflow/.local/lib/python3.12/site-packages/airflow/example_dags/example_sla_dag.py for tasks to queue
[2025-03-29T17:28:11.040+0000] {logging_mixin.py:190} INFO - [2025-03-29T17:28:11.040+0000] {dagbag.py:588} INFO - Filling up the DagBag from /home/airflow/.local/lib/python3.12/site-packages/airflow/example_dags/example_sla_dag.py
[2025-03-29T17:28:11.047+0000] {processor.py:925} INFO - DAG(s) 'example_sla_dag' retrieved from /home/airflow/.local/lib/python3.12/site-packages/airflow/example_dags/example_sla_dag.py
[2025-03-29T17:28:11.058+0000] {logging_mixin.py:190} INFO - [2025-03-29T17:28:11.058+0000] {dag.py:3239} INFO - Sync 1 DAGs
[2025-03-29T17:28:11.074+0000] {logging_mixin.py:190} INFO - [2025-03-29T17:28:11.074+0000] {dag.py:4180} INFO - Setting next_dagrun for example_sla_dag to 2025-03-29 17:26:00+00:00, run_after=2025-03-29 17:28:00+00:00
[2025-03-29T17:28:11.087+0000] {processor.py:208} INFO - Processing /home/airflow/.local/lib/python3.12/site-packages/airflow/example_dags/example_sla_dag.py took 0.059 seconds
[2025-03-29T17:28:41.558+0000] {processor.py:186} INFO - Started process (PID=381) to work on /home/airflow/.local/lib/python3.12/site-packages/airflow/example_dags/example_sla_dag.py
[2025-03-29T17:28:41.560+0000] {processor.py:914} INFO - Processing file /home/airflow/.local/lib/python3.12/site-packages/airflow/example_dags/example_sla_dag.py for tasks to queue
[2025-03-29T17:28:41.561+0000] {logging_mixin.py:190} INFO - [2025-03-29T17:28:41.561+0000] {dagbag.py:588} INFO - Filling up the DagBag from /home/airflow/.local/lib/python3.12/site-packages/airflow/example_dags/example_sla_dag.py
[2025-03-29T17:28:41.568+0000] {processor.py:925} INFO - DAG(s) 'example_sla_dag' retrieved from /home/airflow/.local/lib/python3.12/site-packages/airflow/example_dags/example_sla_dag.py
[2025-03-29T17:28:41.584+0000] {logging_mixin.py:190} INFO - [2025-03-29T17:28:41.584+0000] {dag.py:3239} INFO - Sync 1 DAGs
[2025-03-29T17:28:41.602+0000] {logging_mixin.py:190} INFO - [2025-03-29T17:28:41.602+0000] {dag.py:4180} INFO - Setting next_dagrun for example_sla_dag to 2025-03-29 17:26:00+00:00, run_after=2025-03-29 17:28:00+00:00
[2025-03-29T17:28:41.615+0000] {processor.py:208} INFO - Processing /home/airflow/.local/lib/python3.12/site-packages/airflow/example_dags/example_sla_dag.py took 0.060 seconds
[2025-03-29T17:29:11.877+0000] {processor.py:186} INFO - Started process (PID=444) to work on /home/airflow/.local/lib/python3.12/site-packages/airflow/example_dags/example_sla_dag.py
[2025-03-29T17:29:11.878+0000] {processor.py:914} INFO - Processing file /home/airflow/.local/lib/python3.12/site-packages/airflow/example_dags/example_sla_dag.py for tasks to queue
[2025-03-29T17:29:11.879+0000] {logging_mixin.py:190} INFO - [2025-03-29T17:29:11.879+0000] {dagbag.py:588} INFO - Filling up the DagBag from /home/airflow/.local/lib/python3.12/site-packages/airflow/example_dags/example_sla_dag.py
[2025-03-29T17:29:11.886+0000] {processor.py:925} INFO - DAG(s) 'example_sla_dag' retrieved from /home/airflow/.local/lib/python3.12/site-packages/airflow/example_dags/example_sla_dag.py
[2025-03-29T17:29:11.898+0000] {logging_mixin.py:190} INFO - [2025-03-29T17:29:11.898+0000] {dag.py:3239} INFO - Sync 1 DAGs
[2025-03-29T17:29:11.918+0000] {logging_mixin.py:190} INFO - [2025-03-29T17:29:11.918+0000] {dag.py:4180} INFO - Setting next_dagrun for example_sla_dag to 2025-03-29 17:26:00+00:00, run_after=2025-03-29 17:28:00+00:00
[2025-03-29T17:29:11.932+0000] {processor.py:208} INFO - Processing /home/airflow/.local/lib/python3.12/site-packages/airflow/example_dags/example_sla_dag.py took 0.058 seconds
[2025-03-29T17:29:43.352+0000] {processor.py:186} INFO - Started process (PID=507) to work on /home/airflow/.local/lib/python3.12/site-packages/airflow/example_dags/example_sla_dag.py
[2025-03-29T17:29:43.353+0000] {processor.py:914} INFO - Processing file /home/airflow/.local/lib/python3.12/site-packages/airflow/example_dags/example_sla_dag.py for tasks to queue
[2025-03-29T17:29:43.354+0000] {logging_mixin.py:190} INFO - [2025-03-29T17:29:43.354+0000] {dagbag.py:588} INFO - Filling up the DagBag from /home/airflow/.local/lib/python3.12/site-packages/airflow/example_dags/example_sla_dag.py
[2025-03-29T17:29:43.361+0000] {processor.py:925} INFO - DAG(s) 'example_sla_dag' retrieved from /home/airflow/.local/lib/python3.12/site-packages/airflow/example_dags/example_sla_dag.py
[2025-03-29T17:29:43.373+0000] {logging_mixin.py:190} INFO - [2025-03-29T17:29:43.373+0000] {dag.py:3239} INFO - Sync 1 DAGs
[2025-03-29T17:29:43.391+0000] {logging_mixin.py:190} INFO - [2025-03-29T17:29:43.391+0000] {dag.py:4180} INFO - Setting next_dagrun for example_sla_dag to 2025-03-29 17:26:00+00:00, run_after=2025-03-29 17:28:00+00:00
[2025-03-29T17:29:43.405+0000] {processor.py:208} INFO - Processing /home/airflow/.local/lib/python3.12/site-packages/airflow/example_dags/example_sla_dag.py took 0.056 seconds
[2025-03-29T17:30:14.944+0000] {processor.py:186} INFO - Started process (PID=570) to work on /home/airflow/.local/lib/python3.12/site-packages/airflow/example_dags/example_sla_dag.py
[2025-03-29T17:30:14.946+0000] {processor.py:914} INFO - Processing file /home/airflow/.local/lib/python3.12/site-packages/airflow/example_dags/example_sla_dag.py for tasks to queue
[2025-03-29T17:30:14.947+0000] {logging_mixin.py:190} INFO - [2025-03-29T17:30:14.947+0000] {dagbag.py:588} INFO - Filling up the DagBag from /home/airflow/.local/lib/python3.12/site-packages/airflow/example_dags/example_sla_dag.py
[2025-03-29T17:30:14.954+0000] {processor.py:925} INFO - DAG(s) 'example_sla_dag' retrieved from /home/airflow/.local/lib/python3.12/site-packages/airflow/example_dags/example_sla_dag.py
[2025-03-29T17:30:14.967+0000] {logging_mixin.py:190} INFO - [2025-03-29T17:30:14.967+0000] {dag.py:3239} INFO - Sync 1 DAGs
[2025-03-29T17:30:14.985+0000] {logging_mixin.py:190} INFO - [2025-03-29T17:30:14.984+0000] {dag.py:4180} INFO - Setting next_dagrun for example_sla_dag to 2025-03-29 17:28:00+00:00, run_after=2025-03-29 17:30:00+00:00
[2025-03-29T17:30:14.997+0000] {processor.py:208} INFO - Processing /home/airflow/.local/lib/python3.12/site-packages/airflow/example_dags/example_sla_dag.py took 0.056 seconds
[2025-03-29T17:30:45.489+0000] {processor.py:186} INFO - Started process (PID=633) to work on /home/airflow/.local/lib/python3.12/site-packages/airflow/example_dags/example_sla_dag.py
[2025-03-29T17:30:45.490+0000] {processor.py:914} INFO - Processing file /home/airflow/.local/lib/python3.12/site-packages/airflow/example_dags/example_sla_dag.py for tasks to queue
[2025-03-29T17:30:45.491+0000] {logging_mixin.py:190} INFO - [2025-03-29T17:30:45.491+0000] {dagbag.py:588} INFO - Filling up the DagBag from /home/airflow/.local/lib/python3.12/site-packages/airflow/example_dags/example_sla_dag.py
[2025-03-29T17:30:45.498+0000] {processor.py:925} INFO - DAG(s) 'example_sla_dag' retrieved from /home/airflow/.local/lib/python3.12/site-packages/airflow/example_dags/example_sla_dag.py
[2025-03-29T17:30:45.510+0000] {logging_mixin.py:190} INFO - [2025-03-29T17:30:45.510+0000] {dag.py:3239} INFO - Sync 1 DAGs
[2025-03-29T17:30:45.528+0000] {logging_mixin.py:190} INFO - [2025-03-29T17:30:45.527+0000] {dag.py:4180} INFO - Setting next_dagrun for example_sla_dag to 2025-03-29 17:28:00+00:00, run_after=2025-03-29 17:30:00+00:00
[2025-03-29T17:30:45.540+0000] {processor.py:208} INFO - Processing /home/airflow/.local/lib/python3.12/site-packages/airflow/example_dags/example_sla_dag.py took 0.055 seconds
[2025-03-29T17:31:16.718+0000] {processor.py:186} INFO - Started process (PID=702) to work on /home/airflow/.local/lib/python3.12/site-packages/airflow/example_dags/example_sla_dag.py
[2025-03-29T17:31:16.718+0000] {processor.py:914} INFO - Processing file /home/airflow/.local/lib/python3.12/site-packages/airflow/example_dags/example_sla_dag.py for tasks to queue
[2025-03-29T17:31:16.719+0000] {logging_mixin.py:190} INFO - [2025-03-29T17:31:16.719+0000] {dagbag.py:588} INFO - Filling up the DagBag from /home/airflow/.local/lib/python3.12/site-packages/airflow/example_dags/example_sla_dag.py
[2025-03-29T17:31:16.726+0000] {processor.py:925} INFO - DAG(s) 'example_sla_dag' retrieved from /home/airflow/.local/lib/python3.12/site-packages/airflow/example_dags/example_sla_dag.py
[2025-03-29T17:31:16.736+0000] {logging_mixin.py:190} INFO - [2025-03-29T17:31:16.736+0000] {dag.py:3239} INFO - Sync 1 DAGs
[2025-03-29T17:31:16.752+0000] {logging_mixin.py:190} INFO - [2025-03-29T17:31:16.752+0000] {dag.py:4180} INFO - Setting next_dagrun for example_sla_dag to 2025-03-29 17:28:00+00:00, run_after=2025-03-29 17:30:00+00:00
[2025-03-29T17:31:16.763+0000] {processor.py:208} INFO - Processing /home/airflow/.local/lib/python3.12/site-packages/airflow/example_dags/example_sla_dag.py took 0.049 seconds
[2025-03-29T17:31:48.089+0000] {processor.py:186} INFO - Started process (PID=765) to work on /home/airflow/.local/lib/python3.12/site-packages/airflow/example_dags/example_sla_dag.py
[2025-03-29T17:31:48.090+0000] {processor.py:914} INFO - Processing file /home/airflow/.local/lib/python3.12/site-packages/airflow/example_dags/example_sla_dag.py for tasks to queue
[2025-03-29T17:31:48.091+0000] {logging_mixin.py:190} INFO - [2025-03-29T17:31:48.091+0000] {dagbag.py:588} INFO - Filling up the DagBag from /home/airflow/.local/lib/python3.12/site-packages/airflow/example_dags/example_sla_dag.py
[2025-03-29T17:31:48.097+0000] {processor.py:925} INFO - DAG(s) 'example_sla_dag' retrieved from /home/airflow/.local/lib/python3.12/site-packages/airflow/example_dags/example_sla_dag.py
[2025-03-29T17:31:48.109+0000] {logging_mixin.py:190} INFO - [2025-03-29T17:31:48.109+0000] {dag.py:3239} INFO - Sync 1 DAGs
[2025-03-29T17:31:48.131+0000] {logging_mixin.py:190} INFO - [2025-03-29T17:31:48.131+0000] {dag.py:4180} INFO - Setting next_dagrun for example_sla_dag to 2025-03-29 17:28:00+00:00, run_after=2025-03-29 17:30:00+00:00
[2025-03-29T17:31:48.143+0000] {processor.py:208} INFO - Processing /home/airflow/.local/lib/python3.12/site-packages/airflow/example_dags/example_sla_dag.py took 0.058 seconds
[2025-03-29T17:32:18.504+0000] {processor.py:186} INFO - Started process (PID=828) to work on /home/airflow/.local/lib/python3.12/site-packages/airflow/example_dags/example_sla_dag.py
[2025-03-29T17:32:18.505+0000] {processor.py:914} INFO - Processing file /home/airflow/.local/lib/python3.12/site-packages/airflow/example_dags/example_sla_dag.py for tasks to queue
[2025-03-29T17:32:18.506+0000] {logging_mixin.py:190} INFO - [2025-03-29T17:32:18.506+0000] {dagbag.py:588} INFO - Filling up the DagBag from /home/airflow/.local/lib/python3.12/site-packages/airflow/example_dags/example_sla_dag.py
[2025-03-29T17:32:18.512+0000] {processor.py:925} INFO - DAG(s) 'example_sla_dag' retrieved from /home/airflow/.local/lib/python3.12/site-packages/airflow/example_dags/example_sla_dag.py
[2025-03-29T17:32:18.523+0000] {logging_mixin.py:190} INFO - [2025-03-29T17:32:18.523+0000] {dag.py:3239} INFO - Sync 1 DAGs
[2025-03-29T17:32:18.544+0000] {logging_mixin.py:190} INFO - [2025-03-29T17:32:18.544+0000] {dag.py:4180} INFO - Setting next_dagrun for example_sla_dag to 2025-03-29 17:30:00+00:00, run_after=2025-03-29 17:32:00+00:00
[2025-03-29T17:32:18.557+0000] {processor.py:208} INFO - Processing /home/airflow/.local/lib/python3.12/site-packages/airflow/example_dags/example_sla_dag.py took 0.056 seconds
[2025-03-29T17:32:49.935+0000] {processor.py:186} INFO - Started process (PID=891) to work on /home/airflow/.local/lib/python3.12/site-packages/airflow/example_dags/example_sla_dag.py
[2025-03-29T17:32:49.936+0000] {processor.py:914} INFO - Processing file /home/airflow/.local/lib/python3.12/site-packages/airflow/example_dags/example_sla_dag.py for tasks to queue
[2025-03-29T17:32:49.937+0000] {logging_mixin.py:190} INFO - [2025-03-29T17:32:49.937+0000] {dagbag.py:588} INFO - Filling up the DagBag from /home/airflow/.local/lib/python3.12/site-packages/airflow/example_dags/example_sla_dag.py
[2025-03-29T17:32:49.943+0000] {processor.py:925} INFO - DAG(s) 'example_sla_dag' retrieved from /home/airflow/.local/lib/python3.12/site-packages/airflow/example_dags/example_sla_dag.py
[2025-03-29T17:32:49.955+0000] {logging_mixin.py:190} INFO - [2025-03-29T17:32:49.955+0000] {dag.py:3239} INFO - Sync 1 DAGs
[2025-03-29T17:32:49.971+0000] {logging_mixin.py:190} INFO - [2025-03-29T17:32:49.971+0000] {dag.py:4180} INFO - Setting next_dagrun for example_sla_dag to 2025-03-29 17:30:00+00:00, run_after=2025-03-29 17:32:00+00:00
[2025-03-29T17:32:49.983+0000] {processor.py:208} INFO - Processing /home/airflow/.local/lib/python3.12/site-packages/airflow/example_dags/example_sla_dag.py took 0.051 seconds
[2025-03-29T17:33:20.499+0000] {processor.py:186} INFO - Started process (PID=954) to work on /home/airflow/.local/lib/python3.12/site-packages/airflow/example_dags/example_sla_dag.py
[2025-03-29T17:33:20.499+0000] {processor.py:914} INFO - Processing file /home/airflow/.local/lib/python3.12/site-packages/airflow/example_dags/example_sla_dag.py for tasks to queue
[2025-03-29T17:33:20.501+0000] {logging_mixin.py:190} INFO - [2025-03-29T17:33:20.500+0000] {dagbag.py:588} INFO - Filling up the DagBag from /home/airflow/.local/lib/python3.12/site-packages/airflow/example_dags/example_sla_dag.py
[2025-03-29T17:33:20.507+0000] {processor.py:925} INFO - DAG(s) 'example_sla_dag' retrieved from /home/airflow/.local/lib/python3.12/site-packages/airflow/example_dags/example_sla_dag.py
[2025-03-29T17:33:20.520+0000] {logging_mixin.py:190} INFO - [2025-03-29T17:33:20.519+0000] {dag.py:3239} INFO - Sync 1 DAGs
[2025-03-29T17:33:20.537+0000] {logging_mixin.py:190} INFO - [2025-03-29T17:33:20.537+0000] {dag.py:4180} INFO - Setting next_dagrun for example_sla_dag to 2025-03-29 17:30:00+00:00, run_after=2025-03-29 17:32:00+00:00
[2025-03-29T17:33:20.549+0000] {processor.py:208} INFO - Processing /home/airflow/.local/lib/python3.12/site-packages/airflow/example_dags/example_sla_dag.py took 0.053 seconds
[2025-03-29T17:33:52.060+0000] {processor.py:186} INFO - Started process (PID=1017) to work on /home/airflow/.local/lib/python3.12/site-packages/airflow/example_dags/example_sla_dag.py
[2025-03-29T17:33:52.061+0000] {processor.py:914} INFO - Processing file /home/airflow/.local/lib/python3.12/site-packages/airflow/example_dags/example_sla_dag.py for tasks to queue
[2025-03-29T17:33:52.062+0000] {logging_mixin.py:190} INFO - [2025-03-29T17:33:52.062+0000] {dagbag.py:588} INFO - Filling up the DagBag from /home/airflow/.local/lib/python3.12/site-packages/airflow/example_dags/example_sla_dag.py
[2025-03-29T17:33:52.068+0000] {processor.py:925} INFO - DAG(s) 'example_sla_dag' retrieved from /home/airflow/.local/lib/python3.12/site-packages/airflow/example_dags/example_sla_dag.py
[2025-03-29T17:33:52.079+0000] {logging_mixin.py:190} INFO - [2025-03-29T17:33:52.079+0000] {dag.py:3239} INFO - Sync 1 DAGs
[2025-03-29T17:33:52.096+0000] {logging_mixin.py:190} INFO - [2025-03-29T17:33:52.095+0000] {dag.py:4180} INFO - Setting next_dagrun for example_sla_dag to 2025-03-29 17:30:00+00:00, run_after=2025-03-29 17:32:00+00:00
[2025-03-29T17:33:52.106+0000] {processor.py:208} INFO - Processing /home/airflow/.local/lib/python3.12/site-packages/airflow/example_dags/example_sla_dag.py took 0.050 seconds
[2025-03-29T17:34:22.557+0000] {processor.py:186} INFO - Started process (PID=1080) to work on /home/airflow/.local/lib/python3.12/site-packages/airflow/example_dags/example_sla_dag.py
[2025-03-29T17:34:22.558+0000] {processor.py:914} INFO - Processing file /home/airflow/.local/lib/python3.12/site-packages/airflow/example_dags/example_sla_dag.py for tasks to queue
[2025-03-29T17:34:22.559+0000] {logging_mixin.py:190} INFO - [2025-03-29T17:34:22.559+0000] {dagbag.py:588} INFO - Filling up the DagBag from /home/airflow/.local/lib/python3.12/site-packages/airflow/example_dags/example_sla_dag.py
[2025-03-29T17:34:22.566+0000] {processor.py:925} INFO - DAG(s) 'example_sla_dag' retrieved from /home/airflow/.local/lib/python3.12/site-packages/airflow/example_dags/example_sla_dag.py
[2025-03-29T17:34:22.578+0000] {logging_mixin.py:190} INFO - [2025-03-29T17:34:22.578+0000] {dag.py:3239} INFO - Sync 1 DAGs
[2025-03-29T17:34:22.596+0000] {logging_mixin.py:190} INFO - [2025-03-29T17:34:22.596+0000] {dag.py:4180} INFO - Setting next_dagrun for example_sla_dag to 2025-03-29 17:32:00+00:00, run_after=2025-03-29 17:34:00+00:00
[2025-03-29T17:34:22.608+0000] {processor.py:208} INFO - Processing /home/airflow/.local/lib/python3.12/site-packages/airflow/example_dags/example_sla_dag.py took 0.055 seconds
[2025-03-29T17:34:54.100+0000] {processor.py:186} INFO - Started process (PID=1143) to work on /home/airflow/.local/lib/python3.12/site-packages/airflow/example_dags/example_sla_dag.py
[2025-03-29T17:34:54.100+0000] {processor.py:914} INFO - Processing file /home/airflow/.local/lib/python3.12/site-packages/airflow/example_dags/example_sla_dag.py for tasks to queue
[2025-03-29T17:34:54.102+0000] {logging_mixin.py:190} INFO - [2025-03-29T17:34:54.102+0000] {dagbag.py:588} INFO - Filling up the DagBag from /home/airflow/.local/lib/python3.12/site-packages/airflow/example_dags/example_sla_dag.py
[2025-03-29T17:34:54.108+0000] {processor.py:925} INFO - DAG(s) 'example_sla_dag' retrieved from /home/airflow/.local/lib/python3.12/site-packages/airflow/example_dags/example_sla_dag.py
[2025-03-29T17:34:54.120+0000] {logging_mixin.py:190} INFO - [2025-03-29T17:34:54.120+0000] {dag.py:3239} INFO - Sync 1 DAGs
[2025-03-29T17:34:54.137+0000] {logging_mixin.py:190} INFO - [2025-03-29T17:34:54.137+0000] {dag.py:4180} INFO - Setting next_dagrun for example_sla_dag to 2025-03-29 17:32:00+00:00, run_after=2025-03-29 17:34:00+00:00
[2025-03-29T17:34:54.150+0000] {processor.py:208} INFO - Processing /home/airflow/.local/lib/python3.12/site-packages/airflow/example_dags/example_sla_dag.py took 0.054 seconds
[2025-03-29T17:35:25.411+0000] {processor.py:186} INFO - Started process (PID=1206) to work on /home/airflow/.local/lib/python3.12/site-packages/airflow/example_dags/example_sla_dag.py
[2025-03-29T17:35:25.412+0000] {processor.py:914} INFO - Processing file /home/airflow/.local/lib/python3.12/site-packages/airflow/example_dags/example_sla_dag.py for tasks to queue
[2025-03-29T17:35:25.415+0000] {logging_mixin.py:190} INFO - [2025-03-29T17:35:25.414+0000] {dagbag.py:588} INFO - Filling up the DagBag from /home/airflow/.local/lib/python3.12/site-packages/airflow/example_dags/example_sla_dag.py
[2025-03-29T17:35:25.428+0000] {processor.py:925} INFO - DAG(s) 'example_sla_dag' retrieved from /home/airflow/.local/lib/python3.12/site-packages/airflow/example_dags/example_sla_dag.py
[2025-03-29T17:35:25.446+0000] {logging_mixin.py:190} INFO - [2025-03-29T17:35:25.446+0000] {dag.py:3239} INFO - Sync 1 DAGs
[2025-03-29T17:35:25.472+0000] {logging_mixin.py:190} INFO - [2025-03-29T17:35:25.472+0000] {dag.py:4180} INFO - Setting next_dagrun for example_sla_dag to 2025-03-29 17:32:00+00:00, run_after=2025-03-29 17:34:00+00:00
[2025-03-29T17:35:25.491+0000] {processor.py:208} INFO - Processing /home/airflow/.local/lib/python3.12/site-packages/airflow/example_dags/example_sla_dag.py took 0.087 seconds
[2025-03-29T17:35:56.507+0000] {processor.py:186} INFO - Started process (PID=1269) to work on /home/airflow/.local/lib/python3.12/site-packages/airflow/example_dags/example_sla_dag.py
[2025-03-29T17:35:56.508+0000] {processor.py:914} INFO - Processing file /home/airflow/.local/lib/python3.12/site-packages/airflow/example_dags/example_sla_dag.py for tasks to queue
[2025-03-29T17:35:56.509+0000] {logging_mixin.py:190} INFO - [2025-03-29T17:35:56.509+0000] {dagbag.py:588} INFO - Filling up the DagBag from /home/airflow/.local/lib/python3.12/site-packages/airflow/example_dags/example_sla_dag.py
[2025-03-29T17:35:56.516+0000] {processor.py:925} INFO - DAG(s) 'example_sla_dag' retrieved from /home/airflow/.local/lib/python3.12/site-packages/airflow/example_dags/example_sla_dag.py
[2025-03-29T17:35:56.529+0000] {logging_mixin.py:190} INFO - [2025-03-29T17:35:56.529+0000] {dag.py:3239} INFO - Sync 1 DAGs
[2025-03-29T17:35:56.547+0000] {logging_mixin.py:190} INFO - [2025-03-29T17:35:56.546+0000] {dag.py:4180} INFO - Setting next_dagrun for example_sla_dag to 2025-03-29 17:32:00+00:00, run_after=2025-03-29 17:34:00+00:00
[2025-03-29T17:35:56.558+0000] {processor.py:208} INFO - Processing /home/airflow/.local/lib/python3.12/site-packages/airflow/example_dags/example_sla_dag.py took 0.055 seconds
[2025-03-29T17:36:27.793+0000] {processor.py:186} INFO - Started process (PID=1332) to work on /home/airflow/.local/lib/python3.12/site-packages/airflow/example_dags/example_sla_dag.py
[2025-03-29T17:36:27.794+0000] {processor.py:914} INFO - Processing file /home/airflow/.local/lib/python3.12/site-packages/airflow/example_dags/example_sla_dag.py for tasks to queue
[2025-03-29T17:36:27.795+0000] {logging_mixin.py:190} INFO - [2025-03-29T17:36:27.795+0000] {dagbag.py:588} INFO - Filling up the DagBag from /home/airflow/.local/lib/python3.12/site-packages/airflow/example_dags/example_sla_dag.py
[2025-03-29T17:36:27.806+0000] {processor.py:925} INFO - DAG(s) 'example_sla_dag' retrieved from /home/airflow/.local/lib/python3.12/site-packages/airflow/example_dags/example_sla_dag.py
[2025-03-29T17:36:27.825+0000] {logging_mixin.py:190} INFO - [2025-03-29T17:36:27.824+0000] {dag.py:3239} INFO - Sync 1 DAGs
[2025-03-29T17:36:27.848+0000] {logging_mixin.py:190} INFO - [2025-03-29T17:36:27.848+0000] {dag.py:4180} INFO - Setting next_dagrun for example_sla_dag to 2025-03-29 17:34:00+00:00, run_after=2025-03-29 17:36:00+00:00
[2025-03-29T17:36:27.864+0000] {processor.py:208} INFO - Processing /home/airflow/.local/lib/python3.12/site-packages/airflow/example_dags/example_sla_dag.py took 0.075 seconds
[2025-03-29T17:36:59.107+0000] {processor.py:186} INFO - Started process (PID=1395) to work on /home/airflow/.local/lib/python3.12/site-packages/airflow/example_dags/example_sla_dag.py
[2025-03-29T17:36:59.108+0000] {processor.py:914} INFO - Processing file /home/airflow/.local/lib/python3.12/site-packages/airflow/example_dags/example_sla_dag.py for tasks to queue
[2025-03-29T17:36:59.109+0000] {logging_mixin.py:190} INFO - [2025-03-29T17:36:59.109+0000] {dagbag.py:588} INFO - Filling up the DagBag from /home/airflow/.local/lib/python3.12/site-packages/airflow/example_dags/example_sla_dag.py
[2025-03-29T17:36:59.115+0000] {processor.py:925} INFO - DAG(s) 'example_sla_dag' retrieved from /home/airflow/.local/lib/python3.12/site-packages/airflow/example_dags/example_sla_dag.py
[2025-03-29T17:36:59.127+0000] {logging_mixin.py:190} INFO - [2025-03-29T17:36:59.127+0000] {dag.py:3239} INFO - Sync 1 DAGs
[2025-03-29T17:36:59.143+0000] {logging_mixin.py:190} INFO - [2025-03-29T17:36:59.143+0000] {dag.py:4180} INFO - Setting next_dagrun for example_sla_dag to 2025-03-29 17:34:00+00:00, run_after=2025-03-29 17:36:00+00:00
[2025-03-29T17:36:59.154+0000] {processor.py:208} INFO - Processing /home/airflow/.local/lib/python3.12/site-packages/airflow/example_dags/example_sla_dag.py took 0.051 seconds
[2025-03-29T17:37:30.189+0000] {processor.py:186} INFO - Started process (PID=1458) to work on /home/airflow/.local/lib/python3.12/site-packages/airflow/example_dags/example_sla_dag.py
[2025-03-29T17:37:30.190+0000] {processor.py:914} INFO - Processing file /home/airflow/.local/lib/python3.12/site-packages/airflow/example_dags/example_sla_dag.py for tasks to queue
[2025-03-29T17:37:30.191+0000] {logging_mixin.py:190} INFO - [2025-03-29T17:37:30.191+0000] {dagbag.py:588} INFO - Filling up the DagBag from /home/airflow/.local/lib/python3.12/site-packages/airflow/example_dags/example_sla_dag.py
[2025-03-29T17:37:30.198+0000] {processor.py:925} INFO - DAG(s) 'example_sla_dag' retrieved from /home/airflow/.local/lib/python3.12/site-packages/airflow/example_dags/example_sla_dag.py
[2025-03-29T17:37:30.209+0000] {logging_mixin.py:190} INFO - [2025-03-29T17:37:30.209+0000] {dag.py:3239} INFO - Sync 1 DAGs
[2025-03-29T17:37:30.227+0000] {logging_mixin.py:190} INFO - [2025-03-29T17:37:30.227+0000] {dag.py:4180} INFO - Setting next_dagrun for example_sla_dag to 2025-03-29 17:34:00+00:00, run_after=2025-03-29 17:36:00+00:00
[2025-03-29T17:37:30.239+0000] {processor.py:208} INFO - Processing /home/airflow/.local/lib/python3.12/site-packages/airflow/example_dags/example_sla_dag.py took 0.053 seconds
[2025-03-29T17:38:01.010+0000] {processor.py:186} INFO - Started process (PID=1521) to work on /home/airflow/.local/lib/python3.12/site-packages/airflow/example_dags/example_sla_dag.py
[2025-03-29T17:38:01.011+0000] {processor.py:914} INFO - Processing file /home/airflow/.local/lib/python3.12/site-packages/airflow/example_dags/example_sla_dag.py for tasks to queue
[2025-03-29T17:38:01.012+0000] {logging_mixin.py:190} INFO - [2025-03-29T17:38:01.012+0000] {dagbag.py:588} INFO - Filling up the DagBag from /home/airflow/.local/lib/python3.12/site-packages/airflow/example_dags/example_sla_dag.py
[2025-03-29T17:38:01.018+0000] {processor.py:925} INFO - DAG(s) 'example_sla_dag' retrieved from /home/airflow/.local/lib/python3.12/site-packages/airflow/example_dags/example_sla_dag.py
[2025-03-29T17:38:01.031+0000] {logging_mixin.py:190} INFO - [2025-03-29T17:38:01.030+0000] {dag.py:3239} INFO - Sync 1 DAGs
[2025-03-29T17:38:01.048+0000] {logging_mixin.py:190} INFO - [2025-03-29T17:38:01.048+0000] {dag.py:4180} INFO - Setting next_dagrun for example_sla_dag to 2025-03-29 17:36:00+00:00, run_after=2025-03-29 17:38:00+00:00
[2025-03-29T17:38:01.060+0000] {processor.py:208} INFO - Processing /home/airflow/.local/lib/python3.12/site-packages/airflow/example_dags/example_sla_dag.py took 0.054 seconds
[2025-03-29T17:38:32.135+0000] {processor.py:186} INFO - Started process (PID=1584) to work on /home/airflow/.local/lib/python3.12/site-packages/airflow/example_dags/example_sla_dag.py
[2025-03-29T17:38:32.136+0000] {processor.py:914} INFO - Processing file /home/airflow/.local/lib/python3.12/site-packages/airflow/example_dags/example_sla_dag.py for tasks to queue
[2025-03-29T17:38:32.137+0000] {logging_mixin.py:190} INFO - [2025-03-29T17:38:32.137+0000] {dagbag.py:588} INFO - Filling up the DagBag from /home/airflow/.local/lib/python3.12/site-packages/airflow/example_dags/example_sla_dag.py
[2025-03-29T17:38:32.143+0000] {processor.py:925} INFO - DAG(s) 'example_sla_dag' retrieved from /home/airflow/.local/lib/python3.12/site-packages/airflow/example_dags/example_sla_dag.py
[2025-03-29T17:38:32.155+0000] {logging_mixin.py:190} INFO - [2025-03-29T17:38:32.155+0000] {dag.py:3239} INFO - Sync 1 DAGs
[2025-03-29T17:38:32.172+0000] {logging_mixin.py:190} INFO - [2025-03-29T17:38:32.172+0000] {dag.py:4180} INFO - Setting next_dagrun for example_sla_dag to 2025-03-29 17:36:00+00:00, run_after=2025-03-29 17:38:00+00:00
[2025-03-29T17:38:32.184+0000] {processor.py:208} INFO - Processing /home/airflow/.local/lib/python3.12/site-packages/airflow/example_dags/example_sla_dag.py took 0.052 seconds
