[2025-03-29T17:15:46.437+0000] {processor.py:186} INFO - Started process (PID=54) to work on /home/airflow/.local/lib/python3.12/site-packages/airflow/example_dags/example_python_operator.py
[2025-03-29T17:15:46.438+0000] {processor.py:914} INFO - Processing file /home/airflow/.local/lib/python3.12/site-packages/airflow/example_dags/example_python_operator.py for tasks to queue
[2025-03-29T17:15:46.439+0000] {logging_mixin.py:190} INFO - [2025-03-29T17:15:46.439+0000] {dagbag.py:588} INFO - Filling up the DagBag from /home/airflow/.local/lib/python3.12/site-packages/airflow/example_dags/example_python_operator.py
[2025-03-29T17:15:46.449+0000] {processor.py:925} INFO - DAG(s) 'example_python_operator' retrieved from /home/airflow/.local/lib/python3.12/site-packages/airflow/example_dags/example_python_operator.py
[2025-03-29T17:15:46.539+0000] {logging_mixin.py:190} INFO - [2025-03-29T17:15:46.539+0000] {override.py:1912} INFO - Created Permission View: can delete on DAG:example_python_operator
[2025-03-29T17:15:46.561+0000] {logging_mixin.py:190} INFO - [2025-03-29T17:15:46.560+0000] {override.py:1912} INFO - Created Permission View: can edit on DAG:example_python_operator
[2025-03-29T17:15:46.567+0000] {logging_mixin.py:190} INFO - [2025-03-29T17:15:46.567+0000] {override.py:1912} INFO - Created Permission View: can read on DAG:example_python_operator
[2025-03-29T17:15:46.575+0000] {logging_mixin.py:190} INFO - [2025-03-29T17:15:46.574+0000] {override.py:1912} INFO - Created Permission View: can delete on DAG Run:example_python_operator
[2025-03-29T17:15:46.585+0000] {logging_mixin.py:190} INFO - [2025-03-29T17:15:46.585+0000] {override.py:1912} INFO - Created Permission View: menu access on DAG Run:example_python_operator
[2025-03-29T17:15:46.597+0000] {logging_mixin.py:190} INFO - [2025-03-29T17:15:46.596+0000] {override.py:1912} INFO - Created Permission View: can read on DAG Run:example_python_operator
[2025-03-29T17:15:46.603+0000] {logging_mixin.py:190} INFO - [2025-03-29T17:15:46.602+0000] {override.py:1912} INFO - Created Permission View: can create on DAG Run:example_python_operator
[2025-03-29T17:15:46.603+0000] {logging_mixin.py:190} INFO - [2025-03-29T17:15:46.603+0000] {dag.py:3239} INFO - Sync 1 DAGs
[2025-03-29T17:15:46.613+0000] {logging_mixin.py:190} INFO - [2025-03-29T17:15:46.613+0000] {dag.py:3262} INFO - Creating ORM DAG for example_python_operator
[2025-03-29T17:15:46.613+0000] {logging_mixin.py:190} INFO - [2025-03-29T17:15:46.613+0000] {dag.py:4180} INFO - Setting next_dagrun for example_python_operator to None, run_after=None
[2025-03-29T17:15:46.626+0000] {processor.py:208} INFO - Processing /home/airflow/.local/lib/python3.12/site-packages/airflow/example_dags/example_python_operator.py took 0.192 seconds
[2025-03-29T17:16:17.760+0000] {processor.py:186} INFO - Started process (PID=117) to work on /home/airflow/.local/lib/python3.12/site-packages/airflow/example_dags/example_python_operator.py
[2025-03-29T17:16:17.761+0000] {processor.py:914} INFO - Processing file /home/airflow/.local/lib/python3.12/site-packages/airflow/example_dags/example_python_operator.py for tasks to queue
[2025-03-29T17:16:17.762+0000] {logging_mixin.py:190} INFO - [2025-03-29T17:16:17.762+0000] {dagbag.py:588} INFO - Filling up the DagBag from /home/airflow/.local/lib/python3.12/site-packages/airflow/example_dags/example_python_operator.py
[2025-03-29T17:16:17.775+0000] {processor.py:925} INFO - DAG(s) 'example_python_operator' retrieved from /home/airflow/.local/lib/python3.12/site-packages/airflow/example_dags/example_python_operator.py
[2025-03-29T17:16:17.793+0000] {logging_mixin.py:190} INFO - [2025-03-29T17:16:17.793+0000] {dag.py:3239} INFO - Sync 1 DAGs
[2025-03-29T17:16:17.808+0000] {logging_mixin.py:190} INFO - [2025-03-29T17:16:17.808+0000] {dag.py:4180} INFO - Setting next_dagrun for example_python_operator to None, run_after=None
[2025-03-29T17:16:17.826+0000] {processor.py:208} INFO - Processing /home/airflow/.local/lib/python3.12/site-packages/airflow/example_dags/example_python_operator.py took 0.070 seconds
[2025-03-29T17:16:48.866+0000] {processor.py:186} INFO - Started process (PID=180) to work on /home/airflow/.local/lib/python3.12/site-packages/airflow/example_dags/example_python_operator.py
[2025-03-29T17:16:48.866+0000] {processor.py:914} INFO - Processing file /home/airflow/.local/lib/python3.12/site-packages/airflow/example_dags/example_python_operator.py for tasks to queue
[2025-03-29T17:16:48.868+0000] {logging_mixin.py:190} INFO - [2025-03-29T17:16:48.868+0000] {dagbag.py:588} INFO - Filling up the DagBag from /home/airflow/.local/lib/python3.12/site-packages/airflow/example_dags/example_python_operator.py
[2025-03-29T17:16:48.876+0000] {processor.py:925} INFO - DAG(s) 'example_python_operator' retrieved from /home/airflow/.local/lib/python3.12/site-packages/airflow/example_dags/example_python_operator.py
[2025-03-29T17:16:48.890+0000] {logging_mixin.py:190} INFO - [2025-03-29T17:16:48.890+0000] {dag.py:3239} INFO - Sync 1 DAGs
[2025-03-29T17:16:48.901+0000] {logging_mixin.py:190} INFO - [2025-03-29T17:16:48.901+0000] {dag.py:4180} INFO - Setting next_dagrun for example_python_operator to None, run_after=None
[2025-03-29T17:16:48.914+0000] {processor.py:208} INFO - Processing /home/airflow/.local/lib/python3.12/site-packages/airflow/example_dags/example_python_operator.py took 0.053 seconds
[2025-03-29T17:17:19.383+0000] {processor.py:186} INFO - Started process (PID=243) to work on /home/airflow/.local/lib/python3.12/site-packages/airflow/example_dags/example_python_operator.py
[2025-03-29T17:17:19.383+0000] {processor.py:914} INFO - Processing file /home/airflow/.local/lib/python3.12/site-packages/airflow/example_dags/example_python_operator.py for tasks to queue
[2025-03-29T17:17:19.384+0000] {logging_mixin.py:190} INFO - [2025-03-29T17:17:19.384+0000] {dagbag.py:588} INFO - Filling up the DagBag from /home/airflow/.local/lib/python3.12/site-packages/airflow/example_dags/example_python_operator.py
[2025-03-29T17:17:19.392+0000] {processor.py:925} INFO - DAG(s) 'example_python_operator' retrieved from /home/airflow/.local/lib/python3.12/site-packages/airflow/example_dags/example_python_operator.py
[2025-03-29T17:17:19.405+0000] {logging_mixin.py:190} INFO - [2025-03-29T17:17:19.405+0000] {dag.py:3239} INFO - Sync 1 DAGs
[2025-03-29T17:17:19.415+0000] {logging_mixin.py:190} INFO - [2025-03-29T17:17:19.415+0000] {dag.py:4180} INFO - Setting next_dagrun for example_python_operator to None, run_after=None
[2025-03-29T17:17:19.427+0000] {processor.py:208} INFO - Processing /home/airflow/.local/lib/python3.12/site-packages/airflow/example_dags/example_python_operator.py took 0.047 seconds
[2025-03-29T17:17:50.679+0000] {processor.py:186} INFO - Started process (PID=306) to work on /home/airflow/.local/lib/python3.12/site-packages/airflow/example_dags/example_python_operator.py
[2025-03-29T17:17:50.680+0000] {processor.py:914} INFO - Processing file /home/airflow/.local/lib/python3.12/site-packages/airflow/example_dags/example_python_operator.py for tasks to queue
[2025-03-29T17:17:50.681+0000] {logging_mixin.py:190} INFO - [2025-03-29T17:17:50.681+0000] {dagbag.py:588} INFO - Filling up the DagBag from /home/airflow/.local/lib/python3.12/site-packages/airflow/example_dags/example_python_operator.py
[2025-03-29T17:17:50.690+0000] {processor.py:925} INFO - DAG(s) 'example_python_operator' retrieved from /home/airflow/.local/lib/python3.12/site-packages/airflow/example_dags/example_python_operator.py
[2025-03-29T17:17:50.704+0000] {logging_mixin.py:190} INFO - [2025-03-29T17:17:50.704+0000] {dag.py:3239} INFO - Sync 1 DAGs
[2025-03-29T17:17:50.714+0000] {logging_mixin.py:190} INFO - [2025-03-29T17:17:50.714+0000] {dag.py:4180} INFO - Setting next_dagrun for example_python_operator to None, run_after=None
[2025-03-29T17:17:50.727+0000] {processor.py:208} INFO - Processing /home/airflow/.local/lib/python3.12/site-packages/airflow/example_dags/example_python_operator.py took 0.051 seconds
[2025-03-29T17:18:22.050+0000] {processor.py:186} INFO - Started process (PID=369) to work on /home/airflow/.local/lib/python3.12/site-packages/airflow/example_dags/example_python_operator.py
[2025-03-29T17:18:22.051+0000] {processor.py:914} INFO - Processing file /home/airflow/.local/lib/python3.12/site-packages/airflow/example_dags/example_python_operator.py for tasks to queue
[2025-03-29T17:18:22.052+0000] {logging_mixin.py:190} INFO - [2025-03-29T17:18:22.052+0000] {dagbag.py:588} INFO - Filling up the DagBag from /home/airflow/.local/lib/python3.12/site-packages/airflow/example_dags/example_python_operator.py
[2025-03-29T17:18:22.060+0000] {processor.py:925} INFO - DAG(s) 'example_python_operator' retrieved from /home/airflow/.local/lib/python3.12/site-packages/airflow/example_dags/example_python_operator.py
[2025-03-29T17:18:22.074+0000] {logging_mixin.py:190} INFO - [2025-03-29T17:18:22.074+0000] {dag.py:3239} INFO - Sync 1 DAGs
[2025-03-29T17:18:22.084+0000] {logging_mixin.py:190} INFO - [2025-03-29T17:18:22.083+0000] {dag.py:4180} INFO - Setting next_dagrun for example_python_operator to None, run_after=None
[2025-03-29T17:18:22.095+0000] {processor.py:208} INFO - Processing /home/airflow/.local/lib/python3.12/site-packages/airflow/example_dags/example_python_operator.py took 0.049 seconds
[2025-03-29T17:18:52.808+0000] {processor.py:186} INFO - Started process (PID=432) to work on /home/airflow/.local/lib/python3.12/site-packages/airflow/example_dags/example_python_operator.py
[2025-03-29T17:18:52.809+0000] {processor.py:914} INFO - Processing file /home/airflow/.local/lib/python3.12/site-packages/airflow/example_dags/example_python_operator.py for tasks to queue
[2025-03-29T17:18:52.810+0000] {logging_mixin.py:190} INFO - [2025-03-29T17:18:52.810+0000] {dagbag.py:588} INFO - Filling up the DagBag from /home/airflow/.local/lib/python3.12/site-packages/airflow/example_dags/example_python_operator.py
[2025-03-29T17:18:52.817+0000] {processor.py:925} INFO - DAG(s) 'example_python_operator' retrieved from /home/airflow/.local/lib/python3.12/site-packages/airflow/example_dags/example_python_operator.py
[2025-03-29T17:18:52.832+0000] {logging_mixin.py:190} INFO - [2025-03-29T17:18:52.832+0000] {dag.py:3239} INFO - Sync 1 DAGs
[2025-03-29T17:18:52.843+0000] {logging_mixin.py:190} INFO - [2025-03-29T17:18:52.842+0000] {dag.py:4180} INFO - Setting next_dagrun for example_python_operator to None, run_after=None
[2025-03-29T17:18:52.855+0000] {processor.py:208} INFO - Processing /home/airflow/.local/lib/python3.12/site-packages/airflow/example_dags/example_python_operator.py took 0.051 seconds
[2025-03-29T17:19:24.227+0000] {processor.py:186} INFO - Started process (PID=495) to work on /home/airflow/.local/lib/python3.12/site-packages/airflow/example_dags/example_python_operator.py
[2025-03-29T17:19:24.228+0000] {processor.py:914} INFO - Processing file /home/airflow/.local/lib/python3.12/site-packages/airflow/example_dags/example_python_operator.py for tasks to queue
[2025-03-29T17:19:24.229+0000] {logging_mixin.py:190} INFO - [2025-03-29T17:19:24.229+0000] {dagbag.py:588} INFO - Filling up the DagBag from /home/airflow/.local/lib/python3.12/site-packages/airflow/example_dags/example_python_operator.py
[2025-03-29T17:19:24.236+0000] {processor.py:925} INFO - DAG(s) 'example_python_operator' retrieved from /home/airflow/.local/lib/python3.12/site-packages/airflow/example_dags/example_python_operator.py
[2025-03-29T17:19:24.251+0000] {logging_mixin.py:190} INFO - [2025-03-29T17:19:24.251+0000] {dag.py:3239} INFO - Sync 1 DAGs
[2025-03-29T17:19:24.260+0000] {logging_mixin.py:190} INFO - [2025-03-29T17:19:24.260+0000] {dag.py:4180} INFO - Setting next_dagrun for example_python_operator to None, run_after=None
[2025-03-29T17:19:24.271+0000] {processor.py:208} INFO - Processing /home/airflow/.local/lib/python3.12/site-packages/airflow/example_dags/example_python_operator.py took 0.047 seconds
[2025-03-29T17:19:55.690+0000] {processor.py:186} INFO - Started process (PID=558) to work on /home/airflow/.local/lib/python3.12/site-packages/airflow/example_dags/example_python_operator.py
[2025-03-29T17:19:55.690+0000] {processor.py:914} INFO - Processing file /home/airflow/.local/lib/python3.12/site-packages/airflow/example_dags/example_python_operator.py for tasks to queue
[2025-03-29T17:19:55.691+0000] {logging_mixin.py:190} INFO - [2025-03-29T17:19:55.691+0000] {dagbag.py:588} INFO - Filling up the DagBag from /home/airflow/.local/lib/python3.12/site-packages/airflow/example_dags/example_python_operator.py
[2025-03-29T17:19:55.699+0000] {processor.py:925} INFO - DAG(s) 'example_python_operator' retrieved from /home/airflow/.local/lib/python3.12/site-packages/airflow/example_dags/example_python_operator.py
[2025-03-29T17:19:55.713+0000] {logging_mixin.py:190} INFO - [2025-03-29T17:19:55.713+0000] {dag.py:3239} INFO - Sync 1 DAGs
[2025-03-29T17:19:55.722+0000] {logging_mixin.py:190} INFO - [2025-03-29T17:19:55.722+0000] {dag.py:4180} INFO - Setting next_dagrun for example_python_operator to None, run_after=None
[2025-03-29T17:19:55.734+0000] {processor.py:208} INFO - Processing /home/airflow/.local/lib/python3.12/site-packages/airflow/example_dags/example_python_operator.py took 0.048 seconds
[2025-03-29T17:20:26.169+0000] {processor.py:186} INFO - Started process (PID=621) to work on /home/airflow/.local/lib/python3.12/site-packages/airflow/example_dags/example_python_operator.py
[2025-03-29T17:20:26.171+0000] {processor.py:914} INFO - Processing file /home/airflow/.local/lib/python3.12/site-packages/airflow/example_dags/example_python_operator.py for tasks to queue
[2025-03-29T17:20:26.173+0000] {logging_mixin.py:190} INFO - [2025-03-29T17:20:26.172+0000] {dagbag.py:588} INFO - Filling up the DagBag from /home/airflow/.local/lib/python3.12/site-packages/airflow/example_dags/example_python_operator.py
[2025-03-29T17:20:26.183+0000] {processor.py:925} INFO - DAG(s) 'example_python_operator' retrieved from /home/airflow/.local/lib/python3.12/site-packages/airflow/example_dags/example_python_operator.py
[2025-03-29T17:20:26.205+0000] {logging_mixin.py:190} INFO - [2025-03-29T17:20:26.205+0000] {dag.py:3239} INFO - Sync 1 DAGs
[2025-03-29T17:20:26.218+0000] {logging_mixin.py:190} INFO - [2025-03-29T17:20:26.218+0000] {dag.py:4180} INFO - Setting next_dagrun for example_python_operator to None, run_after=None
[2025-03-29T17:20:26.234+0000] {processor.py:208} INFO - Processing /home/airflow/.local/lib/python3.12/site-packages/airflow/example_dags/example_python_operator.py took 0.069 seconds
[2025-03-29T17:20:57.584+0000] {processor.py:186} INFO - Started process (PID=690) to work on /home/airflow/.local/lib/python3.12/site-packages/airflow/example_dags/example_python_operator.py
[2025-03-29T17:20:57.585+0000] {processor.py:914} INFO - Processing file /home/airflow/.local/lib/python3.12/site-packages/airflow/example_dags/example_python_operator.py for tasks to queue
[2025-03-29T17:20:57.586+0000] {logging_mixin.py:190} INFO - [2025-03-29T17:20:57.586+0000] {dagbag.py:588} INFO - Filling up the DagBag from /home/airflow/.local/lib/python3.12/site-packages/airflow/example_dags/example_python_operator.py
[2025-03-29T17:20:57.597+0000] {processor.py:925} INFO - DAG(s) 'example_python_operator' retrieved from /home/airflow/.local/lib/python3.12/site-packages/airflow/example_dags/example_python_operator.py
[2025-03-29T17:20:57.616+0000] {logging_mixin.py:190} INFO - [2025-03-29T17:20:57.615+0000] {dag.py:3239} INFO - Sync 1 DAGs
[2025-03-29T17:20:57.633+0000] {logging_mixin.py:190} INFO - [2025-03-29T17:20:57.633+0000] {dag.py:4180} INFO - Setting next_dagrun for example_python_operator to None, run_after=None
[2025-03-29T17:20:57.659+0000] {processor.py:208} INFO - Processing /home/airflow/.local/lib/python3.12/site-packages/airflow/example_dags/example_python_operator.py took 0.078 seconds
[2025-03-29T17:21:28.147+0000] {processor.py:186} INFO - Started process (PID=753) to work on /home/airflow/.local/lib/python3.12/site-packages/airflow/example_dags/example_python_operator.py
[2025-03-29T17:21:28.148+0000] {processor.py:914} INFO - Processing file /home/airflow/.local/lib/python3.12/site-packages/airflow/example_dags/example_python_operator.py for tasks to queue
[2025-03-29T17:21:28.149+0000] {logging_mixin.py:190} INFO - [2025-03-29T17:21:28.149+0000] {dagbag.py:588} INFO - Filling up the DagBag from /home/airflow/.local/lib/python3.12/site-packages/airflow/example_dags/example_python_operator.py
[2025-03-29T17:21:28.156+0000] {processor.py:925} INFO - DAG(s) 'example_python_operator' retrieved from /home/airflow/.local/lib/python3.12/site-packages/airflow/example_dags/example_python_operator.py
[2025-03-29T17:21:28.169+0000] {logging_mixin.py:190} INFO - [2025-03-29T17:21:28.169+0000] {dag.py:3239} INFO - Sync 1 DAGs
[2025-03-29T17:21:28.178+0000] {logging_mixin.py:190} INFO - [2025-03-29T17:21:28.178+0000] {dag.py:4180} INFO - Setting next_dagrun for example_python_operator to None, run_after=None
[2025-03-29T17:21:28.191+0000] {processor.py:208} INFO - Processing /home/airflow/.local/lib/python3.12/site-packages/airflow/example_dags/example_python_operator.py took 0.047 seconds
[2025-03-29T17:21:59.420+0000] {processor.py:186} INFO - Started process (PID=816) to work on /home/airflow/.local/lib/python3.12/site-packages/airflow/example_dags/example_python_operator.py
[2025-03-29T17:21:59.420+0000] {processor.py:914} INFO - Processing file /home/airflow/.local/lib/python3.12/site-packages/airflow/example_dags/example_python_operator.py for tasks to queue
[2025-03-29T17:21:59.422+0000] {logging_mixin.py:190} INFO - [2025-03-29T17:21:59.422+0000] {dagbag.py:588} INFO - Filling up the DagBag from /home/airflow/.local/lib/python3.12/site-packages/airflow/example_dags/example_python_operator.py
[2025-03-29T17:21:59.429+0000] {processor.py:925} INFO - DAG(s) 'example_python_operator' retrieved from /home/airflow/.local/lib/python3.12/site-packages/airflow/example_dags/example_python_operator.py
[2025-03-29T17:21:59.443+0000] {logging_mixin.py:190} INFO - [2025-03-29T17:21:59.443+0000] {dag.py:3239} INFO - Sync 1 DAGs
[2025-03-29T17:21:59.452+0000] {logging_mixin.py:190} INFO - [2025-03-29T17:21:59.452+0000] {dag.py:4180} INFO - Setting next_dagrun for example_python_operator to None, run_after=None
[2025-03-29T17:21:59.466+0000] {processor.py:208} INFO - Processing /home/airflow/.local/lib/python3.12/site-packages/airflow/example_dags/example_python_operator.py took 0.050 seconds
[2025-03-29T17:22:31.058+0000] {processor.py:186} INFO - Started process (PID=879) to work on /home/airflow/.local/lib/python3.12/site-packages/airflow/example_dags/example_python_operator.py
[2025-03-29T17:22:31.059+0000] {processor.py:914} INFO - Processing file /home/airflow/.local/lib/python3.12/site-packages/airflow/example_dags/example_python_operator.py for tasks to queue
[2025-03-29T17:22:31.060+0000] {logging_mixin.py:190} INFO - [2025-03-29T17:22:31.060+0000] {dagbag.py:588} INFO - Filling up the DagBag from /home/airflow/.local/lib/python3.12/site-packages/airflow/example_dags/example_python_operator.py
[2025-03-29T17:22:31.068+0000] {processor.py:925} INFO - DAG(s) 'example_python_operator' retrieved from /home/airflow/.local/lib/python3.12/site-packages/airflow/example_dags/example_python_operator.py
[2025-03-29T17:22:31.083+0000] {logging_mixin.py:190} INFO - [2025-03-29T17:22:31.083+0000] {dag.py:3239} INFO - Sync 1 DAGs
[2025-03-29T17:22:31.093+0000] {logging_mixin.py:190} INFO - [2025-03-29T17:22:31.092+0000] {dag.py:4180} INFO - Setting next_dagrun for example_python_operator to None, run_after=None
[2025-03-29T17:22:31.105+0000] {processor.py:208} INFO - Processing /home/airflow/.local/lib/python3.12/site-packages/airflow/example_dags/example_python_operator.py took 0.051 seconds
[2025-03-29T17:23:01.618+0000] {processor.py:186} INFO - Started process (PID=942) to work on /home/airflow/.local/lib/python3.12/site-packages/airflow/example_dags/example_python_operator.py
[2025-03-29T17:23:01.618+0000] {processor.py:914} INFO - Processing file /home/airflow/.local/lib/python3.12/site-packages/airflow/example_dags/example_python_operator.py for tasks to queue
[2025-03-29T17:23:01.620+0000] {logging_mixin.py:190} INFO - [2025-03-29T17:23:01.619+0000] {dagbag.py:588} INFO - Filling up the DagBag from /home/airflow/.local/lib/python3.12/site-packages/airflow/example_dags/example_python_operator.py
[2025-03-29T17:23:01.627+0000] {processor.py:925} INFO - DAG(s) 'example_python_operator' retrieved from /home/airflow/.local/lib/python3.12/site-packages/airflow/example_dags/example_python_operator.py
[2025-03-29T17:23:01.641+0000] {logging_mixin.py:190} INFO - [2025-03-29T17:23:01.640+0000] {dag.py:3239} INFO - Sync 1 DAGs
[2025-03-29T17:23:01.650+0000] {logging_mixin.py:190} INFO - [2025-03-29T17:23:01.650+0000] {dag.py:4180} INFO - Setting next_dagrun for example_python_operator to None, run_after=None
[2025-03-29T17:23:01.663+0000] {processor.py:208} INFO - Processing /home/airflow/.local/lib/python3.12/site-packages/airflow/example_dags/example_python_operator.py took 0.049 seconds
[2025-03-29T17:26:06.580+0000] {processor.py:186} INFO - Started process (PID=54) to work on /home/airflow/.local/lib/python3.12/site-packages/airflow/example_dags/example_python_operator.py
[2025-03-29T17:26:06.581+0000] {processor.py:914} INFO - Processing file /home/airflow/.local/lib/python3.12/site-packages/airflow/example_dags/example_python_operator.py for tasks to queue
[2025-03-29T17:26:06.585+0000] {logging_mixin.py:190} INFO - [2025-03-29T17:26:06.584+0000] {dagbag.py:588} INFO - Filling up the DagBag from /home/airflow/.local/lib/python3.12/site-packages/airflow/example_dags/example_python_operator.py
[2025-03-29T17:26:06.597+0000] {processor.py:925} INFO - DAG(s) 'example_python_operator' retrieved from /home/airflow/.local/lib/python3.12/site-packages/airflow/example_dags/example_python_operator.py
[2025-03-29T17:26:06.702+0000] {logging_mixin.py:190} INFO - [2025-03-29T17:26:06.701+0000] {override.py:1912} INFO - Created Permission View: can delete on DAG:example_python_operator
[2025-03-29T17:26:06.714+0000] {logging_mixin.py:190} INFO - [2025-03-29T17:26:06.714+0000] {override.py:1912} INFO - Created Permission View: can read on DAG:example_python_operator
[2025-03-29T17:26:06.724+0000] {logging_mixin.py:190} INFO - [2025-03-29T17:26:06.724+0000] {override.py:1912} INFO - Created Permission View: can edit on DAG:example_python_operator
[2025-03-29T17:26:06.736+0000] {logging_mixin.py:190} INFO - [2025-03-29T17:26:06.735+0000] {override.py:1912} INFO - Created Permission View: can delete on DAG Run:example_python_operator
[2025-03-29T17:26:06.759+0000] {logging_mixin.py:190} INFO - [2025-03-29T17:26:06.759+0000] {override.py:1912} INFO - Created Permission View: can read on DAG Run:example_python_operator
[2025-03-29T17:26:06.766+0000] {logging_mixin.py:190} INFO - [2025-03-29T17:26:06.766+0000] {override.py:1912} INFO - Created Permission View: can create on DAG Run:example_python_operator
[2025-03-29T17:26:06.780+0000] {logging_mixin.py:190} INFO - [2025-03-29T17:26:06.779+0000] {override.py:1912} INFO - Created Permission View: menu access on DAG Run:example_python_operator
[2025-03-29T17:26:06.780+0000] {logging_mixin.py:190} INFO - [2025-03-29T17:26:06.780+0000] {dag.py:3239} INFO - Sync 1 DAGs
[2025-03-29T17:26:06.797+0000] {logging_mixin.py:190} INFO - [2025-03-29T17:26:06.796+0000] {dag.py:3262} INFO - Creating ORM DAG for example_python_operator
[2025-03-29T17:26:06.797+0000] {logging_mixin.py:190} INFO - [2025-03-29T17:26:06.797+0000] {dag.py:4180} INFO - Setting next_dagrun for example_python_operator to None, run_after=None
[2025-03-29T17:26:06.820+0000] {processor.py:208} INFO - Processing /home/airflow/.local/lib/python3.12/site-packages/airflow/example_dags/example_python_operator.py took 0.245 seconds
[2025-03-29T17:26:36.922+0000] {processor.py:186} INFO - Started process (PID=117) to work on /home/airflow/.local/lib/python3.12/site-packages/airflow/example_dags/example_python_operator.py
[2025-03-29T17:26:36.923+0000] {processor.py:914} INFO - Processing file /home/airflow/.local/lib/python3.12/site-packages/airflow/example_dags/example_python_operator.py for tasks to queue
[2025-03-29T17:26:36.924+0000] {logging_mixin.py:190} INFO - [2025-03-29T17:26:36.924+0000] {dagbag.py:588} INFO - Filling up the DagBag from /home/airflow/.local/lib/python3.12/site-packages/airflow/example_dags/example_python_operator.py
[2025-03-29T17:26:36.932+0000] {processor.py:925} INFO - DAG(s) 'example_python_operator' retrieved from /home/airflow/.local/lib/python3.12/site-packages/airflow/example_dags/example_python_operator.py
[2025-03-29T17:26:36.946+0000] {logging_mixin.py:190} INFO - [2025-03-29T17:26:36.946+0000] {dag.py:3239} INFO - Sync 1 DAGs
[2025-03-29T17:26:36.955+0000] {logging_mixin.py:190} INFO - [2025-03-29T17:26:36.955+0000] {dag.py:4180} INFO - Setting next_dagrun for example_python_operator to None, run_after=None
[2025-03-29T17:26:36.970+0000] {processor.py:208} INFO - Processing /home/airflow/.local/lib/python3.12/site-packages/airflow/example_dags/example_python_operator.py took 0.052 seconds
[2025-03-29T17:27:07.756+0000] {processor.py:186} INFO - Started process (PID=180) to work on /home/airflow/.local/lib/python3.12/site-packages/airflow/example_dags/example_python_operator.py
[2025-03-29T17:27:07.757+0000] {processor.py:914} INFO - Processing file /home/airflow/.local/lib/python3.12/site-packages/airflow/example_dags/example_python_operator.py for tasks to queue
[2025-03-29T17:27:07.758+0000] {logging_mixin.py:190} INFO - [2025-03-29T17:27:07.758+0000] {dagbag.py:588} INFO - Filling up the DagBag from /home/airflow/.local/lib/python3.12/site-packages/airflow/example_dags/example_python_operator.py
[2025-03-29T17:27:07.766+0000] {processor.py:925} INFO - DAG(s) 'example_python_operator' retrieved from /home/airflow/.local/lib/python3.12/site-packages/airflow/example_dags/example_python_operator.py
[2025-03-29T17:27:07.780+0000] {logging_mixin.py:190} INFO - [2025-03-29T17:27:07.780+0000] {dag.py:3239} INFO - Sync 1 DAGs
[2025-03-29T17:27:07.790+0000] {logging_mixin.py:190} INFO - [2025-03-29T17:27:07.789+0000] {dag.py:4180} INFO - Setting next_dagrun for example_python_operator to None, run_after=None
[2025-03-29T17:27:07.803+0000] {processor.py:208} INFO - Processing /home/airflow/.local/lib/python3.12/site-packages/airflow/example_dags/example_python_operator.py took 0.051 seconds
[2025-03-29T17:27:38.239+0000] {processor.py:186} INFO - Started process (PID=243) to work on /home/airflow/.local/lib/python3.12/site-packages/airflow/example_dags/example_python_operator.py
[2025-03-29T17:27:38.239+0000] {processor.py:914} INFO - Processing file /home/airflow/.local/lib/python3.12/site-packages/airflow/example_dags/example_python_operator.py for tasks to queue
[2025-03-29T17:27:38.241+0000] {logging_mixin.py:190} INFO - [2025-03-29T17:27:38.240+0000] {dagbag.py:588} INFO - Filling up the DagBag from /home/airflow/.local/lib/python3.12/site-packages/airflow/example_dags/example_python_operator.py
[2025-03-29T17:27:38.248+0000] {processor.py:925} INFO - DAG(s) 'example_python_operator' retrieved from /home/airflow/.local/lib/python3.12/site-packages/airflow/example_dags/example_python_operator.py
[2025-03-29T17:27:38.261+0000] {logging_mixin.py:190} INFO - [2025-03-29T17:27:38.261+0000] {dag.py:3239} INFO - Sync 1 DAGs
[2025-03-29T17:27:38.270+0000] {logging_mixin.py:190} INFO - [2025-03-29T17:27:38.270+0000] {dag.py:4180} INFO - Setting next_dagrun for example_python_operator to None, run_after=None
[2025-03-29T17:27:38.282+0000] {processor.py:208} INFO - Processing /home/airflow/.local/lib/python3.12/site-packages/airflow/example_dags/example_python_operator.py took 0.047 seconds
[2025-03-29T17:28:09.529+0000] {processor.py:186} INFO - Started process (PID=306) to work on /home/airflow/.local/lib/python3.12/site-packages/airflow/example_dags/example_python_operator.py
[2025-03-29T17:28:09.530+0000] {processor.py:914} INFO - Processing file /home/airflow/.local/lib/python3.12/site-packages/airflow/example_dags/example_python_operator.py for tasks to queue
[2025-03-29T17:28:09.532+0000] {logging_mixin.py:190} INFO - [2025-03-29T17:28:09.532+0000] {dagbag.py:588} INFO - Filling up the DagBag from /home/airflow/.local/lib/python3.12/site-packages/airflow/example_dags/example_python_operator.py
[2025-03-29T17:28:09.540+0000] {processor.py:925} INFO - DAG(s) 'example_python_operator' retrieved from /home/airflow/.local/lib/python3.12/site-packages/airflow/example_dags/example_python_operator.py
[2025-03-29T17:28:09.555+0000] {logging_mixin.py:190} INFO - [2025-03-29T17:28:09.555+0000] {dag.py:3239} INFO - Sync 1 DAGs
[2025-03-29T17:28:09.565+0000] {logging_mixin.py:190} INFO - [2025-03-29T17:28:09.565+0000] {dag.py:4180} INFO - Setting next_dagrun for example_python_operator to None, run_after=None
[2025-03-29T17:28:09.578+0000] {processor.py:208} INFO - Processing /home/airflow/.local/lib/python3.12/site-packages/airflow/example_dags/example_python_operator.py took 0.052 seconds
[2025-03-29T17:28:40.081+0000] {processor.py:186} INFO - Started process (PID=369) to work on /home/airflow/.local/lib/python3.12/site-packages/airflow/example_dags/example_python_operator.py
[2025-03-29T17:28:40.082+0000] {processor.py:914} INFO - Processing file /home/airflow/.local/lib/python3.12/site-packages/airflow/example_dags/example_python_operator.py for tasks to queue
[2025-03-29T17:28:40.083+0000] {logging_mixin.py:190} INFO - [2025-03-29T17:28:40.083+0000] {dagbag.py:588} INFO - Filling up the DagBag from /home/airflow/.local/lib/python3.12/site-packages/airflow/example_dags/example_python_operator.py
[2025-03-29T17:28:40.090+0000] {processor.py:925} INFO - DAG(s) 'example_python_operator' retrieved from /home/airflow/.local/lib/python3.12/site-packages/airflow/example_dags/example_python_operator.py
[2025-03-29T17:28:40.104+0000] {logging_mixin.py:190} INFO - [2025-03-29T17:28:40.104+0000] {dag.py:3239} INFO - Sync 1 DAGs
[2025-03-29T17:28:40.114+0000] {logging_mixin.py:190} INFO - [2025-03-29T17:28:40.114+0000] {dag.py:4180} INFO - Setting next_dagrun for example_python_operator to None, run_after=None
[2025-03-29T17:28:40.127+0000] {processor.py:208} INFO - Processing /home/airflow/.local/lib/python3.12/site-packages/airflow/example_dags/example_python_operator.py took 0.049 seconds
[2025-03-29T17:29:11.413+0000] {processor.py:186} INFO - Started process (PID=432) to work on /home/airflow/.local/lib/python3.12/site-packages/airflow/example_dags/example_python_operator.py
[2025-03-29T17:29:11.413+0000] {processor.py:914} INFO - Processing file /home/airflow/.local/lib/python3.12/site-packages/airflow/example_dags/example_python_operator.py for tasks to queue
[2025-03-29T17:29:11.414+0000] {logging_mixin.py:190} INFO - [2025-03-29T17:29:11.414+0000] {dagbag.py:588} INFO - Filling up the DagBag from /home/airflow/.local/lib/python3.12/site-packages/airflow/example_dags/example_python_operator.py
[2025-03-29T17:29:11.422+0000] {processor.py:925} INFO - DAG(s) 'example_python_operator' retrieved from /home/airflow/.local/lib/python3.12/site-packages/airflow/example_dags/example_python_operator.py
[2025-03-29T17:29:11.436+0000] {logging_mixin.py:190} INFO - [2025-03-29T17:29:11.436+0000] {dag.py:3239} INFO - Sync 1 DAGs
[2025-03-29T17:29:11.446+0000] {logging_mixin.py:190} INFO - [2025-03-29T17:29:11.446+0000] {dag.py:4180} INFO - Setting next_dagrun for example_python_operator to None, run_after=None
[2025-03-29T17:29:11.459+0000] {processor.py:208} INFO - Processing /home/airflow/.local/lib/python3.12/site-packages/airflow/example_dags/example_python_operator.py took 0.050 seconds
[2025-03-29T17:29:42.937+0000] {processor.py:186} INFO - Started process (PID=495) to work on /home/airflow/.local/lib/python3.12/site-packages/airflow/example_dags/example_python_operator.py
[2025-03-29T17:29:42.938+0000] {processor.py:914} INFO - Processing file /home/airflow/.local/lib/python3.12/site-packages/airflow/example_dags/example_python_operator.py for tasks to queue
[2025-03-29T17:29:42.939+0000] {logging_mixin.py:190} INFO - [2025-03-29T17:29:42.939+0000] {dagbag.py:588} INFO - Filling up the DagBag from /home/airflow/.local/lib/python3.12/site-packages/airflow/example_dags/example_python_operator.py
[2025-03-29T17:29:42.947+0000] {processor.py:925} INFO - DAG(s) 'example_python_operator' retrieved from /home/airflow/.local/lib/python3.12/site-packages/airflow/example_dags/example_python_operator.py
[2025-03-29T17:29:42.962+0000] {logging_mixin.py:190} INFO - [2025-03-29T17:29:42.962+0000] {dag.py:3239} INFO - Sync 1 DAGs
[2025-03-29T17:29:42.972+0000] {logging_mixin.py:190} INFO - [2025-03-29T17:29:42.972+0000] {dag.py:4180} INFO - Setting next_dagrun for example_python_operator to None, run_after=None
[2025-03-29T17:29:42.984+0000] {processor.py:208} INFO - Processing /home/airflow/.local/lib/python3.12/site-packages/airflow/example_dags/example_python_operator.py took 0.050 seconds
[2025-03-29T17:30:14.454+0000] {processor.py:186} INFO - Started process (PID=558) to work on /home/airflow/.local/lib/python3.12/site-packages/airflow/example_dags/example_python_operator.py
[2025-03-29T17:30:14.454+0000] {processor.py:914} INFO - Processing file /home/airflow/.local/lib/python3.12/site-packages/airflow/example_dags/example_python_operator.py for tasks to queue
[2025-03-29T17:30:14.456+0000] {logging_mixin.py:190} INFO - [2025-03-29T17:30:14.455+0000] {dagbag.py:588} INFO - Filling up the DagBag from /home/airflow/.local/lib/python3.12/site-packages/airflow/example_dags/example_python_operator.py
[2025-03-29T17:30:14.467+0000] {processor.py:925} INFO - DAG(s) 'example_python_operator' retrieved from /home/airflow/.local/lib/python3.12/site-packages/airflow/example_dags/example_python_operator.py
[2025-03-29T17:30:14.484+0000] {logging_mixin.py:190} INFO - [2025-03-29T17:30:14.483+0000] {dag.py:3239} INFO - Sync 1 DAGs
[2025-03-29T17:30:14.495+0000] {logging_mixin.py:190} INFO - [2025-03-29T17:30:14.495+0000] {dag.py:4180} INFO - Setting next_dagrun for example_python_operator to None, run_after=None
[2025-03-29T17:30:14.510+0000] {processor.py:208} INFO - Processing /home/airflow/.local/lib/python3.12/site-packages/airflow/example_dags/example_python_operator.py took 0.059 seconds
[2025-03-29T17:30:45.073+0000] {processor.py:186} INFO - Started process (PID=621) to work on /home/airflow/.local/lib/python3.12/site-packages/airflow/example_dags/example_python_operator.py
[2025-03-29T17:30:45.074+0000] {processor.py:914} INFO - Processing file /home/airflow/.local/lib/python3.12/site-packages/airflow/example_dags/example_python_operator.py for tasks to queue
[2025-03-29T17:30:45.075+0000] {logging_mixin.py:190} INFO - [2025-03-29T17:30:45.075+0000] {dagbag.py:588} INFO - Filling up the DagBag from /home/airflow/.local/lib/python3.12/site-packages/airflow/example_dags/example_python_operator.py
[2025-03-29T17:30:45.083+0000] {processor.py:925} INFO - DAG(s) 'example_python_operator' retrieved from /home/airflow/.local/lib/python3.12/site-packages/airflow/example_dags/example_python_operator.py
[2025-03-29T17:30:45.097+0000] {logging_mixin.py:190} INFO - [2025-03-29T17:30:45.097+0000] {dag.py:3239} INFO - Sync 1 DAGs
[2025-03-29T17:30:45.108+0000] {logging_mixin.py:190} INFO - [2025-03-29T17:30:45.108+0000] {dag.py:4180} INFO - Setting next_dagrun for example_python_operator to None, run_after=None
[2025-03-29T17:30:45.124+0000] {processor.py:208} INFO - Processing /home/airflow/.local/lib/python3.12/site-packages/airflow/example_dags/example_python_operator.py took 0.055 seconds
[2025-03-29T17:31:16.215+0000] {processor.py:186} INFO - Started process (PID=684) to work on /home/airflow/.local/lib/python3.12/site-packages/airflow/example_dags/example_python_operator.py
[2025-03-29T17:31:16.215+0000] {processor.py:914} INFO - Processing file /home/airflow/.local/lib/python3.12/site-packages/airflow/example_dags/example_python_operator.py for tasks to queue
[2025-03-29T17:31:16.217+0000] {logging_mixin.py:190} INFO - [2025-03-29T17:31:16.217+0000] {dagbag.py:588} INFO - Filling up the DagBag from /home/airflow/.local/lib/python3.12/site-packages/airflow/example_dags/example_python_operator.py
[2025-03-29T17:31:16.225+0000] {processor.py:925} INFO - DAG(s) 'example_python_operator' retrieved from /home/airflow/.local/lib/python3.12/site-packages/airflow/example_dags/example_python_operator.py
[2025-03-29T17:31:16.238+0000] {logging_mixin.py:190} INFO - [2025-03-29T17:31:16.238+0000] {dag.py:3239} INFO - Sync 1 DAGs
[2025-03-29T17:31:16.249+0000] {logging_mixin.py:190} INFO - [2025-03-29T17:31:16.249+0000] {dag.py:4180} INFO - Setting next_dagrun for example_python_operator to None, run_after=None
[2025-03-29T17:31:16.266+0000] {processor.py:208} INFO - Processing /home/airflow/.local/lib/python3.12/site-packages/airflow/example_dags/example_python_operator.py took 0.056 seconds
[2025-03-29T17:31:47.618+0000] {processor.py:186} INFO - Started process (PID=753) to work on /home/airflow/.local/lib/python3.12/site-packages/airflow/example_dags/example_python_operator.py
[2025-03-29T17:31:47.619+0000] {processor.py:914} INFO - Processing file /home/airflow/.local/lib/python3.12/site-packages/airflow/example_dags/example_python_operator.py for tasks to queue
[2025-03-29T17:31:47.620+0000] {logging_mixin.py:190} INFO - [2025-03-29T17:31:47.620+0000] {dagbag.py:588} INFO - Filling up the DagBag from /home/airflow/.local/lib/python3.12/site-packages/airflow/example_dags/example_python_operator.py
[2025-03-29T17:31:47.628+0000] {processor.py:925} INFO - DAG(s) 'example_python_operator' retrieved from /home/airflow/.local/lib/python3.12/site-packages/airflow/example_dags/example_python_operator.py
[2025-03-29T17:31:47.642+0000] {logging_mixin.py:190} INFO - [2025-03-29T17:31:47.642+0000] {dag.py:3239} INFO - Sync 1 DAGs
[2025-03-29T17:31:47.652+0000] {logging_mixin.py:190} INFO - [2025-03-29T17:31:47.652+0000] {dag.py:4180} INFO - Setting next_dagrun for example_python_operator to None, run_after=None
[2025-03-29T17:31:47.665+0000] {processor.py:208} INFO - Processing /home/airflow/.local/lib/python3.12/site-packages/airflow/example_dags/example_python_operator.py took 0.051 seconds
[2025-03-29T17:32:18.072+0000] {processor.py:186} INFO - Started process (PID=816) to work on /home/airflow/.local/lib/python3.12/site-packages/airflow/example_dags/example_python_operator.py
[2025-03-29T17:32:18.072+0000] {processor.py:914} INFO - Processing file /home/airflow/.local/lib/python3.12/site-packages/airflow/example_dags/example_python_operator.py for tasks to queue
[2025-03-29T17:32:18.073+0000] {logging_mixin.py:190} INFO - [2025-03-29T17:32:18.073+0000] {dagbag.py:588} INFO - Filling up the DagBag from /home/airflow/.local/lib/python3.12/site-packages/airflow/example_dags/example_python_operator.py
[2025-03-29T17:32:18.081+0000] {processor.py:925} INFO - DAG(s) 'example_python_operator' retrieved from /home/airflow/.local/lib/python3.12/site-packages/airflow/example_dags/example_python_operator.py
[2025-03-29T17:32:18.094+0000] {logging_mixin.py:190} INFO - [2025-03-29T17:32:18.094+0000] {dag.py:3239} INFO - Sync 1 DAGs
[2025-03-29T17:32:18.103+0000] {logging_mixin.py:190} INFO - [2025-03-29T17:32:18.103+0000] {dag.py:4180} INFO - Setting next_dagrun for example_python_operator to None, run_after=None
[2025-03-29T17:32:18.116+0000] {processor.py:208} INFO - Processing /home/airflow/.local/lib/python3.12/site-packages/airflow/example_dags/example_python_operator.py took 0.048 seconds
[2025-03-29T17:32:49.475+0000] {processor.py:186} INFO - Started process (PID=879) to work on /home/airflow/.local/lib/python3.12/site-packages/airflow/example_dags/example_python_operator.py
[2025-03-29T17:32:49.475+0000] {processor.py:914} INFO - Processing file /home/airflow/.local/lib/python3.12/site-packages/airflow/example_dags/example_python_operator.py for tasks to queue
[2025-03-29T17:32:49.477+0000] {logging_mixin.py:190} INFO - [2025-03-29T17:32:49.477+0000] {dagbag.py:588} INFO - Filling up the DagBag from /home/airflow/.local/lib/python3.12/site-packages/airflow/example_dags/example_python_operator.py
[2025-03-29T17:32:49.484+0000] {processor.py:925} INFO - DAG(s) 'example_python_operator' retrieved from /home/airflow/.local/lib/python3.12/site-packages/airflow/example_dags/example_python_operator.py
[2025-03-29T17:32:49.500+0000] {logging_mixin.py:190} INFO - [2025-03-29T17:32:49.500+0000] {dag.py:3239} INFO - Sync 1 DAGs
[2025-03-29T17:32:49.509+0000] {logging_mixin.py:190} INFO - [2025-03-29T17:32:49.509+0000] {dag.py:4180} INFO - Setting next_dagrun for example_python_operator to None, run_after=None
[2025-03-29T17:32:49.522+0000] {processor.py:208} INFO - Processing /home/airflow/.local/lib/python3.12/site-packages/airflow/example_dags/example_python_operator.py took 0.050 seconds
[2025-03-29T17:33:19.994+0000] {processor.py:186} INFO - Started process (PID=942) to work on /home/airflow/.local/lib/python3.12/site-packages/airflow/example_dags/example_python_operator.py
[2025-03-29T17:33:19.995+0000] {processor.py:914} INFO - Processing file /home/airflow/.local/lib/python3.12/site-packages/airflow/example_dags/example_python_operator.py for tasks to queue
[2025-03-29T17:33:19.996+0000] {logging_mixin.py:190} INFO - [2025-03-29T17:33:19.996+0000] {dagbag.py:588} INFO - Filling up the DagBag from /home/airflow/.local/lib/python3.12/site-packages/airflow/example_dags/example_python_operator.py
[2025-03-29T17:33:20.003+0000] {processor.py:925} INFO - DAG(s) 'example_python_operator' retrieved from /home/airflow/.local/lib/python3.12/site-packages/airflow/example_dags/example_python_operator.py
[2025-03-29T17:33:20.017+0000] {logging_mixin.py:190} INFO - [2025-03-29T17:33:20.017+0000] {dag.py:3239} INFO - Sync 1 DAGs
[2025-03-29T17:33:20.026+0000] {logging_mixin.py:190} INFO - [2025-03-29T17:33:20.026+0000] {dag.py:4180} INFO - Setting next_dagrun for example_python_operator to None, run_after=None
[2025-03-29T17:33:20.038+0000] {processor.py:208} INFO - Processing /home/airflow/.local/lib/python3.12/site-packages/airflow/example_dags/example_python_operator.py took 0.047 seconds
[2025-03-29T17:33:51.423+0000] {processor.py:186} INFO - Started process (PID=1005) to work on /home/airflow/.local/lib/python3.12/site-packages/airflow/example_dags/example_python_operator.py
[2025-03-29T17:33:51.424+0000] {processor.py:914} INFO - Processing file /home/airflow/.local/lib/python3.12/site-packages/airflow/example_dags/example_python_operator.py for tasks to queue
[2025-03-29T17:33:51.426+0000] {logging_mixin.py:190} INFO - [2025-03-29T17:33:51.425+0000] {dagbag.py:588} INFO - Filling up the DagBag from /home/airflow/.local/lib/python3.12/site-packages/airflow/example_dags/example_python_operator.py
[2025-03-29T17:33:51.434+0000] {processor.py:925} INFO - DAG(s) 'example_python_operator' retrieved from /home/airflow/.local/lib/python3.12/site-packages/airflow/example_dags/example_python_operator.py
[2025-03-29T17:33:51.448+0000] {logging_mixin.py:190} INFO - [2025-03-29T17:33:51.448+0000] {dag.py:3239} INFO - Sync 1 DAGs
[2025-03-29T17:33:51.458+0000] {logging_mixin.py:190} INFO - [2025-03-29T17:33:51.458+0000] {dag.py:4180} INFO - Setting next_dagrun for example_python_operator to None, run_after=None
[2025-03-29T17:33:51.471+0000] {processor.py:208} INFO - Processing /home/airflow/.local/lib/python3.12/site-packages/airflow/example_dags/example_python_operator.py took 0.052 seconds
[2025-03-29T17:34:22.124+0000] {processor.py:186} INFO - Started process (PID=1068) to work on /home/airflow/.local/lib/python3.12/site-packages/airflow/example_dags/example_python_operator.py
[2025-03-29T17:34:22.124+0000] {processor.py:914} INFO - Processing file /home/airflow/.local/lib/python3.12/site-packages/airflow/example_dags/example_python_operator.py for tasks to queue
[2025-03-29T17:34:22.126+0000] {logging_mixin.py:190} INFO - [2025-03-29T17:34:22.126+0000] {dagbag.py:588} INFO - Filling up the DagBag from /home/airflow/.local/lib/python3.12/site-packages/airflow/example_dags/example_python_operator.py
[2025-03-29T17:34:22.134+0000] {processor.py:925} INFO - DAG(s) 'example_python_operator' retrieved from /home/airflow/.local/lib/python3.12/site-packages/airflow/example_dags/example_python_operator.py
[2025-03-29T17:34:22.149+0000] {logging_mixin.py:190} INFO - [2025-03-29T17:34:22.149+0000] {dag.py:3239} INFO - Sync 1 DAGs
[2025-03-29T17:34:22.159+0000] {logging_mixin.py:190} INFO - [2025-03-29T17:34:22.159+0000] {dag.py:4180} INFO - Setting next_dagrun for example_python_operator to None, run_after=None
[2025-03-29T17:34:22.171+0000] {processor.py:208} INFO - Processing /home/airflow/.local/lib/python3.12/site-packages/airflow/example_dags/example_python_operator.py took 0.051 seconds
[2025-03-29T17:34:53.648+0000] {processor.py:186} INFO - Started process (PID=1131) to work on /home/airflow/.local/lib/python3.12/site-packages/airflow/example_dags/example_python_operator.py
[2025-03-29T17:34:53.648+0000] {processor.py:914} INFO - Processing file /home/airflow/.local/lib/python3.12/site-packages/airflow/example_dags/example_python_operator.py for tasks to queue
[2025-03-29T17:34:53.650+0000] {logging_mixin.py:190} INFO - [2025-03-29T17:34:53.649+0000] {dagbag.py:588} INFO - Filling up the DagBag from /home/airflow/.local/lib/python3.12/site-packages/airflow/example_dags/example_python_operator.py
[2025-03-29T17:34:53.658+0000] {processor.py:925} INFO - DAG(s) 'example_python_operator' retrieved from /home/airflow/.local/lib/python3.12/site-packages/airflow/example_dags/example_python_operator.py
[2025-03-29T17:34:53.672+0000] {logging_mixin.py:190} INFO - [2025-03-29T17:34:53.672+0000] {dag.py:3239} INFO - Sync 1 DAGs
[2025-03-29T17:34:53.682+0000] {logging_mixin.py:190} INFO - [2025-03-29T17:34:53.682+0000] {dag.py:4180} INFO - Setting next_dagrun for example_python_operator to None, run_after=None
[2025-03-29T17:34:53.695+0000] {processor.py:208} INFO - Processing /home/airflow/.local/lib/python3.12/site-packages/airflow/example_dags/example_python_operator.py took 0.051 seconds
[2025-03-29T17:35:24.586+0000] {processor.py:186} INFO - Started process (PID=1194) to work on /home/airflow/.local/lib/python3.12/site-packages/airflow/example_dags/example_python_operator.py
[2025-03-29T17:35:24.587+0000] {processor.py:914} INFO - Processing file /home/airflow/.local/lib/python3.12/site-packages/airflow/example_dags/example_python_operator.py for tasks to queue
[2025-03-29T17:35:24.588+0000] {logging_mixin.py:190} INFO - [2025-03-29T17:35:24.588+0000] {dagbag.py:588} INFO - Filling up the DagBag from /home/airflow/.local/lib/python3.12/site-packages/airflow/example_dags/example_python_operator.py
[2025-03-29T17:35:24.598+0000] {processor.py:925} INFO - DAG(s) 'example_python_operator' retrieved from /home/airflow/.local/lib/python3.12/site-packages/airflow/example_dags/example_python_operator.py
[2025-03-29T17:35:24.620+0000] {logging_mixin.py:190} INFO - [2025-03-29T17:35:24.620+0000] {dag.py:3239} INFO - Sync 1 DAGs
[2025-03-29T17:35:24.633+0000] {logging_mixin.py:190} INFO - [2025-03-29T17:35:24.633+0000] {dag.py:4180} INFO - Setting next_dagrun for example_python_operator to None, run_after=None
[2025-03-29T17:35:24.650+0000] {processor.py:208} INFO - Processing /home/airflow/.local/lib/python3.12/site-packages/airflow/example_dags/example_python_operator.py took 0.068 seconds
[2025-03-29T17:35:55.885+0000] {processor.py:186} INFO - Started process (PID=1257) to work on /home/airflow/.local/lib/python3.12/site-packages/airflow/example_dags/example_python_operator.py
[2025-03-29T17:35:55.886+0000] {processor.py:914} INFO - Processing file /home/airflow/.local/lib/python3.12/site-packages/airflow/example_dags/example_python_operator.py for tasks to queue
[2025-03-29T17:35:55.887+0000] {logging_mixin.py:190} INFO - [2025-03-29T17:35:55.887+0000] {dagbag.py:588} INFO - Filling up the DagBag from /home/airflow/.local/lib/python3.12/site-packages/airflow/example_dags/example_python_operator.py
[2025-03-29T17:35:55.896+0000] {processor.py:925} INFO - DAG(s) 'example_python_operator' retrieved from /home/airflow/.local/lib/python3.12/site-packages/airflow/example_dags/example_python_operator.py
[2025-03-29T17:35:55.910+0000] {logging_mixin.py:190} INFO - [2025-03-29T17:35:55.910+0000] {dag.py:3239} INFO - Sync 1 DAGs
[2025-03-29T17:35:55.920+0000] {logging_mixin.py:190} INFO - [2025-03-29T17:35:55.920+0000] {dag.py:4180} INFO - Setting next_dagrun for example_python_operator to None, run_after=None
[2025-03-29T17:35:55.939+0000] {processor.py:208} INFO - Processing /home/airflow/.local/lib/python3.12/site-packages/airflow/example_dags/example_python_operator.py took 0.057 seconds
[2025-03-29T17:36:27.293+0000] {processor.py:186} INFO - Started process (PID=1320) to work on /home/airflow/.local/lib/python3.12/site-packages/airflow/example_dags/example_python_operator.py
[2025-03-29T17:36:27.294+0000] {processor.py:914} INFO - Processing file /home/airflow/.local/lib/python3.12/site-packages/airflow/example_dags/example_python_operator.py for tasks to queue
[2025-03-29T17:36:27.295+0000] {logging_mixin.py:190} INFO - [2025-03-29T17:36:27.295+0000] {dagbag.py:588} INFO - Filling up the DagBag from /home/airflow/.local/lib/python3.12/site-packages/airflow/example_dags/example_python_operator.py
[2025-03-29T17:36:27.304+0000] {processor.py:925} INFO - DAG(s) 'example_python_operator' retrieved from /home/airflow/.local/lib/python3.12/site-packages/airflow/example_dags/example_python_operator.py
[2025-03-29T17:36:27.319+0000] {logging_mixin.py:190} INFO - [2025-03-29T17:36:27.319+0000] {dag.py:3239} INFO - Sync 1 DAGs
[2025-03-29T17:36:27.329+0000] {logging_mixin.py:190} INFO - [2025-03-29T17:36:27.329+0000] {dag.py:4180} INFO - Setting next_dagrun for example_python_operator to None, run_after=None
[2025-03-29T17:36:27.341+0000] {processor.py:208} INFO - Processing /home/airflow/.local/lib/python3.12/site-packages/airflow/example_dags/example_python_operator.py took 0.051 seconds
[2025-03-29T17:36:58.616+0000] {processor.py:186} INFO - Started process (PID=1383) to work on /home/airflow/.local/lib/python3.12/site-packages/airflow/example_dags/example_python_operator.py
[2025-03-29T17:36:58.617+0000] {processor.py:914} INFO - Processing file /home/airflow/.local/lib/python3.12/site-packages/airflow/example_dags/example_python_operator.py for tasks to queue
[2025-03-29T17:36:58.618+0000] {logging_mixin.py:190} INFO - [2025-03-29T17:36:58.618+0000] {dagbag.py:588} INFO - Filling up the DagBag from /home/airflow/.local/lib/python3.12/site-packages/airflow/example_dags/example_python_operator.py
[2025-03-29T17:36:58.626+0000] {processor.py:925} INFO - DAG(s) 'example_python_operator' retrieved from /home/airflow/.local/lib/python3.12/site-packages/airflow/example_dags/example_python_operator.py
[2025-03-29T17:36:58.641+0000] {logging_mixin.py:190} INFO - [2025-03-29T17:36:58.641+0000] {dag.py:3239} INFO - Sync 1 DAGs
[2025-03-29T17:36:58.653+0000] {logging_mixin.py:190} INFO - [2025-03-29T17:36:58.652+0000] {dag.py:4180} INFO - Setting next_dagrun for example_python_operator to None, run_after=None
[2025-03-29T17:36:58.666+0000] {processor.py:208} INFO - Processing /home/airflow/.local/lib/python3.12/site-packages/airflow/example_dags/example_python_operator.py took 0.053 seconds
[2025-03-29T17:37:29.765+0000] {processor.py:186} INFO - Started process (PID=1446) to work on /home/airflow/.local/lib/python3.12/site-packages/airflow/example_dags/example_python_operator.py
[2025-03-29T17:37:29.766+0000] {processor.py:914} INFO - Processing file /home/airflow/.local/lib/python3.12/site-packages/airflow/example_dags/example_python_operator.py for tasks to queue
[2025-03-29T17:37:29.767+0000] {logging_mixin.py:190} INFO - [2025-03-29T17:37:29.767+0000] {dagbag.py:588} INFO - Filling up the DagBag from /home/airflow/.local/lib/python3.12/site-packages/airflow/example_dags/example_python_operator.py
[2025-03-29T17:37:29.774+0000] {processor.py:925} INFO - DAG(s) 'example_python_operator' retrieved from /home/airflow/.local/lib/python3.12/site-packages/airflow/example_dags/example_python_operator.py
[2025-03-29T17:37:29.788+0000] {logging_mixin.py:190} INFO - [2025-03-29T17:37:29.788+0000] {dag.py:3239} INFO - Sync 1 DAGs
[2025-03-29T17:37:29.799+0000] {logging_mixin.py:190} INFO - [2025-03-29T17:37:29.798+0000] {dag.py:4180} INFO - Setting next_dagrun for example_python_operator to None, run_after=None
[2025-03-29T17:37:29.811+0000] {processor.py:208} INFO - Processing /home/airflow/.local/lib/python3.12/site-packages/airflow/example_dags/example_python_operator.py took 0.049 seconds
[2025-03-29T17:38:00.495+0000] {processor.py:186} INFO - Started process (PID=1509) to work on /home/airflow/.local/lib/python3.12/site-packages/airflow/example_dags/example_python_operator.py
[2025-03-29T17:38:00.496+0000] {processor.py:914} INFO - Processing file /home/airflow/.local/lib/python3.12/site-packages/airflow/example_dags/example_python_operator.py for tasks to queue
[2025-03-29T17:38:00.497+0000] {logging_mixin.py:190} INFO - [2025-03-29T17:38:00.497+0000] {dagbag.py:588} INFO - Filling up the DagBag from /home/airflow/.local/lib/python3.12/site-packages/airflow/example_dags/example_python_operator.py
[2025-03-29T17:38:00.505+0000] {processor.py:925} INFO - DAG(s) 'example_python_operator' retrieved from /home/airflow/.local/lib/python3.12/site-packages/airflow/example_dags/example_python_operator.py
[2025-03-29T17:38:00.519+0000] {logging_mixin.py:190} INFO - [2025-03-29T17:38:00.519+0000] {dag.py:3239} INFO - Sync 1 DAGs
[2025-03-29T17:38:00.531+0000] {logging_mixin.py:190} INFO - [2025-03-29T17:38:00.531+0000] {dag.py:4180} INFO - Setting next_dagrun for example_python_operator to None, run_after=None
[2025-03-29T17:38:00.547+0000] {processor.py:208} INFO - Processing /home/airflow/.local/lib/python3.12/site-packages/airflow/example_dags/example_python_operator.py took 0.055 seconds
[2025-03-29T17:38:31.726+0000] {processor.py:186} INFO - Started process (PID=1572) to work on /home/airflow/.local/lib/python3.12/site-packages/airflow/example_dags/example_python_operator.py
[2025-03-29T17:38:31.726+0000] {processor.py:914} INFO - Processing file /home/airflow/.local/lib/python3.12/site-packages/airflow/example_dags/example_python_operator.py for tasks to queue
[2025-03-29T17:38:31.728+0000] {logging_mixin.py:190} INFO - [2025-03-29T17:38:31.728+0000] {dagbag.py:588} INFO - Filling up the DagBag from /home/airflow/.local/lib/python3.12/site-packages/airflow/example_dags/example_python_operator.py
[2025-03-29T17:38:31.735+0000] {processor.py:925} INFO - DAG(s) 'example_python_operator' retrieved from /home/airflow/.local/lib/python3.12/site-packages/airflow/example_dags/example_python_operator.py
[2025-03-29T17:38:31.749+0000] {logging_mixin.py:190} INFO - [2025-03-29T17:38:31.749+0000] {dag.py:3239} INFO - Sync 1 DAGs
[2025-03-29T17:38:31.758+0000] {logging_mixin.py:190} INFO - [2025-03-29T17:38:31.758+0000] {dag.py:4180} INFO - Setting next_dagrun for example_python_operator to None, run_after=None
[2025-03-29T17:38:31.770+0000] {processor.py:208} INFO - Processing /home/airflow/.local/lib/python3.12/site-packages/airflow/example_dags/example_python_operator.py took 0.047 seconds
