[2025-03-29T17:15:48.155+0000] {processor.py:186} INFO - Started process (PID=71) to work on /home/airflow/.local/lib/python3.12/site-packages/airflow/example_dags/example_display_name.py
[2025-03-29T17:15:48.156+0000] {processor.py:914} INFO - Processing file /home/airflow/.local/lib/python3.12/site-packages/airflow/example_dags/example_display_name.py for tasks to queue
[2025-03-29T17:15:48.157+0000] {logging_mixin.py:190} INFO - [2025-03-29T17:15:48.157+0000] {dagbag.py:588} INFO - Filling up the DagBag from /home/airflow/.local/lib/python3.12/site-packages/airflow/example_dags/example_display_name.py
[2025-03-29T17:15:48.162+0000] {processor.py:925} INFO - DAG(s) 'example_display_name' retrieved from /home/airflow/.local/lib/python3.12/site-packages/airflow/example_dags/example_display_name.py
[2025-03-29T17:15:48.239+0000] {logging_mixin.py:190} INFO - [2025-03-29T17:15:48.239+0000] {override.py:1912} INFO - Created Permission View: can delete on DAG:example_display_name
[2025-03-29T17:15:48.245+0000] {logging_mixin.py:190} INFO - [2025-03-29T17:15:48.245+0000] {override.py:1912} INFO - Created Permission View: can edit on DAG:example_display_name
[2025-03-29T17:15:48.250+0000] {logging_mixin.py:190} INFO - [2025-03-29T17:15:48.250+0000] {override.py:1912} INFO - Created Permission View: can read on DAG:example_display_name
[2025-03-29T17:15:48.255+0000] {logging_mixin.py:190} INFO - [2025-03-29T17:15:48.255+0000] {override.py:1912} INFO - Created Permission View: can delete on DAG Run:example_display_name
[2025-03-29T17:15:48.261+0000] {logging_mixin.py:190} INFO - [2025-03-29T17:15:48.261+0000] {override.py:1912} INFO - Created Permission View: menu access on DAG Run:example_display_name
[2025-03-29T17:15:48.266+0000] {logging_mixin.py:190} INFO - [2025-03-29T17:15:48.266+0000] {override.py:1912} INFO - Created Permission View: can read on DAG Run:example_display_name
[2025-03-29T17:15:48.270+0000] {logging_mixin.py:190} INFO - [2025-03-29T17:15:48.270+0000] {override.py:1912} INFO - Created Permission View: can create on DAG Run:example_display_name
[2025-03-29T17:15:48.271+0000] {logging_mixin.py:190} INFO - [2025-03-29T17:15:48.271+0000] {dag.py:3239} INFO - Sync 1 DAGs
[2025-03-29T17:15:48.280+0000] {logging_mixin.py:190} INFO - [2025-03-29T17:15:48.280+0000] {dag.py:3262} INFO - Creating ORM DAG for example_display_name
[2025-03-29T17:15:48.281+0000] {logging_mixin.py:190} INFO - [2025-03-29T17:15:48.281+0000] {dag.py:4180} INFO - Setting next_dagrun for example_display_name to None, run_after=None
[2025-03-29T17:15:48.292+0000] {processor.py:208} INFO - Processing /home/airflow/.local/lib/python3.12/site-packages/airflow/example_dags/example_display_name.py took 0.140 seconds
[2025-03-29T17:16:18.873+0000] {processor.py:186} INFO - Started process (PID=134) to work on /home/airflow/.local/lib/python3.12/site-packages/airflow/example_dags/example_display_name.py
[2025-03-29T17:16:18.874+0000] {processor.py:914} INFO - Processing file /home/airflow/.local/lib/python3.12/site-packages/airflow/example_dags/example_display_name.py for tasks to queue
[2025-03-29T17:16:18.877+0000] {logging_mixin.py:190} INFO - [2025-03-29T17:16:18.876+0000] {dagbag.py:588} INFO - Filling up the DagBag from /home/airflow/.local/lib/python3.12/site-packages/airflow/example_dags/example_display_name.py
[2025-03-29T17:16:18.883+0000] {processor.py:925} INFO - DAG(s) 'example_display_name' retrieved from /home/airflow/.local/lib/python3.12/site-packages/airflow/example_dags/example_display_name.py
[2025-03-29T17:16:18.903+0000] {logging_mixin.py:190} INFO - [2025-03-29T17:16:18.902+0000] {dag.py:3239} INFO - Sync 1 DAGs
[2025-03-29T17:16:18.917+0000] {logging_mixin.py:190} INFO - [2025-03-29T17:16:18.917+0000] {dag.py:4180} INFO - Setting next_dagrun for example_display_name to None, run_after=None
[2025-03-29T17:16:18.952+0000] {processor.py:208} INFO - Processing /home/airflow/.local/lib/python3.12/site-packages/airflow/example_dags/example_display_name.py took 0.083 seconds
[2025-03-29T17:16:49.654+0000] {processor.py:186} INFO - Started process (PID=197) to work on /home/airflow/.local/lib/python3.12/site-packages/airflow/example_dags/example_display_name.py
[2025-03-29T17:16:49.655+0000] {processor.py:914} INFO - Processing file /home/airflow/.local/lib/python3.12/site-packages/airflow/example_dags/example_display_name.py for tasks to queue
[2025-03-29T17:16:49.656+0000] {logging_mixin.py:190} INFO - [2025-03-29T17:16:49.656+0000] {dagbag.py:588} INFO - Filling up the DagBag from /home/airflow/.local/lib/python3.12/site-packages/airflow/example_dags/example_display_name.py
[2025-03-29T17:16:49.661+0000] {processor.py:925} INFO - DAG(s) 'example_display_name' retrieved from /home/airflow/.local/lib/python3.12/site-packages/airflow/example_dags/example_display_name.py
[2025-03-29T17:16:49.673+0000] {logging_mixin.py:190} INFO - [2025-03-29T17:16:49.673+0000] {dag.py:3239} INFO - Sync 1 DAGs
[2025-03-29T17:16:49.682+0000] {logging_mixin.py:190} INFO - [2025-03-29T17:16:49.682+0000] {dag.py:4180} INFO - Setting next_dagrun for example_display_name to None, run_after=None
[2025-03-29T17:16:49.694+0000] {processor.py:208} INFO - Processing /home/airflow/.local/lib/python3.12/site-packages/airflow/example_dags/example_display_name.py took 0.044 seconds
[2025-03-29T17:17:19.969+0000] {processor.py:186} INFO - Started process (PID=260) to work on /home/airflow/.local/lib/python3.12/site-packages/airflow/example_dags/example_display_name.py
[2025-03-29T17:17:19.970+0000] {processor.py:914} INFO - Processing file /home/airflow/.local/lib/python3.12/site-packages/airflow/example_dags/example_display_name.py for tasks to queue
[2025-03-29T17:17:19.971+0000] {logging_mixin.py:190} INFO - [2025-03-29T17:17:19.971+0000] {dagbag.py:588} INFO - Filling up the DagBag from /home/airflow/.local/lib/python3.12/site-packages/airflow/example_dags/example_display_name.py
[2025-03-29T17:17:19.976+0000] {processor.py:925} INFO - DAG(s) 'example_display_name' retrieved from /home/airflow/.local/lib/python3.12/site-packages/airflow/example_dags/example_display_name.py
[2025-03-29T17:17:19.987+0000] {logging_mixin.py:190} INFO - [2025-03-29T17:17:19.987+0000] {dag.py:3239} INFO - Sync 1 DAGs
[2025-03-29T17:17:19.997+0000] {logging_mixin.py:190} INFO - [2025-03-29T17:17:19.996+0000] {dag.py:4180} INFO - Setting next_dagrun for example_display_name to None, run_after=None
[2025-03-29T17:17:20.008+0000] {processor.py:208} INFO - Processing /home/airflow/.local/lib/python3.12/site-packages/airflow/example_dags/example_display_name.py took 0.042 seconds
[2025-03-29T17:17:51.377+0000] {processor.py:186} INFO - Started process (PID=323) to work on /home/airflow/.local/lib/python3.12/site-packages/airflow/example_dags/example_display_name.py
[2025-03-29T17:17:51.377+0000] {processor.py:914} INFO - Processing file /home/airflow/.local/lib/python3.12/site-packages/airflow/example_dags/example_display_name.py for tasks to queue
[2025-03-29T17:17:51.379+0000] {logging_mixin.py:190} INFO - [2025-03-29T17:17:51.379+0000] {dagbag.py:588} INFO - Filling up the DagBag from /home/airflow/.local/lib/python3.12/site-packages/airflow/example_dags/example_display_name.py
[2025-03-29T17:17:51.384+0000] {processor.py:925} INFO - DAG(s) 'example_display_name' retrieved from /home/airflow/.local/lib/python3.12/site-packages/airflow/example_dags/example_display_name.py
[2025-03-29T17:17:51.397+0000] {logging_mixin.py:190} INFO - [2025-03-29T17:17:51.397+0000] {dag.py:3239} INFO - Sync 1 DAGs
[2025-03-29T17:17:51.408+0000] {logging_mixin.py:190} INFO - [2025-03-29T17:17:51.408+0000] {dag.py:4180} INFO - Setting next_dagrun for example_display_name to None, run_after=None
[2025-03-29T17:17:51.422+0000] {processor.py:208} INFO - Processing /home/airflow/.local/lib/python3.12/site-packages/airflow/example_dags/example_display_name.py took 0.049 seconds
[2025-03-29T17:18:22.850+0000] {processor.py:186} INFO - Started process (PID=386) to work on /home/airflow/.local/lib/python3.12/site-packages/airflow/example_dags/example_display_name.py
[2025-03-29T17:18:22.850+0000] {processor.py:914} INFO - Processing file /home/airflow/.local/lib/python3.12/site-packages/airflow/example_dags/example_display_name.py for tasks to queue
[2025-03-29T17:18:22.852+0000] {logging_mixin.py:190} INFO - [2025-03-29T17:18:22.851+0000] {dagbag.py:588} INFO - Filling up the DagBag from /home/airflow/.local/lib/python3.12/site-packages/airflow/example_dags/example_display_name.py
[2025-03-29T17:18:22.856+0000] {processor.py:925} INFO - DAG(s) 'example_display_name' retrieved from /home/airflow/.local/lib/python3.12/site-packages/airflow/example_dags/example_display_name.py
[2025-03-29T17:18:22.868+0000] {logging_mixin.py:190} INFO - [2025-03-29T17:18:22.868+0000] {dag.py:3239} INFO - Sync 1 DAGs
[2025-03-29T17:18:22.877+0000] {logging_mixin.py:190} INFO - [2025-03-29T17:18:22.877+0000] {dag.py:4180} INFO - Setting next_dagrun for example_display_name to None, run_after=None
[2025-03-29T17:18:22.889+0000] {processor.py:208} INFO - Processing /home/airflow/.local/lib/python3.12/site-packages/airflow/example_dags/example_display_name.py took 0.042 seconds
[2025-03-29T17:18:53.518+0000] {processor.py:186} INFO - Started process (PID=449) to work on /home/airflow/.local/lib/python3.12/site-packages/airflow/example_dags/example_display_name.py
[2025-03-29T17:18:53.518+0000] {processor.py:914} INFO - Processing file /home/airflow/.local/lib/python3.12/site-packages/airflow/example_dags/example_display_name.py for tasks to queue
[2025-03-29T17:18:53.520+0000] {logging_mixin.py:190} INFO - [2025-03-29T17:18:53.520+0000] {dagbag.py:588} INFO - Filling up the DagBag from /home/airflow/.local/lib/python3.12/site-packages/airflow/example_dags/example_display_name.py
[2025-03-29T17:18:53.525+0000] {processor.py:925} INFO - DAG(s) 'example_display_name' retrieved from /home/airflow/.local/lib/python3.12/site-packages/airflow/example_dags/example_display_name.py
[2025-03-29T17:18:53.537+0000] {logging_mixin.py:190} INFO - [2025-03-29T17:18:53.537+0000] {dag.py:3239} INFO - Sync 1 DAGs
[2025-03-29T17:18:53.547+0000] {logging_mixin.py:190} INFO - [2025-03-29T17:18:53.546+0000] {dag.py:4180} INFO - Setting next_dagrun for example_display_name to None, run_after=None
[2025-03-29T17:18:53.559+0000] {processor.py:208} INFO - Processing /home/airflow/.local/lib/python3.12/site-packages/airflow/example_dags/example_display_name.py took 0.045 seconds
[2025-03-29T17:19:24.931+0000] {processor.py:186} INFO - Started process (PID=512) to work on /home/airflow/.local/lib/python3.12/site-packages/airflow/example_dags/example_display_name.py
[2025-03-29T17:19:24.931+0000] {processor.py:914} INFO - Processing file /home/airflow/.local/lib/python3.12/site-packages/airflow/example_dags/example_display_name.py for tasks to queue
[2025-03-29T17:19:24.932+0000] {logging_mixin.py:190} INFO - [2025-03-29T17:19:24.932+0000] {dagbag.py:588} INFO - Filling up the DagBag from /home/airflow/.local/lib/python3.12/site-packages/airflow/example_dags/example_display_name.py
[2025-03-29T17:19:24.937+0000] {processor.py:925} INFO - DAG(s) 'example_display_name' retrieved from /home/airflow/.local/lib/python3.12/site-packages/airflow/example_dags/example_display_name.py
[2025-03-29T17:19:24.949+0000] {logging_mixin.py:190} INFO - [2025-03-29T17:19:24.948+0000] {dag.py:3239} INFO - Sync 1 DAGs
[2025-03-29T17:19:24.958+0000] {logging_mixin.py:190} INFO - [2025-03-29T17:19:24.958+0000] {dag.py:4180} INFO - Setting next_dagrun for example_display_name to None, run_after=None
[2025-03-29T17:19:24.970+0000] {processor.py:208} INFO - Processing /home/airflow/.local/lib/python3.12/site-packages/airflow/example_dags/example_display_name.py took 0.043 seconds
[2025-03-29T17:19:56.481+0000] {processor.py:186} INFO - Started process (PID=575) to work on /home/airflow/.local/lib/python3.12/site-packages/airflow/example_dags/example_display_name.py
[2025-03-29T17:19:56.482+0000] {processor.py:914} INFO - Processing file /home/airflow/.local/lib/python3.12/site-packages/airflow/example_dags/example_display_name.py for tasks to queue
[2025-03-29T17:19:56.483+0000] {logging_mixin.py:190} INFO - [2025-03-29T17:19:56.483+0000] {dagbag.py:588} INFO - Filling up the DagBag from /home/airflow/.local/lib/python3.12/site-packages/airflow/example_dags/example_display_name.py
[2025-03-29T17:19:56.487+0000] {processor.py:925} INFO - DAG(s) 'example_display_name' retrieved from /home/airflow/.local/lib/python3.12/site-packages/airflow/example_dags/example_display_name.py
[2025-03-29T17:19:56.499+0000] {logging_mixin.py:190} INFO - [2025-03-29T17:19:56.498+0000] {dag.py:3239} INFO - Sync 1 DAGs
[2025-03-29T17:19:56.508+0000] {logging_mixin.py:190} INFO - [2025-03-29T17:19:56.508+0000] {dag.py:4180} INFO - Setting next_dagrun for example_display_name to None, run_after=None
[2025-03-29T17:19:56.520+0000] {processor.py:208} INFO - Processing /home/airflow/.local/lib/python3.12/site-packages/airflow/example_dags/example_display_name.py took 0.042 seconds
[2025-03-29T17:20:26.812+0000] {processor.py:186} INFO - Started process (PID=644) to work on /home/airflow/.local/lib/python3.12/site-packages/airflow/example_dags/example_display_name.py
[2025-03-29T17:20:26.812+0000] {processor.py:914} INFO - Processing file /home/airflow/.local/lib/python3.12/site-packages/airflow/example_dags/example_display_name.py for tasks to queue
[2025-03-29T17:20:26.813+0000] {logging_mixin.py:190} INFO - [2025-03-29T17:20:26.813+0000] {dagbag.py:588} INFO - Filling up the DagBag from /home/airflow/.local/lib/python3.12/site-packages/airflow/example_dags/example_display_name.py
[2025-03-29T17:20:26.818+0000] {processor.py:925} INFO - DAG(s) 'example_display_name' retrieved from /home/airflow/.local/lib/python3.12/site-packages/airflow/example_dags/example_display_name.py
[2025-03-29T17:20:26.831+0000] {logging_mixin.py:190} INFO - [2025-03-29T17:20:26.831+0000] {dag.py:3239} INFO - Sync 1 DAGs
[2025-03-29T17:20:26.841+0000] {logging_mixin.py:190} INFO - [2025-03-29T17:20:26.841+0000] {dag.py:4180} INFO - Setting next_dagrun for example_display_name to None, run_after=None
[2025-03-29T17:20:26.854+0000] {processor.py:208} INFO - Processing /home/airflow/.local/lib/python3.12/site-packages/airflow/example_dags/example_display_name.py took 0.046 seconds
[2025-03-29T17:20:58.467+0000] {processor.py:186} INFO - Started process (PID=707) to work on /home/airflow/.local/lib/python3.12/site-packages/airflow/example_dags/example_display_name.py
[2025-03-29T17:20:58.468+0000] {processor.py:914} INFO - Processing file /home/airflow/.local/lib/python3.12/site-packages/airflow/example_dags/example_display_name.py for tasks to queue
[2025-03-29T17:20:58.469+0000] {logging_mixin.py:190} INFO - [2025-03-29T17:20:58.469+0000] {dagbag.py:588} INFO - Filling up the DagBag from /home/airflow/.local/lib/python3.12/site-packages/airflow/example_dags/example_display_name.py
[2025-03-29T17:20:58.476+0000] {processor.py:925} INFO - DAG(s) 'example_display_name' retrieved from /home/airflow/.local/lib/python3.12/site-packages/airflow/example_dags/example_display_name.py
[2025-03-29T17:20:58.493+0000] {logging_mixin.py:190} INFO - [2025-03-29T17:20:58.492+0000] {dag.py:3239} INFO - Sync 1 DAGs
[2025-03-29T17:20:58.504+0000] {logging_mixin.py:190} INFO - [2025-03-29T17:20:58.504+0000] {dag.py:4180} INFO - Setting next_dagrun for example_display_name to None, run_after=None
[2025-03-29T17:20:58.520+0000] {processor.py:208} INFO - Processing /home/airflow/.local/lib/python3.12/site-packages/airflow/example_dags/example_display_name.py took 0.057 seconds
[2025-03-29T17:21:28.833+0000] {processor.py:186} INFO - Started process (PID=770) to work on /home/airflow/.local/lib/python3.12/site-packages/airflow/example_dags/example_display_name.py
[2025-03-29T17:21:28.833+0000] {processor.py:914} INFO - Processing file /home/airflow/.local/lib/python3.12/site-packages/airflow/example_dags/example_display_name.py for tasks to queue
[2025-03-29T17:21:28.834+0000] {logging_mixin.py:190} INFO - [2025-03-29T17:21:28.834+0000] {dagbag.py:588} INFO - Filling up the DagBag from /home/airflow/.local/lib/python3.12/site-packages/airflow/example_dags/example_display_name.py
[2025-03-29T17:21:28.839+0000] {processor.py:925} INFO - DAG(s) 'example_display_name' retrieved from /home/airflow/.local/lib/python3.12/site-packages/airflow/example_dags/example_display_name.py
[2025-03-29T17:21:28.851+0000] {logging_mixin.py:190} INFO - [2025-03-29T17:21:28.851+0000] {dag.py:3239} INFO - Sync 1 DAGs
[2025-03-29T17:21:28.862+0000] {logging_mixin.py:190} INFO - [2025-03-29T17:21:28.861+0000] {dag.py:4180} INFO - Setting next_dagrun for example_display_name to None, run_after=None
[2025-03-29T17:21:28.873+0000] {processor.py:208} INFO - Processing /home/airflow/.local/lib/python3.12/site-packages/airflow/example_dags/example_display_name.py took 0.044 seconds
[2025-03-29T17:22:00.128+0000] {processor.py:186} INFO - Started process (PID=833) to work on /home/airflow/.local/lib/python3.12/site-packages/airflow/example_dags/example_display_name.py
[2025-03-29T17:22:00.128+0000] {processor.py:914} INFO - Processing file /home/airflow/.local/lib/python3.12/site-packages/airflow/example_dags/example_display_name.py for tasks to queue
[2025-03-29T17:22:00.130+0000] {logging_mixin.py:190} INFO - [2025-03-29T17:22:00.130+0000] {dagbag.py:588} INFO - Filling up the DagBag from /home/airflow/.local/lib/python3.12/site-packages/airflow/example_dags/example_display_name.py
[2025-03-29T17:22:00.135+0000] {processor.py:925} INFO - DAG(s) 'example_display_name' retrieved from /home/airflow/.local/lib/python3.12/site-packages/airflow/example_dags/example_display_name.py
[2025-03-29T17:22:00.148+0000] {logging_mixin.py:190} INFO - [2025-03-29T17:22:00.148+0000] {dag.py:3239} INFO - Sync 1 DAGs
[2025-03-29T17:22:00.159+0000] {logging_mixin.py:190} INFO - [2025-03-29T17:22:00.158+0000] {dag.py:4180} INFO - Setting next_dagrun for example_display_name to None, run_after=None
[2025-03-29T17:22:00.172+0000] {processor.py:208} INFO - Processing /home/airflow/.local/lib/python3.12/site-packages/airflow/example_dags/example_display_name.py took 0.048 seconds
[2025-03-29T17:22:31.684+0000] {processor.py:186} INFO - Started process (PID=896) to work on /home/airflow/.local/lib/python3.12/site-packages/airflow/example_dags/example_display_name.py
[2025-03-29T17:22:31.684+0000] {processor.py:914} INFO - Processing file /home/airflow/.local/lib/python3.12/site-packages/airflow/example_dags/example_display_name.py for tasks to queue
[2025-03-29T17:22:31.686+0000] {logging_mixin.py:190} INFO - [2025-03-29T17:22:31.686+0000] {dagbag.py:588} INFO - Filling up the DagBag from /home/airflow/.local/lib/python3.12/site-packages/airflow/example_dags/example_display_name.py
[2025-03-29T17:22:31.691+0000] {processor.py:925} INFO - DAG(s) 'example_display_name' retrieved from /home/airflow/.local/lib/python3.12/site-packages/airflow/example_dags/example_display_name.py
[2025-03-29T17:22:31.704+0000] {logging_mixin.py:190} INFO - [2025-03-29T17:22:31.704+0000] {dag.py:3239} INFO - Sync 1 DAGs
[2025-03-29T17:22:31.714+0000] {logging_mixin.py:190} INFO - [2025-03-29T17:22:31.714+0000] {dag.py:4180} INFO - Setting next_dagrun for example_display_name to None, run_after=None
[2025-03-29T17:22:31.731+0000] {processor.py:208} INFO - Processing /home/airflow/.local/lib/python3.12/site-packages/airflow/example_dags/example_display_name.py took 0.051 seconds
[2025-03-29T17:23:02.383+0000] {processor.py:186} INFO - Started process (PID=959) to work on /home/airflow/.local/lib/python3.12/site-packages/airflow/example_dags/example_display_name.py
[2025-03-29T17:23:02.383+0000] {processor.py:914} INFO - Processing file /home/airflow/.local/lib/python3.12/site-packages/airflow/example_dags/example_display_name.py for tasks to queue
[2025-03-29T17:23:02.384+0000] {logging_mixin.py:190} INFO - [2025-03-29T17:23:02.384+0000] {dagbag.py:588} INFO - Filling up the DagBag from /home/airflow/.local/lib/python3.12/site-packages/airflow/example_dags/example_display_name.py
[2025-03-29T17:23:02.389+0000] {processor.py:925} INFO - DAG(s) 'example_display_name' retrieved from /home/airflow/.local/lib/python3.12/site-packages/airflow/example_dags/example_display_name.py
[2025-03-29T17:23:02.400+0000] {logging_mixin.py:190} INFO - [2025-03-29T17:23:02.400+0000] {dag.py:3239} INFO - Sync 1 DAGs
[2025-03-29T17:23:02.409+0000] {logging_mixin.py:190} INFO - [2025-03-29T17:23:02.409+0000] {dag.py:4180} INFO - Setting next_dagrun for example_display_name to None, run_after=None
[2025-03-29T17:23:02.420+0000] {processor.py:208} INFO - Processing /home/airflow/.local/lib/python3.12/site-packages/airflow/example_dags/example_display_name.py took 0.041 seconds
[2025-03-29T17:26:09.138+0000] {processor.py:186} INFO - Started process (PID=71) to work on /home/airflow/.local/lib/python3.12/site-packages/airflow/example_dags/example_display_name.py
[2025-03-29T17:26:09.141+0000] {processor.py:914} INFO - Processing file /home/airflow/.local/lib/python3.12/site-packages/airflow/example_dags/example_display_name.py for tasks to queue
[2025-03-29T17:26:09.143+0000] {logging_mixin.py:190} INFO - [2025-03-29T17:26:09.143+0000] {dagbag.py:588} INFO - Filling up the DagBag from /home/airflow/.local/lib/python3.12/site-packages/airflow/example_dags/example_display_name.py
[2025-03-29T17:26:09.167+0000] {processor.py:925} INFO - DAG(s) 'example_display_name' retrieved from /home/airflow/.local/lib/python3.12/site-packages/airflow/example_dags/example_display_name.py
[2025-03-29T17:26:09.380+0000] {logging_mixin.py:190} INFO - [2025-03-29T17:26:09.379+0000] {override.py:1912} INFO - Created Permission View: can delete on DAG:example_display_name
[2025-03-29T17:26:09.403+0000] {logging_mixin.py:190} INFO - [2025-03-29T17:26:09.402+0000] {override.py:1912} INFO - Created Permission View: can read on DAG:example_display_name
[2025-03-29T17:26:09.413+0000] {logging_mixin.py:190} INFO - [2025-03-29T17:26:09.412+0000] {override.py:1912} INFO - Created Permission View: can edit on DAG:example_display_name
[2025-03-29T17:26:09.443+0000] {logging_mixin.py:190} INFO - [2025-03-29T17:26:09.442+0000] {override.py:1912} INFO - Created Permission View: can delete on DAG Run:example_display_name
[2025-03-29T17:26:09.454+0000] {logging_mixin.py:190} INFO - [2025-03-29T17:26:09.454+0000] {override.py:1912} INFO - Created Permission View: can read on DAG Run:example_display_name
[2025-03-29T17:26:09.470+0000] {logging_mixin.py:190} INFO - [2025-03-29T17:26:09.470+0000] {override.py:1912} INFO - Created Permission View: can create on DAG Run:example_display_name
[2025-03-29T17:26:09.477+0000] {logging_mixin.py:190} INFO - [2025-03-29T17:26:09.477+0000] {override.py:1912} INFO - Created Permission View: menu access on DAG Run:example_display_name
[2025-03-29T17:26:09.478+0000] {logging_mixin.py:190} INFO - [2025-03-29T17:26:09.478+0000] {dag.py:3239} INFO - Sync 1 DAGs
[2025-03-29T17:26:09.491+0000] {logging_mixin.py:190} INFO - [2025-03-29T17:26:09.491+0000] {dag.py:3262} INFO - Creating ORM DAG for example_display_name
[2025-03-29T17:26:09.492+0000] {logging_mixin.py:190} INFO - [2025-03-29T17:26:09.492+0000] {dag.py:4180} INFO - Setting next_dagrun for example_display_name to None, run_after=None
[2025-03-29T17:26:09.509+0000] {processor.py:208} INFO - Processing /home/airflow/.local/lib/python3.12/site-packages/airflow/example_dags/example_display_name.py took 0.376 seconds
[2025-03-29T17:26:39.643+0000] {processor.py:186} INFO - Started process (PID=134) to work on /home/airflow/.local/lib/python3.12/site-packages/airflow/example_dags/example_display_name.py
[2025-03-29T17:26:39.644+0000] {processor.py:914} INFO - Processing file /home/airflow/.local/lib/python3.12/site-packages/airflow/example_dags/example_display_name.py for tasks to queue
[2025-03-29T17:26:39.645+0000] {logging_mixin.py:190} INFO - [2025-03-29T17:26:39.645+0000] {dagbag.py:588} INFO - Filling up the DagBag from /home/airflow/.local/lib/python3.12/site-packages/airflow/example_dags/example_display_name.py
[2025-03-29T17:26:39.650+0000] {processor.py:925} INFO - DAG(s) 'example_display_name' retrieved from /home/airflow/.local/lib/python3.12/site-packages/airflow/example_dags/example_display_name.py
[2025-03-29T17:26:39.660+0000] {logging_mixin.py:190} INFO - [2025-03-29T17:26:39.660+0000] {dag.py:3239} INFO - Sync 1 DAGs
[2025-03-29T17:26:39.669+0000] {logging_mixin.py:190} INFO - [2025-03-29T17:26:39.669+0000] {dag.py:4180} INFO - Setting next_dagrun for example_display_name to None, run_after=None
[2025-03-29T17:26:39.681+0000] {processor.py:208} INFO - Processing /home/airflow/.local/lib/python3.12/site-packages/airflow/example_dags/example_display_name.py took 0.041 seconds
[2025-03-29T17:27:10.506+0000] {processor.py:186} INFO - Started process (PID=197) to work on /home/airflow/.local/lib/python3.12/site-packages/airflow/example_dags/example_display_name.py
[2025-03-29T17:27:10.507+0000] {processor.py:914} INFO - Processing file /home/airflow/.local/lib/python3.12/site-packages/airflow/example_dags/example_display_name.py for tasks to queue
[2025-03-29T17:27:10.508+0000] {logging_mixin.py:190} INFO - [2025-03-29T17:27:10.508+0000] {dagbag.py:588} INFO - Filling up the DagBag from /home/airflow/.local/lib/python3.12/site-packages/airflow/example_dags/example_display_name.py
[2025-03-29T17:27:10.513+0000] {processor.py:925} INFO - DAG(s) 'example_display_name' retrieved from /home/airflow/.local/lib/python3.12/site-packages/airflow/example_dags/example_display_name.py
[2025-03-29T17:27:10.525+0000] {logging_mixin.py:190} INFO - [2025-03-29T17:27:10.525+0000] {dag.py:3239} INFO - Sync 1 DAGs
[2025-03-29T17:27:10.536+0000] {logging_mixin.py:190} INFO - [2025-03-29T17:27:10.535+0000] {dag.py:4180} INFO - Setting next_dagrun for example_display_name to None, run_after=None
[2025-03-29T17:27:10.547+0000] {processor.py:208} INFO - Processing /home/airflow/.local/lib/python3.12/site-packages/airflow/example_dags/example_display_name.py took 0.044 seconds
[2025-03-29T17:27:41.031+0000] {processor.py:186} INFO - Started process (PID=260) to work on /home/airflow/.local/lib/python3.12/site-packages/airflow/example_dags/example_display_name.py
[2025-03-29T17:27:41.032+0000] {processor.py:914} INFO - Processing file /home/airflow/.local/lib/python3.12/site-packages/airflow/example_dags/example_display_name.py for tasks to queue
[2025-03-29T17:27:41.033+0000] {logging_mixin.py:190} INFO - [2025-03-29T17:27:41.033+0000] {dagbag.py:588} INFO - Filling up the DagBag from /home/airflow/.local/lib/python3.12/site-packages/airflow/example_dags/example_display_name.py
[2025-03-29T17:27:41.038+0000] {processor.py:925} INFO - DAG(s) 'example_display_name' retrieved from /home/airflow/.local/lib/python3.12/site-packages/airflow/example_dags/example_display_name.py
[2025-03-29T17:27:41.051+0000] {logging_mixin.py:190} INFO - [2025-03-29T17:27:41.051+0000] {dag.py:3239} INFO - Sync 1 DAGs
[2025-03-29T17:27:41.060+0000] {logging_mixin.py:190} INFO - [2025-03-29T17:27:41.060+0000] {dag.py:4180} INFO - Setting next_dagrun for example_display_name to None, run_after=None
[2025-03-29T17:27:41.073+0000] {processor.py:208} INFO - Processing /home/airflow/.local/lib/python3.12/site-packages/airflow/example_dags/example_display_name.py took 0.045 seconds
[2025-03-29T17:28:11.184+0000] {processor.py:186} INFO - Started process (PID=323) to work on /home/airflow/.local/lib/python3.12/site-packages/airflow/example_dags/example_display_name.py
[2025-03-29T17:28:11.185+0000] {processor.py:914} INFO - Processing file /home/airflow/.local/lib/python3.12/site-packages/airflow/example_dags/example_display_name.py for tasks to queue
[2025-03-29T17:28:11.186+0000] {logging_mixin.py:190} INFO - [2025-03-29T17:28:11.186+0000] {dagbag.py:588} INFO - Filling up the DagBag from /home/airflow/.local/lib/python3.12/site-packages/airflow/example_dags/example_display_name.py
[2025-03-29T17:28:11.191+0000] {processor.py:925} INFO - DAG(s) 'example_display_name' retrieved from /home/airflow/.local/lib/python3.12/site-packages/airflow/example_dags/example_display_name.py
[2025-03-29T17:28:11.202+0000] {logging_mixin.py:190} INFO - [2025-03-29T17:28:11.202+0000] {dag.py:3239} INFO - Sync 1 DAGs
[2025-03-29T17:28:11.212+0000] {logging_mixin.py:190} INFO - [2025-03-29T17:28:11.212+0000] {dag.py:4180} INFO - Setting next_dagrun for example_display_name to None, run_after=None
[2025-03-29T17:28:11.225+0000] {processor.py:208} INFO - Processing /home/airflow/.local/lib/python3.12/site-packages/airflow/example_dags/example_display_name.py took 0.044 seconds
[2025-03-29T17:28:41.713+0000] {processor.py:186} INFO - Started process (PID=386) to work on /home/airflow/.local/lib/python3.12/site-packages/airflow/example_dags/example_display_name.py
[2025-03-29T17:28:41.714+0000] {processor.py:914} INFO - Processing file /home/airflow/.local/lib/python3.12/site-packages/airflow/example_dags/example_display_name.py for tasks to queue
[2025-03-29T17:28:41.715+0000] {logging_mixin.py:190} INFO - [2025-03-29T17:28:41.715+0000] {dagbag.py:588} INFO - Filling up the DagBag from /home/airflow/.local/lib/python3.12/site-packages/airflow/example_dags/example_display_name.py
[2025-03-29T17:28:41.720+0000] {processor.py:925} INFO - DAG(s) 'example_display_name' retrieved from /home/airflow/.local/lib/python3.12/site-packages/airflow/example_dags/example_display_name.py
[2025-03-29T17:28:41.731+0000] {logging_mixin.py:190} INFO - [2025-03-29T17:28:41.731+0000] {dag.py:3239} INFO - Sync 1 DAGs
[2025-03-29T17:28:41.741+0000] {logging_mixin.py:190} INFO - [2025-03-29T17:28:41.741+0000] {dag.py:4180} INFO - Setting next_dagrun for example_display_name to None, run_after=None
[2025-03-29T17:28:41.752+0000] {processor.py:208} INFO - Processing /home/airflow/.local/lib/python3.12/site-packages/airflow/example_dags/example_display_name.py took 0.042 seconds
[2025-03-29T17:29:12.049+0000] {processor.py:186} INFO - Started process (PID=449) to work on /home/airflow/.local/lib/python3.12/site-packages/airflow/example_dags/example_display_name.py
[2025-03-29T17:29:12.049+0000] {processor.py:914} INFO - Processing file /home/airflow/.local/lib/python3.12/site-packages/airflow/example_dags/example_display_name.py for tasks to queue
[2025-03-29T17:29:12.051+0000] {logging_mixin.py:190} INFO - [2025-03-29T17:29:12.050+0000] {dagbag.py:588} INFO - Filling up the DagBag from /home/airflow/.local/lib/python3.12/site-packages/airflow/example_dags/example_display_name.py
[2025-03-29T17:29:12.056+0000] {processor.py:925} INFO - DAG(s) 'example_display_name' retrieved from /home/airflow/.local/lib/python3.12/site-packages/airflow/example_dags/example_display_name.py
[2025-03-29T17:29:12.069+0000] {logging_mixin.py:190} INFO - [2025-03-29T17:29:12.069+0000] {dag.py:3239} INFO - Sync 1 DAGs
[2025-03-29T17:29:12.080+0000] {logging_mixin.py:190} INFO - [2025-03-29T17:29:12.080+0000] {dag.py:4180} INFO - Setting next_dagrun for example_display_name to None, run_after=None
[2025-03-29T17:29:12.094+0000] {processor.py:208} INFO - Processing /home/airflow/.local/lib/python3.12/site-packages/airflow/example_dags/example_display_name.py took 0.050 seconds
[2025-03-29T17:29:43.532+0000] {processor.py:186} INFO - Started process (PID=512) to work on /home/airflow/.local/lib/python3.12/site-packages/airflow/example_dags/example_display_name.py
[2025-03-29T17:29:43.532+0000] {processor.py:914} INFO - Processing file /home/airflow/.local/lib/python3.12/site-packages/airflow/example_dags/example_display_name.py for tasks to queue
[2025-03-29T17:29:43.534+0000] {logging_mixin.py:190} INFO - [2025-03-29T17:29:43.533+0000] {dagbag.py:588} INFO - Filling up the DagBag from /home/airflow/.local/lib/python3.12/site-packages/airflow/example_dags/example_display_name.py
[2025-03-29T17:29:43.539+0000] {processor.py:925} INFO - DAG(s) 'example_display_name' retrieved from /home/airflow/.local/lib/python3.12/site-packages/airflow/example_dags/example_display_name.py
[2025-03-29T17:29:43.552+0000] {logging_mixin.py:190} INFO - [2025-03-29T17:29:43.552+0000] {dag.py:3239} INFO - Sync 1 DAGs
[2025-03-29T17:29:43.563+0000] {logging_mixin.py:190} INFO - [2025-03-29T17:29:43.563+0000] {dag.py:4180} INFO - Setting next_dagrun for example_display_name to None, run_after=None
[2025-03-29T17:29:43.576+0000] {processor.py:208} INFO - Processing /home/airflow/.local/lib/python3.12/site-packages/airflow/example_dags/example_display_name.py took 0.048 seconds
[2025-03-29T17:30:15.168+0000] {processor.py:186} INFO - Started process (PID=575) to work on /home/airflow/.local/lib/python3.12/site-packages/airflow/example_dags/example_display_name.py
[2025-03-29T17:30:15.169+0000] {processor.py:914} INFO - Processing file /home/airflow/.local/lib/python3.12/site-packages/airflow/example_dags/example_display_name.py for tasks to queue
[2025-03-29T17:30:15.170+0000] {logging_mixin.py:190} INFO - [2025-03-29T17:30:15.170+0000] {dagbag.py:588} INFO - Filling up the DagBag from /home/airflow/.local/lib/python3.12/site-packages/airflow/example_dags/example_display_name.py
[2025-03-29T17:30:15.175+0000] {processor.py:925} INFO - DAG(s) 'example_display_name' retrieved from /home/airflow/.local/lib/python3.12/site-packages/airflow/example_dags/example_display_name.py
[2025-03-29T17:30:15.187+0000] {logging_mixin.py:190} INFO - [2025-03-29T17:30:15.187+0000] {dag.py:3239} INFO - Sync 1 DAGs
[2025-03-29T17:30:15.197+0000] {logging_mixin.py:190} INFO - [2025-03-29T17:30:15.197+0000] {dag.py:4180} INFO - Setting next_dagrun for example_display_name to None, run_after=None
[2025-03-29T17:30:15.209+0000] {processor.py:208} INFO - Processing /home/airflow/.local/lib/python3.12/site-packages/airflow/example_dags/example_display_name.py took 0.044 seconds
[2025-03-29T17:30:45.652+0000] {processor.py:186} INFO - Started process (PID=638) to work on /home/airflow/.local/lib/python3.12/site-packages/airflow/example_dags/example_display_name.py
[2025-03-29T17:30:45.653+0000] {processor.py:914} INFO - Processing file /home/airflow/.local/lib/python3.12/site-packages/airflow/example_dags/example_display_name.py for tasks to queue
[2025-03-29T17:30:45.654+0000] {logging_mixin.py:190} INFO - [2025-03-29T17:30:45.654+0000] {dagbag.py:588} INFO - Filling up the DagBag from /home/airflow/.local/lib/python3.12/site-packages/airflow/example_dags/example_display_name.py
[2025-03-29T17:30:45.659+0000] {processor.py:925} INFO - DAG(s) 'example_display_name' retrieved from /home/airflow/.local/lib/python3.12/site-packages/airflow/example_dags/example_display_name.py
[2025-03-29T17:30:45.670+0000] {logging_mixin.py:190} INFO - [2025-03-29T17:30:45.670+0000] {dag.py:3239} INFO - Sync 1 DAGs
[2025-03-29T17:30:45.690+0000] {logging_mixin.py:190} INFO - [2025-03-29T17:30:45.690+0000] {dag.py:4180} INFO - Setting next_dagrun for example_display_name to None, run_after=None
[2025-03-29T17:30:45.706+0000] {processor.py:208} INFO - Processing /home/airflow/.local/lib/python3.12/site-packages/airflow/example_dags/example_display_name.py took 0.057 seconds
[2025-03-29T17:31:16.898+0000] {processor.py:186} INFO - Started process (PID=707) to work on /home/airflow/.local/lib/python3.12/site-packages/airflow/example_dags/example_display_name.py
[2025-03-29T17:31:16.899+0000] {processor.py:914} INFO - Processing file /home/airflow/.local/lib/python3.12/site-packages/airflow/example_dags/example_display_name.py for tasks to queue
[2025-03-29T17:31:16.900+0000] {logging_mixin.py:190} INFO - [2025-03-29T17:31:16.900+0000] {dagbag.py:588} INFO - Filling up the DagBag from /home/airflow/.local/lib/python3.12/site-packages/airflow/example_dags/example_display_name.py
[2025-03-29T17:31:16.905+0000] {processor.py:925} INFO - DAG(s) 'example_display_name' retrieved from /home/airflow/.local/lib/python3.12/site-packages/airflow/example_dags/example_display_name.py
[2025-03-29T17:31:16.917+0000] {logging_mixin.py:190} INFO - [2025-03-29T17:31:16.917+0000] {dag.py:3239} INFO - Sync 1 DAGs
[2025-03-29T17:31:16.927+0000] {logging_mixin.py:190} INFO - [2025-03-29T17:31:16.927+0000] {dag.py:4180} INFO - Setting next_dagrun for example_display_name to None, run_after=None
[2025-03-29T17:31:16.939+0000] {processor.py:208} INFO - Processing /home/airflow/.local/lib/python3.12/site-packages/airflow/example_dags/example_display_name.py took 0.045 seconds
[2025-03-29T17:31:48.270+0000] {processor.py:186} INFO - Started process (PID=770) to work on /home/airflow/.local/lib/python3.12/site-packages/airflow/example_dags/example_display_name.py
[2025-03-29T17:31:48.271+0000] {processor.py:914} INFO - Processing file /home/airflow/.local/lib/python3.12/site-packages/airflow/example_dags/example_display_name.py for tasks to queue
[2025-03-29T17:31:48.272+0000] {logging_mixin.py:190} INFO - [2025-03-29T17:31:48.272+0000] {dagbag.py:588} INFO - Filling up the DagBag from /home/airflow/.local/lib/python3.12/site-packages/airflow/example_dags/example_display_name.py
[2025-03-29T17:31:48.278+0000] {processor.py:925} INFO - DAG(s) 'example_display_name' retrieved from /home/airflow/.local/lib/python3.12/site-packages/airflow/example_dags/example_display_name.py
[2025-03-29T17:31:48.289+0000] {logging_mixin.py:190} INFO - [2025-03-29T17:31:48.289+0000] {dag.py:3239} INFO - Sync 1 DAGs
[2025-03-29T17:31:48.299+0000] {logging_mixin.py:190} INFO - [2025-03-29T17:31:48.299+0000] {dag.py:4180} INFO - Setting next_dagrun for example_display_name to None, run_after=None
[2025-03-29T17:31:48.311+0000] {processor.py:208} INFO - Processing /home/airflow/.local/lib/python3.12/site-packages/airflow/example_dags/example_display_name.py took 0.044 seconds
[2025-03-29T17:32:18.663+0000] {processor.py:186} INFO - Started process (PID=833) to work on /home/airflow/.local/lib/python3.12/site-packages/airflow/example_dags/example_display_name.py
[2025-03-29T17:32:18.664+0000] {processor.py:914} INFO - Processing file /home/airflow/.local/lib/python3.12/site-packages/airflow/example_dags/example_display_name.py for tasks to queue
[2025-03-29T17:32:18.665+0000] {logging_mixin.py:190} INFO - [2025-03-29T17:32:18.665+0000] {dagbag.py:588} INFO - Filling up the DagBag from /home/airflow/.local/lib/python3.12/site-packages/airflow/example_dags/example_display_name.py
[2025-03-29T17:32:18.669+0000] {processor.py:925} INFO - DAG(s) 'example_display_name' retrieved from /home/airflow/.local/lib/python3.12/site-packages/airflow/example_dags/example_display_name.py
[2025-03-29T17:32:18.681+0000] {logging_mixin.py:190} INFO - [2025-03-29T17:32:18.681+0000] {dag.py:3239} INFO - Sync 1 DAGs
[2025-03-29T17:32:18.691+0000] {logging_mixin.py:190} INFO - [2025-03-29T17:32:18.690+0000] {dag.py:4180} INFO - Setting next_dagrun for example_display_name to None, run_after=None
[2025-03-29T17:32:18.702+0000] {processor.py:208} INFO - Processing /home/airflow/.local/lib/python3.12/site-packages/airflow/example_dags/example_display_name.py took 0.042 seconds
[2025-03-29T17:32:50.176+0000] {processor.py:186} INFO - Started process (PID=896) to work on /home/airflow/.local/lib/python3.12/site-packages/airflow/example_dags/example_display_name.py
[2025-03-29T17:32:50.177+0000] {processor.py:914} INFO - Processing file /home/airflow/.local/lib/python3.12/site-packages/airflow/example_dags/example_display_name.py for tasks to queue
[2025-03-29T17:32:50.180+0000] {logging_mixin.py:190} INFO - [2025-03-29T17:32:50.180+0000] {dagbag.py:588} INFO - Filling up the DagBag from /home/airflow/.local/lib/python3.12/site-packages/airflow/example_dags/example_display_name.py
[2025-03-29T17:32:50.187+0000] {processor.py:925} INFO - DAG(s) 'example_display_name' retrieved from /home/airflow/.local/lib/python3.12/site-packages/airflow/example_dags/example_display_name.py
[2025-03-29T17:32:50.200+0000] {logging_mixin.py:190} INFO - [2025-03-29T17:32:50.200+0000] {dag.py:3239} INFO - Sync 1 DAGs
[2025-03-29T17:32:50.210+0000] {logging_mixin.py:190} INFO - [2025-03-29T17:32:50.210+0000] {dag.py:4180} INFO - Setting next_dagrun for example_display_name to None, run_after=None
[2025-03-29T17:32:50.225+0000] {processor.py:208} INFO - Processing /home/airflow/.local/lib/python3.12/site-packages/airflow/example_dags/example_display_name.py took 0.053 seconds
[2025-03-29T17:33:20.696+0000] {processor.py:186} INFO - Started process (PID=959) to work on /home/airflow/.local/lib/python3.12/site-packages/airflow/example_dags/example_display_name.py
[2025-03-29T17:33:20.696+0000] {processor.py:914} INFO - Processing file /home/airflow/.local/lib/python3.12/site-packages/airflow/example_dags/example_display_name.py for tasks to queue
[2025-03-29T17:33:20.697+0000] {logging_mixin.py:190} INFO - [2025-03-29T17:33:20.697+0000] {dagbag.py:588} INFO - Filling up the DagBag from /home/airflow/.local/lib/python3.12/site-packages/airflow/example_dags/example_display_name.py
[2025-03-29T17:33:20.702+0000] {processor.py:925} INFO - DAG(s) 'example_display_name' retrieved from /home/airflow/.local/lib/python3.12/site-packages/airflow/example_dags/example_display_name.py
[2025-03-29T17:33:20.714+0000] {logging_mixin.py:190} INFO - [2025-03-29T17:33:20.714+0000] {dag.py:3239} INFO - Sync 1 DAGs
[2025-03-29T17:33:20.723+0000] {logging_mixin.py:190} INFO - [2025-03-29T17:33:20.723+0000] {dag.py:4180} INFO - Setting next_dagrun for example_display_name to None, run_after=None
[2025-03-29T17:33:20.736+0000] {processor.py:208} INFO - Processing /home/airflow/.local/lib/python3.12/site-packages/airflow/example_dags/example_display_name.py took 0.044 seconds
[2025-03-29T17:33:52.272+0000] {processor.py:186} INFO - Started process (PID=1022) to work on /home/airflow/.local/lib/python3.12/site-packages/airflow/example_dags/example_display_name.py
[2025-03-29T17:33:52.272+0000] {processor.py:914} INFO - Processing file /home/airflow/.local/lib/python3.12/site-packages/airflow/example_dags/example_display_name.py for tasks to queue
[2025-03-29T17:33:52.274+0000] {logging_mixin.py:190} INFO - [2025-03-29T17:33:52.274+0000] {dagbag.py:588} INFO - Filling up the DagBag from /home/airflow/.local/lib/python3.12/site-packages/airflow/example_dags/example_display_name.py
[2025-03-29T17:33:52.279+0000] {processor.py:925} INFO - DAG(s) 'example_display_name' retrieved from /home/airflow/.local/lib/python3.12/site-packages/airflow/example_dags/example_display_name.py
[2025-03-29T17:33:52.290+0000] {logging_mixin.py:190} INFO - [2025-03-29T17:33:52.290+0000] {dag.py:3239} INFO - Sync 1 DAGs
[2025-03-29T17:33:52.300+0000] {logging_mixin.py:190} INFO - [2025-03-29T17:33:52.300+0000] {dag.py:4180} INFO - Setting next_dagrun for example_display_name to None, run_after=None
[2025-03-29T17:33:52.310+0000] {processor.py:208} INFO - Processing /home/airflow/.local/lib/python3.12/site-packages/airflow/example_dags/example_display_name.py took 0.042 seconds
[2025-03-29T17:34:22.732+0000] {processor.py:186} INFO - Started process (PID=1085) to work on /home/airflow/.local/lib/python3.12/site-packages/airflow/example_dags/example_display_name.py
[2025-03-29T17:34:22.732+0000] {processor.py:914} INFO - Processing file /home/airflow/.local/lib/python3.12/site-packages/airflow/example_dags/example_display_name.py for tasks to queue
[2025-03-29T17:34:22.734+0000] {logging_mixin.py:190} INFO - [2025-03-29T17:34:22.733+0000] {dagbag.py:588} INFO - Filling up the DagBag from /home/airflow/.local/lib/python3.12/site-packages/airflow/example_dags/example_display_name.py
[2025-03-29T17:34:22.739+0000] {processor.py:925} INFO - DAG(s) 'example_display_name' retrieved from /home/airflow/.local/lib/python3.12/site-packages/airflow/example_dags/example_display_name.py
[2025-03-29T17:34:22.751+0000] {logging_mixin.py:190} INFO - [2025-03-29T17:34:22.751+0000] {dag.py:3239} INFO - Sync 1 DAGs
[2025-03-29T17:34:22.761+0000] {logging_mixin.py:190} INFO - [2025-03-29T17:34:22.761+0000] {dag.py:4180} INFO - Setting next_dagrun for example_display_name to None, run_after=None
[2025-03-29T17:34:22.774+0000] {processor.py:208} INFO - Processing /home/airflow/.local/lib/python3.12/site-packages/airflow/example_dags/example_display_name.py took 0.047 seconds
[2025-03-29T17:34:54.318+0000] {processor.py:186} INFO - Started process (PID=1148) to work on /home/airflow/.local/lib/python3.12/site-packages/airflow/example_dags/example_display_name.py
[2025-03-29T17:34:54.319+0000] {processor.py:914} INFO - Processing file /home/airflow/.local/lib/python3.12/site-packages/airflow/example_dags/example_display_name.py for tasks to queue
[2025-03-29T17:34:54.320+0000] {logging_mixin.py:190} INFO - [2025-03-29T17:34:54.320+0000] {dagbag.py:588} INFO - Filling up the DagBag from /home/airflow/.local/lib/python3.12/site-packages/airflow/example_dags/example_display_name.py
[2025-03-29T17:34:54.325+0000] {processor.py:925} INFO - DAG(s) 'example_display_name' retrieved from /home/airflow/.local/lib/python3.12/site-packages/airflow/example_dags/example_display_name.py
[2025-03-29T17:34:54.344+0000] {logging_mixin.py:190} INFO - [2025-03-29T17:34:54.344+0000] {dag.py:3239} INFO - Sync 1 DAGs
[2025-03-29T17:34:54.362+0000] {logging_mixin.py:190} INFO - [2025-03-29T17:34:54.362+0000] {dag.py:4180} INFO - Setting next_dagrun for example_display_name to None, run_after=None
[2025-03-29T17:34:54.381+0000] {processor.py:208} INFO - Processing /home/airflow/.local/lib/python3.12/site-packages/airflow/example_dags/example_display_name.py took 0.067 seconds
[2025-03-29T17:35:25.736+0000] {processor.py:186} INFO - Started process (PID=1211) to work on /home/airflow/.local/lib/python3.12/site-packages/airflow/example_dags/example_display_name.py
[2025-03-29T17:35:25.737+0000] {processor.py:914} INFO - Processing file /home/airflow/.local/lib/python3.12/site-packages/airflow/example_dags/example_display_name.py for tasks to queue
[2025-03-29T17:35:25.739+0000] {logging_mixin.py:190} INFO - [2025-03-29T17:35:25.738+0000] {dagbag.py:588} INFO - Filling up the DagBag from /home/airflow/.local/lib/python3.12/site-packages/airflow/example_dags/example_display_name.py
[2025-03-29T17:35:25.748+0000] {processor.py:925} INFO - DAG(s) 'example_display_name' retrieved from /home/airflow/.local/lib/python3.12/site-packages/airflow/example_dags/example_display_name.py
[2025-03-29T17:35:25.765+0000] {logging_mixin.py:190} INFO - [2025-03-29T17:35:25.765+0000] {dag.py:3239} INFO - Sync 1 DAGs
[2025-03-29T17:35:25.775+0000] {logging_mixin.py:190} INFO - [2025-03-29T17:35:25.775+0000] {dag.py:4180} INFO - Setting next_dagrun for example_display_name to None, run_after=None
[2025-03-29T17:35:25.788+0000] {processor.py:208} INFO - Processing /home/airflow/.local/lib/python3.12/site-packages/airflow/example_dags/example_display_name.py took 0.057 seconds
[2025-03-29T17:35:56.701+0000] {processor.py:186} INFO - Started process (PID=1274) to work on /home/airflow/.local/lib/python3.12/site-packages/airflow/example_dags/example_display_name.py
[2025-03-29T17:35:56.702+0000] {processor.py:914} INFO - Processing file /home/airflow/.local/lib/python3.12/site-packages/airflow/example_dags/example_display_name.py for tasks to queue
[2025-03-29T17:35:56.703+0000] {logging_mixin.py:190} INFO - [2025-03-29T17:35:56.703+0000] {dagbag.py:588} INFO - Filling up the DagBag from /home/airflow/.local/lib/python3.12/site-packages/airflow/example_dags/example_display_name.py
[2025-03-29T17:35:56.707+0000] {processor.py:925} INFO - DAG(s) 'example_display_name' retrieved from /home/airflow/.local/lib/python3.12/site-packages/airflow/example_dags/example_display_name.py
[2025-03-29T17:35:56.720+0000] {logging_mixin.py:190} INFO - [2025-03-29T17:35:56.720+0000] {dag.py:3239} INFO - Sync 1 DAGs
[2025-03-29T17:35:56.730+0000] {logging_mixin.py:190} INFO - [2025-03-29T17:35:56.730+0000] {dag.py:4180} INFO - Setting next_dagrun for example_display_name to None, run_after=None
[2025-03-29T17:35:56.744+0000] {processor.py:208} INFO - Processing /home/airflow/.local/lib/python3.12/site-packages/airflow/example_dags/example_display_name.py took 0.046 seconds
[2025-03-29T17:36:28.020+0000] {processor.py:186} INFO - Started process (PID=1337) to work on /home/airflow/.local/lib/python3.12/site-packages/airflow/example_dags/example_display_name.py
[2025-03-29T17:36:28.021+0000] {processor.py:914} INFO - Processing file /home/airflow/.local/lib/python3.12/site-packages/airflow/example_dags/example_display_name.py for tasks to queue
[2025-03-29T17:36:28.022+0000] {logging_mixin.py:190} INFO - [2025-03-29T17:36:28.022+0000] {dagbag.py:588} INFO - Filling up the DagBag from /home/airflow/.local/lib/python3.12/site-packages/airflow/example_dags/example_display_name.py
[2025-03-29T17:36:28.028+0000] {processor.py:925} INFO - DAG(s) 'example_display_name' retrieved from /home/airflow/.local/lib/python3.12/site-packages/airflow/example_dags/example_display_name.py
[2025-03-29T17:36:28.046+0000] {logging_mixin.py:190} INFO - [2025-03-29T17:36:28.046+0000] {dag.py:3239} INFO - Sync 1 DAGs
[2025-03-29T17:36:28.060+0000] {logging_mixin.py:190} INFO - [2025-03-29T17:36:28.060+0000] {dag.py:4180} INFO - Setting next_dagrun for example_display_name to None, run_after=None
[2025-03-29T17:36:28.076+0000] {processor.py:208} INFO - Processing /home/airflow/.local/lib/python3.12/site-packages/airflow/example_dags/example_display_name.py took 0.063 seconds
[2025-03-29T17:36:59.289+0000] {processor.py:186} INFO - Started process (PID=1400) to work on /home/airflow/.local/lib/python3.12/site-packages/airflow/example_dags/example_display_name.py
[2025-03-29T17:36:59.290+0000] {processor.py:914} INFO - Processing file /home/airflow/.local/lib/python3.12/site-packages/airflow/example_dags/example_display_name.py for tasks to queue
[2025-03-29T17:36:59.291+0000] {logging_mixin.py:190} INFO - [2025-03-29T17:36:59.291+0000] {dagbag.py:588} INFO - Filling up the DagBag from /home/airflow/.local/lib/python3.12/site-packages/airflow/example_dags/example_display_name.py
[2025-03-29T17:36:59.296+0000] {processor.py:925} INFO - DAG(s) 'example_display_name' retrieved from /home/airflow/.local/lib/python3.12/site-packages/airflow/example_dags/example_display_name.py
[2025-03-29T17:36:59.309+0000] {logging_mixin.py:190} INFO - [2025-03-29T17:36:59.309+0000] {dag.py:3239} INFO - Sync 1 DAGs
[2025-03-29T17:36:59.319+0000] {logging_mixin.py:190} INFO - [2025-03-29T17:36:59.319+0000] {dag.py:4180} INFO - Setting next_dagrun for example_display_name to None, run_after=None
[2025-03-29T17:36:59.331+0000] {processor.py:208} INFO - Processing /home/airflow/.local/lib/python3.12/site-packages/airflow/example_dags/example_display_name.py took 0.046 seconds
[2025-03-29T17:37:30.395+0000] {processor.py:186} INFO - Started process (PID=1463) to work on /home/airflow/.local/lib/python3.12/site-packages/airflow/example_dags/example_display_name.py
[2025-03-29T17:37:30.396+0000] {processor.py:914} INFO - Processing file /home/airflow/.local/lib/python3.12/site-packages/airflow/example_dags/example_display_name.py for tasks to queue
[2025-03-29T17:37:30.397+0000] {logging_mixin.py:190} INFO - [2025-03-29T17:37:30.397+0000] {dagbag.py:588} INFO - Filling up the DagBag from /home/airflow/.local/lib/python3.12/site-packages/airflow/example_dags/example_display_name.py
[2025-03-29T17:37:30.401+0000] {processor.py:925} INFO - DAG(s) 'example_display_name' retrieved from /home/airflow/.local/lib/python3.12/site-packages/airflow/example_dags/example_display_name.py
[2025-03-29T17:37:30.413+0000] {logging_mixin.py:190} INFO - [2025-03-29T17:37:30.413+0000] {dag.py:3239} INFO - Sync 1 DAGs
[2025-03-29T17:37:30.422+0000] {logging_mixin.py:190} INFO - [2025-03-29T17:37:30.422+0000] {dag.py:4180} INFO - Setting next_dagrun for example_display_name to None, run_after=None
[2025-03-29T17:37:30.434+0000] {processor.py:208} INFO - Processing /home/airflow/.local/lib/python3.12/site-packages/airflow/example_dags/example_display_name.py took 0.042 seconds
[2025-03-29T17:38:01.221+0000] {processor.py:186} INFO - Started process (PID=1526) to work on /home/airflow/.local/lib/python3.12/site-packages/airflow/example_dags/example_display_name.py
[2025-03-29T17:38:01.221+0000] {processor.py:914} INFO - Processing file /home/airflow/.local/lib/python3.12/site-packages/airflow/example_dags/example_display_name.py for tasks to queue
[2025-03-29T17:38:01.223+0000] {logging_mixin.py:190} INFO - [2025-03-29T17:38:01.222+0000] {dagbag.py:588} INFO - Filling up the DagBag from /home/airflow/.local/lib/python3.12/site-packages/airflow/example_dags/example_display_name.py
[2025-03-29T17:38:01.227+0000] {processor.py:925} INFO - DAG(s) 'example_display_name' retrieved from /home/airflow/.local/lib/python3.12/site-packages/airflow/example_dags/example_display_name.py
[2025-03-29T17:38:01.239+0000] {logging_mixin.py:190} INFO - [2025-03-29T17:38:01.239+0000] {dag.py:3239} INFO - Sync 1 DAGs
[2025-03-29T17:38:01.249+0000] {logging_mixin.py:190} INFO - [2025-03-29T17:38:01.249+0000] {dag.py:4180} INFO - Setting next_dagrun for example_display_name to None, run_after=None
[2025-03-29T17:38:01.270+0000] {processor.py:208} INFO - Processing /home/airflow/.local/lib/python3.12/site-packages/airflow/example_dags/example_display_name.py took 0.053 seconds
[2025-03-29T17:38:32.298+0000] {processor.py:186} INFO - Started process (PID=1589) to work on /home/airflow/.local/lib/python3.12/site-packages/airflow/example_dags/example_display_name.py
[2025-03-29T17:38:32.299+0000] {processor.py:914} INFO - Processing file /home/airflow/.local/lib/python3.12/site-packages/airflow/example_dags/example_display_name.py for tasks to queue
[2025-03-29T17:38:32.301+0000] {logging_mixin.py:190} INFO - [2025-03-29T17:38:32.300+0000] {dagbag.py:588} INFO - Filling up the DagBag from /home/airflow/.local/lib/python3.12/site-packages/airflow/example_dags/example_display_name.py
[2025-03-29T17:38:32.306+0000] {processor.py:925} INFO - DAG(s) 'example_display_name' retrieved from /home/airflow/.local/lib/python3.12/site-packages/airflow/example_dags/example_display_name.py
[2025-03-29T17:38:32.321+0000] {logging_mixin.py:190} INFO - [2025-03-29T17:38:32.320+0000] {dag.py:3239} INFO - Sync 1 DAGs
[2025-03-29T17:38:32.335+0000] {logging_mixin.py:190} INFO - [2025-03-29T17:38:32.335+0000] {dag.py:4180} INFO - Setting next_dagrun for example_display_name to None, run_after=None
[2025-03-29T17:38:32.351+0000] {processor.py:208} INFO - Processing /home/airflow/.local/lib/python3.12/site-packages/airflow/example_dags/example_display_name.py took 0.057 seconds
