[2025-03-29T17:15:48.457+0000] {processor.py:186} INFO - Started process (PID=74) to work on /home/airflow/.local/lib/python3.12/site-packages/airflow/example_dags/tutorial_dag.py
[2025-03-29T17:15:48.458+0000] {processor.py:914} INFO - Processing file /home/airflow/.local/lib/python3.12/site-packages/airflow/example_dags/tutorial_dag.py for tasks to queue
[2025-03-29T17:15:48.459+0000] {logging_mixin.py:190} INFO - [2025-03-29T17:15:48.459+0000] {dagbag.py:588} INFO - Filling up the DagBag from /home/airflow/.local/lib/python3.12/site-packages/airflow/example_dags/tutorial_dag.py
[2025-03-29T17:15:48.465+0000] {processor.py:925} INFO - DAG(s) 'tutorial_dag' retrieved from /home/airflow/.local/lib/python3.12/site-packages/airflow/example_dags/tutorial_dag.py
[2025-03-29T17:15:48.542+0000] {logging_mixin.py:190} INFO - [2025-03-29T17:15:48.541+0000] {override.py:1912} INFO - Created Permission View: can delete on DAG:tutorial_dag
[2025-03-29T17:15:48.554+0000] {logging_mixin.py:190} INFO - [2025-03-29T17:15:48.554+0000] {override.py:1912} INFO - Created Permission View: can edit on DAG:tutorial_dag
[2025-03-29T17:15:48.560+0000] {logging_mixin.py:190} INFO - [2025-03-29T17:15:48.559+0000] {override.py:1912} INFO - Created Permission View: can read on DAG:tutorial_dag
[2025-03-29T17:15:48.571+0000] {logging_mixin.py:190} INFO - [2025-03-29T17:15:48.569+0000] {override.py:1912} INFO - Created Permission View: can delete on DAG Run:tutorial_dag
[2025-03-29T17:15:48.581+0000] {logging_mixin.py:190} INFO - [2025-03-29T17:15:48.581+0000] {override.py:1912} INFO - Created Permission View: menu access on DAG Run:tutorial_dag
[2025-03-29T17:15:48.587+0000] {logging_mixin.py:190} INFO - [2025-03-29T17:15:48.587+0000] {override.py:1912} INFO - Created Permission View: can read on DAG Run:tutorial_dag
[2025-03-29T17:15:48.593+0000] {logging_mixin.py:190} INFO - [2025-03-29T17:15:48.592+0000] {override.py:1912} INFO - Created Permission View: can create on DAG Run:tutorial_dag
[2025-03-29T17:15:48.593+0000] {logging_mixin.py:190} INFO - [2025-03-29T17:15:48.593+0000] {dag.py:3239} INFO - Sync 1 DAGs
[2025-03-29T17:15:48.602+0000] {logging_mixin.py:190} INFO - [2025-03-29T17:15:48.602+0000] {dag.py:3262} INFO - Creating ORM DAG for tutorial_dag
[2025-03-29T17:15:48.603+0000] {logging_mixin.py:190} INFO - [2025-03-29T17:15:48.602+0000] {dag.py:4180} INFO - Setting next_dagrun for tutorial_dag to None, run_after=None
[2025-03-29T17:15:48.613+0000] {processor.py:208} INFO - Processing /home/airflow/.local/lib/python3.12/site-packages/airflow/example_dags/tutorial_dag.py took 0.160 seconds
[2025-03-29T17:16:19.082+0000] {processor.py:186} INFO - Started process (PID=137) to work on /home/airflow/.local/lib/python3.12/site-packages/airflow/example_dags/tutorial_dag.py
[2025-03-29T17:16:19.083+0000] {processor.py:914} INFO - Processing file /home/airflow/.local/lib/python3.12/site-packages/airflow/example_dags/tutorial_dag.py for tasks to queue
[2025-03-29T17:16:19.084+0000] {logging_mixin.py:190} INFO - [2025-03-29T17:16:19.084+0000] {dagbag.py:588} INFO - Filling up the DagBag from /home/airflow/.local/lib/python3.12/site-packages/airflow/example_dags/tutorial_dag.py
[2025-03-29T17:16:19.094+0000] {processor.py:925} INFO - DAG(s) 'tutorial_dag' retrieved from /home/airflow/.local/lib/python3.12/site-packages/airflow/example_dags/tutorial_dag.py
[2025-03-29T17:16:19.117+0000] {logging_mixin.py:190} INFO - [2025-03-29T17:16:19.117+0000] {dag.py:3239} INFO - Sync 1 DAGs
[2025-03-29T17:16:19.136+0000] {logging_mixin.py:190} INFO - [2025-03-29T17:16:19.135+0000] {dag.py:4180} INFO - Setting next_dagrun for tutorial_dag to None, run_after=None
[2025-03-29T17:16:19.160+0000] {processor.py:208} INFO - Processing /home/airflow/.local/lib/python3.12/site-packages/airflow/example_dags/tutorial_dag.py took 0.082 seconds
[2025-03-29T17:16:49.783+0000] {processor.py:186} INFO - Started process (PID=200) to work on /home/airflow/.local/lib/python3.12/site-packages/airflow/example_dags/tutorial_dag.py
[2025-03-29T17:16:49.784+0000] {processor.py:914} INFO - Processing file /home/airflow/.local/lib/python3.12/site-packages/airflow/example_dags/tutorial_dag.py for tasks to queue
[2025-03-29T17:16:49.785+0000] {logging_mixin.py:190} INFO - [2025-03-29T17:16:49.785+0000] {dagbag.py:588} INFO - Filling up the DagBag from /home/airflow/.local/lib/python3.12/site-packages/airflow/example_dags/tutorial_dag.py
[2025-03-29T17:16:49.790+0000] {processor.py:925} INFO - DAG(s) 'tutorial_dag' retrieved from /home/airflow/.local/lib/python3.12/site-packages/airflow/example_dags/tutorial_dag.py
[2025-03-29T17:16:49.802+0000] {logging_mixin.py:190} INFO - [2025-03-29T17:16:49.802+0000] {dag.py:3239} INFO - Sync 1 DAGs
[2025-03-29T17:16:49.811+0000] {logging_mixin.py:190} INFO - [2025-03-29T17:16:49.811+0000] {dag.py:4180} INFO - Setting next_dagrun for tutorial_dag to None, run_after=None
[2025-03-29T17:16:49.823+0000] {processor.py:208} INFO - Processing /home/airflow/.local/lib/python3.12/site-packages/airflow/example_dags/tutorial_dag.py took 0.043 seconds
[2025-03-29T17:17:20.094+0000] {processor.py:186} INFO - Started process (PID=263) to work on /home/airflow/.local/lib/python3.12/site-packages/airflow/example_dags/tutorial_dag.py
[2025-03-29T17:17:20.094+0000] {processor.py:914} INFO - Processing file /home/airflow/.local/lib/python3.12/site-packages/airflow/example_dags/tutorial_dag.py for tasks to queue
[2025-03-29T17:17:20.095+0000] {logging_mixin.py:190} INFO - [2025-03-29T17:17:20.095+0000] {dagbag.py:588} INFO - Filling up the DagBag from /home/airflow/.local/lib/python3.12/site-packages/airflow/example_dags/tutorial_dag.py
[2025-03-29T17:17:20.100+0000] {processor.py:925} INFO - DAG(s) 'tutorial_dag' retrieved from /home/airflow/.local/lib/python3.12/site-packages/airflow/example_dags/tutorial_dag.py
[2025-03-29T17:17:20.111+0000] {logging_mixin.py:190} INFO - [2025-03-29T17:17:20.111+0000] {dag.py:3239} INFO - Sync 1 DAGs
[2025-03-29T17:17:20.120+0000] {logging_mixin.py:190} INFO - [2025-03-29T17:17:20.120+0000] {dag.py:4180} INFO - Setting next_dagrun for tutorial_dag to None, run_after=None
[2025-03-29T17:17:20.131+0000] {processor.py:208} INFO - Processing /home/airflow/.local/lib/python3.12/site-packages/airflow/example_dags/tutorial_dag.py took 0.041 seconds
[2025-03-29T17:17:51.513+0000] {processor.py:186} INFO - Started process (PID=326) to work on /home/airflow/.local/lib/python3.12/site-packages/airflow/example_dags/tutorial_dag.py
[2025-03-29T17:17:51.514+0000] {processor.py:914} INFO - Processing file /home/airflow/.local/lib/python3.12/site-packages/airflow/example_dags/tutorial_dag.py for tasks to queue
[2025-03-29T17:17:51.515+0000] {logging_mixin.py:190} INFO - [2025-03-29T17:17:51.515+0000] {dagbag.py:588} INFO - Filling up the DagBag from /home/airflow/.local/lib/python3.12/site-packages/airflow/example_dags/tutorial_dag.py
[2025-03-29T17:17:51.520+0000] {processor.py:925} INFO - DAG(s) 'tutorial_dag' retrieved from /home/airflow/.local/lib/python3.12/site-packages/airflow/example_dags/tutorial_dag.py
[2025-03-29T17:17:51.533+0000] {logging_mixin.py:190} INFO - [2025-03-29T17:17:51.533+0000] {dag.py:3239} INFO - Sync 1 DAGs
[2025-03-29T17:17:51.544+0000] {logging_mixin.py:190} INFO - [2025-03-29T17:17:51.544+0000] {dag.py:4180} INFO - Setting next_dagrun for tutorial_dag to None, run_after=None
[2025-03-29T17:17:51.557+0000] {processor.py:208} INFO - Processing /home/airflow/.local/lib/python3.12/site-packages/airflow/example_dags/tutorial_dag.py took 0.048 seconds
[2025-03-29T17:18:22.993+0000] {processor.py:186} INFO - Started process (PID=389) to work on /home/airflow/.local/lib/python3.12/site-packages/airflow/example_dags/tutorial_dag.py
[2025-03-29T17:18:22.994+0000] {processor.py:914} INFO - Processing file /home/airflow/.local/lib/python3.12/site-packages/airflow/example_dags/tutorial_dag.py for tasks to queue
[2025-03-29T17:18:22.995+0000] {logging_mixin.py:190} INFO - [2025-03-29T17:18:22.995+0000] {dagbag.py:588} INFO - Filling up the DagBag from /home/airflow/.local/lib/python3.12/site-packages/airflow/example_dags/tutorial_dag.py
[2025-03-29T17:18:23.000+0000] {processor.py:925} INFO - DAG(s) 'tutorial_dag' retrieved from /home/airflow/.local/lib/python3.12/site-packages/airflow/example_dags/tutorial_dag.py
[2025-03-29T17:18:23.011+0000] {logging_mixin.py:190} INFO - [2025-03-29T17:18:23.011+0000] {dag.py:3239} INFO - Sync 1 DAGs
[2025-03-29T17:18:23.021+0000] {logging_mixin.py:190} INFO - [2025-03-29T17:18:23.021+0000] {dag.py:4180} INFO - Setting next_dagrun for tutorial_dag to None, run_after=None
[2025-03-29T17:18:23.032+0000] {processor.py:208} INFO - Processing /home/airflow/.local/lib/python3.12/site-packages/airflow/example_dags/tutorial_dag.py took 0.042 seconds
[2025-03-29T17:18:53.642+0000] {processor.py:186} INFO - Started process (PID=452) to work on /home/airflow/.local/lib/python3.12/site-packages/airflow/example_dags/tutorial_dag.py
[2025-03-29T17:18:53.642+0000] {processor.py:914} INFO - Processing file /home/airflow/.local/lib/python3.12/site-packages/airflow/example_dags/tutorial_dag.py for tasks to queue
[2025-03-29T17:18:53.644+0000] {logging_mixin.py:190} INFO - [2025-03-29T17:18:53.643+0000] {dagbag.py:588} INFO - Filling up the DagBag from /home/airflow/.local/lib/python3.12/site-packages/airflow/example_dags/tutorial_dag.py
[2025-03-29T17:18:53.648+0000] {processor.py:925} INFO - DAG(s) 'tutorial_dag' retrieved from /home/airflow/.local/lib/python3.12/site-packages/airflow/example_dags/tutorial_dag.py
[2025-03-29T17:18:53.659+0000] {logging_mixin.py:190} INFO - [2025-03-29T17:18:53.659+0000] {dag.py:3239} INFO - Sync 1 DAGs
[2025-03-29T17:18:53.668+0000] {logging_mixin.py:190} INFO - [2025-03-29T17:18:53.668+0000] {dag.py:4180} INFO - Setting next_dagrun for tutorial_dag to None, run_after=None
[2025-03-29T17:18:53.698+0000] {processor.py:208} INFO - Processing /home/airflow/.local/lib/python3.12/site-packages/airflow/example_dags/tutorial_dag.py took 0.059 seconds
[2025-03-29T17:19:25.049+0000] {processor.py:186} INFO - Started process (PID=515) to work on /home/airflow/.local/lib/python3.12/site-packages/airflow/example_dags/tutorial_dag.py
[2025-03-29T17:19:25.050+0000] {processor.py:914} INFO - Processing file /home/airflow/.local/lib/python3.12/site-packages/airflow/example_dags/tutorial_dag.py for tasks to queue
[2025-03-29T17:19:25.051+0000] {logging_mixin.py:190} INFO - [2025-03-29T17:19:25.051+0000] {dagbag.py:588} INFO - Filling up the DagBag from /home/airflow/.local/lib/python3.12/site-packages/airflow/example_dags/tutorial_dag.py
[2025-03-29T17:19:25.055+0000] {processor.py:925} INFO - DAG(s) 'tutorial_dag' retrieved from /home/airflow/.local/lib/python3.12/site-packages/airflow/example_dags/tutorial_dag.py
[2025-03-29T17:19:25.067+0000] {logging_mixin.py:190} INFO - [2025-03-29T17:19:25.067+0000] {dag.py:3239} INFO - Sync 1 DAGs
[2025-03-29T17:19:25.078+0000] {logging_mixin.py:190} INFO - [2025-03-29T17:19:25.078+0000] {dag.py:4180} INFO - Setting next_dagrun for tutorial_dag to None, run_after=None
[2025-03-29T17:19:25.093+0000] {processor.py:208} INFO - Processing /home/airflow/.local/lib/python3.12/site-packages/airflow/example_dags/tutorial_dag.py took 0.047 seconds
[2025-03-29T17:19:56.601+0000] {processor.py:186} INFO - Started process (PID=578) to work on /home/airflow/.local/lib/python3.12/site-packages/airflow/example_dags/tutorial_dag.py
[2025-03-29T17:19:56.602+0000] {processor.py:914} INFO - Processing file /home/airflow/.local/lib/python3.12/site-packages/airflow/example_dags/tutorial_dag.py for tasks to queue
[2025-03-29T17:19:56.603+0000] {logging_mixin.py:190} INFO - [2025-03-29T17:19:56.603+0000] {dagbag.py:588} INFO - Filling up the DagBag from /home/airflow/.local/lib/python3.12/site-packages/airflow/example_dags/tutorial_dag.py
[2025-03-29T17:19:56.608+0000] {processor.py:925} INFO - DAG(s) 'tutorial_dag' retrieved from /home/airflow/.local/lib/python3.12/site-packages/airflow/example_dags/tutorial_dag.py
[2025-03-29T17:19:56.621+0000] {logging_mixin.py:190} INFO - [2025-03-29T17:19:56.620+0000] {dag.py:3239} INFO - Sync 1 DAGs
[2025-03-29T17:19:56.633+0000] {logging_mixin.py:190} INFO - [2025-03-29T17:19:56.632+0000] {dag.py:4180} INFO - Setting next_dagrun for tutorial_dag to None, run_after=None
[2025-03-29T17:19:56.645+0000] {processor.py:208} INFO - Processing /home/airflow/.local/lib/python3.12/site-packages/airflow/example_dags/tutorial_dag.py took 0.048 seconds
[2025-03-29T17:20:26.936+0000] {processor.py:186} INFO - Started process (PID=647) to work on /home/airflow/.local/lib/python3.12/site-packages/airflow/example_dags/tutorial_dag.py
[2025-03-29T17:20:26.937+0000] {processor.py:914} INFO - Processing file /home/airflow/.local/lib/python3.12/site-packages/airflow/example_dags/tutorial_dag.py for tasks to queue
[2025-03-29T17:20:26.938+0000] {logging_mixin.py:190} INFO - [2025-03-29T17:20:26.938+0000] {dagbag.py:588} INFO - Filling up the DagBag from /home/airflow/.local/lib/python3.12/site-packages/airflow/example_dags/tutorial_dag.py
[2025-03-29T17:20:26.943+0000] {processor.py:925} INFO - DAG(s) 'tutorial_dag' retrieved from /home/airflow/.local/lib/python3.12/site-packages/airflow/example_dags/tutorial_dag.py
[2025-03-29T17:20:26.954+0000] {logging_mixin.py:190} INFO - [2025-03-29T17:20:26.954+0000] {dag.py:3239} INFO - Sync 1 DAGs
[2025-03-29T17:20:26.963+0000] {logging_mixin.py:190} INFO - [2025-03-29T17:20:26.963+0000] {dag.py:4180} INFO - Setting next_dagrun for tutorial_dag to None, run_after=None
[2025-03-29T17:20:26.982+0000] {processor.py:208} INFO - Processing /home/airflow/.local/lib/python3.12/site-packages/airflow/example_dags/tutorial_dag.py took 0.050 seconds
[2025-03-29T17:20:58.586+0000] {processor.py:186} INFO - Started process (PID=710) to work on /home/airflow/.local/lib/python3.12/site-packages/airflow/example_dags/tutorial_dag.py
[2025-03-29T17:20:58.587+0000] {processor.py:914} INFO - Processing file /home/airflow/.local/lib/python3.12/site-packages/airflow/example_dags/tutorial_dag.py for tasks to queue
[2025-03-29T17:20:58.588+0000] {logging_mixin.py:190} INFO - [2025-03-29T17:20:58.588+0000] {dagbag.py:588} INFO - Filling up the DagBag from /home/airflow/.local/lib/python3.12/site-packages/airflow/example_dags/tutorial_dag.py
[2025-03-29T17:20:58.595+0000] {processor.py:925} INFO - DAG(s) 'tutorial_dag' retrieved from /home/airflow/.local/lib/python3.12/site-packages/airflow/example_dags/tutorial_dag.py
[2025-03-29T17:20:58.611+0000] {logging_mixin.py:190} INFO - [2025-03-29T17:20:58.610+0000] {dag.py:3239} INFO - Sync 1 DAGs
[2025-03-29T17:20:58.624+0000] {logging_mixin.py:190} INFO - [2025-03-29T17:20:58.623+0000] {dag.py:4180} INFO - Setting next_dagrun for tutorial_dag to None, run_after=None
[2025-03-29T17:20:58.639+0000] {processor.py:208} INFO - Processing /home/airflow/.local/lib/python3.12/site-packages/airflow/example_dags/tutorial_dag.py took 0.056 seconds
[2025-03-29T17:21:28.918+0000] {processor.py:186} INFO - Started process (PID=773) to work on /home/airflow/.local/lib/python3.12/site-packages/airflow/example_dags/tutorial_dag.py
[2025-03-29T17:21:28.919+0000] {processor.py:914} INFO - Processing file /home/airflow/.local/lib/python3.12/site-packages/airflow/example_dags/tutorial_dag.py for tasks to queue
[2025-03-29T17:21:28.920+0000] {logging_mixin.py:190} INFO - [2025-03-29T17:21:28.920+0000] {dagbag.py:588} INFO - Filling up the DagBag from /home/airflow/.local/lib/python3.12/site-packages/airflow/example_dags/tutorial_dag.py
[2025-03-29T17:21:28.925+0000] {processor.py:925} INFO - DAG(s) 'tutorial_dag' retrieved from /home/airflow/.local/lib/python3.12/site-packages/airflow/example_dags/tutorial_dag.py
[2025-03-29T17:21:28.936+0000] {logging_mixin.py:190} INFO - [2025-03-29T17:21:28.936+0000] {dag.py:3239} INFO - Sync 1 DAGs
[2025-03-29T17:21:28.946+0000] {logging_mixin.py:190} INFO - [2025-03-29T17:21:28.945+0000] {dag.py:4180} INFO - Setting next_dagrun for tutorial_dag to None, run_after=None
[2025-03-29T17:21:28.959+0000] {processor.py:208} INFO - Processing /home/airflow/.local/lib/python3.12/site-packages/airflow/example_dags/tutorial_dag.py took 0.045 seconds
[2025-03-29T17:22:00.273+0000] {processor.py:186} INFO - Started process (PID=836) to work on /home/airflow/.local/lib/python3.12/site-packages/airflow/example_dags/tutorial_dag.py
[2025-03-29T17:22:00.274+0000] {processor.py:914} INFO - Processing file /home/airflow/.local/lib/python3.12/site-packages/airflow/example_dags/tutorial_dag.py for tasks to queue
[2025-03-29T17:22:00.275+0000] {logging_mixin.py:190} INFO - [2025-03-29T17:22:00.275+0000] {dagbag.py:588} INFO - Filling up the DagBag from /home/airflow/.local/lib/python3.12/site-packages/airflow/example_dags/tutorial_dag.py
[2025-03-29T17:22:00.280+0000] {processor.py:925} INFO - DAG(s) 'tutorial_dag' retrieved from /home/airflow/.local/lib/python3.12/site-packages/airflow/example_dags/tutorial_dag.py
[2025-03-29T17:22:00.293+0000] {logging_mixin.py:190} INFO - [2025-03-29T17:22:00.293+0000] {dag.py:3239} INFO - Sync 1 DAGs
[2025-03-29T17:22:00.303+0000] {logging_mixin.py:190} INFO - [2025-03-29T17:22:00.303+0000] {dag.py:4180} INFO - Setting next_dagrun for tutorial_dag to None, run_after=None
[2025-03-29T17:22:00.316+0000] {processor.py:208} INFO - Processing /home/airflow/.local/lib/python3.12/site-packages/airflow/example_dags/tutorial_dag.py took 0.047 seconds
[2025-03-29T17:22:31.876+0000] {processor.py:186} INFO - Started process (PID=899) to work on /home/airflow/.local/lib/python3.12/site-packages/airflow/example_dags/tutorial_dag.py
[2025-03-29T17:22:31.878+0000] {processor.py:914} INFO - Processing file /home/airflow/.local/lib/python3.12/site-packages/airflow/example_dags/tutorial_dag.py for tasks to queue
[2025-03-29T17:22:31.879+0000] {logging_mixin.py:190} INFO - [2025-03-29T17:22:31.879+0000] {dagbag.py:588} INFO - Filling up the DagBag from /home/airflow/.local/lib/python3.12/site-packages/airflow/example_dags/tutorial_dag.py
[2025-03-29T17:22:31.886+0000] {processor.py:925} INFO - DAG(s) 'tutorial_dag' retrieved from /home/airflow/.local/lib/python3.12/site-packages/airflow/example_dags/tutorial_dag.py
[2025-03-29T17:22:31.908+0000] {logging_mixin.py:190} INFO - [2025-03-29T17:22:31.907+0000] {dag.py:3239} INFO - Sync 1 DAGs
[2025-03-29T17:22:31.920+0000] {logging_mixin.py:190} INFO - [2025-03-29T17:22:31.920+0000] {dag.py:4180} INFO - Setting next_dagrun for tutorial_dag to None, run_after=None
[2025-03-29T17:22:31.939+0000] {processor.py:208} INFO - Processing /home/airflow/.local/lib/python3.12/site-packages/airflow/example_dags/tutorial_dag.py took 0.073 seconds
[2025-03-29T17:23:02.499+0000] {processor.py:186} INFO - Started process (PID=962) to work on /home/airflow/.local/lib/python3.12/site-packages/airflow/example_dags/tutorial_dag.py
[2025-03-29T17:23:02.500+0000] {processor.py:914} INFO - Processing file /home/airflow/.local/lib/python3.12/site-packages/airflow/example_dags/tutorial_dag.py for tasks to queue
[2025-03-29T17:23:02.501+0000] {logging_mixin.py:190} INFO - [2025-03-29T17:23:02.501+0000] {dagbag.py:588} INFO - Filling up the DagBag from /home/airflow/.local/lib/python3.12/site-packages/airflow/example_dags/tutorial_dag.py
[2025-03-29T17:23:02.505+0000] {processor.py:925} INFO - DAG(s) 'tutorial_dag' retrieved from /home/airflow/.local/lib/python3.12/site-packages/airflow/example_dags/tutorial_dag.py
[2025-03-29T17:23:02.518+0000] {logging_mixin.py:190} INFO - [2025-03-29T17:23:02.517+0000] {dag.py:3239} INFO - Sync 1 DAGs
[2025-03-29T17:23:02.527+0000] {logging_mixin.py:190} INFO - [2025-03-29T17:23:02.527+0000] {dag.py:4180} INFO - Setting next_dagrun for tutorial_dag to None, run_after=None
[2025-03-29T17:23:02.539+0000] {processor.py:208} INFO - Processing /home/airflow/.local/lib/python3.12/site-packages/airflow/example_dags/tutorial_dag.py took 0.043 seconds
[2025-03-29T17:26:09.619+0000] {processor.py:186} INFO - Started process (PID=74) to work on /home/airflow/.local/lib/python3.12/site-packages/airflow/example_dags/tutorial_dag.py
[2025-03-29T17:26:09.623+0000] {processor.py:914} INFO - Processing file /home/airflow/.local/lib/python3.12/site-packages/airflow/example_dags/tutorial_dag.py for tasks to queue
[2025-03-29T17:26:09.628+0000] {logging_mixin.py:190} INFO - [2025-03-29T17:26:09.626+0000] {dagbag.py:588} INFO - Filling up the DagBag from /home/airflow/.local/lib/python3.12/site-packages/airflow/example_dags/tutorial_dag.py
[2025-03-29T17:26:09.646+0000] {processor.py:925} INFO - DAG(s) 'tutorial_dag' retrieved from /home/airflow/.local/lib/python3.12/site-packages/airflow/example_dags/tutorial_dag.py
[2025-03-29T17:26:09.877+0000] {logging_mixin.py:190} INFO - [2025-03-29T17:26:09.876+0000] {override.py:1912} INFO - Created Permission View: can delete on DAG:tutorial_dag
[2025-03-29T17:26:09.890+0000] {logging_mixin.py:190} INFO - [2025-03-29T17:26:09.890+0000] {override.py:1912} INFO - Created Permission View: can read on DAG:tutorial_dag
[2025-03-29T17:26:09.899+0000] {logging_mixin.py:190} INFO - [2025-03-29T17:26:09.898+0000] {override.py:1912} INFO - Created Permission View: can edit on DAG:tutorial_dag
[2025-03-29T17:26:09.911+0000] {logging_mixin.py:190} INFO - [2025-03-29T17:26:09.911+0000] {override.py:1912} INFO - Created Permission View: can delete on DAG Run:tutorial_dag
[2025-03-29T17:26:09.922+0000] {logging_mixin.py:190} INFO - [2025-03-29T17:26:09.920+0000] {override.py:1912} INFO - Created Permission View: can read on DAG Run:tutorial_dag
[2025-03-29T17:26:09.933+0000] {logging_mixin.py:190} INFO - [2025-03-29T17:26:09.932+0000] {override.py:1912} INFO - Created Permission View: can create on DAG Run:tutorial_dag
[2025-03-29T17:26:09.944+0000] {logging_mixin.py:190} INFO - [2025-03-29T17:26:09.943+0000] {override.py:1912} INFO - Created Permission View: menu access on DAG Run:tutorial_dag
[2025-03-29T17:26:09.944+0000] {logging_mixin.py:190} INFO - [2025-03-29T17:26:09.944+0000] {dag.py:3239} INFO - Sync 1 DAGs
[2025-03-29T17:26:09.968+0000] {logging_mixin.py:190} INFO - [2025-03-29T17:26:09.968+0000] {dag.py:3262} INFO - Creating ORM DAG for tutorial_dag
[2025-03-29T17:26:09.970+0000] {logging_mixin.py:190} INFO - [2025-03-29T17:26:09.969+0000] {dag.py:4180} INFO - Setting next_dagrun for tutorial_dag to None, run_after=None
[2025-03-29T17:26:10.003+0000] {processor.py:208} INFO - Processing /home/airflow/.local/lib/python3.12/site-packages/airflow/example_dags/tutorial_dag.py took 0.397 seconds
[2025-03-29T17:26:40.713+0000] {processor.py:186} INFO - Started process (PID=137) to work on /home/airflow/.local/lib/python3.12/site-packages/airflow/example_dags/tutorial_dag.py
[2025-03-29T17:26:40.714+0000] {processor.py:914} INFO - Processing file /home/airflow/.local/lib/python3.12/site-packages/airflow/example_dags/tutorial_dag.py for tasks to queue
[2025-03-29T17:26:40.715+0000] {logging_mixin.py:190} INFO - [2025-03-29T17:26:40.715+0000] {dagbag.py:588} INFO - Filling up the DagBag from /home/airflow/.local/lib/python3.12/site-packages/airflow/example_dags/tutorial_dag.py
[2025-03-29T17:26:40.720+0000] {processor.py:925} INFO - DAG(s) 'tutorial_dag' retrieved from /home/airflow/.local/lib/python3.12/site-packages/airflow/example_dags/tutorial_dag.py
[2025-03-29T17:26:40.731+0000] {logging_mixin.py:190} INFO - [2025-03-29T17:26:40.731+0000] {dag.py:3239} INFO - Sync 1 DAGs
[2025-03-29T17:26:40.740+0000] {logging_mixin.py:190} INFO - [2025-03-29T17:26:40.740+0000] {dag.py:4180} INFO - Setting next_dagrun for tutorial_dag to None, run_after=None
[2025-03-29T17:26:40.757+0000] {processor.py:208} INFO - Processing /home/airflow/.local/lib/python3.12/site-packages/airflow/example_dags/tutorial_dag.py took 0.048 seconds
[2025-03-29T17:27:11.592+0000] {processor.py:186} INFO - Started process (PID=200) to work on /home/airflow/.local/lib/python3.12/site-packages/airflow/example_dags/tutorial_dag.py
[2025-03-29T17:27:11.593+0000] {processor.py:914} INFO - Processing file /home/airflow/.local/lib/python3.12/site-packages/airflow/example_dags/tutorial_dag.py for tasks to queue
[2025-03-29T17:27:11.594+0000] {logging_mixin.py:190} INFO - [2025-03-29T17:27:11.594+0000] {dagbag.py:588} INFO - Filling up the DagBag from /home/airflow/.local/lib/python3.12/site-packages/airflow/example_dags/tutorial_dag.py
[2025-03-29T17:27:11.599+0000] {processor.py:925} INFO - DAG(s) 'tutorial_dag' retrieved from /home/airflow/.local/lib/python3.12/site-packages/airflow/example_dags/tutorial_dag.py
[2025-03-29T17:27:11.610+0000] {logging_mixin.py:190} INFO - [2025-03-29T17:27:11.610+0000] {dag.py:3239} INFO - Sync 1 DAGs
[2025-03-29T17:27:11.619+0000] {logging_mixin.py:190} INFO - [2025-03-29T17:27:11.618+0000] {dag.py:4180} INFO - Setting next_dagrun for tutorial_dag to None, run_after=None
[2025-03-29T17:27:11.630+0000] {processor.py:208} INFO - Processing /home/airflow/.local/lib/python3.12/site-packages/airflow/example_dags/tutorial_dag.py took 0.041 seconds
[2025-03-29T17:27:42.126+0000] {processor.py:186} INFO - Started process (PID=263) to work on /home/airflow/.local/lib/python3.12/site-packages/airflow/example_dags/tutorial_dag.py
[2025-03-29T17:27:42.127+0000] {processor.py:914} INFO - Processing file /home/airflow/.local/lib/python3.12/site-packages/airflow/example_dags/tutorial_dag.py for tasks to queue
[2025-03-29T17:27:42.128+0000] {logging_mixin.py:190} INFO - [2025-03-29T17:27:42.128+0000] {dagbag.py:588} INFO - Filling up the DagBag from /home/airflow/.local/lib/python3.12/site-packages/airflow/example_dags/tutorial_dag.py
[2025-03-29T17:27:42.132+0000] {processor.py:925} INFO - DAG(s) 'tutorial_dag' retrieved from /home/airflow/.local/lib/python3.12/site-packages/airflow/example_dags/tutorial_dag.py
[2025-03-29T17:27:42.143+0000] {logging_mixin.py:190} INFO - [2025-03-29T17:27:42.143+0000] {dag.py:3239} INFO - Sync 1 DAGs
[2025-03-29T17:27:42.152+0000] {logging_mixin.py:190} INFO - [2025-03-29T17:27:42.152+0000] {dag.py:4180} INFO - Setting next_dagrun for tutorial_dag to None, run_after=None
[2025-03-29T17:27:42.168+0000] {processor.py:208} INFO - Processing /home/airflow/.local/lib/python3.12/site-packages/airflow/example_dags/tutorial_dag.py took 0.046 seconds
[2025-03-29T17:28:12.251+0000] {processor.py:186} INFO - Started process (PID=326) to work on /home/airflow/.local/lib/python3.12/site-packages/airflow/example_dags/tutorial_dag.py
[2025-03-29T17:28:12.252+0000] {processor.py:914} INFO - Processing file /home/airflow/.local/lib/python3.12/site-packages/airflow/example_dags/tutorial_dag.py for tasks to queue
[2025-03-29T17:28:12.253+0000] {logging_mixin.py:190} INFO - [2025-03-29T17:28:12.253+0000] {dagbag.py:588} INFO - Filling up the DagBag from /home/airflow/.local/lib/python3.12/site-packages/airflow/example_dags/tutorial_dag.py
[2025-03-29T17:28:12.258+0000] {processor.py:925} INFO - DAG(s) 'tutorial_dag' retrieved from /home/airflow/.local/lib/python3.12/site-packages/airflow/example_dags/tutorial_dag.py
[2025-03-29T17:28:12.269+0000] {logging_mixin.py:190} INFO - [2025-03-29T17:28:12.269+0000] {dag.py:3239} INFO - Sync 1 DAGs
[2025-03-29T17:28:12.279+0000] {logging_mixin.py:190} INFO - [2025-03-29T17:28:12.278+0000] {dag.py:4180} INFO - Setting next_dagrun for tutorial_dag to None, run_after=None
[2025-03-29T17:28:12.292+0000] {processor.py:208} INFO - Processing /home/airflow/.local/lib/python3.12/site-packages/airflow/example_dags/tutorial_dag.py took 0.044 seconds
[2025-03-29T17:28:42.788+0000] {processor.py:186} INFO - Started process (PID=389) to work on /home/airflow/.local/lib/python3.12/site-packages/airflow/example_dags/tutorial_dag.py
[2025-03-29T17:28:42.789+0000] {processor.py:914} INFO - Processing file /home/airflow/.local/lib/python3.12/site-packages/airflow/example_dags/tutorial_dag.py for tasks to queue
[2025-03-29T17:28:42.790+0000] {logging_mixin.py:190} INFO - [2025-03-29T17:28:42.790+0000] {dagbag.py:588} INFO - Filling up the DagBag from /home/airflow/.local/lib/python3.12/site-packages/airflow/example_dags/tutorial_dag.py
[2025-03-29T17:28:42.796+0000] {processor.py:925} INFO - DAG(s) 'tutorial_dag' retrieved from /home/airflow/.local/lib/python3.12/site-packages/airflow/example_dags/tutorial_dag.py
[2025-03-29T17:28:42.816+0000] {logging_mixin.py:190} INFO - [2025-03-29T17:28:42.815+0000] {dag.py:3239} INFO - Sync 1 DAGs
[2025-03-29T17:28:42.831+0000] {logging_mixin.py:190} INFO - [2025-03-29T17:28:42.831+0000] {dag.py:4180} INFO - Setting next_dagrun for tutorial_dag to None, run_after=None
[2025-03-29T17:28:42.848+0000] {processor.py:208} INFO - Processing /home/airflow/.local/lib/python3.12/site-packages/airflow/example_dags/tutorial_dag.py took 0.064 seconds
[2025-03-29T17:29:13.154+0000] {processor.py:186} INFO - Started process (PID=452) to work on /home/airflow/.local/lib/python3.12/site-packages/airflow/example_dags/tutorial_dag.py
[2025-03-29T17:29:13.155+0000] {processor.py:914} INFO - Processing file /home/airflow/.local/lib/python3.12/site-packages/airflow/example_dags/tutorial_dag.py for tasks to queue
[2025-03-29T17:29:13.156+0000] {logging_mixin.py:190} INFO - [2025-03-29T17:29:13.156+0000] {dagbag.py:588} INFO - Filling up the DagBag from /home/airflow/.local/lib/python3.12/site-packages/airflow/example_dags/tutorial_dag.py
[2025-03-29T17:29:13.161+0000] {processor.py:925} INFO - DAG(s) 'tutorial_dag' retrieved from /home/airflow/.local/lib/python3.12/site-packages/airflow/example_dags/tutorial_dag.py
[2025-03-29T17:29:13.174+0000] {logging_mixin.py:190} INFO - [2025-03-29T17:29:13.173+0000] {dag.py:3239} INFO - Sync 1 DAGs
[2025-03-29T17:29:13.184+0000] {logging_mixin.py:190} INFO - [2025-03-29T17:29:13.184+0000] {dag.py:4180} INFO - Setting next_dagrun for tutorial_dag to None, run_after=None
[2025-03-29T17:29:13.199+0000] {processor.py:208} INFO - Processing /home/airflow/.local/lib/python3.12/site-packages/airflow/example_dags/tutorial_dag.py took 0.049 seconds
[2025-03-29T17:29:43.667+0000] {processor.py:186} INFO - Started process (PID=515) to work on /home/airflow/.local/lib/python3.12/site-packages/airflow/example_dags/tutorial_dag.py
[2025-03-29T17:29:43.667+0000] {processor.py:914} INFO - Processing file /home/airflow/.local/lib/python3.12/site-packages/airflow/example_dags/tutorial_dag.py for tasks to queue
[2025-03-29T17:29:43.669+0000] {logging_mixin.py:190} INFO - [2025-03-29T17:29:43.669+0000] {dagbag.py:588} INFO - Filling up the DagBag from /home/airflow/.local/lib/python3.12/site-packages/airflow/example_dags/tutorial_dag.py
[2025-03-29T17:29:43.674+0000] {processor.py:925} INFO - DAG(s) 'tutorial_dag' retrieved from /home/airflow/.local/lib/python3.12/site-packages/airflow/example_dags/tutorial_dag.py
[2025-03-29T17:29:43.685+0000] {logging_mixin.py:190} INFO - [2025-03-29T17:29:43.685+0000] {dag.py:3239} INFO - Sync 1 DAGs
[2025-03-29T17:29:43.695+0000] {logging_mixin.py:190} INFO - [2025-03-29T17:29:43.695+0000] {dag.py:4180} INFO - Setting next_dagrun for tutorial_dag to None, run_after=None
[2025-03-29T17:29:43.710+0000] {processor.py:208} INFO - Processing /home/airflow/.local/lib/python3.12/site-packages/airflow/example_dags/tutorial_dag.py took 0.047 seconds
[2025-03-29T17:30:15.256+0000] {processor.py:186} INFO - Started process (PID=578) to work on /home/airflow/.local/lib/python3.12/site-packages/airflow/example_dags/tutorial_dag.py
[2025-03-29T17:30:15.257+0000] {processor.py:914} INFO - Processing file /home/airflow/.local/lib/python3.12/site-packages/airflow/example_dags/tutorial_dag.py for tasks to queue
[2025-03-29T17:30:15.258+0000] {logging_mixin.py:190} INFO - [2025-03-29T17:30:15.258+0000] {dagbag.py:588} INFO - Filling up the DagBag from /home/airflow/.local/lib/python3.12/site-packages/airflow/example_dags/tutorial_dag.py
[2025-03-29T17:30:15.262+0000] {processor.py:925} INFO - DAG(s) 'tutorial_dag' retrieved from /home/airflow/.local/lib/python3.12/site-packages/airflow/example_dags/tutorial_dag.py
[2025-03-29T17:30:15.274+0000] {logging_mixin.py:190} INFO - [2025-03-29T17:30:15.274+0000] {dag.py:3239} INFO - Sync 1 DAGs
[2025-03-29T17:30:15.284+0000] {logging_mixin.py:190} INFO - [2025-03-29T17:30:15.284+0000] {dag.py:4180} INFO - Setting next_dagrun for tutorial_dag to None, run_after=None
[2025-03-29T17:30:15.297+0000] {processor.py:208} INFO - Processing /home/airflow/.local/lib/python3.12/site-packages/airflow/example_dags/tutorial_dag.py took 0.045 seconds
[2025-03-29T17:30:45.774+0000] {processor.py:186} INFO - Started process (PID=641) to work on /home/airflow/.local/lib/python3.12/site-packages/airflow/example_dags/tutorial_dag.py
[2025-03-29T17:30:45.774+0000] {processor.py:914} INFO - Processing file /home/airflow/.local/lib/python3.12/site-packages/airflow/example_dags/tutorial_dag.py for tasks to queue
[2025-03-29T17:30:45.775+0000] {logging_mixin.py:190} INFO - [2025-03-29T17:30:45.775+0000] {dagbag.py:588} INFO - Filling up the DagBag from /home/airflow/.local/lib/python3.12/site-packages/airflow/example_dags/tutorial_dag.py
[2025-03-29T17:30:45.780+0000] {processor.py:925} INFO - DAG(s) 'tutorial_dag' retrieved from /home/airflow/.local/lib/python3.12/site-packages/airflow/example_dags/tutorial_dag.py
[2025-03-29T17:30:45.792+0000] {logging_mixin.py:190} INFO - [2025-03-29T17:30:45.792+0000] {dag.py:3239} INFO - Sync 1 DAGs
[2025-03-29T17:30:45.801+0000] {logging_mixin.py:190} INFO - [2025-03-29T17:30:45.801+0000] {dag.py:4180} INFO - Setting next_dagrun for tutorial_dag to None, run_after=None
[2025-03-29T17:30:45.815+0000] {processor.py:208} INFO - Processing /home/airflow/.local/lib/python3.12/site-packages/airflow/example_dags/tutorial_dag.py took 0.045 seconds
[2025-03-29T17:31:16.995+0000] {processor.py:186} INFO - Started process (PID=710) to work on /home/airflow/.local/lib/python3.12/site-packages/airflow/example_dags/tutorial_dag.py
[2025-03-29T17:31:16.996+0000] {processor.py:914} INFO - Processing file /home/airflow/.local/lib/python3.12/site-packages/airflow/example_dags/tutorial_dag.py for tasks to queue
[2025-03-29T17:31:16.997+0000] {logging_mixin.py:190} INFO - [2025-03-29T17:31:16.997+0000] {dagbag.py:588} INFO - Filling up the DagBag from /home/airflow/.local/lib/python3.12/site-packages/airflow/example_dags/tutorial_dag.py
[2025-03-29T17:31:17.001+0000] {processor.py:925} INFO - DAG(s) 'tutorial_dag' retrieved from /home/airflow/.local/lib/python3.12/site-packages/airflow/example_dags/tutorial_dag.py
[2025-03-29T17:31:17.014+0000] {logging_mixin.py:190} INFO - [2025-03-29T17:31:17.013+0000] {dag.py:3239} INFO - Sync 1 DAGs
[2025-03-29T17:31:17.024+0000] {logging_mixin.py:190} INFO - [2025-03-29T17:31:17.024+0000] {dag.py:4180} INFO - Setting next_dagrun for tutorial_dag to None, run_after=None
[2025-03-29T17:31:17.036+0000] {processor.py:208} INFO - Processing /home/airflow/.local/lib/python3.12/site-packages/airflow/example_dags/tutorial_dag.py took 0.044 seconds
[2025-03-29T17:31:48.394+0000] {processor.py:186} INFO - Started process (PID=773) to work on /home/airflow/.local/lib/python3.12/site-packages/airflow/example_dags/tutorial_dag.py
[2025-03-29T17:31:48.394+0000] {processor.py:914} INFO - Processing file /home/airflow/.local/lib/python3.12/site-packages/airflow/example_dags/tutorial_dag.py for tasks to queue
[2025-03-29T17:31:48.395+0000] {logging_mixin.py:190} INFO - [2025-03-29T17:31:48.395+0000] {dagbag.py:588} INFO - Filling up the DagBag from /home/airflow/.local/lib/python3.12/site-packages/airflow/example_dags/tutorial_dag.py
[2025-03-29T17:31:48.400+0000] {processor.py:925} INFO - DAG(s) 'tutorial_dag' retrieved from /home/airflow/.local/lib/python3.12/site-packages/airflow/example_dags/tutorial_dag.py
[2025-03-29T17:31:48.412+0000] {logging_mixin.py:190} INFO - [2025-03-29T17:31:48.412+0000] {dag.py:3239} INFO - Sync 1 DAGs
[2025-03-29T17:31:48.422+0000] {logging_mixin.py:190} INFO - [2025-03-29T17:31:48.421+0000] {dag.py:4180} INFO - Setting next_dagrun for tutorial_dag to None, run_after=None
[2025-03-29T17:31:48.441+0000] {processor.py:208} INFO - Processing /home/airflow/.local/lib/python3.12/site-packages/airflow/example_dags/tutorial_dag.py took 0.051 seconds
[2025-03-29T17:32:18.784+0000] {processor.py:186} INFO - Started process (PID=836) to work on /home/airflow/.local/lib/python3.12/site-packages/airflow/example_dags/tutorial_dag.py
[2025-03-29T17:32:18.784+0000] {processor.py:914} INFO - Processing file /home/airflow/.local/lib/python3.12/site-packages/airflow/example_dags/tutorial_dag.py for tasks to queue
[2025-03-29T17:32:18.786+0000] {logging_mixin.py:190} INFO - [2025-03-29T17:32:18.785+0000] {dagbag.py:588} INFO - Filling up the DagBag from /home/airflow/.local/lib/python3.12/site-packages/airflow/example_dags/tutorial_dag.py
[2025-03-29T17:32:18.790+0000] {processor.py:925} INFO - DAG(s) 'tutorial_dag' retrieved from /home/airflow/.local/lib/python3.12/site-packages/airflow/example_dags/tutorial_dag.py
[2025-03-29T17:32:18.801+0000] {logging_mixin.py:190} INFO - [2025-03-29T17:32:18.801+0000] {dag.py:3239} INFO - Sync 1 DAGs
[2025-03-29T17:32:18.811+0000] {logging_mixin.py:190} INFO - [2025-03-29T17:32:18.810+0000] {dag.py:4180} INFO - Setting next_dagrun for tutorial_dag to None, run_after=None
[2025-03-29T17:32:18.821+0000] {processor.py:208} INFO - Processing /home/airflow/.local/lib/python3.12/site-packages/airflow/example_dags/tutorial_dag.py took 0.041 seconds
[2025-03-29T17:32:50.270+0000] {processor.py:186} INFO - Started process (PID=899) to work on /home/airflow/.local/lib/python3.12/site-packages/airflow/example_dags/tutorial_dag.py
[2025-03-29T17:32:50.270+0000] {processor.py:914} INFO - Processing file /home/airflow/.local/lib/python3.12/site-packages/airflow/example_dags/tutorial_dag.py for tasks to queue
[2025-03-29T17:32:50.272+0000] {logging_mixin.py:190} INFO - [2025-03-29T17:32:50.271+0000] {dagbag.py:588} INFO - Filling up the DagBag from /home/airflow/.local/lib/python3.12/site-packages/airflow/example_dags/tutorial_dag.py
[2025-03-29T17:32:50.276+0000] {processor.py:925} INFO - DAG(s) 'tutorial_dag' retrieved from /home/airflow/.local/lib/python3.12/site-packages/airflow/example_dags/tutorial_dag.py
[2025-03-29T17:32:50.288+0000] {logging_mixin.py:190} INFO - [2025-03-29T17:32:50.287+0000] {dag.py:3239} INFO - Sync 1 DAGs
[2025-03-29T17:32:50.297+0000] {logging_mixin.py:190} INFO - [2025-03-29T17:32:50.297+0000] {dag.py:4180} INFO - Setting next_dagrun for tutorial_dag to None, run_after=None
[2025-03-29T17:32:50.316+0000] {processor.py:208} INFO - Processing /home/airflow/.local/lib/python3.12/site-packages/airflow/example_dags/tutorial_dag.py took 0.049 seconds
[2025-03-29T17:33:20.777+0000] {processor.py:186} INFO - Started process (PID=962) to work on /home/airflow/.local/lib/python3.12/site-packages/airflow/example_dags/tutorial_dag.py
[2025-03-29T17:33:20.778+0000] {processor.py:914} INFO - Processing file /home/airflow/.local/lib/python3.12/site-packages/airflow/example_dags/tutorial_dag.py for tasks to queue
[2025-03-29T17:33:20.779+0000] {logging_mixin.py:190} INFO - [2025-03-29T17:33:20.779+0000] {dagbag.py:588} INFO - Filling up the DagBag from /home/airflow/.local/lib/python3.12/site-packages/airflow/example_dags/tutorial_dag.py
[2025-03-29T17:33:20.783+0000] {processor.py:925} INFO - DAG(s) 'tutorial_dag' retrieved from /home/airflow/.local/lib/python3.12/site-packages/airflow/example_dags/tutorial_dag.py
[2025-03-29T17:33:20.795+0000] {logging_mixin.py:190} INFO - [2025-03-29T17:33:20.794+0000] {dag.py:3239} INFO - Sync 1 DAGs
[2025-03-29T17:33:20.803+0000] {logging_mixin.py:190} INFO - [2025-03-29T17:33:20.803+0000] {dag.py:4180} INFO - Setting next_dagrun for tutorial_dag to None, run_after=None
[2025-03-29T17:33:20.816+0000] {processor.py:208} INFO - Processing /home/airflow/.local/lib/python3.12/site-packages/airflow/example_dags/tutorial_dag.py took 0.043 seconds
[2025-03-29T17:33:52.405+0000] {processor.py:186} INFO - Started process (PID=1025) to work on /home/airflow/.local/lib/python3.12/site-packages/airflow/example_dags/tutorial_dag.py
[2025-03-29T17:33:52.405+0000] {processor.py:914} INFO - Processing file /home/airflow/.local/lib/python3.12/site-packages/airflow/example_dags/tutorial_dag.py for tasks to queue
[2025-03-29T17:33:52.406+0000] {logging_mixin.py:190} INFO - [2025-03-29T17:33:52.406+0000] {dagbag.py:588} INFO - Filling up the DagBag from /home/airflow/.local/lib/python3.12/site-packages/airflow/example_dags/tutorial_dag.py
[2025-03-29T17:33:52.411+0000] {processor.py:925} INFO - DAG(s) 'tutorial_dag' retrieved from /home/airflow/.local/lib/python3.12/site-packages/airflow/example_dags/tutorial_dag.py
[2025-03-29T17:33:52.422+0000] {logging_mixin.py:190} INFO - [2025-03-29T17:33:52.422+0000] {dag.py:3239} INFO - Sync 1 DAGs
[2025-03-29T17:33:52.431+0000] {logging_mixin.py:190} INFO - [2025-03-29T17:33:52.431+0000] {dag.py:4180} INFO - Setting next_dagrun for tutorial_dag to None, run_after=None
[2025-03-29T17:33:52.443+0000] {processor.py:208} INFO - Processing /home/airflow/.local/lib/python3.12/site-packages/airflow/example_dags/tutorial_dag.py took 0.042 seconds
[2025-03-29T17:34:22.863+0000] {processor.py:186} INFO - Started process (PID=1088) to work on /home/airflow/.local/lib/python3.12/site-packages/airflow/example_dags/tutorial_dag.py
[2025-03-29T17:34:22.864+0000] {processor.py:914} INFO - Processing file /home/airflow/.local/lib/python3.12/site-packages/airflow/example_dags/tutorial_dag.py for tasks to queue
[2025-03-29T17:34:22.865+0000] {logging_mixin.py:190} INFO - [2025-03-29T17:34:22.865+0000] {dagbag.py:588} INFO - Filling up the DagBag from /home/airflow/.local/lib/python3.12/site-packages/airflow/example_dags/tutorial_dag.py
[2025-03-29T17:34:22.870+0000] {processor.py:925} INFO - DAG(s) 'tutorial_dag' retrieved from /home/airflow/.local/lib/python3.12/site-packages/airflow/example_dags/tutorial_dag.py
[2025-03-29T17:34:22.882+0000] {logging_mixin.py:190} INFO - [2025-03-29T17:34:22.882+0000] {dag.py:3239} INFO - Sync 1 DAGs
[2025-03-29T17:34:22.891+0000] {logging_mixin.py:190} INFO - [2025-03-29T17:34:22.891+0000] {dag.py:4180} INFO - Setting next_dagrun for tutorial_dag to None, run_after=None
[2025-03-29T17:34:22.903+0000] {processor.py:208} INFO - Processing /home/airflow/.local/lib/python3.12/site-packages/airflow/example_dags/tutorial_dag.py took 0.043 seconds
[2025-03-29T17:34:54.429+0000] {processor.py:186} INFO - Started process (PID=1151) to work on /home/airflow/.local/lib/python3.12/site-packages/airflow/example_dags/tutorial_dag.py
[2025-03-29T17:34:54.430+0000] {processor.py:914} INFO - Processing file /home/airflow/.local/lib/python3.12/site-packages/airflow/example_dags/tutorial_dag.py for tasks to queue
[2025-03-29T17:34:54.431+0000] {logging_mixin.py:190} INFO - [2025-03-29T17:34:54.431+0000] {dagbag.py:588} INFO - Filling up the DagBag from /home/airflow/.local/lib/python3.12/site-packages/airflow/example_dags/tutorial_dag.py
[2025-03-29T17:34:54.436+0000] {processor.py:925} INFO - DAG(s) 'tutorial_dag' retrieved from /home/airflow/.local/lib/python3.12/site-packages/airflow/example_dags/tutorial_dag.py
[2025-03-29T17:34:54.452+0000] {logging_mixin.py:190} INFO - [2025-03-29T17:34:54.452+0000] {dag.py:3239} INFO - Sync 1 DAGs
[2025-03-29T17:34:54.462+0000] {logging_mixin.py:190} INFO - [2025-03-29T17:34:54.462+0000] {dag.py:4180} INFO - Setting next_dagrun for tutorial_dag to None, run_after=None
[2025-03-29T17:34:54.476+0000] {processor.py:208} INFO - Processing /home/airflow/.local/lib/python3.12/site-packages/airflow/example_dags/tutorial_dag.py took 0.050 seconds
[2025-03-29T17:35:25.854+0000] {processor.py:186} INFO - Started process (PID=1214) to work on /home/airflow/.local/lib/python3.12/site-packages/airflow/example_dags/tutorial_dag.py
[2025-03-29T17:35:25.855+0000] {processor.py:914} INFO - Processing file /home/airflow/.local/lib/python3.12/site-packages/airflow/example_dags/tutorial_dag.py for tasks to queue
[2025-03-29T17:35:25.856+0000] {logging_mixin.py:190} INFO - [2025-03-29T17:35:25.856+0000] {dagbag.py:588} INFO - Filling up the DagBag from /home/airflow/.local/lib/python3.12/site-packages/airflow/example_dags/tutorial_dag.py
[2025-03-29T17:35:25.861+0000] {processor.py:925} INFO - DAG(s) 'tutorial_dag' retrieved from /home/airflow/.local/lib/python3.12/site-packages/airflow/example_dags/tutorial_dag.py
[2025-03-29T17:35:25.874+0000] {logging_mixin.py:190} INFO - [2025-03-29T17:35:25.873+0000] {dag.py:3239} INFO - Sync 1 DAGs
[2025-03-29T17:35:25.883+0000] {logging_mixin.py:190} INFO - [2025-03-29T17:35:25.883+0000] {dag.py:4180} INFO - Setting next_dagrun for tutorial_dag to None, run_after=None
[2025-03-29T17:35:25.896+0000] {processor.py:208} INFO - Processing /home/airflow/.local/lib/python3.12/site-packages/airflow/example_dags/tutorial_dag.py took 0.045 seconds
[2025-03-29T17:35:56.808+0000] {processor.py:186} INFO - Started process (PID=1277) to work on /home/airflow/.local/lib/python3.12/site-packages/airflow/example_dags/tutorial_dag.py
[2025-03-29T17:35:56.808+0000] {processor.py:914} INFO - Processing file /home/airflow/.local/lib/python3.12/site-packages/airflow/example_dags/tutorial_dag.py for tasks to queue
[2025-03-29T17:35:56.810+0000] {logging_mixin.py:190} INFO - [2025-03-29T17:35:56.809+0000] {dagbag.py:588} INFO - Filling up the DagBag from /home/airflow/.local/lib/python3.12/site-packages/airflow/example_dags/tutorial_dag.py
[2025-03-29T17:35:56.814+0000] {processor.py:925} INFO - DAG(s) 'tutorial_dag' retrieved from /home/airflow/.local/lib/python3.12/site-packages/airflow/example_dags/tutorial_dag.py
[2025-03-29T17:35:56.827+0000] {logging_mixin.py:190} INFO - [2025-03-29T17:35:56.827+0000] {dag.py:3239} INFO - Sync 1 DAGs
[2025-03-29T17:35:56.839+0000] {logging_mixin.py:190} INFO - [2025-03-29T17:35:56.839+0000] {dag.py:4180} INFO - Setting next_dagrun for tutorial_dag to None, run_after=None
[2025-03-29T17:35:56.853+0000] {processor.py:208} INFO - Processing /home/airflow/.local/lib/python3.12/site-packages/airflow/example_dags/tutorial_dag.py took 0.048 seconds
[2025-03-29T17:36:28.180+0000] {processor.py:186} INFO - Started process (PID=1340) to work on /home/airflow/.local/lib/python3.12/site-packages/airflow/example_dags/tutorial_dag.py
[2025-03-29T17:36:28.180+0000] {processor.py:914} INFO - Processing file /home/airflow/.local/lib/python3.12/site-packages/airflow/example_dags/tutorial_dag.py for tasks to queue
[2025-03-29T17:36:28.183+0000] {logging_mixin.py:190} INFO - [2025-03-29T17:36:28.182+0000] {dagbag.py:588} INFO - Filling up the DagBag from /home/airflow/.local/lib/python3.12/site-packages/airflow/example_dags/tutorial_dag.py
[2025-03-29T17:36:28.190+0000] {processor.py:925} INFO - DAG(s) 'tutorial_dag' retrieved from /home/airflow/.local/lib/python3.12/site-packages/airflow/example_dags/tutorial_dag.py
[2025-03-29T17:36:28.205+0000] {logging_mixin.py:190} INFO - [2025-03-29T17:36:28.205+0000] {dag.py:3239} INFO - Sync 1 DAGs
[2025-03-29T17:36:28.216+0000] {logging_mixin.py:190} INFO - [2025-03-29T17:36:28.215+0000] {dag.py:4180} INFO - Setting next_dagrun for tutorial_dag to None, run_after=None
[2025-03-29T17:36:28.230+0000] {processor.py:208} INFO - Processing /home/airflow/.local/lib/python3.12/site-packages/airflow/example_dags/tutorial_dag.py took 0.054 seconds
[2025-03-29T17:36:59.390+0000] {processor.py:186} INFO - Started process (PID=1403) to work on /home/airflow/.local/lib/python3.12/site-packages/airflow/example_dags/tutorial_dag.py
[2025-03-29T17:36:59.392+0000] {processor.py:914} INFO - Processing file /home/airflow/.local/lib/python3.12/site-packages/airflow/example_dags/tutorial_dag.py for tasks to queue
[2025-03-29T17:36:59.396+0000] {logging_mixin.py:190} INFO - [2025-03-29T17:36:59.395+0000] {dagbag.py:588} INFO - Filling up the DagBag from /home/airflow/.local/lib/python3.12/site-packages/airflow/example_dags/tutorial_dag.py
[2025-03-29T17:36:59.406+0000] {processor.py:925} INFO - DAG(s) 'tutorial_dag' retrieved from /home/airflow/.local/lib/python3.12/site-packages/airflow/example_dags/tutorial_dag.py
[2025-03-29T17:36:59.422+0000] {logging_mixin.py:190} INFO - [2025-03-29T17:36:59.422+0000] {dag.py:3239} INFO - Sync 1 DAGs
[2025-03-29T17:36:59.433+0000] {logging_mixin.py:190} INFO - [2025-03-29T17:36:59.433+0000] {dag.py:4180} INFO - Setting next_dagrun for tutorial_dag to None, run_after=None
[2025-03-29T17:36:59.445+0000] {processor.py:208} INFO - Processing /home/airflow/.local/lib/python3.12/site-packages/airflow/example_dags/tutorial_dag.py took 0.058 seconds
[2025-03-29T17:37:30.476+0000] {processor.py:186} INFO - Started process (PID=1466) to work on /home/airflow/.local/lib/python3.12/site-packages/airflow/example_dags/tutorial_dag.py
[2025-03-29T17:37:30.476+0000] {processor.py:914} INFO - Processing file /home/airflow/.local/lib/python3.12/site-packages/airflow/example_dags/tutorial_dag.py for tasks to queue
[2025-03-29T17:37:30.478+0000] {logging_mixin.py:190} INFO - [2025-03-29T17:37:30.477+0000] {dagbag.py:588} INFO - Filling up the DagBag from /home/airflow/.local/lib/python3.12/site-packages/airflow/example_dags/tutorial_dag.py
[2025-03-29T17:37:30.482+0000] {processor.py:925} INFO - DAG(s) 'tutorial_dag' retrieved from /home/airflow/.local/lib/python3.12/site-packages/airflow/example_dags/tutorial_dag.py
[2025-03-29T17:37:30.493+0000] {logging_mixin.py:190} INFO - [2025-03-29T17:37:30.493+0000] {dag.py:3239} INFO - Sync 1 DAGs
[2025-03-29T17:37:30.503+0000] {logging_mixin.py:190} INFO - [2025-03-29T17:37:30.503+0000] {dag.py:4180} INFO - Setting next_dagrun for tutorial_dag to None, run_after=None
[2025-03-29T17:37:30.515+0000] {processor.py:208} INFO - Processing /home/airflow/.local/lib/python3.12/site-packages/airflow/example_dags/tutorial_dag.py took 0.042 seconds
[2025-03-29T17:38:01.365+0000] {processor.py:186} INFO - Started process (PID=1529) to work on /home/airflow/.local/lib/python3.12/site-packages/airflow/example_dags/tutorial_dag.py
[2025-03-29T17:38:01.365+0000] {processor.py:914} INFO - Processing file /home/airflow/.local/lib/python3.12/site-packages/airflow/example_dags/tutorial_dag.py for tasks to queue
[2025-03-29T17:38:01.366+0000] {logging_mixin.py:190} INFO - [2025-03-29T17:38:01.366+0000] {dagbag.py:588} INFO - Filling up the DagBag from /home/airflow/.local/lib/python3.12/site-packages/airflow/example_dags/tutorial_dag.py
[2025-03-29T17:38:01.371+0000] {processor.py:925} INFO - DAG(s) 'tutorial_dag' retrieved from /home/airflow/.local/lib/python3.12/site-packages/airflow/example_dags/tutorial_dag.py
[2025-03-29T17:38:01.382+0000] {logging_mixin.py:190} INFO - [2025-03-29T17:38:01.382+0000] {dag.py:3239} INFO - Sync 1 DAGs
[2025-03-29T17:38:01.392+0000] {logging_mixin.py:190} INFO - [2025-03-29T17:38:01.391+0000] {dag.py:4180} INFO - Setting next_dagrun for tutorial_dag to None, run_after=None
[2025-03-29T17:38:01.403+0000] {processor.py:208} INFO - Processing /home/airflow/.local/lib/python3.12/site-packages/airflow/example_dags/tutorial_dag.py took 0.042 seconds
[2025-03-29T17:38:32.439+0000] {processor.py:186} INFO - Started process (PID=1592) to work on /home/airflow/.local/lib/python3.12/site-packages/airflow/example_dags/tutorial_dag.py
[2025-03-29T17:38:32.440+0000] {processor.py:914} INFO - Processing file /home/airflow/.local/lib/python3.12/site-packages/airflow/example_dags/tutorial_dag.py for tasks to queue
[2025-03-29T17:38:32.441+0000] {logging_mixin.py:190} INFO - [2025-03-29T17:38:32.441+0000] {dagbag.py:588} INFO - Filling up the DagBag from /home/airflow/.local/lib/python3.12/site-packages/airflow/example_dags/tutorial_dag.py
[2025-03-29T17:38:32.446+0000] {processor.py:925} INFO - DAG(s) 'tutorial_dag' retrieved from /home/airflow/.local/lib/python3.12/site-packages/airflow/example_dags/tutorial_dag.py
[2025-03-29T17:38:32.458+0000] {logging_mixin.py:190} INFO - [2025-03-29T17:38:32.458+0000] {dag.py:3239} INFO - Sync 1 DAGs
[2025-03-29T17:38:32.468+0000] {logging_mixin.py:190} INFO - [2025-03-29T17:38:32.468+0000] {dag.py:4180} INFO - Setting next_dagrun for tutorial_dag to None, run_after=None
[2025-03-29T17:38:32.480+0000] {processor.py:208} INFO - Processing /home/airflow/.local/lib/python3.12/site-packages/airflow/example_dags/tutorial_dag.py took 0.044 seconds
