[2025-03-29T17:15:51.016+0000] {processor.py:186} INFO - Started process (PID=93) to work on /home/airflow/.local/lib/python3.12/site-packages/airflow/example_dags/tutorial.py
[2025-03-29T17:15:51.016+0000] {processor.py:914} INFO - Processing file /home/airflow/.local/lib/python3.12/site-packages/airflow/example_dags/tutorial.py for tasks to queue
[2025-03-29T17:15:51.017+0000] {logging_mixin.py:190} INFO - [2025-03-29T17:15:51.017+0000] {dagbag.py:588} INFO - Filling up the DagBag from /home/airflow/.local/lib/python3.12/site-packages/airflow/example_dags/tutorial.py
[2025-03-29T17:15:51.024+0000] {processor.py:925} INFO - DAG(s) 'tutorial' retrieved from /home/airflow/.local/lib/python3.12/site-packages/airflow/example_dags/tutorial.py
[2025-03-29T17:15:51.098+0000] {logging_mixin.py:190} INFO - [2025-03-29T17:15:51.098+0000] {override.py:1912} INFO - Created Permission View: can delete on DAG:tutorial
[2025-03-29T17:15:51.105+0000] {logging_mixin.py:190} INFO - [2025-03-29T17:15:51.105+0000] {override.py:1912} INFO - Created Permission View: can edit on DAG:tutorial
[2025-03-29T17:15:51.109+0000] {logging_mixin.py:190} INFO - [2025-03-29T17:15:51.109+0000] {override.py:1912} INFO - Created Permission View: can read on DAG:tutorial
[2025-03-29T17:15:51.114+0000] {logging_mixin.py:190} INFO - [2025-03-29T17:15:51.114+0000] {override.py:1912} INFO - Created Permission View: can delete on DAG Run:tutorial
[2025-03-29T17:15:51.118+0000] {logging_mixin.py:190} INFO - [2025-03-29T17:15:51.118+0000] {override.py:1912} INFO - Created Permission View: menu access on DAG Run:tutorial
[2025-03-29T17:15:51.122+0000] {logging_mixin.py:190} INFO - [2025-03-29T17:15:51.122+0000] {override.py:1912} INFO - Created Permission View: can read on DAG Run:tutorial
[2025-03-29T17:15:51.126+0000] {logging_mixin.py:190} INFO - [2025-03-29T17:15:51.126+0000] {override.py:1912} INFO - Created Permission View: can create on DAG Run:tutorial
[2025-03-29T17:15:51.126+0000] {logging_mixin.py:190} INFO - [2025-03-29T17:15:51.126+0000] {dag.py:3239} INFO - Sync 1 DAGs
[2025-03-29T17:15:51.135+0000] {logging_mixin.py:190} INFO - [2025-03-29T17:15:51.135+0000] {dag.py:3262} INFO - Creating ORM DAG for tutorial
[2025-03-29T17:15:51.141+0000] {logging_mixin.py:190} INFO - [2025-03-29T17:15:51.141+0000] {dag.py:4180} INFO - Setting next_dagrun for tutorial to 2025-03-28 00:00:00+00:00, run_after=2025-03-29 00:00:00+00:00
[2025-03-29T17:15:51.152+0000] {processor.py:208} INFO - Processing /home/airflow/.local/lib/python3.12/site-packages/airflow/example_dags/tutorial.py took 0.141 seconds
[2025-03-29T17:16:21.483+0000] {processor.py:186} INFO - Started process (PID=156) to work on /home/airflow/.local/lib/python3.12/site-packages/airflow/example_dags/tutorial.py
[2025-03-29T17:16:21.483+0000] {processor.py:914} INFO - Processing file /home/airflow/.local/lib/python3.12/site-packages/airflow/example_dags/tutorial.py for tasks to queue
[2025-03-29T17:16:21.484+0000] {logging_mixin.py:190} INFO - [2025-03-29T17:16:21.484+0000] {dagbag.py:588} INFO - Filling up the DagBag from /home/airflow/.local/lib/python3.12/site-packages/airflow/example_dags/tutorial.py
[2025-03-29T17:16:21.489+0000] {processor.py:925} INFO - DAG(s) 'tutorial' retrieved from /home/airflow/.local/lib/python3.12/site-packages/airflow/example_dags/tutorial.py
[2025-03-29T17:16:21.502+0000] {logging_mixin.py:190} INFO - [2025-03-29T17:16:21.502+0000] {dag.py:3239} INFO - Sync 1 DAGs
[2025-03-29T17:16:21.518+0000] {logging_mixin.py:190} INFO - [2025-03-29T17:16:21.518+0000] {dag.py:4180} INFO - Setting next_dagrun for tutorial to 2025-03-28 00:00:00+00:00, run_after=2025-03-29 00:00:00+00:00
[2025-03-29T17:16:21.531+0000] {processor.py:208} INFO - Processing /home/airflow/.local/lib/python3.12/site-packages/airflow/example_dags/tutorial.py took 0.052 seconds
[2025-03-29T17:16:52.101+0000] {processor.py:186} INFO - Started process (PID=219) to work on /home/airflow/.local/lib/python3.12/site-packages/airflow/example_dags/tutorial.py
[2025-03-29T17:16:52.102+0000] {processor.py:914} INFO - Processing file /home/airflow/.local/lib/python3.12/site-packages/airflow/example_dags/tutorial.py for tasks to queue
[2025-03-29T17:16:52.103+0000] {logging_mixin.py:190} INFO - [2025-03-29T17:16:52.103+0000] {dagbag.py:588} INFO - Filling up the DagBag from /home/airflow/.local/lib/python3.12/site-packages/airflow/example_dags/tutorial.py
[2025-03-29T17:16:52.108+0000] {processor.py:925} INFO - DAG(s) 'tutorial' retrieved from /home/airflow/.local/lib/python3.12/site-packages/airflow/example_dags/tutorial.py
[2025-03-29T17:16:52.119+0000] {logging_mixin.py:190} INFO - [2025-03-29T17:16:52.119+0000] {dag.py:3239} INFO - Sync 1 DAGs
[2025-03-29T17:16:52.135+0000] {logging_mixin.py:190} INFO - [2025-03-29T17:16:52.135+0000] {dag.py:4180} INFO - Setting next_dagrun for tutorial to 2025-03-28 00:00:00+00:00, run_after=2025-03-29 00:00:00+00:00
[2025-03-29T17:16:52.147+0000] {processor.py:208} INFO - Processing /home/airflow/.local/lib/python3.12/site-packages/airflow/example_dags/tutorial.py took 0.049 seconds
[2025-03-29T17:17:23.428+0000] {processor.py:186} INFO - Started process (PID=282) to work on /home/airflow/.local/lib/python3.12/site-packages/airflow/example_dags/tutorial.py
[2025-03-29T17:17:23.429+0000] {processor.py:914} INFO - Processing file /home/airflow/.local/lib/python3.12/site-packages/airflow/example_dags/tutorial.py for tasks to queue
[2025-03-29T17:17:23.430+0000] {logging_mixin.py:190} INFO - [2025-03-29T17:17:23.430+0000] {dagbag.py:588} INFO - Filling up the DagBag from /home/airflow/.local/lib/python3.12/site-packages/airflow/example_dags/tutorial.py
[2025-03-29T17:17:23.435+0000] {processor.py:925} INFO - DAG(s) 'tutorial' retrieved from /home/airflow/.local/lib/python3.12/site-packages/airflow/example_dags/tutorial.py
[2025-03-29T17:17:23.447+0000] {logging_mixin.py:190} INFO - [2025-03-29T17:17:23.447+0000] {dag.py:3239} INFO - Sync 1 DAGs
[2025-03-29T17:17:23.462+0000] {logging_mixin.py:190} INFO - [2025-03-29T17:17:23.462+0000] {dag.py:4180} INFO - Setting next_dagrun for tutorial to 2025-03-28 00:00:00+00:00, run_after=2025-03-29 00:00:00+00:00
[2025-03-29T17:17:23.475+0000] {processor.py:208} INFO - Processing /home/airflow/.local/lib/python3.12/site-packages/airflow/example_dags/tutorial.py took 0.050 seconds
[2025-03-29T17:17:54.818+0000] {processor.py:186} INFO - Started process (PID=345) to work on /home/airflow/.local/lib/python3.12/site-packages/airflow/example_dags/tutorial.py
[2025-03-29T17:17:54.819+0000] {processor.py:914} INFO - Processing file /home/airflow/.local/lib/python3.12/site-packages/airflow/example_dags/tutorial.py for tasks to queue
[2025-03-29T17:17:54.820+0000] {logging_mixin.py:190} INFO - [2025-03-29T17:17:54.820+0000] {dagbag.py:588} INFO - Filling up the DagBag from /home/airflow/.local/lib/python3.12/site-packages/airflow/example_dags/tutorial.py
[2025-03-29T17:17:54.825+0000] {processor.py:925} INFO - DAG(s) 'tutorial' retrieved from /home/airflow/.local/lib/python3.12/site-packages/airflow/example_dags/tutorial.py
[2025-03-29T17:17:54.837+0000] {logging_mixin.py:190} INFO - [2025-03-29T17:17:54.836+0000] {dag.py:3239} INFO - Sync 1 DAGs
[2025-03-29T17:17:54.851+0000] {logging_mixin.py:190} INFO - [2025-03-29T17:17:54.851+0000] {dag.py:4180} INFO - Setting next_dagrun for tutorial to 2025-03-28 00:00:00+00:00, run_after=2025-03-29 00:00:00+00:00
[2025-03-29T17:17:54.863+0000] {processor.py:208} INFO - Processing /home/airflow/.local/lib/python3.12/site-packages/airflow/example_dags/tutorial.py took 0.048 seconds
[2025-03-29T17:18:25.564+0000] {processor.py:186} INFO - Started process (PID=408) to work on /home/airflow/.local/lib/python3.12/site-packages/airflow/example_dags/tutorial.py
[2025-03-29T17:18:25.564+0000] {processor.py:914} INFO - Processing file /home/airflow/.local/lib/python3.12/site-packages/airflow/example_dags/tutorial.py for tasks to queue
[2025-03-29T17:18:25.566+0000] {logging_mixin.py:190} INFO - [2025-03-29T17:18:25.565+0000] {dagbag.py:588} INFO - Filling up the DagBag from /home/airflow/.local/lib/python3.12/site-packages/airflow/example_dags/tutorial.py
[2025-03-29T17:18:25.571+0000] {processor.py:925} INFO - DAG(s) 'tutorial' retrieved from /home/airflow/.local/lib/python3.12/site-packages/airflow/example_dags/tutorial.py
[2025-03-29T17:18:25.583+0000] {logging_mixin.py:190} INFO - [2025-03-29T17:18:25.583+0000] {dag.py:3239} INFO - Sync 1 DAGs
[2025-03-29T17:18:25.598+0000] {logging_mixin.py:190} INFO - [2025-03-29T17:18:25.597+0000] {dag.py:4180} INFO - Setting next_dagrun for tutorial to 2025-03-28 00:00:00+00:00, run_after=2025-03-29 00:00:00+00:00
[2025-03-29T17:18:25.609+0000] {processor.py:208} INFO - Processing /home/airflow/.local/lib/python3.12/site-packages/airflow/example_dags/tutorial.py took 0.049 seconds
[2025-03-29T17:18:56.010+0000] {processor.py:186} INFO - Started process (PID=471) to work on /home/airflow/.local/lib/python3.12/site-packages/airflow/example_dags/tutorial.py
[2025-03-29T17:18:56.011+0000] {processor.py:914} INFO - Processing file /home/airflow/.local/lib/python3.12/site-packages/airflow/example_dags/tutorial.py for tasks to queue
[2025-03-29T17:18:56.012+0000] {logging_mixin.py:190} INFO - [2025-03-29T17:18:56.012+0000] {dagbag.py:588} INFO - Filling up the DagBag from /home/airflow/.local/lib/python3.12/site-packages/airflow/example_dags/tutorial.py
[2025-03-29T17:18:56.017+0000] {processor.py:925} INFO - DAG(s) 'tutorial' retrieved from /home/airflow/.local/lib/python3.12/site-packages/airflow/example_dags/tutorial.py
[2025-03-29T17:18:56.030+0000] {logging_mixin.py:190} INFO - [2025-03-29T17:18:56.029+0000] {dag.py:3239} INFO - Sync 1 DAGs
[2025-03-29T17:18:56.045+0000] {logging_mixin.py:190} INFO - [2025-03-29T17:18:56.045+0000] {dag.py:4180} INFO - Setting next_dagrun for tutorial to 2025-03-28 00:00:00+00:00, run_after=2025-03-29 00:00:00+00:00
[2025-03-29T17:18:56.057+0000] {processor.py:208} INFO - Processing /home/airflow/.local/lib/python3.12/site-packages/airflow/example_dags/tutorial.py took 0.050 seconds
[2025-03-29T17:19:27.371+0000] {processor.py:186} INFO - Started process (PID=540) to work on /home/airflow/.local/lib/python3.12/site-packages/airflow/example_dags/tutorial.py
[2025-03-29T17:19:27.371+0000] {processor.py:914} INFO - Processing file /home/airflow/.local/lib/python3.12/site-packages/airflow/example_dags/tutorial.py for tasks to queue
[2025-03-29T17:19:27.372+0000] {logging_mixin.py:190} INFO - [2025-03-29T17:19:27.372+0000] {dagbag.py:588} INFO - Filling up the DagBag from /home/airflow/.local/lib/python3.12/site-packages/airflow/example_dags/tutorial.py
[2025-03-29T17:19:27.377+0000] {processor.py:925} INFO - DAG(s) 'tutorial' retrieved from /home/airflow/.local/lib/python3.12/site-packages/airflow/example_dags/tutorial.py
[2025-03-29T17:19:27.388+0000] {logging_mixin.py:190} INFO - [2025-03-29T17:19:27.388+0000] {dag.py:3239} INFO - Sync 1 DAGs
[2025-03-29T17:19:27.402+0000] {logging_mixin.py:190} INFO - [2025-03-29T17:19:27.402+0000] {dag.py:4180} INFO - Setting next_dagrun for tutorial to 2025-03-28 00:00:00+00:00, run_after=2025-03-29 00:00:00+00:00
[2025-03-29T17:19:27.415+0000] {processor.py:208} INFO - Processing /home/airflow/.local/lib/python3.12/site-packages/airflow/example_dags/tutorial.py took 0.048 seconds
[2025-03-29T17:19:57.888+0000] {processor.py:186} INFO - Started process (PID=603) to work on /home/airflow/.local/lib/python3.12/site-packages/airflow/example_dags/tutorial.py
[2025-03-29T17:19:57.889+0000] {processor.py:914} INFO - Processing file /home/airflow/.local/lib/python3.12/site-packages/airflow/example_dags/tutorial.py for tasks to queue
[2025-03-29T17:19:57.890+0000] {logging_mixin.py:190} INFO - [2025-03-29T17:19:57.890+0000] {dagbag.py:588} INFO - Filling up the DagBag from /home/airflow/.local/lib/python3.12/site-packages/airflow/example_dags/tutorial.py
[2025-03-29T17:19:57.895+0000] {processor.py:925} INFO - DAG(s) 'tutorial' retrieved from /home/airflow/.local/lib/python3.12/site-packages/airflow/example_dags/tutorial.py
[2025-03-29T17:19:57.906+0000] {logging_mixin.py:190} INFO - [2025-03-29T17:19:57.906+0000] {dag.py:3239} INFO - Sync 1 DAGs
[2025-03-29T17:19:57.922+0000] {logging_mixin.py:190} INFO - [2025-03-29T17:19:57.921+0000] {dag.py:4180} INFO - Setting next_dagrun for tutorial to 2025-03-28 00:00:00+00:00, run_after=2025-03-29 00:00:00+00:00
[2025-03-29T17:19:57.934+0000] {processor.py:208} INFO - Processing /home/airflow/.local/lib/python3.12/site-packages/airflow/example_dags/tutorial.py took 0.049 seconds
[2025-03-29T17:20:29.312+0000] {processor.py:186} INFO - Started process (PID=666) to work on /home/airflow/.local/lib/python3.12/site-packages/airflow/example_dags/tutorial.py
[2025-03-29T17:20:29.313+0000] {processor.py:914} INFO - Processing file /home/airflow/.local/lib/python3.12/site-packages/airflow/example_dags/tutorial.py for tasks to queue
[2025-03-29T17:20:29.314+0000] {logging_mixin.py:190} INFO - [2025-03-29T17:20:29.314+0000] {dagbag.py:588} INFO - Filling up the DagBag from /home/airflow/.local/lib/python3.12/site-packages/airflow/example_dags/tutorial.py
[2025-03-29T17:20:29.320+0000] {processor.py:925} INFO - DAG(s) 'tutorial' retrieved from /home/airflow/.local/lib/python3.12/site-packages/airflow/example_dags/tutorial.py
[2025-03-29T17:20:29.332+0000] {logging_mixin.py:190} INFO - [2025-03-29T17:20:29.332+0000] {dag.py:3239} INFO - Sync 1 DAGs
[2025-03-29T17:20:29.349+0000] {logging_mixin.py:190} INFO - [2025-03-29T17:20:29.348+0000] {dag.py:4180} INFO - Setting next_dagrun for tutorial to 2025-03-28 00:00:00+00:00, run_after=2025-03-29 00:00:00+00:00
[2025-03-29T17:20:29.360+0000] {processor.py:208} INFO - Processing /home/airflow/.local/lib/python3.12/site-packages/airflow/example_dags/tutorial.py took 0.052 seconds
[2025-03-29T17:20:59.951+0000] {processor.py:186} INFO - Started process (PID=729) to work on /home/airflow/.local/lib/python3.12/site-packages/airflow/example_dags/tutorial.py
[2025-03-29T17:20:59.951+0000] {processor.py:914} INFO - Processing file /home/airflow/.local/lib/python3.12/site-packages/airflow/example_dags/tutorial.py for tasks to queue
[2025-03-29T17:20:59.952+0000] {logging_mixin.py:190} INFO - [2025-03-29T17:20:59.952+0000] {dagbag.py:588} INFO - Filling up the DagBag from /home/airflow/.local/lib/python3.12/site-packages/airflow/example_dags/tutorial.py
[2025-03-29T17:20:59.957+0000] {processor.py:925} INFO - DAG(s) 'tutorial' retrieved from /home/airflow/.local/lib/python3.12/site-packages/airflow/example_dags/tutorial.py
[2025-03-29T17:20:59.968+0000] {logging_mixin.py:190} INFO - [2025-03-29T17:20:59.968+0000] {dag.py:3239} INFO - Sync 1 DAGs
[2025-03-29T17:20:59.983+0000] {logging_mixin.py:190} INFO - [2025-03-29T17:20:59.983+0000] {dag.py:4180} INFO - Setting next_dagrun for tutorial to 2025-03-28 00:00:00+00:00, run_after=2025-03-29 00:00:00+00:00
[2025-03-29T17:20:59.994+0000] {processor.py:208} INFO - Processing /home/airflow/.local/lib/python3.12/site-packages/airflow/example_dags/tutorial.py took 0.047 seconds
[2025-03-29T17:21:31.222+0000] {processor.py:186} INFO - Started process (PID=792) to work on /home/airflow/.local/lib/python3.12/site-packages/airflow/example_dags/tutorial.py
[2025-03-29T17:21:31.222+0000] {processor.py:914} INFO - Processing file /home/airflow/.local/lib/python3.12/site-packages/airflow/example_dags/tutorial.py for tasks to queue
[2025-03-29T17:21:31.223+0000] {logging_mixin.py:190} INFO - [2025-03-29T17:21:31.223+0000] {dagbag.py:588} INFO - Filling up the DagBag from /home/airflow/.local/lib/python3.12/site-packages/airflow/example_dags/tutorial.py
[2025-03-29T17:21:31.228+0000] {processor.py:925} INFO - DAG(s) 'tutorial' retrieved from /home/airflow/.local/lib/python3.12/site-packages/airflow/example_dags/tutorial.py
[2025-03-29T17:21:31.240+0000] {logging_mixin.py:190} INFO - [2025-03-29T17:21:31.240+0000] {dag.py:3239} INFO - Sync 1 DAGs
[2025-03-29T17:21:31.254+0000] {logging_mixin.py:190} INFO - [2025-03-29T17:21:31.254+0000] {dag.py:4180} INFO - Setting next_dagrun for tutorial to 2025-03-28 00:00:00+00:00, run_after=2025-03-29 00:00:00+00:00
[2025-03-29T17:21:31.266+0000] {processor.py:208} INFO - Processing /home/airflow/.local/lib/python3.12/site-packages/airflow/example_dags/tutorial.py took 0.047 seconds
[2025-03-29T17:22:02.575+0000] {processor.py:186} INFO - Started process (PID=855) to work on /home/airflow/.local/lib/python3.12/site-packages/airflow/example_dags/tutorial.py
[2025-03-29T17:22:02.575+0000] {processor.py:914} INFO - Processing file /home/airflow/.local/lib/python3.12/site-packages/airflow/example_dags/tutorial.py for tasks to queue
[2025-03-29T17:22:02.576+0000] {logging_mixin.py:190} INFO - [2025-03-29T17:22:02.576+0000] {dagbag.py:588} INFO - Filling up the DagBag from /home/airflow/.local/lib/python3.12/site-packages/airflow/example_dags/tutorial.py
[2025-03-29T17:22:02.581+0000] {processor.py:925} INFO - DAG(s) 'tutorial' retrieved from /home/airflow/.local/lib/python3.12/site-packages/airflow/example_dags/tutorial.py
[2025-03-29T17:22:02.592+0000] {logging_mixin.py:190} INFO - [2025-03-29T17:22:02.591+0000] {dag.py:3239} INFO - Sync 1 DAGs
[2025-03-29T17:22:02.605+0000] {logging_mixin.py:190} INFO - [2025-03-29T17:22:02.605+0000] {dag.py:4180} INFO - Setting next_dagrun for tutorial to 2025-03-28 00:00:00+00:00, run_after=2025-03-29 00:00:00+00:00
[2025-03-29T17:22:02.616+0000] {processor.py:208} INFO - Processing /home/airflow/.local/lib/python3.12/site-packages/airflow/example_dags/tutorial.py took 0.045 seconds
[2025-03-29T17:22:33.313+0000] {processor.py:186} INFO - Started process (PID=918) to work on /home/airflow/.local/lib/python3.12/site-packages/airflow/example_dags/tutorial.py
[2025-03-29T17:22:33.314+0000] {processor.py:914} INFO - Processing file /home/airflow/.local/lib/python3.12/site-packages/airflow/example_dags/tutorial.py for tasks to queue
[2025-03-29T17:22:33.315+0000] {logging_mixin.py:190} INFO - [2025-03-29T17:22:33.315+0000] {dagbag.py:588} INFO - Filling up the DagBag from /home/airflow/.local/lib/python3.12/site-packages/airflow/example_dags/tutorial.py
[2025-03-29T17:22:33.320+0000] {processor.py:925} INFO - DAG(s) 'tutorial' retrieved from /home/airflow/.local/lib/python3.12/site-packages/airflow/example_dags/tutorial.py
[2025-03-29T17:22:33.333+0000] {logging_mixin.py:190} INFO - [2025-03-29T17:22:33.333+0000] {dag.py:3239} INFO - Sync 1 DAGs
[2025-03-29T17:22:33.348+0000] {logging_mixin.py:190} INFO - [2025-03-29T17:22:33.348+0000] {dag.py:4180} INFO - Setting next_dagrun for tutorial to 2025-03-28 00:00:00+00:00, run_after=2025-03-29 00:00:00+00:00
[2025-03-29T17:22:33.360+0000] {processor.py:208} INFO - Processing /home/airflow/.local/lib/python3.12/site-packages/airflow/example_dags/tutorial.py took 0.051 seconds
[2025-03-29T17:23:04.001+0000] {processor.py:186} INFO - Started process (PID=981) to work on /home/airflow/.local/lib/python3.12/site-packages/airflow/example_dags/tutorial.py
[2025-03-29T17:23:04.002+0000] {processor.py:914} INFO - Processing file /home/airflow/.local/lib/python3.12/site-packages/airflow/example_dags/tutorial.py for tasks to queue
[2025-03-29T17:23:04.004+0000] {logging_mixin.py:190} INFO - [2025-03-29T17:23:04.003+0000] {dagbag.py:588} INFO - Filling up the DagBag from /home/airflow/.local/lib/python3.12/site-packages/airflow/example_dags/tutorial.py
[2025-03-29T17:23:04.009+0000] {processor.py:925} INFO - DAG(s) 'tutorial' retrieved from /home/airflow/.local/lib/python3.12/site-packages/airflow/example_dags/tutorial.py
[2025-03-29T17:23:04.022+0000] {logging_mixin.py:190} INFO - [2025-03-29T17:23:04.022+0000] {dag.py:3239} INFO - Sync 1 DAGs
[2025-03-29T17:23:04.042+0000] {logging_mixin.py:190} INFO - [2025-03-29T17:23:04.042+0000] {dag.py:4180} INFO - Setting next_dagrun for tutorial to 2025-03-28 00:00:00+00:00, run_after=2025-03-29 00:00:00+00:00
[2025-03-29T17:23:04.054+0000] {processor.py:208} INFO - Processing /home/airflow/.local/lib/python3.12/site-packages/airflow/example_dags/tutorial.py took 0.057 seconds
[2025-03-29T17:26:14.414+0000] {processor.py:186} INFO - Started process (PID=93) to work on /home/airflow/.local/lib/python3.12/site-packages/airflow/example_dags/tutorial.py
[2025-03-29T17:26:14.415+0000] {processor.py:914} INFO - Processing file /home/airflow/.local/lib/python3.12/site-packages/airflow/example_dags/tutorial.py for tasks to queue
[2025-03-29T17:26:14.417+0000] {logging_mixin.py:190} INFO - [2025-03-29T17:26:14.417+0000] {dagbag.py:588} INFO - Filling up the DagBag from /home/airflow/.local/lib/python3.12/site-packages/airflow/example_dags/tutorial.py
[2025-03-29T17:26:14.429+0000] {processor.py:925} INFO - DAG(s) 'tutorial' retrieved from /home/airflow/.local/lib/python3.12/site-packages/airflow/example_dags/tutorial.py
[2025-03-29T17:26:14.531+0000] {logging_mixin.py:190} INFO - [2025-03-29T17:26:14.530+0000] {override.py:1912} INFO - Created Permission View: can delete on DAG:tutorial
[2025-03-29T17:26:14.540+0000] {logging_mixin.py:190} INFO - [2025-03-29T17:26:14.539+0000] {override.py:1912} INFO - Created Permission View: can read on DAG:tutorial
[2025-03-29T17:26:14.547+0000] {logging_mixin.py:190} INFO - [2025-03-29T17:26:14.546+0000] {override.py:1912} INFO - Created Permission View: can edit on DAG:tutorial
[2025-03-29T17:26:14.557+0000] {logging_mixin.py:190} INFO - [2025-03-29T17:26:14.556+0000] {override.py:1912} INFO - Created Permission View: can delete on DAG Run:tutorial
[2025-03-29T17:26:14.566+0000] {logging_mixin.py:190} INFO - [2025-03-29T17:26:14.565+0000] {override.py:1912} INFO - Created Permission View: can read on DAG Run:tutorial
[2025-03-29T17:26:14.572+0000] {logging_mixin.py:190} INFO - [2025-03-29T17:26:14.572+0000] {override.py:1912} INFO - Created Permission View: can create on DAG Run:tutorial
[2025-03-29T17:26:14.580+0000] {logging_mixin.py:190} INFO - [2025-03-29T17:26:14.579+0000] {override.py:1912} INFO - Created Permission View: menu access on DAG Run:tutorial
[2025-03-29T17:26:14.581+0000] {logging_mixin.py:190} INFO - [2025-03-29T17:26:14.581+0000] {dag.py:3239} INFO - Sync 1 DAGs
[2025-03-29T17:26:14.592+0000] {logging_mixin.py:190} INFO - [2025-03-29T17:26:14.592+0000] {dag.py:3262} INFO - Creating ORM DAG for tutorial
[2025-03-29T17:26:14.602+0000] {logging_mixin.py:190} INFO - [2025-03-29T17:26:14.602+0000] {dag.py:4180} INFO - Setting next_dagrun for tutorial to 2025-03-28 00:00:00+00:00, run_after=2025-03-29 00:00:00+00:00
[2025-03-29T17:26:14.622+0000] {processor.py:208} INFO - Processing /home/airflow/.local/lib/python3.12/site-packages/airflow/example_dags/tutorial.py took 0.216 seconds
[2025-03-29T17:26:45.532+0000] {processor.py:186} INFO - Started process (PID=156) to work on /home/airflow/.local/lib/python3.12/site-packages/airflow/example_dags/tutorial.py
[2025-03-29T17:26:45.534+0000] {processor.py:914} INFO - Processing file /home/airflow/.local/lib/python3.12/site-packages/airflow/example_dags/tutorial.py for tasks to queue
[2025-03-29T17:26:45.535+0000] {logging_mixin.py:190} INFO - [2025-03-29T17:26:45.535+0000] {dagbag.py:588} INFO - Filling up the DagBag from /home/airflow/.local/lib/python3.12/site-packages/airflow/example_dags/tutorial.py
[2025-03-29T17:26:45.541+0000] {processor.py:925} INFO - DAG(s) 'tutorial' retrieved from /home/airflow/.local/lib/python3.12/site-packages/airflow/example_dags/tutorial.py
[2025-03-29T17:26:45.554+0000] {logging_mixin.py:190} INFO - [2025-03-29T17:26:45.553+0000] {dag.py:3239} INFO - Sync 1 DAGs
[2025-03-29T17:26:45.569+0000] {logging_mixin.py:190} INFO - [2025-03-29T17:26:45.569+0000] {dag.py:4180} INFO - Setting next_dagrun for tutorial to 2025-03-28 00:00:00+00:00, run_after=2025-03-29 00:00:00+00:00
[2025-03-29T17:26:45.582+0000] {processor.py:208} INFO - Processing /home/airflow/.local/lib/python3.12/site-packages/airflow/example_dags/tutorial.py took 0.055 seconds
[2025-03-29T17:27:16.071+0000] {processor.py:186} INFO - Started process (PID=225) to work on /home/airflow/.local/lib/python3.12/site-packages/airflow/example_dags/tutorial.py
[2025-03-29T17:27:16.073+0000] {processor.py:914} INFO - Processing file /home/airflow/.local/lib/python3.12/site-packages/airflow/example_dags/tutorial.py for tasks to queue
[2025-03-29T17:27:16.074+0000] {logging_mixin.py:190} INFO - [2025-03-29T17:27:16.074+0000] {dagbag.py:588} INFO - Filling up the DagBag from /home/airflow/.local/lib/python3.12/site-packages/airflow/example_dags/tutorial.py
[2025-03-29T17:27:16.080+0000] {processor.py:925} INFO - DAG(s) 'tutorial' retrieved from /home/airflow/.local/lib/python3.12/site-packages/airflow/example_dags/tutorial.py
[2025-03-29T17:27:16.092+0000] {logging_mixin.py:190} INFO - [2025-03-29T17:27:16.092+0000] {dag.py:3239} INFO - Sync 1 DAGs
[2025-03-29T17:27:16.109+0000] {logging_mixin.py:190} INFO - [2025-03-29T17:27:16.109+0000] {dag.py:4180} INFO - Setting next_dagrun for tutorial to 2025-03-28 00:00:00+00:00, run_after=2025-03-29 00:00:00+00:00
[2025-03-29T17:27:16.128+0000] {processor.py:208} INFO - Processing /home/airflow/.local/lib/python3.12/site-packages/airflow/example_dags/tutorial.py took 0.061 seconds
[2025-03-29T17:27:46.407+0000] {processor.py:186} INFO - Started process (PID=288) to work on /home/airflow/.local/lib/python3.12/site-packages/airflow/example_dags/tutorial.py
[2025-03-29T17:27:46.408+0000] {processor.py:914} INFO - Processing file /home/airflow/.local/lib/python3.12/site-packages/airflow/example_dags/tutorial.py for tasks to queue
[2025-03-29T17:27:46.409+0000] {logging_mixin.py:190} INFO - [2025-03-29T17:27:46.409+0000] {dagbag.py:588} INFO - Filling up the DagBag from /home/airflow/.local/lib/python3.12/site-packages/airflow/example_dags/tutorial.py
[2025-03-29T17:27:46.414+0000] {processor.py:925} INFO - DAG(s) 'tutorial' retrieved from /home/airflow/.local/lib/python3.12/site-packages/airflow/example_dags/tutorial.py
[2025-03-29T17:27:46.426+0000] {logging_mixin.py:190} INFO - [2025-03-29T17:27:46.426+0000] {dag.py:3239} INFO - Sync 1 DAGs
[2025-03-29T17:27:46.441+0000] {logging_mixin.py:190} INFO - [2025-03-29T17:27:46.441+0000] {dag.py:4180} INFO - Setting next_dagrun for tutorial to 2025-03-28 00:00:00+00:00, run_after=2025-03-29 00:00:00+00:00
[2025-03-29T17:27:46.455+0000] {processor.py:208} INFO - Processing /home/airflow/.local/lib/python3.12/site-packages/airflow/example_dags/tutorial.py took 0.051 seconds
[2025-03-29T17:28:16.849+0000] {processor.py:186} INFO - Started process (PID=351) to work on /home/airflow/.local/lib/python3.12/site-packages/airflow/example_dags/tutorial.py
[2025-03-29T17:28:16.850+0000] {processor.py:914} INFO - Processing file /home/airflow/.local/lib/python3.12/site-packages/airflow/example_dags/tutorial.py for tasks to queue
[2025-03-29T17:28:16.851+0000] {logging_mixin.py:190} INFO - [2025-03-29T17:28:16.851+0000] {dagbag.py:588} INFO - Filling up the DagBag from /home/airflow/.local/lib/python3.12/site-packages/airflow/example_dags/tutorial.py
[2025-03-29T17:28:16.856+0000] {processor.py:925} INFO - DAG(s) 'tutorial' retrieved from /home/airflow/.local/lib/python3.12/site-packages/airflow/example_dags/tutorial.py
[2025-03-29T17:28:16.868+0000] {logging_mixin.py:190} INFO - [2025-03-29T17:28:16.868+0000] {dag.py:3239} INFO - Sync 1 DAGs
[2025-03-29T17:28:16.884+0000] {logging_mixin.py:190} INFO - [2025-03-29T17:28:16.883+0000] {dag.py:4180} INFO - Setting next_dagrun for tutorial to 2025-03-28 00:00:00+00:00, run_after=2025-03-29 00:00:00+00:00
[2025-03-29T17:28:16.896+0000] {processor.py:208} INFO - Processing /home/airflow/.local/lib/python3.12/site-packages/airflow/example_dags/tutorial.py took 0.050 seconds
[2025-03-29T17:28:46.965+0000] {processor.py:186} INFO - Started process (PID=414) to work on /home/airflow/.local/lib/python3.12/site-packages/airflow/example_dags/tutorial.py
[2025-03-29T17:28:46.965+0000] {processor.py:914} INFO - Processing file /home/airflow/.local/lib/python3.12/site-packages/airflow/example_dags/tutorial.py for tasks to queue
[2025-03-29T17:28:46.967+0000] {logging_mixin.py:190} INFO - [2025-03-29T17:28:46.967+0000] {dagbag.py:588} INFO - Filling up the DagBag from /home/airflow/.local/lib/python3.12/site-packages/airflow/example_dags/tutorial.py
[2025-03-29T17:28:46.972+0000] {processor.py:925} INFO - DAG(s) 'tutorial' retrieved from /home/airflow/.local/lib/python3.12/site-packages/airflow/example_dags/tutorial.py
[2025-03-29T17:28:46.985+0000] {logging_mixin.py:190} INFO - [2025-03-29T17:28:46.985+0000] {dag.py:3239} INFO - Sync 1 DAGs
[2025-03-29T17:28:47.002+0000] {logging_mixin.py:190} INFO - [2025-03-29T17:28:47.002+0000] {dag.py:4180} INFO - Setting next_dagrun for tutorial to 2025-03-28 00:00:00+00:00, run_after=2025-03-29 00:00:00+00:00
[2025-03-29T17:28:47.016+0000] {processor.py:208} INFO - Processing /home/airflow/.local/lib/python3.12/site-packages/airflow/example_dags/tutorial.py took 0.055 seconds
[2025-03-29T17:29:18.523+0000] {processor.py:186} INFO - Started process (PID=477) to work on /home/airflow/.local/lib/python3.12/site-packages/airflow/example_dags/tutorial.py
[2025-03-29T17:29:18.524+0000] {processor.py:914} INFO - Processing file /home/airflow/.local/lib/python3.12/site-packages/airflow/example_dags/tutorial.py for tasks to queue
[2025-03-29T17:29:18.525+0000] {logging_mixin.py:190} INFO - [2025-03-29T17:29:18.525+0000] {dagbag.py:588} INFO - Filling up the DagBag from /home/airflow/.local/lib/python3.12/site-packages/airflow/example_dags/tutorial.py
[2025-03-29T17:29:18.531+0000] {processor.py:925} INFO - DAG(s) 'tutorial' retrieved from /home/airflow/.local/lib/python3.12/site-packages/airflow/example_dags/tutorial.py
[2025-03-29T17:29:18.544+0000] {logging_mixin.py:190} INFO - [2025-03-29T17:29:18.544+0000] {dag.py:3239} INFO - Sync 1 DAGs
[2025-03-29T17:29:18.562+0000] {logging_mixin.py:190} INFO - [2025-03-29T17:29:18.562+0000] {dag.py:4180} INFO - Setting next_dagrun for tutorial to 2025-03-28 00:00:00+00:00, run_after=2025-03-29 00:00:00+00:00
[2025-03-29T17:29:18.578+0000] {processor.py:208} INFO - Processing /home/airflow/.local/lib/python3.12/site-packages/airflow/example_dags/tutorial.py took 0.058 seconds
[2025-03-29T17:29:50.021+0000] {processor.py:186} INFO - Started process (PID=540) to work on /home/airflow/.local/lib/python3.12/site-packages/airflow/example_dags/tutorial.py
[2025-03-29T17:29:50.022+0000] {processor.py:914} INFO - Processing file /home/airflow/.local/lib/python3.12/site-packages/airflow/example_dags/tutorial.py for tasks to queue
[2025-03-29T17:29:50.024+0000] {logging_mixin.py:190} INFO - [2025-03-29T17:29:50.024+0000] {dagbag.py:588} INFO - Filling up the DagBag from /home/airflow/.local/lib/python3.12/site-packages/airflow/example_dags/tutorial.py
[2025-03-29T17:29:50.030+0000] {processor.py:925} INFO - DAG(s) 'tutorial' retrieved from /home/airflow/.local/lib/python3.12/site-packages/airflow/example_dags/tutorial.py
[2025-03-29T17:29:50.044+0000] {logging_mixin.py:190} INFO - [2025-03-29T17:29:50.044+0000] {dag.py:3239} INFO - Sync 1 DAGs
[2025-03-29T17:29:50.065+0000] {logging_mixin.py:190} INFO - [2025-03-29T17:29:50.065+0000] {dag.py:4180} INFO - Setting next_dagrun for tutorial to 2025-03-28 00:00:00+00:00, run_after=2025-03-29 00:00:00+00:00
[2025-03-29T17:29:50.079+0000] {processor.py:208} INFO - Processing /home/airflow/.local/lib/python3.12/site-packages/airflow/example_dags/tutorial.py took 0.063 seconds
[2025-03-29T17:30:20.614+0000] {processor.py:186} INFO - Started process (PID=603) to work on /home/airflow/.local/lib/python3.12/site-packages/airflow/example_dags/tutorial.py
[2025-03-29T17:30:20.615+0000] {processor.py:914} INFO - Processing file /home/airflow/.local/lib/python3.12/site-packages/airflow/example_dags/tutorial.py for tasks to queue
[2025-03-29T17:30:20.617+0000] {logging_mixin.py:190} INFO - [2025-03-29T17:30:20.617+0000] {dagbag.py:588} INFO - Filling up the DagBag from /home/airflow/.local/lib/python3.12/site-packages/airflow/example_dags/tutorial.py
[2025-03-29T17:30:20.627+0000] {processor.py:925} INFO - DAG(s) 'tutorial' retrieved from /home/airflow/.local/lib/python3.12/site-packages/airflow/example_dags/tutorial.py
[2025-03-29T17:30:20.650+0000] {logging_mixin.py:190} INFO - [2025-03-29T17:30:20.649+0000] {dag.py:3239} INFO - Sync 1 DAGs
[2025-03-29T17:30:20.683+0000] {logging_mixin.py:190} INFO - [2025-03-29T17:30:20.682+0000] {dag.py:4180} INFO - Setting next_dagrun for tutorial to 2025-03-28 00:00:00+00:00, run_after=2025-03-29 00:00:00+00:00
[2025-03-29T17:30:20.714+0000] {processor.py:208} INFO - Processing /home/airflow/.local/lib/python3.12/site-packages/airflow/example_dags/tutorial.py took 0.106 seconds
[2025-03-29T17:30:52.071+0000] {processor.py:186} INFO - Started process (PID=666) to work on /home/airflow/.local/lib/python3.12/site-packages/airflow/example_dags/tutorial.py
[2025-03-29T17:30:52.072+0000] {processor.py:914} INFO - Processing file /home/airflow/.local/lib/python3.12/site-packages/airflow/example_dags/tutorial.py for tasks to queue
[2025-03-29T17:30:52.073+0000] {logging_mixin.py:190} INFO - [2025-03-29T17:30:52.073+0000] {dagbag.py:588} INFO - Filling up the DagBag from /home/airflow/.local/lib/python3.12/site-packages/airflow/example_dags/tutorial.py
[2025-03-29T17:30:52.077+0000] {processor.py:925} INFO - DAG(s) 'tutorial' retrieved from /home/airflow/.local/lib/python3.12/site-packages/airflow/example_dags/tutorial.py
[2025-03-29T17:30:52.090+0000] {logging_mixin.py:190} INFO - [2025-03-29T17:30:52.089+0000] {dag.py:3239} INFO - Sync 1 DAGs
[2025-03-29T17:30:52.106+0000] {logging_mixin.py:190} INFO - [2025-03-29T17:30:52.106+0000] {dag.py:4180} INFO - Setting next_dagrun for tutorial to 2025-03-28 00:00:00+00:00, run_after=2025-03-29 00:00:00+00:00
[2025-03-29T17:30:52.117+0000] {processor.py:208} INFO - Processing /home/airflow/.local/lib/python3.12/site-packages/airflow/example_dags/tutorial.py took 0.050 seconds
[2025-03-29T17:31:23.330+0000] {processor.py:186} INFO - Started process (PID=729) to work on /home/airflow/.local/lib/python3.12/site-packages/airflow/example_dags/tutorial.py
[2025-03-29T17:31:23.330+0000] {processor.py:914} INFO - Processing file /home/airflow/.local/lib/python3.12/site-packages/airflow/example_dags/tutorial.py for tasks to queue
[2025-03-29T17:31:23.331+0000] {logging_mixin.py:190} INFO - [2025-03-29T17:31:23.331+0000] {dagbag.py:588} INFO - Filling up the DagBag from /home/airflow/.local/lib/python3.12/site-packages/airflow/example_dags/tutorial.py
[2025-03-29T17:31:23.336+0000] {processor.py:925} INFO - DAG(s) 'tutorial' retrieved from /home/airflow/.local/lib/python3.12/site-packages/airflow/example_dags/tutorial.py
[2025-03-29T17:31:23.350+0000] {logging_mixin.py:190} INFO - [2025-03-29T17:31:23.349+0000] {dag.py:3239} INFO - Sync 1 DAGs
[2025-03-29T17:31:23.366+0000] {logging_mixin.py:190} INFO - [2025-03-29T17:31:23.366+0000] {dag.py:4180} INFO - Setting next_dagrun for tutorial to 2025-03-28 00:00:00+00:00, run_after=2025-03-29 00:00:00+00:00
[2025-03-29T17:31:23.378+0000] {processor.py:208} INFO - Processing /home/airflow/.local/lib/python3.12/site-packages/airflow/example_dags/tutorial.py took 0.052 seconds
[2025-03-29T17:31:53.845+0000] {processor.py:186} INFO - Started process (PID=792) to work on /home/airflow/.local/lib/python3.12/site-packages/airflow/example_dags/tutorial.py
[2025-03-29T17:31:53.846+0000] {processor.py:914} INFO - Processing file /home/airflow/.local/lib/python3.12/site-packages/airflow/example_dags/tutorial.py for tasks to queue
[2025-03-29T17:31:53.847+0000] {logging_mixin.py:190} INFO - [2025-03-29T17:31:53.847+0000] {dagbag.py:588} INFO - Filling up the DagBag from /home/airflow/.local/lib/python3.12/site-packages/airflow/example_dags/tutorial.py
[2025-03-29T17:31:53.852+0000] {processor.py:925} INFO - DAG(s) 'tutorial' retrieved from /home/airflow/.local/lib/python3.12/site-packages/airflow/example_dags/tutorial.py
[2025-03-29T17:31:53.866+0000] {logging_mixin.py:190} INFO - [2025-03-29T17:31:53.865+0000] {dag.py:3239} INFO - Sync 1 DAGs
[2025-03-29T17:31:53.881+0000] {logging_mixin.py:190} INFO - [2025-03-29T17:31:53.880+0000] {dag.py:4180} INFO - Setting next_dagrun for tutorial to 2025-03-28 00:00:00+00:00, run_after=2025-03-29 00:00:00+00:00
[2025-03-29T17:31:53.892+0000] {processor.py:208} INFO - Processing /home/airflow/.local/lib/python3.12/site-packages/airflow/example_dags/tutorial.py took 0.051 seconds
[2025-03-29T17:32:25.220+0000] {processor.py:186} INFO - Started process (PID=855) to work on /home/airflow/.local/lib/python3.12/site-packages/airflow/example_dags/tutorial.py
[2025-03-29T17:32:25.221+0000] {processor.py:914} INFO - Processing file /home/airflow/.local/lib/python3.12/site-packages/airflow/example_dags/tutorial.py for tasks to queue
[2025-03-29T17:32:25.224+0000] {logging_mixin.py:190} INFO - [2025-03-29T17:32:25.224+0000] {dagbag.py:588} INFO - Filling up the DagBag from /home/airflow/.local/lib/python3.12/site-packages/airflow/example_dags/tutorial.py
[2025-03-29T17:32:25.231+0000] {processor.py:925} INFO - DAG(s) 'tutorial' retrieved from /home/airflow/.local/lib/python3.12/site-packages/airflow/example_dags/tutorial.py
[2025-03-29T17:32:25.247+0000] {logging_mixin.py:190} INFO - [2025-03-29T17:32:25.246+0000] {dag.py:3239} INFO - Sync 1 DAGs
[2025-03-29T17:32:25.268+0000] {logging_mixin.py:190} INFO - [2025-03-29T17:32:25.267+0000] {dag.py:4180} INFO - Setting next_dagrun for tutorial to 2025-03-28 00:00:00+00:00, run_after=2025-03-29 00:00:00+00:00
[2025-03-29T17:32:25.284+0000] {processor.py:208} INFO - Processing /home/airflow/.local/lib/python3.12/site-packages/airflow/example_dags/tutorial.py took 0.069 seconds
[2025-03-29T17:32:55.794+0000] {processor.py:186} INFO - Started process (PID=918) to work on /home/airflow/.local/lib/python3.12/site-packages/airflow/example_dags/tutorial.py
[2025-03-29T17:32:55.795+0000] {processor.py:914} INFO - Processing file /home/airflow/.local/lib/python3.12/site-packages/airflow/example_dags/tutorial.py for tasks to queue
[2025-03-29T17:32:55.796+0000] {logging_mixin.py:190} INFO - [2025-03-29T17:32:55.796+0000] {dagbag.py:588} INFO - Filling up the DagBag from /home/airflow/.local/lib/python3.12/site-packages/airflow/example_dags/tutorial.py
[2025-03-29T17:32:55.801+0000] {processor.py:925} INFO - DAG(s) 'tutorial' retrieved from /home/airflow/.local/lib/python3.12/site-packages/airflow/example_dags/tutorial.py
[2025-03-29T17:32:55.814+0000] {logging_mixin.py:190} INFO - [2025-03-29T17:32:55.814+0000] {dag.py:3239} INFO - Sync 1 DAGs
[2025-03-29T17:32:55.830+0000] {logging_mixin.py:190} INFO - [2025-03-29T17:32:55.830+0000] {dag.py:4180} INFO - Setting next_dagrun for tutorial to 2025-03-28 00:00:00+00:00, run_after=2025-03-29 00:00:00+00:00
[2025-03-29T17:32:55.843+0000] {processor.py:208} INFO - Processing /home/airflow/.local/lib/python3.12/site-packages/airflow/example_dags/tutorial.py took 0.052 seconds
[2025-03-29T17:33:27.133+0000] {processor.py:186} INFO - Started process (PID=981) to work on /home/airflow/.local/lib/python3.12/site-packages/airflow/example_dags/tutorial.py
[2025-03-29T17:33:27.134+0000] {processor.py:914} INFO - Processing file /home/airflow/.local/lib/python3.12/site-packages/airflow/example_dags/tutorial.py for tasks to queue
[2025-03-29T17:33:27.135+0000] {logging_mixin.py:190} INFO - [2025-03-29T17:33:27.135+0000] {dagbag.py:588} INFO - Filling up the DagBag from /home/airflow/.local/lib/python3.12/site-packages/airflow/example_dags/tutorial.py
[2025-03-29T17:33:27.140+0000] {processor.py:925} INFO - DAG(s) 'tutorial' retrieved from /home/airflow/.local/lib/python3.12/site-packages/airflow/example_dags/tutorial.py
[2025-03-29T17:33:27.151+0000] {logging_mixin.py:190} INFO - [2025-03-29T17:33:27.151+0000] {dag.py:3239} INFO - Sync 1 DAGs
[2025-03-29T17:33:27.166+0000] {logging_mixin.py:190} INFO - [2025-03-29T17:33:27.166+0000] {dag.py:4180} INFO - Setting next_dagrun for tutorial to 2025-03-28 00:00:00+00:00, run_after=2025-03-29 00:00:00+00:00
[2025-03-29T17:33:27.178+0000] {processor.py:208} INFO - Processing /home/airflow/.local/lib/python3.12/site-packages/airflow/example_dags/tutorial.py took 0.048 seconds
[2025-03-29T17:33:57.857+0000] {processor.py:186} INFO - Started process (PID=1044) to work on /home/airflow/.local/lib/python3.12/site-packages/airflow/example_dags/tutorial.py
[2025-03-29T17:33:57.858+0000] {processor.py:914} INFO - Processing file /home/airflow/.local/lib/python3.12/site-packages/airflow/example_dags/tutorial.py for tasks to queue
[2025-03-29T17:33:57.860+0000] {logging_mixin.py:190} INFO - [2025-03-29T17:33:57.860+0000] {dagbag.py:588} INFO - Filling up the DagBag from /home/airflow/.local/lib/python3.12/site-packages/airflow/example_dags/tutorial.py
[2025-03-29T17:33:57.865+0000] {processor.py:925} INFO - DAG(s) 'tutorial' retrieved from /home/airflow/.local/lib/python3.12/site-packages/airflow/example_dags/tutorial.py
[2025-03-29T17:33:57.878+0000] {logging_mixin.py:190} INFO - [2025-03-29T17:33:57.878+0000] {dag.py:3239} INFO - Sync 1 DAGs
[2025-03-29T17:33:57.897+0000] {logging_mixin.py:190} INFO - [2025-03-29T17:33:57.896+0000] {dag.py:4180} INFO - Setting next_dagrun for tutorial to 2025-03-28 00:00:00+00:00, run_after=2025-03-29 00:00:00+00:00
[2025-03-29T17:33:57.908+0000] {processor.py:208} INFO - Processing /home/airflow/.local/lib/python3.12/site-packages/airflow/example_dags/tutorial.py took 0.056 seconds
[2025-03-29T17:34:29.256+0000] {processor.py:186} INFO - Started process (PID=1107) to work on /home/airflow/.local/lib/python3.12/site-packages/airflow/example_dags/tutorial.py
[2025-03-29T17:34:29.257+0000] {processor.py:914} INFO - Processing file /home/airflow/.local/lib/python3.12/site-packages/airflow/example_dags/tutorial.py for tasks to queue
[2025-03-29T17:34:29.258+0000] {logging_mixin.py:190} INFO - [2025-03-29T17:34:29.258+0000] {dagbag.py:588} INFO - Filling up the DagBag from /home/airflow/.local/lib/python3.12/site-packages/airflow/example_dags/tutorial.py
[2025-03-29T17:34:29.263+0000] {processor.py:925} INFO - DAG(s) 'tutorial' retrieved from /home/airflow/.local/lib/python3.12/site-packages/airflow/example_dags/tutorial.py
[2025-03-29T17:34:29.275+0000] {logging_mixin.py:190} INFO - [2025-03-29T17:34:29.275+0000] {dag.py:3239} INFO - Sync 1 DAGs
[2025-03-29T17:34:29.291+0000] {logging_mixin.py:190} INFO - [2025-03-29T17:34:29.291+0000] {dag.py:4180} INFO - Setting next_dagrun for tutorial to 2025-03-28 00:00:00+00:00, run_after=2025-03-29 00:00:00+00:00
[2025-03-29T17:34:29.302+0000] {processor.py:208} INFO - Processing /home/airflow/.local/lib/python3.12/site-packages/airflow/example_dags/tutorial.py took 0.050 seconds
[2025-03-29T17:35:00.159+0000] {processor.py:186} INFO - Started process (PID=1170) to work on /home/airflow/.local/lib/python3.12/site-packages/airflow/example_dags/tutorial.py
[2025-03-29T17:35:00.160+0000] {processor.py:914} INFO - Processing file /home/airflow/.local/lib/python3.12/site-packages/airflow/example_dags/tutorial.py for tasks to queue
[2025-03-29T17:35:00.161+0000] {logging_mixin.py:190} INFO - [2025-03-29T17:35:00.161+0000] {dagbag.py:588} INFO - Filling up the DagBag from /home/airflow/.local/lib/python3.12/site-packages/airflow/example_dags/tutorial.py
[2025-03-29T17:35:00.166+0000] {processor.py:925} INFO - DAG(s) 'tutorial' retrieved from /home/airflow/.local/lib/python3.12/site-packages/airflow/example_dags/tutorial.py
[2025-03-29T17:35:00.178+0000] {logging_mixin.py:190} INFO - [2025-03-29T17:35:00.177+0000] {dag.py:3239} INFO - Sync 1 DAGs
[2025-03-29T17:35:00.196+0000] {logging_mixin.py:190} INFO - [2025-03-29T17:35:00.195+0000] {dag.py:4180} INFO - Setting next_dagrun for tutorial to 2025-03-28 00:00:00+00:00, run_after=2025-03-29 00:00:00+00:00
[2025-03-29T17:35:00.209+0000] {processor.py:208} INFO - Processing /home/airflow/.local/lib/python3.12/site-packages/airflow/example_dags/tutorial.py took 0.053 seconds
[2025-03-29T17:35:31.243+0000] {processor.py:186} INFO - Started process (PID=1232) to work on /home/airflow/.local/lib/python3.12/site-packages/airflow/example_dags/tutorial.py
[2025-03-29T17:35:31.244+0000] {processor.py:914} INFO - Processing file /home/airflow/.local/lib/python3.12/site-packages/airflow/example_dags/tutorial.py for tasks to queue
[2025-03-29T17:35:31.246+0000] {logging_mixin.py:190} INFO - [2025-03-29T17:35:31.246+0000] {dagbag.py:588} INFO - Filling up the DagBag from /home/airflow/.local/lib/python3.12/site-packages/airflow/example_dags/tutorial.py
[2025-03-29T17:35:31.253+0000] {processor.py:925} INFO - DAG(s) 'tutorial' retrieved from /home/airflow/.local/lib/python3.12/site-packages/airflow/example_dags/tutorial.py
[2025-03-29T17:35:31.272+0000] {logging_mixin.py:190} INFO - [2025-03-29T17:35:31.272+0000] {dag.py:3239} INFO - Sync 1 DAGs
[2025-03-29T17:35:31.304+0000] {logging_mixin.py:190} INFO - [2025-03-29T17:35:31.304+0000] {dag.py:4180} INFO - Setting next_dagrun for tutorial to 2025-03-28 00:00:00+00:00, run_after=2025-03-29 00:00:00+00:00
[2025-03-29T17:35:31.325+0000] {processor.py:208} INFO - Processing /home/airflow/.local/lib/python3.12/site-packages/airflow/example_dags/tutorial.py took 0.086 seconds
[2025-03-29T17:36:01.963+0000] {processor.py:186} INFO - Started process (PID=1295) to work on /home/airflow/.local/lib/python3.12/site-packages/airflow/example_dags/tutorial.py
[2025-03-29T17:36:01.964+0000] {processor.py:914} INFO - Processing file /home/airflow/.local/lib/python3.12/site-packages/airflow/example_dags/tutorial.py for tasks to queue
[2025-03-29T17:36:01.965+0000] {logging_mixin.py:190} INFO - [2025-03-29T17:36:01.965+0000] {dagbag.py:588} INFO - Filling up the DagBag from /home/airflow/.local/lib/python3.12/site-packages/airflow/example_dags/tutorial.py
[2025-03-29T17:36:01.970+0000] {processor.py:925} INFO - DAG(s) 'tutorial' retrieved from /home/airflow/.local/lib/python3.12/site-packages/airflow/example_dags/tutorial.py
[2025-03-29T17:36:01.981+0000] {logging_mixin.py:190} INFO - [2025-03-29T17:36:01.981+0000] {dag.py:3239} INFO - Sync 1 DAGs
[2025-03-29T17:36:02.004+0000] {logging_mixin.py:190} INFO - [2025-03-29T17:36:02.004+0000] {dag.py:4180} INFO - Setting next_dagrun for tutorial to 2025-03-28 00:00:00+00:00, run_after=2025-03-29 00:00:00+00:00
[2025-03-29T17:36:02.018+0000] {processor.py:208} INFO - Processing /home/airflow/.local/lib/python3.12/site-packages/airflow/example_dags/tutorial.py took 0.058 seconds
[2025-03-29T17:36:33.337+0000] {processor.py:186} INFO - Started process (PID=1358) to work on /home/airflow/.local/lib/python3.12/site-packages/airflow/example_dags/tutorial.py
[2025-03-29T17:36:33.337+0000] {processor.py:914} INFO - Processing file /home/airflow/.local/lib/python3.12/site-packages/airflow/example_dags/tutorial.py for tasks to queue
[2025-03-29T17:36:33.339+0000] {logging_mixin.py:190} INFO - [2025-03-29T17:36:33.339+0000] {dagbag.py:588} INFO - Filling up the DagBag from /home/airflow/.local/lib/python3.12/site-packages/airflow/example_dags/tutorial.py
[2025-03-29T17:36:33.344+0000] {processor.py:925} INFO - DAG(s) 'tutorial' retrieved from /home/airflow/.local/lib/python3.12/site-packages/airflow/example_dags/tutorial.py
[2025-03-29T17:36:33.356+0000] {logging_mixin.py:190} INFO - [2025-03-29T17:36:33.356+0000] {dag.py:3239} INFO - Sync 1 DAGs
[2025-03-29T17:36:33.371+0000] {logging_mixin.py:190} INFO - [2025-03-29T17:36:33.371+0000] {dag.py:4180} INFO - Setting next_dagrun for tutorial to 2025-03-28 00:00:00+00:00, run_after=2025-03-29 00:00:00+00:00
[2025-03-29T17:36:33.383+0000] {processor.py:208} INFO - Processing /home/airflow/.local/lib/python3.12/site-packages/airflow/example_dags/tutorial.py took 0.050 seconds
[2025-03-29T17:37:04.552+0000] {processor.py:186} INFO - Started process (PID=1421) to work on /home/airflow/.local/lib/python3.12/site-packages/airflow/example_dags/tutorial.py
[2025-03-29T17:37:04.552+0000] {processor.py:914} INFO - Processing file /home/airflow/.local/lib/python3.12/site-packages/airflow/example_dags/tutorial.py for tasks to queue
[2025-03-29T17:37:04.553+0000] {logging_mixin.py:190} INFO - [2025-03-29T17:37:04.553+0000] {dagbag.py:588} INFO - Filling up the DagBag from /home/airflow/.local/lib/python3.12/site-packages/airflow/example_dags/tutorial.py
[2025-03-29T17:37:04.559+0000] {processor.py:925} INFO - DAG(s) 'tutorial' retrieved from /home/airflow/.local/lib/python3.12/site-packages/airflow/example_dags/tutorial.py
[2025-03-29T17:37:04.571+0000] {logging_mixin.py:190} INFO - [2025-03-29T17:37:04.571+0000] {dag.py:3239} INFO - Sync 1 DAGs
[2025-03-29T17:37:04.589+0000] {logging_mixin.py:190} INFO - [2025-03-29T17:37:04.588+0000] {dag.py:4180} INFO - Setting next_dagrun for tutorial to 2025-03-28 00:00:00+00:00, run_after=2025-03-29 00:00:00+00:00
[2025-03-29T17:37:04.600+0000] {processor.py:208} INFO - Processing /home/airflow/.local/lib/python3.12/site-packages/airflow/example_dags/tutorial.py took 0.053 seconds
[2025-03-29T17:37:35.589+0000] {processor.py:186} INFO - Started process (PID=1484) to work on /home/airflow/.local/lib/python3.12/site-packages/airflow/example_dags/tutorial.py
[2025-03-29T17:37:35.589+0000] {processor.py:914} INFO - Processing file /home/airflow/.local/lib/python3.12/site-packages/airflow/example_dags/tutorial.py for tasks to queue
[2025-03-29T17:37:35.591+0000] {logging_mixin.py:190} INFO - [2025-03-29T17:37:35.590+0000] {dagbag.py:588} INFO - Filling up the DagBag from /home/airflow/.local/lib/python3.12/site-packages/airflow/example_dags/tutorial.py
[2025-03-29T17:37:35.595+0000] {processor.py:925} INFO - DAG(s) 'tutorial' retrieved from /home/airflow/.local/lib/python3.12/site-packages/airflow/example_dags/tutorial.py
[2025-03-29T17:37:35.607+0000] {logging_mixin.py:190} INFO - [2025-03-29T17:37:35.606+0000] {dag.py:3239} INFO - Sync 1 DAGs
[2025-03-29T17:37:35.622+0000] {logging_mixin.py:190} INFO - [2025-03-29T17:37:35.622+0000] {dag.py:4180} INFO - Setting next_dagrun for tutorial to 2025-03-28 00:00:00+00:00, run_after=2025-03-29 00:00:00+00:00
[2025-03-29T17:37:35.635+0000] {processor.py:208} INFO - Processing /home/airflow/.local/lib/python3.12/site-packages/airflow/example_dags/tutorial.py took 0.049 seconds
[2025-03-29T17:38:06.475+0000] {processor.py:186} INFO - Started process (PID=1547) to work on /home/airflow/.local/lib/python3.12/site-packages/airflow/example_dags/tutorial.py
[2025-03-29T17:38:06.475+0000] {processor.py:914} INFO - Processing file /home/airflow/.local/lib/python3.12/site-packages/airflow/example_dags/tutorial.py for tasks to queue
[2025-03-29T17:38:06.476+0000] {logging_mixin.py:190} INFO - [2025-03-29T17:38:06.476+0000] {dagbag.py:588} INFO - Filling up the DagBag from /home/airflow/.local/lib/python3.12/site-packages/airflow/example_dags/tutorial.py
[2025-03-29T17:38:06.481+0000] {processor.py:925} INFO - DAG(s) 'tutorial' retrieved from /home/airflow/.local/lib/python3.12/site-packages/airflow/example_dags/tutorial.py
[2025-03-29T17:38:06.493+0000] {logging_mixin.py:190} INFO - [2025-03-29T17:38:06.493+0000] {dag.py:3239} INFO - Sync 1 DAGs
[2025-03-29T17:38:06.508+0000] {logging_mixin.py:190} INFO - [2025-03-29T17:38:06.508+0000] {dag.py:4180} INFO - Setting next_dagrun for tutorial to 2025-03-28 00:00:00+00:00, run_after=2025-03-29 00:00:00+00:00
[2025-03-29T17:38:06.519+0000] {processor.py:208} INFO - Processing /home/airflow/.local/lib/python3.12/site-packages/airflow/example_dags/tutorial.py took 0.048 seconds
[2025-03-29T17:38:37.801+0000] {processor.py:186} INFO - Started process (PID=1610) to work on /home/airflow/.local/lib/python3.12/site-packages/airflow/example_dags/tutorial.py
[2025-03-29T17:38:37.801+0000] {processor.py:914} INFO - Processing file /home/airflow/.local/lib/python3.12/site-packages/airflow/example_dags/tutorial.py for tasks to queue
[2025-03-29T17:38:37.802+0000] {logging_mixin.py:190} INFO - [2025-03-29T17:38:37.802+0000] {dagbag.py:588} INFO - Filling up the DagBag from /home/airflow/.local/lib/python3.12/site-packages/airflow/example_dags/tutorial.py
[2025-03-29T17:38:37.808+0000] {processor.py:925} INFO - DAG(s) 'tutorial' retrieved from /home/airflow/.local/lib/python3.12/site-packages/airflow/example_dags/tutorial.py
[2025-03-29T17:38:37.821+0000] {logging_mixin.py:190} INFO - [2025-03-29T17:38:37.820+0000] {dag.py:3239} INFO - Sync 1 DAGs
[2025-03-29T17:38:37.837+0000] {logging_mixin.py:190} INFO - [2025-03-29T17:38:37.837+0000] {dag.py:4180} INFO - Setting next_dagrun for tutorial to 2025-03-28 00:00:00+00:00, run_after=2025-03-29 00:00:00+00:00
[2025-03-29T17:38:37.849+0000] {processor.py:208} INFO - Processing /home/airflow/.local/lib/python3.12/site-packages/airflow/example_dags/tutorial.py took 0.052 seconds
