[2025-03-29T17:15:50.574+0000] {processor.py:186} INFO - Started process (PID=88) to work on /home/airflow/.local/lib/python3.12/site-packages/airflow/example_dags/tutorial_objectstorage.py
[2025-03-29T17:15:50.574+0000] {processor.py:914} INFO - Processing file /home/airflow/.local/lib/python3.12/site-packages/airflow/example_dags/tutorial_objectstorage.py for tasks to queue
[2025-03-29T17:15:50.575+0000] {logging_mixin.py:190} INFO - [2025-03-29T17:15:50.575+0000] {dagbag.py:588} INFO - Filling up the DagBag from /home/airflow/.local/lib/python3.12/site-packages/airflow/example_dags/tutorial_objectstorage.py
[2025-03-29T17:15:50.582+0000] {processor.py:925} INFO - DAG(s) 'tutorial_objectstorage' retrieved from /home/airflow/.local/lib/python3.12/site-packages/airflow/example_dags/tutorial_objectstorage.py
[2025-03-29T17:15:50.658+0000] {logging_mixin.py:190} INFO - [2025-03-29T17:15:50.658+0000] {override.py:1912} INFO - Created Permission View: can delete on DAG:tutorial_objectstorage
[2025-03-29T17:15:50.665+0000] {logging_mixin.py:190} INFO - [2025-03-29T17:15:50.665+0000] {override.py:1912} INFO - Created Permission View: can edit on DAG:tutorial_objectstorage
[2025-03-29T17:15:50.669+0000] {logging_mixin.py:190} INFO - [2025-03-29T17:15:50.669+0000] {override.py:1912} INFO - Created Permission View: can read on DAG:tutorial_objectstorage
[2025-03-29T17:15:50.675+0000] {logging_mixin.py:190} INFO - [2025-03-29T17:15:50.675+0000] {override.py:1912} INFO - Created Permission View: can delete on DAG Run:tutorial_objectstorage
[2025-03-29T17:15:50.680+0000] {logging_mixin.py:190} INFO - [2025-03-29T17:15:50.680+0000] {override.py:1912} INFO - Created Permission View: menu access on DAG Run:tutorial_objectstorage
[2025-03-29T17:15:50.684+0000] {logging_mixin.py:190} INFO - [2025-03-29T17:15:50.684+0000] {override.py:1912} INFO - Created Permission View: can read on DAG Run:tutorial_objectstorage
[2025-03-29T17:15:50.689+0000] {logging_mixin.py:190} INFO - [2025-03-29T17:15:50.688+0000] {override.py:1912} INFO - Created Permission View: can create on DAG Run:tutorial_objectstorage
[2025-03-29T17:15:50.689+0000] {logging_mixin.py:190} INFO - [2025-03-29T17:15:50.689+0000] {dag.py:3239} INFO - Sync 1 DAGs
[2025-03-29T17:15:50.698+0000] {logging_mixin.py:190} INFO - [2025-03-29T17:15:50.698+0000] {dag.py:3262} INFO - Creating ORM DAG for tutorial_objectstorage
[2025-03-29T17:15:50.698+0000] {logging_mixin.py:190} INFO - [2025-03-29T17:15:50.698+0000] {dag.py:4180} INFO - Setting next_dagrun for tutorial_objectstorage to None, run_after=None
[2025-03-29T17:15:50.709+0000] {processor.py:208} INFO - Processing /home/airflow/.local/lib/python3.12/site-packages/airflow/example_dags/tutorial_objectstorage.py took 0.139 seconds
[2025-03-29T17:16:21.153+0000] {processor.py:186} INFO - Started process (PID=151) to work on /home/airflow/.local/lib/python3.12/site-packages/airflow/example_dags/tutorial_objectstorage.py
[2025-03-29T17:16:21.154+0000] {processor.py:914} INFO - Processing file /home/airflow/.local/lib/python3.12/site-packages/airflow/example_dags/tutorial_objectstorage.py for tasks to queue
[2025-03-29T17:16:21.155+0000] {logging_mixin.py:190} INFO - [2025-03-29T17:16:21.154+0000] {dagbag.py:588} INFO - Filling up the DagBag from /home/airflow/.local/lib/python3.12/site-packages/airflow/example_dags/tutorial_objectstorage.py
[2025-03-29T17:16:21.160+0000] {processor.py:925} INFO - DAG(s) 'tutorial_objectstorage' retrieved from /home/airflow/.local/lib/python3.12/site-packages/airflow/example_dags/tutorial_objectstorage.py
[2025-03-29T17:16:21.171+0000] {logging_mixin.py:190} INFO - [2025-03-29T17:16:21.171+0000] {dag.py:3239} INFO - Sync 1 DAGs
[2025-03-29T17:16:21.181+0000] {logging_mixin.py:190} INFO - [2025-03-29T17:16:21.181+0000] {dag.py:4180} INFO - Setting next_dagrun for tutorial_objectstorage to None, run_after=None
[2025-03-29T17:16:21.199+0000] {processor.py:208} INFO - Processing /home/airflow/.local/lib/python3.12/site-packages/airflow/example_dags/tutorial_objectstorage.py took 0.050 seconds
[2025-03-29T17:16:51.827+0000] {processor.py:186} INFO - Started process (PID=214) to work on /home/airflow/.local/lib/python3.12/site-packages/airflow/example_dags/tutorial_objectstorage.py
[2025-03-29T17:16:51.828+0000] {processor.py:914} INFO - Processing file /home/airflow/.local/lib/python3.12/site-packages/airflow/example_dags/tutorial_objectstorage.py for tasks to queue
[2025-03-29T17:16:51.829+0000] {logging_mixin.py:190} INFO - [2025-03-29T17:16:51.829+0000] {dagbag.py:588} INFO - Filling up the DagBag from /home/airflow/.local/lib/python3.12/site-packages/airflow/example_dags/tutorial_objectstorage.py
[2025-03-29T17:16:51.835+0000] {processor.py:925} INFO - DAG(s) 'tutorial_objectstorage' retrieved from /home/airflow/.local/lib/python3.12/site-packages/airflow/example_dags/tutorial_objectstorage.py
[2025-03-29T17:16:51.847+0000] {logging_mixin.py:190} INFO - [2025-03-29T17:16:51.847+0000] {dag.py:3239} INFO - Sync 1 DAGs
[2025-03-29T17:16:51.857+0000] {logging_mixin.py:190} INFO - [2025-03-29T17:16:51.856+0000] {dag.py:4180} INFO - Setting next_dagrun for tutorial_objectstorage to None, run_after=None
[2025-03-29T17:16:51.874+0000] {processor.py:208} INFO - Processing /home/airflow/.local/lib/python3.12/site-packages/airflow/example_dags/tutorial_objectstorage.py took 0.050 seconds
[2025-03-29T17:17:23.160+0000] {processor.py:186} INFO - Started process (PID=277) to work on /home/airflow/.local/lib/python3.12/site-packages/airflow/example_dags/tutorial_objectstorage.py
[2025-03-29T17:17:23.161+0000] {processor.py:914} INFO - Processing file /home/airflow/.local/lib/python3.12/site-packages/airflow/example_dags/tutorial_objectstorage.py for tasks to queue
[2025-03-29T17:17:23.162+0000] {logging_mixin.py:190} INFO - [2025-03-29T17:17:23.162+0000] {dagbag.py:588} INFO - Filling up the DagBag from /home/airflow/.local/lib/python3.12/site-packages/airflow/example_dags/tutorial_objectstorage.py
[2025-03-29T17:17:23.168+0000] {processor.py:925} INFO - DAG(s) 'tutorial_objectstorage' retrieved from /home/airflow/.local/lib/python3.12/site-packages/airflow/example_dags/tutorial_objectstorage.py
[2025-03-29T17:17:23.180+0000] {logging_mixin.py:190} INFO - [2025-03-29T17:17:23.180+0000] {dag.py:3239} INFO - Sync 1 DAGs
[2025-03-29T17:17:23.189+0000] {logging_mixin.py:190} INFO - [2025-03-29T17:17:23.189+0000] {dag.py:4180} INFO - Setting next_dagrun for tutorial_objectstorage to None, run_after=None
[2025-03-29T17:17:23.203+0000] {processor.py:208} INFO - Processing /home/airflow/.local/lib/python3.12/site-packages/airflow/example_dags/tutorial_objectstorage.py took 0.046 seconds
[2025-03-29T17:17:54.551+0000] {processor.py:186} INFO - Started process (PID=340) to work on /home/airflow/.local/lib/python3.12/site-packages/airflow/example_dags/tutorial_objectstorage.py
[2025-03-29T17:17:54.552+0000] {processor.py:914} INFO - Processing file /home/airflow/.local/lib/python3.12/site-packages/airflow/example_dags/tutorial_objectstorage.py for tasks to queue
[2025-03-29T17:17:54.554+0000] {logging_mixin.py:190} INFO - [2025-03-29T17:17:54.554+0000] {dagbag.py:588} INFO - Filling up the DagBag from /home/airflow/.local/lib/python3.12/site-packages/airflow/example_dags/tutorial_objectstorage.py
[2025-03-29T17:17:54.561+0000] {processor.py:925} INFO - DAG(s) 'tutorial_objectstorage' retrieved from /home/airflow/.local/lib/python3.12/site-packages/airflow/example_dags/tutorial_objectstorage.py
[2025-03-29T17:17:54.574+0000] {logging_mixin.py:190} INFO - [2025-03-29T17:17:54.574+0000] {dag.py:3239} INFO - Sync 1 DAGs
[2025-03-29T17:17:54.583+0000] {logging_mixin.py:190} INFO - [2025-03-29T17:17:54.583+0000] {dag.py:4180} INFO - Setting next_dagrun for tutorial_objectstorage to None, run_after=None
[2025-03-29T17:17:54.595+0000] {processor.py:208} INFO - Processing /home/airflow/.local/lib/python3.12/site-packages/airflow/example_dags/tutorial_objectstorage.py took 0.048 seconds
[2025-03-29T17:18:24.871+0000] {processor.py:186} INFO - Started process (PID=402) to work on /home/airflow/.local/lib/python3.12/site-packages/airflow/example_dags/tutorial_objectstorage.py
[2025-03-29T17:18:24.872+0000] {processor.py:914} INFO - Processing file /home/airflow/.local/lib/python3.12/site-packages/airflow/example_dags/tutorial_objectstorage.py for tasks to queue
[2025-03-29T17:18:24.873+0000] {logging_mixin.py:190} INFO - [2025-03-29T17:18:24.873+0000] {dagbag.py:588} INFO - Filling up the DagBag from /home/airflow/.local/lib/python3.12/site-packages/airflow/example_dags/tutorial_objectstorage.py
[2025-03-29T17:18:24.879+0000] {processor.py:925} INFO - DAG(s) 'tutorial_objectstorage' retrieved from /home/airflow/.local/lib/python3.12/site-packages/airflow/example_dags/tutorial_objectstorage.py
[2025-03-29T17:18:24.897+0000] {logging_mixin.py:190} INFO - [2025-03-29T17:18:24.897+0000] {dag.py:3239} INFO - Sync 1 DAGs
[2025-03-29T17:18:24.913+0000] {logging_mixin.py:190} INFO - [2025-03-29T17:18:24.913+0000] {dag.py:4180} INFO - Setting next_dagrun for tutorial_objectstorage to None, run_after=None
[2025-03-29T17:18:24.932+0000] {processor.py:208} INFO - Processing /home/airflow/.local/lib/python3.12/site-packages/airflow/example_dags/tutorial_objectstorage.py took 0.065 seconds
[2025-03-29T17:18:55.646+0000] {processor.py:186} INFO - Started process (PID=466) to work on /home/airflow/.local/lib/python3.12/site-packages/airflow/example_dags/tutorial_objectstorage.py
[2025-03-29T17:18:55.647+0000] {processor.py:914} INFO - Processing file /home/airflow/.local/lib/python3.12/site-packages/airflow/example_dags/tutorial_objectstorage.py for tasks to queue
[2025-03-29T17:18:55.648+0000] {logging_mixin.py:190} INFO - [2025-03-29T17:18:55.648+0000] {dagbag.py:588} INFO - Filling up the DagBag from /home/airflow/.local/lib/python3.12/site-packages/airflow/example_dags/tutorial_objectstorage.py
[2025-03-29T17:18:55.654+0000] {processor.py:925} INFO - DAG(s) 'tutorial_objectstorage' retrieved from /home/airflow/.local/lib/python3.12/site-packages/airflow/example_dags/tutorial_objectstorage.py
[2025-03-29T17:18:55.665+0000] {logging_mixin.py:190} INFO - [2025-03-29T17:18:55.665+0000] {dag.py:3239} INFO - Sync 1 DAGs
[2025-03-29T17:18:55.674+0000] {logging_mixin.py:190} INFO - [2025-03-29T17:18:55.674+0000] {dag.py:4180} INFO - Setting next_dagrun for tutorial_objectstorage to None, run_after=None
[2025-03-29T17:18:55.691+0000] {processor.py:208} INFO - Processing /home/airflow/.local/lib/python3.12/site-packages/airflow/example_dags/tutorial_objectstorage.py took 0.048 seconds
[2025-03-29T17:19:27.099+0000] {processor.py:186} INFO - Started process (PID=535) to work on /home/airflow/.local/lib/python3.12/site-packages/airflow/example_dags/tutorial_objectstorage.py
[2025-03-29T17:19:27.099+0000] {processor.py:914} INFO - Processing file /home/airflow/.local/lib/python3.12/site-packages/airflow/example_dags/tutorial_objectstorage.py for tasks to queue
[2025-03-29T17:19:27.101+0000] {logging_mixin.py:190} INFO - [2025-03-29T17:19:27.101+0000] {dagbag.py:588} INFO - Filling up the DagBag from /home/airflow/.local/lib/python3.12/site-packages/airflow/example_dags/tutorial_objectstorage.py
[2025-03-29T17:19:27.108+0000] {processor.py:925} INFO - DAG(s) 'tutorial_objectstorage' retrieved from /home/airflow/.local/lib/python3.12/site-packages/airflow/example_dags/tutorial_objectstorage.py
[2025-03-29T17:19:27.122+0000] {logging_mixin.py:190} INFO - [2025-03-29T17:19:27.122+0000] {dag.py:3239} INFO - Sync 1 DAGs
[2025-03-29T17:19:27.132+0000] {logging_mixin.py:190} INFO - [2025-03-29T17:19:27.132+0000] {dag.py:4180} INFO - Setting next_dagrun for tutorial_objectstorage to None, run_after=None
[2025-03-29T17:19:27.145+0000] {processor.py:208} INFO - Processing /home/airflow/.local/lib/python3.12/site-packages/airflow/example_dags/tutorial_objectstorage.py took 0.050 seconds
[2025-03-29T17:19:57.634+0000] {processor.py:186} INFO - Started process (PID=598) to work on /home/airflow/.local/lib/python3.12/site-packages/airflow/example_dags/tutorial_objectstorage.py
[2025-03-29T17:19:57.635+0000] {processor.py:914} INFO - Processing file /home/airflow/.local/lib/python3.12/site-packages/airflow/example_dags/tutorial_objectstorage.py for tasks to queue
[2025-03-29T17:19:57.636+0000] {logging_mixin.py:190} INFO - [2025-03-29T17:19:57.636+0000] {dagbag.py:588} INFO - Filling up the DagBag from /home/airflow/.local/lib/python3.12/site-packages/airflow/example_dags/tutorial_objectstorage.py
[2025-03-29T17:19:57.643+0000] {processor.py:925} INFO - DAG(s) 'tutorial_objectstorage' retrieved from /home/airflow/.local/lib/python3.12/site-packages/airflow/example_dags/tutorial_objectstorage.py
[2025-03-29T17:19:57.655+0000] {logging_mixin.py:190} INFO - [2025-03-29T17:19:57.655+0000] {dag.py:3239} INFO - Sync 1 DAGs
[2025-03-29T17:19:57.665+0000] {logging_mixin.py:190} INFO - [2025-03-29T17:19:57.665+0000] {dag.py:4180} INFO - Setting next_dagrun for tutorial_objectstorage to None, run_after=None
[2025-03-29T17:19:57.676+0000] {processor.py:208} INFO - Processing /home/airflow/.local/lib/python3.12/site-packages/airflow/example_dags/tutorial_objectstorage.py took 0.046 seconds
[2025-03-29T17:20:29.041+0000] {processor.py:186} INFO - Started process (PID=661) to work on /home/airflow/.local/lib/python3.12/site-packages/airflow/example_dags/tutorial_objectstorage.py
[2025-03-29T17:20:29.041+0000] {processor.py:914} INFO - Processing file /home/airflow/.local/lib/python3.12/site-packages/airflow/example_dags/tutorial_objectstorage.py for tasks to queue
[2025-03-29T17:20:29.042+0000] {logging_mixin.py:190} INFO - [2025-03-29T17:20:29.042+0000] {dagbag.py:588} INFO - Filling up the DagBag from /home/airflow/.local/lib/python3.12/site-packages/airflow/example_dags/tutorial_objectstorage.py
[2025-03-29T17:20:29.048+0000] {processor.py:925} INFO - DAG(s) 'tutorial_objectstorage' retrieved from /home/airflow/.local/lib/python3.12/site-packages/airflow/example_dags/tutorial_objectstorage.py
[2025-03-29T17:20:29.060+0000] {logging_mixin.py:190} INFO - [2025-03-29T17:20:29.060+0000] {dag.py:3239} INFO - Sync 1 DAGs
[2025-03-29T17:20:29.070+0000] {logging_mixin.py:190} INFO - [2025-03-29T17:20:29.070+0000] {dag.py:4180} INFO - Setting next_dagrun for tutorial_objectstorage to None, run_after=None
[2025-03-29T17:20:29.083+0000] {processor.py:208} INFO - Processing /home/airflow/.local/lib/python3.12/site-packages/airflow/example_dags/tutorial_objectstorage.py took 0.046 seconds
[2025-03-29T17:20:59.658+0000] {processor.py:186} INFO - Started process (PID=724) to work on /home/airflow/.local/lib/python3.12/site-packages/airflow/example_dags/tutorial_objectstorage.py
[2025-03-29T17:20:59.659+0000] {processor.py:914} INFO - Processing file /home/airflow/.local/lib/python3.12/site-packages/airflow/example_dags/tutorial_objectstorage.py for tasks to queue
[2025-03-29T17:20:59.661+0000] {logging_mixin.py:190} INFO - [2025-03-29T17:20:59.661+0000] {dagbag.py:588} INFO - Filling up the DagBag from /home/airflow/.local/lib/python3.12/site-packages/airflow/example_dags/tutorial_objectstorage.py
[2025-03-29T17:20:59.668+0000] {processor.py:925} INFO - DAG(s) 'tutorial_objectstorage' retrieved from /home/airflow/.local/lib/python3.12/site-packages/airflow/example_dags/tutorial_objectstorage.py
[2025-03-29T17:20:59.683+0000] {logging_mixin.py:190} INFO - [2025-03-29T17:20:59.683+0000] {dag.py:3239} INFO - Sync 1 DAGs
[2025-03-29T17:20:59.694+0000] {logging_mixin.py:190} INFO - [2025-03-29T17:20:59.694+0000] {dag.py:4180} INFO - Setting next_dagrun for tutorial_objectstorage to None, run_after=None
[2025-03-29T17:20:59.706+0000] {processor.py:208} INFO - Processing /home/airflow/.local/lib/python3.12/site-packages/airflow/example_dags/tutorial_objectstorage.py took 0.052 seconds
[2025-03-29T17:21:30.955+0000] {processor.py:186} INFO - Started process (PID=787) to work on /home/airflow/.local/lib/python3.12/site-packages/airflow/example_dags/tutorial_objectstorage.py
[2025-03-29T17:21:30.956+0000] {processor.py:914} INFO - Processing file /home/airflow/.local/lib/python3.12/site-packages/airflow/example_dags/tutorial_objectstorage.py for tasks to queue
[2025-03-29T17:21:30.957+0000] {logging_mixin.py:190} INFO - [2025-03-29T17:21:30.957+0000] {dagbag.py:588} INFO - Filling up the DagBag from /home/airflow/.local/lib/python3.12/site-packages/airflow/example_dags/tutorial_objectstorage.py
[2025-03-29T17:21:30.962+0000] {processor.py:925} INFO - DAG(s) 'tutorial_objectstorage' retrieved from /home/airflow/.local/lib/python3.12/site-packages/airflow/example_dags/tutorial_objectstorage.py
[2025-03-29T17:21:30.975+0000] {logging_mixin.py:190} INFO - [2025-03-29T17:21:30.975+0000] {dag.py:3239} INFO - Sync 1 DAGs
[2025-03-29T17:21:30.985+0000] {logging_mixin.py:190} INFO - [2025-03-29T17:21:30.985+0000] {dag.py:4180} INFO - Setting next_dagrun for tutorial_objectstorage to None, run_after=None
[2025-03-29T17:21:30.997+0000] {processor.py:208} INFO - Processing /home/airflow/.local/lib/python3.12/site-packages/airflow/example_dags/tutorial_objectstorage.py took 0.045 seconds
[2025-03-29T17:22:02.301+0000] {processor.py:186} INFO - Started process (PID=850) to work on /home/airflow/.local/lib/python3.12/site-packages/airflow/example_dags/tutorial_objectstorage.py
[2025-03-29T17:22:02.302+0000] {processor.py:914} INFO - Processing file /home/airflow/.local/lib/python3.12/site-packages/airflow/example_dags/tutorial_objectstorage.py for tasks to queue
[2025-03-29T17:22:02.303+0000] {logging_mixin.py:190} INFO - [2025-03-29T17:22:02.303+0000] {dagbag.py:588} INFO - Filling up the DagBag from /home/airflow/.local/lib/python3.12/site-packages/airflow/example_dags/tutorial_objectstorage.py
[2025-03-29T17:22:02.310+0000] {processor.py:925} INFO - DAG(s) 'tutorial_objectstorage' retrieved from /home/airflow/.local/lib/python3.12/site-packages/airflow/example_dags/tutorial_objectstorage.py
[2025-03-29T17:22:02.323+0000] {logging_mixin.py:190} INFO - [2025-03-29T17:22:02.323+0000] {dag.py:3239} INFO - Sync 1 DAGs
[2025-03-29T17:22:02.334+0000] {logging_mixin.py:190} INFO - [2025-03-29T17:22:02.334+0000] {dag.py:4180} INFO - Setting next_dagrun for tutorial_objectstorage to None, run_after=None
[2025-03-29T17:22:02.347+0000] {processor.py:208} INFO - Processing /home/airflow/.local/lib/python3.12/site-packages/airflow/example_dags/tutorial_objectstorage.py took 0.050 seconds
[2025-03-29T17:22:33.009+0000] {processor.py:186} INFO - Started process (PID=913) to work on /home/airflow/.local/lib/python3.12/site-packages/airflow/example_dags/tutorial_objectstorage.py
[2025-03-29T17:22:33.010+0000] {processor.py:914} INFO - Processing file /home/airflow/.local/lib/python3.12/site-packages/airflow/example_dags/tutorial_objectstorage.py for tasks to queue
[2025-03-29T17:22:33.011+0000] {logging_mixin.py:190} INFO - [2025-03-29T17:22:33.011+0000] {dagbag.py:588} INFO - Filling up the DagBag from /home/airflow/.local/lib/python3.12/site-packages/airflow/example_dags/tutorial_objectstorage.py
[2025-03-29T17:22:33.017+0000] {processor.py:925} INFO - DAG(s) 'tutorial_objectstorage' retrieved from /home/airflow/.local/lib/python3.12/site-packages/airflow/example_dags/tutorial_objectstorage.py
[2025-03-29T17:22:33.031+0000] {logging_mixin.py:190} INFO - [2025-03-29T17:22:33.030+0000] {dag.py:3239} INFO - Sync 1 DAGs
[2025-03-29T17:22:33.041+0000] {logging_mixin.py:190} INFO - [2025-03-29T17:22:33.041+0000] {dag.py:4180} INFO - Setting next_dagrun for tutorial_objectstorage to None, run_after=None
[2025-03-29T17:22:33.054+0000] {processor.py:208} INFO - Processing /home/airflow/.local/lib/python3.12/site-packages/airflow/example_dags/tutorial_objectstorage.py took 0.048 seconds
[2025-03-29T17:23:03.698+0000] {processor.py:186} INFO - Started process (PID=976) to work on /home/airflow/.local/lib/python3.12/site-packages/airflow/example_dags/tutorial_objectstorage.py
[2025-03-29T17:23:03.698+0000] {processor.py:914} INFO - Processing file /home/airflow/.local/lib/python3.12/site-packages/airflow/example_dags/tutorial_objectstorage.py for tasks to queue
[2025-03-29T17:23:03.700+0000] {logging_mixin.py:190} INFO - [2025-03-29T17:23:03.699+0000] {dagbag.py:588} INFO - Filling up the DagBag from /home/airflow/.local/lib/python3.12/site-packages/airflow/example_dags/tutorial_objectstorage.py
[2025-03-29T17:23:03.706+0000] {processor.py:925} INFO - DAG(s) 'tutorial_objectstorage' retrieved from /home/airflow/.local/lib/python3.12/site-packages/airflow/example_dags/tutorial_objectstorage.py
[2025-03-29T17:23:03.721+0000] {logging_mixin.py:190} INFO - [2025-03-29T17:23:03.721+0000] {dag.py:3239} INFO - Sync 1 DAGs
[2025-03-29T17:23:03.733+0000] {logging_mixin.py:190} INFO - [2025-03-29T17:23:03.732+0000] {dag.py:4180} INFO - Setting next_dagrun for tutorial_objectstorage to None, run_after=None
[2025-03-29T17:23:03.746+0000] {processor.py:208} INFO - Processing /home/airflow/.local/lib/python3.12/site-packages/airflow/example_dags/tutorial_objectstorage.py took 0.053 seconds
[2025-03-29T17:26:13.806+0000] {processor.py:186} INFO - Started process (PID=88) to work on /home/airflow/.local/lib/python3.12/site-packages/airflow/example_dags/tutorial_objectstorage.py
[2025-03-29T17:26:13.806+0000] {processor.py:914} INFO - Processing file /home/airflow/.local/lib/python3.12/site-packages/airflow/example_dags/tutorial_objectstorage.py for tasks to queue
[2025-03-29T17:26:13.808+0000] {logging_mixin.py:190} INFO - [2025-03-29T17:26:13.807+0000] {dagbag.py:588} INFO - Filling up the DagBag from /home/airflow/.local/lib/python3.12/site-packages/airflow/example_dags/tutorial_objectstorage.py
[2025-03-29T17:26:13.814+0000] {processor.py:925} INFO - DAG(s) 'tutorial_objectstorage' retrieved from /home/airflow/.local/lib/python3.12/site-packages/airflow/example_dags/tutorial_objectstorage.py
[2025-03-29T17:26:13.892+0000] {logging_mixin.py:190} INFO - [2025-03-29T17:26:13.891+0000] {override.py:1912} INFO - Created Permission View: can delete on DAG:tutorial_objectstorage
[2025-03-29T17:26:13.900+0000] {logging_mixin.py:190} INFO - [2025-03-29T17:26:13.900+0000] {override.py:1912} INFO - Created Permission View: can read on DAG:tutorial_objectstorage
[2025-03-29T17:26:13.905+0000] {logging_mixin.py:190} INFO - [2025-03-29T17:26:13.904+0000] {override.py:1912} INFO - Created Permission View: can edit on DAG:tutorial_objectstorage
[2025-03-29T17:26:13.910+0000] {logging_mixin.py:190} INFO - [2025-03-29T17:26:13.910+0000] {override.py:1912} INFO - Created Permission View: can delete on DAG Run:tutorial_objectstorage
[2025-03-29T17:26:13.915+0000] {logging_mixin.py:190} INFO - [2025-03-29T17:26:13.915+0000] {override.py:1912} INFO - Created Permission View: can read on DAG Run:tutorial_objectstorage
[2025-03-29T17:26:13.920+0000] {logging_mixin.py:190} INFO - [2025-03-29T17:26:13.919+0000] {override.py:1912} INFO - Created Permission View: can create on DAG Run:tutorial_objectstorage
[2025-03-29T17:26:13.924+0000] {logging_mixin.py:190} INFO - [2025-03-29T17:26:13.924+0000] {override.py:1912} INFO - Created Permission View: menu access on DAG Run:tutorial_objectstorage
[2025-03-29T17:26:13.925+0000] {logging_mixin.py:190} INFO - [2025-03-29T17:26:13.924+0000] {dag.py:3239} INFO - Sync 1 DAGs
[2025-03-29T17:26:13.935+0000] {logging_mixin.py:190} INFO - [2025-03-29T17:26:13.935+0000] {dag.py:3262} INFO - Creating ORM DAG for tutorial_objectstorage
[2025-03-29T17:26:13.936+0000] {logging_mixin.py:190} INFO - [2025-03-29T17:26:13.936+0000] {dag.py:4180} INFO - Setting next_dagrun for tutorial_objectstorage to None, run_after=None
[2025-03-29T17:26:13.950+0000] {processor.py:208} INFO - Processing /home/airflow/.local/lib/python3.12/site-packages/airflow/example_dags/tutorial_objectstorage.py took 0.149 seconds
[2025-03-29T17:26:44.029+0000] {processor.py:186} INFO - Started process (PID=151) to work on /home/airflow/.local/lib/python3.12/site-packages/airflow/example_dags/tutorial_objectstorage.py
[2025-03-29T17:26:44.029+0000] {processor.py:914} INFO - Processing file /home/airflow/.local/lib/python3.12/site-packages/airflow/example_dags/tutorial_objectstorage.py for tasks to queue
[2025-03-29T17:26:44.031+0000] {logging_mixin.py:190} INFO - [2025-03-29T17:26:44.030+0000] {dagbag.py:588} INFO - Filling up the DagBag from /home/airflow/.local/lib/python3.12/site-packages/airflow/example_dags/tutorial_objectstorage.py
[2025-03-29T17:26:44.037+0000] {processor.py:925} INFO - DAG(s) 'tutorial_objectstorage' retrieved from /home/airflow/.local/lib/python3.12/site-packages/airflow/example_dags/tutorial_objectstorage.py
[2025-03-29T17:26:44.051+0000] {logging_mixin.py:190} INFO - [2025-03-29T17:26:44.050+0000] {dag.py:3239} INFO - Sync 1 DAGs
[2025-03-29T17:26:44.061+0000] {logging_mixin.py:190} INFO - [2025-03-29T17:26:44.061+0000] {dag.py:4180} INFO - Setting next_dagrun for tutorial_objectstorage to None, run_after=None
[2025-03-29T17:26:44.075+0000] {processor.py:208} INFO - Processing /home/airflow/.local/lib/python3.12/site-packages/airflow/example_dags/tutorial_objectstorage.py took 0.050 seconds
[2025-03-29T17:27:14.539+0000] {processor.py:186} INFO - Started process (PID=213) to work on /home/airflow/.local/lib/python3.12/site-packages/airflow/example_dags/tutorial_objectstorage.py
[2025-03-29T17:27:14.539+0000] {processor.py:914} INFO - Processing file /home/airflow/.local/lib/python3.12/site-packages/airflow/example_dags/tutorial_objectstorage.py for tasks to queue
[2025-03-29T17:27:14.543+0000] {logging_mixin.py:190} INFO - [2025-03-29T17:27:14.543+0000] {dagbag.py:588} INFO - Filling up the DagBag from /home/airflow/.local/lib/python3.12/site-packages/airflow/example_dags/tutorial_objectstorage.py
[2025-03-29T17:27:14.552+0000] {processor.py:925} INFO - DAG(s) 'tutorial_objectstorage' retrieved from /home/airflow/.local/lib/python3.12/site-packages/airflow/example_dags/tutorial_objectstorage.py
[2025-03-29T17:27:14.569+0000] {logging_mixin.py:190} INFO - [2025-03-29T17:27:14.569+0000] {dag.py:3239} INFO - Sync 1 DAGs
[2025-03-29T17:27:14.580+0000] {logging_mixin.py:190} INFO - [2025-03-29T17:27:14.580+0000] {dag.py:4180} INFO - Setting next_dagrun for tutorial_objectstorage to None, run_after=None
[2025-03-29T17:27:14.594+0000] {processor.py:208} INFO - Processing /home/airflow/.local/lib/python3.12/site-packages/airflow/example_dags/tutorial_objectstorage.py took 0.063 seconds
[2025-03-29T17:27:44.950+0000] {processor.py:186} INFO - Started process (PID=276) to work on /home/airflow/.local/lib/python3.12/site-packages/airflow/example_dags/tutorial_objectstorage.py
[2025-03-29T17:27:44.951+0000] {processor.py:914} INFO - Processing file /home/airflow/.local/lib/python3.12/site-packages/airflow/example_dags/tutorial_objectstorage.py for tasks to queue
[2025-03-29T17:27:44.952+0000] {logging_mixin.py:190} INFO - [2025-03-29T17:27:44.952+0000] {dagbag.py:588} INFO - Filling up the DagBag from /home/airflow/.local/lib/python3.12/site-packages/airflow/example_dags/tutorial_objectstorage.py
[2025-03-29T17:27:44.958+0000] {processor.py:925} INFO - DAG(s) 'tutorial_objectstorage' retrieved from /home/airflow/.local/lib/python3.12/site-packages/airflow/example_dags/tutorial_objectstorage.py
[2025-03-29T17:27:44.969+0000] {logging_mixin.py:190} INFO - [2025-03-29T17:27:44.969+0000] {dag.py:3239} INFO - Sync 1 DAGs
[2025-03-29T17:27:44.979+0000] {logging_mixin.py:190} INFO - [2025-03-29T17:27:44.979+0000] {dag.py:4180} INFO - Setting next_dagrun for tutorial_objectstorage to None, run_after=None
[2025-03-29T17:27:44.992+0000] {processor.py:208} INFO - Processing /home/airflow/.local/lib/python3.12/site-packages/airflow/example_dags/tutorial_objectstorage.py took 0.045 seconds
[2025-03-29T17:28:16.185+0000] {processor.py:186} INFO - Started process (PID=345) to work on /home/airflow/.local/lib/python3.12/site-packages/airflow/example_dags/tutorial_objectstorage.py
[2025-03-29T17:28:16.185+0000] {processor.py:914} INFO - Processing file /home/airflow/.local/lib/python3.12/site-packages/airflow/example_dags/tutorial_objectstorage.py for tasks to queue
[2025-03-29T17:28:16.187+0000] {logging_mixin.py:190} INFO - [2025-03-29T17:28:16.186+0000] {dagbag.py:588} INFO - Filling up the DagBag from /home/airflow/.local/lib/python3.12/site-packages/airflow/example_dags/tutorial_objectstorage.py
[2025-03-29T17:28:16.192+0000] {processor.py:925} INFO - DAG(s) 'tutorial_objectstorage' retrieved from /home/airflow/.local/lib/python3.12/site-packages/airflow/example_dags/tutorial_objectstorage.py
[2025-03-29T17:28:16.204+0000] {logging_mixin.py:190} INFO - [2025-03-29T17:28:16.204+0000] {dag.py:3239} INFO - Sync 1 DAGs
[2025-03-29T17:28:16.214+0000] {logging_mixin.py:190} INFO - [2025-03-29T17:28:16.214+0000] {dag.py:4180} INFO - Setting next_dagrun for tutorial_objectstorage to None, run_after=None
[2025-03-29T17:28:16.226+0000] {processor.py:208} INFO - Processing /home/airflow/.local/lib/python3.12/site-packages/airflow/example_dags/tutorial_objectstorage.py took 0.045 seconds
[2025-03-29T17:28:46.756+0000] {processor.py:186} INFO - Started process (PID=408) to work on /home/airflow/.local/lib/python3.12/site-packages/airflow/example_dags/tutorial_objectstorage.py
[2025-03-29T17:28:46.757+0000] {processor.py:914} INFO - Processing file /home/airflow/.local/lib/python3.12/site-packages/airflow/example_dags/tutorial_objectstorage.py for tasks to queue
[2025-03-29T17:28:46.758+0000] {logging_mixin.py:190} INFO - [2025-03-29T17:28:46.758+0000] {dagbag.py:588} INFO - Filling up the DagBag from /home/airflow/.local/lib/python3.12/site-packages/airflow/example_dags/tutorial_objectstorage.py
[2025-03-29T17:28:46.765+0000] {processor.py:925} INFO - DAG(s) 'tutorial_objectstorage' retrieved from /home/airflow/.local/lib/python3.12/site-packages/airflow/example_dags/tutorial_objectstorage.py
[2025-03-29T17:28:46.778+0000] {logging_mixin.py:190} INFO - [2025-03-29T17:28:46.777+0000] {dag.py:3239} INFO - Sync 1 DAGs
[2025-03-29T17:28:46.789+0000] {logging_mixin.py:190} INFO - [2025-03-29T17:28:46.788+0000] {dag.py:4180} INFO - Setting next_dagrun for tutorial_objectstorage to None, run_after=None
[2025-03-29T17:28:46.802+0000] {processor.py:208} INFO - Processing /home/airflow/.local/lib/python3.12/site-packages/airflow/example_dags/tutorial_objectstorage.py took 0.050 seconds
[2025-03-29T17:29:18.156+0000] {processor.py:186} INFO - Started process (PID=472) to work on /home/airflow/.local/lib/python3.12/site-packages/airflow/example_dags/tutorial_objectstorage.py
[2025-03-29T17:29:18.156+0000] {processor.py:914} INFO - Processing file /home/airflow/.local/lib/python3.12/site-packages/airflow/example_dags/tutorial_objectstorage.py for tasks to queue
[2025-03-29T17:29:18.157+0000] {logging_mixin.py:190} INFO - [2025-03-29T17:29:18.157+0000] {dagbag.py:588} INFO - Filling up the DagBag from /home/airflow/.local/lib/python3.12/site-packages/airflow/example_dags/tutorial_objectstorage.py
[2025-03-29T17:29:18.163+0000] {processor.py:925} INFO - DAG(s) 'tutorial_objectstorage' retrieved from /home/airflow/.local/lib/python3.12/site-packages/airflow/example_dags/tutorial_objectstorage.py
[2025-03-29T17:29:18.174+0000] {logging_mixin.py:190} INFO - [2025-03-29T17:29:18.174+0000] {dag.py:3239} INFO - Sync 1 DAGs
[2025-03-29T17:29:18.183+0000] {logging_mixin.py:190} INFO - [2025-03-29T17:29:18.183+0000] {dag.py:4180} INFO - Setting next_dagrun for tutorial_objectstorage to None, run_after=None
[2025-03-29T17:29:18.198+0000] {processor.py:208} INFO - Processing /home/airflow/.local/lib/python3.12/site-packages/airflow/example_dags/tutorial_objectstorage.py took 0.046 seconds
[2025-03-29T17:29:49.610+0000] {processor.py:186} INFO - Started process (PID=535) to work on /home/airflow/.local/lib/python3.12/site-packages/airflow/example_dags/tutorial_objectstorage.py
[2025-03-29T17:29:49.610+0000] {processor.py:914} INFO - Processing file /home/airflow/.local/lib/python3.12/site-packages/airflow/example_dags/tutorial_objectstorage.py for tasks to queue
[2025-03-29T17:29:49.612+0000] {logging_mixin.py:190} INFO - [2025-03-29T17:29:49.611+0000] {dagbag.py:588} INFO - Filling up the DagBag from /home/airflow/.local/lib/python3.12/site-packages/airflow/example_dags/tutorial_objectstorage.py
[2025-03-29T17:29:49.617+0000] {processor.py:925} INFO - DAG(s) 'tutorial_objectstorage' retrieved from /home/airflow/.local/lib/python3.12/site-packages/airflow/example_dags/tutorial_objectstorage.py
[2025-03-29T17:29:49.629+0000] {logging_mixin.py:190} INFO - [2025-03-29T17:29:49.629+0000] {dag.py:3239} INFO - Sync 1 DAGs
[2025-03-29T17:29:49.639+0000] {logging_mixin.py:190} INFO - [2025-03-29T17:29:49.638+0000] {dag.py:4180} INFO - Setting next_dagrun for tutorial_objectstorage to None, run_after=None
[2025-03-29T17:29:49.657+0000] {processor.py:208} INFO - Processing /home/airflow/.local/lib/python3.12/site-packages/airflow/example_dags/tutorial_objectstorage.py took 0.051 seconds
[2025-03-29T17:30:20.232+0000] {processor.py:186} INFO - Started process (PID=597) to work on /home/airflow/.local/lib/python3.12/site-packages/airflow/example_dags/tutorial_objectstorage.py
[2025-03-29T17:30:20.232+0000] {processor.py:914} INFO - Processing file /home/airflow/.local/lib/python3.12/site-packages/airflow/example_dags/tutorial_objectstorage.py for tasks to queue
[2025-03-29T17:30:20.234+0000] {logging_mixin.py:190} INFO - [2025-03-29T17:30:20.233+0000] {dagbag.py:588} INFO - Filling up the DagBag from /home/airflow/.local/lib/python3.12/site-packages/airflow/example_dags/tutorial_objectstorage.py
[2025-03-29T17:30:20.240+0000] {processor.py:925} INFO - DAG(s) 'tutorial_objectstorage' retrieved from /home/airflow/.local/lib/python3.12/site-packages/airflow/example_dags/tutorial_objectstorage.py
[2025-03-29T17:30:20.256+0000] {logging_mixin.py:190} INFO - [2025-03-29T17:30:20.256+0000] {dag.py:3239} INFO - Sync 1 DAGs
[2025-03-29T17:30:20.270+0000] {logging_mixin.py:190} INFO - [2025-03-29T17:30:20.270+0000] {dag.py:4180} INFO - Setting next_dagrun for tutorial_objectstorage to None, run_after=None
[2025-03-29T17:30:20.284+0000] {processor.py:208} INFO - Processing /home/airflow/.local/lib/python3.12/site-packages/airflow/example_dags/tutorial_objectstorage.py took 0.055 seconds
[2025-03-29T17:30:51.730+0000] {processor.py:186} INFO - Started process (PID=661) to work on /home/airflow/.local/lib/python3.12/site-packages/airflow/example_dags/tutorial_objectstorage.py
[2025-03-29T17:30:51.730+0000] {processor.py:914} INFO - Processing file /home/airflow/.local/lib/python3.12/site-packages/airflow/example_dags/tutorial_objectstorage.py for tasks to queue
[2025-03-29T17:30:51.732+0000] {logging_mixin.py:190} INFO - [2025-03-29T17:30:51.731+0000] {dagbag.py:588} INFO - Filling up the DagBag from /home/airflow/.local/lib/python3.12/site-packages/airflow/example_dags/tutorial_objectstorage.py
[2025-03-29T17:30:51.737+0000] {processor.py:925} INFO - DAG(s) 'tutorial_objectstorage' retrieved from /home/airflow/.local/lib/python3.12/site-packages/airflow/example_dags/tutorial_objectstorage.py
[2025-03-29T17:30:51.748+0000] {logging_mixin.py:190} INFO - [2025-03-29T17:30:51.748+0000] {dag.py:3239} INFO - Sync 1 DAGs
[2025-03-29T17:30:51.757+0000] {logging_mixin.py:190} INFO - [2025-03-29T17:30:51.757+0000] {dag.py:4180} INFO - Setting next_dagrun for tutorial_objectstorage to None, run_after=None
[2025-03-29T17:30:51.771+0000] {processor.py:208} INFO - Processing /home/airflow/.local/lib/python3.12/site-packages/airflow/example_dags/tutorial_objectstorage.py took 0.045 seconds
[2025-03-29T17:31:22.980+0000] {processor.py:186} INFO - Started process (PID=724) to work on /home/airflow/.local/lib/python3.12/site-packages/airflow/example_dags/tutorial_objectstorage.py
[2025-03-29T17:31:22.980+0000] {processor.py:914} INFO - Processing file /home/airflow/.local/lib/python3.12/site-packages/airflow/example_dags/tutorial_objectstorage.py for tasks to queue
[2025-03-29T17:31:22.981+0000] {logging_mixin.py:190} INFO - [2025-03-29T17:31:22.981+0000] {dagbag.py:588} INFO - Filling up the DagBag from /home/airflow/.local/lib/python3.12/site-packages/airflow/example_dags/tutorial_objectstorage.py
[2025-03-29T17:31:22.987+0000] {processor.py:925} INFO - DAG(s) 'tutorial_objectstorage' retrieved from /home/airflow/.local/lib/python3.12/site-packages/airflow/example_dags/tutorial_objectstorage.py
[2025-03-29T17:31:22.998+0000] {logging_mixin.py:190} INFO - [2025-03-29T17:31:22.998+0000] {dag.py:3239} INFO - Sync 1 DAGs
[2025-03-29T17:31:23.007+0000] {logging_mixin.py:190} INFO - [2025-03-29T17:31:23.007+0000] {dag.py:4180} INFO - Setting next_dagrun for tutorial_objectstorage to None, run_after=None
[2025-03-29T17:31:23.018+0000] {processor.py:208} INFO - Processing /home/airflow/.local/lib/python3.12/site-packages/airflow/example_dags/tutorial_objectstorage.py took 0.042 seconds
[2025-03-29T17:31:53.506+0000] {processor.py:186} INFO - Started process (PID=787) to work on /home/airflow/.local/lib/python3.12/site-packages/airflow/example_dags/tutorial_objectstorage.py
[2025-03-29T17:31:53.506+0000] {processor.py:914} INFO - Processing file /home/airflow/.local/lib/python3.12/site-packages/airflow/example_dags/tutorial_objectstorage.py for tasks to queue
[2025-03-29T17:31:53.508+0000] {logging_mixin.py:190} INFO - [2025-03-29T17:31:53.507+0000] {dagbag.py:588} INFO - Filling up the DagBag from /home/airflow/.local/lib/python3.12/site-packages/airflow/example_dags/tutorial_objectstorage.py
[2025-03-29T17:31:53.513+0000] {processor.py:925} INFO - DAG(s) 'tutorial_objectstorage' retrieved from /home/airflow/.local/lib/python3.12/site-packages/airflow/example_dags/tutorial_objectstorage.py
[2025-03-29T17:31:53.525+0000] {logging_mixin.py:190} INFO - [2025-03-29T17:31:53.525+0000] {dag.py:3239} INFO - Sync 1 DAGs
[2025-03-29T17:31:53.535+0000] {logging_mixin.py:190} INFO - [2025-03-29T17:31:53.535+0000] {dag.py:4180} INFO - Setting next_dagrun for tutorial_objectstorage to None, run_after=None
[2025-03-29T17:31:53.547+0000] {processor.py:208} INFO - Processing /home/airflow/.local/lib/python3.12/site-packages/airflow/example_dags/tutorial_objectstorage.py took 0.045 seconds
[2025-03-29T17:32:24.779+0000] {processor.py:186} INFO - Started process (PID=850) to work on /home/airflow/.local/lib/python3.12/site-packages/airflow/example_dags/tutorial_objectstorage.py
[2025-03-29T17:32:24.779+0000] {processor.py:914} INFO - Processing file /home/airflow/.local/lib/python3.12/site-packages/airflow/example_dags/tutorial_objectstorage.py for tasks to queue
[2025-03-29T17:32:24.780+0000] {logging_mixin.py:190} INFO - [2025-03-29T17:32:24.780+0000] {dagbag.py:588} INFO - Filling up the DagBag from /home/airflow/.local/lib/python3.12/site-packages/airflow/example_dags/tutorial_objectstorage.py
[2025-03-29T17:32:24.786+0000] {processor.py:925} INFO - DAG(s) 'tutorial_objectstorage' retrieved from /home/airflow/.local/lib/python3.12/site-packages/airflow/example_dags/tutorial_objectstorage.py
[2025-03-29T17:32:24.797+0000] {logging_mixin.py:190} INFO - [2025-03-29T17:32:24.797+0000] {dag.py:3239} INFO - Sync 1 DAGs
[2025-03-29T17:32:24.806+0000] {logging_mixin.py:190} INFO - [2025-03-29T17:32:24.806+0000] {dag.py:4180} INFO - Setting next_dagrun for tutorial_objectstorage to None, run_after=None
[2025-03-29T17:32:24.817+0000] {processor.py:208} INFO - Processing /home/airflow/.local/lib/python3.12/site-packages/airflow/example_dags/tutorial_objectstorage.py took 0.042 seconds
[2025-03-29T17:32:55.288+0000] {processor.py:186} INFO - Started process (PID=912) to work on /home/airflow/.local/lib/python3.12/site-packages/airflow/example_dags/tutorial_objectstorage.py
[2025-03-29T17:32:55.289+0000] {processor.py:914} INFO - Processing file /home/airflow/.local/lib/python3.12/site-packages/airflow/example_dags/tutorial_objectstorage.py for tasks to queue
[2025-03-29T17:32:55.290+0000] {logging_mixin.py:190} INFO - [2025-03-29T17:32:55.290+0000] {dagbag.py:588} INFO - Filling up the DagBag from /home/airflow/.local/lib/python3.12/site-packages/airflow/example_dags/tutorial_objectstorage.py
[2025-03-29T17:32:55.296+0000] {processor.py:925} INFO - DAG(s) 'tutorial_objectstorage' retrieved from /home/airflow/.local/lib/python3.12/site-packages/airflow/example_dags/tutorial_objectstorage.py
[2025-03-29T17:32:55.308+0000] {logging_mixin.py:190} INFO - [2025-03-29T17:32:55.308+0000] {dag.py:3239} INFO - Sync 1 DAGs
[2025-03-29T17:32:55.318+0000] {logging_mixin.py:190} INFO - [2025-03-29T17:32:55.318+0000] {dag.py:4180} INFO - Setting next_dagrun for tutorial_objectstorage to None, run_after=None
[2025-03-29T17:32:55.330+0000] {processor.py:208} INFO - Processing /home/airflow/.local/lib/python3.12/site-packages/airflow/example_dags/tutorial_objectstorage.py took 0.045 seconds
[2025-03-29T17:33:26.793+0000] {processor.py:186} INFO - Started process (PID=976) to work on /home/airflow/.local/lib/python3.12/site-packages/airflow/example_dags/tutorial_objectstorage.py
[2025-03-29T17:33:26.793+0000] {processor.py:914} INFO - Processing file /home/airflow/.local/lib/python3.12/site-packages/airflow/example_dags/tutorial_objectstorage.py for tasks to queue
[2025-03-29T17:33:26.794+0000] {logging_mixin.py:190} INFO - [2025-03-29T17:33:26.794+0000] {dagbag.py:588} INFO - Filling up the DagBag from /home/airflow/.local/lib/python3.12/site-packages/airflow/example_dags/tutorial_objectstorage.py
[2025-03-29T17:33:26.800+0000] {processor.py:925} INFO - DAG(s) 'tutorial_objectstorage' retrieved from /home/airflow/.local/lib/python3.12/site-packages/airflow/example_dags/tutorial_objectstorage.py
[2025-03-29T17:33:26.811+0000] {logging_mixin.py:190} INFO - [2025-03-29T17:33:26.811+0000] {dag.py:3239} INFO - Sync 1 DAGs
[2025-03-29T17:33:26.821+0000] {logging_mixin.py:190} INFO - [2025-03-29T17:33:26.821+0000] {dag.py:4180} INFO - Setting next_dagrun for tutorial_objectstorage to None, run_after=None
[2025-03-29T17:33:26.832+0000] {processor.py:208} INFO - Processing /home/airflow/.local/lib/python3.12/site-packages/airflow/example_dags/tutorial_objectstorage.py took 0.043 seconds
[2025-03-29T17:33:57.463+0000] {processor.py:186} INFO - Started process (PID=1039) to work on /home/airflow/.local/lib/python3.12/site-packages/airflow/example_dags/tutorial_objectstorage.py
[2025-03-29T17:33:57.463+0000] {processor.py:914} INFO - Processing file /home/airflow/.local/lib/python3.12/site-packages/airflow/example_dags/tutorial_objectstorage.py for tasks to queue
[2025-03-29T17:33:57.465+0000] {logging_mixin.py:190} INFO - [2025-03-29T17:33:57.464+0000] {dagbag.py:588} INFO - Filling up the DagBag from /home/airflow/.local/lib/python3.12/site-packages/airflow/example_dags/tutorial_objectstorage.py
[2025-03-29T17:33:57.470+0000] {processor.py:925} INFO - DAG(s) 'tutorial_objectstorage' retrieved from /home/airflow/.local/lib/python3.12/site-packages/airflow/example_dags/tutorial_objectstorage.py
[2025-03-29T17:33:57.482+0000] {logging_mixin.py:190} INFO - [2025-03-29T17:33:57.482+0000] {dag.py:3239} INFO - Sync 1 DAGs
[2025-03-29T17:33:57.491+0000] {logging_mixin.py:190} INFO - [2025-03-29T17:33:57.491+0000] {dag.py:4180} INFO - Setting next_dagrun for tutorial_objectstorage to None, run_after=None
[2025-03-29T17:33:57.506+0000] {processor.py:208} INFO - Processing /home/airflow/.local/lib/python3.12/site-packages/airflow/example_dags/tutorial_objectstorage.py took 0.047 seconds
[2025-03-29T17:34:28.896+0000] {processor.py:186} INFO - Started process (PID=1102) to work on /home/airflow/.local/lib/python3.12/site-packages/airflow/example_dags/tutorial_objectstorage.py
[2025-03-29T17:34:28.896+0000] {processor.py:914} INFO - Processing file /home/airflow/.local/lib/python3.12/site-packages/airflow/example_dags/tutorial_objectstorage.py for tasks to queue
[2025-03-29T17:34:28.897+0000] {logging_mixin.py:190} INFO - [2025-03-29T17:34:28.897+0000] {dagbag.py:588} INFO - Filling up the DagBag from /home/airflow/.local/lib/python3.12/site-packages/airflow/example_dags/tutorial_objectstorage.py
[2025-03-29T17:34:28.903+0000] {processor.py:925} INFO - DAG(s) 'tutorial_objectstorage' retrieved from /home/airflow/.local/lib/python3.12/site-packages/airflow/example_dags/tutorial_objectstorage.py
[2025-03-29T17:34:28.914+0000] {logging_mixin.py:190} INFO - [2025-03-29T17:34:28.914+0000] {dag.py:3239} INFO - Sync 1 DAGs
[2025-03-29T17:34:28.923+0000] {logging_mixin.py:190} INFO - [2025-03-29T17:34:28.923+0000] {dag.py:4180} INFO - Setting next_dagrun for tutorial_objectstorage to None, run_after=None
[2025-03-29T17:34:28.935+0000] {processor.py:208} INFO - Processing /home/airflow/.local/lib/python3.12/site-packages/airflow/example_dags/tutorial_objectstorage.py took 0.042 seconds
[2025-03-29T17:34:59.693+0000] {processor.py:186} INFO - Started process (PID=1165) to work on /home/airflow/.local/lib/python3.12/site-packages/airflow/example_dags/tutorial_objectstorage.py
[2025-03-29T17:34:59.694+0000] {processor.py:914} INFO - Processing file /home/airflow/.local/lib/python3.12/site-packages/airflow/example_dags/tutorial_objectstorage.py for tasks to queue
[2025-03-29T17:34:59.695+0000] {logging_mixin.py:190} INFO - [2025-03-29T17:34:59.695+0000] {dagbag.py:588} INFO - Filling up the DagBag from /home/airflow/.local/lib/python3.12/site-packages/airflow/example_dags/tutorial_objectstorage.py
[2025-03-29T17:34:59.701+0000] {processor.py:925} INFO - DAG(s) 'tutorial_objectstorage' retrieved from /home/airflow/.local/lib/python3.12/site-packages/airflow/example_dags/tutorial_objectstorage.py
[2025-03-29T17:34:59.717+0000] {logging_mixin.py:190} INFO - [2025-03-29T17:34:59.717+0000] {dag.py:3239} INFO - Sync 1 DAGs
[2025-03-29T17:34:59.729+0000] {logging_mixin.py:190} INFO - [2025-03-29T17:34:59.729+0000] {dag.py:4180} INFO - Setting next_dagrun for tutorial_objectstorage to None, run_after=None
[2025-03-29T17:34:59.745+0000] {processor.py:208} INFO - Processing /home/airflow/.local/lib/python3.12/site-packages/airflow/example_dags/tutorial_objectstorage.py took 0.058 seconds
[2025-03-29T17:35:30.983+0000] {processor.py:186} INFO - Started process (PID=1227) to work on /home/airflow/.local/lib/python3.12/site-packages/airflow/example_dags/tutorial_objectstorage.py
[2025-03-29T17:35:30.984+0000] {processor.py:914} INFO - Processing file /home/airflow/.local/lib/python3.12/site-packages/airflow/example_dags/tutorial_objectstorage.py for tasks to queue
[2025-03-29T17:35:30.985+0000] {logging_mixin.py:190} INFO - [2025-03-29T17:35:30.985+0000] {dagbag.py:588} INFO - Filling up the DagBag from /home/airflow/.local/lib/python3.12/site-packages/airflow/example_dags/tutorial_objectstorage.py
[2025-03-29T17:35:30.992+0000] {processor.py:925} INFO - DAG(s) 'tutorial_objectstorage' retrieved from /home/airflow/.local/lib/python3.12/site-packages/airflow/example_dags/tutorial_objectstorage.py
[2025-03-29T17:35:31.007+0000] {logging_mixin.py:190} INFO - [2025-03-29T17:35:31.007+0000] {dag.py:3239} INFO - Sync 1 DAGs
[2025-03-29T17:35:31.022+0000] {logging_mixin.py:190} INFO - [2025-03-29T17:35:31.022+0000] {dag.py:4180} INFO - Setting next_dagrun for tutorial_objectstorage to None, run_after=None
[2025-03-29T17:35:31.038+0000] {processor.py:208} INFO - Processing /home/airflow/.local/lib/python3.12/site-packages/airflow/example_dags/tutorial_objectstorage.py took 0.059 seconds
[2025-03-29T17:36:01.784+0000] {processor.py:186} INFO - Started process (PID=1290) to work on /home/airflow/.local/lib/python3.12/site-packages/airflow/example_dags/tutorial_objectstorage.py
[2025-03-29T17:36:01.785+0000] {processor.py:914} INFO - Processing file /home/airflow/.local/lib/python3.12/site-packages/airflow/example_dags/tutorial_objectstorage.py for tasks to queue
[2025-03-29T17:36:01.786+0000] {logging_mixin.py:190} INFO - [2025-03-29T17:36:01.786+0000] {dagbag.py:588} INFO - Filling up the DagBag from /home/airflow/.local/lib/python3.12/site-packages/airflow/example_dags/tutorial_objectstorage.py
[2025-03-29T17:36:01.792+0000] {processor.py:925} INFO - DAG(s) 'tutorial_objectstorage' retrieved from /home/airflow/.local/lib/python3.12/site-packages/airflow/example_dags/tutorial_objectstorage.py
[2025-03-29T17:36:01.804+0000] {logging_mixin.py:190} INFO - [2025-03-29T17:36:01.804+0000] {dag.py:3239} INFO - Sync 1 DAGs
[2025-03-29T17:36:01.814+0000] {logging_mixin.py:190} INFO - [2025-03-29T17:36:01.814+0000] {dag.py:4180} INFO - Setting next_dagrun for tutorial_objectstorage to None, run_after=None
[2025-03-29T17:36:01.826+0000] {processor.py:208} INFO - Processing /home/airflow/.local/lib/python3.12/site-packages/airflow/example_dags/tutorial_objectstorage.py took 0.046 seconds
[2025-03-29T17:36:33.132+0000] {processor.py:186} INFO - Started process (PID=1353) to work on /home/airflow/.local/lib/python3.12/site-packages/airflow/example_dags/tutorial_objectstorage.py
[2025-03-29T17:36:33.133+0000] {processor.py:914} INFO - Processing file /home/airflow/.local/lib/python3.12/site-packages/airflow/example_dags/tutorial_objectstorage.py for tasks to queue
[2025-03-29T17:36:33.135+0000] {logging_mixin.py:190} INFO - [2025-03-29T17:36:33.135+0000] {dagbag.py:588} INFO - Filling up the DagBag from /home/airflow/.local/lib/python3.12/site-packages/airflow/example_dags/tutorial_objectstorage.py
[2025-03-29T17:36:33.141+0000] {processor.py:925} INFO - DAG(s) 'tutorial_objectstorage' retrieved from /home/airflow/.local/lib/python3.12/site-packages/airflow/example_dags/tutorial_objectstorage.py
[2025-03-29T17:36:33.155+0000] {logging_mixin.py:190} INFO - [2025-03-29T17:36:33.155+0000] {dag.py:3239} INFO - Sync 1 DAGs
[2025-03-29T17:36:33.166+0000] {logging_mixin.py:190} INFO - [2025-03-29T17:36:33.166+0000] {dag.py:4180} INFO - Setting next_dagrun for tutorial_objectstorage to None, run_after=None
[2025-03-29T17:36:33.179+0000] {processor.py:208} INFO - Processing /home/airflow/.local/lib/python3.12/site-packages/airflow/example_dags/tutorial_objectstorage.py took 0.051 seconds
[2025-03-29T17:37:04.373+0000] {processor.py:186} INFO - Started process (PID=1416) to work on /home/airflow/.local/lib/python3.12/site-packages/airflow/example_dags/tutorial_objectstorage.py
[2025-03-29T17:37:04.374+0000] {processor.py:914} INFO - Processing file /home/airflow/.local/lib/python3.12/site-packages/airflow/example_dags/tutorial_objectstorage.py for tasks to queue
[2025-03-29T17:37:04.375+0000] {logging_mixin.py:190} INFO - [2025-03-29T17:37:04.375+0000] {dagbag.py:588} INFO - Filling up the DagBag from /home/airflow/.local/lib/python3.12/site-packages/airflow/example_dags/tutorial_objectstorage.py
[2025-03-29T17:37:04.382+0000] {processor.py:925} INFO - DAG(s) 'tutorial_objectstorage' retrieved from /home/airflow/.local/lib/python3.12/site-packages/airflow/example_dags/tutorial_objectstorage.py
[2025-03-29T17:37:04.394+0000] {logging_mixin.py:190} INFO - [2025-03-29T17:37:04.394+0000] {dag.py:3239} INFO - Sync 1 DAGs
[2025-03-29T17:37:04.404+0000] {logging_mixin.py:190} INFO - [2025-03-29T17:37:04.404+0000] {dag.py:4180} INFO - Setting next_dagrun for tutorial_objectstorage to None, run_after=None
[2025-03-29T17:37:04.417+0000] {processor.py:208} INFO - Processing /home/airflow/.local/lib/python3.12/site-packages/airflow/example_dags/tutorial_objectstorage.py took 0.047 seconds
[2025-03-29T17:37:35.402+0000] {processor.py:186} INFO - Started process (PID=1479) to work on /home/airflow/.local/lib/python3.12/site-packages/airflow/example_dags/tutorial_objectstorage.py
[2025-03-29T17:37:35.403+0000] {processor.py:914} INFO - Processing file /home/airflow/.local/lib/python3.12/site-packages/airflow/example_dags/tutorial_objectstorage.py for tasks to queue
[2025-03-29T17:37:35.404+0000] {logging_mixin.py:190} INFO - [2025-03-29T17:37:35.404+0000] {dagbag.py:588} INFO - Filling up the DagBag from /home/airflow/.local/lib/python3.12/site-packages/airflow/example_dags/tutorial_objectstorage.py
[2025-03-29T17:37:35.412+0000] {processor.py:925} INFO - DAG(s) 'tutorial_objectstorage' retrieved from /home/airflow/.local/lib/python3.12/site-packages/airflow/example_dags/tutorial_objectstorage.py
[2025-03-29T17:37:35.426+0000] {logging_mixin.py:190} INFO - [2025-03-29T17:37:35.426+0000] {dag.py:3239} INFO - Sync 1 DAGs
[2025-03-29T17:37:35.437+0000] {logging_mixin.py:190} INFO - [2025-03-29T17:37:35.437+0000] {dag.py:4180} INFO - Setting next_dagrun for tutorial_objectstorage to None, run_after=None
[2025-03-29T17:37:35.450+0000] {processor.py:208} INFO - Processing /home/airflow/.local/lib/python3.12/site-packages/airflow/example_dags/tutorial_objectstorage.py took 0.052 seconds
[2025-03-29T17:38:06.270+0000] {processor.py:186} INFO - Started process (PID=1542) to work on /home/airflow/.local/lib/python3.12/site-packages/airflow/example_dags/tutorial_objectstorage.py
[2025-03-29T17:38:06.270+0000] {processor.py:914} INFO - Processing file /home/airflow/.local/lib/python3.12/site-packages/airflow/example_dags/tutorial_objectstorage.py for tasks to queue
[2025-03-29T17:38:06.272+0000] {logging_mixin.py:190} INFO - [2025-03-29T17:38:06.271+0000] {dagbag.py:588} INFO - Filling up the DagBag from /home/airflow/.local/lib/python3.12/site-packages/airflow/example_dags/tutorial_objectstorage.py
[2025-03-29T17:38:06.277+0000] {processor.py:925} INFO - DAG(s) 'tutorial_objectstorage' retrieved from /home/airflow/.local/lib/python3.12/site-packages/airflow/example_dags/tutorial_objectstorage.py
[2025-03-29T17:38:06.291+0000] {logging_mixin.py:190} INFO - [2025-03-29T17:38:06.290+0000] {dag.py:3239} INFO - Sync 1 DAGs
[2025-03-29T17:38:06.300+0000] {logging_mixin.py:190} INFO - [2025-03-29T17:38:06.300+0000] {dag.py:4180} INFO - Setting next_dagrun for tutorial_objectstorage to None, run_after=None
[2025-03-29T17:38:06.313+0000] {processor.py:208} INFO - Processing /home/airflow/.local/lib/python3.12/site-packages/airflow/example_dags/tutorial_objectstorage.py took 0.047 seconds
[2025-03-29T17:38:37.555+0000] {processor.py:186} INFO - Started process (PID=1605) to work on /home/airflow/.local/lib/python3.12/site-packages/airflow/example_dags/tutorial_objectstorage.py
[2025-03-29T17:38:37.565+0000] {processor.py:914} INFO - Processing file /home/airflow/.local/lib/python3.12/site-packages/airflow/example_dags/tutorial_objectstorage.py for tasks to queue
[2025-03-29T17:38:37.566+0000] {logging_mixin.py:190} INFO - [2025-03-29T17:38:37.566+0000] {dagbag.py:588} INFO - Filling up the DagBag from /home/airflow/.local/lib/python3.12/site-packages/airflow/example_dags/tutorial_objectstorage.py
[2025-03-29T17:38:37.572+0000] {processor.py:925} INFO - DAG(s) 'tutorial_objectstorage' retrieved from /home/airflow/.local/lib/python3.12/site-packages/airflow/example_dags/tutorial_objectstorage.py
[2025-03-29T17:38:37.584+0000] {logging_mixin.py:190} INFO - [2025-03-29T17:38:37.583+0000] {dag.py:3239} INFO - Sync 1 DAGs
[2025-03-29T17:38:37.593+0000] {logging_mixin.py:190} INFO - [2025-03-29T17:38:37.593+0000] {dag.py:4180} INFO - Setting next_dagrun for tutorial_objectstorage to None, run_after=None
[2025-03-29T17:38:37.628+0000] {processor.py:208} INFO - Processing /home/airflow/.local/lib/python3.12/site-packages/airflow/example_dags/tutorial_objectstorage.py took 0.076 seconds
