[2025-04-04T18:46:59.479+0000] {local_task_job_runner.py:123} INFO - ::group::Pre task execution logs
[2025-04-04T18:46:59.499+0000] {taskinstance.py:2614} INFO - Dependencies all met for dep_context=non-requeueable deps ti=<TaskInstance: my_dag.my_task manual__2025-04-04T18:46:58.375703+00:00 [queued]>
[2025-04-04T18:46:59.508+0000] {taskinstance.py:2614} INFO - Dependencies all met for dep_context=requeueable deps ti=<TaskInstance: my_dag.my_task manual__2025-04-04T18:46:58.375703+00:00 [queued]>
[2025-04-04T18:46:59.508+0000] {taskinstance.py:2867} INFO - Starting attempt 1 of 1
[2025-04-04T18:46:59.522+0000] {taskinstance.py:2890} INFO - Executing <Task(PythonOperator): my_task> on 2025-04-04 18:46:58.375703+00:00
[2025-04-04T18:46:59.530+0000] {warnings.py:112} WARNING - /home/***/.local/lib/python3.12/site-packages/***/task/task_runner/standard_task_runner.py:70: DeprecationWarning: This process (pid=579) is multi-threaded, use of fork() may lead to deadlocks in the child.
  pid = os.fork()

[2025-04-04T18:46:59.531+0000] {standard_task_runner.py:72} INFO - Started process 580 to run task
[2025-04-04T18:46:59.532+0000] {standard_task_runner.py:104} INFO - Running: ['***', 'tasks', 'run', 'my_dag', 'my_task', 'manual__2025-04-04T18:46:58.375703+00:00', '--job-id', '10', '--raw', '--subdir', 'DAGS_FOLDER/example1.py', '--cfg-path', '/tmp/tmpcrorxwvd']
[2025-04-04T18:46:59.532+0000] {standard_task_runner.py:105} INFO - Job 10: Subtask my_task
[2025-04-04T18:46:59.576+0000] {task_command.py:467} INFO - Running <TaskInstance: my_dag.my_task manual__2025-04-04T18:46:58.375703+00:00 [running]> on host d494197b718d
[2025-04-04T18:46:59.660+0000] {taskinstance.py:3134} INFO - Exporting env vars: AIRFLOW_CTX_DAG_OWNER='***' AIRFLOW_CTX_DAG_ID='my_dag' AIRFLOW_CTX_TASK_ID='my_task' AIRFLOW_CTX_EXECUTION_DATE='2025-04-04T18:46:58.375703+00:00' AIRFLOW_CTX_TRY_NUMBER='1' AIRFLOW_CTX_DAG_RUN_ID='manual__2025-04-04T18:46:58.375703+00:00'
[2025-04-04T18:46:59.661+0000] {taskinstance.py:732} INFO - ::endgroup::
[2025-04-04T18:46:59.676+0000] {logging_mixin.py:190} INFO - ###################
[2025-04-04T18:46:59.677+0000] {logging_mixin.py:190} INFO - manual
[2025-04-04T18:46:59.677+0000] {logging_mixin.py:190} INFO - ###################
[2025-04-04T18:46:59.678+0000] {python.py:240} INFO - Done. Returned value was: None
[2025-04-04T18:46:59.690+0000] {taskinstance.py:341} INFO - ::group::Post task execution logs
[2025-04-04T18:46:59.690+0000] {taskinstance.py:353} INFO - Marking task as SUCCESS. dag_id=my_dag, task_id=my_task, run_id=manual__2025-04-04T18:46:58.375703+00:00, execution_date=20250404T184658, start_date=20250404T184659, end_date=20250404T184659
[2025-04-04T18:46:59.747+0000] {local_task_job_runner.py:266} INFO - Task exited with return code 0
[2025-04-04T18:46:59.828+0000] {taskinstance.py:3901} INFO - 0 downstream tasks scheduled from follow-on schedule check
[2025-04-04T18:46:59.838+0000] {local_task_job_runner.py:245} INFO - ::endgroup::
