[2025-04-04T18:25:06.701+0000] {local_task_job_runner.py:123} INFO - ::group::Pre task execution logs
[2025-04-04T18:25:06.721+0000] {taskinstance.py:2614} INFO - Dependencies all met for dep_context=non-requeueable deps ti=<TaskInstance: my_dag.my_task manual__2025-04-04T18:25:06.085962+00:00 [queued]>
[2025-04-04T18:25:06.732+0000] {taskinstance.py:2614} INFO - Dependencies all met for dep_context=requeueable deps ti=<TaskInstance: my_dag.my_task manual__2025-04-04T18:25:06.085962+00:00 [queued]>
[2025-04-04T18:25:06.733+0000] {taskinstance.py:2867} INFO - Starting attempt 1 of 1
[2025-04-04T18:25:06.749+0000] {taskinstance.py:2890} INFO - Executing <Task(PythonOperator): my_task> on 2025-04-04 18:25:06.085962+00:00
[2025-04-04T18:25:06.759+0000] {warnings.py:112} WARNING - /home/***/.local/lib/python3.12/site-packages/***/task/task_runner/standard_task_runner.py:70: DeprecationWarning: This process (pid=277) is multi-threaded, use of fork() may lead to deadlocks in the child.
  pid = os.fork()

[2025-04-04T18:25:06.761+0000] {standard_task_runner.py:72} INFO - Started process 278 to run task
[2025-04-04T18:25:06.762+0000] {standard_task_runner.py:104} INFO - Running: ['***', 'tasks', 'run', 'my_dag', 'my_task', 'manual__2025-04-04T18:25:06.085962+00:00', '--job-id', '5', '--raw', '--subdir', 'DAGS_FOLDER/example1.py', '--cfg-path', '/tmp/tmp329l5hgy']
[2025-04-04T18:25:06.763+0000] {standard_task_runner.py:105} INFO - Job 5: Subtask my_task
[2025-04-04T18:25:06.804+0000] {task_command.py:467} INFO - Running <TaskInstance: my_dag.my_task manual__2025-04-04T18:25:06.085962+00:00 [running]> on host d494197b718d
[2025-04-04T18:25:06.883+0000] {taskinstance.py:3134} INFO - Exporting env vars: AIRFLOW_CTX_DAG_OWNER='***' AIRFLOW_CTX_DAG_ID='my_dag' AIRFLOW_CTX_TASK_ID='my_task' AIRFLOW_CTX_EXECUTION_DATE='2025-04-04T18:25:06.085962+00:00' AIRFLOW_CTX_TRY_NUMBER='1' AIRFLOW_CTX_DAG_RUN_ID='manual__2025-04-04T18:25:06.085962+00:00'
[2025-04-04T18:25:06.884+0000] {taskinstance.py:732} INFO - ::endgroup::
[2025-04-04T18:25:06.898+0000] {logging_mixin.py:190} INFO - ###################
[2025-04-04T18:25:06.898+0000] {logging_mixin.py:190} INFO - manual
[2025-04-04T18:25:06.898+0000] {logging_mixin.py:190} INFO - ###################
[2025-04-04T18:25:06.899+0000] {python.py:240} INFO - Done. Returned value was: None
[2025-04-04T18:25:06.910+0000] {taskinstance.py:341} INFO - ::group::Post task execution logs
[2025-04-04T18:25:06.911+0000] {taskinstance.py:353} INFO - Marking task as SUCCESS. dag_id=my_dag, task_id=my_task, run_id=manual__2025-04-04T18:25:06.085962+00:00, execution_date=20250404T182506, start_date=20250404T182506, end_date=20250404T182506
[2025-04-04T18:25:06.976+0000] {local_task_job_runner.py:266} INFO - Task exited with return code 0
[2025-04-04T18:25:06.990+0000] {taskinstance.py:3901} INFO - 0 downstream tasks scheduled from follow-on schedule check
[2025-04-04T18:25:06.992+0000] {local_task_job_runner.py:245} INFO - ::endgroup::
