[2025-04-04T18:39:19.369+0000] {local_task_job_runner.py:123} INFO - ::group::Pre task execution logs
[2025-04-04T18:39:19.390+0000] {taskinstance.py:2614} INFO - Dependencies all met for dep_context=non-requeueable deps ti=<TaskInstance: my_dag.my_task manual__2025-04-04T18:39:18.689596+00:00 [queued]>
[2025-04-04T18:39:19.399+0000] {taskinstance.py:2614} INFO - Dependencies all met for dep_context=requeueable deps ti=<TaskInstance: my_dag.my_task manual__2025-04-04T18:39:18.689596+00:00 [queued]>
[2025-04-04T18:39:19.400+0000] {taskinstance.py:2867} INFO - Starting attempt 1 of 1
[2025-04-04T18:39:19.413+0000] {taskinstance.py:2890} INFO - Executing <Task(PythonOperator): my_task> on 2025-04-04 18:39:18.689596+00:00
[2025-04-04T18:39:19.421+0000] {warnings.py:112} WARNING - /home/***/.local/lib/python3.12/site-packages/***/task/task_runner/standard_task_runner.py:70: DeprecationWarning: This process (pid=465) is multi-threaded, use of fork() may lead to deadlocks in the child.
  pid = os.fork()

[2025-04-04T18:39:19.422+0000] {standard_task_runner.py:72} INFO - Started process 466 to run task
[2025-04-04T18:39:19.423+0000] {standard_task_runner.py:104} INFO - Running: ['***', 'tasks', 'run', 'my_dag', 'my_task', 'manual__2025-04-04T18:39:18.689596+00:00', '--job-id', '7', '--raw', '--subdir', 'DAGS_FOLDER/example1.py', '--cfg-path', '/tmp/tmpoeirg7s_']
[2025-04-04T18:39:19.424+0000] {standard_task_runner.py:105} INFO - Job 7: Subtask my_task
[2025-04-04T18:39:19.463+0000] {task_command.py:467} INFO - Running <TaskInstance: my_dag.my_task manual__2025-04-04T18:39:18.689596+00:00 [running]> on host d494197b718d
[2025-04-04T18:39:19.539+0000] {taskinstance.py:3134} INFO - Exporting env vars: AIRFLOW_CTX_DAG_OWNER='***' AIRFLOW_CTX_DAG_ID='my_dag' AIRFLOW_CTX_TASK_ID='my_task' AIRFLOW_CTX_EXECUTION_DATE='2025-04-04T18:39:18.689596+00:00' AIRFLOW_CTX_TRY_NUMBER='1' AIRFLOW_CTX_DAG_RUN_ID='manual__2025-04-04T18:39:18.689596+00:00'
[2025-04-04T18:39:19.540+0000] {taskinstance.py:732} INFO - ::endgroup::
[2025-04-04T18:39:19.552+0000] {logging_mixin.py:190} INFO - ###################
[2025-04-04T18:39:19.553+0000] {logging_mixin.py:190} INFO - manual
[2025-04-04T18:39:19.553+0000] {logging_mixin.py:190} INFO - ###################
[2025-04-04T18:39:19.553+0000] {python.py:240} INFO - Done. Returned value was: None
[2025-04-04T18:39:19.561+0000] {taskinstance.py:341} INFO - ::group::Post task execution logs
[2025-04-04T18:39:19.561+0000] {taskinstance.py:353} INFO - Marking task as SUCCESS. dag_id=my_dag, task_id=my_task, run_id=manual__2025-04-04T18:39:18.689596+00:00, execution_date=20250404T183918, start_date=20250404T183919, end_date=20250404T183919
[2025-04-04T18:39:19.596+0000] {local_task_job_runner.py:266} INFO - Task exited with return code 0
[2025-04-04T18:39:19.612+0000] {taskinstance.py:3901} INFO - 0 downstream tasks scheduled from follow-on schedule check
[2025-04-04T18:39:19.615+0000] {local_task_job_runner.py:245} INFO - ::endgroup::
