[2025-04-04T18:23:16.065+0000] {local_task_job_runner.py:123} INFO - ::group::Pre task execution logs
[2025-04-04T18:23:16.082+0000] {taskinstance.py:2614} INFO - Dependencies all met for dep_context=non-requeueable deps ti=<TaskInstance: my_dag.my_task manual__2025-04-04T18:23:14.981915+00:00 [queued]>
[2025-04-04T18:23:16.091+0000] {taskinstance.py:2614} INFO - Dependencies all met for dep_context=requeueable deps ti=<TaskInstance: my_dag.my_task manual__2025-04-04T18:23:14.981915+00:00 [queued]>
[2025-04-04T18:23:16.091+0000] {taskinstance.py:2867} INFO - Starting attempt 1 of 1
[2025-04-04T18:23:16.104+0000] {taskinstance.py:2890} INFO - Executing <Task(PythonOperator): my_task> on 2025-04-04 18:23:14.981915+00:00
[2025-04-04T18:23:16.114+0000] {warnings.py:112} WARNING - /home/***/.local/lib/python3.12/site-packages/***/task/task_runner/standard_task_runner.py:70: DeprecationWarning: This process (pid=246) is multi-threaded, use of fork() may lead to deadlocks in the child.
  pid = os.fork()

[2025-04-04T18:23:16.115+0000] {standard_task_runner.py:72} INFO - Started process 247 to run task
[2025-04-04T18:23:16.116+0000] {standard_task_runner.py:104} INFO - Running: ['***', 'tasks', 'run', 'my_dag', 'my_task', 'manual__2025-04-04T18:23:14.981915+00:00', '--job-id', '4', '--raw', '--subdir', 'DAGS_FOLDER/example1.py', '--cfg-path', '/tmp/tmpduwvvcwe']
[2025-04-04T18:23:16.116+0000] {standard_task_runner.py:105} INFO - Job 4: Subtask my_task
[2025-04-04T18:23:16.145+0000] {task_command.py:467} INFO - Running <TaskInstance: my_dag.my_task manual__2025-04-04T18:23:14.981915+00:00 [running]> on host d494197b718d
[2025-04-04T18:23:16.201+0000] {taskinstance.py:3134} INFO - Exporting env vars: AIRFLOW_CTX_DAG_OWNER='***' AIRFLOW_CTX_DAG_ID='my_dag' AIRFLOW_CTX_TASK_ID='my_task' AIRFLOW_CTX_EXECUTION_DATE='2025-04-04T18:23:14.981915+00:00' AIRFLOW_CTX_TRY_NUMBER='1' AIRFLOW_CTX_DAG_RUN_ID='manual__2025-04-04T18:23:14.981915+00:00'
[2025-04-04T18:23:16.202+0000] {taskinstance.py:732} INFO - ::endgroup::
[2025-04-04T18:23:16.212+0000] {logging_mixin.py:190} INFO - <DagRun my_dag @ 2025-04-04 18:23:14.981915+00:00: manual__2025-04-04T18:23:14.981915+00:00, state:running, queued_at: 2025-04-04 18:23:15.005085+00:00. externally triggered: True>
[2025-04-04T18:23:16.212+0000] {python.py:240} INFO - Done. Returned value was: None
[2025-04-04T18:23:16.219+0000] {taskinstance.py:341} INFO - ::group::Post task execution logs
[2025-04-04T18:23:16.219+0000] {taskinstance.py:353} INFO - Marking task as SUCCESS. dag_id=my_dag, task_id=my_task, run_id=manual__2025-04-04T18:23:14.981915+00:00, execution_date=20250404T182314, start_date=20250404T182316, end_date=20250404T182316
[2025-04-04T18:23:16.248+0000] {local_task_job_runner.py:266} INFO - Task exited with return code 0
[2025-04-04T18:23:16.261+0000] {taskinstance.py:3901} INFO - 0 downstream tasks scheduled from follow-on schedule check
[2025-04-04T18:23:16.263+0000] {local_task_job_runner.py:245} INFO - ::endgroup::
